[0.021s] Invoking command in '/home/lunabotics/TAMU_SEDS_Lunabotics/build/bringup': CMAKE_PREFIX_PATH=${CMAKE_PREFIX_PATH}:/home/lunabotics/TAMU_SEDS_Lunabotics/ros2_ws/install/drive:/home/lunabotics/TAMU_SEDS_Lunabotics/lunabotics_gnc2026/install/pathing:/home/lunabotics/TAMU_SEDS_Lunabotics/lunabotics_gnc2026/install/central_planner:/opt/ros/humble /home/lunabotics/.local/bin/cmake /home/lunabotics/TAMU_SEDS_Lunabotics/lunabotics_gnc2026/src/bringup -DCMAKE_INSTALL_PREFIX=/home/lunabotics/TAMU_SEDS_Lunabotics/install/bringup
[0.182s] -- The C compiler identification is GNU 11.4.0
[0.332s] -- The CXX compiler identification is GNU 11.4.0
[0.369s] -- Detecting C compiler ABI info
[0.525s] -- Detecting C compiler ABI info - done
[0.558s] -- Check for working C compiler: /usr/bin/cc - skipped
[0.559s] -- Detecting C compile features
[0.561s] -- Detecting C compile features - done
[0.574s] -- Detecting CXX compiler ABI info
[0.738s] -- Detecting CXX compiler ABI info - done
[0.771s] -- Check for working CXX compiler: /usr/bin/c++ - skipped
[0.773s] -- Detecting CXX compile features
[0.775s] -- Detecting CXX compile features - done
[0.793s] -- Found ament_cmake: 1.3.14 (/opt/ros/humble/share/ament_cmake/cmake)
[1.115s] -- Found Python3: /usr/bin/python3 (found version "3.10.12") found components: Interpreter 
[1.542s] -- Configuring done
[1.551s] -- Generating done
[1.556s] -- Build files have been written to: /home/lunabotics/TAMU_SEDS_Lunabotics/build/bringup
[1.580s] Invoked command in '/home/lunabotics/TAMU_SEDS_Lunabotics/build/bringup' returned '0': CMAKE_PREFIX_PATH=${CMAKE_PREFIX_PATH}:/home/lunabotics/TAMU_SEDS_Lunabotics/ros2_ws/install/drive:/home/lunabotics/TAMU_SEDS_Lunabotics/lunabotics_gnc2026/install/pathing:/home/lunabotics/TAMU_SEDS_Lunabotics/lunabotics_gnc2026/install/central_planner:/opt/ros/humble /home/lunabotics/.local/bin/cmake /home/lunabotics/TAMU_SEDS_Lunabotics/lunabotics_gnc2026/src/bringup -DCMAKE_INSTALL_PREFIX=/home/lunabotics/TAMU_SEDS_Lunabotics/install/bringup
[1.587s] Invoking command in '/home/lunabotics/TAMU_SEDS_Lunabotics/build/bringup': CMAKE_PREFIX_PATH=${CMAKE_PREFIX_PATH}:/home/lunabotics/TAMU_SEDS_Lunabotics/ros2_ws/install/drive:/home/lunabotics/TAMU_SEDS_Lunabotics/lunabotics_gnc2026/install/pathing:/home/lunabotics/TAMU_SEDS_Lunabotics/lunabotics_gnc2026/install/central_planner:/opt/ros/humble /home/lunabotics/.local/bin/cmake --build /home/lunabotics/TAMU_SEDS_Lunabotics/build/bringup -- -j6 -l6
[1.700s] Invoked command in '/home/lunabotics/TAMU_SEDS_Lunabotics/build/bringup' returned '0': CMAKE_PREFIX_PATH=${CMAKE_PREFIX_PATH}:/home/lunabotics/TAMU_SEDS_Lunabotics/ros2_ws/install/drive:/home/lunabotics/TAMU_SEDS_Lunabotics/lunabotics_gnc2026/install/pathing:/home/lunabotics/TAMU_SEDS_Lunabotics/lunabotics_gnc2026/install/central_planner:/opt/ros/humble /home/lunabotics/.local/bin/cmake --build /home/lunabotics/TAMU_SEDS_Lunabotics/build/bringup -- -j6 -l6
[1.786s] Invoking command in '/home/lunabotics/TAMU_SEDS_Lunabotics/build/bringup': CMAKE_PREFIX_PATH=${CMAKE_PREFIX_PATH}:/home/lunabotics/TAMU_SEDS_Lunabotics/ros2_ws/install/drive:/home/lunabotics/TAMU_SEDS_Lunabotics/lunabotics_gnc2026/install/pathing:/home/lunabotics/TAMU_SEDS_Lunabotics/lunabotics_gnc2026/install/central_planner:/opt/ros/humble /home/lunabotics/.local/bin/cmake --install /home/lunabotics/TAMU_SEDS_Lunabotics/build/bringup
[1.854s] -- Install configuration: ""
[1.855s] -- Installing: /home/lunabotics/TAMU_SEDS_Lunabotics/install/bringup/share/bringup/launch
[1.855s] -- Installing: /home/lunabotics/TAMU_SEDS_Lunabotics/install/bringup/share/bringup/launch/bridge.launch.py
[1.856s] -- Installing: /home/lunabotics/TAMU_SEDS_Lunabotics/install/bringup/share/bringup/launch/control.launch.py
[1.857s] -- Installing: /home/lunabotics/TAMU_SEDS_Lunabotics/install/bringup/share/bringup/launch/sim_simple.launch.py
[1.858s] -- Installing: /home/lunabotics/TAMU_SEDS_Lunabotics/install/bringup/share/bringup/launch/nav.launch.py
[1.858s] -- Installing: /home/lunabotics/TAMU_SEDS_Lunabotics/install/bringup/share/bringup/launch/static.launch.py
[1.859s] -- Installing: /home/lunabotics/TAMU_SEDS_Lunabotics/install/bringup/share/bringup/launch/sim_ucf.launch.py
[1.859s] -- Installing: /home/lunabotics/TAMU_SEDS_Lunabotics/install/bringup/share/bringup/launch/all.launch.py
[1.860s] -- Installing: /home/lunabotics/TAMU_SEDS_Lunabotics/install/bringup/share/bringup/launch/sim_camera.launch.py
[1.861s] -- Installing: /home/lunabotics/TAMU_SEDS_Lunabotics/install/bringup/share/bringup/launch/sim_lidar.launch.py
[1.862s] -- Installing: /home/lunabotics/TAMU_SEDS_Lunabotics/install/bringup/share/bringup/rviz
[1.862s] -- Installing: /home/lunabotics/TAMU_SEDS_Lunabotics/install/bringup/share/bringup/rviz/lidar_view.rviz
[1.863s] -- Installing: /home/lunabotics/TAMU_SEDS_Lunabotics/install/bringup/share/bringup/rviz/camera_view.rviz
[1.864s] -- Installing: /home/lunabotics/TAMU_SEDS_Lunabotics/install/bringup/share/ament_index/resource_index/package_run_dependencies/bringup
[1.865s] -- Installing: /home/lunabotics/TAMU_SEDS_Lunabotics/install/bringup/share/ament_index/resource_index/parent_prefix_path/bringup
[1.865s] -- Installing: /home/lunabotics/TAMU_SEDS_Lunabotics/install/bringup/share/bringup/environment/ament_prefix_path.sh
[1.866s] -- Installing: /home/lunabotics/TAMU_SEDS_Lunabotics/install/bringup/share/bringup/environment/ament_prefix_path.dsv
[1.866s] -- Installing: /home/lunabotics/TAMU_SEDS_Lunabotics/install/bringup/share/bringup/environment/path.sh
[1.867s] -- Installing: /home/lunabotics/TAMU_SEDS_Lunabotics/install/bringup/share/bringup/environment/path.dsv
[1.867s] -- Installing: /home/lunabotics/TAMU_SEDS_Lunabotics/install/bringup/share/bringup/local_setup.bash
[1.867s] -- Installing: /home/lunabotics/TAMU_SEDS_Lunabotics/install/bringup/share/bringup/local_setup.sh
[1.868s] -- Installing: /home/lunabotics/TAMU_SEDS_Lunabotics/install/bringup/share/bringup/local_setup.zsh
[1.868s] -- Installing: /home/lunabotics/TAMU_SEDS_Lunabotics/install/bringup/share/bringup/local_setup.dsv
[1.868s] -- Installing: /home/lunabotics/TAMU_SEDS_Lunabotics/install/bringup/share/bringup/package.dsv
[1.869s] -- Installing: /home/lunabotics/TAMU_SEDS_Lunabotics/install/bringup/share/ament_index/resource_index/packages/bringup
[1.869s] -- Installing: /home/lunabotics/TAMU_SEDS_Lunabotics/install/bringup/share/bringup/cmake/bringupConfig.cmake
[1.870s] -- Installing: /home/lunabotics/TAMU_SEDS_Lunabotics/install/bringup/share/bringup/cmake/bringupConfig-version.cmake
[1.870s] -- Installing: /home/lunabotics/TAMU_SEDS_Lunabotics/install/bringup/share/bringup/package.xml
[1.891s] Invoked command in '/home/lunabotics/TAMU_SEDS_Lunabotics/build/bringup' returned '0': CMAKE_PREFIX_PATH=${CMAKE_PREFIX_PATH}:/home/lunabotics/TAMU_SEDS_Lunabotics/ros2_ws/install/drive:/home/lunabotics/TAMU_SEDS_Lunabotics/lunabotics_gnc2026/install/pathing:/home/lunabotics/TAMU_SEDS_Lunabotics/lunabotics_gnc2026/install/central_planner:/opt/ros/humble /home/lunabotics/.local/bin/cmake --install /home/lunabotics/TAMU_SEDS_Lunabotics/build/bringup
