[0.418s] DEBUG:colcon:Command line arguments: ['/usr/bin/colcon', 'build', '--packages-select', 'orbbec_camera', '--cmake-args', '-DCMAKE_BUILD_TYPE=Release', '-DCMAKE_SYSTEM_PROCESSOR=aarch64']
[0.419s] DEBUG:colcon:Parsed command line arguments: Namespace(log_base=None, log_level=None, verb_name='build', build_base='build', install_base='install', merge_install=False, symlink_install=False, test_result_base=None, continue_on_error=False, executor='parallel', parallel_workers=6, event_handlers=None, ignore_user_meta=False, metas=['./colcon.meta'], base_paths=['.'], packages_ignore=None, packages_ignore_regex=None, paths=None, packages_up_to=None, packages_up_to_regex=None, packages_above=None, packages_above_and_dependencies=None, packages_above_depth=None, packages_select_by_dep=None, packages_skip_by_dep=None, packages_skip_up_to=None, packages_select_build_failed=False, packages_skip_build_finished=False, packages_select_test_failures=False, packages_skip_test_passed=False, packages_select=['orbbec_camera'], packages_skip=None, packages_select_regex=None, packages_skip_regex=None, packages_start=None, packages_end=None, allow_overriding=[], cmake_args=['-DCMAKE_BUILD_TYPE=Release', '-DCMAKE_SYSTEM_PROCESSOR=aarch64'], cmake_target=None, cmake_target_skip_unavailable=False, cmake_clean_cache=False, cmake_clean_first=False, cmake_force_configure=False, ament_cmake_args=None, catkin_cmake_args=None, catkin_skip_building_tests=False, verb_parser=<colcon_defaults.argument_parser.defaults.DefaultArgumentsDecorator object at 0xffffb4e615a0>, verb_extension=<colcon_core.verb.build.BuildVerb object at 0xffffb4e61090>, main=<bound method BuildVerb.main of <colcon_core.verb.build.BuildVerb object at 0xffffb4e61090>>)
[1.322s] Level 1:colcon.colcon_core.package_discovery:discover_packages(colcon_meta) check parameters
[1.323s] Level 1:colcon.colcon_core.package_discovery:discover_packages(recursive) check parameters
[1.323s] Level 1:colcon.colcon_core.package_discovery:discover_packages(ignore) check parameters
[1.323s] Level 1:colcon.colcon_core.package_discovery:discover_packages(path) check parameters
[1.323s] Level 1:colcon.colcon_core.package_discovery:discover_packages(colcon_meta) discover
[1.324s] Level 1:colcon.colcon_core.package_discovery:discover_packages(recursive) discover
[1.324s] INFO:colcon.colcon_core.package_discovery:Crawling recursively for packages in '/home/lunabotics/TAMU_SEDS_Lunabotics/ros2_ws'
[1.324s] Level 1:colcon.colcon_core.package_identification:_identify(.) by extensions ['ignore', 'ignore_ament_install']
[1.324s] Level 1:colcon.colcon_core.package_identification:_identify(.) by extension 'ignore'
[1.324s] Level 1:colcon.colcon_core.package_identification:_identify(.) by extension 'ignore_ament_install'
[1.325s] Level 1:colcon.colcon_core.package_identification:_identify(.) by extensions ['colcon_pkg']
[1.325s] Level 1:colcon.colcon_core.package_identification:_identify(.) by extension 'colcon_pkg'
[1.325s] Level 1:colcon.colcon_core.package_identification:_identify(.) by extensions ['colcon_meta']
[1.325s] Level 1:colcon.colcon_core.package_identification:_identify(.) by extension 'colcon_meta'
[1.325s] Level 1:colcon.colcon_core.package_identification:_identify(.) by extensions ['ros']
[1.325s] Level 1:colcon.colcon_core.package_identification:_identify(.) by extension 'ros'
[1.366s] Level 1:colcon.colcon_core.package_identification:_identify(.) by extensions ['cmake', 'python']
[1.366s] Level 1:colcon.colcon_core.package_identification:_identify(.) by extension 'cmake'
[1.366s] Level 1:colcon.colcon_core.package_identification:_identify(.) by extension 'python'
[1.366s] Level 1:colcon.colcon_core.package_identification:_identify(.) by extensions ['python_setup_py']
[1.367s] Level 1:colcon.colcon_core.package_identification:_identify(.) by extension 'python_setup_py'
[1.367s] Level 1:colcon.colcon_core.package_identification:_identify(build) by extensions ['ignore', 'ignore_ament_install']
[1.367s] Level 1:colcon.colcon_core.package_identification:_identify(build) by extension 'ignore'
[1.367s] Level 1:colcon.colcon_core.package_identification:_identify(build) ignored
[1.368s] Level 1:colcon.colcon_core.package_identification:_identify(install) by extensions ['ignore', 'ignore_ament_install']
[1.368s] Level 1:colcon.colcon_core.package_identification:_identify(install) by extension 'ignore'
[1.368s] Level 1:colcon.colcon_core.package_identification:_identify(install) ignored
[1.369s] Level 1:colcon.colcon_core.package_identification:_identify(log) by extensions ['ignore', 'ignore_ament_install']
[1.369s] Level 1:colcon.colcon_core.package_identification:_identify(log) by extension 'ignore'
[1.369s] Level 1:colcon.colcon_core.package_identification:_identify(log) ignored
[1.369s] Level 1:colcon.colcon_core.package_identification:_identify(oldbuild) by extensions ['ignore', 'ignore_ament_install']
[1.369s] Level 1:colcon.colcon_core.package_identification:_identify(oldbuild) by extension 'ignore'
[1.369s] Level 1:colcon.colcon_core.package_identification:_identify(oldbuild) ignored
[1.370s] Level 1:colcon.colcon_core.package_identification:_identify(oldlog) by extensions ['ignore', 'ignore_ament_install']
[1.370s] Level 1:colcon.colcon_core.package_identification:_identify(oldlog) by extension 'ignore'
[1.370s] Level 1:colcon.colcon_core.package_identification:_identify(oldlog) ignored
[1.370s] Level 1:colcon.colcon_core.package_identification:_identify(src) by extensions ['ignore', 'ignore_ament_install']
[1.371s] Level 1:colcon.colcon_core.package_identification:_identify(src) by extension 'ignore'
[1.371s] Level 1:colcon.colcon_core.package_identification:_identify(src) by extension 'ignore_ament_install'
[1.371s] Level 1:colcon.colcon_core.package_identification:_identify(src) by extensions ['colcon_pkg']
[1.371s] Level 1:colcon.colcon_core.package_identification:_identify(src) by extension 'colcon_pkg'
[1.371s] Level 1:colcon.colcon_core.package_identification:_identify(src) by extensions ['colcon_meta']
[1.372s] Level 1:colcon.colcon_core.package_identification:_identify(src) by extension 'colcon_meta'
[1.372s] Level 1:colcon.colcon_core.package_identification:_identify(src) by extensions ['ros']
[1.372s] Level 1:colcon.colcon_core.package_identification:_identify(src) by extension 'ros'
[1.372s] Level 1:colcon.colcon_core.package_identification:_identify(src) by extensions ['cmake', 'python']
[1.372s] Level 1:colcon.colcon_core.package_identification:_identify(src) by extension 'cmake'
[1.372s] Level 1:colcon.colcon_core.package_identification:_identify(src) by extension 'python'
[1.372s] Level 1:colcon.colcon_core.package_identification:_identify(src) by extensions ['python_setup_py']
[1.372s] Level 1:colcon.colcon_core.package_identification:_identify(src) by extension 'python_setup_py'
[1.373s] Level 1:colcon.colcon_core.package_identification:_identify(src/OrbbecSDK_ROS2) by extensions ['ignore', 'ignore_ament_install']
[1.373s] Level 1:colcon.colcon_core.package_identification:_identify(src/OrbbecSDK_ROS2) by extension 'ignore'
[1.373s] Level 1:colcon.colcon_core.package_identification:_identify(src/OrbbecSDK_ROS2) by extension 'ignore_ament_install'
[1.373s] Level 1:colcon.colcon_core.package_identification:_identify(src/OrbbecSDK_ROS2) by extensions ['colcon_pkg']
[1.373s] Level 1:colcon.colcon_core.package_identification:_identify(src/OrbbecSDK_ROS2) by extension 'colcon_pkg'
[1.373s] Level 1:colcon.colcon_core.package_identification:_identify(src/OrbbecSDK_ROS2) by extensions ['colcon_meta']
[1.373s] Level 1:colcon.colcon_core.package_identification:_identify(src/OrbbecSDK_ROS2) by extension 'colcon_meta'
[1.374s] Level 1:colcon.colcon_core.package_identification:_identify(src/OrbbecSDK_ROS2) by extensions ['ros']
[1.374s] Level 1:colcon.colcon_core.package_identification:_identify(src/OrbbecSDK_ROS2) by extension 'ros'
[1.374s] Level 1:colcon.colcon_core.package_identification:_identify(src/OrbbecSDK_ROS2) by extensions ['cmake', 'python']
[1.374s] Level 1:colcon.colcon_core.package_identification:_identify(src/OrbbecSDK_ROS2) by extension 'cmake'
[1.374s] Level 1:colcon.colcon_core.package_identification:_identify(src/OrbbecSDK_ROS2) by extension 'python'
[1.374s] Level 1:colcon.colcon_core.package_identification:_identify(src/OrbbecSDK_ROS2) by extensions ['python_setup_py']
[1.374s] Level 1:colcon.colcon_core.package_identification:_identify(src/OrbbecSDK_ROS2) by extension 'python_setup_py'
[1.375s] Level 1:colcon.colcon_core.package_identification:_identify(src/OrbbecSDK_ROS2/orbbec_camera) by extensions ['ignore', 'ignore_ament_install']
[1.375s] Level 1:colcon.colcon_core.package_identification:_identify(src/OrbbecSDK_ROS2/orbbec_camera) by extension 'ignore'
[1.375s] Level 1:colcon.colcon_core.package_identification:_identify(src/OrbbecSDK_ROS2/orbbec_camera) by extension 'ignore_ament_install'
[1.375s] Level 1:colcon.colcon_core.package_identification:_identify(src/OrbbecSDK_ROS2/orbbec_camera) by extensions ['colcon_pkg']
[1.375s] Level 1:colcon.colcon_core.package_identification:_identify(src/OrbbecSDK_ROS2/orbbec_camera) by extension 'colcon_pkg'
[1.375s] Level 1:colcon.colcon_core.package_identification:_identify(src/OrbbecSDK_ROS2/orbbec_camera) by extensions ['colcon_meta']
[1.375s] Level 1:colcon.colcon_core.package_identification:_identify(src/OrbbecSDK_ROS2/orbbec_camera) by extension 'colcon_meta'
[1.375s] Level 1:colcon.colcon_core.package_identification:_identify(src/OrbbecSDK_ROS2/orbbec_camera) by extensions ['ros']
[1.376s] Level 1:colcon.colcon_core.package_identification:_identify(src/OrbbecSDK_ROS2/orbbec_camera) by extension 'ros'
[1.390s] DEBUG:colcon.colcon_core.package_identification:Package 'src/OrbbecSDK_ROS2/orbbec_camera' with type 'ros.ament_cmake' and name 'orbbec_camera'
[1.391s] Level 1:colcon.colcon_core.package_identification:_identify(src/OrbbecSDK_ROS2/orbbec_camera_msgs) by extensions ['ignore', 'ignore_ament_install']
[1.391s] Level 1:colcon.colcon_core.package_identification:_identify(src/OrbbecSDK_ROS2/orbbec_camera_msgs) by extension 'ignore'
[1.391s] Level 1:colcon.colcon_core.package_identification:_identify(src/OrbbecSDK_ROS2/orbbec_camera_msgs) by extension 'ignore_ament_install'
[1.391s] Level 1:colcon.colcon_core.package_identification:_identify(src/OrbbecSDK_ROS2/orbbec_camera_msgs) by extensions ['colcon_pkg']
[1.391s] Level 1:colcon.colcon_core.package_identification:_identify(src/OrbbecSDK_ROS2/orbbec_camera_msgs) by extension 'colcon_pkg'
[1.392s] Level 1:colcon.colcon_core.package_identification:_identify(src/OrbbecSDK_ROS2/orbbec_camera_msgs) by extensions ['colcon_meta']
[1.392s] Level 1:colcon.colcon_core.package_identification:_identify(src/OrbbecSDK_ROS2/orbbec_camera_msgs) by extension 'colcon_meta'
[1.392s] Level 1:colcon.colcon_core.package_identification:_identify(src/OrbbecSDK_ROS2/orbbec_camera_msgs) by extensions ['ros']
[1.392s] Level 1:colcon.colcon_core.package_identification:_identify(src/OrbbecSDK_ROS2/orbbec_camera_msgs) by extension 'ros'
[1.393s] DEBUG:colcon.colcon_core.package_identification:Package 'src/OrbbecSDK_ROS2/orbbec_camera_msgs' with type 'ros.ament_cmake' and name 'orbbec_camera_msgs'
[1.394s] Level 1:colcon.colcon_core.package_identification:_identify(src/OrbbecSDK_ROS2/orbbec_description) by extensions ['ignore', 'ignore_ament_install']
[1.394s] Level 1:colcon.colcon_core.package_identification:_identify(src/OrbbecSDK_ROS2/orbbec_description) by extension 'ignore'
[1.394s] Level 1:colcon.colcon_core.package_identification:_identify(src/OrbbecSDK_ROS2/orbbec_description) by extension 'ignore_ament_install'
[1.394s] Level 1:colcon.colcon_core.package_identification:_identify(src/OrbbecSDK_ROS2/orbbec_description) by extensions ['colcon_pkg']
[1.394s] Level 1:colcon.colcon_core.package_identification:_identify(src/OrbbecSDK_ROS2/orbbec_description) by extension 'colcon_pkg'
[1.394s] Level 1:colcon.colcon_core.package_identification:_identify(src/OrbbecSDK_ROS2/orbbec_description) by extensions ['colcon_meta']
[1.394s] Level 1:colcon.colcon_core.package_identification:_identify(src/OrbbecSDK_ROS2/orbbec_description) by extension 'colcon_meta'
[1.395s] Level 1:colcon.colcon_core.package_identification:_identify(src/OrbbecSDK_ROS2/orbbec_description) by extensions ['ros']
[1.395s] Level 1:colcon.colcon_core.package_identification:_identify(src/OrbbecSDK_ROS2/orbbec_description) by extension 'ros'
[1.396s] DEBUG:colcon.colcon_core.package_identification:Package 'src/OrbbecSDK_ROS2/orbbec_description' with type 'ros.ament_cmake' and name 'orbbec_description'
[1.396s] Level 1:colcon.colcon_core.package_identification:_identify(src/cpp_pubsub) by extensions ['ignore', 'ignore_ament_install']
[1.396s] Level 1:colcon.colcon_core.package_identification:_identify(src/cpp_pubsub) by extension 'ignore'
[1.396s] Level 1:colcon.colcon_core.package_identification:_identify(src/cpp_pubsub) by extension 'ignore_ament_install'
[1.397s] Level 1:colcon.colcon_core.package_identification:_identify(src/cpp_pubsub) by extensions ['colcon_pkg']
[1.397s] Level 1:colcon.colcon_core.package_identification:_identify(src/cpp_pubsub) by extension 'colcon_pkg'
[1.397s] Level 1:colcon.colcon_core.package_identification:_identify(src/cpp_pubsub) by extensions ['colcon_meta']
[1.397s] Level 1:colcon.colcon_core.package_identification:_identify(src/cpp_pubsub) by extension 'colcon_meta'
[1.397s] Level 1:colcon.colcon_core.package_identification:_identify(src/cpp_pubsub) by extensions ['ros']
[1.397s] Level 1:colcon.colcon_core.package_identification:_identify(src/cpp_pubsub) by extension 'ros'
[1.402s] DEBUG:colcon.colcon_core.package_identification:Package 'src/cpp_pubsub' with type 'ros.ament_cmake' and name 'cpp_pubsub'
[1.402s] Level 1:colcon.colcon_core.package_identification:_identify(src/cpp_srvcli) by extensions ['ignore', 'ignore_ament_install']
[1.402s] Level 1:colcon.colcon_core.package_identification:_identify(src/cpp_srvcli) by extension 'ignore'
[1.402s] Level 1:colcon.colcon_core.package_identification:_identify(src/cpp_srvcli) by extension 'ignore_ament_install'
[1.403s] Level 1:colcon.colcon_core.package_identification:_identify(src/cpp_srvcli) by extensions ['colcon_pkg']
[1.403s] Level 1:colcon.colcon_core.package_identification:_identify(src/cpp_srvcli) by extension 'colcon_pkg'
[1.403s] Level 1:colcon.colcon_core.package_identification:_identify(src/cpp_srvcli) by extensions ['colcon_meta']
[1.403s] Level 1:colcon.colcon_core.package_identification:_identify(src/cpp_srvcli) by extension 'colcon_meta'
[1.403s] Level 1:colcon.colcon_core.package_identification:_identify(src/cpp_srvcli) by extensions ['ros']
[1.403s] Level 1:colcon.colcon_core.package_identification:_identify(src/cpp_srvcli) by extension 'ros'
[1.405s] DEBUG:colcon.colcon_core.package_identification:Package 'src/cpp_srvcli' with type 'ros.ament_cmake' and name 'cpp_srvcli'
[1.406s] Level 1:colcon.colcon_core.package_identification:_identify(src/drive) by extensions ['ignore', 'ignore_ament_install']
[1.406s] Level 1:colcon.colcon_core.package_identification:_identify(src/drive) by extension 'ignore'
[1.406s] Level 1:colcon.colcon_core.package_identification:_identify(src/drive) by extension 'ignore_ament_install'
[1.406s] Level 1:colcon.colcon_core.package_identification:_identify(src/drive) by extensions ['colcon_pkg']
[1.406s] Level 1:colcon.colcon_core.package_identification:_identify(src/drive) by extension 'colcon_pkg'
[1.406s] Level 1:colcon.colcon_core.package_identification:_identify(src/drive) by extensions ['colcon_meta']
[1.407s] Level 1:colcon.colcon_core.package_identification:_identify(src/drive) by extension 'colcon_meta'
[1.407s] Level 1:colcon.colcon_core.package_identification:_identify(src/drive) by extensions ['ros']
[1.407s] Level 1:colcon.colcon_core.package_identification:_identify(src/drive) by extension 'ros'
[1.409s] DEBUG:colcon.colcon_core.package_identification:Package 'src/drive' with type 'ros.ament_python' and name 'drive'
[1.409s] Level 1:colcon.colcon_core.package_identification:_identify(src/kiss-icp) by extensions ['ignore', 'ignore_ament_install']
[1.409s] Level 1:colcon.colcon_core.package_identification:_identify(src/kiss-icp) by extension 'ignore'
[1.410s] Level 1:colcon.colcon_core.package_identification:_identify(src/kiss-icp) by extension 'ignore_ament_install'
[1.410s] Level 1:colcon.colcon_core.package_identification:_identify(src/kiss-icp) by extensions ['colcon_pkg']
[1.410s] Level 1:colcon.colcon_core.package_identification:_identify(src/kiss-icp) by extension 'colcon_pkg'
[1.410s] Level 1:colcon.colcon_core.package_identification:_identify(src/kiss-icp) by extensions ['colcon_meta']
[1.410s] Level 1:colcon.colcon_core.package_identification:_identify(src/kiss-icp) by extension 'colcon_meta'
[1.410s] Level 1:colcon.colcon_core.package_identification:_identify(src/kiss-icp) by extensions ['ros']
[1.410s] Level 1:colcon.colcon_core.package_identification:_identify(src/kiss-icp) by extension 'ros'
[1.411s] Level 1:colcon.colcon_core.package_identification:_identify(src/kiss-icp) by extensions ['cmake', 'python']
[1.411s] Level 1:colcon.colcon_core.package_identification:_identify(src/kiss-icp) by extension 'cmake'
[1.411s] Level 1:colcon.colcon_core.package_identification:_identify(src/kiss-icp) by extension 'python'
[1.411s] Level 1:colcon.colcon_core.package_identification:_identify(src/kiss-icp) by extensions ['python_setup_py']
[1.411s] Level 1:colcon.colcon_core.package_identification:_identify(src/kiss-icp) by extension 'python_setup_py'
[1.412s] Level 1:colcon.colcon_core.package_identification:_identify(src/kiss-icp/build) by extensions ['ignore', 'ignore_ament_install']
[1.412s] Level 1:colcon.colcon_core.package_identification:_identify(src/kiss-icp/build) by extension 'ignore'
[1.415s] Level 1:colcon.colcon_core.package_identification:_identify(src/kiss-icp/build) ignored
[1.416s] Level 1:colcon.colcon_core.package_identification:_identify(src/kiss-icp/config) by extensions ['ignore', 'ignore_ament_install']
[1.416s] Level 1:colcon.colcon_core.package_identification:_identify(src/kiss-icp/config) by extension 'ignore'
[1.416s] Level 1:colcon.colcon_core.package_identification:_identify(src/kiss-icp/config) by extension 'ignore_ament_install'
[1.416s] Level 1:colcon.colcon_core.package_identification:_identify(src/kiss-icp/config) by extensions ['colcon_pkg']
[1.416s] Level 1:colcon.colcon_core.package_identification:_identify(src/kiss-icp/config) by extension 'colcon_pkg'
[1.417s] Level 1:colcon.colcon_core.package_identification:_identify(src/kiss-icp/config) by extensions ['colcon_meta']
[1.417s] Level 1:colcon.colcon_core.package_identification:_identify(src/kiss-icp/config) by extension 'colcon_meta'
[1.417s] Level 1:colcon.colcon_core.package_identification:_identify(src/kiss-icp/config) by extensions ['ros']
[1.417s] Level 1:colcon.colcon_core.package_identification:_identify(src/kiss-icp/config) by extension 'ros'
[1.417s] Level 1:colcon.colcon_core.package_identification:_identify(src/kiss-icp/config) by extensions ['cmake', 'python']
[1.417s] Level 1:colcon.colcon_core.package_identification:_identify(src/kiss-icp/config) by extension 'cmake'
[1.417s] Level 1:colcon.colcon_core.package_identification:_identify(src/kiss-icp/config) by extension 'python'
[1.418s] Level 1:colcon.colcon_core.package_identification:_identify(src/kiss-icp/config) by extensions ['python_setup_py']
[1.418s] Level 1:colcon.colcon_core.package_identification:_identify(src/kiss-icp/config) by extension 'python_setup_py'
[1.418s] Level 1:colcon.colcon_core.package_identification:_identify(src/kiss-icp/cpp) by extensions ['ignore', 'ignore_ament_install']
[1.418s] Level 1:colcon.colcon_core.package_identification:_identify(src/kiss-icp/cpp) by extension 'ignore'
[1.419s] Level 1:colcon.colcon_core.package_identification:_identify(src/kiss-icp/cpp) ignored
[1.419s] Level 1:colcon.colcon_core.package_identification:_identify(src/kiss-icp/eval) by extensions ['ignore', 'ignore_ament_install']
[1.419s] Level 1:colcon.colcon_core.package_identification:_identify(src/kiss-icp/eval) by extension 'ignore'
[1.420s] Level 1:colcon.colcon_core.package_identification:_identify(src/kiss-icp/eval) by extension 'ignore_ament_install'
[1.420s] Level 1:colcon.colcon_core.package_identification:_identify(src/kiss-icp/eval) by extensions ['colcon_pkg']
[1.420s] Level 1:colcon.colcon_core.package_identification:_identify(src/kiss-icp/eval) by extension 'colcon_pkg'
[1.420s] Level 1:colcon.colcon_core.package_identification:_identify(src/kiss-icp/eval) by extensions ['colcon_meta']
[1.420s] Level 1:colcon.colcon_core.package_identification:_identify(src/kiss-icp/eval) by extension 'colcon_meta'
[1.420s] Level 1:colcon.colcon_core.package_identification:_identify(src/kiss-icp/eval) by extensions ['ros']
[1.420s] Level 1:colcon.colcon_core.package_identification:_identify(src/kiss-icp/eval) by extension 'ros'
[1.420s] Level 1:colcon.colcon_core.package_identification:_identify(src/kiss-icp/eval) by extensions ['cmake', 'python']
[1.421s] Level 1:colcon.colcon_core.package_identification:_identify(src/kiss-icp/eval) by extension 'cmake'
[1.421s] Level 1:colcon.colcon_core.package_identification:_identify(src/kiss-icp/eval) by extension 'python'
[1.421s] Level 1:colcon.colcon_core.package_identification:_identify(src/kiss-icp/eval) by extensions ['python_setup_py']
[1.421s] Level 1:colcon.colcon_core.package_identification:_identify(src/kiss-icp/eval) by extension 'python_setup_py'
[1.422s] Level 1:colcon.colcon_core.package_identification:_identify(src/kiss-icp/install) by extensions ['ignore', 'ignore_ament_install']
[1.422s] Level 1:colcon.colcon_core.package_identification:_identify(src/kiss-icp/install) by extension 'ignore'
[1.422s] Level 1:colcon.colcon_core.package_identification:_identify(src/kiss-icp/install) ignored
[1.423s] Level 1:colcon.colcon_core.package_identification:_identify(src/kiss-icp/log) by extensions ['ignore', 'ignore_ament_install']
[1.423s] Level 1:colcon.colcon_core.package_identification:_identify(src/kiss-icp/log) by extension 'ignore'
[1.423s] Level 1:colcon.colcon_core.package_identification:_identify(src/kiss-icp/log) ignored
[1.424s] Level 1:colcon.colcon_core.package_identification:_identify(src/kiss-icp/python) by extensions ['ignore', 'ignore_ament_install']
[1.424s] Level 1:colcon.colcon_core.package_identification:_identify(src/kiss-icp/python) by extension 'ignore'
[1.424s] Level 1:colcon.colcon_core.package_identification:_identify(src/kiss-icp/python) ignored
[1.425s] Level 1:colcon.colcon_core.package_identification:_identify(src/kiss-icp/ros) by extensions ['ignore', 'ignore_ament_install']
[1.425s] Level 1:colcon.colcon_core.package_identification:_identify(src/kiss-icp/ros) by extension 'ignore'
[1.425s] Level 1:colcon.colcon_core.package_identification:_identify(src/kiss-icp/ros) by extension 'ignore_ament_install'
[1.425s] Level 1:colcon.colcon_core.package_identification:_identify(src/kiss-icp/ros) by extensions ['colcon_pkg']
[1.425s] Level 1:colcon.colcon_core.package_identification:_identify(src/kiss-icp/ros) by extension 'colcon_pkg'
[1.425s] Level 1:colcon.colcon_core.package_identification:_identify(src/kiss-icp/ros) by extensions ['colcon_meta']
[1.425s] Level 1:colcon.colcon_core.package_identification:_identify(src/kiss-icp/ros) by extension 'colcon_meta'
[1.426s] Level 1:colcon.colcon_core.package_identification:_identify(src/kiss-icp/ros) by extensions ['ros']
[1.426s] Level 1:colcon.colcon_core.package_identification:_identify(src/kiss-icp/ros) by extension 'ros'
[1.429s] DEBUG:colcon.colcon_core.package_identification:Package 'src/kiss-icp/ros' with type 'ros.ament_cmake' and name 'kiss_icp'
[1.430s] Level 1:colcon.colcon_core.package_identification:_identify(src/pico_2nd_pck) by extensions ['ignore', 'ignore_ament_install']
[1.430s] Level 1:colcon.colcon_core.package_identification:_identify(src/pico_2nd_pck) by extension 'ignore'
[1.430s] Level 1:colcon.colcon_core.package_identification:_identify(src/pico_2nd_pck) by extension 'ignore_ament_install'
[1.430s] Level 1:colcon.colcon_core.package_identification:_identify(src/pico_2nd_pck) by extensions ['colcon_pkg']
[1.430s] Level 1:colcon.colcon_core.package_identification:_identify(src/pico_2nd_pck) by extension 'colcon_pkg'
[1.430s] Level 1:colcon.colcon_core.package_identification:_identify(src/pico_2nd_pck) by extensions ['colcon_meta']
[1.431s] Level 1:colcon.colcon_core.package_identification:_identify(src/pico_2nd_pck) by extension 'colcon_meta'
[1.431s] Level 1:colcon.colcon_core.package_identification:_identify(src/pico_2nd_pck) by extensions ['ros']
[1.431s] Level 1:colcon.colcon_core.package_identification:_identify(src/pico_2nd_pck) by extension 'ros'
[1.433s] DEBUG:colcon.colcon_core.package_identification:Package 'src/pico_2nd_pck' with type 'ros.ament_python' and name 'pico_2nd_pck'
[1.433s] Level 1:colcon.colcon_core.package_identification:_identify(src/pico_motor_control) by extensions ['ignore', 'ignore_ament_install']
[1.433s] Level 1:colcon.colcon_core.package_identification:_identify(src/pico_motor_control) by extension 'ignore'
[1.433s] Level 1:colcon.colcon_core.package_identification:_identify(src/pico_motor_control) by extension 'ignore_ament_install'
[1.434s] Level 1:colcon.colcon_core.package_identification:_identify(src/pico_motor_control) by extensions ['colcon_pkg']
[1.434s] Level 1:colcon.colcon_core.package_identification:_identify(src/pico_motor_control) by extension 'colcon_pkg'
[1.434s] Level 1:colcon.colcon_core.package_identification:_identify(src/pico_motor_control) by extensions ['colcon_meta']
[1.434s] Level 1:colcon.colcon_core.package_identification:_identify(src/pico_motor_control) by extension 'colcon_meta'
[1.434s] Level 1:colcon.colcon_core.package_identification:_identify(src/pico_motor_control) by extensions ['ros']
[1.434s] Level 1:colcon.colcon_core.package_identification:_identify(src/pico_motor_control) by extension 'ros'
[1.436s] DEBUG:colcon.colcon_core.package_identification:Package 'src/pico_motor_control' with type 'ros.ament_python' and name 'pico_motor_control'
[1.436s] Level 1:colcon.colcon_core.package_identification:_identify(src/sensors) by extensions ['ignore', 'ignore_ament_install']
[1.437s] Level 1:colcon.colcon_core.package_identification:_identify(src/sensors) by extension 'ignore'
[1.437s] Level 1:colcon.colcon_core.package_identification:_identify(src/sensors) by extension 'ignore_ament_install'
[1.437s] Level 1:colcon.colcon_core.package_identification:_identify(src/sensors) by extensions ['colcon_pkg']
[1.437s] Level 1:colcon.colcon_core.package_identification:_identify(src/sensors) by extension 'colcon_pkg'
[1.437s] Level 1:colcon.colcon_core.package_identification:_identify(src/sensors) by extensions ['colcon_meta']
[1.437s] Level 1:colcon.colcon_core.package_identification:_identify(src/sensors) by extension 'colcon_meta'
[1.438s] Level 1:colcon.colcon_core.package_identification:_identify(src/sensors) by extensions ['ros']
[1.438s] Level 1:colcon.colcon_core.package_identification:_identify(src/sensors) by extension 'ros'
[1.439s] DEBUG:colcon.colcon_core.package_identification:Package 'src/sensors' with type 'ros.ament_cmake' and name 'sensors'
[1.440s] Level 1:colcon.colcon_core.package_identification:_identify(src/unilidar_sdk2) by extensions ['ignore', 'ignore_ament_install']
[1.440s] Level 1:colcon.colcon_core.package_identification:_identify(src/unilidar_sdk2) by extension 'ignore'
[1.440s] Level 1:colcon.colcon_core.package_identification:_identify(src/unilidar_sdk2) by extension 'ignore_ament_install'
[1.440s] Level 1:colcon.colcon_core.package_identification:_identify(src/unilidar_sdk2) by extensions ['colcon_pkg']
[1.440s] Level 1:colcon.colcon_core.package_identification:_identify(src/unilidar_sdk2) by extension 'colcon_pkg'
[1.440s] Level 1:colcon.colcon_core.package_identification:_identify(src/unilidar_sdk2) by extensions ['colcon_meta']
[1.440s] Level 1:colcon.colcon_core.package_identification:_identify(src/unilidar_sdk2) by extension 'colcon_meta'
[1.441s] Level 1:colcon.colcon_core.package_identification:_identify(src/unilidar_sdk2) by extensions ['ros']
[1.441s] Level 1:colcon.colcon_core.package_identification:_identify(src/unilidar_sdk2) by extension 'ros'
[1.441s] Level 1:colcon.colcon_core.package_identification:_identify(src/unilidar_sdk2) by extensions ['cmake', 'python']
[1.441s] Level 1:colcon.colcon_core.package_identification:_identify(src/unilidar_sdk2) by extension 'cmake'
[1.441s] Level 1:colcon.colcon_core.package_identification:_identify(src/unilidar_sdk2) by extension 'python'
[1.441s] Level 1:colcon.colcon_core.package_identification:_identify(src/unilidar_sdk2) by extensions ['python_setup_py']
[1.441s] Level 1:colcon.colcon_core.package_identification:_identify(src/unilidar_sdk2) by extension 'python_setup_py'
[1.442s] Level 1:colcon.colcon_core.package_identification:_identify(src/unilidar_sdk2/docs) by extensions ['ignore', 'ignore_ament_install']
[1.442s] Level 1:colcon.colcon_core.package_identification:_identify(src/unilidar_sdk2/docs) by extension 'ignore'
[1.442s] Level 1:colcon.colcon_core.package_identification:_identify(src/unilidar_sdk2/docs) by extension 'ignore_ament_install'
[1.443s] Level 1:colcon.colcon_core.package_identification:_identify(src/unilidar_sdk2/docs) by extensions ['colcon_pkg']
[1.443s] Level 1:colcon.colcon_core.package_identification:_identify(src/unilidar_sdk2/docs) by extension 'colcon_pkg'
[1.443s] Level 1:colcon.colcon_core.package_identification:_identify(src/unilidar_sdk2/docs) by extensions ['colcon_meta']
[1.443s] Level 1:colcon.colcon_core.package_identification:_identify(src/unilidar_sdk2/docs) by extension 'colcon_meta'
[1.443s] Level 1:colcon.colcon_core.package_identification:_identify(src/unilidar_sdk2/docs) by extensions ['ros']
[1.443s] Level 1:colcon.colcon_core.package_identification:_identify(src/unilidar_sdk2/docs) by extension 'ros'
[1.443s] Level 1:colcon.colcon_core.package_identification:_identify(src/unilidar_sdk2/docs) by extensions ['cmake', 'python']
[1.443s] Level 1:colcon.colcon_core.package_identification:_identify(src/unilidar_sdk2/docs) by extension 'cmake'
[1.444s] Level 1:colcon.colcon_core.package_identification:_identify(src/unilidar_sdk2/docs) by extension 'python'
[1.444s] Level 1:colcon.colcon_core.package_identification:_identify(src/unilidar_sdk2/docs) by extensions ['python_setup_py']
[1.444s] Level 1:colcon.colcon_core.package_identification:_identify(src/unilidar_sdk2/docs) by extension 'python_setup_py'
[1.444s] Level 1:colcon.colcon_core.package_identification:_identify(src/unilidar_sdk2/unitree_lidar_ros) by extensions ['ignore', 'ignore_ament_install']
[1.444s] Level 1:colcon.colcon_core.package_identification:_identify(src/unilidar_sdk2/unitree_lidar_ros) by extension 'ignore'
[1.445s] Level 1:colcon.colcon_core.package_identification:_identify(src/unilidar_sdk2/unitree_lidar_ros) by extension 'ignore_ament_install'
[1.445s] Level 1:colcon.colcon_core.package_identification:_identify(src/unilidar_sdk2/unitree_lidar_ros) by extensions ['colcon_pkg']
[1.445s] Level 1:colcon.colcon_core.package_identification:_identify(src/unilidar_sdk2/unitree_lidar_ros) by extension 'colcon_pkg'
[1.445s] Level 1:colcon.colcon_core.package_identification:_identify(src/unilidar_sdk2/unitree_lidar_ros) by extensions ['colcon_meta']
[1.445s] Level 1:colcon.colcon_core.package_identification:_identify(src/unilidar_sdk2/unitree_lidar_ros) by extension 'colcon_meta'
[1.445s] Level 1:colcon.colcon_core.package_identification:_identify(src/unilidar_sdk2/unitree_lidar_ros) by extensions ['ros']
[1.445s] Level 1:colcon.colcon_core.package_identification:_identify(src/unilidar_sdk2/unitree_lidar_ros) by extension 'ros'
[1.445s] Level 1:colcon.colcon_core.package_identification:_identify(src/unilidar_sdk2/unitree_lidar_ros) by extensions ['cmake', 'python']
[1.446s] Level 1:colcon.colcon_core.package_identification:_identify(src/unilidar_sdk2/unitree_lidar_ros) by extension 'cmake'
[1.446s] Level 1:colcon.colcon_core.package_identification:_identify(src/unilidar_sdk2/unitree_lidar_ros) by extension 'python'
[1.446s] Level 1:colcon.colcon_core.package_identification:_identify(src/unilidar_sdk2/unitree_lidar_ros) by extensions ['python_setup_py']
[1.446s] Level 1:colcon.colcon_core.package_identification:_identify(src/unilidar_sdk2/unitree_lidar_ros) by extension 'python_setup_py'
[1.446s] Level 1:colcon.colcon_core.package_identification:_identify(src/unilidar_sdk2/unitree_lidar_ros/src) by extensions ['ignore', 'ignore_ament_install']
[1.447s] Level 1:colcon.colcon_core.package_identification:_identify(src/unilidar_sdk2/unitree_lidar_ros/src) by extension 'ignore'
[1.447s] Level 1:colcon.colcon_core.package_identification:_identify(src/unilidar_sdk2/unitree_lidar_ros/src) by extension 'ignore_ament_install'
[1.447s] Level 1:colcon.colcon_core.package_identification:_identify(src/unilidar_sdk2/unitree_lidar_ros/src) by extensions ['colcon_pkg']
[1.447s] Level 1:colcon.colcon_core.package_identification:_identify(src/unilidar_sdk2/unitree_lidar_ros/src) by extension 'colcon_pkg'
[1.447s] Level 1:colcon.colcon_core.package_identification:_identify(src/unilidar_sdk2/unitree_lidar_ros/src) by extensions ['colcon_meta']
[1.447s] Level 1:colcon.colcon_core.package_identification:_identify(src/unilidar_sdk2/unitree_lidar_ros/src) by extension 'colcon_meta'
[1.447s] Level 1:colcon.colcon_core.package_identification:_identify(src/unilidar_sdk2/unitree_lidar_ros/src) by extensions ['ros']
[1.447s] Level 1:colcon.colcon_core.package_identification:_identify(src/unilidar_sdk2/unitree_lidar_ros/src) by extension 'ros'
[1.448s] Level 1:colcon.colcon_core.package_identification:_identify(src/unilidar_sdk2/unitree_lidar_ros/src) by extensions ['cmake', 'python']
[1.448s] Level 1:colcon.colcon_core.package_identification:_identify(src/unilidar_sdk2/unitree_lidar_ros/src) by extension 'cmake'
[1.448s] Level 1:colcon.colcon_core.package_identification:_identify(src/unilidar_sdk2/unitree_lidar_ros/src) by extension 'python'
[1.448s] Level 1:colcon.colcon_core.package_identification:_identify(src/unilidar_sdk2/unitree_lidar_ros/src) by extensions ['python_setup_py']
[1.448s] Level 1:colcon.colcon_core.package_identification:_identify(src/unilidar_sdk2/unitree_lidar_ros/src) by extension 'python_setup_py'
[1.449s] Level 1:colcon.colcon_core.package_identification:_identify(src/unilidar_sdk2/unitree_lidar_ros/src/unitree_lidar_ros) by extensions ['ignore', 'ignore_ament_install']
[1.449s] Level 1:colcon.colcon_core.package_identification:_identify(src/unilidar_sdk2/unitree_lidar_ros/src/unitree_lidar_ros) by extension 'ignore'
[1.449s] Level 1:colcon.colcon_core.package_identification:_identify(src/unilidar_sdk2/unitree_lidar_ros/src/unitree_lidar_ros) by extension 'ignore_ament_install'
[1.449s] Level 1:colcon.colcon_core.package_identification:_identify(src/unilidar_sdk2/unitree_lidar_ros/src/unitree_lidar_ros) by extensions ['colcon_pkg']
[1.449s] Level 1:colcon.colcon_core.package_identification:_identify(src/unilidar_sdk2/unitree_lidar_ros/src/unitree_lidar_ros) by extension 'colcon_pkg'
[1.449s] Level 1:colcon.colcon_core.package_identification:_identify(src/unilidar_sdk2/unitree_lidar_ros/src/unitree_lidar_ros) by extensions ['colcon_meta']
[1.449s] Level 1:colcon.colcon_core.package_identification:_identify(src/unilidar_sdk2/unitree_lidar_ros/src/unitree_lidar_ros) by extension 'colcon_meta'
[1.450s] Level 1:colcon.colcon_core.package_identification:_identify(src/unilidar_sdk2/unitree_lidar_ros/src/unitree_lidar_ros) by extensions ['ros']
[1.450s] Level 1:colcon.colcon_core.package_identification:_identify(src/unilidar_sdk2/unitree_lidar_ros/src/unitree_lidar_ros) by extension 'ros'
[1.453s] DEBUG:colcon.colcon_core.package_identification:Package 'src/unilidar_sdk2/unitree_lidar_ros/src/unitree_lidar_ros' with type 'ros.catkin' and name 'unitree_lidar_ros'
[1.453s] Level 1:colcon.colcon_core.package_identification:_identify(src/unilidar_sdk2/unitree_lidar_ros2) by extensions ['ignore', 'ignore_ament_install']
[1.454s] Level 1:colcon.colcon_core.package_identification:_identify(src/unilidar_sdk2/unitree_lidar_ros2) by extension 'ignore'
[1.454s] Level 1:colcon.colcon_core.package_identification:_identify(src/unilidar_sdk2/unitree_lidar_ros2) by extension 'ignore_ament_install'
[1.454s] Level 1:colcon.colcon_core.package_identification:_identify(src/unilidar_sdk2/unitree_lidar_ros2) by extensions ['colcon_pkg']
[1.454s] Level 1:colcon.colcon_core.package_identification:_identify(src/unilidar_sdk2/unitree_lidar_ros2) by extension 'colcon_pkg'
[1.454s] Level 1:colcon.colcon_core.package_identification:_identify(src/unilidar_sdk2/unitree_lidar_ros2) by extensions ['colcon_meta']
[1.454s] Level 1:colcon.colcon_core.package_identification:_identify(src/unilidar_sdk2/unitree_lidar_ros2) by extension 'colcon_meta'
[1.454s] Level 1:colcon.colcon_core.package_identification:_identify(src/unilidar_sdk2/unitree_lidar_ros2) by extensions ['ros']
[1.454s] Level 1:colcon.colcon_core.package_identification:_identify(src/unilidar_sdk2/unitree_lidar_ros2) by extension 'ros'
[1.455s] Level 1:colcon.colcon_core.package_identification:_identify(src/unilidar_sdk2/unitree_lidar_ros2) by extensions ['cmake', 'python']
[1.455s] Level 1:colcon.colcon_core.package_identification:_identify(src/unilidar_sdk2/unitree_lidar_ros2) by extension 'cmake'
[1.455s] Level 1:colcon.colcon_core.package_identification:_identify(src/unilidar_sdk2/unitree_lidar_ros2) by extension 'python'
[1.455s] Level 1:colcon.colcon_core.package_identification:_identify(src/unilidar_sdk2/unitree_lidar_ros2) by extensions ['python_setup_py']
[1.455s] Level 1:colcon.colcon_core.package_identification:_identify(src/unilidar_sdk2/unitree_lidar_ros2) by extension 'python_setup_py'
[1.456s] Level 1:colcon.colcon_core.package_identification:_identify(src/unilidar_sdk2/unitree_lidar_ros2/build) by extensions ['ignore', 'ignore_ament_install']
[1.456s] Level 1:colcon.colcon_core.package_identification:_identify(src/unilidar_sdk2/unitree_lidar_ros2/build) by extension 'ignore'
[1.456s] Level 1:colcon.colcon_core.package_identification:_identify(src/unilidar_sdk2/unitree_lidar_ros2/build) ignored
[1.457s] Level 1:colcon.colcon_core.package_identification:_identify(src/unilidar_sdk2/unitree_lidar_ros2/install) by extensions ['ignore', 'ignore_ament_install']
[1.457s] Level 1:colcon.colcon_core.package_identification:_identify(src/unilidar_sdk2/unitree_lidar_ros2/install) by extension 'ignore'
[1.457s] Level 1:colcon.colcon_core.package_identification:_identify(src/unilidar_sdk2/unitree_lidar_ros2/install) ignored
[1.458s] Level 1:colcon.colcon_core.package_identification:_identify(src/unilidar_sdk2/unitree_lidar_ros2/log) by extensions ['ignore', 'ignore_ament_install']
[1.458s] Level 1:colcon.colcon_core.package_identification:_identify(src/unilidar_sdk2/unitree_lidar_ros2/log) by extension 'ignore'
[1.458s] Level 1:colcon.colcon_core.package_identification:_identify(src/unilidar_sdk2/unitree_lidar_ros2/log) ignored
[1.459s] Level 1:colcon.colcon_core.package_identification:_identify(src/unilidar_sdk2/unitree_lidar_ros2/src) by extensions ['ignore', 'ignore_ament_install']
[1.459s] Level 1:colcon.colcon_core.package_identification:_identify(src/unilidar_sdk2/unitree_lidar_ros2/src) by extension 'ignore'
[1.459s] Level 1:colcon.colcon_core.package_identification:_identify(src/unilidar_sdk2/unitree_lidar_ros2/src) by extension 'ignore_ament_install'
[1.459s] Level 1:colcon.colcon_core.package_identification:_identify(src/unilidar_sdk2/unitree_lidar_ros2/src) by extensions ['colcon_pkg']
[1.459s] Level 1:colcon.colcon_core.package_identification:_identify(src/unilidar_sdk2/unitree_lidar_ros2/src) by extension 'colcon_pkg'
[1.459s] Level 1:colcon.colcon_core.package_identification:_identify(src/unilidar_sdk2/unitree_lidar_ros2/src) by extensions ['colcon_meta']
[1.460s] Level 1:colcon.colcon_core.package_identification:_identify(src/unilidar_sdk2/unitree_lidar_ros2/src) by extension 'colcon_meta'
[1.460s] Level 1:colcon.colcon_core.package_identification:_identify(src/unilidar_sdk2/unitree_lidar_ros2/src) by extensions ['ros']
[1.460s] Level 1:colcon.colcon_core.package_identification:_identify(src/unilidar_sdk2/unitree_lidar_ros2/src) by extension 'ros'
[1.460s] Level 1:colcon.colcon_core.package_identification:_identify(src/unilidar_sdk2/unitree_lidar_ros2/src) by extensions ['cmake', 'python']
[1.460s] Level 1:colcon.colcon_core.package_identification:_identify(src/unilidar_sdk2/unitree_lidar_ros2/src) by extension 'cmake'
[1.460s] Level 1:colcon.colcon_core.package_identification:_identify(src/unilidar_sdk2/unitree_lidar_ros2/src) by extension 'python'
[1.460s] Level 1:colcon.colcon_core.package_identification:_identify(src/unilidar_sdk2/unitree_lidar_ros2/src) by extensions ['python_setup_py']
[1.460s] Level 1:colcon.colcon_core.package_identification:_identify(src/unilidar_sdk2/unitree_lidar_ros2/src) by extension 'python_setup_py'
[1.461s] Level 1:colcon.colcon_core.package_identification:_identify(src/unilidar_sdk2/unitree_lidar_ros2/src/build) by extensions ['ignore', 'ignore_ament_install']
[1.461s] Level 1:colcon.colcon_core.package_identification:_identify(src/unilidar_sdk2/unitree_lidar_ros2/src/build) by extension 'ignore'
[1.461s] Level 1:colcon.colcon_core.package_identification:_identify(src/unilidar_sdk2/unitree_lidar_ros2/src/build) ignored
[1.462s] Level 1:colcon.colcon_core.package_identification:_identify(src/unilidar_sdk2/unitree_lidar_ros2/src/install) by extensions ['ignore', 'ignore_ament_install']
[1.462s] Level 1:colcon.colcon_core.package_identification:_identify(src/unilidar_sdk2/unitree_lidar_ros2/src/install) by extension 'ignore'
[1.462s] Level 1:colcon.colcon_core.package_identification:_identify(src/unilidar_sdk2/unitree_lidar_ros2/src/install) ignored
[1.463s] Level 1:colcon.colcon_core.package_identification:_identify(src/unilidar_sdk2/unitree_lidar_ros2/src/log) by extensions ['ignore', 'ignore_ament_install']
[1.463s] Level 1:colcon.colcon_core.package_identification:_identify(src/unilidar_sdk2/unitree_lidar_ros2/src/log) by extension 'ignore'
[1.463s] Level 1:colcon.colcon_core.package_identification:_identify(src/unilidar_sdk2/unitree_lidar_ros2/src/log) ignored
[1.464s] Level 1:colcon.colcon_core.package_identification:_identify(src/unilidar_sdk2/unitree_lidar_ros2/src/unitree_lidar_ros2) by extensions ['ignore', 'ignore_ament_install']
[1.464s] Level 1:colcon.colcon_core.package_identification:_identify(src/unilidar_sdk2/unitree_lidar_ros2/src/unitree_lidar_ros2) by extension 'ignore'
[1.464s] Level 1:colcon.colcon_core.package_identification:_identify(src/unilidar_sdk2/unitree_lidar_ros2/src/unitree_lidar_ros2) by extension 'ignore_ament_install'
[1.465s] Level 1:colcon.colcon_core.package_identification:_identify(src/unilidar_sdk2/unitree_lidar_ros2/src/unitree_lidar_ros2) by extensions ['colcon_pkg']
[1.465s] Level 1:colcon.colcon_core.package_identification:_identify(src/unilidar_sdk2/unitree_lidar_ros2/src/unitree_lidar_ros2) by extension 'colcon_pkg'
[1.465s] Level 1:colcon.colcon_core.package_identification:_identify(src/unilidar_sdk2/unitree_lidar_ros2/src/unitree_lidar_ros2) by extensions ['colcon_meta']
[1.465s] Level 1:colcon.colcon_core.package_identification:_identify(src/unilidar_sdk2/unitree_lidar_ros2/src/unitree_lidar_ros2) by extension 'colcon_meta'
[1.465s] Level 1:colcon.colcon_core.package_identification:_identify(src/unilidar_sdk2/unitree_lidar_ros2/src/unitree_lidar_ros2) by extensions ['ros']
[1.465s] Level 1:colcon.colcon_core.package_identification:_identify(src/unilidar_sdk2/unitree_lidar_ros2/src/unitree_lidar_ros2) by extension 'ros'
[1.467s] DEBUG:colcon.colcon_core.package_identification:Package 'src/unilidar_sdk2/unitree_lidar_ros2/src/unitree_lidar_ros2' with type 'ros.ament_cmake' and name 'unitree_lidar_ros2'
[1.468s] Level 1:colcon.colcon_core.package_identification:_identify(src/unilidar_sdk2/unitree_lidar_sdk) by extensions ['ignore', 'ignore_ament_install']
[1.468s] Level 1:colcon.colcon_core.package_identification:_identify(src/unilidar_sdk2/unitree_lidar_sdk) by extension 'ignore'
[1.469s] Level 1:colcon.colcon_core.package_identification:_identify(src/unilidar_sdk2/unitree_lidar_sdk) by extension 'ignore_ament_install'
[1.469s] Level 1:colcon.colcon_core.package_identification:_identify(src/unilidar_sdk2/unitree_lidar_sdk) by extensions ['colcon_pkg']
[1.469s] Level 1:colcon.colcon_core.package_identification:_identify(src/unilidar_sdk2/unitree_lidar_sdk) by extension 'colcon_pkg'
[1.469s] Level 1:colcon.colcon_core.package_identification:_identify(src/unilidar_sdk2/unitree_lidar_sdk) by extensions ['colcon_meta']
[1.469s] Level 1:colcon.colcon_core.package_identification:_identify(src/unilidar_sdk2/unitree_lidar_sdk) by extension 'colcon_meta'
[1.469s] Level 1:colcon.colcon_core.package_identification:_identify(src/unilidar_sdk2/unitree_lidar_sdk) by extensions ['ros']
[1.469s] Level 1:colcon.colcon_core.package_identification:_identify(src/unilidar_sdk2/unitree_lidar_sdk) by extension 'ros'
[1.470s] Level 1:colcon.colcon_core.package_identification:_identify(src/unilidar_sdk2/unitree_lidar_sdk) by extensions ['cmake', 'python']
[1.470s] Level 1:colcon.colcon_core.package_identification:_identify(src/unilidar_sdk2/unitree_lidar_sdk) by extension 'cmake'
[1.499s] Level 1:colcon.colcon_core.package_identification:_identify(src/unilidar_sdk2/unitree_lidar_sdk) by extension 'python'
[1.499s] DEBUG:colcon.colcon_core.package_identification:Package 'src/unilidar_sdk2/unitree_lidar_sdk' with type 'cmake' and name 'unitree_lidar_sdk'
[1.499s] Level 1:colcon.colcon_core.package_discovery:discover_packages(recursive) using defaults
[1.499s] Level 1:colcon.colcon_core.package_discovery:discover_packages(ignore) discover
[1.499s] Level 1:colcon.colcon_core.package_discovery:discover_packages(ignore) using defaults
[1.499s] Level 1:colcon.colcon_core.package_discovery:discover_packages(path) discover
[1.500s] Level 1:colcon.colcon_core.package_discovery:discover_packages(path) using defaults
[1.617s] INFO:colcon.colcon_core.package_selection:Skipping not selected package 'cpp_pubsub' in 'src/cpp_pubsub'
[1.618s] INFO:colcon.colcon_core.package_selection:Skipping not selected package 'cpp_srvcli' in 'src/cpp_srvcli'
[1.618s] INFO:colcon.colcon_core.package_selection:Skipping not selected package 'drive' in 'src/drive'
[1.618s] INFO:colcon.colcon_core.package_selection:Skipping not selected package 'kiss_icp' in 'src/kiss-icp/ros'
[1.618s] INFO:colcon.colcon_core.package_selection:Skipping not selected package 'orbbec_camera_msgs' in 'src/OrbbecSDK_ROS2/orbbec_camera_msgs'
[1.618s] INFO:colcon.colcon_core.package_selection:Skipping not selected package 'orbbec_description' in 'src/OrbbecSDK_ROS2/orbbec_description'
[1.618s] INFO:colcon.colcon_core.package_selection:Skipping not selected package 'pico_2nd_pck' in 'src/pico_2nd_pck'
[1.618s] INFO:colcon.colcon_core.package_selection:Skipping not selected package 'pico_motor_control' in 'src/pico_motor_control'
[1.618s] INFO:colcon.colcon_core.package_selection:Skipping not selected package 'sensors' in 'src/sensors'
[1.618s] INFO:colcon.colcon_core.package_selection:Skipping not selected package 'unitree_lidar_ros' in 'src/unilidar_sdk2/unitree_lidar_ros/src/unitree_lidar_ros'
[1.618s] INFO:colcon.colcon_core.package_selection:Skipping not selected package 'unitree_lidar_ros2' in 'src/unilidar_sdk2/unitree_lidar_ros2/src/unitree_lidar_ros2'
[1.618s] INFO:colcon.colcon_core.package_selection:Skipping not selected package 'unitree_lidar_sdk' in 'src/unilidar_sdk2/unitree_lidar_sdk'
[1.620s] Level 1:colcon.colcon_core.package_discovery:discover_packages(prefix_path) check parameters
[1.620s] Level 1:colcon.colcon_core.package_discovery:discover_packages(prefix_path) discover
[1.626s] WARNING:colcon.colcon_ros.prefix_path.ament:The path '/home/lunabotics/TAMU_SEDS_Lunabotics/ros2_ws/install/orbbec_camera' in the environment variable AMENT_PREFIX_PATH doesn't exist
[1.627s] WARNING:colcon.colcon_ros.prefix_path.catkin:The path '/home/lunabotics/TAMU_SEDS_Lunabotics/ros2_ws/install/orbbec_camera' in the environment variable CMAKE_PREFIX_PATH doesn't exist
[1.631s] DEBUG:colcon.colcon_installed_package_information.package_discovery:Found 12 installed packages in /home/lunabotics/TAMU_SEDS_Lunabotics/ros2_ws/install
[1.634s] DEBUG:colcon.colcon_installed_package_information.package_discovery:Found 283 installed packages in /opt/ros/humble
[1.636s] Level 1:colcon.colcon_core.package_discovery:discover_packages(prefix_path) using defaults
[1.723s] Level 5:colcon.colcon_core.verb:set package 'orbbec_camera' build argument 'cmake_args' from command line to '['-DCMAKE_BUILD_TYPE=Release', '-DCMAKE_SYSTEM_PROCESSOR=aarch64']'
[1.723s] Level 5:colcon.colcon_core.verb:set package 'orbbec_camera' build argument 'cmake_target' from command line to 'None'
[1.724s] Level 5:colcon.colcon_core.verb:set package 'orbbec_camera' build argument 'cmake_target_skip_unavailable' from command line to 'False'
[1.724s] Level 5:colcon.colcon_core.verb:set package 'orbbec_camera' build argument 'cmake_clean_cache' from command line to 'False'
[1.724s] Level 5:colcon.colcon_core.verb:set package 'orbbec_camera' build argument 'cmake_clean_first' from command line to 'False'
[1.724s] Level 5:colcon.colcon_core.verb:set package 'orbbec_camera' build argument 'cmake_force_configure' from command line to 'False'
[1.724s] Level 5:colcon.colcon_core.verb:set package 'orbbec_camera' build argument 'ament_cmake_args' from command line to 'None'
[1.724s] Level 5:colcon.colcon_core.verb:set package 'orbbec_camera' build argument 'catkin_cmake_args' from command line to 'None'
[1.724s] Level 5:colcon.colcon_core.verb:set package 'orbbec_camera' build argument 'catkin_skip_building_tests' from command line to 'False'
[1.724s] DEBUG:colcon.colcon_core.verb:Building package 'orbbec_camera' with the following arguments: {'ament_cmake_args': None, 'build_base': '/home/lunabotics/TAMU_SEDS_Lunabotics/ros2_ws/build/orbbec_camera', 'catkin_cmake_args': None, 'catkin_skip_building_tests': False, 'cmake_args': ['-DCMAKE_BUILD_TYPE=Release', '-DCMAKE_SYSTEM_PROCESSOR=aarch64'], 'cmake_clean_cache': False, 'cmake_clean_first': False, 'cmake_force_configure': False, 'cmake_target': None, 'cmake_target_skip_unavailable': False, 'install_base': '/home/lunabotics/TAMU_SEDS_Lunabotics/ros2_ws/install/orbbec_camera', 'merge_install': False, 'path': '/home/lunabotics/TAMU_SEDS_Lunabotics/ros2_ws/src/OrbbecSDK_ROS2/orbbec_camera', 'symlink_install': False, 'test_result_base': None}
[1.724s] INFO:colcon.colcon_core.executor:Executing jobs using 'parallel' executor
[1.727s] DEBUG:colcon.colcon_parallel_executor.executor.parallel:run_until_complete
[1.728s] INFO:colcon.colcon_ros.task.ament_cmake.build:Building ROS package in '/home/lunabotics/TAMU_SEDS_Lunabotics/ros2_ws/src/OrbbecSDK_ROS2/orbbec_camera' with build type 'ament_cmake'
[1.728s] INFO:colcon.colcon_cmake.task.cmake.build:Building CMake package in '/home/lunabotics/TAMU_SEDS_Lunabotics/ros2_ws/src/OrbbecSDK_ROS2/orbbec_camera'
[1.740s] INFO:colcon.colcon_core.plugin_system:Skipping extension 'colcon_core.shell.bat': Not used on non-Windows systems
[1.741s] INFO:colcon.colcon_core.shell:Skip shell extension 'powershell' for command environment: Not usable outside of PowerShell
[1.741s] DEBUG:colcon.colcon_core.shell:Skip shell extension 'dsv' for command environment
[1.769s] DEBUG:colcon.colcon_core.event_handler.log_command:Invoking command in '/home/lunabotics/TAMU_SEDS_Lunabotics/ros2_ws/build/orbbec_camera': CMAKE_PREFIX_PATH=/home/lunabotics/TAMU_SEDS_Lunabotics/ros2_ws/install/orbbec_camera_msgs:/home/lunabotics/TAMU_SEDS_Lunabotics/ros2_ws/install/tutorial_interfaces:/home/lunabotics/TAMU_SEDS_Lunabotics/ros2_ws/install/sensors:/home/lunabotics/TAMU_SEDS_Lunabotics/ros2_ws/install/orbbec_camera:/home/lunabotics/TAMU_SEDS_Lunabotics/ros2_ws/install/imu_reader:/home/lunabotics/TAMU_SEDS_Lunabotics/ros2_ws/install/cpp_srvcli:/home/lunabotics/TAMU_SEDS_Lunabotics/ros2_ws/install/cpp_pubsub:/home/lunabotics/TAMU_SEDS_Lunabotics/ros2_ws/install/pico_motor_control:/home/lunabotics/TAMU_SEDS_Lunabotics/ros2_ws/install/pico_2nd_pck:/home/lunabotics/TAMU_SEDS_Lunabotics/ros2_ws/install/drive:/opt/ros/humble LD_LIBRARY_PATH=/home/lunabotics/TAMU_SEDS_Lunabotics/ros2_ws/install/orbbec_camera_msgs/lib:/home/lunabotics/TAMU_SEDS_Lunabotics/ros2_ws/install/tutorial_interfaces/lib:/home/lunabotics/TAMU_SEDS_Lunabotics/ros2_ws/install/orbbec_camera/lib:/opt/ros/humble/opt/rviz_ogre_vendor/lib:/opt/ros/humble/lib/aarch64-linux-gnu:/opt/ros/humble/lib /home/lunabotics/.local/bin/cmake /home/lunabotics/TAMU_SEDS_Lunabotics/ros2_ws/src/OrbbecSDK_ROS2/orbbec_camera -DCMAKE_BUILD_TYPE=Release -DCMAKE_SYSTEM_PROCESSOR=aarch64 -DCMAKE_INSTALL_PREFIX=/home/lunabotics/TAMU_SEDS_Lunabotics/ros2_ws/install/orbbec_camera
[6.966s] DEBUG:colcon.colcon_core.event_handler.log_command:Invoked command in '/home/lunabotics/TAMU_SEDS_Lunabotics/ros2_ws/build/orbbec_camera' returned '0': CMAKE_PREFIX_PATH=/home/lunabotics/TAMU_SEDS_Lunabotics/ros2_ws/install/orbbec_camera_msgs:/home/lunabotics/TAMU_SEDS_Lunabotics/ros2_ws/install/tutorial_interfaces:/home/lunabotics/TAMU_SEDS_Lunabotics/ros2_ws/install/sensors:/home/lunabotics/TAMU_SEDS_Lunabotics/ros2_ws/install/orbbec_camera:/home/lunabotics/TAMU_SEDS_Lunabotics/ros2_ws/install/imu_reader:/home/lunabotics/TAMU_SEDS_Lunabotics/ros2_ws/install/cpp_srvcli:/home/lunabotics/TAMU_SEDS_Lunabotics/ros2_ws/install/cpp_pubsub:/home/lunabotics/TAMU_SEDS_Lunabotics/ros2_ws/install/pico_motor_control:/home/lunabotics/TAMU_SEDS_Lunabotics/ros2_ws/install/pico_2nd_pck:/home/lunabotics/TAMU_SEDS_Lunabotics/ros2_ws/install/drive:/opt/ros/humble LD_LIBRARY_PATH=/home/lunabotics/TAMU_SEDS_Lunabotics/ros2_ws/install/orbbec_camera_msgs/lib:/home/lunabotics/TAMU_SEDS_Lunabotics/ros2_ws/install/tutorial_interfaces/lib:/home/lunabotics/TAMU_SEDS_Lunabotics/ros2_ws/install/orbbec_camera/lib:/opt/ros/humble/opt/rviz_ogre_vendor/lib:/opt/ros/humble/lib/aarch64-linux-gnu:/opt/ros/humble/lib /home/lunabotics/.local/bin/cmake /home/lunabotics/TAMU_SEDS_Lunabotics/ros2_ws/src/OrbbecSDK_ROS2/orbbec_camera -DCMAKE_BUILD_TYPE=Release -DCMAKE_SYSTEM_PROCESSOR=aarch64 -DCMAKE_INSTALL_PREFIX=/home/lunabotics/TAMU_SEDS_Lunabotics/ros2_ws/install/orbbec_camera
[6.974s] DEBUG:colcon.colcon_core.event_handler.log_command:Invoking command in '/home/lunabotics/TAMU_SEDS_Lunabotics/ros2_ws/build/orbbec_camera': CMAKE_PREFIX_PATH=/home/lunabotics/TAMU_SEDS_Lunabotics/ros2_ws/install/orbbec_camera_msgs:/home/lunabotics/TAMU_SEDS_Lunabotics/ros2_ws/install/tutorial_interfaces:/home/lunabotics/TAMU_SEDS_Lunabotics/ros2_ws/install/sensors:/home/lunabotics/TAMU_SEDS_Lunabotics/ros2_ws/install/orbbec_camera:/home/lunabotics/TAMU_SEDS_Lunabotics/ros2_ws/install/imu_reader:/home/lunabotics/TAMU_SEDS_Lunabotics/ros2_ws/install/cpp_srvcli:/home/lunabotics/TAMU_SEDS_Lunabotics/ros2_ws/install/cpp_pubsub:/home/lunabotics/TAMU_SEDS_Lunabotics/ros2_ws/install/pico_motor_control:/home/lunabotics/TAMU_SEDS_Lunabotics/ros2_ws/install/pico_2nd_pck:/home/lunabotics/TAMU_SEDS_Lunabotics/ros2_ws/install/drive:/opt/ros/humble LD_LIBRARY_PATH=/home/lunabotics/TAMU_SEDS_Lunabotics/ros2_ws/install/orbbec_camera_msgs/lib:/home/lunabotics/TAMU_SEDS_Lunabotics/ros2_ws/install/tutorial_interfaces/lib:/home/lunabotics/TAMU_SEDS_Lunabotics/ros2_ws/install/orbbec_camera/lib:/opt/ros/humble/opt/rviz_ogre_vendor/lib:/opt/ros/humble/lib/aarch64-linux-gnu:/opt/ros/humble/lib /home/lunabotics/.local/bin/cmake --build /home/lunabotics/TAMU_SEDS_Lunabotics/ros2_ws/build/orbbec_camera -- -j6 -l6
[269.622s] DEBUG:colcon.colcon_core.event_handler.log_command:Invoked command in '/home/lunabotics/TAMU_SEDS_Lunabotics/ros2_ws/build/orbbec_camera' returned '0': CMAKE_PREFIX_PATH=/home/lunabotics/TAMU_SEDS_Lunabotics/ros2_ws/install/orbbec_camera_msgs:/home/lunabotics/TAMU_SEDS_Lunabotics/ros2_ws/install/tutorial_interfaces:/home/lunabotics/TAMU_SEDS_Lunabotics/ros2_ws/install/sensors:/home/lunabotics/TAMU_SEDS_Lunabotics/ros2_ws/install/orbbec_camera:/home/lunabotics/TAMU_SEDS_Lunabotics/ros2_ws/install/imu_reader:/home/lunabotics/TAMU_SEDS_Lunabotics/ros2_ws/install/cpp_srvcli:/home/lunabotics/TAMU_SEDS_Lunabotics/ros2_ws/install/cpp_pubsub:/home/lunabotics/TAMU_SEDS_Lunabotics/ros2_ws/install/pico_motor_control:/home/lunabotics/TAMU_SEDS_Lunabotics/ros2_ws/install/pico_2nd_pck:/home/lunabotics/TAMU_SEDS_Lunabotics/ros2_ws/install/drive:/opt/ros/humble LD_LIBRARY_PATH=/home/lunabotics/TAMU_SEDS_Lunabotics/ros2_ws/install/orbbec_camera_msgs/lib:/home/lunabotics/TAMU_SEDS_Lunabotics/ros2_ws/install/tutorial_interfaces/lib:/home/lunabotics/TAMU_SEDS_Lunabotics/ros2_ws/install/orbbec_camera/lib:/opt/ros/humble/opt/rviz_ogre_vendor/lib:/opt/ros/humble/lib/aarch64-linux-gnu:/opt/ros/humble/lib /home/lunabotics/.local/bin/cmake --build /home/lunabotics/TAMU_SEDS_Lunabotics/ros2_ws/build/orbbec_camera -- -j6 -l6
[269.840s] DEBUG:colcon.colcon_core.event_handler.log_command:Invoking command in '/home/lunabotics/TAMU_SEDS_Lunabotics/ros2_ws/build/orbbec_camera': CMAKE_PREFIX_PATH=/home/lunabotics/TAMU_SEDS_Lunabotics/ros2_ws/install/orbbec_camera_msgs:/home/lunabotics/TAMU_SEDS_Lunabotics/ros2_ws/install/tutorial_interfaces:/home/lunabotics/TAMU_SEDS_Lunabotics/ros2_ws/install/sensors:/home/lunabotics/TAMU_SEDS_Lunabotics/ros2_ws/install/orbbec_camera:/home/lunabotics/TAMU_SEDS_Lunabotics/ros2_ws/install/imu_reader:/home/lunabotics/TAMU_SEDS_Lunabotics/ros2_ws/install/cpp_srvcli:/home/lunabotics/TAMU_SEDS_Lunabotics/ros2_ws/install/cpp_pubsub:/home/lunabotics/TAMU_SEDS_Lunabotics/ros2_ws/install/pico_motor_control:/home/lunabotics/TAMU_SEDS_Lunabotics/ros2_ws/install/pico_2nd_pck:/home/lunabotics/TAMU_SEDS_Lunabotics/ros2_ws/install/drive:/opt/ros/humble LD_LIBRARY_PATH=/home/lunabotics/TAMU_SEDS_Lunabotics/ros2_ws/install/orbbec_camera_msgs/lib:/home/lunabotics/TAMU_SEDS_Lunabotics/ros2_ws/install/tutorial_interfaces/lib:/home/lunabotics/TAMU_SEDS_Lunabotics/ros2_ws/install/orbbec_camera/lib:/opt/ros/humble/opt/rviz_ogre_vendor/lib:/opt/ros/humble/lib/aarch64-linux-gnu:/opt/ros/humble/lib /home/lunabotics/.local/bin/cmake --install /home/lunabotics/TAMU_SEDS_Lunabotics/ros2_ws/build/orbbec_camera
[270.792s] Level 1:colcon.colcon_core.environment:create_environment_scripts_only(orbbec_camera)
[270.799s] DEBUG:colcon.colcon_core.event_handler.log_command:Invoked command in '/home/lunabotics/TAMU_SEDS_Lunabotics/ros2_ws/build/orbbec_camera' returned '0': CMAKE_PREFIX_PATH=/home/lunabotics/TAMU_SEDS_Lunabotics/ros2_ws/install/orbbec_camera_msgs:/home/lunabotics/TAMU_SEDS_Lunabotics/ros2_ws/install/tutorial_interfaces:/home/lunabotics/TAMU_SEDS_Lunabotics/ros2_ws/install/sensors:/home/lunabotics/TAMU_SEDS_Lunabotics/ros2_ws/install/orbbec_camera:/home/lunabotics/TAMU_SEDS_Lunabotics/ros2_ws/install/imu_reader:/home/lunabotics/TAMU_SEDS_Lunabotics/ros2_ws/install/cpp_srvcli:/home/lunabotics/TAMU_SEDS_Lunabotics/ros2_ws/install/cpp_pubsub:/home/lunabotics/TAMU_SEDS_Lunabotics/ros2_ws/install/pico_motor_control:/home/lunabotics/TAMU_SEDS_Lunabotics/ros2_ws/install/pico_2nd_pck:/home/lunabotics/TAMU_SEDS_Lunabotics/ros2_ws/install/drive:/opt/ros/humble LD_LIBRARY_PATH=/home/lunabotics/TAMU_SEDS_Lunabotics/ros2_ws/install/orbbec_camera_msgs/lib:/home/lunabotics/TAMU_SEDS_Lunabotics/ros2_ws/install/tutorial_interfaces/lib:/home/lunabotics/TAMU_SEDS_Lunabotics/ros2_ws/install/orbbec_camera/lib:/opt/ros/humble/opt/rviz_ogre_vendor/lib:/opt/ros/humble/lib/aarch64-linux-gnu:/opt/ros/humble/lib /home/lunabotics/.local/bin/cmake --install /home/lunabotics/TAMU_SEDS_Lunabotics/ros2_ws/build/orbbec_camera
[270.846s] Level 1:colcon.colcon_core.environment:checking '/home/lunabotics/TAMU_SEDS_Lunabotics/ros2_ws/install/orbbec_camera' for CMake module files
[270.851s] Level 1:colcon.colcon_core.environment:checking '/home/lunabotics/TAMU_SEDS_Lunabotics/ros2_ws/install/orbbec_camera' for CMake config files
[270.857s] Level 1:colcon.colcon_core.shell:create_environment_hook('orbbec_camera', 'cmake_prefix_path')
[270.859s] INFO:colcon.colcon_core.shell:Creating environment hook '/home/lunabotics/TAMU_SEDS_Lunabotics/ros2_ws/install/orbbec_camera/share/orbbec_camera/hook/cmake_prefix_path.ps1'
[270.872s] INFO:colcon.colcon_core.shell:Creating environment descriptor '/home/lunabotics/TAMU_SEDS_Lunabotics/ros2_ws/install/orbbec_camera/share/orbbec_camera/hook/cmake_prefix_path.dsv'
[270.876s] INFO:colcon.colcon_core.shell:Creating environment hook '/home/lunabotics/TAMU_SEDS_Lunabotics/ros2_ws/install/orbbec_camera/share/orbbec_camera/hook/cmake_prefix_path.sh'
[270.882s] Level 1:colcon.colcon_core.environment:checking '/home/lunabotics/TAMU_SEDS_Lunabotics/ros2_ws/install/orbbec_camera/lib'
[270.883s] Level 1:colcon.colcon_core.shell:create_environment_hook('orbbec_camera', 'ld_library_path_lib')
[270.884s] INFO:colcon.colcon_core.shell:Creating environment hook '/home/lunabotics/TAMU_SEDS_Lunabotics/ros2_ws/install/orbbec_camera/share/orbbec_camera/hook/ld_library_path_lib.ps1'
[270.886s] INFO:colcon.colcon_core.shell:Creating environment descriptor '/home/lunabotics/TAMU_SEDS_Lunabotics/ros2_ws/install/orbbec_camera/share/orbbec_camera/hook/ld_library_path_lib.dsv'
[270.887s] INFO:colcon.colcon_core.shell:Creating environment hook '/home/lunabotics/TAMU_SEDS_Lunabotics/ros2_ws/install/orbbec_camera/share/orbbec_camera/hook/ld_library_path_lib.sh'
[270.889s] Level 1:colcon.colcon_core.environment:checking '/home/lunabotics/TAMU_SEDS_Lunabotics/ros2_ws/install/orbbec_camera/bin'
[270.889s] Level 1:colcon.colcon_core.environment:checking '/home/lunabotics/TAMU_SEDS_Lunabotics/ros2_ws/install/orbbec_camera/lib/pkgconfig/orbbec_camera.pc'
[270.892s] Level 1:colcon.colcon_core.environment:checking '/home/lunabotics/TAMU_SEDS_Lunabotics/ros2_ws/install/orbbec_camera/lib/python3.10/site-packages'
[270.894s] Level 1:colcon.colcon_core.environment:checking '/home/lunabotics/TAMU_SEDS_Lunabotics/ros2_ws/install/orbbec_camera/bin'
[270.897s] INFO:colcon.colcon_core.shell:Creating package script '/home/lunabotics/TAMU_SEDS_Lunabotics/ros2_ws/install/orbbec_camera/share/orbbec_camera/package.ps1'
[270.904s] INFO:colcon.colcon_core.shell:Creating package descriptor '/home/lunabotics/TAMU_SEDS_Lunabotics/ros2_ws/install/orbbec_camera/share/orbbec_camera/package.dsv'
[270.907s] INFO:colcon.colcon_core.shell:Creating package script '/home/lunabotics/TAMU_SEDS_Lunabotics/ros2_ws/install/orbbec_camera/share/orbbec_camera/package.sh'
[270.912s] INFO:colcon.colcon_core.shell:Creating package script '/home/lunabotics/TAMU_SEDS_Lunabotics/ros2_ws/install/orbbec_camera/share/orbbec_camera/package.bash'
[270.917s] INFO:colcon.colcon_core.shell:Creating package script '/home/lunabotics/TAMU_SEDS_Lunabotics/ros2_ws/install/orbbec_camera/share/orbbec_camera/package.zsh'
[270.922s] Level 1:colcon.colcon_core.environment:create_file_with_runtime_dependencies(/home/lunabotics/TAMU_SEDS_Lunabotics/ros2_ws/install/orbbec_camera/share/colcon-core/packages/orbbec_camera)
[270.928s] Level 1:colcon.colcon_core.environment:create_environment_scripts_only(orbbec_camera)
[270.929s] Level 1:colcon.colcon_core.environment:checking '/home/lunabotics/TAMU_SEDS_Lunabotics/ros2_ws/install/orbbec_camera' for CMake module files
[270.931s] Level 1:colcon.colcon_core.environment:checking '/home/lunabotics/TAMU_SEDS_Lunabotics/ros2_ws/install/orbbec_camera' for CMake config files
[270.935s] Level 1:colcon.colcon_core.shell:create_environment_hook('orbbec_camera', 'cmake_prefix_path')
[270.936s] INFO:colcon.colcon_core.shell:Creating environment hook '/home/lunabotics/TAMU_SEDS_Lunabotics/ros2_ws/install/orbbec_camera/share/orbbec_camera/hook/cmake_prefix_path.ps1'
[270.939s] INFO:colcon.colcon_core.shell:Creating environment descriptor '/home/lunabotics/TAMU_SEDS_Lunabotics/ros2_ws/install/orbbec_camera/share/orbbec_camera/hook/cmake_prefix_path.dsv'
[270.940s] INFO:colcon.colcon_core.shell:Creating environment hook '/home/lunabotics/TAMU_SEDS_Lunabotics/ros2_ws/install/orbbec_camera/share/orbbec_camera/hook/cmake_prefix_path.sh'
[270.942s] Level 1:colcon.colcon_core.environment:checking '/home/lunabotics/TAMU_SEDS_Lunabotics/ros2_ws/install/orbbec_camera/lib'
[270.943s] Level 1:colcon.colcon_core.shell:create_environment_hook('orbbec_camera', 'ld_library_path_lib')
[270.943s] INFO:colcon.colcon_core.shell:Creating environment hook '/home/lunabotics/TAMU_SEDS_Lunabotics/ros2_ws/install/orbbec_camera/share/orbbec_camera/hook/ld_library_path_lib.ps1'
[270.944s] INFO:colcon.colcon_core.shell:Creating environment descriptor '/home/lunabotics/TAMU_SEDS_Lunabotics/ros2_ws/install/orbbec_camera/share/orbbec_camera/hook/ld_library_path_lib.dsv'
[270.945s] INFO:colcon.colcon_core.shell:Creating environment hook '/home/lunabotics/TAMU_SEDS_Lunabotics/ros2_ws/install/orbbec_camera/share/orbbec_camera/hook/ld_library_path_lib.sh'
[270.947s] Level 1:colcon.colcon_core.environment:checking '/home/lunabotics/TAMU_SEDS_Lunabotics/ros2_ws/install/orbbec_camera/bin'
[270.947s] Level 1:colcon.colcon_core.environment:checking '/home/lunabotics/TAMU_SEDS_Lunabotics/ros2_ws/install/orbbec_camera/lib/pkgconfig/orbbec_camera.pc'
[270.948s] Level 1:colcon.colcon_core.environment:checking '/home/lunabotics/TAMU_SEDS_Lunabotics/ros2_ws/install/orbbec_camera/lib/python3.10/site-packages'
[270.948s] Level 1:colcon.colcon_core.environment:checking '/home/lunabotics/TAMU_SEDS_Lunabotics/ros2_ws/install/orbbec_camera/bin'
[270.950s] INFO:colcon.colcon_core.shell:Creating package script '/home/lunabotics/TAMU_SEDS_Lunabotics/ros2_ws/install/orbbec_camera/share/orbbec_camera/package.ps1'
[270.953s] INFO:colcon.colcon_core.shell:Creating package descriptor '/home/lunabotics/TAMU_SEDS_Lunabotics/ros2_ws/install/orbbec_camera/share/orbbec_camera/package.dsv'
[270.954s] INFO:colcon.colcon_core.shell:Creating package script '/home/lunabotics/TAMU_SEDS_Lunabotics/ros2_ws/install/orbbec_camera/share/orbbec_camera/package.sh'
[270.956s] INFO:colcon.colcon_core.shell:Creating package script '/home/lunabotics/TAMU_SEDS_Lunabotics/ros2_ws/install/orbbec_camera/share/orbbec_camera/package.bash'
[270.957s] INFO:colcon.colcon_core.shell:Creating package script '/home/lunabotics/TAMU_SEDS_Lunabotics/ros2_ws/install/orbbec_camera/share/orbbec_camera/package.zsh'
[270.958s] Level 1:colcon.colcon_core.environment:create_file_with_runtime_dependencies(/home/lunabotics/TAMU_SEDS_Lunabotics/ros2_ws/install/orbbec_camera/share/colcon-core/packages/orbbec_camera)
[270.960s] DEBUG:colcon.colcon_parallel_executor.executor.parallel:closing loop
[270.961s] DEBUG:colcon.colcon_parallel_executor.executor.parallel:loop closed
[270.962s] DEBUG:colcon.colcon_parallel_executor.executor.parallel:run_until_complete finished with '0'
[270.962s] DEBUG:colcon.colcon_core.event_reactor:joining thread
[270.975s] DEBUG:colcon.colcon_core.event_reactor:joined thread
[270.977s] INFO:colcon.colcon_core.shell:Creating prefix script '/home/lunabotics/TAMU_SEDS_Lunabotics/ros2_ws/install/local_setup.ps1'
[270.984s] INFO:colcon.colcon_core.shell:Creating prefix util module '/home/lunabotics/TAMU_SEDS_Lunabotics/ros2_ws/install/_local_setup_util_ps1.py'
[270.993s] INFO:colcon.colcon_core.shell:Creating prefix chain script '/home/lunabotics/TAMU_SEDS_Lunabotics/ros2_ws/install/setup.ps1'
[271.004s] INFO:colcon.colcon_core.shell:Creating prefix script '/home/lunabotics/TAMU_SEDS_Lunabotics/ros2_ws/install/local_setup.sh'
[271.020s] INFO:colcon.colcon_core.shell:Creating prefix util module '/home/lunabotics/TAMU_SEDS_Lunabotics/ros2_ws/install/_local_setup_util_sh.py'
[271.023s] INFO:colcon.colcon_core.shell:Creating prefix chain script '/home/lunabotics/TAMU_SEDS_Lunabotics/ros2_ws/install/setup.sh'
[271.037s] INFO:colcon.colcon_core.shell:Creating prefix script '/home/lunabotics/TAMU_SEDS_Lunabotics/ros2_ws/install/local_setup.bash'
[271.064s] INFO:colcon.colcon_core.shell:Creating prefix chain script '/home/lunabotics/TAMU_SEDS_Lunabotics/ros2_ws/install/setup.bash'
[271.070s] INFO:colcon.colcon_core.shell:Creating prefix script '/home/lunabotics/TAMU_SEDS_Lunabotics/ros2_ws/install/local_setup.zsh'
[271.073s] INFO:colcon.colcon_core.shell:Creating prefix chain script '/home/lunabotics/TAMU_SEDS_Lunabotics/ros2_ws/install/setup.zsh'
