[0mCMake Deprecation Warning at CMakeLists.txt:1 (cmake_minimum_required):
  Compatibility with CMake < 3.10 will be removed from a future version of
  CMake.

  Update the VERSION argument <min> value.  Or, use the <min>...<max> syntax
  to tell CMake that the project requires at least <min> but has been updated
  to work with policies introduced by <max> or earlier.

[0m
[31mCMake Error at CMakeLists.txt:16 (find_package):
  By not providing "Findtutorial_interfaces.cmake" in CMAKE_MODULE_PATH this
  project has asked CMake to find a package configuration file provided by
  "tutorial_interfaces", but CMake did not find one.

  Could not find a package configuration file provided by
  "tutorial_interfaces" with any of the following names:

    tutorial_interfaces.cps
    tutorial_interfacesConfig.cmake
    tutorial_interfaces-config.cmake

  Add the installation prefix of "tutorial_interfaces" to CMAKE_PREFIX_PATH
  or set "tutorial_interfaces_DIR" to a directory containing one of the above
  files.  If "tutorial_interfaces" provides a separate development package or
  SDK, be sure it has been installed.

[0m
