[0.629s] Invoking command in '/home/lunabotics/TAMU_SEDS_Lunabotics/ros2_ws/build/sensors': CMAKE_PREFIX_PATH=${CMAKE_PREFIX_PATH}:/home/lunabotics/TAMU_SEDS_Lunabotics/ros2_ws/install/pico_motor_control:/home/lunabotics/TAMU_SEDS_Lunabotics/ros2_ws/install/drive:/opt/ros/humble /home/lunabotics/.local/bin/cmake /home/lunabotics/TAMU_SEDS_Lunabotics/ros2_ws/src/sensors -DCMAKE_INSTALL_PREFIX=/home/lunabotics/TAMU_SEDS_Lunabotics/ros2_ws/install/sensors
[0.796s] [0mCMake Deprecation Warning at CMakeLists.txt:1 (cmake_minimum_required):
[0.796s]   Compatibility with CMake < 3.10 will be removed from a future version of
[0.796s]   CMake.
[0.796s] 
[0.797s]   Update the VERSION argument <min> value.  Or, use the <min>...<max> syntax
[0.797s]   to tell CMake that the project requires at least <min> but has been updated
[0.797s]   to work with policies introduced by <max> or earlier.
[0.797s] 
[0.797s] [0m
[0.813s] -- Found ament_cmake: 1.3.14 (/opt/ros/humble/share/ament_cmake/cmake)
[1.330s] -- Found rclcpp: 16.0.19 (/opt/ros/humble/share/rclcpp/cmake)
[1.475s] -- Found rosidl_generator_c: 3.1.8 (/opt/ros/humble/share/rosidl_generator_c/cmake)
[1.484s] -- Found rosidl_adapter: 3.1.8 (/opt/ros/humble/share/rosidl_adapter/cmake)
[1.505s] -- Found rosidl_generator_cpp: 3.1.8 (/opt/ros/humble/share/rosidl_generator_cpp/cmake)
[1.533s] -- Using all available rosidl_typesupport_c: rosidl_typesupport_fastrtps_c;rosidl_typesupport_introspection_c
[1.569s] -- Using all available rosidl_typesupport_cpp: rosidl_typesupport_fastrtps_cpp;rosidl_typesupport_introspection_cpp
[1.656s] -- Found rmw_implementation_cmake: 6.1.2 (/opt/ros/humble/share/rmw_implementation_cmake/cmake)
[1.659s] -- Found rmw_fastrtps_cpp: 6.2.10 (/opt/ros/humble/share/rmw_fastrtps_cpp/cmake)
[1.900s] -- Using RMW implementation 'rmw_fastrtps_cpp' as default
[2.036s] -- Found sensor_msgs: 4.9.1 (/opt/ros/humble/share/sensor_msgs/cmake)
[2.140s] [31mCMake Error at CMakeLists.txt:16 (find_package):
[2.140s]   By not providing "Findtutorial_interfaces.cmake" in CMAKE_MODULE_PATH this
[2.140s]   project has asked CMake to find a package configuration file provided by
[2.140s]   "tutorial_interfaces", but CMake did not find one.
[2.141s] 
[2.141s]   Could not find a package configuration file provided by
[2.141s]   "tutorial_interfaces" with any of the following names:
[2.141s] 
[2.141s]     tutorial_interfaces.cps
[2.141s]     tutorial_interfacesConfig.cmake
[2.141s]     tutorial_interfaces-config.cmake
[2.142s] 
[2.142s]   Add the installation prefix of "tutorial_interfaces" to CMAKE_PREFIX_PATH
[2.142s]   or set "tutorial_interfaces_DIR" to a directory containing one of the above
[2.142s]   files.  If "tutorial_interfaces" provides a separate development package or
[2.142s]   SDK, be sure it has been installed.
[2.142s] 
[2.143s] [0m
[2.144s] -- Configuring incomplete, errors occurred!
