[1.619s] Invoking command in '/home/lunabotics/TAMU_SEDS_Lunabotics/ros2_ws/src/drive': PYTHONPATH=/home/lunabotics/TAMU_SEDS_Lunabotics/ros2_ws/build/drive/prefix_override:/usr/lib/python3/dist-packages/colcon_core/task/python/colcon_distutils_commands:/home/lunabotics/TAMU_SEDS_Lunabotics/ros2_ws/install/drive/lib/python3.10/site-packages:${PYTHONPATH} /usr/bin/python3 -W ignore:setup.py install is deprecated -W ignore:easy_install command is deprecated setup.py egg_info --egg-base ../../build/drive build --build-base /home/lunabotics/TAMU_SEDS_Lunabotics/ros2_ws/build/drive/build install --record /home/lunabotics/TAMU_SEDS_Lunabotics/ros2_ws/build/drive/install.log --single-version-externally-managed
[2.937s] running egg_info
[2.937s] creating ../../build/drive/drive.egg-info
[2.938s] writing ../../build/drive/drive.egg-info/PKG-INFO
[2.939s] writing dependency_links to ../../build/drive/drive.egg-info/dependency_links.txt
[2.941s] writing entry points to ../../build/drive/drive.egg-info/entry_points.txt
[2.941s] writing requirements to ../../build/drive/drive.egg-info/requires.txt
[2.941s] writing top-level names to ../../build/drive/drive.egg-info/top_level.txt
[2.941s] writing manifest file '../../build/drive/drive.egg-info/SOURCES.txt'
[2.942s] reading manifest file '../../build/drive/drive.egg-info/SOURCES.txt'
[2.942s] writing manifest file '../../build/drive/drive.egg-info/SOURCES.txt'
[2.942s] running build
[2.942s] running build_py
[2.942s] creating /home/lunabotics/TAMU_SEDS_Lunabotics/ros2_ws/build/drive/build
[2.942s] creating /home/lunabotics/TAMU_SEDS_Lunabotics/ros2_ws/build/drive/build/lib
[2.942s] creating /home/lunabotics/TAMU_SEDS_Lunabotics/ros2_ws/build/drive/build/lib/drive
[2.942s] copying drive/tank_drive.py -> /home/lunabotics/TAMU_SEDS_Lunabotics/ros2_ws/build/drive/build/lib/drive
[2.943s] copying drive/__init__.py -> /home/lunabotics/TAMU_SEDS_Lunabotics/ros2_ws/build/drive/build/lib/drive
[2.943s] running install
[2.943s] running install_lib
[2.943s] creating /home/lunabotics/TAMU_SEDS_Lunabotics/ros2_ws/install/drive/lib/python3.10/site-packages/drive
[2.943s] copying /home/lunabotics/TAMU_SEDS_Lunabotics/ros2_ws/build/drive/build/lib/drive/tank_drive.py -> /home/lunabotics/TAMU_SEDS_Lunabotics/ros2_ws/install/drive/lib/python3.10/site-packages/drive
[2.943s] copying /home/lunabotics/TAMU_SEDS_Lunabotics/ros2_ws/build/drive/build/lib/drive/__init__.py -> /home/lunabotics/TAMU_SEDS_Lunabotics/ros2_ws/install/drive/lib/python3.10/site-packages/drive
[2.943s] byte-compiling /home/lunabotics/TAMU_SEDS_Lunabotics/ros2_ws/install/drive/lib/python3.10/site-packages/drive/tank_drive.py to tank_drive.cpython-310.pyc
[2.943s] byte-compiling /home/lunabotics/TAMU_SEDS_Lunabotics/ros2_ws/install/drive/lib/python3.10/site-packages/drive/__init__.py to __init__.cpython-310.pyc
[2.943s] running install_egg_info
[2.944s] Copying ../../build/drive/drive.egg-info to /home/lunabotics/TAMU_SEDS_Lunabotics/ros2_ws/install/drive/lib/python3.10/site-packages/drive-0.0.0-py3.10.egg-info
[2.944s] running install_scripts
[2.944s] Installing tank_drive script to /home/lunabotics/TAMU_SEDS_Lunabotics/ros2_ws/install/drive/lib/drive
[2.944s] writing list of installed files to '/home/lunabotics/TAMU_SEDS_Lunabotics/ros2_ws/build/drive/install.log'
[2.953s] Invoked command in '/home/lunabotics/TAMU_SEDS_Lunabotics/ros2_ws/src/drive' returned '0': PYTHONPATH=/home/lunabotics/TAMU_SEDS_Lunabotics/ros2_ws/build/drive/prefix_override:/usr/lib/python3/dist-packages/colcon_core/task/python/colcon_distutils_commands:/home/lunabotics/TAMU_SEDS_Lunabotics/ros2_ws/install/drive/lib/python3.10/site-packages:${PYTHONPATH} /usr/bin/python3 -W ignore:setup.py install is deprecated -W ignore:easy_install command is deprecated setup.py egg_info --egg-base ../../build/drive build --build-base /home/lunabotics/TAMU_SEDS_Lunabotics/ros2_ws/build/drive/build install --record /home/lunabotics/TAMU_SEDS_Lunabotics/ros2_ws/build/drive/install.log --single-version-externally-managed
