[0.067s] Invoking command in '/home/lunabotics/TAMU_SEDS_Lunabotics/ros2_ws/build/unitree_lidar_ros2': CMAKE_PREFIX_PATH=${CMAKE_PREFIX_PATH}:/home/lunabotics/TAMU_SEDS_Lunabotics/ros2_ws/install/drive:/home/lunabotics/TAMU_SEDS_Lunabotics/lunabotics_gnc2026/install/pathing:/home/lunabotics/TAMU_SEDS_Lunabotics/lunabotics_gnc2026/install/central_planner:/opt/ros/humble /home/lunabotics/.local/bin/cmake /home/lunabotics/TAMU_SEDS_Lunabotics/ros2_ws/src/unilidar_sdk2/unitree_lidar_ros2/src/unitree_lidar_ros2 -DCMAKE_INSTALL_PREFIX=/home/lunabotics/TAMU_SEDS_Lunabotics/ros2_ws/install/unitree_lidar_ros2
[0.509s] -- The C compiler identification is GNU 11.4.0
[0.816s] -- The CXX compiler identification is GNU 11.4.0
[0.865s] -- Detecting C compiler ABI info
[1.318s] -- Detecting C compiler ABI info - done
[1.347s] -- Check for working C compiler: /usr/bin/cc - skipped
[1.347s] -- Detecting C compile features
[1.348s] -- Detecting C compile features - done
[1.362s] -- Detecting CXX compiler ABI info
[1.753s] -- Detecting CXX compiler ABI info - done
[1.814s] -- Check for working CXX compiler: /usr/bin/c++ - skipped
[1.815s] -- Detecting CXX compile features
[1.817s] -- Detecting CXX compile features - done
[1.837s] -- Found ament_cmake: 1.3.14 (/opt/ros/humble/share/ament_cmake/cmake)
[2.763s] -- Found Python3: /usr/bin/python3 (found version "3.10.12") found components: Interpreter 
[3.139s] -- Found rclcpp: 16.0.19 (/opt/ros/humble/share/rclcpp/cmake)
[3.435s] -- Found rosidl_generator_c: 3.1.8 (/opt/ros/humble/share/rosidl_generator_c/cmake)
[3.471s] -- Found rosidl_adapter: 3.1.8 (/opt/ros/humble/share/rosidl_adapter/cmake)
[3.523s] -- Found rosidl_generator_cpp: 3.1.8 (/opt/ros/humble/share/rosidl_generator_cpp/cmake)
[3.610s] -- Using all available rosidl_typesupport_c: rosidl_typesupport_fastrtps_c;rosidl_typesupport_introspection_c
[3.727s] -- Using all available rosidl_typesupport_cpp: rosidl_typesupport_fastrtps_cpp;rosidl_typesupport_introspection_cpp
[4.015s] -- Found rmw_implementation_cmake: 6.1.2 (/opt/ros/humble/share/rmw_implementation_cmake/cmake)
[4.030s] -- Found rmw_fastrtps_cpp: 6.2.10 (/opt/ros/humble/share/rmw_fastrtps_cpp/cmake)
[4.665s] -- Found OpenSSL: /usr/lib/aarch64-linux-gnu/libcrypto.so (found version "3.0.2")  
[4.839s] -- Found FastRTPS: /opt/ros/humble/include  
[5.095s] -- Using RMW implementation 'rmw_fastrtps_cpp' as default
[5.158s] -- Performing Test CMAKE_HAVE_LIBC_PTHREAD
[5.612s] -- Performing Test CMAKE_HAVE_LIBC_PTHREAD - Success
[5.616s] -- Found Threads: TRUE  
[6.072s] -- Found geometry_msgs: 4.9.1 (/opt/ros/humble/share/geometry_msgs/cmake)
[6.178s] -- Found pcl_conversions: 2.4.5 (/opt/ros/humble/share/pcl_conversions/cmake)
[6.645s] -- Checking for module 'eigen3'
[6.718s] --   Found eigen3, version 3.4.0
[6.924s] -- Found Eigen: /usr/include/eigen3 (Required is at least version "3.1") 
[6.924s] -- Eigen found (include: /usr/include/eigen3, version: 3.4.0)
[7.022s] -- Checking for module 'flann'
[7.070s] --   Found flann, version 1.9.1
[7.239s] -- Found FLANN: /usr/lib/aarch64-linux-gnu/libflann_cpp.so  
[7.239s] -- FLANN found (include: /usr/include, lib: /usr/lib/aarch64-linux-gnu/libflann_cpp.so)
[10.899s] -- Checking for module 'libusb-1.0'
[10.929s] --   Found libusb-1.0, version 1.0.25
[10.992s] -- Found libusb: /usr/lib/aarch64-linux-gnu/libusb-1.0.so  
[10.995s] -- OpenNI found (version: 1.5.4.0, include: /usr/include/ni, lib: /usr/lib/libOpenNI.so;libusb::libusb)
[11.093s] -- OpenNI2 found (version: 2.2.0.33, include: /usr/include/openni2, lib: /usr/lib/aarch64-linux-gnu/libOpenNI2.so;libusb::libusb)
[11.552s] -- Eigen found (include: /usr/include/eigen3, version: 3.4.0)
[11.568s] -- OpenNI found (version: 1.5.4.0, include: /usr/include/ni, lib: /usr/lib/libOpenNI.so;libusb::libusb)
[11.583s] -- OpenNI2 found (version: 2.2.0.33, include: /usr/include/openni2, lib: /usr/lib/aarch64-linux-gnu/libOpenNI2.so;libusb::libusb)
[12.025s] -- Found Qhull version 8.0.2
[12.473s] -- OpenNI found (version: 1.5.4.0, include: /usr/include/ni, lib: /usr/lib/libOpenNI.so;libusb::libusb)
[12.927s] -- Found PCL_COMMON: /usr/lib/aarch64-linux-gnu/libpcl_common.so  
[12.929s] -- Found PCL_KDTREE: /usr/lib/aarch64-linux-gnu/libpcl_kdtree.so  
[12.931s] -- Found PCL_OCTREE: /usr/lib/aarch64-linux-gnu/libpcl_octree.so  
[12.933s] -- Found PCL_SEARCH: /usr/lib/aarch64-linux-gnu/libpcl_search.so  
[12.935s] -- Found PCL_SAMPLE_CONSENSUS: /usr/lib/aarch64-linux-gnu/libpcl_sample_consensus.so  
[12.938s] -- Found PCL_FILTERS: /usr/lib/aarch64-linux-gnu/libpcl_filters.so  
[12.939s] -- Found PCL_2D: /usr/include/pcl-1.12  
[12.940s] -- Found PCL_GEOMETRY: /usr/include/pcl-1.12  
[12.942s] -- Found PCL_IO: /usr/lib/aarch64-linux-gnu/libpcl_io.so  
[12.945s] -- Found PCL_FEATURES: /usr/lib/aarch64-linux-gnu/libpcl_features.so  
[12.948s] -- Found PCL_ML: /usr/lib/aarch64-linux-gnu/libpcl_ml.so  
[12.950s] -- Found PCL_SEGMENTATION: /usr/lib/aarch64-linux-gnu/libpcl_segmentation.so  
[12.952s] -- Found PCL_VISUALIZATION: /usr/lib/aarch64-linux-gnu/libpcl_visualization.so  
[12.955s] -- Found PCL_SURFACE: /usr/lib/aarch64-linux-gnu/libpcl_surface.so  
[12.957s] -- Found PCL_REGISTRATION: /usr/lib/aarch64-linux-gnu/libpcl_registration.so  
[12.960s] -- Found PCL_KEYPOINTS: /usr/lib/aarch64-linux-gnu/libpcl_keypoints.so  
[12.962s] -- Found PCL_TRACKING: /usr/lib/aarch64-linux-gnu/libpcl_tracking.so  
[12.965s] -- Found PCL_RECOGNITION: /usr/lib/aarch64-linux-gnu/libpcl_recognition.so  
[12.967s] -- Found PCL_STEREO: /usr/lib/aarch64-linux-gnu/libpcl_stereo.so  
[12.969s] -- Found PCL_APPS: /usr/lib/aarch64-linux-gnu/libpcl_apps.so  
[12.971s] -- Found PCL_IN_HAND_SCANNER: /usr/include/pcl-1.12  
[12.972s] -- Found PCL_MODELER: /usr/include/pcl-1.12  
[12.973s] -- Found PCL_POINT_CLOUD_EDITOR: /usr/include/pcl-1.12  
[12.976s] -- Found PCL_OUTOFCORE: /usr/lib/aarch64-linux-gnu/libpcl_outofcore.so  
[12.978s] -- Found PCL_PEOPLE: /usr/lib/aarch64-linux-gnu/libpcl_people.so  
[12.983s] [33mCMake Warning (dev) at CMakeLists.txt:23 (find_package):
[12.983s]   Policy CMP0074 is not set: find_package uses <PackageName>_ROOT variables.
[12.983s]   Run "cmake --help-policy CMP0074" for policy details.  Use the cmake_policy
[12.983s]   command to set the policy and suppress this warning.
[12.983s] 
[12.984s]   CMake variable PCL_ROOT is set to:
[12.984s] 
[12.984s]     /usr
[12.984s] 
[12.984s]   For compatibility, CMake is ignoring the variable.
[12.984s] This warning is for project developers.  Use -Wno-dev to suppress it.
[12.984s] [0m
[13.009s] -- Found tf2_ros: 0.25.20 (/opt/ros/humble/share/tf2_ros/cmake)
[17.858s] -- Configuring done
[18.059s] -- Generating done
[18.089s] -- Build files have been written to: /home/lunabotics/TAMU_SEDS_Lunabotics/ros2_ws/build/unitree_lidar_ros2
