[0.088s] Invoking command in '/home/lunabotics/TAMU_SEDS_Lunabotics/ros2_ws/build/sensors': CMAKE_PREFIX_PATH=${CMAKE_PREFIX_PATH}:/home/lunabotics/TAMU_SEDS_Lunabotics/ros2_ws/install/drive:/home/lunabotics/TAMU_SEDS_Lunabotics/lunabotics_gnc2026/install/pathing:/home/lunabotics/TAMU_SEDS_Lunabotics/lunabotics_gnc2026/install/central_planner:/opt/ros/humble /home/lunabotics/.local/bin/cmake --build /home/lunabotics/TAMU_SEDS_Lunabotics/ros2_ws/build/sensors -- -j6 -l6
[0.340s] -- Found ament_cmake: 1.3.14 (/opt/ros/humble/share/ament_cmake/cmake)
[1.084s] -- Found rclcpp: 16.0.19 (/opt/ros/humble/share/rclcpp/cmake)
[1.318s] -- Found rosidl_generator_c: 3.1.8 (/opt/ros/humble/share/rosidl_generator_c/cmake)
[1.336s] -- Found rosidl_adapter: 3.1.8 (/opt/ros/humble/share/rosidl_adapter/cmake)
[1.386s] -- Found rosidl_generator_cpp: 3.1.8 (/opt/ros/humble/share/rosidl_generator_cpp/cmake)
[1.452s] -- Using all available rosidl_typesupport_c: rosidl_typesupport_fastrtps_c;rosidl_typesupport_introspection_c
[1.553s] -- Using all available rosidl_typesupport_cpp: rosidl_typesupport_fastrtps_cpp;rosidl_typesupport_introspection_cpp
[1.801s] -- Found rmw_implementation_cmake: 6.1.2 (/opt/ros/humble/share/rmw_implementation_cmake/cmake)
[1.820s] -- Found rmw_fastrtps_cpp: 6.2.10 (/opt/ros/humble/share/rmw_fastrtps_cpp/cmake)
[2.383s] -- Using RMW implementation 'rmw_fastrtps_cpp' as default
[2.717s] -- Found sensor_msgs: 4.9.1 (/opt/ros/humble/share/sensor_msgs/cmake)
[2.918s] -- Found tutorial_interfaces: 0.0.0 (/home/lunabotics/TAMU_SEDS_Lunabotics/ros2_ws/install/tutorial_interfaces/share/tutorial_interfaces/cmake)
[3.429s] -- Configuring done
[3.526s] -- Generating done
[3.552s] -- Build files have been written to: /home/lunabotics/TAMU_SEDS_Lunabotics/ros2_ws/build/sensors
[3.647s] [35m[1mConsolidate compiler generated dependencies of target imu_talker[0m
[3.658s] [35m[1mConsolidate compiler generated dependencies of target imu_raw[0m
[3.769s] [ 25%] [32mBuilding CXX object CMakeFiles/imu_raw.dir/src/imu_raw_pub.cpp.o[0m
[3.774s] [ 75%] Built target imu_talker
[20.048s] [100%] [32m[1mLinking CXX executable imu_raw[0m
[20.624s] [100%] Built target imu_raw
