running egg_info
creating ../../build/new_pico/new_pico.egg-info
writing ../../build/new_pico/new_pico.egg-info/PKG-INFO
writing dependency_links to ../../build/new_pico/new_pico.egg-info/dependency_links.txt
writing entry points to ../../build/new_pico/new_pico.egg-info/entry_points.txt
writing requirements to ../../build/new_pico/new_pico.egg-info/requires.txt
writing top-level names to ../../build/new_pico/new_pico.egg-info/top_level.txt
writing manifest file '../../build/new_pico/new_pico.egg-info/SOURCES.txt'
reading manifest file '../../build/new_pico/new_pico.egg-info/SOURCES.txt'
writing manifest file '../../build/new_pico/new_pico.egg-info/SOURCES.txt'
running build
running build_py
creating /home/lunabotics/TAMU_SEDS_Lunabotics/ros2_ws/build/new_pico/build
creating /home/lunabotics/TAMU_SEDS_Lunabotics/ros2_ws/build/new_pico/build/lib
creating /home/lunabotics/TAMU_SEDS_Lunabotics/ros2_ws/build/new_pico/build/lib/new_pico
copying new_pico/picoDrive.py -> /home/lunabotics/TAMU_SEDS_Lunabotics/ros2_ws/build/new_pico/build/lib/new_pico
copying new_pico/__init__.py -> /home/lunabotics/TAMU_SEDS_Lunabotics/ros2_ws/build/new_pico/build/lib/new_pico
running install
running install_lib
creating /home/lunabotics/TAMU_SEDS_Lunabotics/ros2_ws/install/new_pico/lib/python3.10/site-packages/new_pico
copying /home/lunabotics/TAMU_SEDS_Lunabotics/ros2_ws/build/new_pico/build/lib/new_pico/picoDrive.py -> /home/lunabotics/TAMU_SEDS_Lunabotics/ros2_ws/install/new_pico/lib/python3.10/site-packages/new_pico
copying /home/lunabotics/TAMU_SEDS_Lunabotics/ros2_ws/build/new_pico/build/lib/new_pico/__init__.py -> /home/lunabotics/TAMU_SEDS_Lunabotics/ros2_ws/install/new_pico/lib/python3.10/site-packages/new_pico
byte-compiling /home/lunabotics/TAMU_SEDS_Lunabotics/ros2_ws/install/new_pico/lib/python3.10/site-packages/new_pico/picoDrive.py to picoDrive.cpython-310.pyc
byte-compiling /home/lunabotics/TAMU_SEDS_Lunabotics/ros2_ws/install/new_pico/lib/python3.10/site-packages/new_pico/__init__.py to __init__.cpython-310.pyc
running install_data
creating /home/lunabotics/TAMU_SEDS_Lunabotics/ros2_ws/install/new_pico/share/ament_index
creating /home/lunabotics/TAMU_SEDS_Lunabotics/ros2_ws/install/new_pico/share/ament_index/resource_index
creating /home/lunabotics/TAMU_SEDS_Lunabotics/ros2_ws/install/new_pico/share/ament_index/resource_index/packages
copying resource/new_pico -> /home/lunabotics/TAMU_SEDS_Lunabotics/ros2_ws/install/new_pico/share/ament_index/resource_index/packages
copying package.xml -> /home/lunabotics/TAMU_SEDS_Lunabotics/ros2_ws/install/new_pico/share/new_pico
running install_egg_info
Copying ../../build/new_pico/new_pico.egg-info to /home/lunabotics/TAMU_SEDS_Lunabotics/ros2_ws/install/new_pico/lib/python3.10/site-packages/new_pico-0.0.0-py3.10.egg-info
running install_scripts
writing list of installed files to '/home/lunabotics/TAMU_SEDS_Lunabotics/ros2_ws/build/new_pico/install.log'
