[0.078s] Invoking command in '/home/lunabotics/TAMU_SEDS_Lunabotics/ros2_ws/build/orbbec_camera': CMAKE_PREFIX_PATH=/home/lunabotics/TAMU_SEDS_Lunabotics/ros2_ws/install/orbbec_camera_msgs:/home/lunabotics/TAMU_SEDS_Lunabotics/ros2_ws/install/unitree_lidar_ros2:/home/lunabotics/TAMU_SEDS_Lunabotics/ros2_ws/install/tutorial_interfaces:/home/lunabotics/TAMU_SEDS_Lunabotics/ros2_ws/install/sensors:/home/lunabotics/TAMU_SEDS_Lunabotics/ros2_ws/install/orbbec_description:/home/lunabotics/TAMU_SEDS_Lunabotics/ros2_ws/install/orbbec_camera:/home/lunabotics/TAMU_SEDS_Lunabotics/ros2_ws/install/kiss_icp:/home/lunabotics/TAMU_SEDS_Lunabotics/ros2_ws/install/imu_reader:/home/lunabotics/TAMU_SEDS_Lunabotics/ros2_ws/install/cpp_srvcli:/home/lunabotics/TAMU_SEDS_Lunabotics/ros2_ws/install/cpp_pubsub:/home/lunabotics/TAMU_SEDS_Lunabotics/ros2_ws/install/astra_camera:/home/lunabotics/TAMU_SEDS_Lunabotics/ros2_ws/install/astra_camera_msgs:/home/lunabotics/TAMU_SEDS_Lunabotics/lunabotics_gnc2026/install/bringup:/home/lunabotics/TAMU_SEDS_Lunabotics/lunabotics_gnc2026/install/sim:/home/lunabotics/TAMU_SEDS_Lunabotics/lunabotics_gnc2026/install/pathing2:/home/lunabotics/TAMU_SEDS_Lunabotics/lunabotics_gnc2026/install/lidar:/home/lunabotics/TAMU_SEDS_Lunabotics/lunabotics_gnc2026/install/lidar_preproc:/home/lunabotics/TAMU_SEDS_Lunabotics/lunabotics_gnc2026/install/guidance:/home/lunabotics/TAMU_SEDS_Lunabotics/lunabotics_gnc2026/install/dump:/home/lunabotics/TAMU_SEDS_Lunabotics/lunabotics_gnc2026/install/control:/home/lunabotics/TAMU_SEDS_Lunabotics/lunabotics_gnc2026/install/auger:/home/lunabotics/TAMU_SEDS_Lunabotics/lunabotics_gnc2026/install/gnc_interfaces:/home/lunabotics/TAMU_SEDS_Lunabotics/lunabotics_gnc2026/install/cameracpp:/home/lunabotics/TAMU_SEDS_Lunabotics/ros2_ws/src/unilidar_sdk2/install/unitree_lidar_ros2:/home/lunabotics/TAMU_SEDS_Lunabotics/ros2_ws/install/pico_motor_control:/home/lunabotics/TAMU_SEDS_Lunabotics/ros2_ws/install/pico_2nd_pck:/home/lunabotics/TAMU_SEDS_Lunabotics/ros2_ws/install/drive:/home/lunabotics/TAMU_SEDS_Lunabotics/lunabotics_gnc2026/install/pathing:/home/lunabotics/TAMU_SEDS_Lunabotics/lunabotics_gnc2026/install/central_planner:/opt/ros/humble LD_LIBRARY_PATH=/home/lunabotics/TAMU_SEDS_Lunabotics/ros2_ws/install/orbbec_camera_msgs/lib:/home/lunabotics/TAMU_SEDS_Lunabotics/ros2_ws/install/tutorial_interfaces/lib:/home/lunabotics/TAMU_SEDS_Lunabotics/ros2_ws/install/orbbec_camera/lib:/home/lunabotics/TAMU_SEDS_Lunabotics/ros2_ws/install/kiss_icp/lib:/home/lunabotics/TAMU_SEDS_Lunabotics/ros2_ws/install/astra_camera/lib:/home/lunabotics/TAMU_SEDS_Lunabotics/ros2_ws/install/astra_camera_msgs/lib:/home/lunabotics/TAMU_SEDS_Lunabotics/lunabotics_gnc2026/install/gnc_interfaces/lib:/opt/ros/humble/opt/rviz_ogre_vendor/lib:/opt/ros/humble/lib/aarch64-linux-gnu:/opt/ros/humble/lib /home/lunabotics/.local/bin/cmake /home/lunabotics/TAMU_SEDS_Lunabotics/ros2_ws/src/OrbbecSDK_ROS2/orbbec_camera -DCMAKE_INSTALL_PREFIX=/home/lunabotics/TAMU_SEDS_Lunabotics/ros2_ws/install/orbbec_camera
[0.329s] -- The C compiler identification is GNU 11.4.0
[0.463s] -- The CXX compiler identification is GNU 11.4.0
[0.491s] -- Detecting C compiler ABI info
[0.625s] -- Detecting C compiler ABI info - done
[0.643s] -- Check for working C compiler: /usr/bin/cc - skipped
[0.644s] -- Detecting C compile features
[0.644s] -- Detecting C compile features - done
[0.656s] -- Detecting CXX compiler ABI info
[0.830s] -- Detecting CXX compiler ABI info - done
[0.849s] -- Check for working CXX compiler: /usr/bin/c++ - skipped
[0.850s] -- Detecting CXX compile features
[0.851s] -- Detecting CXX compile features - done
[0.861s] -- Found ament_cmake: 1.3.14 (/opt/ros/humble/share/ament_cmake/cmake)
[1.549s] -- Found Python3: /usr/bin/python3 (found version "3.10.12") found components: Interpreter 
[2.338s] -- Found ament_index_cpp: 1.4.1 (/opt/ros/humble/share/ament_index_cpp/cmake)
[2.399s] -- Found builtin_interfaces: 1.2.2 (/opt/ros/humble/share/builtin_interfaces/cmake)
[2.699s] -- Found rosidl_generator_c: 3.1.8 (/opt/ros/humble/share/rosidl_generator_c/cmake)
[2.743s] -- Found rosidl_adapter: 3.1.8 (/opt/ros/humble/share/rosidl_adapter/cmake)
[2.806s] -- Found rosidl_generator_cpp: 3.1.8 (/opt/ros/humble/share/rosidl_generator_cpp/cmake)
[2.903s] -- Using all available rosidl_typesupport_c: rosidl_typesupport_fastrtps_c;rosidl_typesupport_introspection_c
[3.042s] -- Using all available rosidl_typesupport_cpp: rosidl_typesupport_fastrtps_cpp;rosidl_typesupport_introspection_cpp
[3.196s] -- Found cv_bridge: 3.2.1 (/opt/ros/humble/share/cv_bridge/cmake)
[3.515s] -- Found camera_info_manager: 3.1.12 (/opt/ros/humble/share/camera_info_manager/cmake)
[3.764s] -- Found rmw_implementation_cmake: 6.1.2 (/opt/ros/humble/share/rmw_implementation_cmake/cmake)
[3.777s] -- Found rmw_fastrtps_cpp: 6.2.10 (/opt/ros/humble/share/rmw_fastrtps_cpp/cmake)
[4.046s] -- Found OpenSSL: /usr/lib/aarch64-linux-gnu/libcrypto.so (found version "3.0.2")  
[4.124s] -- Found FastRTPS: /opt/ros/humble/include  
[4.233s] -- Using RMW implementation 'rmw_fastrtps_cpp' as default
[4.263s] -- Performing Test CMAKE_HAVE_LIBC_PTHREAD
[4.503s] -- Performing Test CMAKE_HAVE_LIBC_PTHREAD - Success
[4.507s] -- Found Threads: TRUE  
[4.680s] -- Found image_transport: 3.1.12 (/opt/ros/humble/share/image_transport/cmake)
[4.803s] -- Found image_publisher: 3.0.9 (/opt/ros/humble/share/image_publisher/cmake)
[4.889s] -- Found OpenCV: /usr (found version "4.8.0") 
[4.890s] -- Found orbbec_camera_msgs: 2.8.6 (/home/lunabotics/TAMU_SEDS_Lunabotics/ros2_ws/install/orbbec_camera_msgs/share/orbbec_camera_msgs/cmake)
[4.936s] -- Found std_srvs: 4.9.1 (/opt/ros/humble/share/std_srvs/cmake)
[4.965s] -- Found tf2: 0.25.20 (/opt/ros/humble/share/tf2/cmake)
[4.981s] -- Found tf2_msgs: 0.25.20 (/opt/ros/humble/share/tf2_msgs/cmake)
[5.128s] -- Found tf2_ros: 0.25.20 (/opt/ros/humble/share/tf2_ros/cmake)
[5.181s] -- Found tf2_sensor_msgs: 0.25.20 (/opt/ros/humble/share/tf2_sensor_msgs/cmake)
[5.209s] -- Found diagnostic_updater: 4.0.6 (/opt/ros/humble/share/diagnostic_updater/cmake)
[5.291s] -- Found PkgConfig: /usr/bin/pkg-config (found version "0.29.2") 
[5.317s] -- ORRBEC Machine : aarch64
[5.317s] 
[5.317s] -- ORRBEC Machine Bits : 64
[5.317s] 
[6.328s] -- Found ament_lint_auto: 0.12.15 (/opt/ros/humble/share/ament_lint_auto/cmake)
[6.493s] -- Configuring done
[7.050s] -- Generating done
[7.883s] -- Build files have been written to: /home/lunabotics/TAMU_SEDS_Lunabotics/ros2_ws/build/orbbec_camera
