[1.312s] Invoking command in '/home/lunabotics/TAMU_SEDS_Lunabotics/ros2_ws/src/pico_motor_control': PYTHONPATH=/home/lunabotics/TAMU_SEDS_Lunabotics/ros2_ws/build/pico_motor_control/prefix_override:/usr/lib/python3/dist-packages/colcon_core/task/python/colcon_distutils_commands:/home/lunabotics/TAMU_SEDS_Lunabotics/ros2_ws/install/pico_motor_control/lib/python3.10/site-packages:${PYTHONPATH} /usr/bin/python3 -W ignore:setup.py install is deprecated -W ignore:easy_install command is deprecated setup.py egg_info --egg-base ../../build/pico_motor_control build --build-base /home/lunabotics/TAMU_SEDS_Lunabotics/ros2_ws/build/pico_motor_control/build install --record /home/lunabotics/TAMU_SEDS_Lunabotics/ros2_ws/build/pico_motor_control/install.log --single-version-externally-managed install_data
[1.799s] running egg_info
[1.800s] writing ../../build/pico_motor_control/pico_motor_control.egg-info/PKG-INFO
[1.801s] writing dependency_links to ../../build/pico_motor_control/pico_motor_control.egg-info/dependency_links.txt
[1.801s] writing entry points to ../../build/pico_motor_control/pico_motor_control.egg-info/entry_points.txt
[1.801s] writing requirements to ../../build/pico_motor_control/pico_motor_control.egg-info/requires.txt
[1.802s] writing top-level names to ../../build/pico_motor_control/pico_motor_control.egg-info/top_level.txt
[1.806s] reading manifest file '../../build/pico_motor_control/pico_motor_control.egg-info/SOURCES.txt'
[1.807s] writing manifest file '../../build/pico_motor_control/pico_motor_control.egg-info/SOURCES.txt'
[1.807s] running build
[1.808s] running build_py
[1.808s] running install
[1.809s] running install_lib
[1.811s] running install_data
[1.811s] running install_egg_info
[1.816s] removing '/home/lunabotics/TAMU_SEDS_Lunabotics/ros2_ws/install/pico_motor_control/lib/python3.10/site-packages/pico_motor_control-0.0.0-py3.10.egg-info' (and everything under it)
[1.817s] Copying ../../build/pico_motor_control/pico_motor_control.egg-info to /home/lunabotics/TAMU_SEDS_Lunabotics/ros2_ws/install/pico_motor_control/lib/python3.10/site-packages/pico_motor_control-0.0.0-py3.10.egg-info
[1.819s] running install_scripts
[1.858s] Installing motor_controller script to /home/lunabotics/TAMU_SEDS_Lunabotics/ros2_ws/install/pico_motor_control/lib/pico_motor_control
[1.859s] writing list of installed files to '/home/lunabotics/TAMU_SEDS_Lunabotics/ros2_ws/build/pico_motor_control/install.log'
[1.922s] Invoked command in '/home/lunabotics/TAMU_SEDS_Lunabotics/ros2_ws/src/pico_motor_control' returned '0': PYTHONPATH=/home/lunabotics/TAMU_SEDS_Lunabotics/ros2_ws/build/pico_motor_control/prefix_override:/usr/lib/python3/dist-packages/colcon_core/task/python/colcon_distutils_commands:/home/lunabotics/TAMU_SEDS_Lunabotics/ros2_ws/install/pico_motor_control/lib/python3.10/site-packages:${PYTHONPATH} /usr/bin/python3 -W ignore:setup.py install is deprecated -W ignore:easy_install command is deprecated setup.py egg_info --egg-base ../../build/pico_motor_control build --build-base /home/lunabotics/TAMU_SEDS_Lunabotics/ros2_ws/build/pico_motor_control/build install --record /home/lunabotics/TAMU_SEDS_Lunabotics/ros2_ws/build/pico_motor_control/install.log --single-version-externally-managed install_data
