[2.105s] Invoking command in '/home/lunabotics/TAMU_SEDS_Lunabotics/ros2_ws/src/drive': PYTHONPATH=/home/lunabotics/TAMU_SEDS_Lunabotics/ros2_ws/build/drive/prefix_override:/usr/lib/python3/dist-packages/colcon_core/task/python/colcon_distutils_commands:/home/lunabotics/TAMU_SEDS_Lunabotics/ros2_ws/install/drive/lib/python3.10/site-packages:${PYTHONPATH} /usr/bin/python3 -W ignore:setup.py install is deprecated -W ignore:easy_install command is deprecated setup.py egg_info --egg-base ../../build/drive build --build-base /home/lunabotics/TAMU_SEDS_Lunabotics/ros2_ws/build/drive/build install --record /home/lunabotics/TAMU_SEDS_Lunabotics/ros2_ws/build/drive/install.log --single-version-externally-managed install_data
[3.272s] running egg_info
[3.272s] creating ../../build/drive/drive.egg-info
[3.272s] writing ../../build/drive/drive.egg-info/PKG-INFO
[3.272s] writing dependency_links to ../../build/drive/drive.egg-info/dependency_links.txt
[3.272s] writing entry points to ../../build/drive/drive.egg-info/entry_points.txt
[3.273s] writing requirements to ../../build/drive/drive.egg-info/requires.txt
[3.273s] writing top-level names to ../../build/drive/drive.egg-info/top_level.txt
[3.273s] writing manifest file '../../build/drive/drive.egg-info/SOURCES.txt'
[3.273s] reading manifest file '../../build/drive/drive.egg-info/SOURCES.txt'
[3.273s] writing manifest file '../../build/drive/drive.egg-info/SOURCES.txt'
[3.273s] running build
[3.273s] running build_py
[3.274s] creating /home/lunabotics/TAMU_SEDS_Lunabotics/ros2_ws/build/drive/build
[3.274s] creating /home/lunabotics/TAMU_SEDS_Lunabotics/ros2_ws/build/drive/build/lib
[3.274s] creating /home/lunabotics/TAMU_SEDS_Lunabotics/ros2_ws/build/drive/build/lib/drive
[3.274s] copying drive/pico_drive.py -> /home/lunabotics/TAMU_SEDS_Lunabotics/ros2_ws/build/drive/build/lib/drive
[3.274s] copying drive/auto_drive.py -> /home/lunabotics/TAMU_SEDS_Lunabotics/ros2_ws/build/drive/build/lib/drive
[3.274s] copying drive/tank_drive.py -> /home/lunabotics/TAMU_SEDS_Lunabotics/ros2_ws/build/drive/build/lib/drive
[3.274s] copying drive/camera.py -> /home/lunabotics/TAMU_SEDS_Lunabotics/ros2_ws/build/drive/build/lib/drive
[3.274s] copying drive/auto_pub_test.py -> /home/lunabotics/TAMU_SEDS_Lunabotics/ros2_ws/build/drive/build/lib/drive
[3.275s] copying drive/tank_drive_uart.py -> /home/lunabotics/TAMU_SEDS_Lunabotics/ros2_ws/build/drive/build/lib/drive
[3.276s] copying drive/__init__.py -> /home/lunabotics/TAMU_SEDS_Lunabotics/ros2_ws/build/drive/build/lib/drive
[3.277s] copying drive/pico_drive_encoders.py -> /home/lunabotics/TAMU_SEDS_Lunabotics/ros2_ws/build/drive/build/lib/drive
[3.277s] running install
[3.278s] running install_lib
[3.278s] creating /home/lunabotics/TAMU_SEDS_Lunabotics/ros2_ws/install/drive/lib/python3.10/site-packages/drive
[3.279s] copying /home/lunabotics/TAMU_SEDS_Lunabotics/ros2_ws/build/drive/build/lib/drive/pico_drive.py -> /home/lunabotics/TAMU_SEDS_Lunabotics/ros2_ws/install/drive/lib/python3.10/site-packages/drive
[3.279s] copying /home/lunabotics/TAMU_SEDS_Lunabotics/ros2_ws/build/drive/build/lib/drive/auto_drive.py -> /home/lunabotics/TAMU_SEDS_Lunabotics/ros2_ws/install/drive/lib/python3.10/site-packages/drive
[3.280s] copying /home/lunabotics/TAMU_SEDS_Lunabotics/ros2_ws/build/drive/build/lib/drive/tank_drive.py -> /home/lunabotics/TAMU_SEDS_Lunabotics/ros2_ws/install/drive/lib/python3.10/site-packages/drive
[3.280s] copying /home/lunabotics/TAMU_SEDS_Lunabotics/ros2_ws/build/drive/build/lib/drive/camera.py -> /home/lunabotics/TAMU_SEDS_Lunabotics/ros2_ws/install/drive/lib/python3.10/site-packages/drive
[3.281s] copying /home/lunabotics/TAMU_SEDS_Lunabotics/ros2_ws/build/drive/build/lib/drive/auto_pub_test.py -> /home/lunabotics/TAMU_SEDS_Lunabotics/ros2_ws/install/drive/lib/python3.10/site-packages/drive
[3.281s] copying /home/lunabotics/TAMU_SEDS_Lunabotics/ros2_ws/build/drive/build/lib/drive/tank_drive_uart.py -> /home/lunabotics/TAMU_SEDS_Lunabotics/ros2_ws/install/drive/lib/python3.10/site-packages/drive
[3.282s] copying /home/lunabotics/TAMU_SEDS_Lunabotics/ros2_ws/build/drive/build/lib/drive/__init__.py -> /home/lunabotics/TAMU_SEDS_Lunabotics/ros2_ws/install/drive/lib/python3.10/site-packages/drive
[3.283s] copying /home/lunabotics/TAMU_SEDS_Lunabotics/ros2_ws/build/drive/build/lib/drive/pico_drive_encoders.py -> /home/lunabotics/TAMU_SEDS_Lunabotics/ros2_ws/install/drive/lib/python3.10/site-packages/drive
[3.283s] byte-compiling /home/lunabotics/TAMU_SEDS_Lunabotics/ros2_ws/install/drive/lib/python3.10/site-packages/drive/pico_drive.py to pico_drive.cpython-310.pyc
[3.293s] byte-compiling /home/lunabotics/TAMU_SEDS_Lunabotics/ros2_ws/install/drive/lib/python3.10/site-packages/drive/auto_drive.py to auto_drive.cpython-310.pyc
[3.295s] byte-compiling /home/lunabotics/TAMU_SEDS_Lunabotics/ros2_ws/install/drive/lib/python3.10/site-packages/drive/tank_drive.py to tank_drive.cpython-310.pyc
[3.296s] byte-compiling /home/lunabotics/TAMU_SEDS_Lunabotics/ros2_ws/install/drive/lib/python3.10/site-packages/drive/camera.py to camera.cpython-310.pyc
[3.297s] byte-compiling /home/lunabotics/TAMU_SEDS_Lunabotics/ros2_ws/install/drive/lib/python3.10/site-packages/drive/auto_pub_test.py to auto_pub_test.cpython-310.pyc
[3.302s] byte-compiling /home/lunabotics/TAMU_SEDS_Lunabotics/ros2_ws/install/drive/lib/python3.10/site-packages/drive/tank_drive_uart.py to tank_drive_uart.cpython-310.pyc
[3.303s] byte-compiling /home/lunabotics/TAMU_SEDS_Lunabotics/ros2_ws/install/drive/lib/python3.10/site-packages/drive/__init__.py to __init__.cpython-310.pyc
[3.304s] byte-compiling /home/lunabotics/TAMU_SEDS_Lunabotics/ros2_ws/install/drive/lib/python3.10/site-packages/drive/pico_drive_encoders.py to pico_drive_encoders.cpython-310.pyc
[3.304s] running install_data
[3.305s] creating /home/lunabotics/TAMU_SEDS_Lunabotics/ros2_ws/install/drive/share/ament_index
[3.305s] creating /home/lunabotics/TAMU_SEDS_Lunabotics/ros2_ws/install/drive/share/ament_index/resource_index
[3.306s] creating /home/lunabotics/TAMU_SEDS_Lunabotics/ros2_ws/install/drive/share/ament_index/resource_index/packages
[3.307s] copying resource/drive -> /home/lunabotics/TAMU_SEDS_Lunabotics/ros2_ws/install/drive/share/ament_index/resource_index/packages
[3.307s] copying package.xml -> /home/lunabotics/TAMU_SEDS_Lunabotics/ros2_ws/install/drive/share/drive
[3.308s] creating /home/lunabotics/TAMU_SEDS_Lunabotics/ros2_ws/install/drive/share/drive/launch
[3.309s] copying launch/drive.launch.py -> /home/lunabotics/TAMU_SEDS_Lunabotics/ros2_ws/install/drive/share/drive/launch
[3.309s] running install_egg_info
[3.310s] Copying ../../build/drive/drive.egg-info to /home/lunabotics/TAMU_SEDS_Lunabotics/ros2_ws/install/drive/lib/python3.10/site-packages/drive-0.0.0-py3.10.egg-info
[3.310s] running install_scripts
[3.311s] Installing auto_drive script to /home/lunabotics/TAMU_SEDS_Lunabotics/ros2_ws/install/drive/lib/drive
[3.311s] Installing auto_pub_test script to /home/lunabotics/TAMU_SEDS_Lunabotics/ros2_ws/install/drive/lib/drive
[3.312s] Installing camera script to /home/lunabotics/TAMU_SEDS_Lunabotics/ros2_ws/install/drive/lib/drive
[3.314s] Installing pico_drive script to /home/lunabotics/TAMU_SEDS_Lunabotics/ros2_ws/install/drive/lib/drive
[3.315s] Installing pico_drive_encoders script to /home/lunabotics/TAMU_SEDS_Lunabotics/ros2_ws/install/drive/lib/drive
[3.315s] Installing tank_drive script to /home/lunabotics/TAMU_SEDS_Lunabotics/ros2_ws/install/drive/lib/drive
[3.317s] Installing tank_drive_uart script to /home/lunabotics/TAMU_SEDS_Lunabotics/ros2_ws/install/drive/lib/drive
[3.317s] writing list of installed files to '/home/lunabotics/TAMU_SEDS_Lunabotics/ros2_ws/build/drive/install.log'
[3.319s] Invoked command in '/home/lunabotics/TAMU_SEDS_Lunabotics/ros2_ws/src/drive' returned '0': PYTHONPATH=/home/lunabotics/TAMU_SEDS_Lunabotics/ros2_ws/build/drive/prefix_override:/usr/lib/python3/dist-packages/colcon_core/task/python/colcon_distutils_commands:/home/lunabotics/TAMU_SEDS_Lunabotics/ros2_ws/install/drive/lib/python3.10/site-packages:${PYTHONPATH} /usr/bin/python3 -W ignore:setup.py install is deprecated -W ignore:easy_install command is deprecated setup.py egg_info --egg-base ../../build/drive build --build-base /home/lunabotics/TAMU_SEDS_Lunabotics/ros2_ws/build/drive/build install --record /home/lunabotics/TAMU_SEDS_Lunabotics/ros2_ws/build/drive/install.log --single-version-externally-managed install_data
