[0.808s] Invoking command in '/home/lunabotics/TAMU_SEDS_Lunabotics/ros2_ws/build/imu_reader': CMAKE_PREFIX_PATH=${CMAKE_PREFIX_PATH}:/home/lunabotics/TAMU_SEDS_Lunabotics/lunabotics_gnc2026/install/pathing:/home/lunabotics/TAMU_SEDS_Lunabotics/lunabotics_gnc2026/install/central_planner:/home/lunabotics/TAMU_SEDS_Lunabotics/ros2_ws/install/pico_motor_control:/home/lunabotics/TAMU_SEDS_Lunabotics/ros2_ws/install/pico_2nd_pck:/home/lunabotics/TAMU_SEDS_Lunabotics/ros2_ws/install/drive:/home/lunabotics/TAMU_SEDS_Lunabotics/ros2_ws/install/central_planner:/opt/ros/humble /home/lunabotics/.local/bin/cmake /home/lunabotics/TAMU_SEDS_Lunabotics/ros2_ws/src/imu_reader -DCMAKE_INSTALL_PREFIX=/home/lunabotics/TAMU_SEDS_Lunabotics/ros2_ws/install/imu_reader
[1.670s] -- The C compiler identification is GNU 11.4.0
[1.788s] -- The CXX compiler identification is GNU 11.4.0
[1.809s] -- Detecting C compiler ABI info
[1.926s] -- Detecting C compiler ABI info - done
[1.943s] -- Check for working C compiler: /usr/bin/cc - skipped
[1.943s] -- Detecting C compile features
[1.944s] -- Detecting C compile features - done
[1.951s] -- Detecting CXX compiler ABI info
[2.106s] -- Detecting CXX compiler ABI info - done
[2.123s] -- Check for working CXX compiler: /usr/bin/c++ - skipped
[2.124s] -- Detecting CXX compile features
[2.126s] -- Detecting CXX compile features - done
[2.134s] -- Found ament_cmake: 1.3.14 (/opt/ros/humble/share/ament_cmake/cmake)
[2.456s] -- Found Python3: /usr/bin/python3 (found version "3.10.12") found components: Interpreter 
[2.684s] -- Found ament_lint_auto: 0.12.15 (/opt/ros/humble/share/ament_lint_auto/cmake)
[2.877s] -- Added test 'lint_cmake' to check CMake code style
[2.881s] -- Added test 'xmllint' to check XML markup files
[2.887s] -- Configuring done
[2.896s] -- Generating done
[2.901s] -- Build files have been written to: /home/lunabotics/TAMU_SEDS_Lunabotics/ros2_ws/build/imu_reader
[2.932s] Invoked command in '/home/lunabotics/TAMU_SEDS_Lunabotics/ros2_ws/build/imu_reader' returned '0': CMAKE_PREFIX_PATH=${CMAKE_PREFIX_PATH}:/home/lunabotics/TAMU_SEDS_Lunabotics/lunabotics_gnc2026/install/pathing:/home/lunabotics/TAMU_SEDS_Lunabotics/lunabotics_gnc2026/install/central_planner:/home/lunabotics/TAMU_SEDS_Lunabotics/ros2_ws/install/pico_motor_control:/home/lunabotics/TAMU_SEDS_Lunabotics/ros2_ws/install/pico_2nd_pck:/home/lunabotics/TAMU_SEDS_Lunabotics/ros2_ws/install/drive:/home/lunabotics/TAMU_SEDS_Lunabotics/ros2_ws/install/central_planner:/opt/ros/humble /home/lunabotics/.local/bin/cmake /home/lunabotics/TAMU_SEDS_Lunabotics/ros2_ws/src/imu_reader -DCMAKE_INSTALL_PREFIX=/home/lunabotics/TAMU_SEDS_Lunabotics/ros2_ws/install/imu_reader
[2.934s] Invoking command in '/home/lunabotics/TAMU_SEDS_Lunabotics/ros2_ws/build/imu_reader': CMAKE_PREFIX_PATH=${CMAKE_PREFIX_PATH}:/home/lunabotics/TAMU_SEDS_Lunabotics/lunabotics_gnc2026/install/pathing:/home/lunabotics/TAMU_SEDS_Lunabotics/lunabotics_gnc2026/install/central_planner:/home/lunabotics/TAMU_SEDS_Lunabotics/ros2_ws/install/pico_motor_control:/home/lunabotics/TAMU_SEDS_Lunabotics/ros2_ws/install/pico_2nd_pck:/home/lunabotics/TAMU_SEDS_Lunabotics/ros2_ws/install/drive:/home/lunabotics/TAMU_SEDS_Lunabotics/ros2_ws/install/central_planner:/opt/ros/humble /home/lunabotics/.local/bin/cmake --build /home/lunabotics/TAMU_SEDS_Lunabotics/ros2_ws/build/imu_reader -- -j6 -l6
[3.614s] Invoked command in '/home/lunabotics/TAMU_SEDS_Lunabotics/ros2_ws/build/imu_reader' returned '0': CMAKE_PREFIX_PATH=${CMAKE_PREFIX_PATH}:/home/lunabotics/TAMU_SEDS_Lunabotics/lunabotics_gnc2026/install/pathing:/home/lunabotics/TAMU_SEDS_Lunabotics/lunabotics_gnc2026/install/central_planner:/home/lunabotics/TAMU_SEDS_Lunabotics/ros2_ws/install/pico_motor_control:/home/lunabotics/TAMU_SEDS_Lunabotics/ros2_ws/install/pico_2nd_pck:/home/lunabotics/TAMU_SEDS_Lunabotics/ros2_ws/install/drive:/home/lunabotics/TAMU_SEDS_Lunabotics/ros2_ws/install/central_planner:/opt/ros/humble /home/lunabotics/.local/bin/cmake --build /home/lunabotics/TAMU_SEDS_Lunabotics/ros2_ws/build/imu_reader -- -j6 -l6
[3.691s] Invoking command in '/home/lunabotics/TAMU_SEDS_Lunabotics/ros2_ws/build/imu_reader': CMAKE_PREFIX_PATH=${CMAKE_PREFIX_PATH}:/home/lunabotics/TAMU_SEDS_Lunabotics/lunabotics_gnc2026/install/pathing:/home/lunabotics/TAMU_SEDS_Lunabotics/lunabotics_gnc2026/install/central_planner:/home/lunabotics/TAMU_SEDS_Lunabotics/ros2_ws/install/pico_motor_control:/home/lunabotics/TAMU_SEDS_Lunabotics/ros2_ws/install/pico_2nd_pck:/home/lunabotics/TAMU_SEDS_Lunabotics/ros2_ws/install/drive:/home/lunabotics/TAMU_SEDS_Lunabotics/ros2_ws/install/central_planner:/opt/ros/humble /home/lunabotics/.local/bin/cmake --install /home/lunabotics/TAMU_SEDS_Lunabotics/ros2_ws/build/imu_reader
[3.770s] -- Install configuration: ""
[3.770s] -- Installing: /home/lunabotics/TAMU_SEDS_Lunabotics/ros2_ws/install/imu_reader/share/ament_index/resource_index/package_run_dependencies/imu_reader
[3.771s] -- Installing: /home/lunabotics/TAMU_SEDS_Lunabotics/ros2_ws/install/imu_reader/share/ament_index/resource_index/parent_prefix_path/imu_reader
[3.772s] -- Installing: /home/lunabotics/TAMU_SEDS_Lunabotics/ros2_ws/install/imu_reader/share/imu_reader/environment/ament_prefix_path.sh
[3.772s] -- Installing: /home/lunabotics/TAMU_SEDS_Lunabotics/ros2_ws/install/imu_reader/share/imu_reader/environment/ament_prefix_path.dsv
[3.772s] -- Installing: /home/lunabotics/TAMU_SEDS_Lunabotics/ros2_ws/install/imu_reader/share/imu_reader/environment/path.sh
[3.773s] -- Installing: /home/lunabotics/TAMU_SEDS_Lunabotics/ros2_ws/install/imu_reader/share/imu_reader/environment/path.dsv
[3.773s] -- Installing: /home/lunabotics/TAMU_SEDS_Lunabotics/ros2_ws/install/imu_reader/share/imu_reader/local_setup.bash
[3.774s] -- Installing: /home/lunabotics/TAMU_SEDS_Lunabotics/ros2_ws/install/imu_reader/share/imu_reader/local_setup.sh
[3.774s] -- Installing: /home/lunabotics/TAMU_SEDS_Lunabotics/ros2_ws/install/imu_reader/share/imu_reader/local_setup.zsh
[3.775s] -- Installing: /home/lunabotics/TAMU_SEDS_Lunabotics/ros2_ws/install/imu_reader/share/imu_reader/local_setup.dsv
[3.775s] -- Installing: /home/lunabotics/TAMU_SEDS_Lunabotics/ros2_ws/install/imu_reader/share/imu_reader/package.dsv
[3.775s] -- Installing: /home/lunabotics/TAMU_SEDS_Lunabotics/ros2_ws/install/imu_reader/share/ament_index/resource_index/packages/imu_reader
[3.776s] -- Installing: /home/lunabotics/TAMU_SEDS_Lunabotics/ros2_ws/install/imu_reader/share/imu_reader/cmake/imu_readerConfig.cmake
[3.776s] -- Installing: /home/lunabotics/TAMU_SEDS_Lunabotics/ros2_ws/install/imu_reader/share/imu_reader/cmake/imu_readerConfig-version.cmake
[3.777s] -- Installing: /home/lunabotics/TAMU_SEDS_Lunabotics/ros2_ws/install/imu_reader/share/imu_reader/package.xml
[3.793s] Invoked command in '/home/lunabotics/TAMU_SEDS_Lunabotics/ros2_ws/build/imu_reader' returned '0': CMAKE_PREFIX_PATH=${CMAKE_PREFIX_PATH}:/home/lunabotics/TAMU_SEDS_Lunabotics/lunabotics_gnc2026/install/pathing:/home/lunabotics/TAMU_SEDS_Lunabotics/lunabotics_gnc2026/install/central_planner:/home/lunabotics/TAMU_SEDS_Lunabotics/ros2_ws/install/pico_motor_control:/home/lunabotics/TAMU_SEDS_Lunabotics/ros2_ws/install/pico_2nd_pck:/home/lunabotics/TAMU_SEDS_Lunabotics/ros2_ws/install/drive:/home/lunabotics/TAMU_SEDS_Lunabotics/ros2_ws/install/central_planner:/opt/ros/humble /home/lunabotics/.local/bin/cmake --install /home/lunabotics/TAMU_SEDS_Lunabotics/ros2_ws/build/imu_reader
