[0.081s] Invoking command in '/home/lunabotics/TAMU_SEDS_Lunabotics/ros2_ws/build/unitree_lidar_ros': /home/lunabotics/.local/bin/cmake /home/lunabotics/TAMU_SEDS_Lunabotics/ros2_ws/src/unilidar_sdk2/unitree_lidar_ros/src/unitree_lidar_ros -DCATKIN_INSTALL_INTO_PREFIX_ROOT=0 -DCMAKE_INSTALL_PREFIX=/home/lunabotics/TAMU_SEDS_Lunabotics/ros2_ws/install/unitree_lidar_ros
[0.184s] [0mCMake Deprecation Warning at CMakeLists.txt:1 (cmake_minimum_required):
[0.184s]   Compatibility with CMake < 2.8.12 will be removed from a future version of
[0.184s]   CMake.
[0.184s] 
[0.184s]   Update the VERSION argument <min> value or use a ...<max> suffix to tell
[0.185s]   CMake that the project does not need compatibility with older versions.
[0.185s] 
[0.185s] [0m
[0.554s] -- The C compiler identification is GNU 11.4.0
[0.983s] -- The CXX compiler identification is GNU 11.4.0
[1.042s] -- Detecting C compiler ABI info
[1.252s] -- Detecting C compiler ABI info - done
[1.280s] -- Check for working C compiler: /usr/bin/cc - skipped
[1.280s] -- Detecting C compile features
[1.282s] -- Detecting C compile features - done
[1.302s] -- Detecting CXX compiler ABI info
[1.660s] -- Detecting CXX compiler ABI info - done
[1.698s] -- Check for working CXX compiler: /usr/bin/c++ - skipped
[1.699s] -- Detecting CXX compile features
[1.703s] -- Detecting CXX compile features - done
[1.933s] -- Checking for module 'eigen3'
[2.157s] --   Found eigen3, version 3.4.0
[2.356s] -- Found Eigen: /usr/include/eigen3 (Required is at least version "3.1") 
[2.356s] -- Eigen found (include: /usr/include/eigen3, version: 3.4.0)
[2.683s] -- Checking for module 'flann'
[2.780s] --   Found flann, version 1.9.1
[3.176s] -- Found FLANN: /usr/lib/aarch64-linux-gnu/libflann_cpp.so  
[3.176s] -- FLANN found (include: /usr/include, lib: /usr/lib/aarch64-linux-gnu/libflann_cpp.so)
[22.586s] -- Checking for module 'libusb-1.0'
[22.622s] --   Found libusb-1.0, version 1.0.25
[22.721s] -- Found libusb: /usr/lib/aarch64-linux-gnu/libusb-1.0.so  
[22.728s] -- OpenNI found (version: 1.5.4.0, include: /usr/include/ni, lib: /usr/lib/libOpenNI.so;libusb::libusb)
[23.159s] -- OpenNI2 found (version: 2.2.0.33, include: /usr/include/openni2, lib: /usr/lib/aarch64-linux-gnu/libOpenNI2.so;libusb::libusb)
[23.918s] -- Eigen found (include: /usr/include/eigen3, version: 3.4.0)
[23.933s] -- OpenNI found (version: 1.5.4.0, include: /usr/include/ni, lib: /usr/lib/libOpenNI.so;libusb::libusb)
[23.950s] -- OpenNI2 found (version: 2.2.0.33, include: /usr/include/openni2, lib: /usr/lib/aarch64-linux-gnu/libOpenNI2.so;libusb::libusb)
[24.450s] -- Found Qhull version 8.0.2
[25.005s] -- OpenNI found (version: 1.5.4.0, include: /usr/include/ni, lib: /usr/lib/libOpenNI.so;libusb::libusb)
[25.542s] -- Found PCL_COMMON: /usr/lib/aarch64-linux-gnu/libpcl_common.so  
[25.544s] -- Found PCL_KDTREE: /usr/lib/aarch64-linux-gnu/libpcl_kdtree.so  
[25.549s] -- Found PCL_OCTREE: /usr/lib/aarch64-linux-gnu/libpcl_octree.so  
[25.552s] -- Found PCL_SEARCH: /usr/lib/aarch64-linux-gnu/libpcl_search.so  
[25.555s] -- Found PCL_SAMPLE_CONSENSUS: /usr/lib/aarch64-linux-gnu/libpcl_sample_consensus.so  
[25.557s] -- Found PCL_FILTERS: /usr/lib/aarch64-linux-gnu/libpcl_filters.so  
[25.558s] -- Found PCL_2D: /usr/include/pcl-1.12  
[25.559s] -- Found PCL_GEOMETRY: /usr/include/pcl-1.12  
[25.561s] -- Found PCL_IO: /usr/lib/aarch64-linux-gnu/libpcl_io.so  
[25.563s] -- Found PCL_FEATURES: /usr/lib/aarch64-linux-gnu/libpcl_features.so  
[25.566s] -- Found PCL_ML: /usr/lib/aarch64-linux-gnu/libpcl_ml.so  
[25.569s] -- Found PCL_SEGMENTATION: /usr/lib/aarch64-linux-gnu/libpcl_segmentation.so  
[25.571s] -- Found PCL_VISUALIZATION: /usr/lib/aarch64-linux-gnu/libpcl_visualization.so  
[25.574s] -- Found PCL_SURFACE: /usr/lib/aarch64-linux-gnu/libpcl_surface.so  
[25.576s] -- Found PCL_REGISTRATION: /usr/lib/aarch64-linux-gnu/libpcl_registration.so  
[25.579s] -- Found PCL_KEYPOINTS: /usr/lib/aarch64-linux-gnu/libpcl_keypoints.so  
[25.582s] -- Found PCL_TRACKING: /usr/lib/aarch64-linux-gnu/libpcl_tracking.so  
[25.586s] -- Found PCL_RECOGNITION: /usr/lib/aarch64-linux-gnu/libpcl_recognition.so  
[25.589s] -- Found PCL_STEREO: /usr/lib/aarch64-linux-gnu/libpcl_stereo.so  
[25.591s] -- Found PCL_APPS: /usr/lib/aarch64-linux-gnu/libpcl_apps.so  
[25.593s] -- Found PCL_IN_HAND_SCANNER: /usr/include/pcl-1.12  
[25.594s] -- Found PCL_MODELER: /usr/include/pcl-1.12  
[25.595s] -- Found PCL_POINT_CLOUD_EDITOR: /usr/include/pcl-1.12  
[25.598s] -- Found PCL_OUTOFCORE: /usr/lib/aarch64-linux-gnu/libpcl_outofcore.so  
[25.600s] -- Found PCL_PEOPLE: /usr/lib/aarch64-linux-gnu/libpcl_people.so  
[25.626s] [31mCMake Error at CMakeLists.txt:11 (find_package):
[25.626s]   By not providing "Findcatkin.cmake" in CMAKE_MODULE_PATH this project has
[25.626s]   asked CMake to find a package configuration file provided by "catkin", but
[25.627s]   CMake did not find one.
[25.627s] 
[25.627s]   Could not find a package configuration file provided by "catkin" with any
[25.627s]   of the following names:
[25.628s] 
[25.628s]     catkinConfig.cmake
[25.628s]     catkin-config.cmake
[25.628s] 
[25.629s]   Add the installation prefix of "catkin" to CMAKE_PREFIX_PATH or set
[25.629s]   "catkin_DIR" to a directory containing one of the above files.  If "catkin"
[25.629s]   provides a separate development package or SDK, be sure it has been
[25.629s]   installed.
[25.629s] 
[25.629s] [0m
[25.629s] -- Configuring incomplete, errors occurred!
[25.629s] See also "/home/lunabotics/TAMU_SEDS_Lunabotics/ros2_ws/build/unitree_lidar_ros/CMakeFiles/CMakeOutput.log".
