[3.777s] Invoking command in '/home/lunabotics/TAMU_SEDS_Lunabotics/ros2_ws/src/drive': PYTHONPATH=/home/lunabotics/TAMU_SEDS_Lunabotics/ros2_ws/build/drive/prefix_override:/usr/lib/python3/dist-packages/colcon_core/task/python/colcon_distutils_commands:/home/lunabotics/TAMU_SEDS_Lunabotics/ros2_ws/install/drive/lib/python3.10/site-packages:${PYTHONPATH} /usr/bin/python3 -W ignore:setup.py install is deprecated -W ignore:easy_install command is deprecated setup.py egg_info --egg-base ../../build/drive build --build-base /home/lunabotics/TAMU_SEDS_Lunabotics/ros2_ws/build/drive/build install --record /home/lunabotics/TAMU_SEDS_Lunabotics/ros2_ws/build/drive/install.log --single-version-externally-managed install_data
[4.622s] running egg_info
[4.626s] writing ../../build/drive/drive.egg-info/PKG-INFO
[4.632s] writing dependency_links to ../../build/drive/drive.egg-info/dependency_links.txt
[4.633s] writing entry points to ../../build/drive/drive.egg-info/entry_points.txt
[4.635s] writing requirements to ../../build/drive/drive.egg-info/requires.txt
[4.639s] writing top-level names to ../../build/drive/drive.egg-info/top_level.txt
[4.684s] reading manifest file '../../build/drive/drive.egg-info/SOURCES.txt'
[4.687s] writing manifest file '../../build/drive/drive.egg-info/SOURCES.txt'
[4.688s] running build
[4.688s] running build_py
[4.695s] running install
[4.696s] running install_lib
[4.702s] running install_data
[4.703s] running install_egg_info
[4.713s] removing '/home/lunabotics/TAMU_SEDS_Lunabotics/ros2_ws/install/drive/lib/python3.10/site-packages/drive-0.0.0-py3.10.egg-info' (and everything under it)
[4.716s] Copying ../../build/drive/drive.egg-info to /home/lunabotics/TAMU_SEDS_Lunabotics/ros2_ws/install/drive/lib/python3.10/site-packages/drive-0.0.0-py3.10.egg-info
[4.723s] running install_scripts
[4.854s] Installing auto_drive script to /home/lunabotics/TAMU_SEDS_Lunabotics/ros2_ws/install/drive/lib/drive
[4.859s] Installing auto_pub_test script to /home/lunabotics/TAMU_SEDS_Lunabotics/ros2_ws/install/drive/lib/drive
[4.860s] Installing camera script to /home/lunabotics/TAMU_SEDS_Lunabotics/ros2_ws/install/drive/lib/drive
[4.861s] Installing pico_drive script to /home/lunabotics/TAMU_SEDS_Lunabotics/ros2_ws/install/drive/lib/drive
[4.862s] Installing pico_drive_encoders script to /home/lunabotics/TAMU_SEDS_Lunabotics/ros2_ws/install/drive/lib/drive
[4.863s] Installing tank_drive script to /home/lunabotics/TAMU_SEDS_Lunabotics/ros2_ws/install/drive/lib/drive
[4.864s] Installing tank_drive_uart script to /home/lunabotics/TAMU_SEDS_Lunabotics/ros2_ws/install/drive/lib/drive
[4.865s] writing list of installed files to '/home/lunabotics/TAMU_SEDS_Lunabotics/ros2_ws/build/drive/install.log'
[5.110s] Invoked command in '/home/lunabotics/TAMU_SEDS_Lunabotics/ros2_ws/src/drive' returned '0': PYTHONPATH=/home/lunabotics/TAMU_SEDS_Lunabotics/ros2_ws/build/drive/prefix_override:/usr/lib/python3/dist-packages/colcon_core/task/python/colcon_distutils_commands:/home/lunabotics/TAMU_SEDS_Lunabotics/ros2_ws/install/drive/lib/python3.10/site-packages:${PYTHONPATH} /usr/bin/python3 -W ignore:setup.py install is deprecated -W ignore:easy_install command is deprecated setup.py egg_info --egg-base ../../build/drive build --build-base /home/lunabotics/TAMU_SEDS_Lunabotics/ros2_ws/build/drive/build install --record /home/lunabotics/TAMU_SEDS_Lunabotics/ros2_ws/build/drive/install.log --single-version-externally-managed install_data
