[0.019s] Invoking command in '/home/lunabotics/TAMU_SEDS_Lunabotics/ros2_ws/build/orbbec_camera_msgs': CMAKE_PREFIX_PATH=/opt/ros/humble /home/lunabotics/.local/bin/cmake --build /home/lunabotics/TAMU_SEDS_Lunabotics/ros2_ws/build/orbbec_camera_msgs -- -j6 -l6
[0.125s] [35m[1mConsolidate compiler generated dependencies of target orbbec_camera_msgs__rosidl_generator_c[0m
[0.127s] [  1%] Built target orbbec_camera_msgs__rs
[0.133s] [  1%] Built target orbbec_camera_msgs__cpp
[0.143s] [  1%] Built target ament_cmake_python_copy_orbbec_camera_msgs
[0.156s] [ 13%] Built target orbbec_camera_msgs__rosidl_generator_c
[0.159s] [35m[1mConsolidate compiler generated dependencies of target orbbec_camera_msgs__rosidl_typesupport_introspection_cpp[0m
[0.161s] [35m[1mConsolidate compiler generated dependencies of target orbbec_camera_msgs__rosidl_typesupport_cpp[0m
[0.167s] [35m[1mConsolidate compiler generated dependencies of target orbbec_camera_msgs__rosidl_typesupport_fastrtps_cpp[0m
[0.180s] [35m[1mConsolidate compiler generated dependencies of target orbbec_camera_msgs__rosidl_typesupport_introspection_c[0m
[0.214s] [35m[1mConsolidate compiler generated dependencies of target orbbec_camera_msgs__rosidl_typesupport_fastrtps_c[0m
[0.241s] [ 25%] Built target orbbec_camera_msgs__rosidl_typesupport_introspection_cpp
[0.258s] [ 37%] Built target orbbec_camera_msgs__rosidl_typesupport_introspection_c
[0.265s] [ 49%] Built target orbbec_camera_msgs__rosidl_typesupport_cpp
[0.272s] [ 61%] Built target orbbec_camera_msgs__rosidl_typesupport_fastrtps_cpp
[0.283s] [ 73%] Built target orbbec_camera_msgs__rosidl_typesupport_fastrtps_c
[0.287s] [35m[1mConsolidate compiler generated dependencies of target orbbec_camera_msgs__rosidl_typesupport_c[0m
[0.310s] [ 85%] Built target orbbec_camera_msgs__rosidl_typesupport_c
[0.327s] [ 85%] Built target orbbec_camera_msgs
[0.349s] [ 86%] Built target orbbec_camera_msgs__py
[0.368s] [35m[1mConsolidate compiler generated dependencies of target orbbec_camera_msgs__rosidl_generator_py[0m
[0.427s] [ 97%] Built target orbbec_camera_msgs__rosidl_generator_py
[0.437s] [35m[1mConsolidate compiler generated dependencies of target orbbec_camera_msgs__rosidl_typesupport_introspection_c__pyext[0m
[0.438s] [35m[1mConsolidate compiler generated dependencies of target orbbec_camera_msgs__rosidl_typesupport_fastrtps_c__pyext[0m
[0.438s] [35m[1mConsolidate compiler generated dependencies of target orbbec_camera_msgs__rosidl_typesupport_c__pyext[0m
[0.463s] [ 99%] Built target orbbec_camera_msgs__rosidl_typesupport_introspection_c__pyext
[0.463s] [ 99%] Built target orbbec_camera_msgs__rosidl_typesupport_c__pyext
[0.469s] [100%] Built target orbbec_camera_msgs__rosidl_typesupport_fastrtps_c__pyext
[0.655s] running egg_info
[0.656s] writing orbbec_camera_msgs.egg-info/PKG-INFO
[0.657s] writing dependency_links to orbbec_camera_msgs.egg-info/dependency_links.txt
[0.657s] writing top-level names to orbbec_camera_msgs.egg-info/top_level.txt
[0.663s] reading manifest file 'orbbec_camera_msgs.egg-info/SOURCES.txt'
[0.664s] writing manifest file 'orbbec_camera_msgs.egg-info/SOURCES.txt'
[0.724s] [100%] Built target ament_cmake_python_build_orbbec_camera_msgs_egg
[0.747s] Invoked command in '/home/lunabotics/TAMU_SEDS_Lunabotics/ros2_ws/build/orbbec_camera_msgs' returned '0': CMAKE_PREFIX_PATH=/opt/ros/humble /home/lunabotics/.local/bin/cmake --build /home/lunabotics/TAMU_SEDS_Lunabotics/ros2_ws/build/orbbec_camera_msgs -- -j6 -l6
[0.817s] Invoking command in '/home/lunabotics/TAMU_SEDS_Lunabotics/ros2_ws/build/orbbec_camera_msgs': CMAKE_PREFIX_PATH=/opt/ros/humble /home/lunabotics/.local/bin/cmake --install /home/lunabotics/TAMU_SEDS_Lunabotics/ros2_ws/build/orbbec_camera_msgs
[0.875s] -- Install configuration: "Release"
[0.875s] -- Up-to-date: /home/lunabotics/TAMU_SEDS_Lunabotics/ros2_ws/install/orbbec_camera_msgs/share/ament_index/resource_index/rosidl_interfaces/orbbec_camera_msgs
[0.876s] -- Up-to-date: /home/lunabotics/TAMU_SEDS_Lunabotics/ros2_ws/install/orbbec_camera_msgs/include/orbbec_camera_msgs/orbbec_camera_msgs
[0.876s] -- Up-to-date: /home/lunabotics/TAMU_SEDS_Lunabotics/ros2_ws/install/orbbec_camera_msgs/include/orbbec_camera_msgs/orbbec_camera_msgs/msg
[0.876s] -- Up-to-date: /home/lunabotics/TAMU_SEDS_Lunabotics/ros2_ws/install/orbbec_camera_msgs/include/orbbec_camera_msgs/orbbec_camera_msgs/msg/extrinsics.h
[0.877s] -- Up-to-date: /home/lunabotics/TAMU_SEDS_Lunabotics/ros2_ws/install/orbbec_camera_msgs/include/orbbec_camera_msgs/orbbec_camera_msgs/msg/metadata.h
[0.877s] -- Up-to-date: /home/lunabotics/TAMU_SEDS_Lunabotics/ros2_ws/install/orbbec_camera_msgs/include/orbbec_camera_msgs/orbbec_camera_msgs/msg/rgbd.h
[0.877s] -- Up-to-date: /home/lunabotics/TAMU_SEDS_Lunabotics/ros2_ws/install/orbbec_camera_msgs/include/orbbec_camera_msgs/orbbec_camera_msgs/msg/rosidl_generator_c__visibility_control.h
[0.877s] -- Up-to-date: /home/lunabotics/TAMU_SEDS_Lunabotics/ros2_ws/install/orbbec_camera_msgs/include/orbbec_camera_msgs/orbbec_camera_msgs/msg/device_info.h
[0.878s] -- Up-to-date: /home/lunabotics/TAMU_SEDS_Lunabotics/ros2_ws/install/orbbec_camera_msgs/include/orbbec_camera_msgs/orbbec_camera_msgs/msg/depth_filters_status.h
[0.878s] -- Up-to-date: /home/lunabotics/TAMU_SEDS_Lunabotics/ros2_ws/install/orbbec_camera_msgs/include/orbbec_camera_msgs/orbbec_camera_msgs/msg/device_status.h
[0.878s] -- Up-to-date: /home/lunabotics/TAMU_SEDS_Lunabotics/ros2_ws/install/orbbec_camera_msgs/include/orbbec_camera_msgs/orbbec_camera_msgs/msg/depth_filter_param.h
[0.878s] -- Up-to-date: /home/lunabotics/TAMU_SEDS_Lunabotics/ros2_ws/install/orbbec_camera_msgs/include/orbbec_camera_msgs/orbbec_camera_msgs/msg/detail
[0.879s] -- Up-to-date: /home/lunabotics/TAMU_SEDS_Lunabotics/ros2_ws/install/orbbec_camera_msgs/include/orbbec_camera_msgs/orbbec_camera_msgs/msg/detail/extrinsics__functions.h
[0.879s] -- Up-to-date: /home/lunabotics/TAMU_SEDS_Lunabotics/ros2_ws/install/orbbec_camera_msgs/include/orbbec_camera_msgs/orbbec_camera_msgs/msg/detail/imu_info__struct.h
[0.879s] -- Up-to-date: /home/lunabotics/TAMU_SEDS_Lunabotics/ros2_ws/install/orbbec_camera_msgs/include/orbbec_camera_msgs/orbbec_camera_msgs/msg/detail/depth_filter_param__functions.c
[0.879s] -- Up-to-date: /home/lunabotics/TAMU_SEDS_Lunabotics/ros2_ws/install/orbbec_camera_msgs/include/orbbec_camera_msgs/orbbec_camera_msgs/msg/detail/depth_filter_state__functions.h
[0.880s] -- Up-to-date: /home/lunabotics/TAMU_SEDS_Lunabotics/ros2_ws/install/orbbec_camera_msgs/include/orbbec_camera_msgs/orbbec_camera_msgs/msg/detail/device_info__functions.h
[0.880s] -- Up-to-date: /home/lunabotics/TAMU_SEDS_Lunabotics/ros2_ws/install/orbbec_camera_msgs/include/orbbec_camera_msgs/orbbec_camera_msgs/msg/detail/rgbd__struct.h
[0.880s] -- Up-to-date: /home/lunabotics/TAMU_SEDS_Lunabotics/ros2_ws/install/orbbec_camera_msgs/include/orbbec_camera_msgs/orbbec_camera_msgs/msg/detail/depth_filters_status__functions.c
[0.880s] -- Up-to-date: /home/lunabotics/TAMU_SEDS_Lunabotics/ros2_ws/install/orbbec_camera_msgs/include/orbbec_camera_msgs/orbbec_camera_msgs/msg/detail/device_info__type_support.h
[0.881s] -- Up-to-date: /home/lunabotics/TAMU_SEDS_Lunabotics/ros2_ws/install/orbbec_camera_msgs/include/orbbec_camera_msgs/orbbec_camera_msgs/msg/detail/depth_filter_param__type_support.h
[0.881s] -- Up-to-date: /home/lunabotics/TAMU_SEDS_Lunabotics/ros2_ws/install/orbbec_camera_msgs/include/orbbec_camera_msgs/orbbec_camera_msgs/msg/detail/device_status__type_support.h
[0.881s] -- Up-to-date: /home/lunabotics/TAMU_SEDS_Lunabotics/ros2_ws/install/orbbec_camera_msgs/include/orbbec_camera_msgs/orbbec_camera_msgs/msg/detail/rgbd__functions.c
[0.881s] -- Up-to-date: /home/lunabotics/TAMU_SEDS_Lunabotics/ros2_ws/install/orbbec_camera_msgs/include/orbbec_camera_msgs/orbbec_camera_msgs/msg/detail/depth_filter_state__functions.c
[0.882s] -- Up-to-date: /home/lunabotics/TAMU_SEDS_Lunabotics/ros2_ws/install/orbbec_camera_msgs/include/orbbec_camera_msgs/orbbec_camera_msgs/msg/detail/device_status__functions.c
[0.882s] -- Up-to-date: /home/lunabotics/TAMU_SEDS_Lunabotics/ros2_ws/install/orbbec_camera_msgs/include/orbbec_camera_msgs/orbbec_camera_msgs/msg/detail/rgbd__type_support.h
[0.882s] -- Up-to-date: /home/lunabotics/TAMU_SEDS_Lunabotics/ros2_ws/install/orbbec_camera_msgs/include/orbbec_camera_msgs/orbbec_camera_msgs/msg/detail/extrinsics__functions.c
[0.883s] -- Up-to-date: /home/lunabotics/TAMU_SEDS_Lunabotics/ros2_ws/install/orbbec_camera_msgs/include/orbbec_camera_msgs/orbbec_camera_msgs/msg/detail/extrinsics__type_support.h
[0.883s] -- Up-to-date: /home/lunabotics/TAMU_SEDS_Lunabotics/ros2_ws/install/orbbec_camera_msgs/include/orbbec_camera_msgs/orbbec_camera_msgs/msg/detail/depth_filter_param__functions.h
[0.883s] -- Up-to-date: /home/lunabotics/TAMU_SEDS_Lunabotics/ros2_ws/install/orbbec_camera_msgs/include/orbbec_camera_msgs/orbbec_camera_msgs/msg/detail/metadata__struct.h
[0.883s] -- Up-to-date: /home/lunabotics/TAMU_SEDS_Lunabotics/ros2_ws/install/orbbec_camera_msgs/include/orbbec_camera_msgs/orbbec_camera_msgs/msg/detail/metadata__type_support.h
[0.883s] -- Up-to-date: /home/lunabotics/TAMU_SEDS_Lunabotics/ros2_ws/install/orbbec_camera_msgs/include/orbbec_camera_msgs/orbbec_camera_msgs/msg/detail/imu_info__type_support.h
[0.884s] -- Up-to-date: /home/lunabotics/TAMU_SEDS_Lunabotics/ros2_ws/install/orbbec_camera_msgs/include/orbbec_camera_msgs/orbbec_camera_msgs/msg/detail/device_status__struct.h
[0.885s] -- Up-to-date: /home/lunabotics/TAMU_SEDS_Lunabotics/ros2_ws/install/orbbec_camera_msgs/include/orbbec_camera_msgs/orbbec_camera_msgs/msg/detail/metadata__functions.h
[0.885s] -- Up-to-date: /home/lunabotics/TAMU_SEDS_Lunabotics/ros2_ws/install/orbbec_camera_msgs/include/orbbec_camera_msgs/orbbec_camera_msgs/msg/detail/device_status__functions.h
[0.885s] -- Up-to-date: /home/lunabotics/TAMU_SEDS_Lunabotics/ros2_ws/install/orbbec_camera_msgs/include/orbbec_camera_msgs/orbbec_camera_msgs/msg/detail/device_info__functions.c
[0.885s] -- Up-to-date: /home/lunabotics/TAMU_SEDS_Lunabotics/ros2_ws/install/orbbec_camera_msgs/include/orbbec_camera_msgs/orbbec_camera_msgs/msg/detail/imu_info__functions.c
[0.886s] -- Up-to-date: /home/lunabotics/TAMU_SEDS_Lunabotics/ros2_ws/install/orbbec_camera_msgs/include/orbbec_camera_msgs/orbbec_camera_msgs/msg/detail/rgbd__functions.h
[0.886s] -- Up-to-date: /home/lunabotics/TAMU_SEDS_Lunabotics/ros2_ws/install/orbbec_camera_msgs/include/orbbec_camera_msgs/orbbec_camera_msgs/msg/detail/depth_filters_status__struct.h
[0.886s] -- Up-to-date: /home/lunabotics/TAMU_SEDS_Lunabotics/ros2_ws/install/orbbec_camera_msgs/include/orbbec_camera_msgs/orbbec_camera_msgs/msg/detail/device_info__struct.h
[0.886s] -- Up-to-date: /home/lunabotics/TAMU_SEDS_Lunabotics/ros2_ws/install/orbbec_camera_msgs/include/orbbec_camera_msgs/orbbec_camera_msgs/msg/detail/depth_filters_status__type_support.h
[0.886s] -- Up-to-date: /home/lunabotics/TAMU_SEDS_Lunabotics/ros2_ws/install/orbbec_camera_msgs/include/orbbec_camera_msgs/orbbec_camera_msgs/msg/detail/depth_filter_state__struct.h
[0.887s] -- Up-to-date: /home/lunabotics/TAMU_SEDS_Lunabotics/ros2_ws/install/orbbec_camera_msgs/include/orbbec_camera_msgs/orbbec_camera_msgs/msg/detail/extrinsics__struct.h
[0.887s] -- Up-to-date: /home/lunabotics/TAMU_SEDS_Lunabotics/ros2_ws/install/orbbec_camera_msgs/include/orbbec_camera_msgs/orbbec_camera_msgs/msg/detail/metadata__functions.c
[0.887s] -- Up-to-date: /home/lunabotics/TAMU_SEDS_Lunabotics/ros2_ws/install/orbbec_camera_msgs/include/orbbec_camera_msgs/orbbec_camera_msgs/msg/detail/depth_filters_status__functions.h
[0.887s] -- Up-to-date: /home/lunabotics/TAMU_SEDS_Lunabotics/ros2_ws/install/orbbec_camera_msgs/include/orbbec_camera_msgs/orbbec_camera_msgs/msg/detail/imu_info__functions.h
[0.887s] -- Up-to-date: /home/lunabotics/TAMU_SEDS_Lunabotics/ros2_ws/install/orbbec_camera_msgs/include/orbbec_camera_msgs/orbbec_camera_msgs/msg/detail/depth_filter_param__struct.h
[0.888s] -- Up-to-date: /home/lunabotics/TAMU_SEDS_Lunabotics/ros2_ws/install/orbbec_camera_msgs/include/orbbec_camera_msgs/orbbec_camera_msgs/msg/detail/depth_filter_state__type_support.h
[0.888s] -- Up-to-date: /home/lunabotics/TAMU_SEDS_Lunabotics/ros2_ws/install/orbbec_camera_msgs/include/orbbec_camera_msgs/orbbec_camera_msgs/msg/imu_info.h
[0.888s] -- Up-to-date: /home/lunabotics/TAMU_SEDS_Lunabotics/ros2_ws/install/orbbec_camera_msgs/include/orbbec_camera_msgs/orbbec_camera_msgs/msg/depth_filter_state.h
[0.889s] -- Up-to-date: /home/lunabotics/TAMU_SEDS_Lunabotics/ros2_ws/install/orbbec_camera_msgs/include/orbbec_camera_msgs/orbbec_camera_msgs/srv
[0.890s] -- Up-to-date: /home/lunabotics/TAMU_SEDS_Lunabotics/ros2_ws/install/orbbec_camera_msgs/include/orbbec_camera_msgs/orbbec_camera_msgs/srv/get_bool.h
[0.890s] -- Up-to-date: /home/lunabotics/TAMU_SEDS_Lunabotics/ros2_ws/install/orbbec_camera_msgs/include/orbbec_camera_msgs/orbbec_camera_msgs/srv/get_camera_info.h
[0.890s] -- Up-to-date: /home/lunabotics/TAMU_SEDS_Lunabotics/ros2_ws/install/orbbec_camera_msgs/include/orbbec_camera_msgs/orbbec_camera_msgs/srv/get_int32.h
[0.891s] -- Up-to-date: /home/lunabotics/TAMU_SEDS_Lunabotics/ros2_ws/install/orbbec_camera_msgs/include/orbbec_camera_msgs/orbbec_camera_msgs/srv/get_device_info.h
[0.891s] -- Up-to-date: /home/lunabotics/TAMU_SEDS_Lunabotics/ros2_ws/install/orbbec_camera_msgs/include/orbbec_camera_msgs/orbbec_camera_msgs/srv/set_string.h
[0.892s] -- Up-to-date: /home/lunabotics/TAMU_SEDS_Lunabotics/ros2_ws/install/orbbec_camera_msgs/include/orbbec_camera_msgs/orbbec_camera_msgs/srv/get_user_calib_params.h
[0.892s] -- Up-to-date: /home/lunabotics/TAMU_SEDS_Lunabotics/ros2_ws/install/orbbec_camera_msgs/include/orbbec_camera_msgs/orbbec_camera_msgs/srv/detail
[0.892s] -- Up-to-date: /home/lunabotics/TAMU_SEDS_Lunabotics/ros2_ws/install/orbbec_camera_msgs/include/orbbec_camera_msgs/orbbec_camera_msgs/srv/detail/get_bool__functions.c
[0.893s] -- Up-to-date: /home/lunabotics/TAMU_SEDS_Lunabotics/ros2_ws/install/orbbec_camera_msgs/include/orbbec_camera_msgs/orbbec_camera_msgs/srv/detail/get_bool__type_support.h
[0.893s] -- Up-to-date: /home/lunabotics/TAMU_SEDS_Lunabotics/ros2_ws/install/orbbec_camera_msgs/include/orbbec_camera_msgs/orbbec_camera_msgs/srv/detail/set_arrays__functions.c
[0.894s] -- Up-to-date: /home/lunabotics/TAMU_SEDS_Lunabotics/ros2_ws/install/orbbec_camera_msgs/include/orbbec_camera_msgs/orbbec_camera_msgs/srv/detail/set_arrays__functions.h
[0.894s] -- Up-to-date: /home/lunabotics/TAMU_SEDS_Lunabotics/ros2_ws/install/orbbec_camera_msgs/include/orbbec_camera_msgs/orbbec_camera_msgs/srv/detail/get_device_info__struct.h
[0.894s] -- Up-to-date: /home/lunabotics/TAMU_SEDS_Lunabotics/ros2_ws/install/orbbec_camera_msgs/include/orbbec_camera_msgs/orbbec_camera_msgs/srv/detail/get_string__type_support.h
[0.894s] -- Up-to-date: /home/lunabotics/TAMU_SEDS_Lunabotics/ros2_ws/install/orbbec_camera_msgs/include/orbbec_camera_msgs/orbbec_camera_msgs/srv/detail/set_user_calib_params__functions.h
[0.894s] -- Up-to-date: /home/lunabotics/TAMU_SEDS_Lunabotics/ros2_ws/install/orbbec_camera_msgs/include/orbbec_camera_msgs/orbbec_camera_msgs/srv/detail/get_user_calib_params__functions.h
[0.895s] -- Up-to-date: /home/lunabotics/TAMU_SEDS_Lunabotics/ros2_ws/install/orbbec_camera_msgs/include/orbbec_camera_msgs/orbbec_camera_msgs/srv/detail/set_filter__type_support.h
[0.895s] -- Up-to-date: /home/lunabotics/TAMU_SEDS_Lunabotics/ros2_ws/install/orbbec_camera_msgs/include/orbbec_camera_msgs/orbbec_camera_msgs/srv/detail/get_bool__functions.h
[0.895s] -- Up-to-date: /home/lunabotics/TAMU_SEDS_Lunabotics/ros2_ws/install/orbbec_camera_msgs/include/orbbec_camera_msgs/orbbec_camera_msgs/srv/detail/get_bool__struct.h
[0.895s] -- Up-to-date: /home/lunabotics/TAMU_SEDS_Lunabotics/ros2_ws/install/orbbec_camera_msgs/include/orbbec_camera_msgs/orbbec_camera_msgs/srv/detail/set_string__functions.c
[0.896s] -- Up-to-date: /home/lunabotics/TAMU_SEDS_Lunabotics/ros2_ws/install/orbbec_camera_msgs/include/orbbec_camera_msgs/orbbec_camera_msgs/srv/detail/set_int32__functions.h
[0.896s] -- Up-to-date: /home/lunabotics/TAMU_SEDS_Lunabotics/ros2_ws/install/orbbec_camera_msgs/include/orbbec_camera_msgs/orbbec_camera_msgs/srv/detail/set_filter__functions.h
[0.896s] -- Up-to-date: /home/lunabotics/TAMU_SEDS_Lunabotics/ros2_ws/install/orbbec_camera_msgs/include/orbbec_camera_msgs/orbbec_camera_msgs/srv/detail/get_int32__functions.h
[0.896s] -- Up-to-date: /home/lunabotics/TAMU_SEDS_Lunabotics/ros2_ws/install/orbbec_camera_msgs/include/orbbec_camera_msgs/orbbec_camera_msgs/srv/detail/set_int32__functions.c
[0.897s] -- Up-to-date: /home/lunabotics/TAMU_SEDS_Lunabotics/ros2_ws/install/orbbec_camera_msgs/include/orbbec_camera_msgs/orbbec_camera_msgs/srv/detail/get_user_calib_params__type_support.h
[0.897s] -- Up-to-date: /home/lunabotics/TAMU_SEDS_Lunabotics/ros2_ws/install/orbbec_camera_msgs/include/orbbec_camera_msgs/orbbec_camera_msgs/srv/detail/set_string__functions.h
[0.897s] -- Up-to-date: /home/lunabotics/TAMU_SEDS_Lunabotics/ros2_ws/install/orbbec_camera_msgs/include/orbbec_camera_msgs/orbbec_camera_msgs/srv/detail/get_camera_info__functions.c
[0.897s] -- Up-to-date: /home/lunabotics/TAMU_SEDS_Lunabotics/ros2_ws/install/orbbec_camera_msgs/include/orbbec_camera_msgs/orbbec_camera_msgs/srv/detail/get_camera_info__type_support.h
[0.897s] -- Up-to-date: /home/lunabotics/TAMU_SEDS_Lunabotics/ros2_ws/install/orbbec_camera_msgs/include/orbbec_camera_msgs/orbbec_camera_msgs/srv/detail/get_int32__type_support.h
[0.898s] -- Up-to-date: /home/lunabotics/TAMU_SEDS_Lunabotics/ros2_ws/install/orbbec_camera_msgs/include/orbbec_camera_msgs/orbbec_camera_msgs/srv/detail/set_user_calib_params__type_support.h
[0.898s] -- Up-to-date: /home/lunabotics/TAMU_SEDS_Lunabotics/ros2_ws/install/orbbec_camera_msgs/include/orbbec_camera_msgs/orbbec_camera_msgs/srv/detail/set_int32__type_support.h
[0.898s] -- Up-to-date: /home/lunabotics/TAMU_SEDS_Lunabotics/ros2_ws/install/orbbec_camera_msgs/include/orbbec_camera_msgs/orbbec_camera_msgs/srv/detail/set_filter__struct.h
[0.898s] -- Up-to-date: /home/lunabotics/TAMU_SEDS_Lunabotics/ros2_ws/install/orbbec_camera_msgs/include/orbbec_camera_msgs/orbbec_camera_msgs/srv/detail/set_filter__functions.c
[0.899s] -- Up-to-date: /home/lunabotics/TAMU_SEDS_Lunabotics/ros2_ws/install/orbbec_camera_msgs/include/orbbec_camera_msgs/orbbec_camera_msgs/srv/detail/get_user_calib_params__functions.c
[0.899s] -- Up-to-date: /home/lunabotics/TAMU_SEDS_Lunabotics/ros2_ws/install/orbbec_camera_msgs/include/orbbec_camera_msgs/orbbec_camera_msgs/srv/detail/set_user_calib_params__struct.h
[0.900s] -- Up-to-date: /home/lunabotics/TAMU_SEDS_Lunabotics/ros2_ws/install/orbbec_camera_msgs/include/orbbec_camera_msgs/orbbec_camera_msgs/srv/detail/get_camera_info__struct.h
[0.900s] -- Up-to-date: /home/lunabotics/TAMU_SEDS_Lunabotics/ros2_ws/install/orbbec_camera_msgs/include/orbbec_camera_msgs/orbbec_camera_msgs/srv/detail/set_string__type_support.h
[0.900s] -- Up-to-date: /home/lunabotics/TAMU_SEDS_Lunabotics/ros2_ws/install/orbbec_camera_msgs/include/orbbec_camera_msgs/orbbec_camera_msgs/srv/detail/get_string__functions.h
[0.900s] -- Up-to-date: /home/lunabotics/TAMU_SEDS_Lunabotics/ros2_ws/install/orbbec_camera_msgs/include/orbbec_camera_msgs/orbbec_camera_msgs/srv/detail/set_user_calib_params__functions.c
[0.901s] -- Up-to-date: /home/lunabotics/TAMU_SEDS_Lunabotics/ros2_ws/install/orbbec_camera_msgs/include/orbbec_camera_msgs/orbbec_camera_msgs/srv/detail/get_user_calib_params__struct.h
[0.901s] -- Up-to-date: /home/lunabotics/TAMU_SEDS_Lunabotics/ros2_ws/install/orbbec_camera_msgs/include/orbbec_camera_msgs/orbbec_camera_msgs/srv/detail/get_device_info__type_support.h
[0.901s] -- Up-to-date: /home/lunabotics/TAMU_SEDS_Lunabotics/ros2_ws/install/orbbec_camera_msgs/include/orbbec_camera_msgs/orbbec_camera_msgs/srv/detail/get_string__functions.c
[0.902s] -- Up-to-date: /home/lunabotics/TAMU_SEDS_Lunabotics/ros2_ws/install/orbbec_camera_msgs/include/orbbec_camera_msgs/orbbec_camera_msgs/srv/detail/get_device_info__functions.h
[0.902s] -- Up-to-date: /home/lunabotics/TAMU_SEDS_Lunabotics/ros2_ws/install/orbbec_camera_msgs/include/orbbec_camera_msgs/orbbec_camera_msgs/srv/detail/set_string__struct.h
[0.902s] -- Up-to-date: /home/lunabotics/TAMU_SEDS_Lunabotics/ros2_ws/install/orbbec_camera_msgs/include/orbbec_camera_msgs/orbbec_camera_msgs/srv/detail/get_device_info__functions.c
[0.902s] -- Up-to-date: /home/lunabotics/TAMU_SEDS_Lunabotics/ros2_ws/install/orbbec_camera_msgs/include/orbbec_camera_msgs/orbbec_camera_msgs/srv/detail/get_int32__functions.c
[0.903s] -- Up-to-date: /home/lunabotics/TAMU_SEDS_Lunabotics/ros2_ws/install/orbbec_camera_msgs/include/orbbec_camera_msgs/orbbec_camera_msgs/srv/detail/set_arrays__type_support.h
[0.903s] -- Up-to-date: /home/lunabotics/TAMU_SEDS_Lunabotics/ros2_ws/install/orbbec_camera_msgs/include/orbbec_camera_msgs/orbbec_camera_msgs/srv/detail/set_int32__struct.h
[0.903s] -- Up-to-date: /home/lunabotics/TAMU_SEDS_Lunabotics/ros2_ws/install/orbbec_camera_msgs/include/orbbec_camera_msgs/orbbec_camera_msgs/srv/detail/set_arrays__struct.h
[0.903s] -- Up-to-date: /home/lunabotics/TAMU_SEDS_Lunabotics/ros2_ws/install/orbbec_camera_msgs/include/orbbec_camera_msgs/orbbec_camera_msgs/srv/detail/get_int32__struct.h
[0.903s] -- Up-to-date: /home/lunabotics/TAMU_SEDS_Lunabotics/ros2_ws/install/orbbec_camera_msgs/include/orbbec_camera_msgs/orbbec_camera_msgs/srv/detail/get_camera_info__functions.h
[0.903s] -- Up-to-date: /home/lunabotics/TAMU_SEDS_Lunabotics/ros2_ws/install/orbbec_camera_msgs/include/orbbec_camera_msgs/orbbec_camera_msgs/srv/detail/get_string__struct.h
[0.903s] -- Up-to-date: /home/lunabotics/TAMU_SEDS_Lunabotics/ros2_ws/install/orbbec_camera_msgs/include/orbbec_camera_msgs/orbbec_camera_msgs/srv/set_filter.h
[0.904s] -- Up-to-date: /home/lunabotics/TAMU_SEDS_Lunabotics/ros2_ws/install/orbbec_camera_msgs/include/orbbec_camera_msgs/orbbec_camera_msgs/srv/set_user_calib_params.h
[0.904s] -- Up-to-date: /home/lunabotics/TAMU_SEDS_Lunabotics/ros2_ws/install/orbbec_camera_msgs/include/orbbec_camera_msgs/orbbec_camera_msgs/srv/get_string.h
[0.904s] -- Up-to-date: /home/lunabotics/TAMU_SEDS_Lunabotics/ros2_ws/install/orbbec_camera_msgs/include/orbbec_camera_msgs/orbbec_camera_msgs/srv/set_arrays.h
[0.904s] -- Up-to-date: /home/lunabotics/TAMU_SEDS_Lunabotics/ros2_ws/install/orbbec_camera_msgs/include/orbbec_camera_msgs/orbbec_camera_msgs/srv/set_int32.h
[0.904s] -- Up-to-date: /home/lunabotics/TAMU_SEDS_Lunabotics/ros2_ws/install/orbbec_camera_msgs/share/orbbec_camera_msgs/environment/library_path.sh
[0.904s] -- Up-to-date: /home/lunabotics/TAMU_SEDS_Lunabotics/ros2_ws/install/orbbec_camera_msgs/share/orbbec_camera_msgs/environment/library_path.dsv
[0.904s] -- Up-to-date: /home/lunabotics/TAMU_SEDS_Lunabotics/ros2_ws/install/orbbec_camera_msgs/lib/liborbbec_camera_msgs__rosidl_generator_c.so
[0.905s] -- Up-to-date: /home/lunabotics/TAMU_SEDS_Lunabotics/ros2_ws/install/orbbec_camera_msgs/include/orbbec_camera_msgs/orbbec_camera_msgs
[0.905s] -- Up-to-date: /home/lunabotics/TAMU_SEDS_Lunabotics/ros2_ws/install/orbbec_camera_msgs/include/orbbec_camera_msgs/orbbec_camera_msgs/msg
[0.905s] -- Up-to-date: /home/lunabotics/TAMU_SEDS_Lunabotics/ros2_ws/install/orbbec_camera_msgs/include/orbbec_camera_msgs/orbbec_camera_msgs/msg/rosidl_typesupport_fastrtps_c__visibility_control.h
[0.905s] -- Up-to-date: /home/lunabotics/TAMU_SEDS_Lunabotics/ros2_ws/install/orbbec_camera_msgs/include/orbbec_camera_msgs/orbbec_camera_msgs/msg/detail
[0.905s] -- Up-to-date: /home/lunabotics/TAMU_SEDS_Lunabotics/ros2_ws/install/orbbec_camera_msgs/include/orbbec_camera_msgs/orbbec_camera_msgs/msg/detail/rgbd__rosidl_typesupport_fastrtps_c.h
[0.905s] -- Up-to-date: /home/lunabotics/TAMU_SEDS_Lunabotics/ros2_ws/install/orbbec_camera_msgs/include/orbbec_camera_msgs/orbbec_camera_msgs/msg/detail/extrinsics__rosidl_typesupport_fastrtps_c.h
[0.906s] -- Up-to-date: /home/lunabotics/TAMU_SEDS_Lunabotics/ros2_ws/install/orbbec_camera_msgs/include/orbbec_camera_msgs/orbbec_camera_msgs/msg/detail/device_info__rosidl_typesupport_fastrtps_c.h
[0.906s] -- Up-to-date: /home/lunabotics/TAMU_SEDS_Lunabotics/ros2_ws/install/orbbec_camera_msgs/include/orbbec_camera_msgs/orbbec_camera_msgs/msg/detail/depth_filter_param__rosidl_typesupport_fastrtps_c.h
[0.906s] -- Up-to-date: /home/lunabotics/TAMU_SEDS_Lunabotics/ros2_ws/install/orbbec_camera_msgs/include/orbbec_camera_msgs/orbbec_camera_msgs/msg/detail/device_status__rosidl_typesupport_fastrtps_c.h
[0.906s] -- Up-to-date: /home/lunabotics/TAMU_SEDS_Lunabotics/ros2_ws/install/orbbec_camera_msgs/include/orbbec_camera_msgs/orbbec_camera_msgs/msg/detail/depth_filters_status__rosidl_typesupport_fastrtps_c.h
[0.906s] -- Up-to-date: /home/lunabotics/TAMU_SEDS_Lunabotics/ros2_ws/install/orbbec_camera_msgs/include/orbbec_camera_msgs/orbbec_camera_msgs/msg/detail/metadata__rosidl_typesupport_fastrtps_c.h
[0.906s] -- Up-to-date: /home/lunabotics/TAMU_SEDS_Lunabotics/ros2_ws/install/orbbec_camera_msgs/include/orbbec_camera_msgs/orbbec_camera_msgs/msg/detail/imu_info__rosidl_typesupport_fastrtps_c.h
[0.906s] -- Up-to-date: /home/lunabotics/TAMU_SEDS_Lunabotics/ros2_ws/install/orbbec_camera_msgs/include/orbbec_camera_msgs/orbbec_camera_msgs/msg/detail/depth_filter_state__rosidl_typesupport_fastrtps_c.h
[0.907s] -- Up-to-date: /home/lunabotics/TAMU_SEDS_Lunabotics/ros2_ws/install/orbbec_camera_msgs/include/orbbec_camera_msgs/orbbec_camera_msgs/srv
[0.907s] -- Up-to-date: /home/lunabotics/TAMU_SEDS_Lunabotics/ros2_ws/install/orbbec_camera_msgs/include/orbbec_camera_msgs/orbbec_camera_msgs/srv/detail
[0.907s] -- Up-to-date: /home/lunabotics/TAMU_SEDS_Lunabotics/ros2_ws/install/orbbec_camera_msgs/include/orbbec_camera_msgs/orbbec_camera_msgs/srv/detail/get_user_calib_params__rosidl_typesupport_fastrtps_c.h
[0.907s] -- Up-to-date: /home/lunabotics/TAMU_SEDS_Lunabotics/ros2_ws/install/orbbec_camera_msgs/include/orbbec_camera_msgs/orbbec_camera_msgs/srv/detail/get_string__rosidl_typesupport_fastrtps_c.h
[0.907s] -- Up-to-date: /home/lunabotics/TAMU_SEDS_Lunabotics/ros2_ws/install/orbbec_camera_msgs/include/orbbec_camera_msgs/orbbec_camera_msgs/srv/detail/get_device_info__rosidl_typesupport_fastrtps_c.h
[0.907s] -- Up-to-date: /home/lunabotics/TAMU_SEDS_Lunabotics/ros2_ws/install/orbbec_camera_msgs/include/orbbec_camera_msgs/orbbec_camera_msgs/srv/detail/get_camera_info__rosidl_typesupport_fastrtps_c.h
[0.907s] -- Up-to-date: /home/lunabotics/TAMU_SEDS_Lunabotics/ros2_ws/install/orbbec_camera_msgs/include/orbbec_camera_msgs/orbbec_camera_msgs/srv/detail/set_arrays__rosidl_typesupport_fastrtps_c.h
[0.908s] -- Up-to-date: /home/lunabotics/TAMU_SEDS_Lunabotics/ros2_ws/install/orbbec_camera_msgs/include/orbbec_camera_msgs/orbbec_camera_msgs/srv/detail/set_string__rosidl_typesupport_fastrtps_c.h
[0.908s] -- Up-to-date: /home/lunabotics/TAMU_SEDS_Lunabotics/ros2_ws/install/orbbec_camera_msgs/include/orbbec_camera_msgs/orbbec_camera_msgs/srv/detail/set_user_calib_params__rosidl_typesupport_fastrtps_c.h
[0.908s] -- Up-to-date: /home/lunabotics/TAMU_SEDS_Lunabotics/ros2_ws/install/orbbec_camera_msgs/include/orbbec_camera_msgs/orbbec_camera_msgs/srv/detail/get_bool__rosidl_typesupport_fastrtps_c.h
[0.908s] -- Up-to-date: /home/lunabotics/TAMU_SEDS_Lunabotics/ros2_ws/install/orbbec_camera_msgs/include/orbbec_camera_msgs/orbbec_camera_msgs/srv/detail/set_filter__rosidl_typesupport_fastrtps_c.h
[0.908s] -- Up-to-date: /home/lunabotics/TAMU_SEDS_Lunabotics/ros2_ws/install/orbbec_camera_msgs/include/orbbec_camera_msgs/orbbec_camera_msgs/srv/detail/get_int32__rosidl_typesupport_fastrtps_c.h
[0.908s] -- Up-to-date: /home/lunabotics/TAMU_SEDS_Lunabotics/ros2_ws/install/orbbec_camera_msgs/include/orbbec_camera_msgs/orbbec_camera_msgs/srv/detail/set_int32__rosidl_typesupport_fastrtps_c.h
[0.908s] -- Up-to-date: /home/lunabotics/TAMU_SEDS_Lunabotics/ros2_ws/install/orbbec_camera_msgs/lib/liborbbec_camera_msgs__rosidl_typesupport_fastrtps_c.so
[0.909s] -- Up-to-date: /home/lunabotics/TAMU_SEDS_Lunabotics/ros2_ws/install/orbbec_camera_msgs/include/orbbec_camera_msgs/orbbec_camera_msgs
[0.909s] -- Up-to-date: /home/lunabotics/TAMU_SEDS_Lunabotics/ros2_ws/install/orbbec_camera_msgs/include/orbbec_camera_msgs/orbbec_camera_msgs/msg
[0.909s] -- Up-to-date: /home/lunabotics/TAMU_SEDS_Lunabotics/ros2_ws/install/orbbec_camera_msgs/include/orbbec_camera_msgs/orbbec_camera_msgs/msg/rosidl_typesupport_introspection_c__visibility_control.h
[0.909s] -- Up-to-date: /home/lunabotics/TAMU_SEDS_Lunabotics/ros2_ws/install/orbbec_camera_msgs/include/orbbec_camera_msgs/orbbec_camera_msgs/msg/detail
[0.909s] -- Up-to-date: /home/lunabotics/TAMU_SEDS_Lunabotics/ros2_ws/install/orbbec_camera_msgs/include/orbbec_camera_msgs/orbbec_camera_msgs/msg/detail/extrinsics__rosidl_typesupport_introspection_c.h
[0.909s] -- Up-to-date: /home/lunabotics/TAMU_SEDS_Lunabotics/ros2_ws/install/orbbec_camera_msgs/include/orbbec_camera_msgs/orbbec_camera_msgs/msg/detail/imu_info__rosidl_typesupport_introspection_c.h
[0.909s] -- Up-to-date: /home/lunabotics/TAMU_SEDS_Lunabotics/ros2_ws/install/orbbec_camera_msgs/include/orbbec_camera_msgs/orbbec_camera_msgs/msg/detail/device_info__type_support.c
[0.910s] -- Up-to-date: /home/lunabotics/TAMU_SEDS_Lunabotics/ros2_ws/install/orbbec_camera_msgs/include/orbbec_camera_msgs/orbbec_camera_msgs/msg/detail/metadata__type_support.c
[0.910s] -- Up-to-date: /home/lunabotics/TAMU_SEDS_Lunabotics/ros2_ws/install/orbbec_camera_msgs/include/orbbec_camera_msgs/orbbec_camera_msgs/msg/detail/depth_filter_param__type_support.c
[0.910s] -- Up-to-date: /home/lunabotics/TAMU_SEDS_Lunabotics/ros2_ws/install/orbbec_camera_msgs/include/orbbec_camera_msgs/orbbec_camera_msgs/msg/detail/rgbd__rosidl_typesupport_introspection_c.h
[0.910s] -- Up-to-date: /home/lunabotics/TAMU_SEDS_Lunabotics/ros2_ws/install/orbbec_camera_msgs/include/orbbec_camera_msgs/orbbec_camera_msgs/msg/detail/device_status__rosidl_typesupport_introspection_c.h
[0.910s] -- Up-to-date: /home/lunabotics/TAMU_SEDS_Lunabotics/ros2_ws/install/orbbec_camera_msgs/include/orbbec_camera_msgs/orbbec_camera_msgs/msg/detail/depth_filter_param__rosidl_typesupport_introspection_c.h
[0.910s] -- Up-to-date: /home/lunabotics/TAMU_SEDS_Lunabotics/ros2_ws/install/orbbec_camera_msgs/include/orbbec_camera_msgs/orbbec_camera_msgs/msg/detail/depth_filters_status__type_support.c
[0.911s] -- Up-to-date: /home/lunabotics/TAMU_SEDS_Lunabotics/ros2_ws/install/orbbec_camera_msgs/include/orbbec_camera_msgs/orbbec_camera_msgs/msg/detail/metadata__rosidl_typesupport_introspection_c.h
[0.911s] -- Up-to-date: /home/lunabotics/TAMU_SEDS_Lunabotics/ros2_ws/install/orbbec_camera_msgs/include/orbbec_camera_msgs/orbbec_camera_msgs/msg/detail/device_status__type_support.c
[0.911s] -- Up-to-date: /home/lunabotics/TAMU_SEDS_Lunabotics/ros2_ws/install/orbbec_camera_msgs/include/orbbec_camera_msgs/orbbec_camera_msgs/msg/detail/depth_filters_status__rosidl_typesupport_introspection_c.h
[0.911s] -- Up-to-date: /home/lunabotics/TAMU_SEDS_Lunabotics/ros2_ws/install/orbbec_camera_msgs/include/orbbec_camera_msgs/orbbec_camera_msgs/msg/detail/imu_info__type_support.c
[0.911s] -- Up-to-date: /home/lunabotics/TAMU_SEDS_Lunabotics/ros2_ws/install/orbbec_camera_msgs/include/orbbec_camera_msgs/orbbec_camera_msgs/msg/detail/extrinsics__type_support.c
[0.911s] -- Up-to-date: /home/lunabotics/TAMU_SEDS_Lunabotics/ros2_ws/install/orbbec_camera_msgs/include/orbbec_camera_msgs/orbbec_camera_msgs/msg/detail/depth_filter_state__rosidl_typesupport_introspection_c.h
[0.911s] -- Up-to-date: /home/lunabotics/TAMU_SEDS_Lunabotics/ros2_ws/install/orbbec_camera_msgs/include/orbbec_camera_msgs/orbbec_camera_msgs/msg/detail/device_info__rosidl_typesupport_introspection_c.h
[0.912s] -- Up-to-date: /home/lunabotics/TAMU_SEDS_Lunabotics/ros2_ws/install/orbbec_camera_msgs/include/orbbec_camera_msgs/orbbec_camera_msgs/msg/detail/depth_filter_state__type_support.c
[0.912s] -- Up-to-date: /home/lunabotics/TAMU_SEDS_Lunabotics/ros2_ws/install/orbbec_camera_msgs/include/orbbec_camera_msgs/orbbec_camera_msgs/msg/detail/rgbd__type_support.c
[0.912s] -- Up-to-date: /home/lunabotics/TAMU_SEDS_Lunabotics/ros2_ws/install/orbbec_camera_msgs/include/orbbec_camera_msgs/orbbec_camera_msgs/srv
[0.912s] -- Up-to-date: /home/lunabotics/TAMU_SEDS_Lunabotics/ros2_ws/install/orbbec_camera_msgs/include/orbbec_camera_msgs/orbbec_camera_msgs/srv/detail
[0.912s] -- Up-to-date: /home/lunabotics/TAMU_SEDS_Lunabotics/ros2_ws/install/orbbec_camera_msgs/include/orbbec_camera_msgs/orbbec_camera_msgs/srv/detail/set_string__rosidl_typesupport_introspection_c.h
[0.912s] -- Up-to-date: /home/lunabotics/TAMU_SEDS_Lunabotics/ros2_ws/install/orbbec_camera_msgs/include/orbbec_camera_msgs/orbbec_camera_msgs/srv/detail/set_int32__type_support.c
[0.912s] -- Up-to-date: /home/lunabotics/TAMU_SEDS_Lunabotics/ros2_ws/install/orbbec_camera_msgs/include/orbbec_camera_msgs/orbbec_camera_msgs/srv/detail/get_int32__rosidl_typesupport_introspection_c.h
[0.913s] -- Up-to-date: /home/lunabotics/TAMU_SEDS_Lunabotics/ros2_ws/install/orbbec_camera_msgs/include/orbbec_camera_msgs/orbbec_camera_msgs/srv/detail/set_arrays__type_support.c
[0.913s] -- Up-to-date: /home/lunabotics/TAMU_SEDS_Lunabotics/ros2_ws/install/orbbec_camera_msgs/include/orbbec_camera_msgs/orbbec_camera_msgs/srv/detail/set_string__type_support.c
[0.913s] -- Up-to-date: /home/lunabotics/TAMU_SEDS_Lunabotics/ros2_ws/install/orbbec_camera_msgs/include/orbbec_camera_msgs/orbbec_camera_msgs/srv/detail/set_filter__type_support.c
[0.913s] -- Up-to-date: /home/lunabotics/TAMU_SEDS_Lunabotics/ros2_ws/install/orbbec_camera_msgs/include/orbbec_camera_msgs/orbbec_camera_msgs/srv/detail/set_filter__rosidl_typesupport_introspection_c.h
[0.913s] -- Up-to-date: /home/lunabotics/TAMU_SEDS_Lunabotics/ros2_ws/install/orbbec_camera_msgs/include/orbbec_camera_msgs/orbbec_camera_msgs/srv/detail/get_camera_info__type_support.c
[0.914s] -- Up-to-date: /home/lunabotics/TAMU_SEDS_Lunabotics/ros2_ws/install/orbbec_camera_msgs/include/orbbec_camera_msgs/orbbec_camera_msgs/srv/detail/set_arrays__rosidl_typesupport_introspection_c.h
[0.914s] -- Up-to-date: /home/lunabotics/TAMU_SEDS_Lunabotics/ros2_ws/install/orbbec_camera_msgs/include/orbbec_camera_msgs/orbbec_camera_msgs/srv/detail/get_string__rosidl_typesupport_introspection_c.h
[0.914s] -- Up-to-date: /home/lunabotics/TAMU_SEDS_Lunabotics/ros2_ws/install/orbbec_camera_msgs/include/orbbec_camera_msgs/orbbec_camera_msgs/srv/detail/set_int32__rosidl_typesupport_introspection_c.h
[0.914s] -- Up-to-date: /home/lunabotics/TAMU_SEDS_Lunabotics/ros2_ws/install/orbbec_camera_msgs/include/orbbec_camera_msgs/orbbec_camera_msgs/srv/detail/get_device_info__type_support.c
[0.914s] -- Up-to-date: /home/lunabotics/TAMU_SEDS_Lunabotics/ros2_ws/install/orbbec_camera_msgs/include/orbbec_camera_msgs/orbbec_camera_msgs/srv/detail/get_user_calib_params__type_support.c
[0.914s] -- Up-to-date: /home/lunabotics/TAMU_SEDS_Lunabotics/ros2_ws/install/orbbec_camera_msgs/include/orbbec_camera_msgs/orbbec_camera_msgs/srv/detail/get_int32__type_support.c
[0.914s] -- Up-to-date: /home/lunabotics/TAMU_SEDS_Lunabotics/ros2_ws/install/orbbec_camera_msgs/include/orbbec_camera_msgs/orbbec_camera_msgs/srv/detail/set_user_calib_params__type_support.c
[0.915s] -- Up-to-date: /home/lunabotics/TAMU_SEDS_Lunabotics/ros2_ws/install/orbbec_camera_msgs/include/orbbec_camera_msgs/orbbec_camera_msgs/srv/detail/get_bool__rosidl_typesupport_introspection_c.h
[0.915s] -- Up-to-date: /home/lunabotics/TAMU_SEDS_Lunabotics/ros2_ws/install/orbbec_camera_msgs/include/orbbec_camera_msgs/orbbec_camera_msgs/srv/detail/get_device_info__rosidl_typesupport_introspection_c.h
[0.915s] -- Up-to-date: /home/lunabotics/TAMU_SEDS_Lunabotics/ros2_ws/install/orbbec_camera_msgs/include/orbbec_camera_msgs/orbbec_camera_msgs/srv/detail/get_string__type_support.c
[0.915s] -- Up-to-date: /home/lunabotics/TAMU_SEDS_Lunabotics/ros2_ws/install/orbbec_camera_msgs/include/orbbec_camera_msgs/orbbec_camera_msgs/srv/detail/get_user_calib_params__rosidl_typesupport_introspection_c.h
[0.915s] -- Up-to-date: /home/lunabotics/TAMU_SEDS_Lunabotics/ros2_ws/install/orbbec_camera_msgs/include/orbbec_camera_msgs/orbbec_camera_msgs/srv/detail/get_camera_info__rosidl_typesupport_introspection_c.h
[0.915s] -- Up-to-date: /home/lunabotics/TAMU_SEDS_Lunabotics/ros2_ws/install/orbbec_camera_msgs/include/orbbec_camera_msgs/orbbec_camera_msgs/srv/detail/get_bool__type_support.c
[0.915s] -- Up-to-date: /home/lunabotics/TAMU_SEDS_Lunabotics/ros2_ws/install/orbbec_camera_msgs/include/orbbec_camera_msgs/orbbec_camera_msgs/srv/detail/set_user_calib_params__rosidl_typesupport_introspection_c.h
[0.916s] -- Up-to-date: /home/lunabotics/TAMU_SEDS_Lunabotics/ros2_ws/install/orbbec_camera_msgs/lib/liborbbec_camera_msgs__rosidl_typesupport_introspection_c.so
[0.916s] -- Up-to-date: /home/lunabotics/TAMU_SEDS_Lunabotics/ros2_ws/install/orbbec_camera_msgs/lib/liborbbec_camera_msgs__rosidl_typesupport_c.so
[0.916s] -- Up-to-date: /home/lunabotics/TAMU_SEDS_Lunabotics/ros2_ws/install/orbbec_camera_msgs/include/orbbec_camera_msgs/orbbec_camera_msgs
[0.916s] -- Up-to-date: /home/lunabotics/TAMU_SEDS_Lunabotics/ros2_ws/install/orbbec_camera_msgs/include/orbbec_camera_msgs/orbbec_camera_msgs/msg
[0.916s] -- Up-to-date: /home/lunabotics/TAMU_SEDS_Lunabotics/ros2_ws/install/orbbec_camera_msgs/include/orbbec_camera_msgs/orbbec_camera_msgs/msg/depth_filters_status.hpp
[0.916s] -- Up-to-date: /home/lunabotics/TAMU_SEDS_Lunabotics/ros2_ws/install/orbbec_camera_msgs/include/orbbec_camera_msgs/orbbec_camera_msgs/msg/device_info.hpp
[0.916s] -- Up-to-date: /home/lunabotics/TAMU_SEDS_Lunabotics/ros2_ws/install/orbbec_camera_msgs/include/orbbec_camera_msgs/orbbec_camera_msgs/msg/depth_filter_state.hpp
[0.917s] -- Up-to-date: /home/lunabotics/TAMU_SEDS_Lunabotics/ros2_ws/install/orbbec_camera_msgs/include/orbbec_camera_msgs/orbbec_camera_msgs/msg/device_status.hpp
[0.917s] -- Up-to-date: /home/lunabotics/TAMU_SEDS_Lunabotics/ros2_ws/install/orbbec_camera_msgs/include/orbbec_camera_msgs/orbbec_camera_msgs/msg/rgbd.hpp
[0.917s] -- Up-to-date: /home/lunabotics/TAMU_SEDS_Lunabotics/ros2_ws/install/orbbec_camera_msgs/include/orbbec_camera_msgs/orbbec_camera_msgs/msg/rosidl_generator_cpp__visibility_control.hpp
[0.917s] -- Up-to-date: /home/lunabotics/TAMU_SEDS_Lunabotics/ros2_ws/install/orbbec_camera_msgs/include/orbbec_camera_msgs/orbbec_camera_msgs/msg/extrinsics.hpp
[0.917s] -- Up-to-date: /home/lunabotics/TAMU_SEDS_Lunabotics/ros2_ws/install/orbbec_camera_msgs/include/orbbec_camera_msgs/orbbec_camera_msgs/msg/detail
[0.917s] -- Up-to-date: /home/lunabotics/TAMU_SEDS_Lunabotics/ros2_ws/install/orbbec_camera_msgs/include/orbbec_camera_msgs/orbbec_camera_msgs/msg/detail/depth_filter_state__type_support.hpp
[0.917s] -- Up-to-date: /home/lunabotics/TAMU_SEDS_Lunabotics/ros2_ws/install/orbbec_camera_msgs/include/orbbec_camera_msgs/orbbec_camera_msgs/msg/detail/metadata__struct.hpp
[0.918s] -- Up-to-date: /home/lunabotics/TAMU_SEDS_Lunabotics/ros2_ws/install/orbbec_camera_msgs/include/orbbec_camera_msgs/orbbec_camera_msgs/msg/detail/rgbd__type_support.hpp
[0.918s] -- Up-to-date: /home/lunabotics/TAMU_SEDS_Lunabotics/ros2_ws/install/orbbec_camera_msgs/include/orbbec_camera_msgs/orbbec_camera_msgs/msg/detail/depth_filters_status__type_support.hpp
[0.918s] -- Up-to-date: /home/lunabotics/TAMU_SEDS_Lunabotics/ros2_ws/install/orbbec_camera_msgs/include/orbbec_camera_msgs/orbbec_camera_msgs/msg/detail/rgbd__struct.hpp
[0.918s] -- Up-to-date: /home/lunabotics/TAMU_SEDS_Lunabotics/ros2_ws/install/orbbec_camera_msgs/include/orbbec_camera_msgs/orbbec_camera_msgs/msg/detail/device_status__type_support.hpp
[0.918s] -- Up-to-date: /home/lunabotics/TAMU_SEDS_Lunabotics/ros2_ws/install/orbbec_camera_msgs/include/orbbec_camera_msgs/orbbec_camera_msgs/msg/detail/metadata__builder.hpp
[0.918s] -- Up-to-date: /home/lunabotics/TAMU_SEDS_Lunabotics/ros2_ws/install/orbbec_camera_msgs/include/orbbec_camera_msgs/orbbec_camera_msgs/msg/detail/metadata__traits.hpp
[0.919s] -- Up-to-date: /home/lunabotics/TAMU_SEDS_Lunabotics/ros2_ws/install/orbbec_camera_msgs/include/orbbec_camera_msgs/orbbec_camera_msgs/msg/detail/metadata__type_support.hpp
[0.919s] -- Up-to-date: /home/lunabotics/TAMU_SEDS_Lunabotics/ros2_ws/install/orbbec_camera_msgs/include/orbbec_camera_msgs/orbbec_camera_msgs/msg/detail/extrinsics__traits.hpp
[0.919s] -- Up-to-date: /home/lunabotics/TAMU_SEDS_Lunabotics/ros2_ws/install/orbbec_camera_msgs/include/orbbec_camera_msgs/orbbec_camera_msgs/msg/detail/rgbd__builder.hpp
[0.919s] -- Up-to-date: /home/lunabotics/TAMU_SEDS_Lunabotics/ros2_ws/install/orbbec_camera_msgs/include/orbbec_camera_msgs/orbbec_camera_msgs/msg/detail/imu_info__struct.hpp
[0.919s] -- Up-to-date: /home/lunabotics/TAMU_SEDS_Lunabotics/ros2_ws/install/orbbec_camera_msgs/include/orbbec_camera_msgs/orbbec_camera_msgs/msg/detail/depth_filter_param__type_support.hpp
[0.919s] -- Up-to-date: /home/lunabotics/TAMU_SEDS_Lunabotics/ros2_ws/install/orbbec_camera_msgs/include/orbbec_camera_msgs/orbbec_camera_msgs/msg/detail/device_status__struct.hpp
[0.919s] -- Up-to-date: /home/lunabotics/TAMU_SEDS_Lunabotics/ros2_ws/install/orbbec_camera_msgs/include/orbbec_camera_msgs/orbbec_camera_msgs/msg/detail/depth_filter_state__traits.hpp
[0.920s] -- Up-to-date: /home/lunabotics/TAMU_SEDS_Lunabotics/ros2_ws/install/orbbec_camera_msgs/include/orbbec_camera_msgs/orbbec_camera_msgs/msg/detail/rgbd__traits.hpp
[0.920s] -- Up-to-date: /home/lunabotics/TAMU_SEDS_Lunabotics/ros2_ws/install/orbbec_camera_msgs/include/orbbec_camera_msgs/orbbec_camera_msgs/msg/detail/imu_info__type_support.hpp
[0.920s] -- Up-to-date: /home/lunabotics/TAMU_SEDS_Lunabotics/ros2_ws/install/orbbec_camera_msgs/include/orbbec_camera_msgs/orbbec_camera_msgs/msg/detail/device_info__traits.hpp
[0.920s] -- Up-to-date: /home/lunabotics/TAMU_SEDS_Lunabotics/ros2_ws/install/orbbec_camera_msgs/include/orbbec_camera_msgs/orbbec_camera_msgs/msg/detail/device_info__builder.hpp
[0.920s] -- Up-to-date: /home/lunabotics/TAMU_SEDS_Lunabotics/ros2_ws/install/orbbec_camera_msgs/include/orbbec_camera_msgs/orbbec_camera_msgs/msg/detail/depth_filters_status__traits.hpp
[0.920s] -- Up-to-date: /home/lunabotics/TAMU_SEDS_Lunabotics/ros2_ws/install/orbbec_camera_msgs/include/orbbec_camera_msgs/orbbec_camera_msgs/msg/detail/extrinsics__struct.hpp
[0.920s] -- Up-to-date: /home/lunabotics/TAMU_SEDS_Lunabotics/ros2_ws/install/orbbec_camera_msgs/include/orbbec_camera_msgs/orbbec_camera_msgs/msg/detail/imu_info__builder.hpp
[0.921s] -- Up-to-date: /home/lunabotics/TAMU_SEDS_Lunabotics/ros2_ws/install/orbbec_camera_msgs/include/orbbec_camera_msgs/orbbec_camera_msgs/msg/detail/depth_filter_state__builder.hpp
[0.921s] -- Up-to-date: /home/lunabotics/TAMU_SEDS_Lunabotics/ros2_ws/install/orbbec_camera_msgs/include/orbbec_camera_msgs/orbbec_camera_msgs/msg/detail/depth_filters_status__builder.hpp
[0.921s] -- Up-to-date: /home/lunabotics/TAMU_SEDS_Lunabotics/ros2_ws/install/orbbec_camera_msgs/include/orbbec_camera_msgs/orbbec_camera_msgs/msg/detail/depth_filter_param__struct.hpp
[0.921s] -- Up-to-date: /home/lunabotics/TAMU_SEDS_Lunabotics/ros2_ws/install/orbbec_camera_msgs/include/orbbec_camera_msgs/orbbec_camera_msgs/msg/detail/depth_filter_state__struct.hpp
[0.921s] -- Up-to-date: /home/lunabotics/TAMU_SEDS_Lunabotics/ros2_ws/install/orbbec_camera_msgs/include/orbbec_camera_msgs/orbbec_camera_msgs/msg/detail/device_info__type_support.hpp
[0.921s] -- Up-to-date: /home/lunabotics/TAMU_SEDS_Lunabotics/ros2_ws/install/orbbec_camera_msgs/include/orbbec_camera_msgs/orbbec_camera_msgs/msg/detail/depth_filter_param__traits.hpp
[0.922s] -- Up-to-date: /home/lunabotics/TAMU_SEDS_Lunabotics/ros2_ws/install/orbbec_camera_msgs/include/orbbec_camera_msgs/orbbec_camera_msgs/msg/detail/device_status__builder.hpp
[0.922s] -- Up-to-date: /home/lunabotics/TAMU_SEDS_Lunabotics/ros2_ws/install/orbbec_camera_msgs/include/orbbec_camera_msgs/orbbec_camera_msgs/msg/detail/depth_filter_param__builder.hpp
[0.922s] -- Up-to-date: /home/lunabotics/TAMU_SEDS_Lunabotics/ros2_ws/install/orbbec_camera_msgs/include/orbbec_camera_msgs/orbbec_camera_msgs/msg/detail/extrinsics__builder.hpp
[0.922s] -- Up-to-date: /home/lunabotics/TAMU_SEDS_Lunabotics/ros2_ws/install/orbbec_camera_msgs/include/orbbec_camera_msgs/orbbec_camera_msgs/msg/detail/device_info__struct.hpp
[0.922s] -- Up-to-date: /home/lunabotics/TAMU_SEDS_Lunabotics/ros2_ws/install/orbbec_camera_msgs/include/orbbec_camera_msgs/orbbec_camera_msgs/msg/detail/imu_info__traits.hpp
[0.922s] -- Up-to-date: /home/lunabotics/TAMU_SEDS_Lunabotics/ros2_ws/install/orbbec_camera_msgs/include/orbbec_camera_msgs/orbbec_camera_msgs/msg/detail/device_status__traits.hpp
[0.922s] -- Up-to-date: /home/lunabotics/TAMU_SEDS_Lunabotics/ros2_ws/install/orbbec_camera_msgs/include/orbbec_camera_msgs/orbbec_camera_msgs/msg/detail/depth_filters_status__struct.hpp
[0.923s] -- Up-to-date: /home/lunabotics/TAMU_SEDS_Lunabotics/ros2_ws/install/orbbec_camera_msgs/include/orbbec_camera_msgs/orbbec_camera_msgs/msg/detail/extrinsics__type_support.hpp
[0.923s] -- Up-to-date: /home/lunabotics/TAMU_SEDS_Lunabotics/ros2_ws/install/orbbec_camera_msgs/include/orbbec_camera_msgs/orbbec_camera_msgs/msg/metadata.hpp
[0.923s] -- Up-to-date: /home/lunabotics/TAMU_SEDS_Lunabotics/ros2_ws/install/orbbec_camera_msgs/include/orbbec_camera_msgs/orbbec_camera_msgs/msg/depth_filter_param.hpp
[0.923s] -- Up-to-date: /home/lunabotics/TAMU_SEDS_Lunabotics/ros2_ws/install/orbbec_camera_msgs/include/orbbec_camera_msgs/orbbec_camera_msgs/msg/imu_info.hpp
[0.923s] -- Up-to-date: /home/lunabotics/TAMU_SEDS_Lunabotics/ros2_ws/install/orbbec_camera_msgs/include/orbbec_camera_msgs/orbbec_camera_msgs/srv
[0.923s] -- Up-to-date: /home/lunabotics/TAMU_SEDS_Lunabotics/ros2_ws/install/orbbec_camera_msgs/include/orbbec_camera_msgs/orbbec_camera_msgs/srv/get_camera_info.hpp
[0.923s] -- Up-to-date: /home/lunabotics/TAMU_SEDS_Lunabotics/ros2_ws/install/orbbec_camera_msgs/include/orbbec_camera_msgs/orbbec_camera_msgs/srv/get_user_calib_params.hpp
[0.924s] -- Up-to-date: /home/lunabotics/TAMU_SEDS_Lunabotics/ros2_ws/install/orbbec_camera_msgs/include/orbbec_camera_msgs/orbbec_camera_msgs/srv/set_string.hpp
[0.924s] -- Up-to-date: /home/lunabotics/TAMU_SEDS_Lunabotics/ros2_ws/install/orbbec_camera_msgs/include/orbbec_camera_msgs/orbbec_camera_msgs/srv/get_device_info.hpp
[0.924s] -- Up-to-date: /home/lunabotics/TAMU_SEDS_Lunabotics/ros2_ws/install/orbbec_camera_msgs/include/orbbec_camera_msgs/orbbec_camera_msgs/srv/get_bool.hpp
[0.924s] -- Up-to-date: /home/lunabotics/TAMU_SEDS_Lunabotics/ros2_ws/install/orbbec_camera_msgs/include/orbbec_camera_msgs/orbbec_camera_msgs/srv/get_string.hpp
[0.924s] -- Up-to-date: /home/lunabotics/TAMU_SEDS_Lunabotics/ros2_ws/install/orbbec_camera_msgs/include/orbbec_camera_msgs/orbbec_camera_msgs/srv/detail
[0.924s] -- Up-to-date: /home/lunabotics/TAMU_SEDS_Lunabotics/ros2_ws/install/orbbec_camera_msgs/include/orbbec_camera_msgs/orbbec_camera_msgs/srv/detail/set_filter__traits.hpp
[0.924s] -- Up-to-date: /home/lunabotics/TAMU_SEDS_Lunabotics/ros2_ws/install/orbbec_camera_msgs/include/orbbec_camera_msgs/orbbec_camera_msgs/srv/detail/get_int32__type_support.hpp
[0.925s] -- Up-to-date: /home/lunabotics/TAMU_SEDS_Lunabotics/ros2_ws/install/orbbec_camera_msgs/include/orbbec_camera_msgs/orbbec_camera_msgs/srv/detail/get_bool__type_support.hpp
[0.925s] -- Up-to-date: /home/lunabotics/TAMU_SEDS_Lunabotics/ros2_ws/install/orbbec_camera_msgs/include/orbbec_camera_msgs/orbbec_camera_msgs/srv/detail/set_arrays__builder.hpp
[0.925s] -- Up-to-date: /home/lunabotics/TAMU_SEDS_Lunabotics/ros2_ws/install/orbbec_camera_msgs/include/orbbec_camera_msgs/orbbec_camera_msgs/srv/detail/set_arrays__struct.hpp
[0.925s] -- Up-to-date: /home/lunabotics/TAMU_SEDS_Lunabotics/ros2_ws/install/orbbec_camera_msgs/include/orbbec_camera_msgs/orbbec_camera_msgs/srv/detail/set_filter__builder.hpp
[0.925s] -- Up-to-date: /home/lunabotics/TAMU_SEDS_Lunabotics/ros2_ws/install/orbbec_camera_msgs/include/orbbec_camera_msgs/orbbec_camera_msgs/srv/detail/set_int32__struct.hpp
[0.925s] -- Up-to-date: /home/lunabotics/TAMU_SEDS_Lunabotics/ros2_ws/install/orbbec_camera_msgs/include/orbbec_camera_msgs/orbbec_camera_msgs/srv/detail/get_bool__struct.hpp
[0.925s] -- Up-to-date: /home/lunabotics/TAMU_SEDS_Lunabotics/ros2_ws/install/orbbec_camera_msgs/include/orbbec_camera_msgs/orbbec_camera_msgs/srv/detail/set_arrays__type_support.hpp
[0.926s] -- Up-to-date: /home/lunabotics/TAMU_SEDS_Lunabotics/ros2_ws/install/orbbec_camera_msgs/include/orbbec_camera_msgs/orbbec_camera_msgs/srv/detail/set_user_calib_params__type_support.hpp
[0.926s] -- Up-to-date: /home/lunabotics/TAMU_SEDS_Lunabotics/ros2_ws/install/orbbec_camera_msgs/include/orbbec_camera_msgs/orbbec_camera_msgs/srv/detail/set_arrays__traits.hpp
[0.926s] -- Up-to-date: /home/lunabotics/TAMU_SEDS_Lunabotics/ros2_ws/install/orbbec_camera_msgs/include/orbbec_camera_msgs/orbbec_camera_msgs/srv/detail/get_string__struct.hpp
[0.926s] -- Up-to-date: /home/lunabotics/TAMU_SEDS_Lunabotics/ros2_ws/install/orbbec_camera_msgs/include/orbbec_camera_msgs/orbbec_camera_msgs/srv/detail/set_int32__builder.hpp
[0.926s] -- Up-to-date: /home/lunabotics/TAMU_SEDS_Lunabotics/ros2_ws/install/orbbec_camera_msgs/include/orbbec_camera_msgs/orbbec_camera_msgs/srv/detail/get_user_calib_params__struct.hpp
[0.926s] -- Up-to-date: /home/lunabotics/TAMU_SEDS_Lunabotics/ros2_ws/install/orbbec_camera_msgs/include/orbbec_camera_msgs/orbbec_camera_msgs/srv/detail/set_int32__traits.hpp
[0.926s] -- Up-to-date: /home/lunabotics/TAMU_SEDS_Lunabotics/ros2_ws/install/orbbec_camera_msgs/include/orbbec_camera_msgs/orbbec_camera_msgs/srv/detail/set_int32__type_support.hpp
[0.927s] -- Up-to-date: /home/lunabotics/TAMU_SEDS_Lunabotics/ros2_ws/install/orbbec_camera_msgs/include/orbbec_camera_msgs/orbbec_camera_msgs/srv/detail/get_string__builder.hpp
[0.927s] -- Up-to-date: /home/lunabotics/TAMU_SEDS_Lunabotics/ros2_ws/install/orbbec_camera_msgs/include/orbbec_camera_msgs/orbbec_camera_msgs/srv/detail/set_string__type_support.hpp
[0.927s] -- Up-to-date: /home/lunabotics/TAMU_SEDS_Lunabotics/ros2_ws/install/orbbec_camera_msgs/include/orbbec_camera_msgs/orbbec_camera_msgs/srv/detail/get_bool__builder.hpp
[0.927s] -- Up-to-date: /home/lunabotics/TAMU_SEDS_Lunabotics/ros2_ws/install/orbbec_camera_msgs/include/orbbec_camera_msgs/orbbec_camera_msgs/srv/detail/get_device_info__traits.hpp
[0.927s] -- Up-to-date: /home/lunabotics/TAMU_SEDS_Lunabotics/ros2_ws/install/orbbec_camera_msgs/include/orbbec_camera_msgs/orbbec_camera_msgs/srv/detail/get_int32__struct.hpp
[0.927s] -- Up-to-date: /home/lunabotics/TAMU_SEDS_Lunabotics/ros2_ws/install/orbbec_camera_msgs/include/orbbec_camera_msgs/orbbec_camera_msgs/srv/detail/get_int32__builder.hpp
[0.927s] -- Up-to-date: /home/lunabotics/TAMU_SEDS_Lunabotics/ros2_ws/install/orbbec_camera_msgs/include/orbbec_camera_msgs/orbbec_camera_msgs/srv/detail/get_string__type_support.hpp
[0.928s] -- Up-to-date: /home/lunabotics/TAMU_SEDS_Lunabotics/ros2_ws/install/orbbec_camera_msgs/include/orbbec_camera_msgs/orbbec_camera_msgs/srv/detail/get_device_info__builder.hpp
[0.928s] -- Up-to-date: /home/lunabotics/TAMU_SEDS_Lunabotics/ros2_ws/install/orbbec_camera_msgs/include/orbbec_camera_msgs/orbbec_camera_msgs/srv/detail/set_user_calib_params__struct.hpp
[0.928s] -- Up-to-date: /home/lunabotics/TAMU_SEDS_Lunabotics/ros2_ws/install/orbbec_camera_msgs/include/orbbec_camera_msgs/orbbec_camera_msgs/srv/detail/set_user_calib_params__traits.hpp
[0.928s] -- Up-to-date: /home/lunabotics/TAMU_SEDS_Lunabotics/ros2_ws/install/orbbec_camera_msgs/include/orbbec_camera_msgs/orbbec_camera_msgs/srv/detail/get_device_info__struct.hpp
[0.928s] -- Up-to-date: /home/lunabotics/TAMU_SEDS_Lunabotics/ros2_ws/install/orbbec_camera_msgs/include/orbbec_camera_msgs/orbbec_camera_msgs/srv/detail/set_filter__struct.hpp
[0.928s] -- Up-to-date: /home/lunabotics/TAMU_SEDS_Lunabotics/ros2_ws/install/orbbec_camera_msgs/include/orbbec_camera_msgs/orbbec_camera_msgs/srv/detail/set_string__struct.hpp
[0.928s] -- Up-to-date: /home/lunabotics/TAMU_SEDS_Lunabotics/ros2_ws/install/orbbec_camera_msgs/include/orbbec_camera_msgs/orbbec_camera_msgs/srv/detail/set_string__traits.hpp
[0.929s] -- Up-to-date: /home/lunabotics/TAMU_SEDS_Lunabotics/ros2_ws/install/orbbec_camera_msgs/include/orbbec_camera_msgs/orbbec_camera_msgs/srv/detail/set_filter__type_support.hpp
[0.929s] -- Up-to-date: /home/lunabotics/TAMU_SEDS_Lunabotics/ros2_ws/install/orbbec_camera_msgs/include/orbbec_camera_msgs/orbbec_camera_msgs/srv/detail/get_bool__traits.hpp
[0.929s] -- Up-to-date: /home/lunabotics/TAMU_SEDS_Lunabotics/ros2_ws/install/orbbec_camera_msgs/include/orbbec_camera_msgs/orbbec_camera_msgs/srv/detail/get_camera_info__struct.hpp
[0.929s] -- Up-to-date: /home/lunabotics/TAMU_SEDS_Lunabotics/ros2_ws/install/orbbec_camera_msgs/include/orbbec_camera_msgs/orbbec_camera_msgs/srv/detail/get_device_info__type_support.hpp
[0.929s] -- Up-to-date: /home/lunabotics/TAMU_SEDS_Lunabotics/ros2_ws/install/orbbec_camera_msgs/include/orbbec_camera_msgs/orbbec_camera_msgs/srv/detail/get_camera_info__traits.hpp
[0.929s] -- Up-to-date: /home/lunabotics/TAMU_SEDS_Lunabotics/ros2_ws/install/orbbec_camera_msgs/include/orbbec_camera_msgs/orbbec_camera_msgs/srv/detail/get_user_calib_params__traits.hpp
[0.930s] -- Up-to-date: /home/lunabotics/TAMU_SEDS_Lunabotics/ros2_ws/install/orbbec_camera_msgs/include/orbbec_camera_msgs/orbbec_camera_msgs/srv/detail/set_string__builder.hpp
[0.930s] -- Up-to-date: /home/lunabotics/TAMU_SEDS_Lunabotics/ros2_ws/install/orbbec_camera_msgs/include/orbbec_camera_msgs/orbbec_camera_msgs/srv/detail/get_camera_info__type_support.hpp
[0.930s] -- Up-to-date: /home/lunabotics/TAMU_SEDS_Lunabotics/ros2_ws/install/orbbec_camera_msgs/include/orbbec_camera_msgs/orbbec_camera_msgs/srv/detail/get_user_calib_params__builder.hpp
[0.930s] -- Up-to-date: /home/lunabotics/TAMU_SEDS_Lunabotics/ros2_ws/install/orbbec_camera_msgs/include/orbbec_camera_msgs/orbbec_camera_msgs/srv/detail/get_string__traits.hpp
[0.930s] -- Up-to-date: /home/lunabotics/TAMU_SEDS_Lunabotics/ros2_ws/install/orbbec_camera_msgs/include/orbbec_camera_msgs/orbbec_camera_msgs/srv/detail/get_camera_info__builder.hpp
[0.930s] -- Up-to-date: /home/lunabotics/TAMU_SEDS_Lunabotics/ros2_ws/install/orbbec_camera_msgs/include/orbbec_camera_msgs/orbbec_camera_msgs/srv/detail/get_int32__traits.hpp
[0.930s] -- Up-to-date: /home/lunabotics/TAMU_SEDS_Lunabotics/ros2_ws/install/orbbec_camera_msgs/include/orbbec_camera_msgs/orbbec_camera_msgs/srv/detail/set_user_calib_params__builder.hpp
[0.930s] -- Up-to-date: /home/lunabotics/TAMU_SEDS_Lunabotics/ros2_ws/install/orbbec_camera_msgs/include/orbbec_camera_msgs/orbbec_camera_msgs/srv/detail/get_user_calib_params__type_support.hpp
[0.931s] -- Up-to-date: /home/lunabotics/TAMU_SEDS_Lunabotics/ros2_ws/install/orbbec_camera_msgs/include/orbbec_camera_msgs/orbbec_camera_msgs/srv/set_int32.hpp
[0.931s] -- Up-to-date: /home/lunabotics/TAMU_SEDS_Lunabotics/ros2_ws/install/orbbec_camera_msgs/include/orbbec_camera_msgs/orbbec_camera_msgs/srv/set_filter.hpp
[0.931s] -- Up-to-date: /home/lunabotics/TAMU_SEDS_Lunabotics/ros2_ws/install/orbbec_camera_msgs/include/orbbec_camera_msgs/orbbec_camera_msgs/srv/set_user_calib_params.hpp
[0.931s] -- Up-to-date: /home/lunabotics/TAMU_SEDS_Lunabotics/ros2_ws/install/orbbec_camera_msgs/include/orbbec_camera_msgs/orbbec_camera_msgs/srv/get_int32.hpp
[0.931s] -- Up-to-date: /home/lunabotics/TAMU_SEDS_Lunabotics/ros2_ws/install/orbbec_camera_msgs/include/orbbec_camera_msgs/orbbec_camera_msgs/srv/set_arrays.hpp
[0.931s] -- Up-to-date: /home/lunabotics/TAMU_SEDS_Lunabotics/ros2_ws/install/orbbec_camera_msgs/include/orbbec_camera_msgs/orbbec_camera_msgs
[0.931s] -- Up-to-date: /home/lunabotics/TAMU_SEDS_Lunabotics/ros2_ws/install/orbbec_camera_msgs/include/orbbec_camera_msgs/orbbec_camera_msgs/msg
[0.932s] -- Up-to-date: /home/lunabotics/TAMU_SEDS_Lunabotics/ros2_ws/install/orbbec_camera_msgs/include/orbbec_camera_msgs/orbbec_camera_msgs/msg/detail
[0.932s] -- Up-to-date: /home/lunabotics/TAMU_SEDS_Lunabotics/ros2_ws/install/orbbec_camera_msgs/include/orbbec_camera_msgs/orbbec_camera_msgs/msg/detail/rgbd__rosidl_typesupport_fastrtps_cpp.hpp
[0.932s] -- Up-to-date: /home/lunabotics/TAMU_SEDS_Lunabotics/ros2_ws/install/orbbec_camera_msgs/include/orbbec_camera_msgs/orbbec_camera_msgs/msg/detail/extrinsics__rosidl_typesupport_fastrtps_cpp.hpp
[0.932s] -- Up-to-date: /home/lunabotics/TAMU_SEDS_Lunabotics/ros2_ws/install/orbbec_camera_msgs/include/orbbec_camera_msgs/orbbec_camera_msgs/msg/detail/depth_filter_param__rosidl_typesupport_fastrtps_cpp.hpp
[0.932s] -- Up-to-date: /home/lunabotics/TAMU_SEDS_Lunabotics/ros2_ws/install/orbbec_camera_msgs/include/orbbec_camera_msgs/orbbec_camera_msgs/msg/detail/depth_filter_state__rosidl_typesupport_fastrtps_cpp.hpp
[0.932s] -- Up-to-date: /home/lunabotics/TAMU_SEDS_Lunabotics/ros2_ws/install/orbbec_camera_msgs/include/orbbec_camera_msgs/orbbec_camera_msgs/msg/detail/depth_filters_status__rosidl_typesupport_fastrtps_cpp.hpp
[0.933s] -- Up-to-date: /home/lunabotics/TAMU_SEDS_Lunabotics/ros2_ws/install/orbbec_camera_msgs/include/orbbec_camera_msgs/orbbec_camera_msgs/msg/detail/imu_info__rosidl_typesupport_fastrtps_cpp.hpp
[0.933s] -- Up-to-date: /home/lunabotics/TAMU_SEDS_Lunabotics/ros2_ws/install/orbbec_camera_msgs/include/orbbec_camera_msgs/orbbec_camera_msgs/msg/detail/device_info__rosidl_typesupport_fastrtps_cpp.hpp
[0.933s] -- Up-to-date: /home/lunabotics/TAMU_SEDS_Lunabotics/ros2_ws/install/orbbec_camera_msgs/include/orbbec_camera_msgs/orbbec_camera_msgs/msg/detail/dds_fastrtps
[0.933s] -- Up-to-date: /home/lunabotics/TAMU_SEDS_Lunabotics/ros2_ws/install/orbbec_camera_msgs/include/orbbec_camera_msgs/orbbec_camera_msgs/msg/detail/metadata__rosidl_typesupport_fastrtps_cpp.hpp
[0.933s] -- Up-to-date: /home/lunabotics/TAMU_SEDS_Lunabotics/ros2_ws/install/orbbec_camera_msgs/include/orbbec_camera_msgs/orbbec_camera_msgs/msg/detail/device_status__rosidl_typesupport_fastrtps_cpp.hpp
[0.933s] -- Up-to-date: /home/lunabotics/TAMU_SEDS_Lunabotics/ros2_ws/install/orbbec_camera_msgs/include/orbbec_camera_msgs/orbbec_camera_msgs/msg/rosidl_typesupport_fastrtps_cpp__visibility_control.h
[0.933s] -- Up-to-date: /home/lunabotics/TAMU_SEDS_Lunabotics/ros2_ws/install/orbbec_camera_msgs/include/orbbec_camera_msgs/orbbec_camera_msgs/srv
[0.934s] -- Up-to-date: /home/lunabotics/TAMU_SEDS_Lunabotics/ros2_ws/install/orbbec_camera_msgs/include/orbbec_camera_msgs/orbbec_camera_msgs/srv/detail
[0.934s] -- Up-to-date: /home/lunabotics/TAMU_SEDS_Lunabotics/ros2_ws/install/orbbec_camera_msgs/include/orbbec_camera_msgs/orbbec_camera_msgs/srv/detail/get_int32__rosidl_typesupport_fastrtps_cpp.hpp
[0.934s] -- Up-to-date: /home/lunabotics/TAMU_SEDS_Lunabotics/ros2_ws/install/orbbec_camera_msgs/include/orbbec_camera_msgs/orbbec_camera_msgs/srv/detail/set_int32__rosidl_typesupport_fastrtps_cpp.hpp
[0.934s] -- Up-to-date: /home/lunabotics/TAMU_SEDS_Lunabotics/ros2_ws/install/orbbec_camera_msgs/include/orbbec_camera_msgs/orbbec_camera_msgs/srv/detail/get_camera_info__rosidl_typesupport_fastrtps_cpp.hpp
[0.934s] -- Up-to-date: /home/lunabotics/TAMU_SEDS_Lunabotics/ros2_ws/install/orbbec_camera_msgs/include/orbbec_camera_msgs/orbbec_camera_msgs/srv/detail/set_string__rosidl_typesupport_fastrtps_cpp.hpp
[0.934s] -- Up-to-date: /home/lunabotics/TAMU_SEDS_Lunabotics/ros2_ws/install/orbbec_camera_msgs/include/orbbec_camera_msgs/orbbec_camera_msgs/srv/detail/get_bool__rosidl_typesupport_fastrtps_cpp.hpp
[0.934s] -- Up-to-date: /home/lunabotics/TAMU_SEDS_Lunabotics/ros2_ws/install/orbbec_camera_msgs/include/orbbec_camera_msgs/orbbec_camera_msgs/srv/detail/set_filter__rosidl_typesupport_fastrtps_cpp.hpp
[0.935s] -- Up-to-date: /home/lunabotics/TAMU_SEDS_Lunabotics/ros2_ws/install/orbbec_camera_msgs/include/orbbec_camera_msgs/orbbec_camera_msgs/srv/detail/set_arrays__rosidl_typesupport_fastrtps_cpp.hpp
[0.935s] -- Up-to-date: /home/lunabotics/TAMU_SEDS_Lunabotics/ros2_ws/install/orbbec_camera_msgs/include/orbbec_camera_msgs/orbbec_camera_msgs/srv/detail/get_user_calib_params__rosidl_typesupport_fastrtps_cpp.hpp
[0.935s] -- Up-to-date: /home/lunabotics/TAMU_SEDS_Lunabotics/ros2_ws/install/orbbec_camera_msgs/include/orbbec_camera_msgs/orbbec_camera_msgs/srv/detail/get_device_info__rosidl_typesupport_fastrtps_cpp.hpp
[0.935s] -- Up-to-date: /home/lunabotics/TAMU_SEDS_Lunabotics/ros2_ws/install/orbbec_camera_msgs/include/orbbec_camera_msgs/orbbec_camera_msgs/srv/detail/set_user_calib_params__rosidl_typesupport_fastrtps_cpp.hpp
[0.935s] -- Up-to-date: /home/lunabotics/TAMU_SEDS_Lunabotics/ros2_ws/install/orbbec_camera_msgs/include/orbbec_camera_msgs/orbbec_camera_msgs/srv/detail/get_string__rosidl_typesupport_fastrtps_cpp.hpp
[0.935s] -- Up-to-date: /home/lunabotics/TAMU_SEDS_Lunabotics/ros2_ws/install/orbbec_camera_msgs/include/orbbec_camera_msgs/orbbec_camera_msgs/srv/detail/dds_fastrtps
[0.935s] -- Up-to-date: /home/lunabotics/TAMU_SEDS_Lunabotics/ros2_ws/install/orbbec_camera_msgs/lib/liborbbec_camera_msgs__rosidl_typesupport_fastrtps_cpp.so
[0.936s] -- Up-to-date: /home/lunabotics/TAMU_SEDS_Lunabotics/ros2_ws/install/orbbec_camera_msgs/include/orbbec_camera_msgs/orbbec_camera_msgs
[0.936s] -- Up-to-date: /home/lunabotics/TAMU_SEDS_Lunabotics/ros2_ws/install/orbbec_camera_msgs/include/orbbec_camera_msgs/orbbec_camera_msgs/msg
[0.936s] -- Up-to-date: /home/lunabotics/TAMU_SEDS_Lunabotics/ros2_ws/install/orbbec_camera_msgs/include/orbbec_camera_msgs/orbbec_camera_msgs/msg/detail
[0.936s] -- Up-to-date: /home/lunabotics/TAMU_SEDS_Lunabotics/ros2_ws/install/orbbec_camera_msgs/include/orbbec_camera_msgs/orbbec_camera_msgs/msg/detail/metadata__rosidl_typesupport_introspection_cpp.hpp
[0.936s] -- Up-to-date: /home/lunabotics/TAMU_SEDS_Lunabotics/ros2_ws/install/orbbec_camera_msgs/include/orbbec_camera_msgs/orbbec_camera_msgs/msg/detail/depth_filter_param__type_support.cpp
[0.936s] -- Up-to-date: /home/lunabotics/TAMU_SEDS_Lunabotics/ros2_ws/install/orbbec_camera_msgs/include/orbbec_camera_msgs/orbbec_camera_msgs/msg/detail/depth_filter_state__type_support.cpp
[0.936s] -- Up-to-date: /home/lunabotics/TAMU_SEDS_Lunabotics/ros2_ws/install/orbbec_camera_msgs/include/orbbec_camera_msgs/orbbec_camera_msgs/msg/detail/rgbd__rosidl_typesupport_introspection_cpp.hpp
[0.937s] -- Up-to-date: /home/lunabotics/TAMU_SEDS_Lunabotics/ros2_ws/install/orbbec_camera_msgs/include/orbbec_camera_msgs/orbbec_camera_msgs/msg/detail/depth_filter_state__rosidl_typesupport_introspection_cpp.hpp
[0.937s] -- Up-to-date: /home/lunabotics/TAMU_SEDS_Lunabotics/ros2_ws/install/orbbec_camera_msgs/include/orbbec_camera_msgs/orbbec_camera_msgs/msg/detail/device_info__rosidl_typesupport_introspection_cpp.hpp
[0.937s] -- Up-to-date: /home/lunabotics/TAMU_SEDS_Lunabotics/ros2_ws/install/orbbec_camera_msgs/include/orbbec_camera_msgs/orbbec_camera_msgs/msg/detail/imu_info__rosidl_typesupport_introspection_cpp.hpp
[0.937s] -- Up-to-date: /home/lunabotics/TAMU_SEDS_Lunabotics/ros2_ws/install/orbbec_camera_msgs/include/orbbec_camera_msgs/orbbec_camera_msgs/msg/detail/rgbd__type_support.cpp
[0.937s] -- Up-to-date: /home/lunabotics/TAMU_SEDS_Lunabotics/ros2_ws/install/orbbec_camera_msgs/include/orbbec_camera_msgs/orbbec_camera_msgs/msg/detail/device_info__type_support.cpp
[0.937s] -- Up-to-date: /home/lunabotics/TAMU_SEDS_Lunabotics/ros2_ws/install/orbbec_camera_msgs/include/orbbec_camera_msgs/orbbec_camera_msgs/msg/detail/depth_filters_status__type_support.cpp
[0.937s] -- Up-to-date: /home/lunabotics/TAMU_SEDS_Lunabotics/ros2_ws/install/orbbec_camera_msgs/include/orbbec_camera_msgs/orbbec_camera_msgs/msg/detail/metadata__type_support.cpp
[0.938s] -- Up-to-date: /home/lunabotics/TAMU_SEDS_Lunabotics/ros2_ws/install/orbbec_camera_msgs/include/orbbec_camera_msgs/orbbec_camera_msgs/msg/detail/depth_filter_param__rosidl_typesupport_introspection_cpp.hpp
[0.938s] -- Up-to-date: /home/lunabotics/TAMU_SEDS_Lunabotics/ros2_ws/install/orbbec_camera_msgs/include/orbbec_camera_msgs/orbbec_camera_msgs/msg/detail/depth_filters_status__rosidl_typesupport_introspection_cpp.hpp
[0.938s] -- Up-to-date: /home/lunabotics/TAMU_SEDS_Lunabotics/ros2_ws/install/orbbec_camera_msgs/include/orbbec_camera_msgs/orbbec_camera_msgs/msg/detail/device_status__rosidl_typesupport_introspection_cpp.hpp
[0.938s] -- Up-to-date: /home/lunabotics/TAMU_SEDS_Lunabotics/ros2_ws/install/orbbec_camera_msgs/include/orbbec_camera_msgs/orbbec_camera_msgs/msg/detail/extrinsics__rosidl_typesupport_introspection_cpp.hpp
[0.938s] -- Up-to-date: /home/lunabotics/TAMU_SEDS_Lunabotics/ros2_ws/install/orbbec_camera_msgs/include/orbbec_camera_msgs/orbbec_camera_msgs/msg/detail/extrinsics__type_support.cpp
[0.938s] -- Up-to-date: /home/lunabotics/TAMU_SEDS_Lunabotics/ros2_ws/install/orbbec_camera_msgs/include/orbbec_camera_msgs/orbbec_camera_msgs/msg/detail/imu_info__type_support.cpp
[0.938s] -- Up-to-date: /home/lunabotics/TAMU_SEDS_Lunabotics/ros2_ws/install/orbbec_camera_msgs/include/orbbec_camera_msgs/orbbec_camera_msgs/msg/detail/device_status__type_support.cpp
[0.939s] -- Up-to-date: /home/lunabotics/TAMU_SEDS_Lunabotics/ros2_ws/install/orbbec_camera_msgs/include/orbbec_camera_msgs/orbbec_camera_msgs/srv
[0.939s] -- Up-to-date: /home/lunabotics/TAMU_SEDS_Lunabotics/ros2_ws/install/orbbec_camera_msgs/include/orbbec_camera_msgs/orbbec_camera_msgs/srv/detail
[0.939s] -- Up-to-date: /home/lunabotics/TAMU_SEDS_Lunabotics/ros2_ws/install/orbbec_camera_msgs/include/orbbec_camera_msgs/orbbec_camera_msgs/srv/detail/set_arrays__rosidl_typesupport_introspection_cpp.hpp
[0.939s] -- Up-to-date: /home/lunabotics/TAMU_SEDS_Lunabotics/ros2_ws/install/orbbec_camera_msgs/include/orbbec_camera_msgs/orbbec_camera_msgs/srv/detail/get_user_calib_params__type_support.cpp
[0.939s] -- Up-to-date: /home/lunabotics/TAMU_SEDS_Lunabotics/ros2_ws/install/orbbec_camera_msgs/include/orbbec_camera_msgs/orbbec_camera_msgs/srv/detail/get_camera_info__type_support.cpp
[0.939s] -- Up-to-date: /home/lunabotics/TAMU_SEDS_Lunabotics/ros2_ws/install/orbbec_camera_msgs/include/orbbec_camera_msgs/orbbec_camera_msgs/srv/detail/get_string__rosidl_typesupport_introspection_cpp.hpp
[0.940s] -- Up-to-date: /home/lunabotics/TAMU_SEDS_Lunabotics/ros2_ws/install/orbbec_camera_msgs/include/orbbec_camera_msgs/orbbec_camera_msgs/srv/detail/set_user_calib_params__type_support.cpp
[0.940s] -- Up-to-date: /home/lunabotics/TAMU_SEDS_Lunabotics/ros2_ws/install/orbbec_camera_msgs/include/orbbec_camera_msgs/orbbec_camera_msgs/srv/detail/set_filter__type_support.cpp
[0.940s] -- Up-to-date: /home/lunabotics/TAMU_SEDS_Lunabotics/ros2_ws/install/orbbec_camera_msgs/include/orbbec_camera_msgs/orbbec_camera_msgs/srv/detail/get_int32__type_support.cpp
[0.940s] -- Up-to-date: /home/lunabotics/TAMU_SEDS_Lunabotics/ros2_ws/install/orbbec_camera_msgs/include/orbbec_camera_msgs/orbbec_camera_msgs/srv/detail/get_device_info__rosidl_typesupport_introspection_cpp.hpp
[0.940s] -- Up-to-date: /home/lunabotics/TAMU_SEDS_Lunabotics/ros2_ws/install/orbbec_camera_msgs/include/orbbec_camera_msgs/orbbec_camera_msgs/srv/detail/get_string__type_support.cpp
[0.940s] -- Up-to-date: /home/lunabotics/TAMU_SEDS_Lunabotics/ros2_ws/install/orbbec_camera_msgs/include/orbbec_camera_msgs/orbbec_camera_msgs/srv/detail/get_device_info__type_support.cpp
[0.940s] -- Up-to-date: /home/lunabotics/TAMU_SEDS_Lunabotics/ros2_ws/install/orbbec_camera_msgs/include/orbbec_camera_msgs/orbbec_camera_msgs/srv/detail/get_user_calib_params__rosidl_typesupport_introspection_cpp.hpp
[0.940s] -- Up-to-date: /home/lunabotics/TAMU_SEDS_Lunabotics/ros2_ws/install/orbbec_camera_msgs/include/orbbec_camera_msgs/orbbec_camera_msgs/srv/detail/set_int32__rosidl_typesupport_introspection_cpp.hpp
[0.941s] -- Up-to-date: /home/lunabotics/TAMU_SEDS_Lunabotics/ros2_ws/install/orbbec_camera_msgs/include/orbbec_camera_msgs/orbbec_camera_msgs/srv/detail/set_string__type_support.cpp
[0.941s] -- Up-to-date: /home/lunabotics/TAMU_SEDS_Lunabotics/ros2_ws/install/orbbec_camera_msgs/include/orbbec_camera_msgs/orbbec_camera_msgs/srv/detail/set_filter__rosidl_typesupport_introspection_cpp.hpp
[0.941s] -- Up-to-date: /home/lunabotics/TAMU_SEDS_Lunabotics/ros2_ws/install/orbbec_camera_msgs/include/orbbec_camera_msgs/orbbec_camera_msgs/srv/detail/set_arrays__type_support.cpp
[0.941s] -- Up-to-date: /home/lunabotics/TAMU_SEDS_Lunabotics/ros2_ws/install/orbbec_camera_msgs/include/orbbec_camera_msgs/orbbec_camera_msgs/srv/detail/set_user_calib_params__rosidl_typesupport_introspection_cpp.hpp
[0.941s] -- Up-to-date: /home/lunabotics/TAMU_SEDS_Lunabotics/ros2_ws/install/orbbec_camera_msgs/include/orbbec_camera_msgs/orbbec_camera_msgs/srv/detail/set_string__rosidl_typesupport_introspection_cpp.hpp
[0.941s] -- Up-to-date: /home/lunabotics/TAMU_SEDS_Lunabotics/ros2_ws/install/orbbec_camera_msgs/include/orbbec_camera_msgs/orbbec_camera_msgs/srv/detail/set_int32__type_support.cpp
[0.942s] -- Up-to-date: /home/lunabotics/TAMU_SEDS_Lunabotics/ros2_ws/install/orbbec_camera_msgs/include/orbbec_camera_msgs/orbbec_camera_msgs/srv/detail/get_int32__rosidl_typesupport_introspection_cpp.hpp
[0.942s] -- Up-to-date: /home/lunabotics/TAMU_SEDS_Lunabotics/ros2_ws/install/orbbec_camera_msgs/include/orbbec_camera_msgs/orbbec_camera_msgs/srv/detail/get_camera_info__rosidl_typesupport_introspection_cpp.hpp
[0.942s] -- Up-to-date: /home/lunabotics/TAMU_SEDS_Lunabotics/ros2_ws/install/orbbec_camera_msgs/include/orbbec_camera_msgs/orbbec_camera_msgs/srv/detail/get_bool__type_support.cpp
[0.942s] -- Up-to-date: /home/lunabotics/TAMU_SEDS_Lunabotics/ros2_ws/install/orbbec_camera_msgs/include/orbbec_camera_msgs/orbbec_camera_msgs/srv/detail/get_bool__rosidl_typesupport_introspection_cpp.hpp
[0.942s] -- Up-to-date: /home/lunabotics/TAMU_SEDS_Lunabotics/ros2_ws/install/orbbec_camera_msgs/lib/liborbbec_camera_msgs__rosidl_typesupport_introspection_cpp.so
[0.942s] -- Up-to-date: /home/lunabotics/TAMU_SEDS_Lunabotics/ros2_ws/install/orbbec_camera_msgs/lib/liborbbec_camera_msgs__rosidl_typesupport_cpp.so
[0.942s] -- Up-to-date: /home/lunabotics/TAMU_SEDS_Lunabotics/ros2_ws/install/orbbec_camera_msgs/share/orbbec_camera_msgs/environment/pythonpath.sh
[0.943s] -- Up-to-date: /home/lunabotics/TAMU_SEDS_Lunabotics/ros2_ws/install/orbbec_camera_msgs/share/orbbec_camera_msgs/environment/pythonpath.dsv
[0.943s] -- Up-to-date: /home/lunabotics/TAMU_SEDS_Lunabotics/ros2_ws/install/orbbec_camera_msgs/local/lib/python3.10/dist-packages/orbbec_camera_msgs-2.8.6-py3.10.egg-info
[0.943s] -- Installing: /home/lunabotics/TAMU_SEDS_Lunabotics/ros2_ws/install/orbbec_camera_msgs/local/lib/python3.10/dist-packages/orbbec_camera_msgs-2.8.6-py3.10.egg-info/SOURCES.txt
[0.943s] -- Installing: /home/lunabotics/TAMU_SEDS_Lunabotics/ros2_ws/install/orbbec_camera_msgs/local/lib/python3.10/dist-packages/orbbec_camera_msgs-2.8.6-py3.10.egg-info/PKG-INFO
[0.943s] -- Installing: /home/lunabotics/TAMU_SEDS_Lunabotics/ros2_ws/install/orbbec_camera_msgs/local/lib/python3.10/dist-packages/orbbec_camera_msgs-2.8.6-py3.10.egg-info/dependency_links.txt
[0.943s] -- Installing: /home/lunabotics/TAMU_SEDS_Lunabotics/ros2_ws/install/orbbec_camera_msgs/local/lib/python3.10/dist-packages/orbbec_camera_msgs-2.8.6-py3.10.egg-info/top_level.txt
[0.943s] -- Up-to-date: /home/lunabotics/TAMU_SEDS_Lunabotics/ros2_ws/install/orbbec_camera_msgs/local/lib/python3.10/dist-packages/orbbec_camera_msgs
[0.944s] -- Up-to-date: /home/lunabotics/TAMU_SEDS_Lunabotics/ros2_ws/install/orbbec_camera_msgs/local/lib/python3.10/dist-packages/orbbec_camera_msgs/_orbbec_camera_msgs_s.ep.rosidl_typesupport_fastrtps_c.c
[0.944s] -- Up-to-date: /home/lunabotics/TAMU_SEDS_Lunabotics/ros2_ws/install/orbbec_camera_msgs/local/lib/python3.10/dist-packages/orbbec_camera_msgs/orbbec_camera_msgs_s__rosidl_typesupport_c.cpython-310-aarch64-linux-gnu.so
[0.945s] -- Up-to-date: /home/lunabotics/TAMU_SEDS_Lunabotics/ros2_ws/install/orbbec_camera_msgs/local/lib/python3.10/dist-packages/orbbec_camera_msgs/liborbbec_camera_msgs__rosidl_generator_py.so
[0.945s] -- Up-to-date: /home/lunabotics/TAMU_SEDS_Lunabotics/ros2_ws/install/orbbec_camera_msgs/local/lib/python3.10/dist-packages/orbbec_camera_msgs/msg
[0.945s] -- Up-to-date: /home/lunabotics/TAMU_SEDS_Lunabotics/ros2_ws/install/orbbec_camera_msgs/local/lib/python3.10/dist-packages/orbbec_camera_msgs/msg/_extrinsics_s.c
[0.945s] -- Up-to-date: /home/lunabotics/TAMU_SEDS_Lunabotics/ros2_ws/install/orbbec_camera_msgs/local/lib/python3.10/dist-packages/orbbec_camera_msgs/msg/_depth_filter_param.py
[0.945s] -- Up-to-date: /home/lunabotics/TAMU_SEDS_Lunabotics/ros2_ws/install/orbbec_camera_msgs/local/lib/python3.10/dist-packages/orbbec_camera_msgs/msg/_extrinsics.py
[0.945s] -- Up-to-date: /home/lunabotics/TAMU_SEDS_Lunabotics/ros2_ws/install/orbbec_camera_msgs/local/lib/python3.10/dist-packages/orbbec_camera_msgs/msg/_device_info.py
[0.946s] -- Up-to-date: /home/lunabotics/TAMU_SEDS_Lunabotics/ros2_ws/install/orbbec_camera_msgs/local/lib/python3.10/dist-packages/orbbec_camera_msgs/msg/_depth_filter_param_s.c
[0.946s] -- Up-to-date: /home/lunabotics/TAMU_SEDS_Lunabotics/ros2_ws/install/orbbec_camera_msgs/local/lib/python3.10/dist-packages/orbbec_camera_msgs/msg/_metadata.py
[0.946s] -- Up-to-date: /home/lunabotics/TAMU_SEDS_Lunabotics/ros2_ws/install/orbbec_camera_msgs/local/lib/python3.10/dist-packages/orbbec_camera_msgs/msg/_rgbd.py
[0.946s] -- Up-to-date: /home/lunabotics/TAMU_SEDS_Lunabotics/ros2_ws/install/orbbec_camera_msgs/local/lib/python3.10/dist-packages/orbbec_camera_msgs/msg/_device_status.py
[0.946s] -- Up-to-date: /home/lunabotics/TAMU_SEDS_Lunabotics/ros2_ws/install/orbbec_camera_msgs/local/lib/python3.10/dist-packages/orbbec_camera_msgs/msg/_device_info_s.c
[0.946s] -- Up-to-date: /home/lunabotics/TAMU_SEDS_Lunabotics/ros2_ws/install/orbbec_camera_msgs/local/lib/python3.10/dist-packages/orbbec_camera_msgs/msg/_depth_filters_status_s.c
[0.946s] -- Up-to-date: /home/lunabotics/TAMU_SEDS_Lunabotics/ros2_ws/install/orbbec_camera_msgs/local/lib/python3.10/dist-packages/orbbec_camera_msgs/msg/_imu_info.py
[0.947s] -- Up-to-date: /home/lunabotics/TAMU_SEDS_Lunabotics/ros2_ws/install/orbbec_camera_msgs/local/lib/python3.10/dist-packages/orbbec_camera_msgs/msg/_rgbd_s.c
[0.947s] -- Up-to-date: /home/lunabotics/TAMU_SEDS_Lunabotics/ros2_ws/install/orbbec_camera_msgs/local/lib/python3.10/dist-packages/orbbec_camera_msgs/msg/_imu_info_s.c
[0.947s] -- Up-to-date: /home/lunabotics/TAMU_SEDS_Lunabotics/ros2_ws/install/orbbec_camera_msgs/local/lib/python3.10/dist-packages/orbbec_camera_msgs/msg/_depth_filters_status.py
[0.947s] -- Up-to-date: /home/lunabotics/TAMU_SEDS_Lunabotics/ros2_ws/install/orbbec_camera_msgs/local/lib/python3.10/dist-packages/orbbec_camera_msgs/msg/_device_status_s.c
[0.947s] -- Up-to-date: /home/lunabotics/TAMU_SEDS_Lunabotics/ros2_ws/install/orbbec_camera_msgs/local/lib/python3.10/dist-packages/orbbec_camera_msgs/msg/_metadata_s.c
[0.947s] -- Up-to-date: /home/lunabotics/TAMU_SEDS_Lunabotics/ros2_ws/install/orbbec_camera_msgs/local/lib/python3.10/dist-packages/orbbec_camera_msgs/msg/_depth_filter_state_s.c
[0.947s] -- Up-to-date: /home/lunabotics/TAMU_SEDS_Lunabotics/ros2_ws/install/orbbec_camera_msgs/local/lib/python3.10/dist-packages/orbbec_camera_msgs/msg/__init__.py
[0.948s] -- Up-to-date: /home/lunabotics/TAMU_SEDS_Lunabotics/ros2_ws/install/orbbec_camera_msgs/local/lib/python3.10/dist-packages/orbbec_camera_msgs/msg/_depth_filter_state.py
[0.948s] -- Up-to-date: /home/lunabotics/TAMU_SEDS_Lunabotics/ros2_ws/install/orbbec_camera_msgs/local/lib/python3.10/dist-packages/orbbec_camera_msgs/_orbbec_camera_msgs_s.ep.rosidl_typesupport_introspection_c.c
[0.948s] -- Up-to-date: /home/lunabotics/TAMU_SEDS_Lunabotics/ros2_ws/install/orbbec_camera_msgs/local/lib/python3.10/dist-packages/orbbec_camera_msgs/srv
[0.948s] -- Up-to-date: /home/lunabotics/TAMU_SEDS_Lunabotics/ros2_ws/install/orbbec_camera_msgs/local/lib/python3.10/dist-packages/orbbec_camera_msgs/srv/_get_camera_info.py
[0.948s] -- Up-to-date: /home/lunabotics/TAMU_SEDS_Lunabotics/ros2_ws/install/orbbec_camera_msgs/local/lib/python3.10/dist-packages/orbbec_camera_msgs/srv/_get_camera_info_s.c
[0.948s] -- Up-to-date: /home/lunabotics/TAMU_SEDS_Lunabotics/ros2_ws/install/orbbec_camera_msgs/local/lib/python3.10/dist-packages/orbbec_camera_msgs/srv/_set_int32_s.c
[0.948s] -- Up-to-date: /home/lunabotics/TAMU_SEDS_Lunabotics/ros2_ws/install/orbbec_camera_msgs/local/lib/python3.10/dist-packages/orbbec_camera_msgs/srv/_set_filter.py
[0.949s] -- Up-to-date: /home/lunabotics/TAMU_SEDS_Lunabotics/ros2_ws/install/orbbec_camera_msgs/local/lib/python3.10/dist-packages/orbbec_camera_msgs/srv/_get_device_info.py
[0.949s] -- Up-to-date: /home/lunabotics/TAMU_SEDS_Lunabotics/ros2_ws/install/orbbec_camera_msgs/local/lib/python3.10/dist-packages/orbbec_camera_msgs/srv/_set_string_s.c
[0.949s] -- Up-to-date: /home/lunabotics/TAMU_SEDS_Lunabotics/ros2_ws/install/orbbec_camera_msgs/local/lib/python3.10/dist-packages/orbbec_camera_msgs/srv/_get_string.py
[0.949s] -- Up-to-date: /home/lunabotics/TAMU_SEDS_Lunabotics/ros2_ws/install/orbbec_camera_msgs/local/lib/python3.10/dist-packages/orbbec_camera_msgs/srv/_get_bool.py
[0.949s] -- Up-to-date: /home/lunabotics/TAMU_SEDS_Lunabotics/ros2_ws/install/orbbec_camera_msgs/local/lib/python3.10/dist-packages/orbbec_camera_msgs/srv/_get_user_calib_params.py
[0.949s] -- Up-to-date: /home/lunabotics/TAMU_SEDS_Lunabotics/ros2_ws/install/orbbec_camera_msgs/local/lib/python3.10/dist-packages/orbbec_camera_msgs/srv/_set_int32.py
[0.950s] -- Up-to-date: /home/lunabotics/TAMU_SEDS_Lunabotics/ros2_ws/install/orbbec_camera_msgs/local/lib/python3.10/dist-packages/orbbec_camera_msgs/srv/_set_string.py
[0.950s] -- Up-to-date: /home/lunabotics/TAMU_SEDS_Lunabotics/ros2_ws/install/orbbec_camera_msgs/local/lib/python3.10/dist-packages/orbbec_camera_msgs/srv/_set_filter_s.c
[0.950s] -- Up-to-date: /home/lunabotics/TAMU_SEDS_Lunabotics/ros2_ws/install/orbbec_camera_msgs/local/lib/python3.10/dist-packages/orbbec_camera_msgs/srv/_set_user_calib_params.py
[0.950s] -- Up-to-date: /home/lunabotics/TAMU_SEDS_Lunabotics/ros2_ws/install/orbbec_camera_msgs/local/lib/python3.10/dist-packages/orbbec_camera_msgs/srv/_get_user_calib_params_s.c
[0.950s] -- Up-to-date: /home/lunabotics/TAMU_SEDS_Lunabotics/ros2_ws/install/orbbec_camera_msgs/local/lib/python3.10/dist-packages/orbbec_camera_msgs/srv/_get_device_info_s.c
[0.950s] -- Up-to-date: /home/lunabotics/TAMU_SEDS_Lunabotics/ros2_ws/install/orbbec_camera_msgs/local/lib/python3.10/dist-packages/orbbec_camera_msgs/srv/_set_arrays.py
[0.950s] -- Up-to-date: /home/lunabotics/TAMU_SEDS_Lunabotics/ros2_ws/install/orbbec_camera_msgs/local/lib/python3.10/dist-packages/orbbec_camera_msgs/srv/_get_int32_s.c
[0.951s] -- Up-to-date: /home/lunabotics/TAMU_SEDS_Lunabotics/ros2_ws/install/orbbec_camera_msgs/local/lib/python3.10/dist-packages/orbbec_camera_msgs/srv/_get_string_s.c
[0.951s] -- Up-to-date: /home/lunabotics/TAMU_SEDS_Lunabotics/ros2_ws/install/orbbec_camera_msgs/local/lib/python3.10/dist-packages/orbbec_camera_msgs/srv/_get_int32.py
[0.951s] -- Up-to-date: /home/lunabotics/TAMU_SEDS_Lunabotics/ros2_ws/install/orbbec_camera_msgs/local/lib/python3.10/dist-packages/orbbec_camera_msgs/srv/__init__.py
[0.951s] -- Up-to-date: /home/lunabotics/TAMU_SEDS_Lunabotics/ros2_ws/install/orbbec_camera_msgs/local/lib/python3.10/dist-packages/orbbec_camera_msgs/srv/_set_arrays_s.c
[0.951s] -- Up-to-date: /home/lunabotics/TAMU_SEDS_Lunabotics/ros2_ws/install/orbbec_camera_msgs/local/lib/python3.10/dist-packages/orbbec_camera_msgs/srv/_get_bool_s.c
[0.951s] -- Up-to-date: /home/lunabotics/TAMU_SEDS_Lunabotics/ros2_ws/install/orbbec_camera_msgs/local/lib/python3.10/dist-packages/orbbec_camera_msgs/srv/_set_user_calib_params_s.c
[0.951s] -- Up-to-date: /home/lunabotics/TAMU_SEDS_Lunabotics/ros2_ws/install/orbbec_camera_msgs/local/lib/python3.10/dist-packages/orbbec_camera_msgs/orbbec_camera_msgs_s__rosidl_typesupport_fastrtps_c.cpython-310-aarch64-linux-gnu.so
[0.952s] -- Up-to-date: /home/lunabotics/TAMU_SEDS_Lunabotics/ros2_ws/install/orbbec_camera_msgs/local/lib/python3.10/dist-packages/orbbec_camera_msgs/__init__.py
[0.952s] -- Up-to-date: /home/lunabotics/TAMU_SEDS_Lunabotics/ros2_ws/install/orbbec_camera_msgs/local/lib/python3.10/dist-packages/orbbec_camera_msgs/_orbbec_camera_msgs_s.ep.rosidl_typesupport_c.c
[0.952s] -- Up-to-date: /home/lunabotics/TAMU_SEDS_Lunabotics/ros2_ws/install/orbbec_camera_msgs/local/lib/python3.10/dist-packages/orbbec_camera_msgs/orbbec_camera_msgs_s__rosidl_typesupport_introspection_c.cpython-310-aarch64-linux-gnu.so
[0.969s] Listing '/home/lunabotics/TAMU_SEDS_Lunabotics/ros2_ws/install/orbbec_camera_msgs/local/lib/python3.10/dist-packages/orbbec_camera_msgs'...
[0.969s] Listing '/home/lunabotics/TAMU_SEDS_Lunabotics/ros2_ws/install/orbbec_camera_msgs/local/lib/python3.10/dist-packages/orbbec_camera_msgs/msg'...
[0.969s] Listing '/home/lunabotics/TAMU_SEDS_Lunabotics/ros2_ws/install/orbbec_camera_msgs/local/lib/python3.10/dist-packages/orbbec_camera_msgs/srv'...
[0.981s] -- Up-to-date: /home/lunabotics/TAMU_SEDS_Lunabotics/ros2_ws/install/orbbec_camera_msgs/local/lib/python3.10/dist-packages/orbbec_camera_msgs/orbbec_camera_msgs_s__rosidl_typesupport_fastrtps_c.cpython-310-aarch64-linux-gnu.so
[0.982s] -- Up-to-date: /home/lunabotics/TAMU_SEDS_Lunabotics/ros2_ws/install/orbbec_camera_msgs/local/lib/python3.10/dist-packages/orbbec_camera_msgs/orbbec_camera_msgs_s__rosidl_typesupport_introspection_c.cpython-310-aarch64-linux-gnu.so
[0.982s] -- Up-to-date: /home/lunabotics/TAMU_SEDS_Lunabotics/ros2_ws/install/orbbec_camera_msgs/local/lib/python3.10/dist-packages/orbbec_camera_msgs/orbbec_camera_msgs_s__rosidl_typesupport_c.cpython-310-aarch64-linux-gnu.so
[0.983s] -- Up-to-date: /home/lunabotics/TAMU_SEDS_Lunabotics/ros2_ws/install/orbbec_camera_msgs/lib/liborbbec_camera_msgs__rosidl_generator_py.so
[0.983s] -- Up-to-date: /home/lunabotics/TAMU_SEDS_Lunabotics/ros2_ws/install/orbbec_camera_msgs/share/ament_index/resource_index/rust_packages/orbbec_camera_msgs
[0.983s] -- Up-to-date: /home/lunabotics/TAMU_SEDS_Lunabotics/ros2_ws/install/orbbec_camera_msgs/share/orbbec_camera_msgs/rust
[0.984s] -- Up-to-date: /home/lunabotics/TAMU_SEDS_Lunabotics/ros2_ws/install/orbbec_camera_msgs/share/orbbec_camera_msgs/rust/Cargo.toml
[0.984s] -- Up-to-date: /home/lunabotics/TAMU_SEDS_Lunabotics/ros2_ws/install/orbbec_camera_msgs/share/orbbec_camera_msgs/rust/build.rs
[0.984s] -- Up-to-date: /home/lunabotics/TAMU_SEDS_Lunabotics/ros2_ws/install/orbbec_camera_msgs/share/orbbec_camera_msgs/rust/src
[0.984s] -- Up-to-date: /home/lunabotics/TAMU_SEDS_Lunabotics/ros2_ws/install/orbbec_camera_msgs/share/orbbec_camera_msgs/rust/src/msg
[0.985s] -- Up-to-date: /home/lunabotics/TAMU_SEDS_Lunabotics/ros2_ws/install/orbbec_camera_msgs/share/orbbec_camera_msgs/rust/src/msg/rmw.rs
[0.985s] -- Up-to-date: /home/lunabotics/TAMU_SEDS_Lunabotics/ros2_ws/install/orbbec_camera_msgs/share/orbbec_camera_msgs/rust/src/srv
[0.985s] -- Up-to-date: /home/lunabotics/TAMU_SEDS_Lunabotics/ros2_ws/install/orbbec_camera_msgs/share/orbbec_camera_msgs/rust/src/srv/rmw.rs
[0.985s] -- Up-to-date: /home/lunabotics/TAMU_SEDS_Lunabotics/ros2_ws/install/orbbec_camera_msgs/share/orbbec_camera_msgs/rust/src/srv.rs
[0.985s] -- Up-to-date: /home/lunabotics/TAMU_SEDS_Lunabotics/ros2_ws/install/orbbec_camera_msgs/share/orbbec_camera_msgs/rust/src/lib.rs
[0.985s] -- Up-to-date: /home/lunabotics/TAMU_SEDS_Lunabotics/ros2_ws/install/orbbec_camera_msgs/share/orbbec_camera_msgs/rust/src/msg.rs
[0.986s] -- Up-to-date: /home/lunabotics/TAMU_SEDS_Lunabotics/ros2_ws/install/orbbec_camera_msgs/share/orbbec_camera_msgs/msg/DeviceInfo.idl
[0.986s] -- Up-to-date: /home/lunabotics/TAMU_SEDS_Lunabotics/ros2_ws/install/orbbec_camera_msgs/share/orbbec_camera_msgs/msg/DeviceStatus.idl
[0.986s] -- Up-to-date: /home/lunabotics/TAMU_SEDS_Lunabotics/ros2_ws/install/orbbec_camera_msgs/share/orbbec_camera_msgs/msg/DepthFilterParam.idl
[0.986s] -- Up-to-date: /home/lunabotics/TAMU_SEDS_Lunabotics/ros2_ws/install/orbbec_camera_msgs/share/orbbec_camera_msgs/msg/DepthFilterState.idl
[0.986s] -- Up-to-date: /home/lunabotics/TAMU_SEDS_Lunabotics/ros2_ws/install/orbbec_camera_msgs/share/orbbec_camera_msgs/msg/DepthFiltersStatus.idl
[0.987s] -- Up-to-date: /home/lunabotics/TAMU_SEDS_Lunabotics/ros2_ws/install/orbbec_camera_msgs/share/orbbec_camera_msgs/msg/Extrinsics.idl
[0.987s] -- Up-to-date: /home/lunabotics/TAMU_SEDS_Lunabotics/ros2_ws/install/orbbec_camera_msgs/share/orbbec_camera_msgs/msg/Metadata.idl
[0.987s] -- Up-to-date: /home/lunabotics/TAMU_SEDS_Lunabotics/ros2_ws/install/orbbec_camera_msgs/share/orbbec_camera_msgs/msg/IMUInfo.idl
[0.987s] -- Up-to-date: /home/lunabotics/TAMU_SEDS_Lunabotics/ros2_ws/install/orbbec_camera_msgs/share/orbbec_camera_msgs/msg/RGBD.idl
[0.987s] -- Up-to-date: /home/lunabotics/TAMU_SEDS_Lunabotics/ros2_ws/install/orbbec_camera_msgs/share/orbbec_camera_msgs/srv/GetBool.idl
[0.988s] -- Up-to-date: /home/lunabotics/TAMU_SEDS_Lunabotics/ros2_ws/install/orbbec_camera_msgs/share/orbbec_camera_msgs/srv/GetDeviceInfo.idl
[0.988s] -- Up-to-date: /home/lunabotics/TAMU_SEDS_Lunabotics/ros2_ws/install/orbbec_camera_msgs/share/orbbec_camera_msgs/srv/GetCameraInfo.idl
[0.988s] -- Up-to-date: /home/lunabotics/TAMU_SEDS_Lunabotics/ros2_ws/install/orbbec_camera_msgs/share/orbbec_camera_msgs/srv/GetInt32.idl
[0.988s] -- Up-to-date: /home/lunabotics/TAMU_SEDS_Lunabotics/ros2_ws/install/orbbec_camera_msgs/share/orbbec_camera_msgs/srv/GetString.idl
[0.988s] -- Up-to-date: /home/lunabotics/TAMU_SEDS_Lunabotics/ros2_ws/install/orbbec_camera_msgs/share/orbbec_camera_msgs/srv/SetFilter.idl
[0.989s] -- Up-to-date: /home/lunabotics/TAMU_SEDS_Lunabotics/ros2_ws/install/orbbec_camera_msgs/share/orbbec_camera_msgs/srv/SetInt32.idl
[0.989s] -- Up-to-date: /home/lunabotics/TAMU_SEDS_Lunabotics/ros2_ws/install/orbbec_camera_msgs/share/orbbec_camera_msgs/srv/SetString.idl
[0.989s] -- Up-to-date: /home/lunabotics/TAMU_SEDS_Lunabotics/ros2_ws/install/orbbec_camera_msgs/share/orbbec_camera_msgs/srv/SetArrays.idl
[0.989s] -- Up-to-date: /home/lunabotics/TAMU_SEDS_Lunabotics/ros2_ws/install/orbbec_camera_msgs/share/orbbec_camera_msgs/srv/GetUserCalibParams.idl
[0.989s] -- Up-to-date: /home/lunabotics/TAMU_SEDS_Lunabotics/ros2_ws/install/orbbec_camera_msgs/share/orbbec_camera_msgs/srv/SetUserCalibParams.idl
[0.990s] -- Up-to-date: /home/lunabotics/TAMU_SEDS_Lunabotics/ros2_ws/install/orbbec_camera_msgs/share/orbbec_camera_msgs/msg/DeviceInfo.msg
[0.990s] -- Up-to-date: /home/lunabotics/TAMU_SEDS_Lunabotics/ros2_ws/install/orbbec_camera_msgs/share/orbbec_camera_msgs/msg/DeviceStatus.msg
[0.990s] -- Up-to-date: /home/lunabotics/TAMU_SEDS_Lunabotics/ros2_ws/install/orbbec_camera_msgs/share/orbbec_camera_msgs/msg/DepthFilterParam.msg
[0.990s] -- Up-to-date: /home/lunabotics/TAMU_SEDS_Lunabotics/ros2_ws/install/orbbec_camera_msgs/share/orbbec_camera_msgs/msg/DepthFilterState.msg
[0.990s] -- Up-to-date: /home/lunabotics/TAMU_SEDS_Lunabotics/ros2_ws/install/orbbec_camera_msgs/share/orbbec_camera_msgs/msg/DepthFiltersStatus.msg
[0.991s] -- Up-to-date: /home/lunabotics/TAMU_SEDS_Lunabotics/ros2_ws/install/orbbec_camera_msgs/share/orbbec_camera_msgs/msg/Extrinsics.msg
[0.991s] -- Up-to-date: /home/lunabotics/TAMU_SEDS_Lunabotics/ros2_ws/install/orbbec_camera_msgs/share/orbbec_camera_msgs/msg/Metadata.msg
[0.991s] -- Up-to-date: /home/lunabotics/TAMU_SEDS_Lunabotics/ros2_ws/install/orbbec_camera_msgs/share/orbbec_camera_msgs/msg/IMUInfo.msg
[0.991s] -- Up-to-date: /home/lunabotics/TAMU_SEDS_Lunabotics/ros2_ws/install/orbbec_camera_msgs/share/orbbec_camera_msgs/msg/RGBD.msg
[0.991s] -- Up-to-date: /home/lunabotics/TAMU_SEDS_Lunabotics/ros2_ws/install/orbbec_camera_msgs/share/orbbec_camera_msgs/srv/GetBool.srv
[0.991s] -- Up-to-date: /home/lunabotics/TAMU_SEDS_Lunabotics/ros2_ws/install/orbbec_camera_msgs/share/orbbec_camera_msgs/srv/GetBool_Request.msg
[0.992s] -- Up-to-date: /home/lunabotics/TAMU_SEDS_Lunabotics/ros2_ws/install/orbbec_camera_msgs/share/orbbec_camera_msgs/srv/GetBool_Response.msg
[0.992s] -- Up-to-date: /home/lunabotics/TAMU_SEDS_Lunabotics/ros2_ws/install/orbbec_camera_msgs/share/orbbec_camera_msgs/srv/GetDeviceInfo.srv
[0.992s] -- Up-to-date: /home/lunabotics/TAMU_SEDS_Lunabotics/ros2_ws/install/orbbec_camera_msgs/share/orbbec_camera_msgs/srv/GetDeviceInfo_Request.msg
[0.992s] -- Up-to-date: /home/lunabotics/TAMU_SEDS_Lunabotics/ros2_ws/install/orbbec_camera_msgs/share/orbbec_camera_msgs/srv/GetDeviceInfo_Response.msg
[0.992s] -- Up-to-date: /home/lunabotics/TAMU_SEDS_Lunabotics/ros2_ws/install/orbbec_camera_msgs/share/orbbec_camera_msgs/srv/GetCameraInfo.srv
[0.992s] -- Up-to-date: /home/lunabotics/TAMU_SEDS_Lunabotics/ros2_ws/install/orbbec_camera_msgs/share/orbbec_camera_msgs/srv/GetCameraInfo_Request.msg
[0.993s] -- Up-to-date: /home/lunabotics/TAMU_SEDS_Lunabotics/ros2_ws/install/orbbec_camera_msgs/share/orbbec_camera_msgs/srv/GetCameraInfo_Response.msg
[0.993s] -- Up-to-date: /home/lunabotics/TAMU_SEDS_Lunabotics/ros2_ws/install/orbbec_camera_msgs/share/orbbec_camera_msgs/srv/GetInt32.srv
[0.993s] -- Up-to-date: /home/lunabotics/TAMU_SEDS_Lunabotics/ros2_ws/install/orbbec_camera_msgs/share/orbbec_camera_msgs/srv/GetInt32_Request.msg
[0.993s] -- Up-to-date: /home/lunabotics/TAMU_SEDS_Lunabotics/ros2_ws/install/orbbec_camera_msgs/share/orbbec_camera_msgs/srv/GetInt32_Response.msg
[0.993s] -- Up-to-date: /home/lunabotics/TAMU_SEDS_Lunabotics/ros2_ws/install/orbbec_camera_msgs/share/orbbec_camera_msgs/srv/GetString.srv
[0.993s] -- Up-to-date: /home/lunabotics/TAMU_SEDS_Lunabotics/ros2_ws/install/orbbec_camera_msgs/share/orbbec_camera_msgs/srv/GetString_Request.msg
[0.994s] -- Up-to-date: /home/lunabotics/TAMU_SEDS_Lunabotics/ros2_ws/install/orbbec_camera_msgs/share/orbbec_camera_msgs/srv/GetString_Response.msg
[0.994s] -- Up-to-date: /home/lunabotics/TAMU_SEDS_Lunabotics/ros2_ws/install/orbbec_camera_msgs/share/orbbec_camera_msgs/srv/SetFilter.srv
[0.994s] -- Up-to-date: /home/lunabotics/TAMU_SEDS_Lunabotics/ros2_ws/install/orbbec_camera_msgs/share/orbbec_camera_msgs/srv/SetFilter_Request.msg
[0.994s] -- Up-to-date: /home/lunabotics/TAMU_SEDS_Lunabotics/ros2_ws/install/orbbec_camera_msgs/share/orbbec_camera_msgs/srv/SetFilter_Response.msg
[0.994s] -- Up-to-date: /home/lunabotics/TAMU_SEDS_Lunabotics/ros2_ws/install/orbbec_camera_msgs/share/orbbec_camera_msgs/srv/SetInt32.srv
[0.994s] -- Up-to-date: /home/lunabotics/TAMU_SEDS_Lunabotics/ros2_ws/install/orbbec_camera_msgs/share/orbbec_camera_msgs/srv/SetInt32_Request.msg
[0.995s] -- Up-to-date: /home/lunabotics/TAMU_SEDS_Lunabotics/ros2_ws/install/orbbec_camera_msgs/share/orbbec_camera_msgs/srv/SetInt32_Response.msg
[0.995s] -- Up-to-date: /home/lunabotics/TAMU_SEDS_Lunabotics/ros2_ws/install/orbbec_camera_msgs/share/orbbec_camera_msgs/srv/SetString.srv
[0.995s] -- Up-to-date: /home/lunabotics/TAMU_SEDS_Lunabotics/ros2_ws/install/orbbec_camera_msgs/share/orbbec_camera_msgs/srv/SetString_Request.msg
[0.995s] -- Up-to-date: /home/lunabotics/TAMU_SEDS_Lunabotics/ros2_ws/install/orbbec_camera_msgs/share/orbbec_camera_msgs/srv/SetString_Response.msg
[0.995s] -- Up-to-date: /home/lunabotics/TAMU_SEDS_Lunabotics/ros2_ws/install/orbbec_camera_msgs/share/orbbec_camera_msgs/srv/SetArrays.srv
[0.996s] -- Up-to-date: /home/lunabotics/TAMU_SEDS_Lunabotics/ros2_ws/install/orbbec_camera_msgs/share/orbbec_camera_msgs/srv/SetArrays_Request.msg
[0.996s] -- Up-to-date: /home/lunabotics/TAMU_SEDS_Lunabotics/ros2_ws/install/orbbec_camera_msgs/share/orbbec_camera_msgs/srv/SetArrays_Response.msg
[0.996s] -- Up-to-date: /home/lunabotics/TAMU_SEDS_Lunabotics/ros2_ws/install/orbbec_camera_msgs/share/orbbec_camera_msgs/srv/GetUserCalibParams.srv
[0.996s] -- Up-to-date: /home/lunabotics/TAMU_SEDS_Lunabotics/ros2_ws/install/orbbec_camera_msgs/share/orbbec_camera_msgs/srv/GetUserCalibParams_Request.msg
[0.997s] -- Up-to-date: /home/lunabotics/TAMU_SEDS_Lunabotics/ros2_ws/install/orbbec_camera_msgs/share/orbbec_camera_msgs/srv/GetUserCalibParams_Response.msg
[0.997s] -- Up-to-date: /home/lunabotics/TAMU_SEDS_Lunabotics/ros2_ws/install/orbbec_camera_msgs/share/orbbec_camera_msgs/srv/SetUserCalibParams.srv
[0.997s] -- Up-to-date: /home/lunabotics/TAMU_SEDS_Lunabotics/ros2_ws/install/orbbec_camera_msgs/share/orbbec_camera_msgs/srv/SetUserCalibParams_Request.msg
[0.997s] -- Up-to-date: /home/lunabotics/TAMU_SEDS_Lunabotics/ros2_ws/install/orbbec_camera_msgs/share/orbbec_camera_msgs/srv/SetUserCalibParams_Response.msg
[0.997s] -- Up-to-date: /home/lunabotics/TAMU_SEDS_Lunabotics/ros2_ws/install/orbbec_camera_msgs/share/ament_index/resource_index/package_run_dependencies/orbbec_camera_msgs
[0.997s] -- Up-to-date: /home/lunabotics/TAMU_SEDS_Lunabotics/ros2_ws/install/orbbec_camera_msgs/share/ament_index/resource_index/parent_prefix_path/orbbec_camera_msgs
[0.997s] -- Up-to-date: /home/lunabotics/TAMU_SEDS_Lunabotics/ros2_ws/install/orbbec_camera_msgs/share/orbbec_camera_msgs/environment/ament_prefix_path.sh
[0.998s] -- Up-to-date: /home/lunabotics/TAMU_SEDS_Lunabotics/ros2_ws/install/orbbec_camera_msgs/share/orbbec_camera_msgs/environment/ament_prefix_path.dsv
[0.998s] -- Up-to-date: /home/lunabotics/TAMU_SEDS_Lunabotics/ros2_ws/install/orbbec_camera_msgs/share/orbbec_camera_msgs/environment/path.sh
[0.998s] -- Up-to-date: /home/lunabotics/TAMU_SEDS_Lunabotics/ros2_ws/install/orbbec_camera_msgs/share/orbbec_camera_msgs/environment/path.dsv
[0.998s] -- Up-to-date: /home/lunabotics/TAMU_SEDS_Lunabotics/ros2_ws/install/orbbec_camera_msgs/share/orbbec_camera_msgs/local_setup.bash
[0.998s] -- Up-to-date: /home/lunabotics/TAMU_SEDS_Lunabotics/ros2_ws/install/orbbec_camera_msgs/share/orbbec_camera_msgs/local_setup.sh
[0.999s] -- Up-to-date: /home/lunabotics/TAMU_SEDS_Lunabotics/ros2_ws/install/orbbec_camera_msgs/share/orbbec_camera_msgs/local_setup.zsh
[0.999s] -- Up-to-date: /home/lunabotics/TAMU_SEDS_Lunabotics/ros2_ws/install/orbbec_camera_msgs/share/orbbec_camera_msgs/local_setup.dsv
[0.999s] -- Installing: /home/lunabotics/TAMU_SEDS_Lunabotics/ros2_ws/install/orbbec_camera_msgs/share/orbbec_camera_msgs/package.dsv
[0.999s] -- Up-to-date: /home/lunabotics/TAMU_SEDS_Lunabotics/ros2_ws/install/orbbec_camera_msgs/share/ament_index/resource_index/packages/orbbec_camera_msgs
[0.999s] -- Up-to-date: /home/lunabotics/TAMU_SEDS_Lunabotics/ros2_ws/install/orbbec_camera_msgs/share/orbbec_camera_msgs/cmake/export_orbbec_camera_msgs__rosidl_generator_cExport.cmake
[0.999s] -- Up-to-date: /home/lunabotics/TAMU_SEDS_Lunabotics/ros2_ws/install/orbbec_camera_msgs/share/orbbec_camera_msgs/cmake/export_orbbec_camera_msgs__rosidl_generator_cExport-release.cmake
[0.999s] -- Up-to-date: /home/lunabotics/TAMU_SEDS_Lunabotics/ros2_ws/install/orbbec_camera_msgs/share/orbbec_camera_msgs/cmake/export_orbbec_camera_msgs__rosidl_typesupport_fastrtps_cExport.cmake
[1.000s] -- Up-to-date: /home/lunabotics/TAMU_SEDS_Lunabotics/ros2_ws/install/orbbec_camera_msgs/share/orbbec_camera_msgs/cmake/export_orbbec_camera_msgs__rosidl_typesupport_fastrtps_cExport-release.cmake
[1.000s] -- Up-to-date: /home/lunabotics/TAMU_SEDS_Lunabotics/ros2_ws/install/orbbec_camera_msgs/share/orbbec_camera_msgs/cmake/orbbec_camera_msgs__rosidl_typesupport_introspection_cExport.cmake
[1.000s] -- Up-to-date: /home/lunabotics/TAMU_SEDS_Lunabotics/ros2_ws/install/orbbec_camera_msgs/share/orbbec_camera_msgs/cmake/orbbec_camera_msgs__rosidl_typesupport_introspection_cExport-release.cmake
[1.000s] -- Up-to-date: /home/lunabotics/TAMU_SEDS_Lunabotics/ros2_ws/install/orbbec_camera_msgs/share/orbbec_camera_msgs/cmake/orbbec_camera_msgs__rosidl_typesupport_cExport.cmake
[1.000s] -- Up-to-date: /home/lunabotics/TAMU_SEDS_Lunabotics/ros2_ws/install/orbbec_camera_msgs/share/orbbec_camera_msgs/cmake/orbbec_camera_msgs__rosidl_typesupport_cExport-release.cmake
[1.000s] -- Up-to-date: /home/lunabotics/TAMU_SEDS_Lunabotics/ros2_ws/install/orbbec_camera_msgs/share/orbbec_camera_msgs/cmake/export_orbbec_camera_msgs__rosidl_generator_cppExport.cmake
[1.001s] -- Up-to-date: /home/lunabotics/TAMU_SEDS_Lunabotics/ros2_ws/install/orbbec_camera_msgs/share/orbbec_camera_msgs/cmake/export_orbbec_camera_msgs__rosidl_typesupport_fastrtps_cppExport.cmake
[1.001s] -- Up-to-date: /home/lunabotics/TAMU_SEDS_Lunabotics/ros2_ws/install/orbbec_camera_msgs/share/orbbec_camera_msgs/cmake/export_orbbec_camera_msgs__rosidl_typesupport_fastrtps_cppExport-release.cmake
[1.001s] -- Up-to-date: /home/lunabotics/TAMU_SEDS_Lunabotics/ros2_ws/install/orbbec_camera_msgs/share/orbbec_camera_msgs/cmake/orbbec_camera_msgs__rosidl_typesupport_introspection_cppExport.cmake
[1.001s] -- Up-to-date: /home/lunabotics/TAMU_SEDS_Lunabotics/ros2_ws/install/orbbec_camera_msgs/share/orbbec_camera_msgs/cmake/orbbec_camera_msgs__rosidl_typesupport_introspection_cppExport-release.cmake
[1.001s] -- Up-to-date: /home/lunabotics/TAMU_SEDS_Lunabotics/ros2_ws/install/orbbec_camera_msgs/share/orbbec_camera_msgs/cmake/orbbec_camera_msgs__rosidl_typesupport_cppExport.cmake
[1.001s] -- Up-to-date: /home/lunabotics/TAMU_SEDS_Lunabotics/ros2_ws/install/orbbec_camera_msgs/share/orbbec_camera_msgs/cmake/orbbec_camera_msgs__rosidl_typesupport_cppExport-release.cmake
[1.001s] -- Up-to-date: /home/lunabotics/TAMU_SEDS_Lunabotics/ros2_ws/install/orbbec_camera_msgs/share/orbbec_camera_msgs/cmake/export_orbbec_camera_msgs__rosidl_generator_pyExport.cmake
[1.002s] -- Up-to-date: /home/lunabotics/TAMU_SEDS_Lunabotics/ros2_ws/install/orbbec_camera_msgs/share/orbbec_camera_msgs/cmake/export_orbbec_camera_msgs__rosidl_generator_pyExport-release.cmake
[1.002s] -- Up-to-date: /home/lunabotics/TAMU_SEDS_Lunabotics/ros2_ws/install/orbbec_camera_msgs/share/orbbec_camera_msgs/cmake/rosidl_cmake-extras.cmake
[1.002s] -- Up-to-date: /home/lunabotics/TAMU_SEDS_Lunabotics/ros2_ws/install/orbbec_camera_msgs/share/orbbec_camera_msgs/cmake/ament_cmake_export_dependencies-extras.cmake
[1.002s] -- Up-to-date: /home/lunabotics/TAMU_SEDS_Lunabotics/ros2_ws/install/orbbec_camera_msgs/share/orbbec_camera_msgs/cmake/ament_cmake_export_include_directories-extras.cmake
[1.002s] -- Up-to-date: /home/lunabotics/TAMU_SEDS_Lunabotics/ros2_ws/install/orbbec_camera_msgs/share/orbbec_camera_msgs/cmake/ament_cmake_export_libraries-extras.cmake
[1.002s] -- Up-to-date: /home/lunabotics/TAMU_SEDS_Lunabotics/ros2_ws/install/orbbec_camera_msgs/share/orbbec_camera_msgs/cmake/ament_cmake_export_targets-extras.cmake
[1.003s] -- Up-to-date: /home/lunabotics/TAMU_SEDS_Lunabotics/ros2_ws/install/orbbec_camera_msgs/share/orbbec_camera_msgs/cmake/rosidl_cmake_export_typesupport_targets-extras.cmake
[1.003s] -- Up-to-date: /home/lunabotics/TAMU_SEDS_Lunabotics/ros2_ws/install/orbbec_camera_msgs/share/orbbec_camera_msgs/cmake/rosidl_cmake_export_typesupport_libraries-extras.cmake
[1.003s] -- Up-to-date: /home/lunabotics/TAMU_SEDS_Lunabotics/ros2_ws/install/orbbec_camera_msgs/share/orbbec_camera_msgs/cmake/orbbec_camera_msgsConfig.cmake
[1.003s] -- Up-to-date: /home/lunabotics/TAMU_SEDS_Lunabotics/ros2_ws/install/orbbec_camera_msgs/share/orbbec_camera_msgs/cmake/orbbec_camera_msgsConfig-version.cmake
[1.003s] -- Up-to-date: /home/lunabotics/TAMU_SEDS_Lunabotics/ros2_ws/install/orbbec_camera_msgs/share/orbbec_camera_msgs/package.xml
[1.012s] Invoked command in '/home/lunabotics/TAMU_SEDS_Lunabotics/ros2_ws/build/orbbec_camera_msgs' returned '0': CMAKE_PREFIX_PATH=/opt/ros/humble /home/lunabotics/.local/bin/cmake --install /home/lunabotics/TAMU_SEDS_Lunabotics/ros2_ws/build/orbbec_camera_msgs
