[0.653s] Invoking command in '/home/lunabotics/TAMU_SEDS_Lunabotics/ros2_ws/build/joy_controller_cpp': CMAKE_PREFIX_PATH=/opt/ros/humble /home/lunabotics/.local/bin/cmake /home/lunabotics/TAMU_SEDS_Lunabotics/ros2_ws/src/joy_controller_cpp -DCMAKE_INSTALL_PREFIX=/home/lunabotics/TAMU_SEDS_Lunabotics/ros2_ws/install/joy_controller_cpp
[0.927s] [0mCMake Deprecation Warning at CMakeLists.txt:1 (cmake_minimum_required):
[0.928s]   Compatibility with CMake < 3.10 will be removed from a future version of
[0.928s]   CMake.
[0.928s] 
[0.928s]   Update the VERSION argument <min> value.  Or, use the <min>...<max> syntax
[0.928s]   to tell CMake that the project requires at least <min> but has been updated
[0.928s]   to work with policies introduced by <max> or earlier.
[0.928s] 
[0.928s] [0m
[1.087s] -- The C compiler identification is GNU 11.4.0
[1.277s] -- The CXX compiler identification is GNU 11.4.0
[1.299s] -- Detecting C compiler ABI info
[1.521s] -- Detecting C compiler ABI info - done
[1.581s] -- Check for working C compiler: /usr/bin/cc - skipped
[1.582s] -- Detecting C compile features
[1.590s] -- Detecting C compile features - done
[1.636s] -- Detecting CXX compiler ABI info
[1.896s] -- Detecting CXX compiler ABI info - done
[1.966s] -- Check for working CXX compiler: /usr/bin/c++ - skipped
[1.967s] -- Detecting CXX compile features
[1.968s] -- Detecting CXX compile features - done
[1.989s] -- Found ament_cmake: 1.3.14 (/opt/ros/humble/share/ament_cmake/cmake)
[2.340s] -- Found Python3: /usr/bin/python3 (found version "3.10.12") found components: Interpreter
[2.853s] -- Found rclcpp: 16.0.19 (/opt/ros/humble/share/rclcpp/cmake)
[2.968s] -- Found rosidl_generator_c: 3.1.8 (/opt/ros/humble/share/rosidl_generator_c/cmake)
[2.980s] -- Found rosidl_adapter: 3.1.8 (/opt/ros/humble/share/rosidl_adapter/cmake)
[3.001s] -- Found rosidl_generator_cpp: 3.1.8 (/opt/ros/humble/share/rosidl_generator_cpp/cmake)
[3.034s] -- Using all available rosidl_typesupport_c: rosidl_typesupport_fastrtps_c;rosidl_typesupport_introspection_c
[3.078s] -- Using all available rosidl_typesupport_cpp: rosidl_typesupport_fastrtps_cpp;rosidl_typesupport_introspection_cpp
[3.190s] -- Found rmw_implementation_cmake: 6.1.2 (/opt/ros/humble/share/rmw_implementation_cmake/cmake)
[3.200s] -- Found rmw_fastrtps_cpp: 6.2.10 (/opt/ros/humble/share/rmw_fastrtps_cpp/cmake)
[3.461s] -- Found OpenSSL: /usr/lib/aarch64-linux-gnu/libcrypto.so (found version "3.0.2")
[3.549s] -- Found FastRTPS: /opt/ros/humble/include
[3.666s] -- Using RMW implementation 'rmw_fastrtps_cpp' as default
[3.689s] -- Performing Test CMAKE_HAVE_LIBC_PTHREAD
[3.839s] -- Performing Test CMAKE_HAVE_LIBC_PTHREAD - Success
[3.843s] -- Found Threads: TRUE
[4.029s] -- Found sensor_msgs: 4.9.1 (/opt/ros/humble/share/sensor_msgs/cmake)
[4.142s] -- Found ament_lint_auto: 0.12.15 (/opt/ros/humble/share/ament_lint_auto/cmake)
[4.149s] [31mCMake Error at CMakeLists.txt:27 (install):
[4.149s]   install TARGETS given target "joy_controller_node" which does not exist.
[4.150s] 
[4.150s] [0m
[4.369s] -- Added test 'cppcheck' to perform static code analysis on C / C++ code
[4.370s] -- Configured cppcheck include dirs: 
[4.370s] -- Configured cppcheck exclude dirs and/or files: 
[4.373s] -- Added test 'lint_cmake' to check CMake code style
[4.376s] -- Added test 'uncrustify' to check C / C++ code style
[4.376s] -- Configured uncrustify additional arguments: 
[4.377s] -- Added test 'xmllint' to check XML markup files
[4.381s] -- Configuring incomplete, errors occurred!
