[0.198s] DEBUG:colcon:Command line arguments: ['/usr/bin/colcon', 'list', '--base-paths', 'src/kiss-icp/ros']
[0.198s] DEBUG:colcon:Parsed command line arguments: Namespace(log_base=None, log_level=None, verb_name='list', build_base='build', ignore_user_meta=False, metas=['./colcon.meta'], base_paths=['src/kiss-icp/ros'], packages_ignore=None, packages_ignore_regex=None, paths=None, packages_up_to=None, packages_up_to_regex=None, packages_above=None, packages_above_and_dependencies=None, packages_above_depth=None, packages_select_by_dep=None, packages_skip_by_dep=None, packages_skip_up_to=None, packages_select_build_failed=False, packages_skip_build_finished=False, packages_select_test_failures=False, packages_skip_test_passed=False, packages_select=None, packages_skip=None, packages_select_regex=None, packages_skip_regex=None, packages_start=None, packages_end=None, allow_overriding=[], topological_order=False, names_only=False, paths_only=False, topological_graph=False, topological_graph_dot=False, topological_graph_density=False, topological_graph_legend=False, topological_graph_dot_cluster=False, topological_graph_dot_include_skipped=False, verb_parser=<colcon_defaults.argument_parser.defaults.DefaultArgumentsDecorator object at 0xffff962cbb50>, verb_extension=<colcon_package_information.verb.list.ListVerb object at 0xffff965f9c30>, main=<bound method ListVerb.main of <colcon_package_information.verb.list.ListVerb object at 0xffff965f9c30>>)
[0.554s] Level 1:colcon.colcon_core.package_discovery:discover_packages(colcon_meta) check parameters
[0.555s] Level 1:colcon.colcon_core.package_discovery:discover_packages(recursive) check parameters
[0.555s] Level 1:colcon.colcon_core.package_discovery:discover_packages(ignore) check parameters
[0.555s] Level 1:colcon.colcon_core.package_discovery:discover_packages(path) check parameters
[0.555s] Level 1:colcon.colcon_core.package_discovery:discover_packages(recursive) discover
[0.555s] INFO:colcon.colcon_core.package_discovery:Crawling recursively for packages in '/home/lunabotics/TAMU_SEDS_Lunabotics/ros2_ws/src/kiss-icp/ros'
[0.555s] Level 1:colcon.colcon_core.package_identification:_identify(src/kiss-icp/ros) by extensions ['ignore']
[0.556s] Level 1:colcon.colcon_core.package_identification:_identify(src/kiss-icp/ros) by extension 'ignore'
[0.556s] Level 1:colcon.colcon_core.package_identification:_identify(src/kiss-icp/ros) by extensions ['colcon_pkg']
[0.556s] Level 1:colcon.colcon_core.package_identification:_identify(src/kiss-icp/ros) by extension 'colcon_pkg'
[0.556s] Level 1:colcon.colcon_core.package_identification:_identify(src/kiss-icp/ros) by extensions ['colcon_meta']
[0.556s] Level 1:colcon.colcon_core.package_identification:_identify(src/kiss-icp/ros) by extension 'colcon_meta'
[0.556s] Level 1:colcon.colcon_core.package_identification:_identify(src/kiss-icp/ros) by extensions ['python']
[0.556s] Level 1:colcon.colcon_core.package_identification:_identify(src/kiss-icp/ros) by extension 'python'
[0.556s] Level 1:colcon.colcon_core.package_identification:_identify(src/kiss-icp/ros) by extensions ['python_setup_py']
[0.556s] Level 1:colcon.colcon_core.package_identification:_identify(src/kiss-icp/ros) by extension 'python_setup_py'
[0.557s] Level 1:colcon.colcon_core.package_identification:_identify(src/kiss-icp/ros/config) by extensions ['ignore']
[0.557s] Level 1:colcon.colcon_core.package_identification:_identify(src/kiss-icp/ros/config) by extension 'ignore'
[0.557s] Level 1:colcon.colcon_core.package_identification:_identify(src/kiss-icp/ros/config) by extensions ['colcon_pkg']
[0.557s] Level 1:colcon.colcon_core.package_identification:_identify(src/kiss-icp/ros/config) by extension 'colcon_pkg'
[0.557s] Level 1:colcon.colcon_core.package_identification:_identify(src/kiss-icp/ros/config) by extensions ['colcon_meta']
[0.557s] Level 1:colcon.colcon_core.package_identification:_identify(src/kiss-icp/ros/config) by extension 'colcon_meta'
[0.557s] Level 1:colcon.colcon_core.package_identification:_identify(src/kiss-icp/ros/config) by extensions ['python']
[0.557s] Level 1:colcon.colcon_core.package_identification:_identify(src/kiss-icp/ros/config) by extension 'python'
[0.557s] Level 1:colcon.colcon_core.package_identification:_identify(src/kiss-icp/ros/config) by extensions ['python_setup_py']
[0.558s] Level 1:colcon.colcon_core.package_identification:_identify(src/kiss-icp/ros/config) by extension 'python_setup_py'
[0.558s] Level 1:colcon.colcon_core.package_identification:_identify(src/kiss-icp/ros/launch) by extensions ['ignore']
[0.558s] Level 1:colcon.colcon_core.package_identification:_identify(src/kiss-icp/ros/launch) by extension 'ignore'
[0.558s] Level 1:colcon.colcon_core.package_identification:_identify(src/kiss-icp/ros/launch) by extensions ['colcon_pkg']
[0.558s] Level 1:colcon.colcon_core.package_identification:_identify(src/kiss-icp/ros/launch) by extension 'colcon_pkg'
[0.558s] Level 1:colcon.colcon_core.package_identification:_identify(src/kiss-icp/ros/launch) by extensions ['colcon_meta']
[0.558s] Level 1:colcon.colcon_core.package_identification:_identify(src/kiss-icp/ros/launch) by extension 'colcon_meta'
[0.558s] Level 1:colcon.colcon_core.package_identification:_identify(src/kiss-icp/ros/launch) by extensions ['python']
[0.558s] Level 1:colcon.colcon_core.package_identification:_identify(src/kiss-icp/ros/launch) by extension 'python'
[0.559s] Level 1:colcon.colcon_core.package_identification:_identify(src/kiss-icp/ros/launch) by extensions ['python_setup_py']
[0.559s] Level 1:colcon.colcon_core.package_identification:_identify(src/kiss-icp/ros/launch) by extension 'python_setup_py'
[0.559s] Level 1:colcon.colcon_core.package_identification:_identify(src/kiss-icp/ros/rviz) by extensions ['ignore']
[0.559s] Level 1:colcon.colcon_core.package_identification:_identify(src/kiss-icp/ros/rviz) by extension 'ignore'
[0.559s] Level 1:colcon.colcon_core.package_identification:_identify(src/kiss-icp/ros/rviz) by extensions ['colcon_pkg']
[0.559s] Level 1:colcon.colcon_core.package_identification:_identify(src/kiss-icp/ros/rviz) by extension 'colcon_pkg'
[0.559s] Level 1:colcon.colcon_core.package_identification:_identify(src/kiss-icp/ros/rviz) by extensions ['colcon_meta']
[0.559s] Level 1:colcon.colcon_core.package_identification:_identify(src/kiss-icp/ros/rviz) by extension 'colcon_meta'
[0.559s] Level 1:colcon.colcon_core.package_identification:_identify(src/kiss-icp/ros/rviz) by extensions ['python']
[0.560s] Level 1:colcon.colcon_core.package_identification:_identify(src/kiss-icp/ros/rviz) by extension 'python'
[0.560s] Level 1:colcon.colcon_core.package_identification:_identify(src/kiss-icp/ros/rviz) by extensions ['python_setup_py']
[0.560s] Level 1:colcon.colcon_core.package_identification:_identify(src/kiss-icp/ros/rviz) by extension 'python_setup_py'
[0.560s] Level 1:colcon.colcon_core.package_identification:_identify(src/kiss-icp/ros/src) by extensions ['ignore']
[0.560s] Level 1:colcon.colcon_core.package_identification:_identify(src/kiss-icp/ros/src) by extension 'ignore'
[0.560s] Level 1:colcon.colcon_core.package_identification:_identify(src/kiss-icp/ros/src) by extensions ['colcon_pkg']
[0.560s] Level 1:colcon.colcon_core.package_identification:_identify(src/kiss-icp/ros/src) by extension 'colcon_pkg'
[0.560s] Level 1:colcon.colcon_core.package_identification:_identify(src/kiss-icp/ros/src) by extensions ['colcon_meta']
[0.560s] Level 1:colcon.colcon_core.package_identification:_identify(src/kiss-icp/ros/src) by extension 'colcon_meta'
[0.561s] Level 1:colcon.colcon_core.package_identification:_identify(src/kiss-icp/ros/src) by extensions ['python']
[0.561s] Level 1:colcon.colcon_core.package_identification:_identify(src/kiss-icp/ros/src) by extension 'python'
[0.561s] Level 1:colcon.colcon_core.package_identification:_identify(src/kiss-icp/ros/src) by extensions ['python_setup_py']
[0.561s] Level 1:colcon.colcon_core.package_identification:_identify(src/kiss-icp/ros/src) by extension 'python_setup_py'
[0.561s] Level 1:colcon.colcon_core.package_discovery:discover_packages(recursive) using defaults
