[0.039s] Invoking command in '/home/lunabotics/TAMU_SEDS_Lunabotics/ros2_ws/build/orbbec_camera': CMAKE_PREFIX_PATH=/home/lunabotics/TAMU_SEDS_Lunabotics/ros2_ws/install/orbbec_camera_msgs:/home/lunabotics/TAMU_SEDS_Lunabotics/ros2_ws/install/tutorial_interfaces:/home/lunabotics/TAMU_SEDS_Lunabotics/ros2_ws/install/sensors:/home/lunabotics/TAMU_SEDS_Lunabotics/ros2_ws/install/orbbec_camera:/home/lunabotics/TAMU_SEDS_Lunabotics/ros2_ws/install/imu_reader:/home/lunabotics/TAMU_SEDS_Lunabotics/ros2_ws/install/cpp_srvcli:/home/lunabotics/TAMU_SEDS_Lunabotics/ros2_ws/install/cpp_pubsub:/home/lunabotics/TAMU_SEDS_Lunabotics/ros2_ws/install/pico_motor_control:/home/lunabotics/TAMU_SEDS_Lunabotics/ros2_ws/install/pico_2nd_pck:/home/lunabotics/TAMU_SEDS_Lunabotics/ros2_ws/install/drive:/opt/ros/humble LD_LIBRARY_PATH=/home/lunabotics/TAMU_SEDS_Lunabotics/ros2_ws/install/orbbec_camera_msgs/lib:/home/lunabotics/TAMU_SEDS_Lunabotics/ros2_ws/install/tutorial_interfaces/lib:/home/lunabotics/TAMU_SEDS_Lunabotics/ros2_ws/install/orbbec_camera/lib:/opt/ros/humble/opt/rviz_ogre_vendor/lib:/opt/ros/humble/lib/aarch64-linux-gnu:/opt/ros/humble/lib /home/lunabotics/.local/bin/cmake /home/lunabotics/TAMU_SEDS_Lunabotics/ros2_ws/src/OrbbecSDK_ROS2/orbbec_camera -DCMAKE_BUILD_TYPE=Release -DCMAKE_SYSTEM_PROCESSOR=aarch64 -DCMAKE_INSTALL_PREFIX=/home/lunabotics/TAMU_SEDS_Lunabotics/ros2_ws/install/orbbec_camera
[0.512s] -- The C compiler identification is GNU 11.4.0
[0.642s] -- The CXX compiler identification is GNU 11.4.0
[0.674s] -- Detecting C compiler ABI info
[0.778s] -- Detecting C compiler ABI info - done
[0.794s] -- Check for working C compiler: /usr/bin/cc - skipped
[0.797s] -- Detecting C compile features
[0.798s] -- Detecting C compile features - done
[0.808s] -- Detecting CXX compiler ABI info
[0.931s] -- Detecting CXX compiler ABI info - done
[0.948s] -- Check for working CXX compiler: /usr/bin/c++ - skipped
[0.948s] -- Detecting CXX compile features
[0.949s] -- Detecting CXX compile features - done
[0.958s] -- Found ament_cmake: 1.3.14 (/opt/ros/humble/share/ament_cmake/cmake)
[1.236s] -- Found Python3: /usr/bin/python3 (found version "3.10.12") found components: Interpreter 
[1.559s] -- Found ament_index_cpp: 1.4.1 (/opt/ros/humble/share/ament_index_cpp/cmake)
[1.594s] -- Found builtin_interfaces: 1.2.2 (/opt/ros/humble/share/builtin_interfaces/cmake)
[1.740s] -- Found rosidl_generator_c: 3.1.8 (/opt/ros/humble/share/rosidl_generator_c/cmake)
[1.758s] -- Found rosidl_adapter: 3.1.8 (/opt/ros/humble/share/rosidl_adapter/cmake)
[1.794s] -- Found rosidl_generator_cpp: 3.1.8 (/opt/ros/humble/share/rosidl_generator_cpp/cmake)
[1.840s] -- Using all available rosidl_typesupport_c: rosidl_typesupport_fastrtps_c;rosidl_typesupport_introspection_c
[1.894s] -- Using all available rosidl_typesupport_cpp: rosidl_typesupport_fastrtps_cpp;rosidl_typesupport_introspection_cpp
[1.943s] -- Found cv_bridge: 3.2.1 (/opt/ros/humble/share/cv_bridge/cmake)
[2.121s] -- Found camera_info_manager: 3.1.12 (/opt/ros/humble/share/camera_info_manager/cmake)
[2.262s] -- Found rmw_implementation_cmake: 6.1.2 (/opt/ros/humble/share/rmw_implementation_cmake/cmake)
[2.272s] -- Found rmw_fastrtps_cpp: 6.2.10 (/opt/ros/humble/share/rmw_fastrtps_cpp/cmake)
[2.520s] -- Found OpenSSL: /usr/lib/aarch64-linux-gnu/libcrypto.so (found version "3.0.2")  
[2.616s] -- Found FastRTPS: /opt/ros/humble/include  
[2.704s] -- Using RMW implementation 'rmw_fastrtps_cpp' as default
[2.735s] -- Performing Test CMAKE_HAVE_LIBC_PTHREAD
[2.951s] -- Performing Test CMAKE_HAVE_LIBC_PTHREAD - Success
[2.958s] -- Found Threads: TRUE  
[3.174s] -- Found image_transport: 3.1.12 (/opt/ros/humble/share/image_transport/cmake)
[3.267s] -- Found image_publisher: 3.0.9 (/opt/ros/humble/share/image_publisher/cmake)
[3.342s] -- Found OpenCV: /usr (found version "4.8.0") 
[3.344s] -- Found orbbec_camera_msgs: 2.8.6 (/home/lunabotics/TAMU_SEDS_Lunabotics/ros2_ws/install/orbbec_camera_msgs/share/orbbec_camera_msgs/cmake)
[3.396s] -- Found std_srvs: 4.9.1 (/opt/ros/humble/share/std_srvs/cmake)
[3.433s] -- Found tf2: 0.25.20 (/opt/ros/humble/share/tf2/cmake)
[3.448s] -- Found tf2_msgs: 0.25.20 (/opt/ros/humble/share/tf2_msgs/cmake)
[3.581s] -- Found tf2_ros: 0.25.20 (/opt/ros/humble/share/tf2_ros/cmake)
[3.634s] -- Found tf2_sensor_msgs: 0.25.20 (/opt/ros/humble/share/tf2_sensor_msgs/cmake)
[3.658s] -- Found diagnostic_updater: 4.0.6 (/opt/ros/humble/share/diagnostic_updater/cmake)
[3.727s] -- Found PkgConfig: /usr/bin/pkg-config (found version "0.29.2") 
[3.747s] -- ORRBEC Machine : aarch64
[3.747s] 
[3.748s] -- ORRBEC Machine Bits : 64
[3.748s] 
[4.328s] -- Found ament_lint_auto: 0.12.15 (/opt/ros/humble/share/ament_lint_auto/cmake)
[4.499s] -- Configuring done
[5.053s] -- Generating done
[5.184s] -- Build files have been written to: /home/lunabotics/TAMU_SEDS_Lunabotics/ros2_ws/build/orbbec_camera
[5.236s] Invoked command in '/home/lunabotics/TAMU_SEDS_Lunabotics/ros2_ws/build/orbbec_camera' returned '0': CMAKE_PREFIX_PATH=/home/lunabotics/TAMU_SEDS_Lunabotics/ros2_ws/install/orbbec_camera_msgs:/home/lunabotics/TAMU_SEDS_Lunabotics/ros2_ws/install/tutorial_interfaces:/home/lunabotics/TAMU_SEDS_Lunabotics/ros2_ws/install/sensors:/home/lunabotics/TAMU_SEDS_Lunabotics/ros2_ws/install/orbbec_camera:/home/lunabotics/TAMU_SEDS_Lunabotics/ros2_ws/install/imu_reader:/home/lunabotics/TAMU_SEDS_Lunabotics/ros2_ws/install/cpp_srvcli:/home/lunabotics/TAMU_SEDS_Lunabotics/ros2_ws/install/cpp_pubsub:/home/lunabotics/TAMU_SEDS_Lunabotics/ros2_ws/install/pico_motor_control:/home/lunabotics/TAMU_SEDS_Lunabotics/ros2_ws/install/pico_2nd_pck:/home/lunabotics/TAMU_SEDS_Lunabotics/ros2_ws/install/drive:/opt/ros/humble LD_LIBRARY_PATH=/home/lunabotics/TAMU_SEDS_Lunabotics/ros2_ws/install/orbbec_camera_msgs/lib:/home/lunabotics/TAMU_SEDS_Lunabotics/ros2_ws/install/tutorial_interfaces/lib:/home/lunabotics/TAMU_SEDS_Lunabotics/ros2_ws/install/orbbec_camera/lib:/opt/ros/humble/opt/rviz_ogre_vendor/lib:/opt/ros/humble/lib/aarch64-linux-gnu:/opt/ros/humble/lib /home/lunabotics/.local/bin/cmake /home/lunabotics/TAMU_SEDS_Lunabotics/ros2_ws/src/OrbbecSDK_ROS2/orbbec_camera -DCMAKE_BUILD_TYPE=Release -DCMAKE_SYSTEM_PROCESSOR=aarch64 -DCMAKE_INSTALL_PREFIX=/home/lunabotics/TAMU_SEDS_Lunabotics/ros2_ws/install/orbbec_camera
[5.242s] Invoking command in '/home/lunabotics/TAMU_SEDS_Lunabotics/ros2_ws/build/orbbec_camera': CMAKE_PREFIX_PATH=/home/lunabotics/TAMU_SEDS_Lunabotics/ros2_ws/install/orbbec_camera_msgs:/home/lunabotics/TAMU_SEDS_Lunabotics/ros2_ws/install/tutorial_interfaces:/home/lunabotics/TAMU_SEDS_Lunabotics/ros2_ws/install/sensors:/home/lunabotics/TAMU_SEDS_Lunabotics/ros2_ws/install/orbbec_camera:/home/lunabotics/TAMU_SEDS_Lunabotics/ros2_ws/install/imu_reader:/home/lunabotics/TAMU_SEDS_Lunabotics/ros2_ws/install/cpp_srvcli:/home/lunabotics/TAMU_SEDS_Lunabotics/ros2_ws/install/cpp_pubsub:/home/lunabotics/TAMU_SEDS_Lunabotics/ros2_ws/install/pico_motor_control:/home/lunabotics/TAMU_SEDS_Lunabotics/ros2_ws/install/pico_2nd_pck:/home/lunabotics/TAMU_SEDS_Lunabotics/ros2_ws/install/drive:/opt/ros/humble LD_LIBRARY_PATH=/home/lunabotics/TAMU_SEDS_Lunabotics/ros2_ws/install/orbbec_camera_msgs/lib:/home/lunabotics/TAMU_SEDS_Lunabotics/ros2_ws/install/tutorial_interfaces/lib:/home/lunabotics/TAMU_SEDS_Lunabotics/ros2_ws/install/orbbec_camera/lib:/opt/ros/humble/opt/rviz_ogre_vendor/lib:/opt/ros/humble/lib/aarch64-linux-gnu:/opt/ros/humble/lib /home/lunabotics/.local/bin/cmake --build /home/lunabotics/TAMU_SEDS_Lunabotics/ros2_ws/build/orbbec_camera -- -j6 -l6
[5.373s] [  2%] [32mBuilding CXX object CMakeFiles/frame_latency_node.dir/rclcpp_components/node_main_frame_latency_node.cpp.o[0m
[5.374s] [  4%] [32mBuilding CXX object CMakeFiles/orbbec_camera_node.dir/rclcpp_components/node_main_orbbec_camera_node.cpp.o[0m
[5.378s] [  8%] [32mBuilding CXX object CMakeFiles/orbbec_camera.dir/src/d2c_viewer.cpp.o[0m
[5.379s] [  8%] [32mBuilding CXX object CMakeFiles/frame_latency.dir/tools/frame_latency.cpp.o[0m
[5.379s] [ 10%] [32mBuilding CXX object CMakeFiles/start_benchmark_node.dir/rclcpp_components/node_main_start_benchmark_node.cpp.o[0m
[5.383s] [ 12%] [32mBuilding CXX object CMakeFiles/start_benchmark.dir/tools/start_benchmark.cpp.o[0m
[13.980s] [ 14%] [32m[1mLinking CXX executable orbbec_camera_node[0m
[14.220s] [ 14%] Built target orbbec_camera_node
[14.241s] [ 16%] [32mBuilding CXX object CMakeFiles/multi_save_rgbir.dir/tools/multi_save_rgbir.cpp.o[0m
[14.450s] [ 18%] [32m[1mLinking CXX executable start_benchmark_node[0m
[14.519s] [ 20%] [32m[1mLinking CXX executable frame_latency_node[0m
[14.710s] [ 20%] Built target start_benchmark_node
[14.738s] [ 22%] [32mBuilding CXX object CMakeFiles/multi_save_rgbir_node.dir/rclcpp_components/node_main_multi_save_rgbir_node.cpp.o[0m
[14.793s] [ 22%] Built target frame_latency_node
[14.801s] [ 24%] [32mBuilding CXX object CMakeFiles/multi_save_rgbir.dir/src/utils.cpp.o[0m
[23.300s] [ 26%] [32m[1mLinking CXX executable multi_save_rgbir_node[0m
[23.548s] [ 26%] Built target multi_save_rgbir_node
[23.555s] [ 28%] [32mBuilding CXX object CMakeFiles/orbbec_camera.dir/src/dynamic_params.cpp.o[0m
[34.365s] [ 30%] [32mBuilding CXX object CMakeFiles/orbbec_camera.dir/src/image_publisher.cpp.o[0m
[46.384s] [ 32%] [32mBuilding CXX object CMakeFiles/orbbec_camera.dir/src/frame_timestamp_csv_logger.cpp.o[0m
[49.827s] [ 34%] [32mBuilding CXX object CMakeFiles/orbbec_camera.dir/src/ob_camera_node_driver.cpp.o[0m
[53.735s] [ 36%] [32mBuilding CXX object CMakeFiles/orbbec_camera.dir/src/ob_camera_node.cpp.o[0m
[60.835s] [ 38%] [32mBuilding CXX object CMakeFiles/orbbec_camera.dir/src/ob_lidar_node.cpp.o[0m
[75.202s] [ 40%] [32m[1mLinking CXX shared library libstart_benchmark.so[0m
[76.622s] [ 40%] Built target start_benchmark
[76.634s] [ 42%] [32mBuilding CXX object CMakeFiles/orbbec_camera.dir/src/ros_param_backend.cpp.o[0m
[86.152s] [ 44%] [32mBuilding CXX object CMakeFiles/orbbec_camera.dir/src/ros_service.cpp.o[0m
[91.920s] [ 46%] [32m[1mLinking CXX shared library libmulti_save_rgbir.so[0m
[93.892s] [ 46%] Built target multi_save_rgbir
[93.902s] [ 48%] [32mBuilding CXX object CMakeFiles/orbbec_camera.dir/src/synced_imu_publisher.cpp.o[0m
[104.341s] [ 50%] [32mBuilding CXX object CMakeFiles/orbbec_camera.dir/src/utils.cpp.o[0m
[110.964s] [ 52%] [32m[1mLinking CXX shared library libframe_latency.so[0m
[112.680s] [ 52%] Built target frame_latency
[112.689s] [ 54%] [32mBuilding CXX object CMakeFiles/orbbec_camera.dir/src/jpeg_decoder.cpp.o[0m
[183.785s] [ 56%] [32m[1mLinking CXX shared library liborbbec_camera.so[0m
[184.883s] [ 56%] Built target orbbec_camera
[185.011s] [ 62%] [32mBuilding CXX object CMakeFiles/list_camera_profile_mode_node.dir/tools/list_camera_profile.cpp.o[0m
[185.023s] [ 62%] [32mBuilding CXX object CMakeFiles/list_depth_work_mode_node.dir/tools/list_depth_work_mode.cpp.o[0m
[185.023s] [ 62%] [32mBuilding CXX object CMakeFiles/set_device_ip.dir/tools/ip_config_tool.cpp.o[0m
[185.023s] [ 64%] [32mBuilding CXX object CMakeFiles/list_devices_node.dir/tools/list_devices_node.cpp.o[0m
[185.023s] [ 68%] [32mBuilding CXX object CMakeFiles/ip_config_tool.dir/tools/ip_config_tool.cpp.o[0m
[185.024s] [ 68%] [32mBuilding CXX object CMakeFiles/firmware_update_tool.dir/tools/firmware_update_tool.cpp.o[0m
[205.369s] [ 70%] [32m[1mLinking CXX executable firmware_update_tool[0m
[205.921s] [ 70%] Built target firmware_update_tool
[205.959s] [ 72%] [32mBuilding CXX object CMakeFiles/topic_statistics_node.dir/tools/topic_statistics.cpp.o[0m
[208.695s] [ 74%] [32m[1mLinking CXX executable list_depth_work_mode_node[0m
[209.018s] [ 74%] Built target list_depth_work_mode_node
[209.045s] [ 76%] [32mBuilding CXX object CMakeFiles/ob_benchmark_node.dir/tools/ob_benchmark.cpp.o[0m
[212.966s] [ 78%] [32m[1mLinking CXX executable list_devices_node[0m
[212.971s] [ 80%] [32m[1mLinking CXX executable set_device_ip[0m
[213.024s] [ 82%] [32m[1mLinking CXX executable ip_config_tool[0m
[213.045s] [ 84%] [32m[1mLinking CXX executable list_camera_profile_mode_node[0m
[213.522s] [ 84%] Built target set_device_ip
[213.574s] [ 86%] [32mBuilding CXX object CMakeFiles/435le_example_node.dir/examples/Gemini_435Le_example_node/camera_example_node.cpp.o[0m
[213.576s] [ 86%] Built target ip_config_tool
[213.610s] [ 88%] [32mBuilding CXX object CMakeFiles/service_benchmark_node.dir/scripts/service_benchmark_node.cpp.o[0m
[215.190s] [ 88%] Built target list_devices_node
[215.219s] [ 90%] [32mBuilding CXX object CMakeFiles/image_sync_example_node.dir/examples/multi_camera_time_sync/image_sync_example_node.cpp.o[0m
[215.241s] [ 90%] Built target list_camera_profile_mode_node
[240.397s] [ 92%] [32m[1mLinking CXX executable ob_benchmark_node[0m
[241.654s] [ 92%] Built target ob_benchmark_node
[244.201s] [ 94%] [32m[1mLinking CXX executable topic_statistics_node[0m
[244.727s] [ 94%] Built target topic_statistics_node
[250.814s] [ 96%] [32m[1mLinking CXX executable 435le_example_node[0m
[251.314s] [ 96%] Built target 435le_example_node
[257.065s] [ 98%] [32m[1mLinking CXX executable image_sync_example_node[0m
[257.392s] /usr/bin/ld: warning: libopencv_imgproc.so.4.5d, needed by /opt/ros/humble/lib/libcv_bridge.so, may conflict with libopencv_imgproc.so.408
[257.392s] /usr/bin/ld: warning: libopencv_core.so.4.5d, needed by /opt/ros/humble/lib/libcv_bridge.so, may conflict with libopencv_core.so.408
[258.396s] [ 98%] Built target image_sync_example_node
[267.262s] [100%] [32m[1mLinking CXX executable service_benchmark_node[0m
[267.748s] [100%] Built target service_benchmark_node
[267.889s] Invoked command in '/home/lunabotics/TAMU_SEDS_Lunabotics/ros2_ws/build/orbbec_camera' returned '0': CMAKE_PREFIX_PATH=/home/lunabotics/TAMU_SEDS_Lunabotics/ros2_ws/install/orbbec_camera_msgs:/home/lunabotics/TAMU_SEDS_Lunabotics/ros2_ws/install/tutorial_interfaces:/home/lunabotics/TAMU_SEDS_Lunabotics/ros2_ws/install/sensors:/home/lunabotics/TAMU_SEDS_Lunabotics/ros2_ws/install/orbbec_camera:/home/lunabotics/TAMU_SEDS_Lunabotics/ros2_ws/install/imu_reader:/home/lunabotics/TAMU_SEDS_Lunabotics/ros2_ws/install/cpp_srvcli:/home/lunabotics/TAMU_SEDS_Lunabotics/ros2_ws/install/cpp_pubsub:/home/lunabotics/TAMU_SEDS_Lunabotics/ros2_ws/install/pico_motor_control:/home/lunabotics/TAMU_SEDS_Lunabotics/ros2_ws/install/pico_2nd_pck:/home/lunabotics/TAMU_SEDS_Lunabotics/ros2_ws/install/drive:/opt/ros/humble LD_LIBRARY_PATH=/home/lunabotics/TAMU_SEDS_Lunabotics/ros2_ws/install/orbbec_camera_msgs/lib:/home/lunabotics/TAMU_SEDS_Lunabotics/ros2_ws/install/tutorial_interfaces/lib:/home/lunabotics/TAMU_SEDS_Lunabotics/ros2_ws/install/orbbec_camera/lib:/opt/ros/humble/opt/rviz_ogre_vendor/lib:/opt/ros/humble/lib/aarch64-linux-gnu:/opt/ros/humble/lib /home/lunabotics/.local/bin/cmake --build /home/lunabotics/TAMU_SEDS_Lunabotics/ros2_ws/build/orbbec_camera -- -j6 -l6
[268.106s] Invoking command in '/home/lunabotics/TAMU_SEDS_Lunabotics/ros2_ws/build/orbbec_camera': CMAKE_PREFIX_PATH=/home/lunabotics/TAMU_SEDS_Lunabotics/ros2_ws/install/orbbec_camera_msgs:/home/lunabotics/TAMU_SEDS_Lunabotics/ros2_ws/install/tutorial_interfaces:/home/lunabotics/TAMU_SEDS_Lunabotics/ros2_ws/install/sensors:/home/lunabotics/TAMU_SEDS_Lunabotics/ros2_ws/install/orbbec_camera:/home/lunabotics/TAMU_SEDS_Lunabotics/ros2_ws/install/imu_reader:/home/lunabotics/TAMU_SEDS_Lunabotics/ros2_ws/install/cpp_srvcli:/home/lunabotics/TAMU_SEDS_Lunabotics/ros2_ws/install/cpp_pubsub:/home/lunabotics/TAMU_SEDS_Lunabotics/ros2_ws/install/pico_motor_control:/home/lunabotics/TAMU_SEDS_Lunabotics/ros2_ws/install/pico_2nd_pck:/home/lunabotics/TAMU_SEDS_Lunabotics/ros2_ws/install/drive:/opt/ros/humble LD_LIBRARY_PATH=/home/lunabotics/TAMU_SEDS_Lunabotics/ros2_ws/install/orbbec_camera_msgs/lib:/home/lunabotics/TAMU_SEDS_Lunabotics/ros2_ws/install/tutorial_interfaces/lib:/home/lunabotics/TAMU_SEDS_Lunabotics/ros2_ws/install/orbbec_camera/lib:/opt/ros/humble/opt/rviz_ogre_vendor/lib:/opt/ros/humble/lib/aarch64-linux-gnu:/opt/ros/humble/lib /home/lunabotics/.local/bin/cmake --install /home/lunabotics/TAMU_SEDS_Lunabotics/ros2_ws/build/orbbec_camera
[268.172s] -- Install configuration: "Release"
[268.174s] -- Installing: /home/lunabotics/TAMU_SEDS_Lunabotics/ros2_ws/install/orbbec_camera/lib/orbbec_camera/orbbec_camera_node
[268.177s] -- Set runtime path of "/home/lunabotics/TAMU_SEDS_Lunabotics/ros2_ws/install/orbbec_camera/lib/orbbec_camera/orbbec_camera_node" to ":/home/lunabotics/TAMU_SEDS_Lunabotics/ros2_ws/src/OrbbecSDK_ROS2/orbbec_camera/SDK/lib/arm64"
[268.177s] -- Installing: /home/lunabotics/TAMU_SEDS_Lunabotics/ros2_ws/install/orbbec_camera/lib/orbbec_camera/common_benchmark_node.py
[268.178s] -- Installing: /home/lunabotics/TAMU_SEDS_Lunabotics/ros2_ws/install/orbbec_camera/lib/orbbec_camera/service_benchmark_node.py
[268.179s] -- Installing: /home/lunabotics/TAMU_SEDS_Lunabotics/ros2_ws/install/orbbec_camera/lib/orbbec_camera/frame_latency_node
[268.181s] -- Set runtime path of "/home/lunabotics/TAMU_SEDS_Lunabotics/ros2_ws/install/orbbec_camera/lib/orbbec_camera/frame_latency_node" to ":/home/lunabotics/TAMU_SEDS_Lunabotics/ros2_ws/src/OrbbecSDK_ROS2/orbbec_camera/SDK/lib/arm64"
[268.181s] -- Installing: /home/lunabotics/TAMU_SEDS_Lunabotics/ros2_ws/install/orbbec_camera/lib/orbbec_camera/start_benchmark_node
[268.183s] -- Set runtime path of "/home/lunabotics/TAMU_SEDS_Lunabotics/ros2_ws/install/orbbec_camera/lib/orbbec_camera/start_benchmark_node" to ":/home/lunabotics/TAMU_SEDS_Lunabotics/ros2_ws/src/OrbbecSDK_ROS2/orbbec_camera/SDK/lib/arm64"
[268.184s] -- Installing: /home/lunabotics/TAMU_SEDS_Lunabotics/ros2_ws/install/orbbec_camera/lib/orbbec_camera/multi_save_rgbir_node
[268.185s] -- Set runtime path of "/home/lunabotics/TAMU_SEDS_Lunabotics/ros2_ws/install/orbbec_camera/lib/orbbec_camera/multi_save_rgbir_node" to ":/home/lunabotics/TAMU_SEDS_Lunabotics/ros2_ws/src/OrbbecSDK_ROS2/orbbec_camera/SDK/lib/arm64"
[268.186s] -- Installing: /home/lunabotics/TAMU_SEDS_Lunabotics/ros2_ws/install/orbbec_camera/lib/liborbbec_camera.so
[268.204s] -- Set runtime path of "/home/lunabotics/TAMU_SEDS_Lunabotics/ros2_ws/install/orbbec_camera/lib/liborbbec_camera.so" to ":/home/lunabotics/TAMU_SEDS_Lunabotics/ros2_ws/src/OrbbecSDK_ROS2/orbbec_camera/SDK/lib/arm64"
[268.204s] -- Installing: /home/lunabotics/TAMU_SEDS_Lunabotics/ros2_ws/install/orbbec_camera/lib/libframe_latency.so
[268.219s] -- Set runtime path of "/home/lunabotics/TAMU_SEDS_Lunabotics/ros2_ws/install/orbbec_camera/lib/libframe_latency.so" to ":/home/lunabotics/TAMU_SEDS_Lunabotics/ros2_ws/src/OrbbecSDK_ROS2/orbbec_camera/SDK/lib/arm64"
[268.219s] -- Installing: /home/lunabotics/TAMU_SEDS_Lunabotics/ros2_ws/install/orbbec_camera/lib/libstart_benchmark.so
[268.244s] -- Set runtime path of "/home/lunabotics/TAMU_SEDS_Lunabotics/ros2_ws/install/orbbec_camera/lib/libstart_benchmark.so" to ":/home/lunabotics/TAMU_SEDS_Lunabotics/ros2_ws/src/OrbbecSDK_ROS2/orbbec_camera/SDK/lib/arm64"
[268.245s] -- Installing: /home/lunabotics/TAMU_SEDS_Lunabotics/ros2_ws/install/orbbec_camera/lib/libmulti_save_rgbir.so
[268.278s] -- Set runtime path of "/home/lunabotics/TAMU_SEDS_Lunabotics/ros2_ws/install/orbbec_camera/lib/libmulti_save_rgbir.so" to ":/home/lunabotics/TAMU_SEDS_Lunabotics/ros2_ws/src/OrbbecSDK_ROS2/orbbec_camera/SDK/lib/arm64"
[268.278s] -- Installing: /home/lunabotics/TAMU_SEDS_Lunabotics/ros2_ws/install/orbbec_camera/include
[268.279s] -- Installing: /home/lunabotics/TAMU_SEDS_Lunabotics/ros2_ws/install/orbbec_camera/include/orbbec_camera
[268.279s] -- Installing: /home/lunabotics/TAMU_SEDS_Lunabotics/ros2_ws/install/orbbec_camera/include/orbbec_camera/fps_delay_status.hpp
[268.280s] -- Installing: /home/lunabotics/TAMU_SEDS_Lunabotics/ros2_ws/install/orbbec_camera/include/orbbec_camera/utils.h
[268.280s] -- Installing: /home/lunabotics/TAMU_SEDS_Lunabotics/ros2_ws/install/orbbec_camera/include/orbbec_camera/ob_camera_node.h
[268.281s] -- Installing: /home/lunabotics/TAMU_SEDS_Lunabotics/ros2_ws/install/orbbec_camera/include/orbbec_camera/ros_param_backend.h
[268.281s] -- Installing: /home/lunabotics/TAMU_SEDS_Lunabotics/ros2_ws/install/orbbec_camera/include/orbbec_camera/d2c_viewer.h
[268.282s] -- Installing: /home/lunabotics/TAMU_SEDS_Lunabotics/ros2_ws/install/orbbec_camera/include/orbbec_camera/dynamic_params.h
[268.282s] -- Installing: /home/lunabotics/TAMU_SEDS_Lunabotics/ros2_ws/install/orbbec_camera/include/orbbec_camera/frame_timestamp_csv_logger.h
[268.282s] -- Installing: /home/lunabotics/TAMU_SEDS_Lunabotics/ros2_ws/install/orbbec_camera/include/orbbec_camera/fps_counter.hpp
[268.283s] -- Installing: /home/lunabotics/TAMU_SEDS_Lunabotics/ros2_ws/install/orbbec_camera/include/orbbec_camera/image_publisher.h
[268.283s] -- Installing: /home/lunabotics/TAMU_SEDS_Lunabotics/ros2_ws/install/orbbec_camera/include/orbbec_camera/ob_lidar_node.h
[268.283s] -- Installing: /home/lunabotics/TAMU_SEDS_Lunabotics/ros2_ws/install/orbbec_camera/include/orbbec_camera/ob_camera_node_driver.h
[268.284s] -- Installing: /home/lunabotics/TAMU_SEDS_Lunabotics/ros2_ws/install/orbbec_camera/include/orbbec_camera/jpeg_decoder.h
[268.284s] -- Installing: /home/lunabotics/TAMU_SEDS_Lunabotics/ros2_ws/install/orbbec_camera/include/orbbec_camera/constants.h
[268.284s] -- Installing: /home/lunabotics/TAMU_SEDS_Lunabotics/ros2_ws/install/orbbec_camera/include/orbbec_camera/synced_imu_publisher.h
[268.285s] -- Installing: /home/lunabotics/TAMU_SEDS_Lunabotics/ros2_ws/install/orbbec_camera/include/orbbec_camera/jetson_nv_decoder.h
[268.286s] -- Installing: /home/lunabotics/TAMU_SEDS_Lunabotics/ros2_ws/install/orbbec_camera/include/orbbec_camera/rk_mpp_decoder.h
[268.286s] -- Installing: /home/lunabotics/TAMU_SEDS_Lunabotics/ros2_ws/install/orbbec_camera/include/magic_enum
[268.287s] -- Installing: /home/lunabotics/TAMU_SEDS_Lunabotics/ros2_ws/install/orbbec_camera/include/magic_enum/magic_enum.hpp
[268.288s] -- Installing: /home/lunabotics/TAMU_SEDS_Lunabotics/ros2_ws/install/orbbec_camera/share/orbbec_camera//launch
[268.289s] -- Installing: /home/lunabotics/TAMU_SEDS_Lunabotics/ros2_ws/install/orbbec_camera/share/orbbec_camera//launch/gemini305_g.launch.py
[268.290s] -- Installing: /home/lunabotics/TAMU_SEDS_Lunabotics/ros2_ws/install/orbbec_camera/share/orbbec_camera//launch/gemini_330_series_low_cpu.launch.py
[268.291s] -- Installing: /home/lunabotics/TAMU_SEDS_Lunabotics/ros2_ws/install/orbbec_camera/share/orbbec_camera//launch/femto_bolt.launch.py
[268.292s] -- Installing: /home/lunabotics/TAMU_SEDS_Lunabotics/ros2_ws/install/orbbec_camera/share/orbbec_camera//launch/gemini345_lg.launch.py
[268.293s] -- Installing: /home/lunabotics/TAMU_SEDS_Lunabotics/ros2_ws/install/orbbec_camera/share/orbbec_camera//launch/dabai_dcw2.launch.py
[268.294s] -- Installing: /home/lunabotics/TAMU_SEDS_Lunabotics/ros2_ws/install/orbbec_camera/share/orbbec_camera//launch/dabai_max_pro.launch.py
[268.295s] -- Installing: /home/lunabotics/TAMU_SEDS_Lunabotics/ros2_ws/install/orbbec_camera/share/orbbec_camera//launch/orbbec_multicamera.launch.py
[268.295s] -- Installing: /home/lunabotics/TAMU_SEDS_Lunabotics/ros2_ws/install/orbbec_camera/share/orbbec_camera//launch/gemini_intra_process_demo_launch.py
[268.297s] -- Installing: /home/lunabotics/TAMU_SEDS_Lunabotics/ros2_ws/install/orbbec_camera/share/orbbec_camera//launch/femto.launch.py
[268.297s] -- Installing: /home/lunabotics/TAMU_SEDS_Lunabotics/ros2_ws/install/orbbec_camera/share/orbbec_camera//launch/gemini210.launch.py
[268.298s] -- Installing: /home/lunabotics/TAMU_SEDS_Lunabotics/ros2_ws/install/orbbec_camera/share/orbbec_camera//launch/dabai_a.launch.py
[268.299s] -- Installing: /home/lunabotics/TAMU_SEDS_Lunabotics/ros2_ws/install/orbbec_camera/share/orbbec_camera//launch/utils_yaml.py
[268.300s] -- Installing: /home/lunabotics/TAMU_SEDS_Lunabotics/ros2_ws/install/orbbec_camera/share/orbbec_camera//launch/lidar.launch.py
[268.301s] -- Installing: /home/lunabotics/TAMU_SEDS_Lunabotics/ros2_ws/install/orbbec_camera/share/orbbec_camera//launch/gemini_330_series.launch.py
[268.302s] -- Installing: /home/lunabotics/TAMU_SEDS_Lunabotics/ros2_ws/install/orbbec_camera/share/orbbec_camera//launch/multi_camera_synced.launch.py
[268.303s] -- Installing: /home/lunabotics/TAMU_SEDS_Lunabotics/ros2_ws/install/orbbec_camera/share/orbbec_camera//launch/gemini2.launch.py
[268.304s] -- Installing: /home/lunabotics/TAMU_SEDS_Lunabotics/ros2_ws/install/orbbec_camera/share/orbbec_camera//launch/astra2.launch.py
[268.305s] -- Installing: /home/lunabotics/TAMU_SEDS_Lunabotics/ros2_ws/install/orbbec_camera/share/orbbec_camera//launch/multi_camera.launch.py
[268.305s] -- Installing: /home/lunabotics/TAMU_SEDS_Lunabotics/ros2_ws/install/orbbec_camera/share/orbbec_camera//launch/multi_lidar.launch.py
[268.306s] -- Installing: /home/lunabotics/TAMU_SEDS_Lunabotics/ros2_ws/install/orbbec_camera/share/orbbec_camera//launch/dabai_al.launch.py
[268.307s] -- Installing: /home/lunabotics/TAMU_SEDS_Lunabotics/ros2_ws/install/orbbec_camera/share/orbbec_camera//launch/astra.launch.py
[268.308s] -- Installing: /home/lunabotics/TAMU_SEDS_Lunabotics/ros2_ws/install/orbbec_camera/share/orbbec_camera//launch/gemini435_le.launch.py
[268.309s] -- Installing: /home/lunabotics/TAMU_SEDS_Lunabotics/ros2_ws/install/orbbec_camera/share/orbbec_camera//launch/orbbec_camera.launch.py
[268.310s] -- Installing: /home/lunabotics/TAMU_SEDS_Lunabotics/ros2_ws/install/orbbec_camera/share/orbbec_camera//launch/gemini345.launch.py
[268.310s] -- Installing: /home/lunabotics/TAMU_SEDS_Lunabotics/ros2_ws/install/orbbec_camera/share/orbbec_camera//launch/gemini305.launch.py
[268.312s] -- Installing: /home/lunabotics/TAMU_SEDS_Lunabotics/ros2_ws/install/orbbec_camera/share/orbbec_camera//launch/gemini2L.launch.py
[268.313s] -- Installing: /home/lunabotics/TAMU_SEDS_Lunabotics/ros2_ws/install/orbbec_camera/share/orbbec_camera//launch/femto_mega.launch.py
[268.314s] -- Installing: /home/lunabotics/TAMU_SEDS_Lunabotics/ros2_ws/install/orbbec_camera/share/orbbec_camera//config
[268.314s] -- Installing: /home/lunabotics/TAMU_SEDS_Lunabotics/ros2_ws/install/orbbec_camera/share/orbbec_camera//config/gemini330_series.yaml
[268.315s] -- Installing: /home/lunabotics/TAMU_SEDS_Lunabotics/ros2_ws/install/orbbec_camera/share/orbbec_camera//config/camera_secondary_params.yaml
[268.316s] -- Installing: /home/lunabotics/TAMU_SEDS_Lunabotics/ros2_ws/install/orbbec_camera/share/orbbec_camera//config/femto.yaml
[268.317s] -- Installing: /home/lunabotics/TAMU_SEDS_Lunabotics/ros2_ws/install/orbbec_camera/share/orbbec_camera//config/gemini2.yaml
[268.319s] -- Installing: /home/lunabotics/TAMU_SEDS_Lunabotics/ros2_ws/install/orbbec_camera/share/orbbec_camera//config/gemini330Lg_series.yaml
[268.319s] -- Installing: /home/lunabotics/TAMU_SEDS_Lunabotics/ros2_ws/install/orbbec_camera/share/orbbec_camera//config/gemini2L.yaml
[268.320s] -- Installing: /home/lunabotics/TAMU_SEDS_Lunabotics/ros2_ws/install/orbbec_camera/share/orbbec_camera//config/femto_mega.yaml
[268.320s] -- Installing: /home/lunabotics/TAMU_SEDS_Lunabotics/ros2_ws/install/orbbec_camera/share/orbbec_camera//config/gemini305_dual_color.yaml
[268.321s] -- Installing: /home/lunabotics/TAMU_SEDS_Lunabotics/ros2_ws/install/orbbec_camera/share/orbbec_camera//config/tools
[268.322s] -- Installing: /home/lunabotics/TAMU_SEDS_Lunabotics/ros2_ws/install/orbbec_camera/share/orbbec_camera//config/tools/multisavergbir
[268.323s] -- Installing: /home/lunabotics/TAMU_SEDS_Lunabotics/ros2_ws/install/orbbec_camera/share/orbbec_camera//config/tools/multisavergbir/multi_save_rgbir_params.json
[268.323s] -- Installing: /home/lunabotics/TAMU_SEDS_Lunabotics/ros2_ws/install/orbbec_camera/share/orbbec_camera//config/tools/startbenchmark
[268.324s] -- Installing: /home/lunabotics/TAMU_SEDS_Lunabotics/ros2_ws/install/orbbec_camera/share/orbbec_camera//config/tools/startbenchmark/start_benchmark_params.json
[268.325s] -- Installing: /home/lunabotics/TAMU_SEDS_Lunabotics/ros2_ws/install/orbbec_camera/share/orbbec_camera//config/gemini2L_dual_ir.yaml
[268.326s] -- Installing: /home/lunabotics/TAMU_SEDS_Lunabotics/ros2_ws/install/orbbec_camera/share/orbbec_camera//config/camera_params.yaml
[268.326s] -- Installing: /home/lunabotics/TAMU_SEDS_Lunabotics/ros2_ws/install/orbbec_camera/share/orbbec_camera//config/.gitkeep
[268.327s] -- Installing: /home/lunabotics/TAMU_SEDS_Lunabotics/ros2_ws/install/orbbec_camera/share/orbbec_camera//config/femto_bolt.yaml
[268.327s] -- Installing: /home/lunabotics/TAMU_SEDS_Lunabotics/ros2_ws/install/orbbec_camera/share/orbbec_camera//config/depthfilter
[268.328s] -- Installing: /home/lunabotics/TAMU_SEDS_Lunabotics/ros2_ws/install/orbbec_camera/share/orbbec_camera//config/depthfilter/Openni_device.json
[268.329s] -- Installing: /home/lunabotics/TAMU_SEDS_Lunabotics/ros2_ws/install/orbbec_camera/share/orbbec_camera//config/depthfilter/Gemini2_v1.7.json
[268.330s] -- Installing: /home/lunabotics/TAMU_SEDS_Lunabotics/ros2_ws/install/orbbec_camera/share/orbbec_camera//config/OrbbecSDKConfig_v2.0.xml
[268.334s] -- Installing: /home/lunabotics/TAMU_SEDS_Lunabotics/ros2_ws/install/orbbec_camera/share/orbbec_camera//config/astra2.yaml
[268.334s] -- Installing: /home/lunabotics/TAMU_SEDS_Lunabotics/ros2_ws/install/orbbec_camera/share/orbbec_camera//config/common.yaml
[268.336s] -- Installing: /home/lunabotics/TAMU_SEDS_Lunabotics/ros2_ws/install/orbbec_camera/share/orbbec_camera//examples
[268.336s] -- Installing: /home/lunabotics/TAMU_SEDS_Lunabotics/ros2_ws/install/orbbec_camera/share/orbbec_camera//examples/multi_camera_synced_verification_tool
[268.337s] -- Installing: /home/lunabotics/TAMU_SEDS_Lunabotics/ros2_ws/install/orbbec_camera/share/orbbec_camera//examples/multi_camera_synced_verification_tool/gemini_synced_verify.launch.py
[268.338s] -- Installing: /home/lunabotics/TAMU_SEDS_Lunabotics/ros2_ws/install/orbbec_camera/share/orbbec_camera//examples/multi_camera_synced_verification_tool/multi_camera_synced_verify.launch.py
[268.339s] -- Installing: /home/lunabotics/TAMU_SEDS_Lunabotics/ros2_ws/install/orbbec_camera/share/orbbec_camera//examples/multi_camera_synced_verification_tool/multicamera_sync
[268.340s] -- Installing: /home/lunabotics/TAMU_SEDS_Lunabotics/ros2_ws/install/orbbec_camera/share/orbbec_camera//examples/multi_camera_synced_verification_tool/multicamera_sync/Python
[268.341s] -- Installing: /home/lunabotics/TAMU_SEDS_Lunabotics/ros2_ws/install/orbbec_camera/share/orbbec_camera//examples/multi_camera_synced_verification_tool/multicamera_sync/Python/script
[268.342s] -- Installing: /home/lunabotics/TAMU_SEDS_Lunabotics/ros2_ws/install/orbbec_camera/share/orbbec_camera//examples/multi_camera_synced_verification_tool/multicamera_sync/Python/script/config_frameMatch-systemTimestamp.py
[268.343s] -- Installing: /home/lunabotics/TAMU_SEDS_Lunabotics/ros2_ws/install/orbbec_camera/share/orbbec_camera//examples/multi_camera_synced_verification_tool/multicamera_sync/Python/script/config_frameMatch_g330.py
[268.344s] -- Installing: /home/lunabotics/TAMU_SEDS_Lunabotics/ros2_ws/install/orbbec_camera/share/orbbec_camera//examples/multi_camera_synced_verification_tool/multicamera_sync/Python/script/config_frameMatch.py
[268.346s] -- Installing: /home/lunabotics/TAMU_SEDS_Lunabotics/ros2_ws/install/orbbec_camera/share/orbbec_camera//examples/multi_camera_synced_verification_tool/multicamera_sync/Python/script/config_frameMatch_Gemini2VL.py
[268.347s] -- Installing: /home/lunabotics/TAMU_SEDS_Lunabotics/ros2_ws/install/orbbec_camera/share/orbbec_camera//examples/multi_camera_synced_verification_tool/multicamera_sync/Python/script/config_frameMatch-Astra2_new.py
[268.348s] -- Installing: /home/lunabotics/TAMU_SEDS_Lunabotics/ros2_ws/install/orbbec_camera/share/orbbec_camera//examples/multi_camera_synced_verification_tool/multicamera_sync/Python/Config.ini
[268.349s] -- Installing: /home/lunabotics/TAMU_SEDS_Lunabotics/ros2_ws/install/orbbec_camera/share/orbbec_camera//examples/multi_camera_synced_verification_tool/multicamera_sync/Python/SyncFramesMain.py
[268.350s] -- Installing: /home/lunabotics/TAMU_SEDS_Lunabotics/ros2_ws/install/orbbec_camera/share/orbbec_camera//examples/multi_camera_synced_verification_tool/multicamera_sync/Python/README.md
[268.351s] -- Installing: /home/lunabotics/TAMU_SEDS_Lunabotics/ros2_ws/install/orbbec_camera/share/orbbec_camera//examples/multi_camera_synced_verification_tool/multicamera_sync/output
[268.351s] -- Installing: /home/lunabotics/TAMU_SEDS_Lunabotics/ros2_ws/install/orbbec_camera/share/orbbec_camera//examples/multi_camera_synced_verification_tool/multicamera_sync/output/20250218102900
[268.352s] -- Installing: /home/lunabotics/TAMU_SEDS_Lunabotics/ros2_ws/install/orbbec_camera/share/orbbec_camera//examples/multi_camera_synced_verification_tool/multicamera_sync/output/20250218102900/TotalModeFrames
[268.353s] -- Installing: /home/lunabotics/TAMU_SEDS_Lunabotics/ros2_ws/install/orbbec_camera/share/orbbec_camera//examples/multi_camera_synced_verification_tool/multicamera_sync/output/20250218102900/TotalModeFrames/SNCP1E5420006D_Index0
[268.354s] -- Installing: /home/lunabotics/TAMU_SEDS_Lunabotics/ros2_ws/install/orbbec_camera/share/orbbec_camera//examples/multi_camera_synced_verification_tool/multicamera_sync/output/20250218102900/TotalModeFrames/SNCP1E5420006D_Index0/color_SNCP1E5420006D_Index0_g1739874543494_f8_s1739874543548_e50_d16_.jpg
[268.358s] -- Installing: /home/lunabotics/TAMU_SEDS_Lunabotics/ros2_ws/install/orbbec_camera/share/orbbec_camera//examples/multi_camera_synced_verification_tool/multicamera_sync/output/20250218102900/TotalModeFrames/SNCP1E5420006D_Index0/ir#left_SNCP1E5420006D_Index0_g1739874543427_f6_s1739874543474_e5000_d16_.jpg
[268.360s] -- Installing: /home/lunabotics/TAMU_SEDS_Lunabotics/ros2_ws/install/orbbec_camera/share/orbbec_camera//examples/multi_camera_synced_verification_tool/multicamera_sync/output/20250218102900/TotalModeFrames/SNCP1E5420006D_Index0/color_SNCP1E5420006D_Index0_g1739874543294_f2_s1739874543359_e50_d16_.jpg
[268.365s] -- Installing: /home/lunabotics/TAMU_SEDS_Lunabotics/ros2_ws/install/orbbec_camera/share/orbbec_camera//examples/multi_camera_synced_verification_tool/multicamera_sync/output/20250218102900/TotalModeFrames/SNCP1E5420006D_Index0/color_SNCP1E5420006D_Index0_g1739874543227_f0_s1739874543327_e50_d16_.jpg
[268.369s] -- Installing: /home/lunabotics/TAMU_SEDS_Lunabotics/ros2_ws/install/orbbec_camera/share/orbbec_camera//examples/multi_camera_synced_verification_tool/multicamera_sync/output/20250218102900/TotalModeFrames/SNCP1E5420006D_Index0/ir#left_SNCP1E5420006D_Index0_g1739874543527_f9_s1739874543627_e5000_d16_.jpg
[268.371s] -- Installing: /home/lunabotics/TAMU_SEDS_Lunabotics/ros2_ws/install/orbbec_camera/share/orbbec_camera//examples/multi_camera_synced_verification_tool/multicamera_sync/output/20250218102900/TotalModeFrames/SNCP1E5420006D_Index0/color_SNCP1E5420006D_Index0_g1739874543427_f6_s1739874543518_e50_d16_.jpg
[268.375s] -- Installing: /home/lunabotics/TAMU_SEDS_Lunabotics/ros2_ws/install/orbbec_camera/share/orbbec_camera//examples/multi_camera_synced_verification_tool/multicamera_sync/output/20250218102900/TotalModeFrames/SNCP1E5420006D_Index0/ir#left_SNCP1E5420006D_Index0_g1739874543227_f0_s1739874543250_e5000_d16_.jpg
[268.379s] -- Installing: /home/lunabotics/TAMU_SEDS_Lunabotics/ros2_ws/install/orbbec_camera/share/orbbec_camera//examples/multi_camera_synced_verification_tool/multicamera_sync/output/20250218102900/TotalModeFrames/SNCP1E5420006D_Index0/ir#left_SNCP1E5420006D_Index0_g1739874543561_f10_s1739874543628_e5000_d16_.jpg
[268.381s] -- Installing: /home/lunabotics/TAMU_SEDS_Lunabotics/ros2_ws/install/orbbec_camera/share/orbbec_camera//examples/multi_camera_synced_verification_tool/multicamera_sync/output/20250218102900/TotalModeFrames/SNCP1E5420006D_Index0/color_SNCP1E5420006D_Index0_g1739874543461_f7_s1739874543520_e50_d16_.jpg
[268.385s] -- Installing: /home/lunabotics/TAMU_SEDS_Lunabotics/ros2_ws/install/orbbec_camera/share/orbbec_camera//examples/multi_camera_synced_verification_tool/multicamera_sync/output/20250218102900/TotalModeFrames/SNCP1E5420006D_Index0/ir#left_SNCP1E5420006D_Index0_g1739874543461_f7_s1739874543493_e5000_d16_.jpg
[268.388s] -- Installing: /home/lunabotics/TAMU_SEDS_Lunabotics/ros2_ws/install/orbbec_camera/share/orbbec_camera//examples/multi_camera_synced_verification_tool/multicamera_sync/output/20250218102900/TotalModeFrames/SNCP1E5420006D_Index0/ir#left_SNCP1E5420006D_Index0_g1739874543394_f5_s1739874543473_e5000_d16_.jpg
[268.390s] -- Installing: /home/lunabotics/TAMU_SEDS_Lunabotics/ros2_ws/install/orbbec_camera/share/orbbec_camera//examples/multi_camera_synced_verification_tool/multicamera_sync/output/20250218102900/TotalModeFrames/SNCP1E5420006D_Index0/color_SNCP1E5420006D_Index0_g1739874543260_f1_s1739874543351_e50_d16_.jpg
[268.394s] -- Installing: /home/lunabotics/TAMU_SEDS_Lunabotics/ros2_ws/install/orbbec_camera/share/orbbec_camera//examples/multi_camera_synced_verification_tool/multicamera_sync/output/20250218102900/TotalModeFrames/SNCP1E5420006D_Index0/color_SNCP1E5420006D_Index0_g1739874543394_f5_s1739874543506_e50_d16_.jpg
[268.398s] -- Installing: /home/lunabotics/TAMU_SEDS_Lunabotics/ros2_ws/install/orbbec_camera/share/orbbec_camera//examples/multi_camera_synced_verification_tool/multicamera_sync/output/20250218102900/TotalModeFrames/SNCP1E5420006D_Index0/ir#left_SNCP1E5420006D_Index0_g1739874543327_f3_s1739874543393_e5000_d16_.jpg
[268.401s] -- Installing: /home/lunabotics/TAMU_SEDS_Lunabotics/ros2_ws/install/orbbec_camera/share/orbbec_camera//examples/multi_camera_synced_verification_tool/multicamera_sync/output/20250218102900/TotalModeFrames/SNCP1E5420006D_Index0/color_SNCP1E5420006D_Index0_g1739874543360_f4_s1739874543442_e50_d16_.jpg
[268.405s] -- Installing: /home/lunabotics/TAMU_SEDS_Lunabotics/ros2_ws/install/orbbec_camera/share/orbbec_camera//examples/multi_camera_synced_verification_tool/multicamera_sync/output/20250218102900/TotalModeFrames/SNCP1E5420006D_Index0/color_SNCP1E5420006D_Index0_g1739874543527_f9_s1739874543603_e50_d16_.jpg
[268.409s] -- Installing: /home/lunabotics/TAMU_SEDS_Lunabotics/ros2_ws/install/orbbec_camera/share/orbbec_camera//examples/multi_camera_synced_verification_tool/multicamera_sync/output/20250218102900/TotalModeFrames/SNCP1E5420006D_Index0/ir#left_SNCP1E5420006D_Index0_g1739874543260_f1_s1739874543310_e5000_d16_.jpg
[268.412s] -- Installing: /home/lunabotics/TAMU_SEDS_Lunabotics/ros2_ws/install/orbbec_camera/share/orbbec_camera//examples/multi_camera_synced_verification_tool/multicamera_sync/output/20250218102900/TotalModeFrames/SNCP1E5420006D_Index0/ir#left_SNCP1E5420006D_Index0_g1739874543361_f4_s1739874543405_e5000_d16_.jpg
[268.414s] -- Installing: /home/lunabotics/TAMU_SEDS_Lunabotics/ros2_ws/install/orbbec_camera/share/orbbec_camera//examples/multi_camera_synced_verification_tool/multicamera_sync/output/20250218102900/TotalModeFrames/SNCP1E5420006D_Index0/ir#left_SNCP1E5420006D_Index0_g1739874543294_f2_s1739874543329_e5000_d16_.jpg
[268.416s] -- Installing: /home/lunabotics/TAMU_SEDS_Lunabotics/ros2_ws/install/orbbec_camera/share/orbbec_camera//examples/multi_camera_synced_verification_tool/multicamera_sync/output/20250218102900/TotalModeFrames/SNCP1E5420006D_Index0/color_SNCP1E5420006D_Index0_g1739874543561_f10_s1739874543648_e50_d16_.jpg
[268.421s] -- Installing: /home/lunabotics/TAMU_SEDS_Lunabotics/ros2_ws/install/orbbec_camera/share/orbbec_camera//examples/multi_camera_synced_verification_tool/multicamera_sync/output/20250218102900/TotalModeFrames/SNCP1E5420006D_Index0/color_SNCP1E5420006D_Index0_g1739874543327_f3_s1739874543441_e50_d16_.jpg
[268.425s] -- Installing: /home/lunabotics/TAMU_SEDS_Lunabotics/ros2_ws/install/orbbec_camera/share/orbbec_camera//examples/multi_camera_synced_verification_tool/multicamera_sync/output/20250218102900/TotalModeFrames/SNCP1E5420006D_Index0/ir#left_SNCP1E5420006D_Index0_g1739874543494_f8_s1739874543528_e5000_d16_.jpg
[268.427s] -- Installing: /home/lunabotics/TAMU_SEDS_Lunabotics/ros2_ws/install/orbbec_camera/share/orbbec_camera//examples/multi_camera_synced_verification_tool/multicamera_sync/output/20250218102900/TotalModeFrames/SNCP1L44P00051_Index1
[268.429s] -- Installing: /home/lunabotics/TAMU_SEDS_Lunabotics/ros2_ws/install/orbbec_camera/share/orbbec_camera//examples/multi_camera_synced_verification_tool/multicamera_sync/output/20250218102900/TotalModeFrames/SNCP1L44P00051_Index1/color_SNCP1L44P00051_Index1_g1739874543327_f3_s1739874543458_e50_d16_.jpg
[268.433s] -- Installing: /home/lunabotics/TAMU_SEDS_Lunabotics/ros2_ws/install/orbbec_camera/share/orbbec_camera//examples/multi_camera_synced_verification_tool/multicamera_sync/output/20250218102900/TotalModeFrames/SNCP1L44P00051_Index1/ir#left_SNCP1L44P00051_Index1_g1739874543427_f6_s1739874543684_e5000_d16_.jpg
[268.435s] -- Installing: /home/lunabotics/TAMU_SEDS_Lunabotics/ros2_ws/install/orbbec_camera/share/orbbec_camera//examples/multi_camera_synced_verification_tool/multicamera_sync/output/20250218102900/TotalModeFrames/SNCP1L44P00051_Index1/ir#left_SNCP1L44P00051_Index1_g1739874543460_f7_s1739874543685_e5000_d16_.jpg
[268.437s] -- Installing: /home/lunabotics/TAMU_SEDS_Lunabotics/ros2_ws/install/orbbec_camera/share/orbbec_camera//examples/multi_camera_synced_verification_tool/multicamera_sync/output/20250218102900/TotalModeFrames/SNCP1L44P00051_Index1/color_SNCP1L44P00051_Index1_g1739874543427_f6_s1739874543485_e50_d16_.jpg
[268.442s] -- Installing: /home/lunabotics/TAMU_SEDS_Lunabotics/ros2_ws/install/orbbec_camera/share/orbbec_camera//examples/multi_camera_synced_verification_tool/multicamera_sync/output/20250218102900/TotalModeFrames/SNCP1L44P00051_Index1/color_SNCP1L44P00051_Index1_g1739874543393_f5_s1739874543470_e50_d16_.jpg
[268.447s] -- Installing: /home/lunabotics/TAMU_SEDS_Lunabotics/ros2_ws/install/orbbec_camera/share/orbbec_camera//examples/multi_camera_synced_verification_tool/multicamera_sync/output/20250218102900/TotalModeFrames/SNCP1L44P00051_Index1/color_SNCP1L44P00051_Index1_g1739874543560_f10_s1739874543618_e50_d16_.jpg
[268.451s] -- Installing: /home/lunabotics/TAMU_SEDS_Lunabotics/ros2_ws/install/orbbec_camera/share/orbbec_camera//examples/multi_camera_synced_verification_tool/multicamera_sync/output/20250218102900/TotalModeFrames/SNCP1L44P00051_Index1/ir#left_SNCP1L44P00051_Index1_g1739874543294_f2_s1739874543319_e5000_d16_.jpg
[268.454s] -- Installing: /home/lunabotics/TAMU_SEDS_Lunabotics/ros2_ws/install/orbbec_camera/share/orbbec_camera//examples/multi_camera_synced_verification_tool/multicamera_sync/output/20250218102900/TotalModeFrames/SNCP1L44P00051_Index1/ir#left_SNCP1L44P00051_Index1_g1739874543260_f1_s1739874543294_e5000_d16_.jpg
[268.456s] -- Installing: /home/lunabotics/TAMU_SEDS_Lunabotics/ros2_ws/install/orbbec_camera/share/orbbec_camera//examples/multi_camera_synced_verification_tool/multicamera_sync/output/20250218102900/TotalModeFrames/SNCP1L44P00051_Index1/color_SNCP1L44P00051_Index1_g1739874543460_f7_s1739874543505_e50_d16_.jpg
[268.460s] -- Installing: /home/lunabotics/TAMU_SEDS_Lunabotics/ros2_ws/install/orbbec_camera/share/orbbec_camera//examples/multi_camera_synced_verification_tool/multicamera_sync/output/20250218102900/TotalModeFrames/SNCP1L44P00051_Index1/ir#left_SNCP1L44P00051_Index1_g1739874543327_f3_s1739874543460_e5000_d16_.jpg
[268.463s] -- Installing: /home/lunabotics/TAMU_SEDS_Lunabotics/ros2_ws/install/orbbec_camera/share/orbbec_camera//examples/multi_camera_synced_verification_tool/multicamera_sync/output/20250218102900/TotalModeFrames/SNCP1L44P00051_Index1/ir#left_SNCP1L44P00051_Index1_g1739874543360_f4_s1739874543460_e5000_d16_.jpg
[268.465s] -- Installing: /home/lunabotics/TAMU_SEDS_Lunabotics/ros2_ws/install/orbbec_camera/share/orbbec_camera//examples/multi_camera_synced_verification_tool/multicamera_sync/output/20250218102900/TotalModeFrames/SNCP1L44P00051_Index1/ir#left_SNCP1L44P00051_Index1_g1739874543394_f5_s1739874543661_e5000_d16_.jpg
[268.467s] -- Installing: /home/lunabotics/TAMU_SEDS_Lunabotics/ros2_ws/install/orbbec_camera/share/orbbec_camera//examples/multi_camera_synced_verification_tool/multicamera_sync/output/20250218102900/TotalModeFrames/SNCP1L44P00051_Index1/ir#left_SNCP1L44P00051_Index1_g1739874543494_f8_s1739874543687_e5000_d16_.jpg
[268.469s] -- Installing: /home/lunabotics/TAMU_SEDS_Lunabotics/ros2_ws/install/orbbec_camera/share/orbbec_camera//examples/multi_camera_synced_verification_tool/multicamera_sync/output/20250218102900/TotalModeFrames/SNCP1L44P00051_Index1/color_SNCP1L44P00051_Index1_g1739874543494_f8_s1739874543540_e50_d16_.jpg
[268.474s] -- Installing: /home/lunabotics/TAMU_SEDS_Lunabotics/ros2_ws/install/orbbec_camera/share/orbbec_camera//examples/multi_camera_synced_verification_tool/multicamera_sync/output/20250218102900/TotalModeFrames/SNCP1L44P00051_Index1/ir#left_SNCP1L44P00051_Index1_g1739874543527_f10_s1739874543687_e5000_d16_.jpg
[268.476s] -- Installing: /home/lunabotics/TAMU_SEDS_Lunabotics/ros2_ws/install/orbbec_camera/share/orbbec_camera//examples/multi_camera_synced_verification_tool/multicamera_sync/output/20250218102900/TotalModeFrames/SNCP1L44P00051_Index1/ir#left_SNCP1L44P00051_Index1_g1739874543227_f0_s1739874543250_e5000_d16_.jpg
[268.478s] -- Installing: /home/lunabotics/TAMU_SEDS_Lunabotics/ros2_ws/install/orbbec_camera/share/orbbec_camera//examples/multi_camera_synced_verification_tool/multicamera_sync/output/20250218102900/TotalModeFrames/SNCP1L44P00051_Index1/color_SNCP1L44P00051_Index1_g1739874543227_f0_s1739874543304_e50_d16_.jpg
[268.484s] -- Installing: /home/lunabotics/TAMU_SEDS_Lunabotics/ros2_ws/install/orbbec_camera/share/orbbec_camera//examples/multi_camera_synced_verification_tool/multicamera_sync/output/20250218102900/TotalModeFrames/SNCP1L44P00051_Index1/color_SNCP1L44P00051_Index1_g1739874543360_f4_s1739874543468_e50_d16_.jpg
[268.488s] -- Installing: /home/lunabotics/TAMU_SEDS_Lunabotics/ros2_ws/install/orbbec_camera/share/orbbec_camera//examples/multi_camera_synced_verification_tool/multicamera_sync/output/20250218102900/TotalModeFrames/SNCP1L44P00051_Index1/color_SNCP1L44P00051_Index1_g1739874543260_f1_s1739874543345_e50_d16_.jpg
[268.493s] -- Installing: /home/lunabotics/TAMU_SEDS_Lunabotics/ros2_ws/install/orbbec_camera/share/orbbec_camera//examples/multi_camera_synced_verification_tool/multicamera_sync/output/20250218102900/TotalModeFrames/SNCP1L44P00051_Index1/color_SNCP1L44P00051_Index1_g1739874543293_f2_s1739874543446_e50_d16_.jpg
[268.497s] -- Installing: /home/lunabotics/TAMU_SEDS_Lunabotics/ros2_ws/install/orbbec_camera/share/orbbec_camera//examples/multi_camera_synced_verification_tool/multicamera_sync/output/20250218102900/TotalModeFrames/SNCP1L44P00051_Index1/ir#left_SNCP1L44P00051_Index1_g1739874543560_f11_s1739874543687_e5000_d16_.jpg
[268.499s] -- Installing: /home/lunabotics/TAMU_SEDS_Lunabotics/ros2_ws/install/orbbec_camera/share/orbbec_camera//examples/multi_camera_synced_verification_tool/multicamera_sync/output/20250218102900/TotalModeFrames/SNCP1L44P00051_Index1/color_SNCP1L44P00051_Index1_g1739874543527_f9_s1739874543616_e50_d16_.jpg
[268.504s] -- Installing: /home/lunabotics/TAMU_SEDS_Lunabotics/ros2_ws/install/orbbec_camera/share/orbbec_camera//examples/multi_camera_synced_verification_tool/multicamera_sync/output/20250218102900/DevicesInfo.txt
[268.505s] -- Installing: /home/lunabotics/TAMU_SEDS_Lunabotics/ros2_ws/install/orbbec_camera/share/orbbec_camera//examples/multi_camera_synced_verification_tool/multicamera_sync/output/20250218102900/results-2025-02-25_163648
[268.506s] -- Installing: /home/lunabotics/TAMU_SEDS_Lunabotics/ros2_ws/install/orbbec_camera/share/orbbec_camera//examples/multi_camera_synced_verification_tool/multicamera_sync/output/20250218102900/results-2025-02-25_163648/matchFrames
[268.507s] -- Installing: /home/lunabotics/TAMU_SEDS_Lunabotics/ros2_ws/install/orbbec_camera/share/orbbec_camera//examples/multi_camera_synced_verification_tool/multicamera_sync/output/20250218102900/results-2025-02-25_163648/matchFrames/3_ir_left_SNCP1E5420006D_Index0_1739874543260_[0].jpg
[268.510s] -- Installing: /home/lunabotics/TAMU_SEDS_Lunabotics/ros2_ws/install/orbbec_camera/share/orbbec_camera//examples/multi_camera_synced_verification_tool/multicamera_sync/output/20250218102900/results-2025-02-25_163648/matchFrames/4_color_SNCP1E5420006D_Index0_1739874543360_[0].jpg
[268.515s] -- Installing: /home/lunabotics/TAMU_SEDS_Lunabotics/ros2_ws/install/orbbec_camera/share/orbbec_camera//examples/multi_camera_synced_verification_tool/multicamera_sync/output/20250218102900/results-2025-02-25_163648/matchFrames/10_color_SNCP1E5420006D_Index0_1739874543227_[0].jpg
[268.519s] -- Installing: /home/lunabotics/TAMU_SEDS_Lunabotics/ros2_ws/install/orbbec_camera/share/orbbec_camera//examples/multi_camera_synced_verification_tool/multicamera_sync/output/20250218102900/results-2025-02-25_163648/matchFrames/8_color_SNCP1L44P00051_Index1_1739874543293_[0].jpg
[268.524s] -- Installing: /home/lunabotics/TAMU_SEDS_Lunabotics/ros2_ws/install/orbbec_camera/share/orbbec_camera//examples/multi_camera_synced_verification_tool/multicamera_sync/output/20250218102900/results-2025-02-25_163648/matchFrames/6_ir_left_SNCP1L44P00051_Index1_1739874543560_[0].jpg
[268.527s] -- Installing: /home/lunabotics/TAMU_SEDS_Lunabotics/ros2_ws/install/orbbec_camera/share/orbbec_camera//examples/multi_camera_synced_verification_tool/multicamera_sync/output/20250218102900/results-2025-02-25_163648/matchFrames/8_ir_left_SNCP1E5420006D_Index0_1739874543294_[1].jpg
[268.529s] -- Installing: /home/lunabotics/TAMU_SEDS_Lunabotics/ros2_ws/install/orbbec_camera/share/orbbec_camera//examples/multi_camera_synced_verification_tool/multicamera_sync/output/20250218102900/results-2025-02-25_163648/matchFrames/10_ir_left_SNCP1E5420006D_Index0_1739874543227_[0].jpg
[268.532s] -- Installing: /home/lunabotics/TAMU_SEDS_Lunabotics/ros2_ws/install/orbbec_camera/share/orbbec_camera//examples/multi_camera_synced_verification_tool/multicamera_sync/output/20250218102900/results-2025-02-25_163648/matchFrames/3_ir_left_SNCP1L44P00051_Index1_1739874543260_[0].jpg
[268.534s] -- Installing: /home/lunabotics/TAMU_SEDS_Lunabotics/ros2_ws/install/orbbec_camera/share/orbbec_camera//examples/multi_camera_synced_verification_tool/multicamera_sync/output/20250218102900/results-2025-02-25_163648/matchFrames/1_color_SNCP1E5420006D_Index0_1739874543494_[0].jpg
[268.539s] -- Installing: /home/lunabotics/TAMU_SEDS_Lunabotics/ros2_ws/install/orbbec_camera/share/orbbec_camera//examples/multi_camera_synced_verification_tool/multicamera_sync/output/20250218102900/results-2025-02-25_163648/matchFrames/9_color_SNCP1E5420006D_Index0_1739874543394_[1].jpg
[268.543s] -- Installing: /home/lunabotics/TAMU_SEDS_Lunabotics/ros2_ws/install/orbbec_camera/share/orbbec_camera//examples/multi_camera_synced_verification_tool/multicamera_sync/output/20250218102900/results-2025-02-25_163648/matchFrames/3_color_SNCP1L44P00051_Index1_1739874543260_[0].jpg
[268.548s] -- Installing: /home/lunabotics/TAMU_SEDS_Lunabotics/ros2_ws/install/orbbec_camera/share/orbbec_camera//examples/multi_camera_synced_verification_tool/multicamera_sync/output/20250218102900/results-2025-02-25_163648/matchFrames/2_color_SNCP1L44P00051_Index1_1739874543460_[0].jpg
[268.552s] -- Installing: /home/lunabotics/TAMU_SEDS_Lunabotics/ros2_ws/install/orbbec_camera/share/orbbec_camera//examples/multi_camera_synced_verification_tool/multicamera_sync/output/20250218102900/results-2025-02-25_163648/matchFrames/6_color_SNCP1E5420006D_Index0_1739874543561_[1].jpg
[268.557s] -- Installing: /home/lunabotics/TAMU_SEDS_Lunabotics/ros2_ws/install/orbbec_camera/share/orbbec_camera//examples/multi_camera_synced_verification_tool/multicamera_sync/output/20250218102900/results-2025-02-25_163648/matchFrames/9_ir_left_SNCP1E5420006D_Index0_1739874543394_[1].jpg
[268.559s] -- Installing: /home/lunabotics/TAMU_SEDS_Lunabotics/ros2_ws/install/orbbec_camera/share/orbbec_camera//examples/multi_camera_synced_verification_tool/multicamera_sync/output/20250218102900/results-2025-02-25_163648/matchFrames/7_color_SNCP1E5420006D_Index0_1739874543427_[0].jpg
[268.563s] -- Installing: /home/lunabotics/TAMU_SEDS_Lunabotics/ros2_ws/install/orbbec_camera/share/orbbec_camera//examples/multi_camera_synced_verification_tool/multicamera_sync/output/20250218102900/results-2025-02-25_163648/matchFrames/2_ir_left_SNCP1E5420006D_Index0_1739874543461_[1].jpg
[268.566s] -- Installing: /home/lunabotics/TAMU_SEDS_Lunabotics/ros2_ws/install/orbbec_camera/share/orbbec_camera//examples/multi_camera_synced_verification_tool/multicamera_sync/output/20250218102900/results-2025-02-25_163648/matchFrames/10_ir_left_SNCP1L44P00051_Index1_1739874543227_[0].jpg
[268.568s] -- Installing: /home/lunabotics/TAMU_SEDS_Lunabotics/ros2_ws/install/orbbec_camera/share/orbbec_camera//examples/multi_camera_synced_verification_tool/multicamera_sync/output/20250218102900/results-2025-02-25_163648/matchFrames/0_ir_left_SNCP1L44P00051_Index1_1739874543527_[0].jpg
[268.570s] -- Installing: /home/lunabotics/TAMU_SEDS_Lunabotics/ros2_ws/install/orbbec_camera/share/orbbec_camera//examples/multi_camera_synced_verification_tool/multicamera_sync/output/20250218102900/results-2025-02-25_163648/matchFrames/7_color_SNCP1L44P00051_Index1_1739874543427_[0].jpg
[268.575s] -- Installing: /home/lunabotics/TAMU_SEDS_Lunabotics/ros2_ws/install/orbbec_camera/share/orbbec_camera//examples/multi_camera_synced_verification_tool/multicamera_sync/output/20250218102900/results-2025-02-25_163648/matchFrames/5_ir_left_SNCP1L44P00051_Index1_1739874543327_[0].jpg
[268.577s] -- Installing: /home/lunabotics/TAMU_SEDS_Lunabotics/ros2_ws/install/orbbec_camera/share/orbbec_camera//examples/multi_camera_synced_verification_tool/multicamera_sync/output/20250218102900/results-2025-02-25_163648/matchFrames/9_ir_left_SNCP1L44P00051_Index1_1739874543394_[1].jpg
[268.579s] -- Installing: /home/lunabotics/TAMU_SEDS_Lunabotics/ros2_ws/install/orbbec_camera/share/orbbec_camera//examples/multi_camera_synced_verification_tool/multicamera_sync/output/20250218102900/results-2025-02-25_163648/matchFrames/0_ir_left_SNCP1E5420006D_Index0_1739874543527_[0].jpg
[268.583s] -- Installing: /home/lunabotics/TAMU_SEDS_Lunabotics/ros2_ws/install/orbbec_camera/share/orbbec_camera//examples/multi_camera_synced_verification_tool/multicamera_sync/output/20250218102900/results-2025-02-25_163648/matchFrames/5_color_SNCP1L44P00051_Index1_1739874543327_[0].jpg
[268.588s] -- Installing: /home/lunabotics/TAMU_SEDS_Lunabotics/ros2_ws/install/orbbec_camera/share/orbbec_camera//examples/multi_camera_synced_verification_tool/multicamera_sync/output/20250218102900/results-2025-02-25_163648/matchFrames/1_ir_left_SNCP1E5420006D_Index0_1739874543494_[0].jpg
[268.590s] -- Installing: /home/lunabotics/TAMU_SEDS_Lunabotics/ros2_ws/install/orbbec_camera/share/orbbec_camera//examples/multi_camera_synced_verification_tool/multicamera_sync/output/20250218102900/results-2025-02-25_163648/matchFrames/4_ir_left_SNCP1L44P00051_Index1_1739874543360_[0].jpg
[268.592s] -- Installing: /home/lunabotics/TAMU_SEDS_Lunabotics/ros2_ws/install/orbbec_camera/share/orbbec_camera//examples/multi_camera_synced_verification_tool/multicamera_sync/output/20250218102900/results-2025-02-25_163648/matchFrames/1_ir_left_SNCP1L44P00051_Index1_1739874543494_[0].jpg
[268.594s] -- Installing: /home/lunabotics/TAMU_SEDS_Lunabotics/ros2_ws/install/orbbec_camera/share/orbbec_camera//examples/multi_camera_synced_verification_tool/multicamera_sync/output/20250218102900/results-2025-02-25_163648/matchFrames/0_color_SNCP1E5420006D_Index0_1739874543527_[0].jpg
[268.599s] -- Installing: /home/lunabotics/TAMU_SEDS_Lunabotics/ros2_ws/install/orbbec_camera/share/orbbec_camera//examples/multi_camera_synced_verification_tool/multicamera_sync/output/20250218102900/results-2025-02-25_163648/matchFrames/4_color_SNCP1L44P00051_Index1_1739874543360_[0].jpg
[268.604s] -- Installing: /home/lunabotics/TAMU_SEDS_Lunabotics/ros2_ws/install/orbbec_camera/share/orbbec_camera//examples/multi_camera_synced_verification_tool/multicamera_sync/output/20250218102900/results-2025-02-25_163648/matchFrames/1_color_SNCP1L44P00051_Index1_1739874543494_[0].jpg
[268.608s] -- Installing: /home/lunabotics/TAMU_SEDS_Lunabotics/ros2_ws/install/orbbec_camera/share/orbbec_camera//examples/multi_camera_synced_verification_tool/multicamera_sync/output/20250218102900/results-2025-02-25_163648/matchFrames/2_ir_left_SNCP1L44P00051_Index1_1739874543460_[0].jpg
[268.611s] -- Installing: /home/lunabotics/TAMU_SEDS_Lunabotics/ros2_ws/install/orbbec_camera/share/orbbec_camera//examples/multi_camera_synced_verification_tool/multicamera_sync/output/20250218102900/results-2025-02-25_163648/matchFrames/5_color_SNCP1E5420006D_Index0_1739874543327_[0].jpg
[268.615s] -- Installing: /home/lunabotics/TAMU_SEDS_Lunabotics/ros2_ws/install/orbbec_camera/share/orbbec_camera//examples/multi_camera_synced_verification_tool/multicamera_sync/output/20250218102900/results-2025-02-25_163648/matchFrames/3_color_SNCP1E5420006D_Index0_1739874543260_[0].jpg
[268.620s] -- Installing: /home/lunabotics/TAMU_SEDS_Lunabotics/ros2_ws/install/orbbec_camera/share/orbbec_camera//examples/multi_camera_synced_verification_tool/multicamera_sync/output/20250218102900/results-2025-02-25_163648/matchFrames/7_ir_left_SNCP1E5420006D_Index0_1739874543427_[0].jpg
[268.622s] -- Installing: /home/lunabotics/TAMU_SEDS_Lunabotics/ros2_ws/install/orbbec_camera/share/orbbec_camera//examples/multi_camera_synced_verification_tool/multicamera_sync/output/20250218102900/results-2025-02-25_163648/matchFrames/4_ir_left_SNCP1E5420006D_Index0_1739874543361_[1].jpg
[268.625s] -- Installing: /home/lunabotics/TAMU_SEDS_Lunabotics/ros2_ws/install/orbbec_camera/share/orbbec_camera//examples/multi_camera_synced_verification_tool/multicamera_sync/output/20250218102900/results-2025-02-25_163648/matchFrames/10_color_SNCP1L44P00051_Index1_1739874543227_[0].jpg
[268.630s] -- Installing: /home/lunabotics/TAMU_SEDS_Lunabotics/ros2_ws/install/orbbec_camera/share/orbbec_camera//examples/multi_camera_synced_verification_tool/multicamera_sync/output/20250218102900/results-2025-02-25_163648/matchFrames/2_color_SNCP1E5420006D_Index0_1739874543461_[1].jpg
[268.635s] -- Installing: /home/lunabotics/TAMU_SEDS_Lunabotics/ros2_ws/install/orbbec_camera/share/orbbec_camera//examples/multi_camera_synced_verification_tool/multicamera_sync/output/20250218102900/results-2025-02-25_163648/matchFrames/5_ir_left_SNCP1E5420006D_Index0_1739874543327_[0].jpg
[268.637s] -- Installing: /home/lunabotics/TAMU_SEDS_Lunabotics/ros2_ws/install/orbbec_camera/share/orbbec_camera//examples/multi_camera_synced_verification_tool/multicamera_sync/output/20250218102900/results-2025-02-25_163648/matchFrames/9_color_SNCP1L44P00051_Index1_1739874543393_[0].jpg
[268.642s] -- Installing: /home/lunabotics/TAMU_SEDS_Lunabotics/ros2_ws/install/orbbec_camera/share/orbbec_camera//examples/multi_camera_synced_verification_tool/multicamera_sync/output/20250218102900/results-2025-02-25_163648/matchFrames/0_color_SNCP1L44P00051_Index1_1739874543527_[0].jpg
[268.646s] -- Installing: /home/lunabotics/TAMU_SEDS_Lunabotics/ros2_ws/install/orbbec_camera/share/orbbec_camera//examples/multi_camera_synced_verification_tool/multicamera_sync/output/20250218102900/results-2025-02-25_163648/matchFrames/6_ir_left_SNCP1E5420006D_Index0_1739874543561_[1].jpg
[268.649s] -- Installing: /home/lunabotics/TAMU_SEDS_Lunabotics/ros2_ws/install/orbbec_camera/share/orbbec_camera//examples/multi_camera_synced_verification_tool/multicamera_sync/output/20250218102900/results-2025-02-25_163648/matchFrames/7_ir_left_SNCP1L44P00051_Index1_1739874543427_[0].jpg
[268.651s] -- Installing: /home/lunabotics/TAMU_SEDS_Lunabotics/ros2_ws/install/orbbec_camera/share/orbbec_camera//examples/multi_camera_synced_verification_tool/multicamera_sync/output/20250218102900/results-2025-02-25_163648/matchFrames/8_ir_left_SNCP1L44P00051_Index1_1739874543294_[1].jpg
[268.654s] -- Installing: /home/lunabotics/TAMU_SEDS_Lunabotics/ros2_ws/install/orbbec_camera/share/orbbec_camera//examples/multi_camera_synced_verification_tool/multicamera_sync/output/20250218102900/results-2025-02-25_163648/matchFrames/6_color_SNCP1L44P00051_Index1_1739874543560_[0].jpg
[268.658s] -- Installing: /home/lunabotics/TAMU_SEDS_Lunabotics/ros2_ws/install/orbbec_camera/share/orbbec_camera//examples/multi_camera_synced_verification_tool/multicamera_sync/output/20250218102900/results-2025-02-25_163648/matchFrames/8_color_SNCP1E5420006D_Index0_1739874543294_[1].jpg
[268.666s] -- Installing: /home/lunabotics/TAMU_SEDS_Lunabotics/ros2_ws/install/orbbec_camera/share/orbbec_camera//examples/multi_camera_synced_verification_tool/multicamera_sync/output/20250218102900/results-2025-02-25_163648/frameMatchLog.txt
[268.667s] -- Installing: /home/lunabotics/TAMU_SEDS_Lunabotics/ros2_ws/install/orbbec_camera/share/orbbec_camera//examples/multi_camera_synced_verification_tool/multicamera_sync/output/20250218102900/StreamProfileInfo.txt
[268.669s] -- Installing: /home/lunabotics/TAMU_SEDS_Lunabotics/ros2_ws/install/orbbec_camera/share/orbbec_camera//examples/multi_camera_synced_verification_tool/gemini_330_series_synced_verify.launch.py
[268.670s] -- Installing: /home/lunabotics/TAMU_SEDS_Lunabotics/ros2_ws/install/orbbec_camera/share/orbbec_camera//examples/multi_camera_time_sync
[268.671s] -- Installing: /home/lunabotics/TAMU_SEDS_Lunabotics/ros2_ws/install/orbbec_camera/share/orbbec_camera//examples/multi_camera_time_sync/image_sync_example_node.cpp
[268.671s] -- Installing: /home/lunabotics/TAMU_SEDS_Lunabotics/ros2_ws/install/orbbec_camera/share/orbbec_camera//examples/Gemini_435Le_example_node
[268.672s] -- Installing: /home/lunabotics/TAMU_SEDS_Lunabotics/ros2_ws/install/orbbec_camera/share/orbbec_camera//examples/Gemini_435Le_example_node/README.MD
[268.673s] -- Installing: /home/lunabotics/TAMU_SEDS_Lunabotics/ros2_ws/install/orbbec_camera/share/orbbec_camera//examples/Gemini_435Le_example_node/camera_example_node.cpp
[268.673s] -- Installing: /home/lunabotics/TAMU_SEDS_Lunabotics/ros2_ws/install/orbbec_camera/share/orbbec_camera//examples/README.MD
[268.674s] -- Installing: /home/lunabotics/TAMU_SEDS_Lunabotics/ros2_ws/install/orbbec_camera/share/orbbec_camera//examples/benchmark
[268.675s] -- Installing: /home/lunabotics/TAMU_SEDS_Lunabotics/ros2_ws/install/orbbec_camera/share/orbbec_camera//examples/benchmark/ob_benchmark_1.launch.py
[268.677s] -- Installing: /home/lunabotics/TAMU_SEDS_Lunabotics/ros2_ws/install/orbbec_camera/share/orbbec_camera//examples/benchmark/ob_benchmark_0.launch.py
[268.678s] -- Installing: /home/lunabotics/TAMU_SEDS_Lunabotics/ros2_ws/install/orbbec_camera/share/orbbec_camera//examples/benchmark/gemini_330_series_benchmark.launch.py
[268.679s] -- Installing: /home/lunabotics/TAMU_SEDS_Lunabotics/ros2_ws/install/orbbec_camera/share/orbbec_camera//examples/lower_cpu_usage
[268.680s] -- Installing: /home/lunabotics/TAMU_SEDS_Lunabotics/ros2_ws/install/orbbec_camera/share/orbbec_camera//examples/lower_cpu_usage/multi_camera_lower_cpu_usage.launch.py
[268.681s] -- Installing: /home/lunabotics/TAMU_SEDS_Lunabotics/ros2_ws/install/orbbec_camera/share/orbbec_camera//examples/lower_cpu_usage/gemini_330_series_lower_cpu_usage.launch.py
[268.682s] -- Installing: /home/lunabotics/TAMU_SEDS_Lunabotics/ros2_ws/install/orbbec_camera/share/orbbec_camera//examples/gmsl_camera
[268.683s] -- Installing: /home/lunabotics/TAMU_SEDS_Lunabotics/ros2_ws/install/orbbec_camera/share/orbbec_camera//examples/gmsl_camera/gemini_330_gmsl.launch.py
[268.686s] -- Installing: /home/lunabotics/TAMU_SEDS_Lunabotics/ros2_ws/install/orbbec_camera/share/orbbec_camera//examples/gmsl_camera/multi_gmsl_camera.launch.py
[268.687s] -- Installing: /home/lunabotics/TAMU_SEDS_Lunabotics/ros2_ws/install/orbbec_camera/share/orbbec_camera//examples/gmsl_camera/multi_gmsl_camera_synced.launch.py
[268.687s] -- Installing: /home/lunabotics/TAMU_SEDS_Lunabotics/ros2_ws/install/orbbec_camera/share/orbbec_camera//examples/net_camera
[268.688s] -- Installing: /home/lunabotics/TAMU_SEDS_Lunabotics/ros2_ws/install/orbbec_camera/share/orbbec_camera//examples/net_camera/multi_net_camera.launch.py
[268.690s] -- Up-to-date: /home/lunabotics/TAMU_SEDS_Lunabotics/ros2_ws/install/orbbec_camera/include
[268.691s] -- Installing: /home/lunabotics/TAMU_SEDS_Lunabotics/ros2_ws/install/orbbec_camera/include/libobsensor
[268.691s] -- Installing: /home/lunabotics/TAMU_SEDS_Lunabotics/ros2_ws/install/orbbec_camera/include/libobsensor/ObSensor.h
[268.692s] -- Installing: /home/lunabotics/TAMU_SEDS_Lunabotics/ros2_ws/install/orbbec_camera/include/libobsensor/ObSensor.hpp
[268.693s] -- Installing: /home/lunabotics/TAMU_SEDS_Lunabotics/ros2_ws/install/orbbec_camera/include/libobsensor/hpp
[268.693s] -- Installing: /home/lunabotics/TAMU_SEDS_Lunabotics/ros2_ws/install/orbbec_camera/include/libobsensor/hpp/TypeHelper.hpp
[268.694s] -- Installing: /home/lunabotics/TAMU_SEDS_Lunabotics/ros2_ws/install/orbbec_camera/include/libobsensor/hpp/Context.hpp
[268.694s] -- Installing: /home/lunabotics/TAMU_SEDS_Lunabotics/ros2_ws/install/orbbec_camera/include/libobsensor/hpp/Frame.hpp
[268.695s] -- Installing: /home/lunabotics/TAMU_SEDS_Lunabotics/ros2_ws/install/orbbec_camera/include/libobsensor/hpp/StreamProfile.hpp
[268.696s] -- Installing: /home/lunabotics/TAMU_SEDS_Lunabotics/ros2_ws/install/orbbec_camera/include/libobsensor/hpp/Filter.hpp
[268.697s] -- Installing: /home/lunabotics/TAMU_SEDS_Lunabotics/ros2_ws/install/orbbec_camera/include/libobsensor/hpp/Types.hpp
[268.697s] -- Installing: /home/lunabotics/TAMU_SEDS_Lunabotics/ros2_ws/install/orbbec_camera/include/libobsensor/hpp/Pipeline.hpp
[268.700s] -- Installing: /home/lunabotics/TAMU_SEDS_Lunabotics/ros2_ws/install/orbbec_camera/include/libobsensor/hpp/Sensor.hpp
[268.700s] -- Installing: /home/lunabotics/TAMU_SEDS_Lunabotics/ros2_ws/install/orbbec_camera/include/libobsensor/hpp/RecordPlayback.hpp
[268.701s] -- Installing: /home/lunabotics/TAMU_SEDS_Lunabotics/ros2_ws/install/orbbec_camera/include/libobsensor/hpp/Utils.hpp
[268.702s] -- Installing: /home/lunabotics/TAMU_SEDS_Lunabotics/ros2_ws/install/orbbec_camera/include/libobsensor/hpp/Version.hpp
[268.703s] -- Installing: /home/lunabotics/TAMU_SEDS_Lunabotics/ros2_ws/install/orbbec_camera/include/libobsensor/hpp/Error.hpp
[268.703s] -- Installing: /home/lunabotics/TAMU_SEDS_Lunabotics/ros2_ws/install/orbbec_camera/include/libobsensor/hpp/Device.hpp
[268.704s] -- Installing: /home/lunabotics/TAMU_SEDS_Lunabotics/ros2_ws/install/orbbec_camera/include/libobsensor/h
[268.705s] -- Installing: /home/lunabotics/TAMU_SEDS_Lunabotics/ros2_ws/install/orbbec_camera/include/libobsensor/h/Pipeline.h
[268.706s] -- Installing: /home/lunabotics/TAMU_SEDS_Lunabotics/ros2_ws/install/orbbec_camera/include/libobsensor/h/ObTypes.h
[268.707s] -- Installing: /home/lunabotics/TAMU_SEDS_Lunabotics/ros2_ws/install/orbbec_camera/include/libobsensor/h/Sensor.h
[268.708s] -- Installing: /home/lunabotics/TAMU_SEDS_Lunabotics/ros2_ws/install/orbbec_camera/include/libobsensor/h/StreamProfile.h
[268.709s] -- Installing: /home/lunabotics/TAMU_SEDS_Lunabotics/ros2_ws/install/orbbec_camera/include/libobsensor/h/Advanced.h
[268.709s] -- Installing: /home/lunabotics/TAMU_SEDS_Lunabotics/ros2_ws/install/orbbec_camera/include/libobsensor/h/RecordPlayback.h
[268.709s] -- Installing: /home/lunabotics/TAMU_SEDS_Lunabotics/ros2_ws/install/orbbec_camera/include/libobsensor/h/Error.h
[268.710s] -- Installing: /home/lunabotics/TAMU_SEDS_Lunabotics/ros2_ws/install/orbbec_camera/include/libobsensor/h/Property.h
[268.710s] -- Installing: /home/lunabotics/TAMU_SEDS_Lunabotics/ros2_ws/install/orbbec_camera/include/libobsensor/h/Export.h
[268.711s] -- Installing: /home/lunabotics/TAMU_SEDS_Lunabotics/ros2_ws/install/orbbec_camera/include/libobsensor/h/Version.h
[268.712s] -- Installing: /home/lunabotics/TAMU_SEDS_Lunabotics/ros2_ws/install/orbbec_camera/include/libobsensor/h/Context.h
[268.712s] -- Installing: /home/lunabotics/TAMU_SEDS_Lunabotics/ros2_ws/install/orbbec_camera/include/libobsensor/h/TypeHelper.h
[268.715s] -- Installing: /home/lunabotics/TAMU_SEDS_Lunabotics/ros2_ws/install/orbbec_camera/include/libobsensor/h/MultipleDevices.h
[268.716s] -- Installing: /home/lunabotics/TAMU_SEDS_Lunabotics/ros2_ws/install/orbbec_camera/include/libobsensor/h/Frame.h
[268.716s] -- Installing: /home/lunabotics/TAMU_SEDS_Lunabotics/ros2_ws/install/orbbec_camera/include/libobsensor/h/Utils.h
[268.717s] -- Installing: /home/lunabotics/TAMU_SEDS_Lunabotics/ros2_ws/install/orbbec_camera/include/libobsensor/h/Device.h
[268.717s] -- Installing: /home/lunabotics/TAMU_SEDS_Lunabotics/ros2_ws/install/orbbec_camera/include/libobsensor/h/Filter.h
[268.718s] -- Up-to-date: /home/lunabotics/TAMU_SEDS_Lunabotics/ros2_ws/install/orbbec_camera/lib/
[268.718s] -- Installing: /home/lunabotics/TAMU_SEDS_Lunabotics/ros2_ws/install/orbbec_camera/lib//libOrbbecSDK.so.2
[268.719s] -- Installing: /home/lunabotics/TAMU_SEDS_Lunabotics/ros2_ws/install/orbbec_camera/lib//libOrbbecSDK.so.2.8.6
[268.913s] -- Installing: /home/lunabotics/TAMU_SEDS_Lunabotics/ros2_ws/install/orbbec_camera/lib//libOrbbecSDK.so
[268.915s] -- Installing: /home/lunabotics/TAMU_SEDS_Lunabotics/ros2_ws/install/orbbec_camera/lib//extensions
[268.916s] -- Installing: /home/lunabotics/TAMU_SEDS_Lunabotics/ros2_ws/install/orbbec_camera/lib//extensions/depthengine
[268.916s] -- Installing: /home/lunabotics/TAMU_SEDS_Lunabotics/ros2_ws/install/orbbec_camera/lib//extensions/depthengine/libdepthengine.so
[268.916s] -- Installing: /home/lunabotics/TAMU_SEDS_Lunabotics/ros2_ws/install/orbbec_camera/lib//extensions/depthengine/libdepthengine.so.2.0
[268.925s] -- Installing: /home/lunabotics/TAMU_SEDS_Lunabotics/ros2_ws/install/orbbec_camera/lib//extensions/firmwareupdater
[268.926s] -- Installing: /home/lunabotics/TAMU_SEDS_Lunabotics/ros2_ws/install/orbbec_camera/lib//extensions/firmwareupdater/libfirmwareupdater.so
[268.935s] -- Installing: /home/lunabotics/TAMU_SEDS_Lunabotics/ros2_ws/install/orbbec_camera/lib//extensions/filters
[268.936s] -- Installing: /home/lunabotics/TAMU_SEDS_Lunabotics/ros2_ws/install/orbbec_camera/lib//extensions/filters/libFilterProcessor.so
[268.945s] -- Installing: /home/lunabotics/TAMU_SEDS_Lunabotics/ros2_ws/install/orbbec_camera/lib//extensions/filters/libob_priv_filter.so
[268.950s] -- Installing: /home/lunabotics/TAMU_SEDS_Lunabotics/ros2_ws/install/orbbec_camera/lib//extensions/frameprocessor
[268.951s] -- Installing: /home/lunabotics/TAMU_SEDS_Lunabotics/ros2_ws/install/orbbec_camera/lib//extensions/frameprocessor/libob_frame_processor.so
[268.958s] -- Installing: /home/lunabotics/TAMU_SEDS_Lunabotics/ros2_ws/install/orbbec_camera/lib/extensions/libdepthengine.so
[268.958s] -- Installing: /home/lunabotics/TAMU_SEDS_Lunabotics/ros2_ws/install/orbbec_camera/lib/extensions/libdepthengine.so.2.0
[268.962s] -- Installing: /home/lunabotics/TAMU_SEDS_Lunabotics/ros2_ws/install/orbbec_camera/lib/extensions/libFilterProcessor.so
[268.965s] -- Installing: /home/lunabotics/TAMU_SEDS_Lunabotics/ros2_ws/install/orbbec_camera/lib/extensions/libob_priv_filter.so
[268.967s] -- Installing: /home/lunabotics/TAMU_SEDS_Lunabotics/ros2_ws/install/orbbec_camera/lib/extensions/libfirmwareupdater.so
[268.971s] -- Installing: /home/lunabotics/TAMU_SEDS_Lunabotics/ros2_ws/install/orbbec_camera/lib/extensions/libob_frame_processor.so
[268.974s] -- Installing: /home/lunabotics/TAMU_SEDS_Lunabotics/ros2_ws/install/orbbec_camera/share/orbbec_camera/udev/99-obsensor-libusb.rules
[268.976s] -- Installing: /home/lunabotics/TAMU_SEDS_Lunabotics/ros2_ws/install/orbbec_camera/lib/orbbec_camera/list_devices_node
[268.978s] -- Set runtime path of "/home/lunabotics/TAMU_SEDS_Lunabotics/ros2_ws/install/orbbec_camera/lib/orbbec_camera/list_devices_node" to ":/home/lunabotics/TAMU_SEDS_Lunabotics/ros2_ws/src/OrbbecSDK_ROS2/orbbec_camera/SDK/lib/arm64"
[268.978s] -- Installing: /home/lunabotics/TAMU_SEDS_Lunabotics/ros2_ws/install/orbbec_camera/lib/orbbec_camera/list_depth_work_mode_node
[268.979s] -- Set runtime path of "/home/lunabotics/TAMU_SEDS_Lunabotics/ros2_ws/install/orbbec_camera/lib/orbbec_camera/list_depth_work_mode_node" to ":/home/lunabotics/TAMU_SEDS_Lunabotics/ros2_ws/src/OrbbecSDK_ROS2/orbbec_camera/SDK/lib/arm64"
[268.979s] -- Installing: /home/lunabotics/TAMU_SEDS_Lunabotics/ros2_ws/install/orbbec_camera/lib/orbbec_camera/list_camera_profile_mode_node
[268.981s] -- Set runtime path of "/home/lunabotics/TAMU_SEDS_Lunabotics/ros2_ws/install/orbbec_camera/lib/orbbec_camera/list_camera_profile_mode_node" to ":/home/lunabotics/TAMU_SEDS_Lunabotics/ros2_ws/src/OrbbecSDK_ROS2/orbbec_camera/SDK/lib/arm64"
[268.981s] -- Installing: /home/lunabotics/TAMU_SEDS_Lunabotics/ros2_ws/install/orbbec_camera/lib/orbbec_camera/firmware_update_tool
[268.983s] -- Set runtime path of "/home/lunabotics/TAMU_SEDS_Lunabotics/ros2_ws/install/orbbec_camera/lib/orbbec_camera/firmware_update_tool" to ":/home/lunabotics/TAMU_SEDS_Lunabotics/ros2_ws/src/OrbbecSDK_ROS2/orbbec_camera/SDK/lib/arm64"
[268.983s] -- Installing: /home/lunabotics/TAMU_SEDS_Lunabotics/ros2_ws/install/orbbec_camera/lib/orbbec_camera/topic_statistics_node
[268.990s] -- Set runtime path of "/home/lunabotics/TAMU_SEDS_Lunabotics/ros2_ws/install/orbbec_camera/lib/orbbec_camera/topic_statistics_node" to ":/home/lunabotics/TAMU_SEDS_Lunabotics/ros2_ws/src/OrbbecSDK_ROS2/orbbec_camera/SDK/lib/arm64"
[268.991s] -- Installing: /home/lunabotics/TAMU_SEDS_Lunabotics/ros2_ws/install/orbbec_camera/lib/orbbec_camera/service_benchmark_node
[268.995s] -- Set runtime path of "/home/lunabotics/TAMU_SEDS_Lunabotics/ros2_ws/install/orbbec_camera/lib/orbbec_camera/service_benchmark_node" to ":/home/lunabotics/TAMU_SEDS_Lunabotics/ros2_ws/src/OrbbecSDK_ROS2/orbbec_camera/SDK/lib/arm64"
[268.996s] -- Installing: /home/lunabotics/TAMU_SEDS_Lunabotics/ros2_ws/install/orbbec_camera/lib/orbbec_camera/ob_benchmark_node
[268.998s] -- Set runtime path of "/home/lunabotics/TAMU_SEDS_Lunabotics/ros2_ws/install/orbbec_camera/lib/orbbec_camera/ob_benchmark_node" to ":/home/lunabotics/TAMU_SEDS_Lunabotics/ros2_ws/src/OrbbecSDK_ROS2/orbbec_camera/SDK/lib/arm64"
[268.998s] -- Installing: /home/lunabotics/TAMU_SEDS_Lunabotics/ros2_ws/install/orbbec_camera/lib/orbbec_camera/435le_example_node
[269.002s] -- Set runtime path of "/home/lunabotics/TAMU_SEDS_Lunabotics/ros2_ws/install/orbbec_camera/lib/orbbec_camera/435le_example_node" to ":/home/lunabotics/TAMU_SEDS_Lunabotics/ros2_ws/src/OrbbecSDK_ROS2/orbbec_camera/SDK/lib/arm64"
[269.002s] -- Installing: /home/lunabotics/TAMU_SEDS_Lunabotics/ros2_ws/install/orbbec_camera/lib/orbbec_camera/ip_config_tool
[269.003s] -- Set runtime path of "/home/lunabotics/TAMU_SEDS_Lunabotics/ros2_ws/install/orbbec_camera/lib/orbbec_camera/ip_config_tool" to ":/home/lunabotics/TAMU_SEDS_Lunabotics/ros2_ws/src/OrbbecSDK_ROS2/orbbec_camera/SDK/lib/arm64"
[269.004s] -- Installing: /home/lunabotics/TAMU_SEDS_Lunabotics/ros2_ws/install/orbbec_camera/lib/orbbec_camera/set_device_ip
[269.004s] -- Set runtime path of "/home/lunabotics/TAMU_SEDS_Lunabotics/ros2_ws/install/orbbec_camera/lib/orbbec_camera/set_device_ip" to ":/home/lunabotics/TAMU_SEDS_Lunabotics/ros2_ws/src/OrbbecSDK_ROS2/orbbec_camera/SDK/lib/arm64"
[269.005s] -- Installing: /home/lunabotics/TAMU_SEDS_Lunabotics/ros2_ws/install/orbbec_camera/lib/orbbec_camera/image_sync_example_node
[269.008s] -- Set runtime path of "/home/lunabotics/TAMU_SEDS_Lunabotics/ros2_ws/install/orbbec_camera/lib/orbbec_camera/image_sync_example_node" to ":/home/lunabotics/TAMU_SEDS_Lunabotics/ros2_ws/src/OrbbecSDK_ROS2/orbbec_camera/SDK/lib/arm64"
[269.013s] -- Installing: /home/lunabotics/TAMU_SEDS_Lunabotics/ros2_ws/install/orbbec_camera/share/orbbec_camera/environment/library_path.sh
[269.015s] -- Installing: /home/lunabotics/TAMU_SEDS_Lunabotics/ros2_ws/install/orbbec_camera/share/orbbec_camera/environment/library_path.dsv
[269.018s] -- Installing: /home/lunabotics/TAMU_SEDS_Lunabotics/ros2_ws/install/orbbec_camera/share/ament_index/resource_index/package_run_dependencies/orbbec_camera
[269.020s] -- Installing: /home/lunabotics/TAMU_SEDS_Lunabotics/ros2_ws/install/orbbec_camera/share/ament_index/resource_index/parent_prefix_path/orbbec_camera
[269.027s] -- Installing: /home/lunabotics/TAMU_SEDS_Lunabotics/ros2_ws/install/orbbec_camera/share/orbbec_camera/environment/ament_prefix_path.sh
[269.028s] -- Installing: /home/lunabotics/TAMU_SEDS_Lunabotics/ros2_ws/install/orbbec_camera/share/orbbec_camera/environment/ament_prefix_path.dsv
[269.029s] -- Installing: /home/lunabotics/TAMU_SEDS_Lunabotics/ros2_ws/install/orbbec_camera/share/orbbec_camera/environment/path.sh
[269.030s] -- Installing: /home/lunabotics/TAMU_SEDS_Lunabotics/ros2_ws/install/orbbec_camera/share/orbbec_camera/environment/path.dsv
[269.031s] -- Installing: /home/lunabotics/TAMU_SEDS_Lunabotics/ros2_ws/install/orbbec_camera/share/orbbec_camera/local_setup.bash
[269.031s] -- Installing: /home/lunabotics/TAMU_SEDS_Lunabotics/ros2_ws/install/orbbec_camera/share/orbbec_camera/local_setup.sh
[269.032s] -- Installing: /home/lunabotics/TAMU_SEDS_Lunabotics/ros2_ws/install/orbbec_camera/share/orbbec_camera/local_setup.zsh
[269.033s] -- Installing: /home/lunabotics/TAMU_SEDS_Lunabotics/ros2_ws/install/orbbec_camera/share/orbbec_camera/local_setup.dsv
[269.034s] -- Installing: /home/lunabotics/TAMU_SEDS_Lunabotics/ros2_ws/install/orbbec_camera/share/orbbec_camera/package.dsv
[269.035s] -- Installing: /home/lunabotics/TAMU_SEDS_Lunabotics/ros2_ws/install/orbbec_camera/share/ament_index/resource_index/packages/orbbec_camera
[269.036s] -- Installing: /home/lunabotics/TAMU_SEDS_Lunabotics/ros2_ws/install/orbbec_camera/share/ament_index/resource_index/rclcpp_components/orbbec_camera
[269.038s] -- Installing: /home/lunabotics/TAMU_SEDS_Lunabotics/ros2_ws/install/orbbec_camera/share/orbbec_camera/cmake/ament_cmake_export_include_directories-extras.cmake
[269.039s] -- Installing: /home/lunabotics/TAMU_SEDS_Lunabotics/ros2_ws/install/orbbec_camera/share/orbbec_camera/cmake/ament_cmake_export_libraries-extras.cmake
[269.041s] -- Installing: /home/lunabotics/TAMU_SEDS_Lunabotics/ros2_ws/install/orbbec_camera/share/orbbec_camera/cmake/ament_cmake_export_dependencies-extras.cmake
[269.042s] -- Installing: /home/lunabotics/TAMU_SEDS_Lunabotics/ros2_ws/install/orbbec_camera/share/orbbec_camera/cmake/orbbec_cameraConfig.cmake
[269.043s] -- Installing: /home/lunabotics/TAMU_SEDS_Lunabotics/ros2_ws/install/orbbec_camera/share/orbbec_camera/cmake/orbbec_cameraConfig-version.cmake
[269.044s] -- Installing: /home/lunabotics/TAMU_SEDS_Lunabotics/ros2_ws/install/orbbec_camera/share/orbbec_camera/package.xml
[269.069s] Invoked command in '/home/lunabotics/TAMU_SEDS_Lunabotics/ros2_ws/build/orbbec_camera' returned '0': CMAKE_PREFIX_PATH=/home/lunabotics/TAMU_SEDS_Lunabotics/ros2_ws/install/orbbec_camera_msgs:/home/lunabotics/TAMU_SEDS_Lunabotics/ros2_ws/install/tutorial_interfaces:/home/lunabotics/TAMU_SEDS_Lunabotics/ros2_ws/install/sensors:/home/lunabotics/TAMU_SEDS_Lunabotics/ros2_ws/install/orbbec_camera:/home/lunabotics/TAMU_SEDS_Lunabotics/ros2_ws/install/imu_reader:/home/lunabotics/TAMU_SEDS_Lunabotics/ros2_ws/install/cpp_srvcli:/home/lunabotics/TAMU_SEDS_Lunabotics/ros2_ws/install/cpp_pubsub:/home/lunabotics/TAMU_SEDS_Lunabotics/ros2_ws/install/pico_motor_control:/home/lunabotics/TAMU_SEDS_Lunabotics/ros2_ws/install/pico_2nd_pck:/home/lunabotics/TAMU_SEDS_Lunabotics/ros2_ws/install/drive:/opt/ros/humble LD_LIBRARY_PATH=/home/lunabotics/TAMU_SEDS_Lunabotics/ros2_ws/install/orbbec_camera_msgs/lib:/home/lunabotics/TAMU_SEDS_Lunabotics/ros2_ws/install/tutorial_interfaces/lib:/home/lunabotics/TAMU_SEDS_Lunabotics/ros2_ws/install/orbbec_camera/lib:/opt/ros/humble/opt/rviz_ogre_vendor/lib:/opt/ros/humble/lib/aarch64-linux-gnu:/opt/ros/humble/lib /home/lunabotics/.local/bin/cmake --install /home/lunabotics/TAMU_SEDS_Lunabotics/ros2_ws/build/orbbec_camera
