[0.821s] Invoking command in '/home/lunabotics/TAMU_SEDS_Lunabotics/ros2_ws/build/kiss_icp': CMAKE_PREFIX_PATH=${CMAKE_PREFIX_PATH}:/home/lunabotics/TAMU_SEDS_Lunabotics/ros2_ws/install/pico_motor_control:/home/lunabotics/TAMU_SEDS_Lunabotics/ros2_ws/install/pico_2nd_pck:/home/lunabotics/TAMU_SEDS_Lunabotics/ros2_ws/install/drive:/home/lunabotics/TAMU_SEDS_Lunabotics/lunabotics_gnc2026/install/pathing:/home/lunabotics/TAMU_SEDS_Lunabotics/lunabotics_gnc2026/install/central_planner:/opt/ros/humble /home/lunabotics/.local/bin/cmake --build /home/lunabotics/TAMU_SEDS_Lunabotics/ros2_ws/build/kiss_icp -- -j6 -l6
[1.248s] [ 42%] Built target kiss_icp_core
[1.255s] [ 57%] Built target kiss_icp_metrics
[1.256s] [ 71%] Built target kiss_icp_node
[1.378s] [ 85%] Built target kiss_icp_pipeline
[1.467s] [100%] Built target odometry_component
[1.635s] Invoked command in '/home/lunabotics/TAMU_SEDS_Lunabotics/ros2_ws/build/kiss_icp' returned '0': CMAKE_PREFIX_PATH=${CMAKE_PREFIX_PATH}:/home/lunabotics/TAMU_SEDS_Lunabotics/ros2_ws/install/pico_motor_control:/home/lunabotics/TAMU_SEDS_Lunabotics/ros2_ws/install/pico_2nd_pck:/home/lunabotics/TAMU_SEDS_Lunabotics/ros2_ws/install/drive:/home/lunabotics/TAMU_SEDS_Lunabotics/lunabotics_gnc2026/install/pathing:/home/lunabotics/TAMU_SEDS_Lunabotics/lunabotics_gnc2026/install/central_planner:/opt/ros/humble /home/lunabotics/.local/bin/cmake --build /home/lunabotics/TAMU_SEDS_Lunabotics/ros2_ws/build/kiss_icp -- -j6 -l6
[1.646s] Invoking command in '/home/lunabotics/TAMU_SEDS_Lunabotics/ros2_ws/build/kiss_icp': CMAKE_PREFIX_PATH=${CMAKE_PREFIX_PATH}:/home/lunabotics/TAMU_SEDS_Lunabotics/ros2_ws/install/pico_motor_control:/home/lunabotics/TAMU_SEDS_Lunabotics/ros2_ws/install/pico_2nd_pck:/home/lunabotics/TAMU_SEDS_Lunabotics/ros2_ws/install/drive:/home/lunabotics/TAMU_SEDS_Lunabotics/lunabotics_gnc2026/install/pathing:/home/lunabotics/TAMU_SEDS_Lunabotics/lunabotics_gnc2026/install/central_planner:/opt/ros/humble /home/lunabotics/.local/bin/cmake --install /home/lunabotics/TAMU_SEDS_Lunabotics/ros2_ws/build/kiss_icp
[1.709s] -- Install configuration: "Release"
[1.716s] -- Up-to-date: /home/lunabotics/TAMU_SEDS_Lunabotics/ros2_ws/install/kiss_icp/lib/kiss_icp/kiss_icp_node
[1.720s] -- Up-to-date: /home/lunabotics/TAMU_SEDS_Lunabotics/ros2_ws/install/kiss_icp/lib/libodometry_component.so
[1.721s] -- Up-to-date: /home/lunabotics/TAMU_SEDS_Lunabotics/ros2_ws/install/kiss_icp/share/kiss_icp//launch
[1.724s] -- Up-to-date: /home/lunabotics/TAMU_SEDS_Lunabotics/ros2_ws/install/kiss_icp/share/kiss_icp//launch/odometry.launch.py
[1.724s] -- Up-to-date: /home/lunabotics/TAMU_SEDS_Lunabotics/ros2_ws/install/kiss_icp/share/kiss_icp//rviz
[1.729s] -- Up-to-date: /home/lunabotics/TAMU_SEDS_Lunabotics/ros2_ws/install/kiss_icp/share/kiss_icp//rviz/kiss_icp.rviz
[1.730s] -- Up-to-date: /home/lunabotics/TAMU_SEDS_Lunabotics/ros2_ws/install/kiss_icp/share/kiss_icp//config
[1.731s] -- Up-to-date: /home/lunabotics/TAMU_SEDS_Lunabotics/ros2_ws/install/kiss_icp/share/kiss_icp//config/config.yaml
[1.731s] -- Up-to-date: /home/lunabotics/TAMU_SEDS_Lunabotics/ros2_ws/install/kiss_icp/share/ament_index/resource_index/package_run_dependencies/kiss_icp
[1.753s] -- Up-to-date: /home/lunabotics/TAMU_SEDS_Lunabotics/ros2_ws/install/kiss_icp/share/ament_index/resource_index/parent_prefix_path/kiss_icp
[1.754s] -- Up-to-date: /home/lunabotics/TAMU_SEDS_Lunabotics/ros2_ws/install/kiss_icp/share/kiss_icp/environment/ament_prefix_path.sh
[1.754s] -- Up-to-date: /home/lunabotics/TAMU_SEDS_Lunabotics/ros2_ws/install/kiss_icp/share/kiss_icp/environment/ament_prefix_path.dsv
[1.754s] -- Up-to-date: /home/lunabotics/TAMU_SEDS_Lunabotics/ros2_ws/install/kiss_icp/share/kiss_icp/environment/path.sh
[1.754s] -- Up-to-date: /home/lunabotics/TAMU_SEDS_Lunabotics/ros2_ws/install/kiss_icp/share/kiss_icp/environment/path.dsv
[1.754s] -- Up-to-date: /home/lunabotics/TAMU_SEDS_Lunabotics/ros2_ws/install/kiss_icp/share/kiss_icp/local_setup.bash
[1.755s] -- Up-to-date: /home/lunabotics/TAMU_SEDS_Lunabotics/ros2_ws/install/kiss_icp/share/kiss_icp/local_setup.sh
[1.755s] -- Up-to-date: /home/lunabotics/TAMU_SEDS_Lunabotics/ros2_ws/install/kiss_icp/share/kiss_icp/local_setup.zsh
[1.755s] -- Up-to-date: /home/lunabotics/TAMU_SEDS_Lunabotics/ros2_ws/install/kiss_icp/share/kiss_icp/local_setup.dsv
[1.755s] -- Installing: /home/lunabotics/TAMU_SEDS_Lunabotics/ros2_ws/install/kiss_icp/share/kiss_icp/package.dsv
[1.757s] -- Up-to-date: /home/lunabotics/TAMU_SEDS_Lunabotics/ros2_ws/install/kiss_icp/share/ament_index/resource_index/packages/kiss_icp
[1.759s] -- Up-to-date: /home/lunabotics/TAMU_SEDS_Lunabotics/ros2_ws/install/kiss_icp/share/ament_index/resource_index/rclcpp_components/kiss_icp
[1.766s] -- Up-to-date: /home/lunabotics/TAMU_SEDS_Lunabotics/ros2_ws/install/kiss_icp/share/kiss_icp/cmake/kiss_icpConfig.cmake
[1.766s] -- Up-to-date: /home/lunabotics/TAMU_SEDS_Lunabotics/ros2_ws/install/kiss_icp/share/kiss_icp/cmake/kiss_icpConfig-version.cmake
[1.767s] -- Up-to-date: /home/lunabotics/TAMU_SEDS_Lunabotics/ros2_ws/install/kiss_icp/share/kiss_icp/package.xml
[1.890s] Invoked command in '/home/lunabotics/TAMU_SEDS_Lunabotics/ros2_ws/build/kiss_icp' returned '0': CMAKE_PREFIX_PATH=${CMAKE_PREFIX_PATH}:/home/lunabotics/TAMU_SEDS_Lunabotics/ros2_ws/install/pico_motor_control:/home/lunabotics/TAMU_SEDS_Lunabotics/ros2_ws/install/pico_2nd_pck:/home/lunabotics/TAMU_SEDS_Lunabotics/ros2_ws/install/drive:/home/lunabotics/TAMU_SEDS_Lunabotics/lunabotics_gnc2026/install/pathing:/home/lunabotics/TAMU_SEDS_Lunabotics/lunabotics_gnc2026/install/central_planner:/opt/ros/humble /home/lunabotics/.local/bin/cmake --install /home/lunabotics/TAMU_SEDS_Lunabotics/ros2_ws/build/kiss_icp
