[0.608s] Invoking command in '/home/lunabotics/TAMU_SEDS_Lunabotics/ros2_ws/build/joy_controller_cpp': CMAKE_PREFIX_PATH=${CMAKE_PREFIX_PATH}:/home/lunabotics/TAMU_SEDS_Lunabotics/ros2_ws/install/pico_motor_control:/home/lunabotics/TAMU_SEDS_Lunabotics/ros2_ws/install/drive:/opt/ros/humble /home/lunabotics/.local/bin/cmake /home/lunabotics/TAMU_SEDS_Lunabotics/ros2_ws/src/joy_controller_cpp -DCMAKE_INSTALL_PREFIX=/home/lunabotics/TAMU_SEDS_Lunabotics/ros2_ws/install/joy_controller_cpp
[0.786s] [0mCMake Deprecation Warning at CMakeLists.txt:1 (cmake_minimum_required):
[0.787s]   Compatibility with CMake < 3.10 will be removed from a future version of
[0.787s]   CMake.
[0.787s] 
[0.787s]   Update the VERSION argument <min> value.  Or, use the <min>...<max> syntax
[0.787s]   to tell CMake that the project requires at least <min> but has been updated
[0.787s]   to work with policies introduced by <max> or earlier.
[0.787s] 
[0.787s] [0m
[0.804s] -- Found ament_cmake: 1.3.14 (/opt/ros/humble/share/ament_cmake/cmake)
[1.317s] -- Found rclcpp: 16.0.19 (/opt/ros/humble/share/rclcpp/cmake)
[1.393s] -- Found rosidl_generator_c: 3.1.8 (/opt/ros/humble/share/rosidl_generator_c/cmake)
[1.400s] -- Found rosidl_adapter: 3.1.8 (/opt/ros/humble/share/rosidl_adapter/cmake)
[1.417s] -- Found rosidl_generator_cpp: 3.1.8 (/opt/ros/humble/share/rosidl_generator_cpp/cmake)
[1.444s] -- Using all available rosidl_typesupport_c: rosidl_typesupport_fastrtps_c;rosidl_typesupport_introspection_c
[1.477s] -- Using all available rosidl_typesupport_cpp: rosidl_typesupport_fastrtps_cpp;rosidl_typesupport_introspection_cpp
[1.560s] -- Found rmw_implementation_cmake: 6.1.2 (/opt/ros/humble/share/rmw_implementation_cmake/cmake)
[1.563s] -- Found rmw_fastrtps_cpp: 6.2.10 (/opt/ros/humble/share/rmw_fastrtps_cpp/cmake)
[1.793s] -- Using RMW implementation 'rmw_fastrtps_cpp' as default
[2.005s] -- Found sensor_msgs: 4.9.1 (/opt/ros/humble/share/sensor_msgs/cmake)
[2.435s] -- Found ament_lint_auto: 0.12.15 (/opt/ros/humble/share/ament_lint_auto/cmake)
[2.442s] [31mCMake Error at CMakeLists.txt:27 (install):
[2.442s]   install TARGETS given target "joy_controller_node" which does not exist.
[2.442s] 
[2.442s] [0m
[2.898s] -- Added test 'cppcheck' to perform static code analysis on C / C++ code
[2.898s] -- Configured cppcheck include dirs: 
[2.898s] -- Configured cppcheck exclude dirs and/or files: 
[2.901s] -- Added test 'lint_cmake' to check CMake code style
[2.905s] -- Added test 'uncrustify' to check C / C++ code style
[2.905s] -- Configured uncrustify additional arguments: 
[2.907s] -- Added test 'xmllint' to check XML markup files
[2.914s] -- Configuring incomplete, errors occurred!
