[0.056s] Invoking command in '/home/lunabotics/TAMU_SEDS_Lunabotics/ros2_ws/build/unitree_lidar_ros2': CMAKE_PREFIX_PATH=${CMAKE_PREFIX_PATH}:/home/lunabotics/TAMU_SEDS_Lunabotics/ros2_ws/install/drive:/home/lunabotics/TAMU_SEDS_Lunabotics/lunabotics_gnc2026/install/pathing:/home/lunabotics/TAMU_SEDS_Lunabotics/lunabotics_gnc2026/install/central_planner:/opt/ros/humble /home/lunabotics/.local/bin/cmake --build /home/lunabotics/TAMU_SEDS_Lunabotics/ros2_ws/build/unitree_lidar_ros2 -- -j6 -l6
[1.052s] [100%] Built target unitree_lidar_ros2_node
[1.082s] Invoked command in '/home/lunabotics/TAMU_SEDS_Lunabotics/ros2_ws/build/unitree_lidar_ros2' returned '0': CMAKE_PREFIX_PATH=${CMAKE_PREFIX_PATH}:/home/lunabotics/TAMU_SEDS_Lunabotics/ros2_ws/install/drive:/home/lunabotics/TAMU_SEDS_Lunabotics/lunabotics_gnc2026/install/pathing:/home/lunabotics/TAMU_SEDS_Lunabotics/lunabotics_gnc2026/install/central_planner:/opt/ros/humble /home/lunabotics/.local/bin/cmake --build /home/lunabotics/TAMU_SEDS_Lunabotics/ros2_ws/build/unitree_lidar_ros2 -- -j6 -l6
[1.143s] Invoking command in '/home/lunabotics/TAMU_SEDS_Lunabotics/ros2_ws/build/unitree_lidar_ros2': CMAKE_PREFIX_PATH=${CMAKE_PREFIX_PATH}:/home/lunabotics/TAMU_SEDS_Lunabotics/ros2_ws/install/drive:/home/lunabotics/TAMU_SEDS_Lunabotics/lunabotics_gnc2026/install/pathing:/home/lunabotics/TAMU_SEDS_Lunabotics/lunabotics_gnc2026/install/central_planner:/opt/ros/humble /home/lunabotics/.local/bin/cmake --install /home/lunabotics/TAMU_SEDS_Lunabotics/ros2_ws/build/unitree_lidar_ros2
[1.220s] -- Install configuration: ""
[1.239s] -- Up-to-date: /home/lunabotics/TAMU_SEDS_Lunabotics/ros2_ws/install/unitree_lidar_ros2/lib/unitree_lidar_ros2/unitree_lidar_ros2_node
[1.246s] -- Up-to-date: /home/lunabotics/TAMU_SEDS_Lunabotics/ros2_ws/install/unitree_lidar_ros2/share/unitree_lidar_ros2/view.rviz
[1.249s] -- Up-to-date: /home/lunabotics/TAMU_SEDS_Lunabotics/ros2_ws/install/unitree_lidar_ros2/share/unitree_lidar_ros2/launch.py
[1.251s] -- Up-to-date: /home/lunabotics/TAMU_SEDS_Lunabotics/ros2_ws/install/unitree_lidar_ros2/share/ament_index/resource_index/package_run_dependencies/unitree_lidar_ros2
[1.285s] -- Up-to-date: /home/lunabotics/TAMU_SEDS_Lunabotics/ros2_ws/install/unitree_lidar_ros2/share/ament_index/resource_index/parent_prefix_path/unitree_lidar_ros2
[1.285s] -- Up-to-date: /home/lunabotics/TAMU_SEDS_Lunabotics/ros2_ws/install/unitree_lidar_ros2/share/unitree_lidar_ros2/environment/ament_prefix_path.sh
[1.286s] -- Up-to-date: /home/lunabotics/TAMU_SEDS_Lunabotics/ros2_ws/install/unitree_lidar_ros2/share/unitree_lidar_ros2/environment/ament_prefix_path.dsv
[1.286s] -- Up-to-date: /home/lunabotics/TAMU_SEDS_Lunabotics/ros2_ws/install/unitree_lidar_ros2/share/unitree_lidar_ros2/environment/path.sh
[1.287s] -- Up-to-date: /home/lunabotics/TAMU_SEDS_Lunabotics/ros2_ws/install/unitree_lidar_ros2/share/unitree_lidar_ros2/environment/path.dsv
[1.287s] -- Up-to-date: /home/lunabotics/TAMU_SEDS_Lunabotics/ros2_ws/install/unitree_lidar_ros2/share/unitree_lidar_ros2/local_setup.bash
[1.287s] -- Up-to-date: /home/lunabotics/TAMU_SEDS_Lunabotics/ros2_ws/install/unitree_lidar_ros2/share/unitree_lidar_ros2/local_setup.sh
[1.287s] -- Up-to-date: /home/lunabotics/TAMU_SEDS_Lunabotics/ros2_ws/install/unitree_lidar_ros2/share/unitree_lidar_ros2/local_setup.zsh
[1.288s] -- Up-to-date: /home/lunabotics/TAMU_SEDS_Lunabotics/ros2_ws/install/unitree_lidar_ros2/share/unitree_lidar_ros2/local_setup.dsv
[1.289s] -- Installing: /home/lunabotics/TAMU_SEDS_Lunabotics/ros2_ws/install/unitree_lidar_ros2/share/unitree_lidar_ros2/package.dsv
[1.289s] -- Up-to-date: /home/lunabotics/TAMU_SEDS_Lunabotics/ros2_ws/install/unitree_lidar_ros2/share/ament_index/resource_index/packages/unitree_lidar_ros2
[1.293s] -- Up-to-date: /home/lunabotics/TAMU_SEDS_Lunabotics/ros2_ws/install/unitree_lidar_ros2/share/unitree_lidar_ros2/cmake/unitree_lidar_ros2Config.cmake
[1.294s] -- Up-to-date: /home/lunabotics/TAMU_SEDS_Lunabotics/ros2_ws/install/unitree_lidar_ros2/share/unitree_lidar_ros2/cmake/unitree_lidar_ros2Config-version.cmake
[1.294s] -- Up-to-date: /home/lunabotics/TAMU_SEDS_Lunabotics/ros2_ws/install/unitree_lidar_ros2/share/unitree_lidar_ros2/package.xml
[1.310s] Invoked command in '/home/lunabotics/TAMU_SEDS_Lunabotics/ros2_ws/build/unitree_lidar_ros2' returned '0': CMAKE_PREFIX_PATH=${CMAKE_PREFIX_PATH}:/home/lunabotics/TAMU_SEDS_Lunabotics/ros2_ws/install/drive:/home/lunabotics/TAMU_SEDS_Lunabotics/lunabotics_gnc2026/install/pathing:/home/lunabotics/TAMU_SEDS_Lunabotics/lunabotics_gnc2026/install/central_planner:/opt/ros/humble /home/lunabotics/.local/bin/cmake --install /home/lunabotics/TAMU_SEDS_Lunabotics/ros2_ws/build/unitree_lidar_ros2
