[0.016s] Invoking command in '/home/lunabotics/TAMU_SEDS_Lunabotics/ros2_ws/build/orbbec_camera': AMENT_PREFIX_PATH=/home/lunabotics/TAMU_SEDS_Lunabotics/ros2_ws/install/orbbec_camera_msgs:${AMENT_PREFIX_PATH} CMAKE_PREFIX_PATH=/home/lunabotics/TAMU_SEDS_Lunabotics/ros2_ws/install/orbbec_camera_msgs:/opt/ros/humble LD_LIBRARY_PATH=/home/lunabotics/TAMU_SEDS_Lunabotics/ros2_ws/install/orbbec_camera_msgs/lib:${LD_LIBRARY_PATH} PYTHONPATH=/home/lunabotics/TAMU_SEDS_Lunabotics/ros2_ws/install/orbbec_camera_msgs/local/lib/python3.10/dist-packages:${PYTHONPATH} /home/lunabotics/.local/bin/cmake /home/lunabotics/TAMU_SEDS_Lunabotics/ros2_ws/src/OrbbecSDK_ROS2/orbbec_camera -DCMAKE_BUILD_TYPE=Release -DCMAKE_INSTALL_PREFIX=/home/lunabotics/TAMU_SEDS_Lunabotics/ros2_ws/install/orbbec_camera
[0.084s] -- Found ament_cmake: 1.3.14 (/opt/ros/humble/share/ament_cmake/cmake)
[0.289s] -- Found ament_index_cpp: 1.4.1 (/opt/ros/humble/share/ament_index_cpp/cmake)
[0.293s] -- Found builtin_interfaces: 1.2.2 (/opt/ros/humble/share/builtin_interfaces/cmake)
[0.356s] -- Found rosidl_generator_c: 3.1.8 (/opt/ros/humble/share/rosidl_generator_c/cmake)
[0.362s] -- Found rosidl_adapter: 3.1.8 (/opt/ros/humble/share/rosidl_adapter/cmake)
[0.376s] -- Found rosidl_generator_cpp: 3.1.8 (/opt/ros/humble/share/rosidl_generator_cpp/cmake)
[0.400s] -- Using all available rosidl_typesupport_c: rosidl_typesupport_fastrtps_c;rosidl_typesupport_introspection_c
[0.430s] -- Using all available rosidl_typesupport_cpp: rosidl_typesupport_fastrtps_cpp;rosidl_typesupport_introspection_cpp
[0.458s] -- Found cv_bridge: 3.2.1 (/opt/ros/humble/share/cv_bridge/cmake)
[0.570s] -- Found camera_info_manager: 3.1.12 (/opt/ros/humble/share/camera_info_manager/cmake)
[7.450s] -- Found rmw_implementation_cmake: 6.1.2 (/opt/ros/humble/share/rmw_implementation_cmake/cmake)
[7.459s] -- Found rmw_fastrtps_cpp: 6.2.10 (/opt/ros/humble/share/rmw_fastrtps_cpp/cmake)
[7.684s] -- Found OpenSSL: /usr/lib/aarch64-linux-gnu/libcrypto.so (found version "3.0.2")  
[7.765s] -- Found FastRTPS: /opt/ros/humble/include  
[7.855s] -- Using RMW implementation 'rmw_fastrtps_cpp' as default
[7.881s] -- Performing Test CMAKE_HAVE_LIBC_PTHREAD
[8.067s] -- Performing Test CMAKE_HAVE_LIBC_PTHREAD - Success
[8.070s] -- Found Threads: TRUE  
[8.273s] -- Found image_transport: 3.1.12 (/opt/ros/humble/share/image_transport/cmake)
[8.372s] -- Found image_publisher: 3.0.9 (/opt/ros/humble/share/image_publisher/cmake)
[8.446s] -- Found OpenCV: /usr (found version "4.8.0") 
[8.446s] -- Found orbbec_camera_msgs: 2.8.6 (/home/lunabotics/TAMU_SEDS_Lunabotics/ros2_ws/install/orbbec_camera_msgs/share/orbbec_camera_msgs/cmake)
[8.489s] -- Found std_srvs: 4.9.1 (/opt/ros/humble/share/std_srvs/cmake)
[8.530s] -- Found tf2: 0.25.20 (/opt/ros/humble/share/tf2/cmake)
[8.543s] -- Found tf2_msgs: 0.25.20 (/opt/ros/humble/share/tf2_msgs/cmake)
[8.674s] -- Found tf2_ros: 0.25.20 (/opt/ros/humble/share/tf2_ros/cmake)
[8.724s] -- Found tf2_sensor_msgs: 0.25.20 (/opt/ros/humble/share/tf2_sensor_msgs/cmake)
[8.749s] -- Found diagnostic_updater: 4.0.6 (/opt/ros/humble/share/diagnostic_updater/cmake)
[8.823s] -- Found PkgConfig: /usr/bin/pkg-config (found version "0.29.2") 
[8.842s] -- ORRBEC Machine : aarch64
[8.842s] 
[8.842s] -- ORRBEC Machine Bits : 64
[8.842s] 
[9.269s] -- Found ament_lint_auto: 0.12.15 (/opt/ros/humble/share/ament_lint_auto/cmake)
[9.428s] -- Configuring done
[10.009s] -- Generating done
[10.142s] -- Build files have been written to: /home/lunabotics/TAMU_SEDS_Lunabotics/ros2_ws/build/orbbec_camera
[10.198s] Invoked command in '/home/lunabotics/TAMU_SEDS_Lunabotics/ros2_ws/build/orbbec_camera' returned '0': AMENT_PREFIX_PATH=/home/lunabotics/TAMU_SEDS_Lunabotics/ros2_ws/install/orbbec_camera_msgs:${AMENT_PREFIX_PATH} CMAKE_PREFIX_PATH=/home/lunabotics/TAMU_SEDS_Lunabotics/ros2_ws/install/orbbec_camera_msgs:/opt/ros/humble LD_LIBRARY_PATH=/home/lunabotics/TAMU_SEDS_Lunabotics/ros2_ws/install/orbbec_camera_msgs/lib:${LD_LIBRARY_PATH} PYTHONPATH=/home/lunabotics/TAMU_SEDS_Lunabotics/ros2_ws/install/orbbec_camera_msgs/local/lib/python3.10/dist-packages:${PYTHONPATH} /home/lunabotics/.local/bin/cmake /home/lunabotics/TAMU_SEDS_Lunabotics/ros2_ws/src/OrbbecSDK_ROS2/orbbec_camera -DCMAKE_BUILD_TYPE=Release -DCMAKE_INSTALL_PREFIX=/home/lunabotics/TAMU_SEDS_Lunabotics/ros2_ws/install/orbbec_camera
[10.202s] Invoking command in '/home/lunabotics/TAMU_SEDS_Lunabotics/ros2_ws/build/orbbec_camera': AMENT_PREFIX_PATH=/home/lunabotics/TAMU_SEDS_Lunabotics/ros2_ws/install/orbbec_camera_msgs:${AMENT_PREFIX_PATH} CMAKE_PREFIX_PATH=/home/lunabotics/TAMU_SEDS_Lunabotics/ros2_ws/install/orbbec_camera_msgs:/opt/ros/humble LD_LIBRARY_PATH=/home/lunabotics/TAMU_SEDS_Lunabotics/ros2_ws/install/orbbec_camera_msgs/lib:${LD_LIBRARY_PATH} PYTHONPATH=/home/lunabotics/TAMU_SEDS_Lunabotics/ros2_ws/install/orbbec_camera_msgs/local/lib/python3.10/dist-packages:${PYTHONPATH} /home/lunabotics/.local/bin/cmake --build /home/lunabotics/TAMU_SEDS_Lunabotics/ros2_ws/build/orbbec_camera -- -j6 -l6
[10.313s] [  2%] [32mBuilding CXX object CMakeFiles/orbbec_camera_node.dir/rclcpp_components/node_main_orbbec_camera_node.cpp.o[0m
[10.313s] [  6%] [32mBuilding CXX object CMakeFiles/start_benchmark_node.dir/rclcpp_components/node_main_start_benchmark_node.cpp.o[0m
[10.313s] [  6%] [32mBuilding CXX object CMakeFiles/frame_latency_node.dir/rclcpp_components/node_main_frame_latency_node.cpp.o[0m
[10.316s] [  8%] [32mBuilding CXX object CMakeFiles/frame_latency.dir/tools/frame_latency.cpp.o[0m
[10.317s] [ 10%] [32mBuilding CXX object CMakeFiles/orbbec_camera.dir/src/d2c_viewer.cpp.o[0m
[10.321s] [ 12%] [32mBuilding CXX object CMakeFiles/start_benchmark.dir/tools/start_benchmark.cpp.o[0m
[19.469s] [ 14%] [32m[1mLinking CXX executable start_benchmark_node[0m
[19.740s] [ 16%] [32m[1mLinking CXX executable frame_latency_node[0m
[19.764s] [ 16%] Built target start_benchmark_node
[19.783s] [ 18%] [32mBuilding CXX object CMakeFiles/multi_save_rgbir.dir/tools/multi_save_rgbir.cpp.o[0m
[19.850s] [ 20%] [32m[1mLinking CXX executable orbbec_camera_node[0m
[20.021s] [ 20%] Built target frame_latency_node
[20.043s] [ 22%] [32mBuilding CXX object CMakeFiles/multi_save_rgbir_node.dir/rclcpp_components/node_main_multi_save_rgbir_node.cpp.o[0m
[20.076s] [ 22%] Built target orbbec_camera_node
[20.083s] [ 24%] [32mBuilding CXX object CMakeFiles/orbbec_camera.dir/src/dynamic_params.cpp.o[0m
[29.479s] [ 26%] [32m[1mLinking CXX executable multi_save_rgbir_node[0m
[29.754s] [ 26%] Built target multi_save_rgbir_node
[29.761s] [ 28%] [32mBuilding CXX object CMakeFiles/orbbec_camera.dir/src/image_publisher.cpp.o[0m
[31.253s] [ 30%] [32mBuilding CXX object CMakeFiles/orbbec_camera.dir/src/frame_timestamp_csv_logger.cpp.o[0m
[46.145s] [ 34%] [32mBuilding CXX object CMakeFiles/orbbec_camera.dir/src/ob_camera_node.cpp.o[0m
[46.149s] [ 34%] [32mBuilding CXX object CMakeFiles/orbbec_camera.dir/src/ob_camera_node_driver.cpp.o[0m
[60.389s] [ 36%] [32mBuilding CXX object CMakeFiles/orbbec_camera.dir/src/ob_lidar_node.cpp.o[0m
[82.058s] [ 38%] [32m[1mLinking CXX shared library libstart_benchmark.so[0m
[84.140s] [ 38%] Built target start_benchmark
[84.148s] [ 40%] [32mBuilding CXX object CMakeFiles/orbbec_camera.dir/src/ros_param_backend.cpp.o[0m
[94.371s] [ 42%] [32mBuilding CXX object CMakeFiles/orbbec_camera.dir/src/ros_service.cpp.o[0m
[100.538s] [ 44%] [32mBuilding CXX object CMakeFiles/multi_save_rgbir.dir/src/utils.cpp.o[0m
[103.184s] [ 46%] [32mBuilding CXX object CMakeFiles/orbbec_camera.dir/src/synced_imu_publisher.cpp.o[0m
[118.527s] [ 48%] [32mBuilding CXX object CMakeFiles/orbbec_camera.dir/src/utils.cpp.o[0m
[120.007s] [ 50%] [32m[1mLinking CXX shared library libframe_latency.so[0m
[122.031s] [ 50%] Built target frame_latency
[122.040s] [ 52%] [32mBuilding CXX object CMakeFiles/orbbec_camera.dir/src/jpeg_decoder.cpp.o[0m
[130.249s] [ 54%] [32m[1mLinking CXX shared library libmulti_save_rgbir.so[0m
[130.983s] [ 54%] Built target multi_save_rgbir
[183.566s] [ 56%] [32m[1mLinking CXX shared library liborbbec_camera.so[0m
[184.669s] [ 56%] Built target orbbec_camera
[184.705s] [ 58%] [32mBuilding CXX object CMakeFiles/list_devices_node.dir/tools/list_devices_node.cpp.o[0m
[184.706s] [ 60%] [32mBuilding CXX object CMakeFiles/list_depth_work_mode_node.dir/tools/list_depth_work_mode.cpp.o[0m
[184.711s] [ 62%] [32mBuilding CXX object CMakeFiles/list_camera_profile_mode_node.dir/tools/list_camera_profile.cpp.o[0m
[184.711s] [ 64%] [32mBuilding CXX object CMakeFiles/ip_config_tool.dir/tools/ip_config_tool.cpp.o[0m
[184.712s] [ 66%] [32mBuilding CXX object CMakeFiles/firmware_update_tool.dir/tools/firmware_update_tool.cpp.o[0m
[184.716s] [ 68%] [32mBuilding CXX object CMakeFiles/set_device_ip.dir/tools/ip_config_tool.cpp.o[0m
[206.472s] [ 70%] [32m[1mLinking CXX executable firmware_update_tool[0m
[207.044s] [ 70%] Built target firmware_update_tool
[207.082s] [ 72%] [32mBuilding CXX object CMakeFiles/topic_statistics_node.dir/tools/topic_statistics.cpp.o[0m
[208.480s] [ 74%] [32m[1mLinking CXX executable list_depth_work_mode_node[0m
[208.842s] [ 74%] Built target list_depth_work_mode_node
[208.904s] [ 76%] [32mBuilding CXX object CMakeFiles/ob_benchmark_node.dir/tools/ob_benchmark.cpp.o[0m
[211.692s] [ 78%] [32m[1mLinking CXX executable list_devices_node[0m
[211.831s] [ 80%] [32m[1mLinking CXX executable ip_config_tool[0m
[212.345s] [ 80%] Built target ip_config_tool
[212.394s] [ 82%] [32mBuilding CXX object CMakeFiles/435le_example_node.dir/examples/Gemini_435Le_example_node/camera_example_node.cpp.o[0m
[213.197s] [ 84%] [32m[1mLinking CXX executable set_device_ip[0m
[213.678s] [ 84%] Built target set_device_ip
[213.720s] [ 86%] [32mBuilding CXX object CMakeFiles/service_benchmark_node.dir/scripts/service_benchmark_node.cpp.o[0m
[213.867s] [ 86%] Built target list_devices_node
[213.931s] [ 88%] [32mBuilding CXX object CMakeFiles/image_sync_example_node.dir/examples/multi_camera_time_sync/image_sync_example_node.cpp.o[0m
[214.113s] [ 90%] [32m[1mLinking CXX executable list_camera_profile_mode_node[0m
[215.448s] [ 90%] Built target list_camera_profile_mode_node
[240.119s] [ 92%] [32m[1mLinking CXX executable ob_benchmark_node[0m
[240.490s] [ 92%] Built target ob_benchmark_node
[245.105s] [ 94%] [32m[1mLinking CXX executable topic_statistics_node[0m
[245.632s] [ 94%] Built target topic_statistics_node
[250.541s] [ 96%] [32m[1mLinking CXX executable 435le_example_node[0m
[251.040s] [ 96%] Built target 435le_example_node
[255.682s] [ 98%] [32m[1mLinking CXX executable image_sync_example_node[0m
[256.008s] /usr/bin/ld: warning: libopencv_imgproc.so.4.5d, needed by /opt/ros/humble/lib/libcv_bridge.so, may conflict with libopencv_imgproc.so.408
[256.009s] /usr/bin/ld: warning: libopencv_core.so.4.5d, needed by /opt/ros/humble/lib/libcv_bridge.so, may conflict with libopencv_core.so.408
[256.960s] [ 98%] Built target image_sync_example_node
[267.206s] [100%] [32m[1mLinking CXX executable service_benchmark_node[0m
[267.647s] [100%] Built target service_benchmark_node
[267.759s] Invoked command in '/home/lunabotics/TAMU_SEDS_Lunabotics/ros2_ws/build/orbbec_camera' returned '0': AMENT_PREFIX_PATH=/home/lunabotics/TAMU_SEDS_Lunabotics/ros2_ws/install/orbbec_camera_msgs:${AMENT_PREFIX_PATH} CMAKE_PREFIX_PATH=/home/lunabotics/TAMU_SEDS_Lunabotics/ros2_ws/install/orbbec_camera_msgs:/opt/ros/humble LD_LIBRARY_PATH=/home/lunabotics/TAMU_SEDS_Lunabotics/ros2_ws/install/orbbec_camera_msgs/lib:${LD_LIBRARY_PATH} PYTHONPATH=/home/lunabotics/TAMU_SEDS_Lunabotics/ros2_ws/install/orbbec_camera_msgs/local/lib/python3.10/dist-packages:${PYTHONPATH} /home/lunabotics/.local/bin/cmake --build /home/lunabotics/TAMU_SEDS_Lunabotics/ros2_ws/build/orbbec_camera -- -j6 -l6
[267.795s] Invoking command in '/home/lunabotics/TAMU_SEDS_Lunabotics/ros2_ws/build/orbbec_camera': AMENT_PREFIX_PATH=/home/lunabotics/TAMU_SEDS_Lunabotics/ros2_ws/install/orbbec_camera_msgs:${AMENT_PREFIX_PATH} CMAKE_PREFIX_PATH=/home/lunabotics/TAMU_SEDS_Lunabotics/ros2_ws/install/orbbec_camera_msgs:/opt/ros/humble LD_LIBRARY_PATH=/home/lunabotics/TAMU_SEDS_Lunabotics/ros2_ws/install/orbbec_camera_msgs/lib:${LD_LIBRARY_PATH} PYTHONPATH=/home/lunabotics/TAMU_SEDS_Lunabotics/ros2_ws/install/orbbec_camera_msgs/local/lib/python3.10/dist-packages:${PYTHONPATH} /home/lunabotics/.local/bin/cmake --install /home/lunabotics/TAMU_SEDS_Lunabotics/ros2_ws/build/orbbec_camera
[267.973s] -- Install configuration: "Release"
[267.975s] -- Installing: /home/lunabotics/TAMU_SEDS_Lunabotics/ros2_ws/install/orbbec_camera/lib/orbbec_camera/orbbec_camera_node
[267.978s] -- Set runtime path of "/home/lunabotics/TAMU_SEDS_Lunabotics/ros2_ws/install/orbbec_camera/lib/orbbec_camera/orbbec_camera_node" to ":/home/lunabotics/TAMU_SEDS_Lunabotics/ros2_ws/src/OrbbecSDK_ROS2/orbbec_camera/SDK/lib/arm64"
[267.978s] -- Installing: /home/lunabotics/TAMU_SEDS_Lunabotics/ros2_ws/install/orbbec_camera/lib/orbbec_camera/common_benchmark_node.py
[267.979s] -- Installing: /home/lunabotics/TAMU_SEDS_Lunabotics/ros2_ws/install/orbbec_camera/lib/orbbec_camera/service_benchmark_node.py
[267.980s] -- Installing: /home/lunabotics/TAMU_SEDS_Lunabotics/ros2_ws/install/orbbec_camera/lib/orbbec_camera/frame_latency_node
[267.983s] -- Set runtime path of "/home/lunabotics/TAMU_SEDS_Lunabotics/ros2_ws/install/orbbec_camera/lib/orbbec_camera/frame_latency_node" to ":/home/lunabotics/TAMU_SEDS_Lunabotics/ros2_ws/src/OrbbecSDK_ROS2/orbbec_camera/SDK/lib/arm64"
[267.983s] -- Installing: /home/lunabotics/TAMU_SEDS_Lunabotics/ros2_ws/install/orbbec_camera/lib/orbbec_camera/start_benchmark_node
[267.985s] -- Set runtime path of "/home/lunabotics/TAMU_SEDS_Lunabotics/ros2_ws/install/orbbec_camera/lib/orbbec_camera/start_benchmark_node" to ":/home/lunabotics/TAMU_SEDS_Lunabotics/ros2_ws/src/OrbbecSDK_ROS2/orbbec_camera/SDK/lib/arm64"
[267.985s] -- Installing: /home/lunabotics/TAMU_SEDS_Lunabotics/ros2_ws/install/orbbec_camera/lib/orbbec_camera/multi_save_rgbir_node
[267.987s] -- Set runtime path of "/home/lunabotics/TAMU_SEDS_Lunabotics/ros2_ws/install/orbbec_camera/lib/orbbec_camera/multi_save_rgbir_node" to ":/home/lunabotics/TAMU_SEDS_Lunabotics/ros2_ws/src/OrbbecSDK_ROS2/orbbec_camera/SDK/lib/arm64"
[267.988s] -- Installing: /home/lunabotics/TAMU_SEDS_Lunabotics/ros2_ws/install/orbbec_camera/lib/liborbbec_camera.so
[268.016s] -- Set runtime path of "/home/lunabotics/TAMU_SEDS_Lunabotics/ros2_ws/install/orbbec_camera/lib/liborbbec_camera.so" to ":/home/lunabotics/TAMU_SEDS_Lunabotics/ros2_ws/src/OrbbecSDK_ROS2/orbbec_camera/SDK/lib/arm64"
[268.017s] -- Installing: /home/lunabotics/TAMU_SEDS_Lunabotics/ros2_ws/install/orbbec_camera/lib/libframe_latency.so
[268.033s] -- Set runtime path of "/home/lunabotics/TAMU_SEDS_Lunabotics/ros2_ws/install/orbbec_camera/lib/libframe_latency.so" to ":/home/lunabotics/TAMU_SEDS_Lunabotics/ros2_ws/src/OrbbecSDK_ROS2/orbbec_camera/SDK/lib/arm64"
[268.034s] -- Installing: /home/lunabotics/TAMU_SEDS_Lunabotics/ros2_ws/install/orbbec_camera/lib/libstart_benchmark.so
[268.059s] -- Set runtime path of "/home/lunabotics/TAMU_SEDS_Lunabotics/ros2_ws/install/orbbec_camera/lib/libstart_benchmark.so" to ":/home/lunabotics/TAMU_SEDS_Lunabotics/ros2_ws/src/OrbbecSDK_ROS2/orbbec_camera/SDK/lib/arm64"
[268.060s] -- Installing: /home/lunabotics/TAMU_SEDS_Lunabotics/ros2_ws/install/orbbec_camera/lib/libmulti_save_rgbir.so
[268.068s] -- Set runtime path of "/home/lunabotics/TAMU_SEDS_Lunabotics/ros2_ws/install/orbbec_camera/lib/libmulti_save_rgbir.so" to ":/home/lunabotics/TAMU_SEDS_Lunabotics/ros2_ws/src/OrbbecSDK_ROS2/orbbec_camera/SDK/lib/arm64"
[268.069s] -- Installing: /home/lunabotics/TAMU_SEDS_Lunabotics/ros2_ws/install/orbbec_camera/include
[268.070s] -- Installing: /home/lunabotics/TAMU_SEDS_Lunabotics/ros2_ws/install/orbbec_camera/include/orbbec_camera
[268.071s] -- Installing: /home/lunabotics/TAMU_SEDS_Lunabotics/ros2_ws/install/orbbec_camera/include/orbbec_camera/fps_delay_status.hpp
[268.071s] -- Installing: /home/lunabotics/TAMU_SEDS_Lunabotics/ros2_ws/install/orbbec_camera/include/orbbec_camera/utils.h
[268.071s] -- Installing: /home/lunabotics/TAMU_SEDS_Lunabotics/ros2_ws/install/orbbec_camera/include/orbbec_camera/ob_camera_node.h
[268.072s] -- Installing: /home/lunabotics/TAMU_SEDS_Lunabotics/ros2_ws/install/orbbec_camera/include/orbbec_camera/ros_param_backend.h
[268.072s] -- Installing: /home/lunabotics/TAMU_SEDS_Lunabotics/ros2_ws/install/orbbec_camera/include/orbbec_camera/d2c_viewer.h
[268.072s] -- Installing: /home/lunabotics/TAMU_SEDS_Lunabotics/ros2_ws/install/orbbec_camera/include/orbbec_camera/dynamic_params.h
[268.073s] -- Installing: /home/lunabotics/TAMU_SEDS_Lunabotics/ros2_ws/install/orbbec_camera/include/orbbec_camera/frame_timestamp_csv_logger.h
[268.073s] -- Installing: /home/lunabotics/TAMU_SEDS_Lunabotics/ros2_ws/install/orbbec_camera/include/orbbec_camera/fps_counter.hpp
[268.073s] -- Installing: /home/lunabotics/TAMU_SEDS_Lunabotics/ros2_ws/install/orbbec_camera/include/orbbec_camera/image_publisher.h
[268.074s] -- Installing: /home/lunabotics/TAMU_SEDS_Lunabotics/ros2_ws/install/orbbec_camera/include/orbbec_camera/ob_lidar_node.h
[268.074s] -- Installing: /home/lunabotics/TAMU_SEDS_Lunabotics/ros2_ws/install/orbbec_camera/include/orbbec_camera/ob_camera_node_driver.h
[268.074s] -- Installing: /home/lunabotics/TAMU_SEDS_Lunabotics/ros2_ws/install/orbbec_camera/include/orbbec_camera/jpeg_decoder.h
[268.075s] -- Installing: /home/lunabotics/TAMU_SEDS_Lunabotics/ros2_ws/install/orbbec_camera/include/orbbec_camera/constants.h
[268.075s] -- Installing: /home/lunabotics/TAMU_SEDS_Lunabotics/ros2_ws/install/orbbec_camera/include/orbbec_camera/synced_imu_publisher.h
[268.075s] -- Installing: /home/lunabotics/TAMU_SEDS_Lunabotics/ros2_ws/install/orbbec_camera/include/orbbec_camera/jetson_nv_decoder.h
[268.076s] -- Installing: /home/lunabotics/TAMU_SEDS_Lunabotics/ros2_ws/install/orbbec_camera/include/orbbec_camera/rk_mpp_decoder.h
[268.076s] -- Installing: /home/lunabotics/TAMU_SEDS_Lunabotics/ros2_ws/install/orbbec_camera/include/magic_enum
[268.077s] -- Installing: /home/lunabotics/TAMU_SEDS_Lunabotics/ros2_ws/install/orbbec_camera/include/magic_enum/magic_enum.hpp
[268.078s] -- Installing: /home/lunabotics/TAMU_SEDS_Lunabotics/ros2_ws/install/orbbec_camera/share/orbbec_camera//launch
[268.079s] -- Installing: /home/lunabotics/TAMU_SEDS_Lunabotics/ros2_ws/install/orbbec_camera/share/orbbec_camera//launch/gemini305_g.launch.py
[268.080s] -- Installing: /home/lunabotics/TAMU_SEDS_Lunabotics/ros2_ws/install/orbbec_camera/share/orbbec_camera//launch/gemini_330_series_low_cpu.launch.py
[268.081s] -- Installing: /home/lunabotics/TAMU_SEDS_Lunabotics/ros2_ws/install/orbbec_camera/share/orbbec_camera//launch/femto_bolt.launch.py
[268.082s] -- Installing: /home/lunabotics/TAMU_SEDS_Lunabotics/ros2_ws/install/orbbec_camera/share/orbbec_camera//launch/gemini345_lg.launch.py
[268.083s] -- Installing: /home/lunabotics/TAMU_SEDS_Lunabotics/ros2_ws/install/orbbec_camera/share/orbbec_camera//launch/dabai_dcw2.launch.py
[268.084s] -- Installing: /home/lunabotics/TAMU_SEDS_Lunabotics/ros2_ws/install/orbbec_camera/share/orbbec_camera//launch/dabai_max_pro.launch.py
[268.085s] -- Installing: /home/lunabotics/TAMU_SEDS_Lunabotics/ros2_ws/install/orbbec_camera/share/orbbec_camera//launch/orbbec_multicamera.launch.py
[268.086s] -- Installing: /home/lunabotics/TAMU_SEDS_Lunabotics/ros2_ws/install/orbbec_camera/share/orbbec_camera//launch/gemini_intra_process_demo_launch.py
[268.087s] -- Installing: /home/lunabotics/TAMU_SEDS_Lunabotics/ros2_ws/install/orbbec_camera/share/orbbec_camera//launch/femto.launch.py
[268.087s] -- Installing: /home/lunabotics/TAMU_SEDS_Lunabotics/ros2_ws/install/orbbec_camera/share/orbbec_camera//launch/gemini210.launch.py
[268.088s] -- Installing: /home/lunabotics/TAMU_SEDS_Lunabotics/ros2_ws/install/orbbec_camera/share/orbbec_camera//launch/dabai_a.launch.py
[268.089s] -- Installing: /home/lunabotics/TAMU_SEDS_Lunabotics/ros2_ws/install/orbbec_camera/share/orbbec_camera//launch/utils_yaml.py
[268.090s] -- Installing: /home/lunabotics/TAMU_SEDS_Lunabotics/ros2_ws/install/orbbec_camera/share/orbbec_camera//launch/lidar.launch.py
[268.091s] -- Installing: /home/lunabotics/TAMU_SEDS_Lunabotics/ros2_ws/install/orbbec_camera/share/orbbec_camera//launch/gemini_330_series.launch.py
[268.093s] -- Installing: /home/lunabotics/TAMU_SEDS_Lunabotics/ros2_ws/install/orbbec_camera/share/orbbec_camera//launch/multi_camera_synced.launch.py
[268.093s] -- Installing: /home/lunabotics/TAMU_SEDS_Lunabotics/ros2_ws/install/orbbec_camera/share/orbbec_camera//launch/gemini2.launch.py
[268.095s] -- Installing: /home/lunabotics/TAMU_SEDS_Lunabotics/ros2_ws/install/orbbec_camera/share/orbbec_camera//launch/astra2.launch.py
[268.096s] -- Installing: /home/lunabotics/TAMU_SEDS_Lunabotics/ros2_ws/install/orbbec_camera/share/orbbec_camera//launch/multi_camera.launch.py
[268.096s] -- Installing: /home/lunabotics/TAMU_SEDS_Lunabotics/ros2_ws/install/orbbec_camera/share/orbbec_camera//launch/multi_lidar.launch.py
[268.097s] -- Installing: /home/lunabotics/TAMU_SEDS_Lunabotics/ros2_ws/install/orbbec_camera/share/orbbec_camera//launch/dabai_al.launch.py
[268.098s] -- Installing: /home/lunabotics/TAMU_SEDS_Lunabotics/ros2_ws/install/orbbec_camera/share/orbbec_camera//launch/astra.launch.py
[268.099s] -- Installing: /home/lunabotics/TAMU_SEDS_Lunabotics/ros2_ws/install/orbbec_camera/share/orbbec_camera//launch/gemini435_le.launch.py
[268.100s] -- Installing: /home/lunabotics/TAMU_SEDS_Lunabotics/ros2_ws/install/orbbec_camera/share/orbbec_camera//launch/orbbec_camera.launch.py
[268.101s] -- Installing: /home/lunabotics/TAMU_SEDS_Lunabotics/ros2_ws/install/orbbec_camera/share/orbbec_camera//launch/gemini345.launch.py
[268.102s] -- Installing: /home/lunabotics/TAMU_SEDS_Lunabotics/ros2_ws/install/orbbec_camera/share/orbbec_camera//launch/gemini305.launch.py
[268.103s] -- Installing: /home/lunabotics/TAMU_SEDS_Lunabotics/ros2_ws/install/orbbec_camera/share/orbbec_camera//launch/gemini2L.launch.py
[268.105s] -- Installing: /home/lunabotics/TAMU_SEDS_Lunabotics/ros2_ws/install/orbbec_camera/share/orbbec_camera//launch/femto_mega.launch.py
[268.106s] -- Installing: /home/lunabotics/TAMU_SEDS_Lunabotics/ros2_ws/install/orbbec_camera/share/orbbec_camera//config
[268.107s] -- Installing: /home/lunabotics/TAMU_SEDS_Lunabotics/ros2_ws/install/orbbec_camera/share/orbbec_camera//config/gemini330_series.yaml
[268.108s] -- Installing: /home/lunabotics/TAMU_SEDS_Lunabotics/ros2_ws/install/orbbec_camera/share/orbbec_camera//config/camera_secondary_params.yaml
[268.109s] -- Installing: /home/lunabotics/TAMU_SEDS_Lunabotics/ros2_ws/install/orbbec_camera/share/orbbec_camera//config/femto.yaml
[268.109s] -- Installing: /home/lunabotics/TAMU_SEDS_Lunabotics/ros2_ws/install/orbbec_camera/share/orbbec_camera//config/gemini2.yaml
[268.110s] -- Installing: /home/lunabotics/TAMU_SEDS_Lunabotics/ros2_ws/install/orbbec_camera/share/orbbec_camera//config/gemini330Lg_series.yaml
[268.111s] -- Installing: /home/lunabotics/TAMU_SEDS_Lunabotics/ros2_ws/install/orbbec_camera/share/orbbec_camera//config/gemini2L.yaml
[268.112s] -- Installing: /home/lunabotics/TAMU_SEDS_Lunabotics/ros2_ws/install/orbbec_camera/share/orbbec_camera//config/femto_mega.yaml
[268.113s] -- Installing: /home/lunabotics/TAMU_SEDS_Lunabotics/ros2_ws/install/orbbec_camera/share/orbbec_camera//config/gemini305_dual_color.yaml
[268.114s] -- Installing: /home/lunabotics/TAMU_SEDS_Lunabotics/ros2_ws/install/orbbec_camera/share/orbbec_camera//config/tools
[268.115s] -- Installing: /home/lunabotics/TAMU_SEDS_Lunabotics/ros2_ws/install/orbbec_camera/share/orbbec_camera//config/tools/multisavergbir
[268.116s] -- Installing: /home/lunabotics/TAMU_SEDS_Lunabotics/ros2_ws/install/orbbec_camera/share/orbbec_camera//config/tools/multisavergbir/multi_save_rgbir_params.json
[268.117s] -- Installing: /home/lunabotics/TAMU_SEDS_Lunabotics/ros2_ws/install/orbbec_camera/share/orbbec_camera//config/tools/startbenchmark
[268.118s] -- Installing: /home/lunabotics/TAMU_SEDS_Lunabotics/ros2_ws/install/orbbec_camera/share/orbbec_camera//config/tools/startbenchmark/start_benchmark_params.json
[268.120s] -- Installing: /home/lunabotics/TAMU_SEDS_Lunabotics/ros2_ws/install/orbbec_camera/share/orbbec_camera//config/gemini2L_dual_ir.yaml
[268.121s] -- Installing: /home/lunabotics/TAMU_SEDS_Lunabotics/ros2_ws/install/orbbec_camera/share/orbbec_camera//config/camera_params.yaml
[268.122s] -- Installing: /home/lunabotics/TAMU_SEDS_Lunabotics/ros2_ws/install/orbbec_camera/share/orbbec_camera//config/.gitkeep
[268.122s] -- Installing: /home/lunabotics/TAMU_SEDS_Lunabotics/ros2_ws/install/orbbec_camera/share/orbbec_camera//config/femto_bolt.yaml
[268.123s] -- Installing: /home/lunabotics/TAMU_SEDS_Lunabotics/ros2_ws/install/orbbec_camera/share/orbbec_camera//config/depthfilter
[268.124s] -- Installing: /home/lunabotics/TAMU_SEDS_Lunabotics/ros2_ws/install/orbbec_camera/share/orbbec_camera//config/depthfilter/Openni_device.json
[268.125s] -- Installing: /home/lunabotics/TAMU_SEDS_Lunabotics/ros2_ws/install/orbbec_camera/share/orbbec_camera//config/depthfilter/Gemini2_v1.7.json
[268.126s] -- Installing: /home/lunabotics/TAMU_SEDS_Lunabotics/ros2_ws/install/orbbec_camera/share/orbbec_camera//config/OrbbecSDKConfig_v2.0.xml
[268.131s] -- Installing: /home/lunabotics/TAMU_SEDS_Lunabotics/ros2_ws/install/orbbec_camera/share/orbbec_camera//config/astra2.yaml
[268.132s] -- Installing: /home/lunabotics/TAMU_SEDS_Lunabotics/ros2_ws/install/orbbec_camera/share/orbbec_camera//config/common.yaml
[268.133s] -- Installing: /home/lunabotics/TAMU_SEDS_Lunabotics/ros2_ws/install/orbbec_camera/share/orbbec_camera//examples
[268.133s] -- Installing: /home/lunabotics/TAMU_SEDS_Lunabotics/ros2_ws/install/orbbec_camera/share/orbbec_camera//examples/multi_camera_synced_verification_tool
[268.135s] -- Installing: /home/lunabotics/TAMU_SEDS_Lunabotics/ros2_ws/install/orbbec_camera/share/orbbec_camera//examples/multi_camera_synced_verification_tool/gemini_synced_verify.launch.py
[268.135s] -- Installing: /home/lunabotics/TAMU_SEDS_Lunabotics/ros2_ws/install/orbbec_camera/share/orbbec_camera//examples/multi_camera_synced_verification_tool/multi_camera_synced_verify.launch.py
[268.137s] -- Installing: /home/lunabotics/TAMU_SEDS_Lunabotics/ros2_ws/install/orbbec_camera/share/orbbec_camera//examples/multi_camera_synced_verification_tool/multicamera_sync
[268.137s] -- Installing: /home/lunabotics/TAMU_SEDS_Lunabotics/ros2_ws/install/orbbec_camera/share/orbbec_camera//examples/multi_camera_synced_verification_tool/multicamera_sync/Python
[268.138s] -- Installing: /home/lunabotics/TAMU_SEDS_Lunabotics/ros2_ws/install/orbbec_camera/share/orbbec_camera//examples/multi_camera_synced_verification_tool/multicamera_sync/Python/script
[268.139s] -- Installing: /home/lunabotics/TAMU_SEDS_Lunabotics/ros2_ws/install/orbbec_camera/share/orbbec_camera//examples/multi_camera_synced_verification_tool/multicamera_sync/Python/script/config_frameMatch-systemTimestamp.py
[268.140s] -- Installing: /home/lunabotics/TAMU_SEDS_Lunabotics/ros2_ws/install/orbbec_camera/share/orbbec_camera//examples/multi_camera_synced_verification_tool/multicamera_sync/Python/script/config_frameMatch_g330.py
[268.141s] -- Installing: /home/lunabotics/TAMU_SEDS_Lunabotics/ros2_ws/install/orbbec_camera/share/orbbec_camera//examples/multi_camera_synced_verification_tool/multicamera_sync/Python/script/config_frameMatch.py
[268.142s] -- Installing: /home/lunabotics/TAMU_SEDS_Lunabotics/ros2_ws/install/orbbec_camera/share/orbbec_camera//examples/multi_camera_synced_verification_tool/multicamera_sync/Python/script/config_frameMatch_Gemini2VL.py
[268.143s] -- Installing: /home/lunabotics/TAMU_SEDS_Lunabotics/ros2_ws/install/orbbec_camera/share/orbbec_camera//examples/multi_camera_synced_verification_tool/multicamera_sync/Python/script/config_frameMatch-Astra2_new.py
[268.144s] -- Installing: /home/lunabotics/TAMU_SEDS_Lunabotics/ros2_ws/install/orbbec_camera/share/orbbec_camera//examples/multi_camera_synced_verification_tool/multicamera_sync/Python/Config.ini
[268.145s] -- Installing: /home/lunabotics/TAMU_SEDS_Lunabotics/ros2_ws/install/orbbec_camera/share/orbbec_camera//examples/multi_camera_synced_verification_tool/multicamera_sync/Python/SyncFramesMain.py
[268.146s] -- Installing: /home/lunabotics/TAMU_SEDS_Lunabotics/ros2_ws/install/orbbec_camera/share/orbbec_camera//examples/multi_camera_synced_verification_tool/multicamera_sync/Python/README.md
[268.146s] -- Installing: /home/lunabotics/TAMU_SEDS_Lunabotics/ros2_ws/install/orbbec_camera/share/orbbec_camera//examples/multi_camera_synced_verification_tool/multicamera_sync/output
[268.147s] -- Installing: /home/lunabotics/TAMU_SEDS_Lunabotics/ros2_ws/install/orbbec_camera/share/orbbec_camera//examples/multi_camera_synced_verification_tool/multicamera_sync/output/20250218102900
[268.147s] -- Installing: /home/lunabotics/TAMU_SEDS_Lunabotics/ros2_ws/install/orbbec_camera/share/orbbec_camera//examples/multi_camera_synced_verification_tool/multicamera_sync/output/20250218102900/TotalModeFrames
[268.148s] -- Installing: /home/lunabotics/TAMU_SEDS_Lunabotics/ros2_ws/install/orbbec_camera/share/orbbec_camera//examples/multi_camera_synced_verification_tool/multicamera_sync/output/20250218102900/TotalModeFrames/SNCP1E5420006D_Index0
[268.149s] -- Installing: /home/lunabotics/TAMU_SEDS_Lunabotics/ros2_ws/install/orbbec_camera/share/orbbec_camera//examples/multi_camera_synced_verification_tool/multicamera_sync/output/20250218102900/TotalModeFrames/SNCP1E5420006D_Index0/color_SNCP1E5420006D_Index0_g1739874543494_f8_s1739874543548_e50_d16_.jpg
[268.152s] -- Installing: /home/lunabotics/TAMU_SEDS_Lunabotics/ros2_ws/install/orbbec_camera/share/orbbec_camera//examples/multi_camera_synced_verification_tool/multicamera_sync/output/20250218102900/TotalModeFrames/SNCP1E5420006D_Index0/ir#left_SNCP1E5420006D_Index0_g1739874543427_f6_s1739874543474_e5000_d16_.jpg
[268.154s] -- Installing: /home/lunabotics/TAMU_SEDS_Lunabotics/ros2_ws/install/orbbec_camera/share/orbbec_camera//examples/multi_camera_synced_verification_tool/multicamera_sync/output/20250218102900/TotalModeFrames/SNCP1E5420006D_Index0/color_SNCP1E5420006D_Index0_g1739874543294_f2_s1739874543359_e50_d16_.jpg
[268.158s] -- Installing: /home/lunabotics/TAMU_SEDS_Lunabotics/ros2_ws/install/orbbec_camera/share/orbbec_camera//examples/multi_camera_synced_verification_tool/multicamera_sync/output/20250218102900/TotalModeFrames/SNCP1E5420006D_Index0/color_SNCP1E5420006D_Index0_g1739874543227_f0_s1739874543327_e50_d16_.jpg
[268.162s] -- Installing: /home/lunabotics/TAMU_SEDS_Lunabotics/ros2_ws/install/orbbec_camera/share/orbbec_camera//examples/multi_camera_synced_verification_tool/multicamera_sync/output/20250218102900/TotalModeFrames/SNCP1E5420006D_Index0/ir#left_SNCP1E5420006D_Index0_g1739874543527_f9_s1739874543627_e5000_d16_.jpg
[268.164s] -- Installing: /home/lunabotics/TAMU_SEDS_Lunabotics/ros2_ws/install/orbbec_camera/share/orbbec_camera//examples/multi_camera_synced_verification_tool/multicamera_sync/output/20250218102900/TotalModeFrames/SNCP1E5420006D_Index0/color_SNCP1E5420006D_Index0_g1739874543427_f6_s1739874543518_e50_d16_.jpg
[268.167s] -- Installing: /home/lunabotics/TAMU_SEDS_Lunabotics/ros2_ws/install/orbbec_camera/share/orbbec_camera//examples/multi_camera_synced_verification_tool/multicamera_sync/output/20250218102900/TotalModeFrames/SNCP1E5420006D_Index0/ir#left_SNCP1E5420006D_Index0_g1739874543227_f0_s1739874543250_e5000_d16_.jpg
[268.169s] -- Installing: /home/lunabotics/TAMU_SEDS_Lunabotics/ros2_ws/install/orbbec_camera/share/orbbec_camera//examples/multi_camera_synced_verification_tool/multicamera_sync/output/20250218102900/TotalModeFrames/SNCP1E5420006D_Index0/ir#left_SNCP1E5420006D_Index0_g1739874543561_f10_s1739874543628_e5000_d16_.jpg
[268.171s] -- Installing: /home/lunabotics/TAMU_SEDS_Lunabotics/ros2_ws/install/orbbec_camera/share/orbbec_camera//examples/multi_camera_synced_verification_tool/multicamera_sync/output/20250218102900/TotalModeFrames/SNCP1E5420006D_Index0/color_SNCP1E5420006D_Index0_g1739874543461_f7_s1739874543520_e50_d16_.jpg
[268.174s] -- Installing: /home/lunabotics/TAMU_SEDS_Lunabotics/ros2_ws/install/orbbec_camera/share/orbbec_camera//examples/multi_camera_synced_verification_tool/multicamera_sync/output/20250218102900/TotalModeFrames/SNCP1E5420006D_Index0/ir#left_SNCP1E5420006D_Index0_g1739874543461_f7_s1739874543493_e5000_d16_.jpg
[268.178s] -- Installing: /home/lunabotics/TAMU_SEDS_Lunabotics/ros2_ws/install/orbbec_camera/share/orbbec_camera//examples/multi_camera_synced_verification_tool/multicamera_sync/output/20250218102900/TotalModeFrames/SNCP1E5420006D_Index0/ir#left_SNCP1E5420006D_Index0_g1739874543394_f5_s1739874543473_e5000_d16_.jpg
[268.180s] -- Installing: /home/lunabotics/TAMU_SEDS_Lunabotics/ros2_ws/install/orbbec_camera/share/orbbec_camera//examples/multi_camera_synced_verification_tool/multicamera_sync/output/20250218102900/TotalModeFrames/SNCP1E5420006D_Index0/color_SNCP1E5420006D_Index0_g1739874543260_f1_s1739874543351_e50_d16_.jpg
[268.183s] -- Installing: /home/lunabotics/TAMU_SEDS_Lunabotics/ros2_ws/install/orbbec_camera/share/orbbec_camera//examples/multi_camera_synced_verification_tool/multicamera_sync/output/20250218102900/TotalModeFrames/SNCP1E5420006D_Index0/color_SNCP1E5420006D_Index0_g1739874543394_f5_s1739874543506_e50_d16_.jpg
[268.187s] -- Installing: /home/lunabotics/TAMU_SEDS_Lunabotics/ros2_ws/install/orbbec_camera/share/orbbec_camera//examples/multi_camera_synced_verification_tool/multicamera_sync/output/20250218102900/TotalModeFrames/SNCP1E5420006D_Index0/ir#left_SNCP1E5420006D_Index0_g1739874543327_f3_s1739874543393_e5000_d16_.jpg
[268.189s] -- Installing: /home/lunabotics/TAMU_SEDS_Lunabotics/ros2_ws/install/orbbec_camera/share/orbbec_camera//examples/multi_camera_synced_verification_tool/multicamera_sync/output/20250218102900/TotalModeFrames/SNCP1E5420006D_Index0/color_SNCP1E5420006D_Index0_g1739874543360_f4_s1739874543442_e50_d16_.jpg
[268.193s] -- Installing: /home/lunabotics/TAMU_SEDS_Lunabotics/ros2_ws/install/orbbec_camera/share/orbbec_camera//examples/multi_camera_synced_verification_tool/multicamera_sync/output/20250218102900/TotalModeFrames/SNCP1E5420006D_Index0/color_SNCP1E5420006D_Index0_g1739874543527_f9_s1739874543603_e50_d16_.jpg
[268.197s] -- Installing: /home/lunabotics/TAMU_SEDS_Lunabotics/ros2_ws/install/orbbec_camera/share/orbbec_camera//examples/multi_camera_synced_verification_tool/multicamera_sync/output/20250218102900/TotalModeFrames/SNCP1E5420006D_Index0/ir#left_SNCP1E5420006D_Index0_g1739874543260_f1_s1739874543310_e5000_d16_.jpg
[268.199s] -- Installing: /home/lunabotics/TAMU_SEDS_Lunabotics/ros2_ws/install/orbbec_camera/share/orbbec_camera//examples/multi_camera_synced_verification_tool/multicamera_sync/output/20250218102900/TotalModeFrames/SNCP1E5420006D_Index0/ir#left_SNCP1E5420006D_Index0_g1739874543361_f4_s1739874543405_e5000_d16_.jpg
[268.201s] -- Installing: /home/lunabotics/TAMU_SEDS_Lunabotics/ros2_ws/install/orbbec_camera/share/orbbec_camera//examples/multi_camera_synced_verification_tool/multicamera_sync/output/20250218102900/TotalModeFrames/SNCP1E5420006D_Index0/ir#left_SNCP1E5420006D_Index0_g1739874543294_f2_s1739874543329_e5000_d16_.jpg
[268.203s] -- Installing: /home/lunabotics/TAMU_SEDS_Lunabotics/ros2_ws/install/orbbec_camera/share/orbbec_camera//examples/multi_camera_synced_verification_tool/multicamera_sync/output/20250218102900/TotalModeFrames/SNCP1E5420006D_Index0/color_SNCP1E5420006D_Index0_g1739874543561_f10_s1739874543648_e50_d16_.jpg
[268.206s] -- Installing: /home/lunabotics/TAMU_SEDS_Lunabotics/ros2_ws/install/orbbec_camera/share/orbbec_camera//examples/multi_camera_synced_verification_tool/multicamera_sync/output/20250218102900/TotalModeFrames/SNCP1E5420006D_Index0/color_SNCP1E5420006D_Index0_g1739874543327_f3_s1739874543441_e50_d16_.jpg
[268.210s] -- Installing: /home/lunabotics/TAMU_SEDS_Lunabotics/ros2_ws/install/orbbec_camera/share/orbbec_camera//examples/multi_camera_synced_verification_tool/multicamera_sync/output/20250218102900/TotalModeFrames/SNCP1E5420006D_Index0/ir#left_SNCP1E5420006D_Index0_g1739874543494_f8_s1739874543528_e5000_d16_.jpg
[268.212s] -- Installing: /home/lunabotics/TAMU_SEDS_Lunabotics/ros2_ws/install/orbbec_camera/share/orbbec_camera//examples/multi_camera_synced_verification_tool/multicamera_sync/output/20250218102900/TotalModeFrames/SNCP1L44P00051_Index1
[268.213s] -- Installing: /home/lunabotics/TAMU_SEDS_Lunabotics/ros2_ws/install/orbbec_camera/share/orbbec_camera//examples/multi_camera_synced_verification_tool/multicamera_sync/output/20250218102900/TotalModeFrames/SNCP1L44P00051_Index1/color_SNCP1L44P00051_Index1_g1739874543327_f3_s1739874543458_e50_d16_.jpg
[268.217s] -- Installing: /home/lunabotics/TAMU_SEDS_Lunabotics/ros2_ws/install/orbbec_camera/share/orbbec_camera//examples/multi_camera_synced_verification_tool/multicamera_sync/output/20250218102900/TotalModeFrames/SNCP1L44P00051_Index1/ir#left_SNCP1L44P00051_Index1_g1739874543427_f6_s1739874543684_e5000_d16_.jpg
[268.219s] -- Installing: /home/lunabotics/TAMU_SEDS_Lunabotics/ros2_ws/install/orbbec_camera/share/orbbec_camera//examples/multi_camera_synced_verification_tool/multicamera_sync/output/20250218102900/TotalModeFrames/SNCP1L44P00051_Index1/ir#left_SNCP1L44P00051_Index1_g1739874543460_f7_s1739874543685_e5000_d16_.jpg
[268.221s] -- Installing: /home/lunabotics/TAMU_SEDS_Lunabotics/ros2_ws/install/orbbec_camera/share/orbbec_camera//examples/multi_camera_synced_verification_tool/multicamera_sync/output/20250218102900/TotalModeFrames/SNCP1L44P00051_Index1/color_SNCP1L44P00051_Index1_g1739874543427_f6_s1739874543485_e50_d16_.jpg
[268.225s] -- Installing: /home/lunabotics/TAMU_SEDS_Lunabotics/ros2_ws/install/orbbec_camera/share/orbbec_camera//examples/multi_camera_synced_verification_tool/multicamera_sync/output/20250218102900/TotalModeFrames/SNCP1L44P00051_Index1/color_SNCP1L44P00051_Index1_g1739874543393_f5_s1739874543470_e50_d16_.jpg
[268.228s] -- Installing: /home/lunabotics/TAMU_SEDS_Lunabotics/ros2_ws/install/orbbec_camera/share/orbbec_camera//examples/multi_camera_synced_verification_tool/multicamera_sync/output/20250218102900/TotalModeFrames/SNCP1L44P00051_Index1/color_SNCP1L44P00051_Index1_g1739874543560_f10_s1739874543618_e50_d16_.jpg
[268.232s] -- Installing: /home/lunabotics/TAMU_SEDS_Lunabotics/ros2_ws/install/orbbec_camera/share/orbbec_camera//examples/multi_camera_synced_verification_tool/multicamera_sync/output/20250218102900/TotalModeFrames/SNCP1L44P00051_Index1/ir#left_SNCP1L44P00051_Index1_g1739874543294_f2_s1739874543319_e5000_d16_.jpg
[268.235s] -- Installing: /home/lunabotics/TAMU_SEDS_Lunabotics/ros2_ws/install/orbbec_camera/share/orbbec_camera//examples/multi_camera_synced_verification_tool/multicamera_sync/output/20250218102900/TotalModeFrames/SNCP1L44P00051_Index1/ir#left_SNCP1L44P00051_Index1_g1739874543260_f1_s1739874543294_e5000_d16_.jpg
[268.236s] -- Installing: /home/lunabotics/TAMU_SEDS_Lunabotics/ros2_ws/install/orbbec_camera/share/orbbec_camera//examples/multi_camera_synced_verification_tool/multicamera_sync/output/20250218102900/TotalModeFrames/SNCP1L44P00051_Index1/color_SNCP1L44P00051_Index1_g1739874543460_f7_s1739874543505_e50_d16_.jpg
[268.240s] -- Installing: /home/lunabotics/TAMU_SEDS_Lunabotics/ros2_ws/install/orbbec_camera/share/orbbec_camera//examples/multi_camera_synced_verification_tool/multicamera_sync/output/20250218102900/TotalModeFrames/SNCP1L44P00051_Index1/ir#left_SNCP1L44P00051_Index1_g1739874543327_f3_s1739874543460_e5000_d16_.jpg
[268.242s] -- Installing: /home/lunabotics/TAMU_SEDS_Lunabotics/ros2_ws/install/orbbec_camera/share/orbbec_camera//examples/multi_camera_synced_verification_tool/multicamera_sync/output/20250218102900/TotalModeFrames/SNCP1L44P00051_Index1/ir#left_SNCP1L44P00051_Index1_g1739874543360_f4_s1739874543460_e5000_d16_.jpg
[268.244s] -- Installing: /home/lunabotics/TAMU_SEDS_Lunabotics/ros2_ws/install/orbbec_camera/share/orbbec_camera//examples/multi_camera_synced_verification_tool/multicamera_sync/output/20250218102900/TotalModeFrames/SNCP1L44P00051_Index1/ir#left_SNCP1L44P00051_Index1_g1739874543394_f5_s1739874543661_e5000_d16_.jpg
[268.246s] -- Installing: /home/lunabotics/TAMU_SEDS_Lunabotics/ros2_ws/install/orbbec_camera/share/orbbec_camera//examples/multi_camera_synced_verification_tool/multicamera_sync/output/20250218102900/TotalModeFrames/SNCP1L44P00051_Index1/ir#left_SNCP1L44P00051_Index1_g1739874543494_f8_s1739874543687_e5000_d16_.jpg
[268.248s] -- Installing: /home/lunabotics/TAMU_SEDS_Lunabotics/ros2_ws/install/orbbec_camera/share/orbbec_camera//examples/multi_camera_synced_verification_tool/multicamera_sync/output/20250218102900/TotalModeFrames/SNCP1L44P00051_Index1/color_SNCP1L44P00051_Index1_g1739874543494_f8_s1739874543540_e50_d16_.jpg
[268.253s] -- Installing: /home/lunabotics/TAMU_SEDS_Lunabotics/ros2_ws/install/orbbec_camera/share/orbbec_camera//examples/multi_camera_synced_verification_tool/multicamera_sync/output/20250218102900/TotalModeFrames/SNCP1L44P00051_Index1/ir#left_SNCP1L44P00051_Index1_g1739874543527_f10_s1739874543687_e5000_d16_.jpg
[268.255s] -- Installing: /home/lunabotics/TAMU_SEDS_Lunabotics/ros2_ws/install/orbbec_camera/share/orbbec_camera//examples/multi_camera_synced_verification_tool/multicamera_sync/output/20250218102900/TotalModeFrames/SNCP1L44P00051_Index1/ir#left_SNCP1L44P00051_Index1_g1739874543227_f0_s1739874543250_e5000_d16_.jpg
[268.257s] -- Installing: /home/lunabotics/TAMU_SEDS_Lunabotics/ros2_ws/install/orbbec_camera/share/orbbec_camera//examples/multi_camera_synced_verification_tool/multicamera_sync/output/20250218102900/TotalModeFrames/SNCP1L44P00051_Index1/color_SNCP1L44P00051_Index1_g1739874543227_f0_s1739874543304_e50_d16_.jpg
[268.260s] -- Installing: /home/lunabotics/TAMU_SEDS_Lunabotics/ros2_ws/install/orbbec_camera/share/orbbec_camera//examples/multi_camera_synced_verification_tool/multicamera_sync/output/20250218102900/TotalModeFrames/SNCP1L44P00051_Index1/color_SNCP1L44P00051_Index1_g1739874543360_f4_s1739874543468_e50_d16_.jpg
[268.264s] -- Installing: /home/lunabotics/TAMU_SEDS_Lunabotics/ros2_ws/install/orbbec_camera/share/orbbec_camera//examples/multi_camera_synced_verification_tool/multicamera_sync/output/20250218102900/TotalModeFrames/SNCP1L44P00051_Index1/color_SNCP1L44P00051_Index1_g1739874543260_f1_s1739874543345_e50_d16_.jpg
[268.268s] -- Installing: /home/lunabotics/TAMU_SEDS_Lunabotics/ros2_ws/install/orbbec_camera/share/orbbec_camera//examples/multi_camera_synced_verification_tool/multicamera_sync/output/20250218102900/TotalModeFrames/SNCP1L44P00051_Index1/color_SNCP1L44P00051_Index1_g1739874543293_f2_s1739874543446_e50_d16_.jpg
[268.272s] -- Installing: /home/lunabotics/TAMU_SEDS_Lunabotics/ros2_ws/install/orbbec_camera/share/orbbec_camera//examples/multi_camera_synced_verification_tool/multicamera_sync/output/20250218102900/TotalModeFrames/SNCP1L44P00051_Index1/ir#left_SNCP1L44P00051_Index1_g1739874543560_f11_s1739874543687_e5000_d16_.jpg
[268.274s] -- Installing: /home/lunabotics/TAMU_SEDS_Lunabotics/ros2_ws/install/orbbec_camera/share/orbbec_camera//examples/multi_camera_synced_verification_tool/multicamera_sync/output/20250218102900/TotalModeFrames/SNCP1L44P00051_Index1/color_SNCP1L44P00051_Index1_g1739874543527_f9_s1739874543616_e50_d16_.jpg
[268.278s] -- Installing: /home/lunabotics/TAMU_SEDS_Lunabotics/ros2_ws/install/orbbec_camera/share/orbbec_camera//examples/multi_camera_synced_verification_tool/multicamera_sync/output/20250218102900/DevicesInfo.txt
[268.279s] -- Installing: /home/lunabotics/TAMU_SEDS_Lunabotics/ros2_ws/install/orbbec_camera/share/orbbec_camera//examples/multi_camera_synced_verification_tool/multicamera_sync/output/20250218102900/results-2025-02-25_163648
[268.280s] -- Installing: /home/lunabotics/TAMU_SEDS_Lunabotics/ros2_ws/install/orbbec_camera/share/orbbec_camera//examples/multi_camera_synced_verification_tool/multicamera_sync/output/20250218102900/results-2025-02-25_163648/matchFrames
[268.281s] -- Installing: /home/lunabotics/TAMU_SEDS_Lunabotics/ros2_ws/install/orbbec_camera/share/orbbec_camera//examples/multi_camera_synced_verification_tool/multicamera_sync/output/20250218102900/results-2025-02-25_163648/matchFrames/3_ir_left_SNCP1E5420006D_Index0_1739874543260_[0].jpg
[268.283s] -- Installing: /home/lunabotics/TAMU_SEDS_Lunabotics/ros2_ws/install/orbbec_camera/share/orbbec_camera//examples/multi_camera_synced_verification_tool/multicamera_sync/output/20250218102900/results-2025-02-25_163648/matchFrames/4_color_SNCP1E5420006D_Index0_1739874543360_[0].jpg
[268.287s] -- Installing: /home/lunabotics/TAMU_SEDS_Lunabotics/ros2_ws/install/orbbec_camera/share/orbbec_camera//examples/multi_camera_synced_verification_tool/multicamera_sync/output/20250218102900/results-2025-02-25_163648/matchFrames/10_color_SNCP1E5420006D_Index0_1739874543227_[0].jpg
[268.291s] -- Installing: /home/lunabotics/TAMU_SEDS_Lunabotics/ros2_ws/install/orbbec_camera/share/orbbec_camera//examples/multi_camera_synced_verification_tool/multicamera_sync/output/20250218102900/results-2025-02-25_163648/matchFrames/8_color_SNCP1L44P00051_Index1_1739874543293_[0].jpg
[268.296s] -- Installing: /home/lunabotics/TAMU_SEDS_Lunabotics/ros2_ws/install/orbbec_camera/share/orbbec_camera//examples/multi_camera_synced_verification_tool/multicamera_sync/output/20250218102900/results-2025-02-25_163648/matchFrames/6_ir_left_SNCP1L44P00051_Index1_1739874543560_[0].jpg
[268.298s] -- Installing: /home/lunabotics/TAMU_SEDS_Lunabotics/ros2_ws/install/orbbec_camera/share/orbbec_camera//examples/multi_camera_synced_verification_tool/multicamera_sync/output/20250218102900/results-2025-02-25_163648/matchFrames/8_ir_left_SNCP1E5420006D_Index0_1739874543294_[1].jpg
[268.300s] -- Installing: /home/lunabotics/TAMU_SEDS_Lunabotics/ros2_ws/install/orbbec_camera/share/orbbec_camera//examples/multi_camera_synced_verification_tool/multicamera_sync/output/20250218102900/results-2025-02-25_163648/matchFrames/10_ir_left_SNCP1E5420006D_Index0_1739874543227_[0].jpg
[268.302s] -- Installing: /home/lunabotics/TAMU_SEDS_Lunabotics/ros2_ws/install/orbbec_camera/share/orbbec_camera//examples/multi_camera_synced_verification_tool/multicamera_sync/output/20250218102900/results-2025-02-25_163648/matchFrames/3_ir_left_SNCP1L44P00051_Index1_1739874543260_[0].jpg
[268.304s] -- Installing: /home/lunabotics/TAMU_SEDS_Lunabotics/ros2_ws/install/orbbec_camera/share/orbbec_camera//examples/multi_camera_synced_verification_tool/multicamera_sync/output/20250218102900/results-2025-02-25_163648/matchFrames/1_color_SNCP1E5420006D_Index0_1739874543494_[0].jpg
[268.308s] -- Installing: /home/lunabotics/TAMU_SEDS_Lunabotics/ros2_ws/install/orbbec_camera/share/orbbec_camera//examples/multi_camera_synced_verification_tool/multicamera_sync/output/20250218102900/results-2025-02-25_163648/matchFrames/9_color_SNCP1E5420006D_Index0_1739874543394_[1].jpg
[268.312s] -- Installing: /home/lunabotics/TAMU_SEDS_Lunabotics/ros2_ws/install/orbbec_camera/share/orbbec_camera//examples/multi_camera_synced_verification_tool/multicamera_sync/output/20250218102900/results-2025-02-25_163648/matchFrames/3_color_SNCP1L44P00051_Index1_1739874543260_[0].jpg
[268.316s] -- Installing: /home/lunabotics/TAMU_SEDS_Lunabotics/ros2_ws/install/orbbec_camera/share/orbbec_camera//examples/multi_camera_synced_verification_tool/multicamera_sync/output/20250218102900/results-2025-02-25_163648/matchFrames/2_color_SNCP1L44P00051_Index1_1739874543460_[0].jpg
[268.320s] -- Installing: /home/lunabotics/TAMU_SEDS_Lunabotics/ros2_ws/install/orbbec_camera/share/orbbec_camera//examples/multi_camera_synced_verification_tool/multicamera_sync/output/20250218102900/results-2025-02-25_163648/matchFrames/6_color_SNCP1E5420006D_Index0_1739874543561_[1].jpg
[268.323s] -- Installing: /home/lunabotics/TAMU_SEDS_Lunabotics/ros2_ws/install/orbbec_camera/share/orbbec_camera//examples/multi_camera_synced_verification_tool/multicamera_sync/output/20250218102900/results-2025-02-25_163648/matchFrames/9_ir_left_SNCP1E5420006D_Index0_1739874543394_[1].jpg
[268.325s] -- Installing: /home/lunabotics/TAMU_SEDS_Lunabotics/ros2_ws/install/orbbec_camera/share/orbbec_camera//examples/multi_camera_synced_verification_tool/multicamera_sync/output/20250218102900/results-2025-02-25_163648/matchFrames/7_color_SNCP1E5420006D_Index0_1739874543427_[0].jpg
[268.329s] -- Installing: /home/lunabotics/TAMU_SEDS_Lunabotics/ros2_ws/install/orbbec_camera/share/orbbec_camera//examples/multi_camera_synced_verification_tool/multicamera_sync/output/20250218102900/results-2025-02-25_163648/matchFrames/2_ir_left_SNCP1E5420006D_Index0_1739874543461_[1].jpg
[268.331s] -- Installing: /home/lunabotics/TAMU_SEDS_Lunabotics/ros2_ws/install/orbbec_camera/share/orbbec_camera//examples/multi_camera_synced_verification_tool/multicamera_sync/output/20250218102900/results-2025-02-25_163648/matchFrames/10_ir_left_SNCP1L44P00051_Index1_1739874543227_[0].jpg
[268.333s] -- Installing: /home/lunabotics/TAMU_SEDS_Lunabotics/ros2_ws/install/orbbec_camera/share/orbbec_camera//examples/multi_camera_synced_verification_tool/multicamera_sync/output/20250218102900/results-2025-02-25_163648/matchFrames/0_ir_left_SNCP1L44P00051_Index1_1739874543527_[0].jpg
[268.335s] -- Installing: /home/lunabotics/TAMU_SEDS_Lunabotics/ros2_ws/install/orbbec_camera/share/orbbec_camera//examples/multi_camera_synced_verification_tool/multicamera_sync/output/20250218102900/results-2025-02-25_163648/matchFrames/7_color_SNCP1L44P00051_Index1_1739874543427_[0].jpg
[268.338s] -- Installing: /home/lunabotics/TAMU_SEDS_Lunabotics/ros2_ws/install/orbbec_camera/share/orbbec_camera//examples/multi_camera_synced_verification_tool/multicamera_sync/output/20250218102900/results-2025-02-25_163648/matchFrames/5_ir_left_SNCP1L44P00051_Index1_1739874543327_[0].jpg
[268.340s] -- Installing: /home/lunabotics/TAMU_SEDS_Lunabotics/ros2_ws/install/orbbec_camera/share/orbbec_camera//examples/multi_camera_synced_verification_tool/multicamera_sync/output/20250218102900/results-2025-02-25_163648/matchFrames/9_ir_left_SNCP1L44P00051_Index1_1739874543394_[1].jpg
[268.342s] -- Installing: /home/lunabotics/TAMU_SEDS_Lunabotics/ros2_ws/install/orbbec_camera/share/orbbec_camera//examples/multi_camera_synced_verification_tool/multicamera_sync/output/20250218102900/results-2025-02-25_163648/matchFrames/0_ir_left_SNCP1E5420006D_Index0_1739874543527_[0].jpg
[268.344s] -- Installing: /home/lunabotics/TAMU_SEDS_Lunabotics/ros2_ws/install/orbbec_camera/share/orbbec_camera//examples/multi_camera_synced_verification_tool/multicamera_sync/output/20250218102900/results-2025-02-25_163648/matchFrames/5_color_SNCP1L44P00051_Index1_1739874543327_[0].jpg
[268.349s] -- Installing: /home/lunabotics/TAMU_SEDS_Lunabotics/ros2_ws/install/orbbec_camera/share/orbbec_camera//examples/multi_camera_synced_verification_tool/multicamera_sync/output/20250218102900/results-2025-02-25_163648/matchFrames/1_ir_left_SNCP1E5420006D_Index0_1739874543494_[0].jpg
[268.351s] -- Installing: /home/lunabotics/TAMU_SEDS_Lunabotics/ros2_ws/install/orbbec_camera/share/orbbec_camera//examples/multi_camera_synced_verification_tool/multicamera_sync/output/20250218102900/results-2025-02-25_163648/matchFrames/4_ir_left_SNCP1L44P00051_Index1_1739874543360_[0].jpg
[268.352s] -- Installing: /home/lunabotics/TAMU_SEDS_Lunabotics/ros2_ws/install/orbbec_camera/share/orbbec_camera//examples/multi_camera_synced_verification_tool/multicamera_sync/output/20250218102900/results-2025-02-25_163648/matchFrames/1_ir_left_SNCP1L44P00051_Index1_1739874543494_[0].jpg
[268.354s] -- Installing: /home/lunabotics/TAMU_SEDS_Lunabotics/ros2_ws/install/orbbec_camera/share/orbbec_camera//examples/multi_camera_synced_verification_tool/multicamera_sync/output/20250218102900/results-2025-02-25_163648/matchFrames/0_color_SNCP1E5420006D_Index0_1739874543527_[0].jpg
[268.358s] -- Installing: /home/lunabotics/TAMU_SEDS_Lunabotics/ros2_ws/install/orbbec_camera/share/orbbec_camera//examples/multi_camera_synced_verification_tool/multicamera_sync/output/20250218102900/results-2025-02-25_163648/matchFrames/4_color_SNCP1L44P00051_Index1_1739874543360_[0].jpg
[268.362s] -- Installing: /home/lunabotics/TAMU_SEDS_Lunabotics/ros2_ws/install/orbbec_camera/share/orbbec_camera//examples/multi_camera_synced_verification_tool/multicamera_sync/output/20250218102900/results-2025-02-25_163648/matchFrames/1_color_SNCP1L44P00051_Index1_1739874543494_[0].jpg
[268.366s] -- Installing: /home/lunabotics/TAMU_SEDS_Lunabotics/ros2_ws/install/orbbec_camera/share/orbbec_camera//examples/multi_camera_synced_verification_tool/multicamera_sync/output/20250218102900/results-2025-02-25_163648/matchFrames/2_ir_left_SNCP1L44P00051_Index1_1739874543460_[0].jpg
[268.368s] -- Installing: /home/lunabotics/TAMU_SEDS_Lunabotics/ros2_ws/install/orbbec_camera/share/orbbec_camera//examples/multi_camera_synced_verification_tool/multicamera_sync/output/20250218102900/results-2025-02-25_163648/matchFrames/5_color_SNCP1E5420006D_Index0_1739874543327_[0].jpg
[268.371s] -- Installing: /home/lunabotics/TAMU_SEDS_Lunabotics/ros2_ws/install/orbbec_camera/share/orbbec_camera//examples/multi_camera_synced_verification_tool/multicamera_sync/output/20250218102900/results-2025-02-25_163648/matchFrames/3_color_SNCP1E5420006D_Index0_1739874543260_[0].jpg
[268.375s] -- Installing: /home/lunabotics/TAMU_SEDS_Lunabotics/ros2_ws/install/orbbec_camera/share/orbbec_camera//examples/multi_camera_synced_verification_tool/multicamera_sync/output/20250218102900/results-2025-02-25_163648/matchFrames/7_ir_left_SNCP1E5420006D_Index0_1739874543427_[0].jpg
[268.377s] -- Installing: /home/lunabotics/TAMU_SEDS_Lunabotics/ros2_ws/install/orbbec_camera/share/orbbec_camera//examples/multi_camera_synced_verification_tool/multicamera_sync/output/20250218102900/results-2025-02-25_163648/matchFrames/4_ir_left_SNCP1E5420006D_Index0_1739874543361_[1].jpg
[268.379s] -- Installing: /home/lunabotics/TAMU_SEDS_Lunabotics/ros2_ws/install/orbbec_camera/share/orbbec_camera//examples/multi_camera_synced_verification_tool/multicamera_sync/output/20250218102900/results-2025-02-25_163648/matchFrames/10_color_SNCP1L44P00051_Index1_1739874543227_[0].jpg
[268.384s] -- Installing: /home/lunabotics/TAMU_SEDS_Lunabotics/ros2_ws/install/orbbec_camera/share/orbbec_camera//examples/multi_camera_synced_verification_tool/multicamera_sync/output/20250218102900/results-2025-02-25_163648/matchFrames/2_color_SNCP1E5420006D_Index0_1739874543461_[1].jpg
[268.388s] -- Installing: /home/lunabotics/TAMU_SEDS_Lunabotics/ros2_ws/install/orbbec_camera/share/orbbec_camera//examples/multi_camera_synced_verification_tool/multicamera_sync/output/20250218102900/results-2025-02-25_163648/matchFrames/5_ir_left_SNCP1E5420006D_Index0_1739874543327_[0].jpg
[268.390s] -- Installing: /home/lunabotics/TAMU_SEDS_Lunabotics/ros2_ws/install/orbbec_camera/share/orbbec_camera//examples/multi_camera_synced_verification_tool/multicamera_sync/output/20250218102900/results-2025-02-25_163648/matchFrames/9_color_SNCP1L44P00051_Index1_1739874543393_[0].jpg
[268.394s] -- Installing: /home/lunabotics/TAMU_SEDS_Lunabotics/ros2_ws/install/orbbec_camera/share/orbbec_camera//examples/multi_camera_synced_verification_tool/multicamera_sync/output/20250218102900/results-2025-02-25_163648/matchFrames/0_color_SNCP1L44P00051_Index1_1739874543527_[0].jpg
[268.398s] -- Installing: /home/lunabotics/TAMU_SEDS_Lunabotics/ros2_ws/install/orbbec_camera/share/orbbec_camera//examples/multi_camera_synced_verification_tool/multicamera_sync/output/20250218102900/results-2025-02-25_163648/matchFrames/6_ir_left_SNCP1E5420006D_Index0_1739874543561_[1].jpg
[268.399s] -- Installing: /home/lunabotics/TAMU_SEDS_Lunabotics/ros2_ws/install/orbbec_camera/share/orbbec_camera//examples/multi_camera_synced_verification_tool/multicamera_sync/output/20250218102900/results-2025-02-25_163648/matchFrames/7_ir_left_SNCP1L44P00051_Index1_1739874543427_[0].jpg
[268.401s] -- Installing: /home/lunabotics/TAMU_SEDS_Lunabotics/ros2_ws/install/orbbec_camera/share/orbbec_camera//examples/multi_camera_synced_verification_tool/multicamera_sync/output/20250218102900/results-2025-02-25_163648/matchFrames/8_ir_left_SNCP1L44P00051_Index1_1739874543294_[1].jpg
[268.404s] -- Installing: /home/lunabotics/TAMU_SEDS_Lunabotics/ros2_ws/install/orbbec_camera/share/orbbec_camera//examples/multi_camera_synced_verification_tool/multicamera_sync/output/20250218102900/results-2025-02-25_163648/matchFrames/6_color_SNCP1L44P00051_Index1_1739874543560_[0].jpg
[268.408s] -- Installing: /home/lunabotics/TAMU_SEDS_Lunabotics/ros2_ws/install/orbbec_camera/share/orbbec_camera//examples/multi_camera_synced_verification_tool/multicamera_sync/output/20250218102900/results-2025-02-25_163648/matchFrames/8_color_SNCP1E5420006D_Index0_1739874543294_[1].jpg
[268.411s] -- Installing: /home/lunabotics/TAMU_SEDS_Lunabotics/ros2_ws/install/orbbec_camera/share/orbbec_camera//examples/multi_camera_synced_verification_tool/multicamera_sync/output/20250218102900/results-2025-02-25_163648/frameMatchLog.txt
[268.413s] -- Installing: /home/lunabotics/TAMU_SEDS_Lunabotics/ros2_ws/install/orbbec_camera/share/orbbec_camera//examples/multi_camera_synced_verification_tool/multicamera_sync/output/20250218102900/StreamProfileInfo.txt
[268.413s] -- Installing: /home/lunabotics/TAMU_SEDS_Lunabotics/ros2_ws/install/orbbec_camera/share/orbbec_camera//examples/multi_camera_synced_verification_tool/gemini_330_series_synced_verify.launch.py
[268.415s] -- Installing: /home/lunabotics/TAMU_SEDS_Lunabotics/ros2_ws/install/orbbec_camera/share/orbbec_camera//examples/multi_camera_time_sync
[268.415s] -- Installing: /home/lunabotics/TAMU_SEDS_Lunabotics/ros2_ws/install/orbbec_camera/share/orbbec_camera//examples/multi_camera_time_sync/image_sync_example_node.cpp
[268.415s] -- Installing: /home/lunabotics/TAMU_SEDS_Lunabotics/ros2_ws/install/orbbec_camera/share/orbbec_camera//examples/Gemini_435Le_example_node
[268.416s] -- Installing: /home/lunabotics/TAMU_SEDS_Lunabotics/ros2_ws/install/orbbec_camera/share/orbbec_camera//examples/Gemini_435Le_example_node/README.MD
[268.416s] -- Installing: /home/lunabotics/TAMU_SEDS_Lunabotics/ros2_ws/install/orbbec_camera/share/orbbec_camera//examples/Gemini_435Le_example_node/camera_example_node.cpp
[268.417s] -- Installing: /home/lunabotics/TAMU_SEDS_Lunabotics/ros2_ws/install/orbbec_camera/share/orbbec_camera//examples/README.MD
[268.417s] -- Installing: /home/lunabotics/TAMU_SEDS_Lunabotics/ros2_ws/install/orbbec_camera/share/orbbec_camera//examples/benchmark
[268.418s] -- Installing: /home/lunabotics/TAMU_SEDS_Lunabotics/ros2_ws/install/orbbec_camera/share/orbbec_camera//examples/benchmark/ob_benchmark_1.launch.py
[268.422s] -- Installing: /home/lunabotics/TAMU_SEDS_Lunabotics/ros2_ws/install/orbbec_camera/share/orbbec_camera//examples/benchmark/ob_benchmark_0.launch.py
[268.423s] -- Installing: /home/lunabotics/TAMU_SEDS_Lunabotics/ros2_ws/install/orbbec_camera/share/orbbec_camera//examples/benchmark/gemini_330_series_benchmark.launch.py
[268.424s] -- Installing: /home/lunabotics/TAMU_SEDS_Lunabotics/ros2_ws/install/orbbec_camera/share/orbbec_camera//examples/lower_cpu_usage
[268.424s] -- Installing: /home/lunabotics/TAMU_SEDS_Lunabotics/ros2_ws/install/orbbec_camera/share/orbbec_camera//examples/lower_cpu_usage/multi_camera_lower_cpu_usage.launch.py
[268.425s] -- Installing: /home/lunabotics/TAMU_SEDS_Lunabotics/ros2_ws/install/orbbec_camera/share/orbbec_camera//examples/lower_cpu_usage/gemini_330_series_lower_cpu_usage.launch.py
[268.426s] -- Installing: /home/lunabotics/TAMU_SEDS_Lunabotics/ros2_ws/install/orbbec_camera/share/orbbec_camera//examples/gmsl_camera
[268.427s] -- Installing: /home/lunabotics/TAMU_SEDS_Lunabotics/ros2_ws/install/orbbec_camera/share/orbbec_camera//examples/gmsl_camera/gemini_330_gmsl.launch.py
[268.428s] -- Installing: /home/lunabotics/TAMU_SEDS_Lunabotics/ros2_ws/install/orbbec_camera/share/orbbec_camera//examples/gmsl_camera/multi_gmsl_camera.launch.py
[268.429s] -- Installing: /home/lunabotics/TAMU_SEDS_Lunabotics/ros2_ws/install/orbbec_camera/share/orbbec_camera//examples/gmsl_camera/multi_gmsl_camera_synced.launch.py
[268.429s] -- Installing: /home/lunabotics/TAMU_SEDS_Lunabotics/ros2_ws/install/orbbec_camera/share/orbbec_camera//examples/net_camera
[268.430s] -- Installing: /home/lunabotics/TAMU_SEDS_Lunabotics/ros2_ws/install/orbbec_camera/share/orbbec_camera//examples/net_camera/multi_net_camera.launch.py
[268.431s] -- Up-to-date: /home/lunabotics/TAMU_SEDS_Lunabotics/ros2_ws/install/orbbec_camera/include
[268.431s] -- Installing: /home/lunabotics/TAMU_SEDS_Lunabotics/ros2_ws/install/orbbec_camera/include/libobsensor
[268.431s] -- Installing: /home/lunabotics/TAMU_SEDS_Lunabotics/ros2_ws/install/orbbec_camera/include/libobsensor/ObSensor.h
[268.432s] -- Installing: /home/lunabotics/TAMU_SEDS_Lunabotics/ros2_ws/install/orbbec_camera/include/libobsensor/ObSensor.hpp
[268.432s] -- Installing: /home/lunabotics/TAMU_SEDS_Lunabotics/ros2_ws/install/orbbec_camera/include/libobsensor/hpp
[268.432s] -- Installing: /home/lunabotics/TAMU_SEDS_Lunabotics/ros2_ws/install/orbbec_camera/include/libobsensor/hpp/TypeHelper.hpp
[268.433s] -- Installing: /home/lunabotics/TAMU_SEDS_Lunabotics/ros2_ws/install/orbbec_camera/include/libobsensor/hpp/Context.hpp
[268.433s] -- Installing: /home/lunabotics/TAMU_SEDS_Lunabotics/ros2_ws/install/orbbec_camera/include/libobsensor/hpp/Frame.hpp
[268.434s] -- Installing: /home/lunabotics/TAMU_SEDS_Lunabotics/ros2_ws/install/orbbec_camera/include/libobsensor/hpp/StreamProfile.hpp
[268.434s] -- Installing: /home/lunabotics/TAMU_SEDS_Lunabotics/ros2_ws/install/orbbec_camera/include/libobsensor/hpp/Filter.hpp
[268.435s] -- Installing: /home/lunabotics/TAMU_SEDS_Lunabotics/ros2_ws/install/orbbec_camera/include/libobsensor/hpp/Types.hpp
[268.435s] -- Installing: /home/lunabotics/TAMU_SEDS_Lunabotics/ros2_ws/install/orbbec_camera/include/libobsensor/hpp/Pipeline.hpp
[268.436s] -- Installing: /home/lunabotics/TAMU_SEDS_Lunabotics/ros2_ws/install/orbbec_camera/include/libobsensor/hpp/Sensor.hpp
[268.436s] -- Installing: /home/lunabotics/TAMU_SEDS_Lunabotics/ros2_ws/install/orbbec_camera/include/libobsensor/hpp/RecordPlayback.hpp
[268.436s] -- Installing: /home/lunabotics/TAMU_SEDS_Lunabotics/ros2_ws/install/orbbec_camera/include/libobsensor/hpp/Utils.hpp
[268.437s] -- Installing: /home/lunabotics/TAMU_SEDS_Lunabotics/ros2_ws/install/orbbec_camera/include/libobsensor/hpp/Version.hpp
[268.438s] -- Installing: /home/lunabotics/TAMU_SEDS_Lunabotics/ros2_ws/install/orbbec_camera/include/libobsensor/hpp/Error.hpp
[268.438s] -- Installing: /home/lunabotics/TAMU_SEDS_Lunabotics/ros2_ws/install/orbbec_camera/include/libobsensor/hpp/Device.hpp
[268.439s] -- Installing: /home/lunabotics/TAMU_SEDS_Lunabotics/ros2_ws/install/orbbec_camera/include/libobsensor/h
[268.439s] -- Installing: /home/lunabotics/TAMU_SEDS_Lunabotics/ros2_ws/install/orbbec_camera/include/libobsensor/h/Pipeline.h
[268.439s] -- Installing: /home/lunabotics/TAMU_SEDS_Lunabotics/ros2_ws/install/orbbec_camera/include/libobsensor/h/ObTypes.h
[268.440s] -- Installing: /home/lunabotics/TAMU_SEDS_Lunabotics/ros2_ws/install/orbbec_camera/include/libobsensor/h/Sensor.h
[268.441s] -- Installing: /home/lunabotics/TAMU_SEDS_Lunabotics/ros2_ws/install/orbbec_camera/include/libobsensor/h/StreamProfile.h
[268.441s] -- Installing: /home/lunabotics/TAMU_SEDS_Lunabotics/ros2_ws/install/orbbec_camera/include/libobsensor/h/Advanced.h
[268.442s] -- Installing: /home/lunabotics/TAMU_SEDS_Lunabotics/ros2_ws/install/orbbec_camera/include/libobsensor/h/RecordPlayback.h
[268.442s] -- Installing: /home/lunabotics/TAMU_SEDS_Lunabotics/ros2_ws/install/orbbec_camera/include/libobsensor/h/Error.h
[268.443s] -- Installing: /home/lunabotics/TAMU_SEDS_Lunabotics/ros2_ws/install/orbbec_camera/include/libobsensor/h/Property.h
[268.443s] -- Installing: /home/lunabotics/TAMU_SEDS_Lunabotics/ros2_ws/install/orbbec_camera/include/libobsensor/h/Export.h
[268.444s] -- Installing: /home/lunabotics/TAMU_SEDS_Lunabotics/ros2_ws/install/orbbec_camera/include/libobsensor/h/Version.h
[268.444s] -- Installing: /home/lunabotics/TAMU_SEDS_Lunabotics/ros2_ws/install/orbbec_camera/include/libobsensor/h/Context.h
[268.445s] -- Installing: /home/lunabotics/TAMU_SEDS_Lunabotics/ros2_ws/install/orbbec_camera/include/libobsensor/h/TypeHelper.h
[268.445s] -- Installing: /home/lunabotics/TAMU_SEDS_Lunabotics/ros2_ws/install/orbbec_camera/include/libobsensor/h/MultipleDevices.h
[268.446s] -- Installing: /home/lunabotics/TAMU_SEDS_Lunabotics/ros2_ws/install/orbbec_camera/include/libobsensor/h/Frame.h
[268.447s] -- Installing: /home/lunabotics/TAMU_SEDS_Lunabotics/ros2_ws/install/orbbec_camera/include/libobsensor/h/Utils.h
[268.448s] -- Installing: /home/lunabotics/TAMU_SEDS_Lunabotics/ros2_ws/install/orbbec_camera/include/libobsensor/h/Device.h
[268.448s] -- Installing: /home/lunabotics/TAMU_SEDS_Lunabotics/ros2_ws/install/orbbec_camera/include/libobsensor/h/Filter.h
[268.449s] -- Up-to-date: /home/lunabotics/TAMU_SEDS_Lunabotics/ros2_ws/install/orbbec_camera/lib/
[268.450s] -- Installing: /home/lunabotics/TAMU_SEDS_Lunabotics/ros2_ws/install/orbbec_camera/lib//libOrbbecSDK.so.2
[268.450s] -- Installing: /home/lunabotics/TAMU_SEDS_Lunabotics/ros2_ws/install/orbbec_camera/lib//libOrbbecSDK.so.2.8.6
[268.678s] -- Installing: /home/lunabotics/TAMU_SEDS_Lunabotics/ros2_ws/install/orbbec_camera/lib//libOrbbecSDK.so
[268.679s] -- Installing: /home/lunabotics/TAMU_SEDS_Lunabotics/ros2_ws/install/orbbec_camera/lib//extensions
[268.685s] -- Installing: /home/lunabotics/TAMU_SEDS_Lunabotics/ros2_ws/install/orbbec_camera/lib//extensions/depthengine
[268.687s] -- Installing: /home/lunabotics/TAMU_SEDS_Lunabotics/ros2_ws/install/orbbec_camera/lib//extensions/depthengine/libdepthengine.so
[268.688s] -- Installing: /home/lunabotics/TAMU_SEDS_Lunabotics/ros2_ws/install/orbbec_camera/lib//extensions/depthengine/libdepthengine.so.2.0
[268.718s] -- Installing: /home/lunabotics/TAMU_SEDS_Lunabotics/ros2_ws/install/orbbec_camera/lib//extensions/firmwareupdater
[268.718s] -- Installing: /home/lunabotics/TAMU_SEDS_Lunabotics/ros2_ws/install/orbbec_camera/lib//extensions/firmwareupdater/libfirmwareupdater.so
[268.729s] -- Installing: /home/lunabotics/TAMU_SEDS_Lunabotics/ros2_ws/install/orbbec_camera/lib//extensions/filters
[268.729s] -- Installing: /home/lunabotics/TAMU_SEDS_Lunabotics/ros2_ws/install/orbbec_camera/lib//extensions/filters/libFilterProcessor.so
[268.740s] -- Installing: /home/lunabotics/TAMU_SEDS_Lunabotics/ros2_ws/install/orbbec_camera/lib//extensions/filters/libob_priv_filter.so
[268.745s] -- Installing: /home/lunabotics/TAMU_SEDS_Lunabotics/ros2_ws/install/orbbec_camera/lib//extensions/frameprocessor
[268.746s] -- Installing: /home/lunabotics/TAMU_SEDS_Lunabotics/ros2_ws/install/orbbec_camera/lib//extensions/frameprocessor/libob_frame_processor.so
[268.752s] -- Installing: /home/lunabotics/TAMU_SEDS_Lunabotics/ros2_ws/install/orbbec_camera/lib/extensions/libdepthengine.so
[268.753s] -- Installing: /home/lunabotics/TAMU_SEDS_Lunabotics/ros2_ws/install/orbbec_camera/lib/extensions/libdepthengine.so.2.0
[268.757s] -- Installing: /home/lunabotics/TAMU_SEDS_Lunabotics/ros2_ws/install/orbbec_camera/lib/extensions/libFilterProcessor.so
[268.759s] -- Installing: /home/lunabotics/TAMU_SEDS_Lunabotics/ros2_ws/install/orbbec_camera/lib/extensions/libob_priv_filter.so
[268.761s] -- Installing: /home/lunabotics/TAMU_SEDS_Lunabotics/ros2_ws/install/orbbec_camera/lib/extensions/libfirmwareupdater.so
[268.765s] -- Installing: /home/lunabotics/TAMU_SEDS_Lunabotics/ros2_ws/install/orbbec_camera/lib/extensions/libob_frame_processor.so
[268.768s] -- Installing: /home/lunabotics/TAMU_SEDS_Lunabotics/ros2_ws/install/orbbec_camera/share/orbbec_camera/udev/99-obsensor-libusb.rules
[268.771s] -- Installing: /home/lunabotics/TAMU_SEDS_Lunabotics/ros2_ws/install/orbbec_camera/lib/orbbec_camera/list_devices_node
[268.772s] -- Set runtime path of "/home/lunabotics/TAMU_SEDS_Lunabotics/ros2_ws/install/orbbec_camera/lib/orbbec_camera/list_devices_node" to ":/home/lunabotics/TAMU_SEDS_Lunabotics/ros2_ws/src/OrbbecSDK_ROS2/orbbec_camera/SDK/lib/arm64"
[268.773s] -- Installing: /home/lunabotics/TAMU_SEDS_Lunabotics/ros2_ws/install/orbbec_camera/lib/orbbec_camera/list_depth_work_mode_node
[268.774s] -- Set runtime path of "/home/lunabotics/TAMU_SEDS_Lunabotics/ros2_ws/install/orbbec_camera/lib/orbbec_camera/list_depth_work_mode_node" to ":/home/lunabotics/TAMU_SEDS_Lunabotics/ros2_ws/src/OrbbecSDK_ROS2/orbbec_camera/SDK/lib/arm64"
[268.775s] -- Installing: /home/lunabotics/TAMU_SEDS_Lunabotics/ros2_ws/install/orbbec_camera/lib/orbbec_camera/list_camera_profile_mode_node
[268.775s] -- Set runtime path of "/home/lunabotics/TAMU_SEDS_Lunabotics/ros2_ws/install/orbbec_camera/lib/orbbec_camera/list_camera_profile_mode_node" to ":/home/lunabotics/TAMU_SEDS_Lunabotics/ros2_ws/src/OrbbecSDK_ROS2/orbbec_camera/SDK/lib/arm64"
[268.776s] -- Installing: /home/lunabotics/TAMU_SEDS_Lunabotics/ros2_ws/install/orbbec_camera/lib/orbbec_camera/firmware_update_tool
[268.777s] -- Set runtime path of "/home/lunabotics/TAMU_SEDS_Lunabotics/ros2_ws/install/orbbec_camera/lib/orbbec_camera/firmware_update_tool" to ":/home/lunabotics/TAMU_SEDS_Lunabotics/ros2_ws/src/OrbbecSDK_ROS2/orbbec_camera/SDK/lib/arm64"
[268.777s] -- Installing: /home/lunabotics/TAMU_SEDS_Lunabotics/ros2_ws/install/orbbec_camera/lib/orbbec_camera/topic_statistics_node
[268.784s] -- Set runtime path of "/home/lunabotics/TAMU_SEDS_Lunabotics/ros2_ws/install/orbbec_camera/lib/orbbec_camera/topic_statistics_node" to ":/home/lunabotics/TAMU_SEDS_Lunabotics/ros2_ws/src/OrbbecSDK_ROS2/orbbec_camera/SDK/lib/arm64"
[268.784s] -- Installing: /home/lunabotics/TAMU_SEDS_Lunabotics/ros2_ws/install/orbbec_camera/lib/orbbec_camera/service_benchmark_node
[268.788s] -- Set runtime path of "/home/lunabotics/TAMU_SEDS_Lunabotics/ros2_ws/install/orbbec_camera/lib/orbbec_camera/service_benchmark_node" to ":/home/lunabotics/TAMU_SEDS_Lunabotics/ros2_ws/src/OrbbecSDK_ROS2/orbbec_camera/SDK/lib/arm64"
[268.789s] -- Installing: /home/lunabotics/TAMU_SEDS_Lunabotics/ros2_ws/install/orbbec_camera/lib/orbbec_camera/ob_benchmark_node
[268.790s] -- Set runtime path of "/home/lunabotics/TAMU_SEDS_Lunabotics/ros2_ws/install/orbbec_camera/lib/orbbec_camera/ob_benchmark_node" to ":/home/lunabotics/TAMU_SEDS_Lunabotics/ros2_ws/src/OrbbecSDK_ROS2/orbbec_camera/SDK/lib/arm64"
[268.791s] -- Installing: /home/lunabotics/TAMU_SEDS_Lunabotics/ros2_ws/install/orbbec_camera/lib/orbbec_camera/435le_example_node
[268.796s] -- Set runtime path of "/home/lunabotics/TAMU_SEDS_Lunabotics/ros2_ws/install/orbbec_camera/lib/orbbec_camera/435le_example_node" to ":/home/lunabotics/TAMU_SEDS_Lunabotics/ros2_ws/src/OrbbecSDK_ROS2/orbbec_camera/SDK/lib/arm64"
[268.796s] -- Installing: /home/lunabotics/TAMU_SEDS_Lunabotics/ros2_ws/install/orbbec_camera/lib/orbbec_camera/ip_config_tool
[268.797s] -- Set runtime path of "/home/lunabotics/TAMU_SEDS_Lunabotics/ros2_ws/install/orbbec_camera/lib/orbbec_camera/ip_config_tool" to ":/home/lunabotics/TAMU_SEDS_Lunabotics/ros2_ws/src/OrbbecSDK_ROS2/orbbec_camera/SDK/lib/arm64"
[268.797s] -- Installing: /home/lunabotics/TAMU_SEDS_Lunabotics/ros2_ws/install/orbbec_camera/lib/orbbec_camera/set_device_ip
[268.798s] -- Set runtime path of "/home/lunabotics/TAMU_SEDS_Lunabotics/ros2_ws/install/orbbec_camera/lib/orbbec_camera/set_device_ip" to ":/home/lunabotics/TAMU_SEDS_Lunabotics/ros2_ws/src/OrbbecSDK_ROS2/orbbec_camera/SDK/lib/arm64"
[268.798s] -- Installing: /home/lunabotics/TAMU_SEDS_Lunabotics/ros2_ws/install/orbbec_camera/lib/orbbec_camera/image_sync_example_node
[268.801s] -- Set runtime path of "/home/lunabotics/TAMU_SEDS_Lunabotics/ros2_ws/install/orbbec_camera/lib/orbbec_camera/image_sync_example_node" to ":/home/lunabotics/TAMU_SEDS_Lunabotics/ros2_ws/src/OrbbecSDK_ROS2/orbbec_camera/SDK/lib/arm64"
[268.805s] -- Installing: /home/lunabotics/TAMU_SEDS_Lunabotics/ros2_ws/install/orbbec_camera/share/orbbec_camera/environment/library_path.sh
[268.808s] -- Installing: /home/lunabotics/TAMU_SEDS_Lunabotics/ros2_ws/install/orbbec_camera/share/orbbec_camera/environment/library_path.dsv
[268.812s] -- Installing: /home/lunabotics/TAMU_SEDS_Lunabotics/ros2_ws/install/orbbec_camera/share/ament_index/resource_index/package_run_dependencies/orbbec_camera
[268.813s] -- Installing: /home/lunabotics/TAMU_SEDS_Lunabotics/ros2_ws/install/orbbec_camera/share/ament_index/resource_index/parent_prefix_path/orbbec_camera
[268.820s] -- Installing: /home/lunabotics/TAMU_SEDS_Lunabotics/ros2_ws/install/orbbec_camera/share/orbbec_camera/environment/ament_prefix_path.sh
[268.821s] -- Installing: /home/lunabotics/TAMU_SEDS_Lunabotics/ros2_ws/install/orbbec_camera/share/orbbec_camera/environment/ament_prefix_path.dsv
[268.823s] -- Installing: /home/lunabotics/TAMU_SEDS_Lunabotics/ros2_ws/install/orbbec_camera/share/orbbec_camera/environment/path.sh
[268.824s] -- Installing: /home/lunabotics/TAMU_SEDS_Lunabotics/ros2_ws/install/orbbec_camera/share/orbbec_camera/environment/path.dsv
[268.825s] -- Installing: /home/lunabotics/TAMU_SEDS_Lunabotics/ros2_ws/install/orbbec_camera/share/orbbec_camera/local_setup.bash
[268.826s] -- Installing: /home/lunabotics/TAMU_SEDS_Lunabotics/ros2_ws/install/orbbec_camera/share/orbbec_camera/local_setup.sh
[268.828s] -- Installing: /home/lunabotics/TAMU_SEDS_Lunabotics/ros2_ws/install/orbbec_camera/share/orbbec_camera/local_setup.zsh
[268.829s] -- Installing: /home/lunabotics/TAMU_SEDS_Lunabotics/ros2_ws/install/orbbec_camera/share/orbbec_camera/local_setup.dsv
[268.830s] -- Installing: /home/lunabotics/TAMU_SEDS_Lunabotics/ros2_ws/install/orbbec_camera/share/orbbec_camera/package.dsv
[268.832s] -- Installing: /home/lunabotics/TAMU_SEDS_Lunabotics/ros2_ws/install/orbbec_camera/share/ament_index/resource_index/packages/orbbec_camera
[268.833s] -- Installing: /home/lunabotics/TAMU_SEDS_Lunabotics/ros2_ws/install/orbbec_camera/share/ament_index/resource_index/rclcpp_components/orbbec_camera
[268.835s] -- Installing: /home/lunabotics/TAMU_SEDS_Lunabotics/ros2_ws/install/orbbec_camera/share/orbbec_camera/cmake/ament_cmake_export_include_directories-extras.cmake
[268.836s] -- Installing: /home/lunabotics/TAMU_SEDS_Lunabotics/ros2_ws/install/orbbec_camera/share/orbbec_camera/cmake/ament_cmake_export_libraries-extras.cmake
[268.838s] -- Installing: /home/lunabotics/TAMU_SEDS_Lunabotics/ros2_ws/install/orbbec_camera/share/orbbec_camera/cmake/ament_cmake_export_dependencies-extras.cmake
[268.840s] -- Installing: /home/lunabotics/TAMU_SEDS_Lunabotics/ros2_ws/install/orbbec_camera/share/orbbec_camera/cmake/orbbec_cameraConfig.cmake
[268.841s] -- Installing: /home/lunabotics/TAMU_SEDS_Lunabotics/ros2_ws/install/orbbec_camera/share/orbbec_camera/cmake/orbbec_cameraConfig-version.cmake
[268.842s] -- Installing: /home/lunabotics/TAMU_SEDS_Lunabotics/ros2_ws/install/orbbec_camera/share/orbbec_camera/package.xml
[268.869s] Invoked command in '/home/lunabotics/TAMU_SEDS_Lunabotics/ros2_ws/build/orbbec_camera' returned '0': AMENT_PREFIX_PATH=/home/lunabotics/TAMU_SEDS_Lunabotics/ros2_ws/install/orbbec_camera_msgs:${AMENT_PREFIX_PATH} CMAKE_PREFIX_PATH=/home/lunabotics/TAMU_SEDS_Lunabotics/ros2_ws/install/orbbec_camera_msgs:/opt/ros/humble LD_LIBRARY_PATH=/home/lunabotics/TAMU_SEDS_Lunabotics/ros2_ws/install/orbbec_camera_msgs/lib:${LD_LIBRARY_PATH} PYTHONPATH=/home/lunabotics/TAMU_SEDS_Lunabotics/ros2_ws/install/orbbec_camera_msgs/local/lib/python3.10/dist-packages:${PYTHONPATH} /home/lunabotics/.local/bin/cmake --install /home/lunabotics/TAMU_SEDS_Lunabotics/ros2_ws/build/orbbec_camera
