running egg_info
creating ../../build/pico_2nd_pck/pico_2nd_pck.egg-info
writing ../../build/pico_2nd_pck/pico_2nd_pck.egg-info/PKG-INFO
writing dependency_links to ../../build/pico_2nd_pck/pico_2nd_pck.egg-info/dependency_links.txt
writing entry points to ../../build/pico_2nd_pck/pico_2nd_pck.egg-info/entry_points.txt
writing requirements to ../../build/pico_2nd_pck/pico_2nd_pck.egg-info/requires.txt
writing top-level names to ../../build/pico_2nd_pck/pico_2nd_pck.egg-info/top_level.txt
writing manifest file '../../build/pico_2nd_pck/pico_2nd_pck.egg-info/SOURCES.txt'
reading manifest file '../../build/pico_2nd_pck/pico_2nd_pck.egg-info/SOURCES.txt'
writing manifest file '../../build/pico_2nd_pck/pico_2nd_pck.egg-info/SOURCES.txt'
running build
running build_py
creating /home/lunabotics/TAMU_SEDS_Lunabotics/ros2_ws/build/pico_2nd_pck/build
creating /home/lunabotics/TAMU_SEDS_Lunabotics/ros2_ws/build/pico_2nd_pck/build/lib
creating /home/lunabotics/TAMU_SEDS_Lunabotics/ros2_ws/build/pico_2nd_pck/build/lib/pico_2nd_pck
copying pico_2nd_pck/motor_control_node.py -> /home/lunabotics/TAMU_SEDS_Lunabotics/ros2_ws/build/pico_2nd_pck/build/lib/pico_2nd_pck
copying pico_2nd_pck/__init__.py -> /home/lunabotics/TAMU_SEDS_Lunabotics/ros2_ws/build/pico_2nd_pck/build/lib/pico_2nd_pck
running install
running install_lib
creating /home/lunabotics/TAMU_SEDS_Lunabotics/ros2_ws/install/pico_2nd_pck/lib/python3.10/site-packages/pico_2nd_pck
copying /home/lunabotics/TAMU_SEDS_Lunabotics/ros2_ws/build/pico_2nd_pck/build/lib/pico_2nd_pck/motor_control_node.py -> /home/lunabotics/TAMU_SEDS_Lunabotics/ros2_ws/install/pico_2nd_pck/lib/python3.10/site-packages/pico_2nd_pck
copying /home/lunabotics/TAMU_SEDS_Lunabotics/ros2_ws/build/pico_2nd_pck/build/lib/pico_2nd_pck/__init__.py -> /home/lunabotics/TAMU_SEDS_Lunabotics/ros2_ws/install/pico_2nd_pck/lib/python3.10/site-packages/pico_2nd_pck
byte-compiling /home/lunabotics/TAMU_SEDS_Lunabotics/ros2_ws/install/pico_2nd_pck/lib/python3.10/site-packages/pico_2nd_pck/motor_control_node.py to motor_control_node.cpython-310.pyc
byte-compiling /home/lunabotics/TAMU_SEDS_Lunabotics/ros2_ws/install/pico_2nd_pck/lib/python3.10/site-packages/pico_2nd_pck/__init__.py to __init__.cpython-310.pyc
running install_data
creating /home/lunabotics/TAMU_SEDS_Lunabotics/ros2_ws/install/pico_2nd_pck/share/ament_index
creating /home/lunabotics/TAMU_SEDS_Lunabotics/ros2_ws/install/pico_2nd_pck/share/ament_index/resource_index
creating /home/lunabotics/TAMU_SEDS_Lunabotics/ros2_ws/install/pico_2nd_pck/share/ament_index/resource_index/packages
copying resource/pico_2nd_pck -> /home/lunabotics/TAMU_SEDS_Lunabotics/ros2_ws/install/pico_2nd_pck/share/ament_index/resource_index/packages
copying package.xml -> /home/lunabotics/TAMU_SEDS_Lunabotics/ros2_ws/install/pico_2nd_pck/share/pico_2nd_pck
running install_egg_info
Copying ../../build/pico_2nd_pck/pico_2nd_pck.egg-info to /home/lunabotics/TAMU_SEDS_Lunabotics/ros2_ws/install/pico_2nd_pck/lib/python3.10/site-packages/pico_2nd_pck-0.0.0-py3.10.egg-info
running install_scripts
Installing motor_control script to /home/lunabotics/TAMU_SEDS_Lunabotics/ros2_ws/install/pico_2nd_pck/lib/pico_2nd_pck
writing list of installed files to '/home/lunabotics/TAMU_SEDS_Lunabotics/ros2_ws/build/pico_2nd_pck/install.log'
