[4.384s] Invoking command in '/home/lunabotics/TAMU_SEDS_Lunabotics/ros2_ws/src/pico_2nd_pck': PYTHONPATH=/home/lunabotics/TAMU_SEDS_Lunabotics/ros2_ws/build/pico_2nd_pck/prefix_override:/usr/lib/python3/dist-packages/colcon_core/task/python/colcon_distutils_commands:/home/lunabotics/TAMU_SEDS_Lunabotics/ros2_ws/install/pico_2nd_pck/lib/python3.10/site-packages:${PYTHONPATH} /usr/bin/python3 -W ignore:setup.py install is deprecated -W ignore:easy_install command is deprecated setup.py egg_info --egg-base ../../build/pico_2nd_pck build --build-base /home/lunabotics/TAMU_SEDS_Lunabotics/ros2_ws/build/pico_2nd_pck/build install --record /home/lunabotics/TAMU_SEDS_Lunabotics/ros2_ws/build/pico_2nd_pck/install.log --single-version-externally-managed install_data
[5.289s] running egg_info
[5.290s] creating ../../build/pico_2nd_pck/pico_2nd_pck.egg-info
[5.291s] writing ../../build/pico_2nd_pck/pico_2nd_pck.egg-info/PKG-INFO
[5.292s] writing dependency_links to ../../build/pico_2nd_pck/pico_2nd_pck.egg-info/dependency_links.txt
[5.292s] writing entry points to ../../build/pico_2nd_pck/pico_2nd_pck.egg-info/entry_points.txt
[5.293s] writing requirements to ../../build/pico_2nd_pck/pico_2nd_pck.egg-info/requires.txt
[5.293s] writing top-level names to ../../build/pico_2nd_pck/pico_2nd_pck.egg-info/top_level.txt
[5.294s] writing manifest file '../../build/pico_2nd_pck/pico_2nd_pck.egg-info/SOURCES.txt'
[5.297s] reading manifest file '../../build/pico_2nd_pck/pico_2nd_pck.egg-info/SOURCES.txt'
[5.300s] writing manifest file '../../build/pico_2nd_pck/pico_2nd_pck.egg-info/SOURCES.txt'
[5.300s] running build
[5.301s] running build_py
[5.301s] creating /home/lunabotics/TAMU_SEDS_Lunabotics/ros2_ws/build/pico_2nd_pck/build
[5.301s] creating /home/lunabotics/TAMU_SEDS_Lunabotics/ros2_ws/build/pico_2nd_pck/build/lib
[5.301s] creating /home/lunabotics/TAMU_SEDS_Lunabotics/ros2_ws/build/pico_2nd_pck/build/lib/pico_2nd_pck
[5.302s] copying pico_2nd_pck/motor_control_node.py -> /home/lunabotics/TAMU_SEDS_Lunabotics/ros2_ws/build/pico_2nd_pck/build/lib/pico_2nd_pck
[5.302s] copying pico_2nd_pck/__init__.py -> /home/lunabotics/TAMU_SEDS_Lunabotics/ros2_ws/build/pico_2nd_pck/build/lib/pico_2nd_pck
[5.303s] running install
[5.305s] running install_lib
[5.311s] creating /home/lunabotics/TAMU_SEDS_Lunabotics/ros2_ws/install/pico_2nd_pck/lib/python3.10/site-packages/pico_2nd_pck
[5.311s] copying /home/lunabotics/TAMU_SEDS_Lunabotics/ros2_ws/build/pico_2nd_pck/build/lib/pico_2nd_pck/motor_control_node.py -> /home/lunabotics/TAMU_SEDS_Lunabotics/ros2_ws/install/pico_2nd_pck/lib/python3.10/site-packages/pico_2nd_pck
[5.311s] copying /home/lunabotics/TAMU_SEDS_Lunabotics/ros2_ws/build/pico_2nd_pck/build/lib/pico_2nd_pck/__init__.py -> /home/lunabotics/TAMU_SEDS_Lunabotics/ros2_ws/install/pico_2nd_pck/lib/python3.10/site-packages/pico_2nd_pck
[5.319s] byte-compiling /home/lunabotics/TAMU_SEDS_Lunabotics/ros2_ws/install/pico_2nd_pck/lib/python3.10/site-packages/pico_2nd_pck/motor_control_node.py to motor_control_node.cpython-310.pyc
[5.321s] byte-compiling /home/lunabotics/TAMU_SEDS_Lunabotics/ros2_ws/install/pico_2nd_pck/lib/python3.10/site-packages/pico_2nd_pck/__init__.py to __init__.cpython-310.pyc
[5.322s] running install_data
[5.323s] creating /home/lunabotics/TAMU_SEDS_Lunabotics/ros2_ws/install/pico_2nd_pck/share/ament_index
[5.323s] creating /home/lunabotics/TAMU_SEDS_Lunabotics/ros2_ws/install/pico_2nd_pck/share/ament_index/resource_index
[5.323s] creating /home/lunabotics/TAMU_SEDS_Lunabotics/ros2_ws/install/pico_2nd_pck/share/ament_index/resource_index/packages
[5.323s] copying resource/pico_2nd_pck -> /home/lunabotics/TAMU_SEDS_Lunabotics/ros2_ws/install/pico_2nd_pck/share/ament_index/resource_index/packages
[5.324s] copying package.xml -> /home/lunabotics/TAMU_SEDS_Lunabotics/ros2_ws/install/pico_2nd_pck/share/pico_2nd_pck
[5.324s] running install_egg_info
[5.339s] Copying ../../build/pico_2nd_pck/pico_2nd_pck.egg-info to /home/lunabotics/TAMU_SEDS_Lunabotics/ros2_ws/install/pico_2nd_pck/lib/python3.10/site-packages/pico_2nd_pck-0.0.0-py3.10.egg-info
[5.341s] running install_scripts
[5.393s] Installing motor_control script to /home/lunabotics/TAMU_SEDS_Lunabotics/ros2_ws/install/pico_2nd_pck/lib/pico_2nd_pck
[5.395s] writing list of installed files to '/home/lunabotics/TAMU_SEDS_Lunabotics/ros2_ws/build/pico_2nd_pck/install.log'
[5.494s] Invoked command in '/home/lunabotics/TAMU_SEDS_Lunabotics/ros2_ws/src/pico_2nd_pck' returned '0': PYTHONPATH=/home/lunabotics/TAMU_SEDS_Lunabotics/ros2_ws/build/pico_2nd_pck/prefix_override:/usr/lib/python3/dist-packages/colcon_core/task/python/colcon_distutils_commands:/home/lunabotics/TAMU_SEDS_Lunabotics/ros2_ws/install/pico_2nd_pck/lib/python3.10/site-packages:${PYTHONPATH} /usr/bin/python3 -W ignore:setup.py install is deprecated -W ignore:easy_install command is deprecated setup.py egg_info --egg-base ../../build/pico_2nd_pck build --build-base /home/lunabotics/TAMU_SEDS_Lunabotics/ros2_ws/build/pico_2nd_pck/build install --record /home/lunabotics/TAMU_SEDS_Lunabotics/ros2_ws/build/pico_2nd_pck/install.log --single-version-externally-managed install_data
