[1.081s] Invoking command in '/home/lunabotics/TAMU_SEDS_Lunabotics/ros2_ws/build/kiss_icp': CMAKE_PREFIX_PATH=${CMAKE_PREFIX_PATH}:/home/lunabotics/TAMU_SEDS_Lunabotics/ros2_ws/install/pico_motor_control:/home/lunabotics/TAMU_SEDS_Lunabotics/ros2_ws/install/pico_2nd_pck:/home/lunabotics/TAMU_SEDS_Lunabotics/ros2_ws/install/drive:/home/lunabotics/TAMU_SEDS_Lunabotics/lunabotics_gnc2026/install/pathing:/home/lunabotics/TAMU_SEDS_Lunabotics/lunabotics_gnc2026/install/central_planner:/opt/ros/humble /home/lunabotics/.local/bin/cmake --build /home/lunabotics/TAMU_SEDS_Lunabotics/ros2_ws/build/kiss_icp -- -j6 -l6
[1.481s] [  7%] [32mBuilding CXX object kiss_icp/core/CMakeFiles/kiss_icp_core.dir/VoxelUtils.cpp.o[0m
[1.485s] [ 14%] [32mBuilding CXX object CMakeFiles/kiss_icp_node.dir/rclcpp_components/node_main_kiss_icp_node.cpp.o[0m
[1.487s] [ 21%] [32mBuilding CXX object kiss_icp/core/CMakeFiles/kiss_icp_core.dir/Registration.cpp.o[0m
[1.501s] [ 28%] [32mBuilding CXX object kiss_icp/core/CMakeFiles/kiss_icp_core.dir/VoxelHashMap.cpp.o[0m
[1.501s] [ 35%] [32mBuilding CXX object kiss_icp/metrics/CMakeFiles/kiss_icp_metrics.dir/Metrics.cpp.o[0m
[1.506s] [ 42%] [32mBuilding CXX object kiss_icp/core/CMakeFiles/kiss_icp_core.dir/Preprocessing.cpp.o[0m
[15.259s] [ 50%] [32mBuilding CXX object kiss_icp/core/CMakeFiles/kiss_icp_core.dir/Threshold.cpp.o[0m
[29.706s] [ 57%] [32m[1mLinking CXX executable kiss_icp_node[0m
[30.401s] [ 57%] Built target kiss_icp_node
[41.148s] [ 64%] [32m[1mLinking CXX static library libkiss_icp_core.a[0m
[41.349s] [ 64%] Built target kiss_icp_core
[55.678s] [ 71%] [32m[1mLinking CXX static library libkiss_icp_metrics.a[0m
[55.721s] [ 71%] Built target kiss_icp_metrics
[55.748s] [ 78%] [32mBuilding CXX object kiss_icp/pipeline/CMakeFiles/kiss_icp_pipeline.dir/KissICP.cpp.o[0m
[61.106s] [ 85%] [32m[1mLinking CXX static library libkiss_icp_pipeline.a[0m
[61.141s] [ 85%] Built target kiss_icp_pipeline
[61.226s] [ 92%] [32mBuilding CXX object CMakeFiles/odometry_component.dir/src/OdometryServer.cpp.o[0m
[130.109s] [100%] [32m[1mLinking CXX shared library libodometry_component.so[0m
[146.407s] [100%] Built target odometry_component
