[0.591s] Invoking command in '/home/lunabotics/TAMU_SEDS_Lunabotics/ros2_ws/build/sensors': CMAKE_PREFIX_PATH=${CMAKE_PREFIX_PATH}:/home/lunabotics/TAMU_SEDS_Lunabotics/ros2_ws/install/pico_motor_control:/home/lunabotics/TAMU_SEDS_Lunabotics/ros2_ws/install/drive:/opt/ros/humble /home/lunabotics/.local/bin/cmake /home/lunabotics/TAMU_SEDS_Lunabotics/ros2_ws/src/sensors -DCMAKE_INSTALL_PREFIX=/home/lunabotics/TAMU_SEDS_Lunabotics/ros2_ws/install/sensors
[0.755s] [0mCMake Deprecation Warning at CMakeLists.txt:1 (cmake_minimum_required):
[0.756s]   Compatibility with CMake < 3.10 will be removed from a future version of
[0.756s]   CMake.
[0.756s] 
[0.756s]   Update the VERSION argument <min> value.  Or, use the <min>...<max> syntax
[0.756s]   to tell CMake that the project requires at least <min> but has been updated
[0.756s]   to work with policies introduced by <max> or earlier.
[0.756s] 
[0.756s] [0m
[1.330s] -- The C compiler identification is GNU 11.4.0
[1.803s] -- The CXX compiler identification is GNU 11.4.0
[1.838s] -- Detecting C compiler ABI info
[2.002s] -- Detecting C compiler ABI info - done
[2.060s] -- Check for working C compiler: /usr/bin/cc - skipped
[2.060s] -- Detecting C compile features
[2.062s] -- Detecting C compile features - done
[2.105s] -- Detecting CXX compiler ABI info
[2.274s] -- Detecting CXX compiler ABI info - done
[2.334s] -- Check for working CXX compiler: /usr/bin/c++ - skipped
[2.335s] -- Detecting CXX compile features
[2.338s] -- Detecting CXX compile features - done
[2.370s] -- Found ament_cmake: 1.3.14 (/opt/ros/humble/share/ament_cmake/cmake)
[2.736s] -- Found Python3: /usr/bin/python3 (found version "3.10.12") found components: Interpreter
[2.975s] -- Found rclcpp: 16.0.19 (/opt/ros/humble/share/rclcpp/cmake)
[3.092s] -- Found rosidl_generator_c: 3.1.8 (/opt/ros/humble/share/rosidl_generator_c/cmake)
[3.103s] -- Found rosidl_adapter: 3.1.8 (/opt/ros/humble/share/rosidl_adapter/cmake)
[3.124s] -- Found rosidl_generator_cpp: 3.1.8 (/opt/ros/humble/share/rosidl_generator_cpp/cmake)
[3.154s] -- Using all available rosidl_typesupport_c: rosidl_typesupport_fastrtps_c;rosidl_typesupport_introspection_c
[3.237s] -- Using all available rosidl_typesupport_cpp: rosidl_typesupport_fastrtps_cpp;rosidl_typesupport_introspection_cpp
[3.320s] -- Found rmw_implementation_cmake: 6.1.2 (/opt/ros/humble/share/rmw_implementation_cmake/cmake)
[3.326s] -- Found rmw_fastrtps_cpp: 6.2.10 (/opt/ros/humble/share/rmw_fastrtps_cpp/cmake)
[3.542s] -- Found OpenSSL: /usr/lib/aarch64-linux-gnu/libcrypto.so (found version "3.0.2")
[3.629s] -- Found FastRTPS: /opt/ros/humble/include
[3.726s] -- Using RMW implementation 'rmw_fastrtps_cpp' as default
[3.746s] -- Performing Test CMAKE_HAVE_LIBC_PTHREAD
[3.894s] -- Performing Test CMAKE_HAVE_LIBC_PTHREAD - Success
[3.898s] -- Found Threads: TRUE
[4.066s] -- Found sensor_msgs: 4.9.1 (/opt/ros/humble/share/sensor_msgs/cmake)
[4.166s] [31mCMake Error at CMakeLists.txt:16 (find_package):
[4.166s]   By not providing "Findtutorial_interfaces.cmake" in CMAKE_MODULE_PATH this
[4.166s]   project has asked CMake to find a package configuration file provided by
[4.167s]   "tutorial_interfaces", but CMake did not find one.
[4.167s] 
[4.167s]   Could not find a package configuration file provided by
[4.167s]   "tutorial_interfaces" with any of the following names:
[4.167s] 
[4.168s]     tutorial_interfaces.cps
[4.168s]     tutorial_interfacesConfig.cmake
[4.168s]     tutorial_interfaces-config.cmake
[4.168s] 
[4.168s]   Add the installation prefix of "tutorial_interfaces" to CMAKE_PREFIX_PATH
[4.168s]   or set "tutorial_interfaces_DIR" to a directory containing one of the above
[4.169s]   files.  If "tutorial_interfaces" provides a separate development package or
[4.169s]   SDK, be sure it has been installed.
[4.169s] 
[4.169s] [0m
[4.169s] -- Configuring incomplete, errors occurred!
