[0.064s] Invoking command in '/home/lunabotics/TAMU_SEDS_Lunabotics/ros2_ws/build/cpp_pubsub': CMAKE_PREFIX_PATH=/opt/ros/humble /home/lunabotics/.local/bin/cmake /home/lunabotics/TAMU_SEDS_Lunabotics/ros2_ws/src/cpp_pubsub -DCMAKE_INSTALL_PREFIX=/home/lunabotics/TAMU_SEDS_Lunabotics/ros2_ws/install/cpp_pubsub
[0.701s] -- The C compiler identification is GNU 11.4.0
[0.702s] -- The CXX compiler identification is GNU 11.4.0
[0.702s] -- Detecting C compiler ABI info
[0.702s] -- Detecting C compiler ABI info - done
[0.708s] [0mCMake Deprecation Warning at CMakeLists.txt:1 (cmake_minimum_required):
[0.709s]   Compatibility with CMake < 3.10 will be removed from a future version of
[0.709s]   CMake.
[0.709s] 
[0.709s]   Update the VERSION argument <min> value.  Or, use the <min>...<max> syntax
[0.709s]   to tell CMake that the project requires at least <min> but has been updated
[0.710s]   to work with policies introduced by <max> or earlier.
[0.710s] 
[0.710s] [0m
[0.724s] -- Check for working C compiler: /usr/bin/cc - skipped
[0.724s] -- Detecting C compile features
[0.724s] -- Detecting C compile features - done
[0.763s] -- Detecting CXX compiler ABI info
[1.066s] -- Detecting CXX compiler ABI info - done
[1.100s] -- Check for working CXX compiler: /usr/bin/c++ - skipped
[1.101s] -- Detecting CXX compile features
[1.102s] -- Detecting CXX compile features - done
[1.138s] -- Found ament_cmake: 1.3.14 (/opt/ros/humble/share/ament_cmake/cmake)
[1.572s] -- Found Python3: /usr/bin/python3 (found version "3.10.12") found components: Interpreter
[1.809s] -- Found rclcpp: 16.0.19 (/opt/ros/humble/share/rclcpp/cmake)
[1.933s] -- Found rosidl_generator_c: 3.1.8 (/opt/ros/humble/share/rosidl_generator_c/cmake)
[1.946s] -- Found rosidl_adapter: 3.1.8 (/opt/ros/humble/share/rosidl_adapter/cmake)
[1.970s] -- Found rosidl_generator_cpp: 3.1.8 (/opt/ros/humble/share/rosidl_generator_cpp/cmake)
[2.008s] -- Using all available rosidl_typesupport_c: rosidl_typesupport_fastrtps_c;rosidl_typesupport_introspection_c
[2.059s] -- Using all available rosidl_typesupport_cpp: rosidl_typesupport_fastrtps_cpp;rosidl_typesupport_introspection_cpp
[2.178s] -- Found rmw_implementation_cmake: 6.1.2 (/opt/ros/humble/share/rmw_implementation_cmake/cmake)
[2.184s] -- Found rmw_fastrtps_cpp: 6.2.10 (/opt/ros/humble/share/rmw_fastrtps_cpp/cmake)
[2.471s] -- Found OpenSSL: /usr/lib/aarch64-linux-gnu/libcrypto.so (found version "3.0.2")
[2.586s] -- Found FastRTPS: /opt/ros/humble/include
[2.660s] -- Using RMW implementation 'rmw_fastrtps_cpp' as default
[2.724s] -- Performing Test CMAKE_HAVE_LIBC_PTHREAD
[3.108s] -- Performing Test CMAKE_HAVE_LIBC_PTHREAD - Success
[3.112s] -- Found Threads: TRUE
[3.315s] [31mCMake Error at CMakeLists.txt:15 (find_package):
[3.315s]   By not providing "Findtutorial_interfaces.cmake" in CMAKE_MODULE_PATH this
[3.316s]   project has asked CMake to find a package configuration file provided by
[3.316s]   "tutorial_interfaces", but CMake did not find one.
[3.316s] 
[3.316s]   Could not find a package configuration file provided by
[3.316s]   "tutorial_interfaces" with any of the following names:
[3.316s] 
[3.317s]     tutorial_interfaces.cps
[3.317s]     tutorial_interfacesConfig.cmake
[3.317s]     tutorial_interfaces-config.cmake
[3.317s] 
[3.317s]   Add the installation prefix of "tutorial_interfaces" to CMAKE_PREFIX_PATH
[3.317s]   or set "tutorial_interfaces_DIR" to a directory containing one of the above
[3.317s]   files.  If "tutorial_interfaces" provides a separate development package or
[3.317s]   SDK, be sure it has been installed.
[3.317s] 
[3.318s] [0m
[3.318s] -- Configuring incomplete, errors occurred!
[3.959s] Invoked command in '/home/lunabotics/TAMU_SEDS_Lunabotics/ros2_ws/build/cpp_pubsub' returned '1': CMAKE_PREFIX_PATH=/opt/ros/humble /home/lunabotics/.local/bin/cmake /home/lunabotics/TAMU_SEDS_Lunabotics/ros2_ws/src/cpp_pubsub -DCMAKE_INSTALL_PREFIX=/home/lunabotics/TAMU_SEDS_Lunabotics/ros2_ws/install/cpp_pubsub
