[0mCMake Deprecation Warning at CMakeLists.txt:1 (cmake_minimum_required):
  Compatibility with CMake < 2.8.12 will be removed from a future version of
  CMake.

  Update the VERSION argument <min> value or use a ...<max> suffix to tell
  CMake that the project does not need compatibility with older versions.

[0m
-- Eigen found (include: /usr/include/eigen3, version: 3.4.0)
-- FLANN found (include: /usr/include, lib: /usr/lib/aarch64-linux-gnu/libflann_cpp.so)
-- OpenNI found (version: 1.5.4.0, include: /usr/include/ni, lib: /usr/lib/libOpenNI.so;libusb::libusb)
-- OpenNI2 found (version: 2.2.0.33, include: /usr/include/openni2, lib: /usr/lib/aarch64-linux-gnu/libOpenNI2.so;libusb::libusb)
-- Eigen found (include: /usr/include/eigen3, version: 3.4.0)
-- OpenNI found (version: 1.5.4.0, include: /usr/include/ni, lib: /usr/lib/libOpenNI.so;libusb::libusb)
-- OpenNI2 found (version: 2.2.0.33, include: /usr/include/openni2, lib: /usr/lib/aarch64-linux-gnu/libOpenNI2.so;libusb::libusb)
-- Found Qhull version 8.0.2
-- OpenNI found (version: 1.5.4.0, include: /usr/include/ni, lib: /usr/lib/libOpenNI.so;libusb::libusb)
[31mCMake Error at CMakeLists.txt:11 (find_package):
  By not providing "Findcatkin.cmake" in CMAKE_MODULE_PATH this project has
  asked CMake to find a package configuration file provided by "catkin", but
  CMake did not find one.

  Could not find a package configuration file provided by "catkin" with any
  of the following names:

    catkinConfig.cmake
    catkin-config.cmake

  Add the installation prefix of "catkin" to CMAKE_PREFIX_PATH or set
  "catkin_DIR" to a directory containing one of the above files.  If "catkin"
  provides a separate development package or SDK, be sure it has been
  installed.

[0m
-- Configuring incomplete, errors occurred!
See also "/home/lunabotics/TAMU_SEDS_Lunabotics/ros2_ws/build/unitree_lidar_ros/CMakeFiles/CMakeOutput.log".
