[0.060s] Invoking command in '/home/lunabotics/TAMU_SEDS_Lunabotics/ros2_ws/build/unitree_lidar_ros': /home/lunabotics/.local/bin/cmake /home/lunabotics/TAMU_SEDS_Lunabotics/ros2_ws/src/unilidar_sdk2/unitree_lidar_ros/src/unitree_lidar_ros -DCATKIN_INSTALL_INTO_PREFIX_ROOT=0 -DCMAKE_INSTALL_PREFIX=/home/lunabotics/TAMU_SEDS_Lunabotics/ros2_ws/install/unitree_lidar_ros
[0.254s] [0mCMake Deprecation Warning at CMakeLists.txt:1 (cmake_minimum_required):
[0.255s]   Compatibility with CMake < 2.8.12 will be removed from a future version of
[0.255s]   CMake.
[0.255s] 
[0.255s]   Update the VERSION argument <min> value or use a ...<max> suffix to tell
[0.255s]   CMake that the project does not need compatibility with older versions.
[0.255s] 
[0.256s] [0m
[0.380s] -- Eigen found (include: /usr/include/eigen3, version: 3.4.0)
[0.859s] -- FLANN found (include: /usr/include, lib: /usr/lib/aarch64-linux-gnu/libflann_cpp.so)
[3.643s] -- OpenNI found (version: 1.5.4.0, include: /usr/include/ni, lib: /usr/lib/libOpenNI.so;libusb::libusb)
[3.687s] -- OpenNI2 found (version: 2.2.0.33, include: /usr/include/openni2, lib: /usr/lib/aarch64-linux-gnu/libOpenNI2.so;libusb::libusb)
[5.412s] -- Eigen found (include: /usr/include/eigen3, version: 3.4.0)
[5.465s] -- OpenNI found (version: 1.5.4.0, include: /usr/include/ni, lib: /usr/lib/libOpenNI.so;libusb::libusb)
[5.558s] -- OpenNI2 found (version: 2.2.0.33, include: /usr/include/openni2, lib: /usr/lib/aarch64-linux-gnu/libOpenNI2.so;libusb::libusb)
[7.051s] -- Found Qhull version 8.0.2
[12.867s] -- OpenNI found (version: 1.5.4.0, include: /usr/include/ni, lib: /usr/lib/libOpenNI.so;libusb::libusb)
[14.079s] [31mCMake Error at CMakeLists.txt:11 (find_package):
[14.080s]   By not providing "Findcatkin.cmake" in CMAKE_MODULE_PATH this project has
[14.080s]   asked CMake to find a package configuration file provided by "catkin", but
[14.080s]   CMake did not find one.
[14.080s] 
[14.080s]   Could not find a package configuration file provided by "catkin" with any
[14.080s]   of the following names:
[14.080s] 
[14.081s]     catkinConfig.cmake
[14.081s]     catkin-config.cmake
[14.081s] 
[14.081s]   Add the installation prefix of "catkin" to CMAKE_PREFIX_PATH or set
[14.081s]   "catkin_DIR" to a directory containing one of the above files.  If "catkin"
[14.081s]   provides a separate development package or SDK, be sure it has been
[14.081s]   installed.
[14.082s] 
[14.082s] [0m
[14.082s] -- Configuring incomplete, errors occurred!
[14.082s] See also "/home/lunabotics/TAMU_SEDS_Lunabotics/ros2_ws/build/unitree_lidar_ros/CMakeFiles/CMakeOutput.log".
[14.182s] Invoked command in '/home/lunabotics/TAMU_SEDS_Lunabotics/ros2_ws/build/unitree_lidar_ros' returned '1': /home/lunabotics/.local/bin/cmake /home/lunabotics/TAMU_SEDS_Lunabotics/ros2_ws/src/unilidar_sdk2/unitree_lidar_ros/src/unitree_lidar_ros -DCATKIN_INSTALL_INTO_PREFIX_ROOT=0 -DCMAKE_INSTALL_PREFIX=/home/lunabotics/TAMU_SEDS_Lunabotics/ros2_ws/install/unitree_lidar_ros
