[0.615s] Invoking command in '/home/lunabotics/TAMU_SEDS_Lunabotics/ros2_ws/build/joy_controller_cpp': CMAKE_PREFIX_PATH=${CMAKE_PREFIX_PATH}:/home/lunabotics/TAMU_SEDS_Lunabotics/ros2_ws/install/pico_motor_control:/home/lunabotics/TAMU_SEDS_Lunabotics/ros2_ws/install/drive:/opt/ros/humble /home/lunabotics/.local/bin/cmake /home/lunabotics/TAMU_SEDS_Lunabotics/ros2_ws/src/joy_controller_cpp -DCMAKE_INSTALL_PREFIX=/home/lunabotics/TAMU_SEDS_Lunabotics/ros2_ws/install/joy_controller_cpp
[0.785s] [0mCMake Deprecation Warning at CMakeLists.txt:1 (cmake_minimum_required):
[0.785s]   Compatibility with CMake < 3.10 will be removed from a future version of
[0.785s]   CMake.
[0.785s] 
[0.785s]   Update the VERSION argument <min> value.  Or, use the <min>...<max> syntax
[0.785s]   to tell CMake that the project requires at least <min> but has been updated
[0.785s]   to work with policies introduced by <max> or earlier.
[0.786s] 
[0.786s] [0m
[0.801s] -- Found ament_cmake: 1.3.14 (/opt/ros/humble/share/ament_cmake/cmake)
[1.343s] -- Found rclcpp: 16.0.19 (/opt/ros/humble/share/rclcpp/cmake)
[1.420s] -- Found rosidl_generator_c: 3.1.8 (/opt/ros/humble/share/rosidl_generator_c/cmake)
[1.427s] -- Found rosidl_adapter: 3.1.8 (/opt/ros/humble/share/rosidl_adapter/cmake)
[1.443s] -- Found rosidl_generator_cpp: 3.1.8 (/opt/ros/humble/share/rosidl_generator_cpp/cmake)
[1.470s] -- Using all available rosidl_typesupport_c: rosidl_typesupport_fastrtps_c;rosidl_typesupport_introspection_c
[1.503s] -- Using all available rosidl_typesupport_cpp: rosidl_typesupport_fastrtps_cpp;rosidl_typesupport_introspection_cpp
[1.616s] -- Found rmw_implementation_cmake: 6.1.2 (/opt/ros/humble/share/rmw_implementation_cmake/cmake)
[1.623s] -- Found rmw_fastrtps_cpp: 6.2.10 (/opt/ros/humble/share/rmw_fastrtps_cpp/cmake)
[1.909s] -- Using RMW implementation 'rmw_fastrtps_cpp' as default
[2.225s] -- Found sensor_msgs: 4.9.1 (/opt/ros/humble/share/sensor_msgs/cmake)
[2.392s] -- Found ament_lint_auto: 0.12.15 (/opt/ros/humble/share/ament_lint_auto/cmake)
[2.398s] [31mCMake Error at CMakeLists.txt:27 (install):
[2.399s]   install TARGETS given target "joy_controller_node" which does not exist.
[2.399s] 
[2.399s] [0m
[2.724s] -- Added test 'cppcheck' to perform static code analysis on C / C++ code
[2.724s] -- Configured cppcheck include dirs: 
[2.724s] -- Configured cppcheck exclude dirs and/or files: 
[2.726s] -- Added test 'lint_cmake' to check CMake code style
[2.729s] -- Added test 'uncrustify' to check C / C++ code style
[2.729s] -- Configured uncrustify additional arguments: 
[2.731s] -- Added test 'xmllint' to check XML markup files
[2.737s] -- Configuring incomplete, errors occurred!
