[1.327s] Invoking command in '/home/lunabotics/TAMU_SEDS_Lunabotics/ros2_ws/src/pico_motor_control': PYTHONPATH=/home/lunabotics/TAMU_SEDS_Lunabotics/build/pico_motor_control/prefix_override:/usr/lib/python3/dist-packages/colcon_core/task/python/colcon_distutils_commands:/home/lunabotics/TAMU_SEDS_Lunabotics/install/pico_motor_control/lib/python3.10/site-packages:${PYTHONPATH} /usr/bin/python3 -W ignore:setup.py install is deprecated -W ignore:easy_install command is deprecated setup.py egg_info --egg-base ../../../build/pico_motor_control build --build-base /home/lunabotics/TAMU_SEDS_Lunabotics/build/pico_motor_control/build install --record /home/lunabotics/TAMU_SEDS_Lunabotics/build/pico_motor_control/install.log --single-version-externally-managed install_data
[1.818s] running egg_info
[1.818s] creating ../../../build/pico_motor_control/pico_motor_control.egg-info
[1.819s] writing ../../../build/pico_motor_control/pico_motor_control.egg-info/PKG-INFO
[1.819s] writing dependency_links to ../../../build/pico_motor_control/pico_motor_control.egg-info/dependency_links.txt
[1.820s] writing entry points to ../../../build/pico_motor_control/pico_motor_control.egg-info/entry_points.txt
[1.820s] writing requirements to ../../../build/pico_motor_control/pico_motor_control.egg-info/requires.txt
[1.821s] writing top-level names to ../../../build/pico_motor_control/pico_motor_control.egg-info/top_level.txt
[1.821s] writing manifest file '../../../build/pico_motor_control/pico_motor_control.egg-info/SOURCES.txt'
[1.824s] reading manifest file '../../../build/pico_motor_control/pico_motor_control.egg-info/SOURCES.txt'
[1.825s] writing manifest file '../../../build/pico_motor_control/pico_motor_control.egg-info/SOURCES.txt'
[1.826s] running build
[1.826s] running build_py
[1.826s] creating /home/lunabotics/TAMU_SEDS_Lunabotics/build/pico_motor_control/build
[1.827s] creating /home/lunabotics/TAMU_SEDS_Lunabotics/build/pico_motor_control/build/lib
[1.827s] creating /home/lunabotics/TAMU_SEDS_Lunabotics/build/pico_motor_control/build/lib/pico_motor_control
[1.827s] copying pico_motor_control/motor_controller.py -> /home/lunabotics/TAMU_SEDS_Lunabotics/build/pico_motor_control/build/lib/pico_motor_control
[1.827s] copying pico_motor_control/__init__.py -> /home/lunabotics/TAMU_SEDS_Lunabotics/build/pico_motor_control/build/lib/pico_motor_control
[1.828s] running install
[1.828s] running install_lib
[1.829s] creating /home/lunabotics/TAMU_SEDS_Lunabotics/install/pico_motor_control/lib/python3.10/site-packages/pico_motor_control
[1.829s] copying /home/lunabotics/TAMU_SEDS_Lunabotics/build/pico_motor_control/build/lib/pico_motor_control/motor_controller.py -> /home/lunabotics/TAMU_SEDS_Lunabotics/install/pico_motor_control/lib/python3.10/site-packages/pico_motor_control
[1.829s] copying /home/lunabotics/TAMU_SEDS_Lunabotics/build/pico_motor_control/build/lib/pico_motor_control/__init__.py -> /home/lunabotics/TAMU_SEDS_Lunabotics/install/pico_motor_control/lib/python3.10/site-packages/pico_motor_control
[1.830s] byte-compiling /home/lunabotics/TAMU_SEDS_Lunabotics/install/pico_motor_control/lib/python3.10/site-packages/pico_motor_control/motor_controller.py to motor_controller.cpython-310.pyc
[1.833s] byte-compiling /home/lunabotics/TAMU_SEDS_Lunabotics/install/pico_motor_control/lib/python3.10/site-packages/pico_motor_control/__init__.py to __init__.cpython-310.pyc
[1.833s] running install_data
[1.833s] creating /home/lunabotics/TAMU_SEDS_Lunabotics/install/pico_motor_control/share/ament_index
[1.834s] creating /home/lunabotics/TAMU_SEDS_Lunabotics/install/pico_motor_control/share/ament_index/resource_index
[1.834s] creating /home/lunabotics/TAMU_SEDS_Lunabotics/install/pico_motor_control/share/ament_index/resource_index/packages
[1.834s] copying resource/pico_motor_control -> /home/lunabotics/TAMU_SEDS_Lunabotics/install/pico_motor_control/share/ament_index/resource_index/packages
[1.834s] copying package.xml -> /home/lunabotics/TAMU_SEDS_Lunabotics/install/pico_motor_control/share/pico_motor_control
[1.835s] running install_egg_info
[1.839s] Copying ../../../build/pico_motor_control/pico_motor_control.egg-info to /home/lunabotics/TAMU_SEDS_Lunabotics/install/pico_motor_control/lib/python3.10/site-packages/pico_motor_control-0.0.0-py3.10.egg-info
[1.841s] running install_scripts
[1.880s] Installing motor_controller script to /home/lunabotics/TAMU_SEDS_Lunabotics/install/pico_motor_control/lib/pico_motor_control
[1.881s] writing list of installed files to '/home/lunabotics/TAMU_SEDS_Lunabotics/build/pico_motor_control/install.log'
[1.945s] Invoked command in '/home/lunabotics/TAMU_SEDS_Lunabotics/ros2_ws/src/pico_motor_control' returned '0': PYTHONPATH=/home/lunabotics/TAMU_SEDS_Lunabotics/build/pico_motor_control/prefix_override:/usr/lib/python3/dist-packages/colcon_core/task/python/colcon_distutils_commands:/home/lunabotics/TAMU_SEDS_Lunabotics/install/pico_motor_control/lib/python3.10/site-packages:${PYTHONPATH} /usr/bin/python3 -W ignore:setup.py install is deprecated -W ignore:easy_install command is deprecated setup.py egg_info --egg-base ../../../build/pico_motor_control build --build-base /home/lunabotics/TAMU_SEDS_Lunabotics/build/pico_motor_control/build install --record /home/lunabotics/TAMU_SEDS_Lunabotics/build/pico_motor_control/install.log --single-version-externally-managed install_data
