[1.349s] Invoking command in '/home/lunabotics/TAMU_SEDS_Lunabotics/ros2_ws/src/pico_motor_control': PYTHONPATH=/home/lunabotics/TAMU_SEDS_Lunabotics/build/pico_motor_control/prefix_override:/usr/lib/python3/dist-packages/colcon_core/task/python/colcon_distutils_commands:/home/lunabotics/TAMU_SEDS_Lunabotics/install/pico_motor_control/lib/python3.10/site-packages:${PYTHONPATH} /usr/bin/python3 -W ignore:setup.py install is deprecated -W ignore:easy_install command is deprecated setup.py egg_info --egg-base ../../../build/pico_motor_control build --build-base /home/lunabotics/TAMU_SEDS_Lunabotics/build/pico_motor_control/build install --record /home/lunabotics/TAMU_SEDS_Lunabotics/build/pico_motor_control/install.log --single-version-externally-managed install_data
[1.838s] running egg_info
[1.839s] writing ../../../build/pico_motor_control/pico_motor_control.egg-info/PKG-INFO
[1.839s] writing dependency_links to ../../../build/pico_motor_control/pico_motor_control.egg-info/dependency_links.txt
[1.840s] writing entry points to ../../../build/pico_motor_control/pico_motor_control.egg-info/entry_points.txt
[1.840s] writing requirements to ../../../build/pico_motor_control/pico_motor_control.egg-info/requires.txt
[1.840s] writing top-level names to ../../../build/pico_motor_control/pico_motor_control.egg-info/top_level.txt
[1.845s] reading manifest file '../../../build/pico_motor_control/pico_motor_control.egg-info/SOURCES.txt'
[1.846s] writing manifest file '../../../build/pico_motor_control/pico_motor_control.egg-info/SOURCES.txt'
[1.846s] running build
[1.847s] running build_py
[1.847s] running install
[1.848s] running install_lib
[1.850s] running install_data
[1.850s] running install_egg_info
[1.856s] removing '/home/lunabotics/TAMU_SEDS_Lunabotics/install/pico_motor_control/lib/python3.10/site-packages/pico_motor_control-0.0.0-py3.10.egg-info' (and everything under it)
[1.856s] Copying ../../../build/pico_motor_control/pico_motor_control.egg-info to /home/lunabotics/TAMU_SEDS_Lunabotics/install/pico_motor_control/lib/python3.10/site-packages/pico_motor_control-0.0.0-py3.10.egg-info
[1.858s] running install_scripts
[1.899s] Installing motor_controller script to /home/lunabotics/TAMU_SEDS_Lunabotics/install/pico_motor_control/lib/pico_motor_control
[1.899s] writing list of installed files to '/home/lunabotics/TAMU_SEDS_Lunabotics/build/pico_motor_control/install.log'
[1.964s] Invoked command in '/home/lunabotics/TAMU_SEDS_Lunabotics/ros2_ws/src/pico_motor_control' returned '0': PYTHONPATH=/home/lunabotics/TAMU_SEDS_Lunabotics/build/pico_motor_control/prefix_override:/usr/lib/python3/dist-packages/colcon_core/task/python/colcon_distutils_commands:/home/lunabotics/TAMU_SEDS_Lunabotics/install/pico_motor_control/lib/python3.10/site-packages:${PYTHONPATH} /usr/bin/python3 -W ignore:setup.py install is deprecated -W ignore:easy_install command is deprecated setup.py egg_info --egg-base ../../../build/pico_motor_control build --build-base /home/lunabotics/TAMU_SEDS_Lunabotics/build/pico_motor_control/build install --record /home/lunabotics/TAMU_SEDS_Lunabotics/build/pico_motor_control/install.log --single-version-externally-managed install_data
