[0.073s] Invoking command in '/home/lunabotics/TAMU_SEDS_Lunabotics/ros2_ws/build/cpp_pubsub': CMAKE_PREFIX_PATH=${CMAKE_PREFIX_PATH}:/home/lunabotics/TAMU_SEDS_Lunabotics/ros2_ws/install/pico_motor_control:/home/lunabotics/TAMU_SEDS_Lunabotics/ros2_ws/install/drive:/opt/ros/humble /home/lunabotics/.local/bin/cmake /home/lunabotics/TAMU_SEDS_Lunabotics/ros2_ws/src/cpp_pubsub -DCMAKE_INSTALL_PREFIX=/home/lunabotics/TAMU_SEDS_Lunabotics/ros2_ws/install/cpp_pubsub
[0.664s] -- Found ament_cmake: 1.3.14 (/opt/ros/humble/share/ament_cmake/cmake)
[0.664s] [0mCMake Deprecation Warning at CMakeLists.txt:1 (cmake_minimum_required):
[0.665s]   Compatibility with CMake < 3.10 will be removed from a future version of
[0.665s]   CMake.
[0.665s] 
[0.665s]   Update the VERSION argument <min> value.  Or, use the <min>...<max> syntax
[0.665s]   to tell CMake that the project requires at least <min> but has been updated
[0.665s]   to work with policies introduced by <max> or earlier.
[0.666s] 
[0.666s] [0m
[1.127s] -- Found rclcpp: 16.0.19 (/opt/ros/humble/share/rclcpp/cmake)
[1.404s] -- Found rosidl_generator_c: 3.1.8 (/opt/ros/humble/share/rosidl_generator_c/cmake)
[1.416s] -- Found rosidl_adapter: 3.1.8 (/opt/ros/humble/share/rosidl_adapter/cmake)
[1.443s] -- Found rosidl_generator_cpp: 3.1.8 (/opt/ros/humble/share/rosidl_generator_cpp/cmake)
[1.482s] -- Using all available rosidl_typesupport_c: rosidl_typesupport_fastrtps_c;rosidl_typesupport_introspection_c
[1.534s] -- Using all available rosidl_typesupport_cpp: rosidl_typesupport_fastrtps_cpp;rosidl_typesupport_introspection_cpp
[1.659s] -- Found rmw_implementation_cmake: 6.1.2 (/opt/ros/humble/share/rmw_implementation_cmake/cmake)
[1.665s] -- Found rmw_fastrtps_cpp: 6.2.10 (/opt/ros/humble/share/rmw_fastrtps_cpp/cmake)
[1.950s] -- Using RMW implementation 'rmw_fastrtps_cpp' as default
[2.288s] [31mCMake Error at CMakeLists.txt:15 (find_package):
[2.288s]   By not providing "Findtutorial_interfaces.cmake" in CMAKE_MODULE_PATH this
[2.288s]   project has asked CMake to find a package configuration file provided by
[2.288s]   "tutorial_interfaces", but CMake did not find one.
[2.288s] 
[2.288s]   Could not find a package configuration file provided by
[2.288s]   "tutorial_interfaces" with any of the following names:
[2.289s] 
[2.289s]     tutorial_interfaces.cps
[2.289s]     tutorial_interfacesConfig.cmake
[2.289s]     tutorial_interfaces-config.cmake
[2.289s] 
[2.289s]   Add the installation prefix of "tutorial_interfaces" to CMAKE_PREFIX_PATH
[2.289s]   or set "tutorial_interfaces_DIR" to a directory containing one of the above
[2.290s]   files.  If "tutorial_interfaces" provides a separate development package or
[2.290s]   SDK, be sure it has been installed.
[2.290s] 
[2.290s] [0m
[2.290s] -- Configuring incomplete, errors occurred!
[2.347s] Invoked command in '/home/lunabotics/TAMU_SEDS_Lunabotics/ros2_ws/build/cpp_pubsub' returned '1': CMAKE_PREFIX_PATH=${CMAKE_PREFIX_PATH}:/home/lunabotics/TAMU_SEDS_Lunabotics/ros2_ws/install/pico_motor_control:/home/lunabotics/TAMU_SEDS_Lunabotics/ros2_ws/install/drive:/opt/ros/humble /home/lunabotics/.local/bin/cmake /home/lunabotics/TAMU_SEDS_Lunabotics/ros2_ws/src/cpp_pubsub -DCMAKE_INSTALL_PREFIX=/home/lunabotics/TAMU_SEDS_Lunabotics/ros2_ws/install/cpp_pubsub
