[0.478s] DEBUG:colcon:Command line arguments: ['/usr/bin/colcon', 'build', '--packages-select', 'drive']
[0.479s] DEBUG:colcon:Parsed command line arguments: Namespace(log_base=None, log_level=None, verb_name='build', build_base='build', install_base='install', merge_install=False, symlink_install=False, test_result_base=None, continue_on_error=False, executor='parallel', parallel_workers=6, event_handlers=None, ignore_user_meta=False, metas=['./colcon.meta'], base_paths=['.'], packages_ignore=None, packages_ignore_regex=None, paths=None, packages_up_to=None, packages_up_to_regex=None, packages_above=None, packages_above_and_dependencies=None, packages_above_depth=None, packages_select_by_dep=None, packages_skip_by_dep=None, packages_skip_up_to=None, packages_select_build_failed=False, packages_skip_build_finished=False, packages_select_test_failures=False, packages_skip_test_passed=False, packages_select=['drive'], packages_skip=None, packages_select_regex=None, packages_skip_regex=None, packages_start=None, packages_end=None, allow_overriding=[], cmake_args=None, cmake_target=None, cmake_target_skip_unavailable=False, cmake_clean_cache=False, cmake_clean_first=False, cmake_force_configure=False, ament_cmake_args=None, catkin_cmake_args=None, catkin_skip_building_tests=False, verb_parser=<colcon_defaults.argument_parser.defaults.DefaultArgumentsDecorator object at 0xffffb08d1570>, verb_extension=<colcon_core.verb.build.BuildVerb object at 0xffffb08d1060>, main=<bound method BuildVerb.main of <colcon_core.verb.build.BuildVerb object at 0xffffb08d1060>>)
[1.265s] Level 1:colcon.colcon_core.package_discovery:discover_packages(colcon_meta) check parameters
[1.265s] Level 1:colcon.colcon_core.package_discovery:discover_packages(recursive) check parameters
[1.265s] Level 1:colcon.colcon_core.package_discovery:discover_packages(ignore) check parameters
[1.265s] Level 1:colcon.colcon_core.package_discovery:discover_packages(path) check parameters
[1.266s] Level 1:colcon.colcon_core.package_discovery:discover_packages(colcon_meta) discover
[1.266s] Level 1:colcon.colcon_core.package_discovery:discover_packages(recursive) discover
[1.266s] INFO:colcon.colcon_core.package_discovery:Crawling recursively for packages in '/home/lunabotics/TAMU_SEDS_Lunabotics/ros2_ws'
[1.266s] Level 1:colcon.colcon_core.package_identification:_identify(.) by extensions ['ignore', 'ignore_ament_install']
[1.267s] Level 1:colcon.colcon_core.package_identification:_identify(.) by extension 'ignore'
[1.267s] Level 1:colcon.colcon_core.package_identification:_identify(.) by extension 'ignore_ament_install'
[1.267s] Level 1:colcon.colcon_core.package_identification:_identify(.) by extensions ['colcon_pkg']
[1.267s] Level 1:colcon.colcon_core.package_identification:_identify(.) by extension 'colcon_pkg'
[1.267s] Level 1:colcon.colcon_core.package_identification:_identify(.) by extensions ['colcon_meta']
[1.267s] Level 1:colcon.colcon_core.package_identification:_identify(.) by extension 'colcon_meta'
[1.268s] Level 1:colcon.colcon_core.package_identification:_identify(.) by extensions ['ros']
[1.268s] Level 1:colcon.colcon_core.package_identification:_identify(.) by extension 'ros'
[1.307s] Level 1:colcon.colcon_core.package_identification:_identify(.) by extensions ['cmake', 'python']
[1.308s] Level 1:colcon.colcon_core.package_identification:_identify(.) by extension 'cmake'
[1.308s] Level 1:colcon.colcon_core.package_identification:_identify(.) by extension 'python'
[1.308s] Level 1:colcon.colcon_core.package_identification:_identify(.) by extensions ['python_setup_py']
[1.308s] Level 1:colcon.colcon_core.package_identification:_identify(.) by extension 'python_setup_py'
[1.309s] Level 1:colcon.colcon_core.package_identification:_identify(build) by extensions ['ignore', 'ignore_ament_install']
[1.309s] Level 1:colcon.colcon_core.package_identification:_identify(build) by extension 'ignore'
[1.309s] Level 1:colcon.colcon_core.package_identification:_identify(build) ignored
[1.310s] Level 1:colcon.colcon_core.package_identification:_identify(install) by extensions ['ignore', 'ignore_ament_install']
[1.310s] Level 1:colcon.colcon_core.package_identification:_identify(install) by extension 'ignore'
[1.310s] Level 1:colcon.colcon_core.package_identification:_identify(install) ignored
[1.310s] Level 1:colcon.colcon_core.package_identification:_identify(log) by extensions ['ignore', 'ignore_ament_install']
[1.310s] Level 1:colcon.colcon_core.package_identification:_identify(log) by extension 'ignore'
[1.311s] Level 1:colcon.colcon_core.package_identification:_identify(log) ignored
[1.311s] Level 1:colcon.colcon_core.package_identification:_identify(oldbuild) by extensions ['ignore', 'ignore_ament_install']
[1.311s] Level 1:colcon.colcon_core.package_identification:_identify(oldbuild) by extension 'ignore'
[1.311s] Level 1:colcon.colcon_core.package_identification:_identify(oldbuild) ignored
[1.311s] Level 1:colcon.colcon_core.package_identification:_identify(oldlog) by extensions ['ignore', 'ignore_ament_install']
[1.312s] Level 1:colcon.colcon_core.package_identification:_identify(oldlog) by extension 'ignore'
[1.312s] Level 1:colcon.colcon_core.package_identification:_identify(oldlog) ignored
[1.312s] Level 1:colcon.colcon_core.package_identification:_identify(src) by extensions ['ignore', 'ignore_ament_install']
[1.312s] Level 1:colcon.colcon_core.package_identification:_identify(src) by extension 'ignore'
[1.312s] Level 1:colcon.colcon_core.package_identification:_identify(src) by extension 'ignore_ament_install'
[1.312s] Level 1:colcon.colcon_core.package_identification:_identify(src) by extensions ['colcon_pkg']
[1.312s] Level 1:colcon.colcon_core.package_identification:_identify(src) by extension 'colcon_pkg'
[1.313s] Level 1:colcon.colcon_core.package_identification:_identify(src) by extensions ['colcon_meta']
[1.313s] Level 1:colcon.colcon_core.package_identification:_identify(src) by extension 'colcon_meta'
[1.313s] Level 1:colcon.colcon_core.package_identification:_identify(src) by extensions ['ros']
[1.313s] Level 1:colcon.colcon_core.package_identification:_identify(src) by extension 'ros'
[1.313s] Level 1:colcon.colcon_core.package_identification:_identify(src) by extensions ['cmake', 'python']
[1.313s] Level 1:colcon.colcon_core.package_identification:_identify(src) by extension 'cmake'
[1.313s] Level 1:colcon.colcon_core.package_identification:_identify(src) by extension 'python'
[1.313s] Level 1:colcon.colcon_core.package_identification:_identify(src) by extensions ['python_setup_py']
[1.314s] Level 1:colcon.colcon_core.package_identification:_identify(src) by extension 'python_setup_py'
[1.314s] Level 1:colcon.colcon_core.package_identification:_identify(src/cpp_pubsub) by extensions ['ignore', 'ignore_ament_install']
[1.314s] Level 1:colcon.colcon_core.package_identification:_identify(src/cpp_pubsub) by extension 'ignore'
[1.314s] Level 1:colcon.colcon_core.package_identification:_identify(src/cpp_pubsub) by extension 'ignore_ament_install'
[1.314s] Level 1:colcon.colcon_core.package_identification:_identify(src/cpp_pubsub) by extensions ['colcon_pkg']
[1.314s] Level 1:colcon.colcon_core.package_identification:_identify(src/cpp_pubsub) by extension 'colcon_pkg'
[1.314s] Level 1:colcon.colcon_core.package_identification:_identify(src/cpp_pubsub) by extensions ['colcon_meta']
[1.315s] Level 1:colcon.colcon_core.package_identification:_identify(src/cpp_pubsub) by extension 'colcon_meta'
[1.315s] Level 1:colcon.colcon_core.package_identification:_identify(src/cpp_pubsub) by extensions ['ros']
[1.315s] Level 1:colcon.colcon_core.package_identification:_identify(src/cpp_pubsub) by extension 'ros'
[1.324s] DEBUG:colcon.colcon_core.package_identification:Package 'src/cpp_pubsub' with type 'ros.ament_cmake' and name 'cpp_pubsub'
[1.325s] Level 1:colcon.colcon_core.package_identification:_identify(src/cpp_srvcli) by extensions ['ignore', 'ignore_ament_install']
[1.325s] Level 1:colcon.colcon_core.package_identification:_identify(src/cpp_srvcli) by extension 'ignore'
[1.325s] Level 1:colcon.colcon_core.package_identification:_identify(src/cpp_srvcli) by extension 'ignore_ament_install'
[1.325s] Level 1:colcon.colcon_core.package_identification:_identify(src/cpp_srvcli) by extensions ['colcon_pkg']
[1.326s] Level 1:colcon.colcon_core.package_identification:_identify(src/cpp_srvcli) by extension 'colcon_pkg'
[1.326s] Level 1:colcon.colcon_core.package_identification:_identify(src/cpp_srvcli) by extensions ['colcon_meta']
[1.326s] Level 1:colcon.colcon_core.package_identification:_identify(src/cpp_srvcli) by extension 'colcon_meta'
[1.326s] Level 1:colcon.colcon_core.package_identification:_identify(src/cpp_srvcli) by extensions ['ros']
[1.326s] Level 1:colcon.colcon_core.package_identification:_identify(src/cpp_srvcli) by extension 'ros'
[1.328s] DEBUG:colcon.colcon_core.package_identification:Package 'src/cpp_srvcli' with type 'ros.ament_cmake' and name 'cpp_srvcli'
[1.329s] Level 1:colcon.colcon_core.package_identification:_identify(src/drive) by extensions ['ignore', 'ignore_ament_install']
[1.329s] Level 1:colcon.colcon_core.package_identification:_identify(src/drive) by extension 'ignore'
[1.329s] Level 1:colcon.colcon_core.package_identification:_identify(src/drive) by extension 'ignore_ament_install'
[1.329s] Level 1:colcon.colcon_core.package_identification:_identify(src/drive) by extensions ['colcon_pkg']
[1.330s] Level 1:colcon.colcon_core.package_identification:_identify(src/drive) by extension 'colcon_pkg'
[1.330s] Level 1:colcon.colcon_core.package_identification:_identify(src/drive) by extensions ['colcon_meta']
[1.330s] Level 1:colcon.colcon_core.package_identification:_identify(src/drive) by extension 'colcon_meta'
[1.330s] Level 1:colcon.colcon_core.package_identification:_identify(src/drive) by extensions ['ros']
[1.330s] Level 1:colcon.colcon_core.package_identification:_identify(src/drive) by extension 'ros'
[1.332s] DEBUG:colcon.colcon_core.package_identification:Package 'src/drive' with type 'ros.ament_python' and name 'drive'
[1.332s] Level 1:colcon.colcon_core.package_identification:_identify(src/kiss-icp) by extensions ['ignore', 'ignore_ament_install']
[1.333s] Level 1:colcon.colcon_core.package_identification:_identify(src/kiss-icp) by extension 'ignore'
[1.333s] Level 1:colcon.colcon_core.package_identification:_identify(src/kiss-icp) by extension 'ignore_ament_install'
[1.333s] Level 1:colcon.colcon_core.package_identification:_identify(src/kiss-icp) by extensions ['colcon_pkg']
[1.333s] Level 1:colcon.colcon_core.package_identification:_identify(src/kiss-icp) by extension 'colcon_pkg'
[1.333s] Level 1:colcon.colcon_core.package_identification:_identify(src/kiss-icp) by extensions ['colcon_meta']
[1.333s] Level 1:colcon.colcon_core.package_identification:_identify(src/kiss-icp) by extension 'colcon_meta'
[1.333s] Level 1:colcon.colcon_core.package_identification:_identify(src/kiss-icp) by extensions ['ros']
[1.333s] Level 1:colcon.colcon_core.package_identification:_identify(src/kiss-icp) by extension 'ros'
[1.334s] Level 1:colcon.colcon_core.package_identification:_identify(src/kiss-icp) by extensions ['cmake', 'python']
[1.334s] Level 1:colcon.colcon_core.package_identification:_identify(src/kiss-icp) by extension 'cmake'
[1.334s] Level 1:colcon.colcon_core.package_identification:_identify(src/kiss-icp) by extension 'python'
[1.334s] Level 1:colcon.colcon_core.package_identification:_identify(src/kiss-icp) by extensions ['python_setup_py']
[1.334s] Level 1:colcon.colcon_core.package_identification:_identify(src/kiss-icp) by extension 'python_setup_py'
[1.334s] Level 1:colcon.colcon_core.package_identification:_identify(src/kiss-icp/build) by extensions ['ignore', 'ignore_ament_install']
[1.335s] Level 1:colcon.colcon_core.package_identification:_identify(src/kiss-icp/build) by extension 'ignore'
[1.335s] Level 1:colcon.colcon_core.package_identification:_identify(src/kiss-icp/build) ignored
[1.335s] Level 1:colcon.colcon_core.package_identification:_identify(src/kiss-icp/config) by extensions ['ignore', 'ignore_ament_install']
[1.335s] Level 1:colcon.colcon_core.package_identification:_identify(src/kiss-icp/config) by extension 'ignore'
[1.335s] Level 1:colcon.colcon_core.package_identification:_identify(src/kiss-icp/config) by extension 'ignore_ament_install'
[1.336s] Level 1:colcon.colcon_core.package_identification:_identify(src/kiss-icp/config) by extensions ['colcon_pkg']
[1.336s] Level 1:colcon.colcon_core.package_identification:_identify(src/kiss-icp/config) by extension 'colcon_pkg'
[1.336s] Level 1:colcon.colcon_core.package_identification:_identify(src/kiss-icp/config) by extensions ['colcon_meta']
[1.336s] Level 1:colcon.colcon_core.package_identification:_identify(src/kiss-icp/config) by extension 'colcon_meta'
[1.336s] Level 1:colcon.colcon_core.package_identification:_identify(src/kiss-icp/config) by extensions ['ros']
[1.336s] Level 1:colcon.colcon_core.package_identification:_identify(src/kiss-icp/config) by extension 'ros'
[1.336s] Level 1:colcon.colcon_core.package_identification:_identify(src/kiss-icp/config) by extensions ['cmake', 'python']
[1.336s] Level 1:colcon.colcon_core.package_identification:_identify(src/kiss-icp/config) by extension 'cmake'
[1.337s] Level 1:colcon.colcon_core.package_identification:_identify(src/kiss-icp/config) by extension 'python'
[1.337s] Level 1:colcon.colcon_core.package_identification:_identify(src/kiss-icp/config) by extensions ['python_setup_py']
[1.337s] Level 1:colcon.colcon_core.package_identification:_identify(src/kiss-icp/config) by extension 'python_setup_py'
[1.337s] Level 1:colcon.colcon_core.package_identification:_identify(src/kiss-icp/cpp) by extensions ['ignore', 'ignore_ament_install']
[1.337s] Level 1:colcon.colcon_core.package_identification:_identify(src/kiss-icp/cpp) by extension 'ignore'
[1.337s] Level 1:colcon.colcon_core.package_identification:_identify(src/kiss-icp/cpp) ignored
[1.338s] Level 1:colcon.colcon_core.package_identification:_identify(src/kiss-icp/eval) by extensions ['ignore', 'ignore_ament_install']
[1.338s] Level 1:colcon.colcon_core.package_identification:_identify(src/kiss-icp/eval) by extension 'ignore'
[1.338s] Level 1:colcon.colcon_core.package_identification:_identify(src/kiss-icp/eval) by extension 'ignore_ament_install'
[1.338s] Level 1:colcon.colcon_core.package_identification:_identify(src/kiss-icp/eval) by extensions ['colcon_pkg']
[1.338s] Level 1:colcon.colcon_core.package_identification:_identify(src/kiss-icp/eval) by extension 'colcon_pkg'
[1.338s] Level 1:colcon.colcon_core.package_identification:_identify(src/kiss-icp/eval) by extensions ['colcon_meta']
[1.338s] Level 1:colcon.colcon_core.package_identification:_identify(src/kiss-icp/eval) by extension 'colcon_meta'
[1.338s] Level 1:colcon.colcon_core.package_identification:_identify(src/kiss-icp/eval) by extensions ['ros']
[1.339s] Level 1:colcon.colcon_core.package_identification:_identify(src/kiss-icp/eval) by extension 'ros'
[1.339s] Level 1:colcon.colcon_core.package_identification:_identify(src/kiss-icp/eval) by extensions ['cmake', 'python']
[1.339s] Level 1:colcon.colcon_core.package_identification:_identify(src/kiss-icp/eval) by extension 'cmake'
[1.339s] Level 1:colcon.colcon_core.package_identification:_identify(src/kiss-icp/eval) by extension 'python'
[1.339s] Level 1:colcon.colcon_core.package_identification:_identify(src/kiss-icp/eval) by extensions ['python_setup_py']
[1.339s] Level 1:colcon.colcon_core.package_identification:_identify(src/kiss-icp/eval) by extension 'python_setup_py'
[1.339s] Level 1:colcon.colcon_core.package_identification:_identify(src/kiss-icp/install) by extensions ['ignore', 'ignore_ament_install']
[1.340s] Level 1:colcon.colcon_core.package_identification:_identify(src/kiss-icp/install) by extension 'ignore'
[1.340s] Level 1:colcon.colcon_core.package_identification:_identify(src/kiss-icp/install) ignored
[1.340s] Level 1:colcon.colcon_core.package_identification:_identify(src/kiss-icp/log) by extensions ['ignore', 'ignore_ament_install']
[1.340s] Level 1:colcon.colcon_core.package_identification:_identify(src/kiss-icp/log) by extension 'ignore'
[1.340s] Level 1:colcon.colcon_core.package_identification:_identify(src/kiss-icp/log) ignored
[1.340s] Level 1:colcon.colcon_core.package_identification:_identify(src/kiss-icp/python) by extensions ['ignore', 'ignore_ament_install']
[1.341s] Level 1:colcon.colcon_core.package_identification:_identify(src/kiss-icp/python) by extension 'ignore'
[1.341s] Level 1:colcon.colcon_core.package_identification:_identify(src/kiss-icp/python) ignored
[1.341s] Level 1:colcon.colcon_core.package_identification:_identify(src/kiss-icp/ros) by extensions ['ignore', 'ignore_ament_install']
[1.341s] Level 1:colcon.colcon_core.package_identification:_identify(src/kiss-icp/ros) by extension 'ignore'
[1.341s] Level 1:colcon.colcon_core.package_identification:_identify(src/kiss-icp/ros) by extension 'ignore_ament_install'
[1.342s] Level 1:colcon.colcon_core.package_identification:_identify(src/kiss-icp/ros) by extensions ['colcon_pkg']
[1.342s] Level 1:colcon.colcon_core.package_identification:_identify(src/kiss-icp/ros) by extension 'colcon_pkg'
[1.342s] Level 1:colcon.colcon_core.package_identification:_identify(src/kiss-icp/ros) by extensions ['colcon_meta']
[1.342s] Level 1:colcon.colcon_core.package_identification:_identify(src/kiss-icp/ros) by extension 'colcon_meta'
[1.342s] Level 1:colcon.colcon_core.package_identification:_identify(src/kiss-icp/ros) by extensions ['ros']
[1.342s] Level 1:colcon.colcon_core.package_identification:_identify(src/kiss-icp/ros) by extension 'ros'
[1.346s] DEBUG:colcon.colcon_core.package_identification:Package 'src/kiss-icp/ros' with type 'ros.ament_cmake' and name 'kiss_icp'
[1.346s] Level 1:colcon.colcon_core.package_identification:_identify(src/pico_2nd_pck) by extensions ['ignore', 'ignore_ament_install']
[1.346s] Level 1:colcon.colcon_core.package_identification:_identify(src/pico_2nd_pck) by extension 'ignore'
[1.346s] Level 1:colcon.colcon_core.package_identification:_identify(src/pico_2nd_pck) by extension 'ignore_ament_install'
[1.346s] Level 1:colcon.colcon_core.package_identification:_identify(src/pico_2nd_pck) by extensions ['colcon_pkg']
[1.346s] Level 1:colcon.colcon_core.package_identification:_identify(src/pico_2nd_pck) by extension 'colcon_pkg'
[1.347s] Level 1:colcon.colcon_core.package_identification:_identify(src/pico_2nd_pck) by extensions ['colcon_meta']
[1.347s] Level 1:colcon.colcon_core.package_identification:_identify(src/pico_2nd_pck) by extension 'colcon_meta'
[1.347s] Level 1:colcon.colcon_core.package_identification:_identify(src/pico_2nd_pck) by extensions ['ros']
[1.347s] Level 1:colcon.colcon_core.package_identification:_identify(src/pico_2nd_pck) by extension 'ros'
[1.349s] DEBUG:colcon.colcon_core.package_identification:Package 'src/pico_2nd_pck' with type 'ros.ament_python' and name 'pico_2nd_pck'
[1.349s] Level 1:colcon.colcon_core.package_identification:_identify(src/pico_motor_control) by extensions ['ignore', 'ignore_ament_install']
[1.349s] Level 1:colcon.colcon_core.package_identification:_identify(src/pico_motor_control) by extension 'ignore'
[1.349s] Level 1:colcon.colcon_core.package_identification:_identify(src/pico_motor_control) by extension 'ignore_ament_install'
[1.350s] Level 1:colcon.colcon_core.package_identification:_identify(src/pico_motor_control) by extensions ['colcon_pkg']
[1.350s] Level 1:colcon.colcon_core.package_identification:_identify(src/pico_motor_control) by extension 'colcon_pkg'
[1.350s] Level 1:colcon.colcon_core.package_identification:_identify(src/pico_motor_control) by extensions ['colcon_meta']
[1.350s] Level 1:colcon.colcon_core.package_identification:_identify(src/pico_motor_control) by extension 'colcon_meta'
[1.350s] Level 1:colcon.colcon_core.package_identification:_identify(src/pico_motor_control) by extensions ['ros']
[1.350s] Level 1:colcon.colcon_core.package_identification:_identify(src/pico_motor_control) by extension 'ros'
[1.352s] DEBUG:colcon.colcon_core.package_identification:Package 'src/pico_motor_control' with type 'ros.ament_python' and name 'pico_motor_control'
[1.352s] Level 1:colcon.colcon_core.package_identification:_identify(src/sensors) by extensions ['ignore', 'ignore_ament_install']
[1.352s] Level 1:colcon.colcon_core.package_identification:_identify(src/sensors) by extension 'ignore'
[1.352s] Level 1:colcon.colcon_core.package_identification:_identify(src/sensors) by extension 'ignore_ament_install'
[1.353s] Level 1:colcon.colcon_core.package_identification:_identify(src/sensors) by extensions ['colcon_pkg']
[1.353s] Level 1:colcon.colcon_core.package_identification:_identify(src/sensors) by extension 'colcon_pkg'
[1.353s] Level 1:colcon.colcon_core.package_identification:_identify(src/sensors) by extensions ['colcon_meta']
[1.353s] Level 1:colcon.colcon_core.package_identification:_identify(src/sensors) by extension 'colcon_meta'
[1.353s] Level 1:colcon.colcon_core.package_identification:_identify(src/sensors) by extensions ['ros']
[1.353s] Level 1:colcon.colcon_core.package_identification:_identify(src/sensors) by extension 'ros'
[1.355s] DEBUG:colcon.colcon_core.package_identification:Package 'src/sensors' with type 'ros.ament_cmake' and name 'sensors'
[1.355s] Level 1:colcon.colcon_core.package_identification:_identify(src/unilidar_sdk2) by extensions ['ignore', 'ignore_ament_install']
[1.355s] Level 1:colcon.colcon_core.package_identification:_identify(src/unilidar_sdk2) by extension 'ignore'
[1.356s] Level 1:colcon.colcon_core.package_identification:_identify(src/unilidar_sdk2) by extension 'ignore_ament_install'
[1.356s] Level 1:colcon.colcon_core.package_identification:_identify(src/unilidar_sdk2) by extensions ['colcon_pkg']
[1.356s] Level 1:colcon.colcon_core.package_identification:_identify(src/unilidar_sdk2) by extension 'colcon_pkg'
[1.356s] Level 1:colcon.colcon_core.package_identification:_identify(src/unilidar_sdk2) by extensions ['colcon_meta']
[1.356s] Level 1:colcon.colcon_core.package_identification:_identify(src/unilidar_sdk2) by extension 'colcon_meta'
[1.356s] Level 1:colcon.colcon_core.package_identification:_identify(src/unilidar_sdk2) by extensions ['ros']
[1.356s] Level 1:colcon.colcon_core.package_identification:_identify(src/unilidar_sdk2) by extension 'ros'
[1.356s] Level 1:colcon.colcon_core.package_identification:_identify(src/unilidar_sdk2) by extensions ['cmake', 'python']
[1.357s] Level 1:colcon.colcon_core.package_identification:_identify(src/unilidar_sdk2) by extension 'cmake'
[1.357s] Level 1:colcon.colcon_core.package_identification:_identify(src/unilidar_sdk2) by extension 'python'
[1.357s] Level 1:colcon.colcon_core.package_identification:_identify(src/unilidar_sdk2) by extensions ['python_setup_py']
[1.357s] Level 1:colcon.colcon_core.package_identification:_identify(src/unilidar_sdk2) by extension 'python_setup_py'
[1.357s] Level 1:colcon.colcon_core.package_identification:_identify(src/unilidar_sdk2/docs) by extensions ['ignore', 'ignore_ament_install']
[1.357s] Level 1:colcon.colcon_core.package_identification:_identify(src/unilidar_sdk2/docs) by extension 'ignore'
[1.357s] Level 1:colcon.colcon_core.package_identification:_identify(src/unilidar_sdk2/docs) by extension 'ignore_ament_install'
[1.358s] Level 1:colcon.colcon_core.package_identification:_identify(src/unilidar_sdk2/docs) by extensions ['colcon_pkg']
[1.358s] Level 1:colcon.colcon_core.package_identification:_identify(src/unilidar_sdk2/docs) by extension 'colcon_pkg'
[1.358s] Level 1:colcon.colcon_core.package_identification:_identify(src/unilidar_sdk2/docs) by extensions ['colcon_meta']
[1.358s] Level 1:colcon.colcon_core.package_identification:_identify(src/unilidar_sdk2/docs) by extension 'colcon_meta'
[1.358s] Level 1:colcon.colcon_core.package_identification:_identify(src/unilidar_sdk2/docs) by extensions ['ros']
[1.358s] Level 1:colcon.colcon_core.package_identification:_identify(src/unilidar_sdk2/docs) by extension 'ros'
[1.358s] Level 1:colcon.colcon_core.package_identification:_identify(src/unilidar_sdk2/docs) by extensions ['cmake', 'python']
[1.358s] Level 1:colcon.colcon_core.package_identification:_identify(src/unilidar_sdk2/docs) by extension 'cmake'
[1.358s] Level 1:colcon.colcon_core.package_identification:_identify(src/unilidar_sdk2/docs) by extension 'python'
[1.359s] Level 1:colcon.colcon_core.package_identification:_identify(src/unilidar_sdk2/docs) by extensions ['python_setup_py']
[1.359s] Level 1:colcon.colcon_core.package_identification:_identify(src/unilidar_sdk2/docs) by extension 'python_setup_py'
[1.359s] Level 1:colcon.colcon_core.package_identification:_identify(src/unilidar_sdk2/unitree_lidar_ros) by extensions ['ignore', 'ignore_ament_install']
[1.359s] Level 1:colcon.colcon_core.package_identification:_identify(src/unilidar_sdk2/unitree_lidar_ros) by extension 'ignore'
[1.359s] Level 1:colcon.colcon_core.package_identification:_identify(src/unilidar_sdk2/unitree_lidar_ros) by extension 'ignore_ament_install'
[1.359s] Level 1:colcon.colcon_core.package_identification:_identify(src/unilidar_sdk2/unitree_lidar_ros) by extensions ['colcon_pkg']
[1.359s] Level 1:colcon.colcon_core.package_identification:_identify(src/unilidar_sdk2/unitree_lidar_ros) by extension 'colcon_pkg'
[1.360s] Level 1:colcon.colcon_core.package_identification:_identify(src/unilidar_sdk2/unitree_lidar_ros) by extensions ['colcon_meta']
[1.360s] Level 1:colcon.colcon_core.package_identification:_identify(src/unilidar_sdk2/unitree_lidar_ros) by extension 'colcon_meta'
[1.360s] Level 1:colcon.colcon_core.package_identification:_identify(src/unilidar_sdk2/unitree_lidar_ros) by extensions ['ros']
[1.360s] Level 1:colcon.colcon_core.package_identification:_identify(src/unilidar_sdk2/unitree_lidar_ros) by extension 'ros'
[1.360s] Level 1:colcon.colcon_core.package_identification:_identify(src/unilidar_sdk2/unitree_lidar_ros) by extensions ['cmake', 'python']
[1.360s] Level 1:colcon.colcon_core.package_identification:_identify(src/unilidar_sdk2/unitree_lidar_ros) by extension 'cmake'
[1.360s] Level 1:colcon.colcon_core.package_identification:_identify(src/unilidar_sdk2/unitree_lidar_ros) by extension 'python'
[1.360s] Level 1:colcon.colcon_core.package_identification:_identify(src/unilidar_sdk2/unitree_lidar_ros) by extensions ['python_setup_py']
[1.360s] Level 1:colcon.colcon_core.package_identification:_identify(src/unilidar_sdk2/unitree_lidar_ros) by extension 'python_setup_py'
[1.361s] Level 1:colcon.colcon_core.package_identification:_identify(src/unilidar_sdk2/unitree_lidar_ros/src) by extensions ['ignore', 'ignore_ament_install']
[1.361s] Level 1:colcon.colcon_core.package_identification:_identify(src/unilidar_sdk2/unitree_lidar_ros/src) by extension 'ignore'
[1.361s] Level 1:colcon.colcon_core.package_identification:_identify(src/unilidar_sdk2/unitree_lidar_ros/src) by extension 'ignore_ament_install'
[1.361s] Level 1:colcon.colcon_core.package_identification:_identify(src/unilidar_sdk2/unitree_lidar_ros/src) by extensions ['colcon_pkg']
[1.361s] Level 1:colcon.colcon_core.package_identification:_identify(src/unilidar_sdk2/unitree_lidar_ros/src) by extension 'colcon_pkg'
[1.361s] Level 1:colcon.colcon_core.package_identification:_identify(src/unilidar_sdk2/unitree_lidar_ros/src) by extensions ['colcon_meta']
[1.361s] Level 1:colcon.colcon_core.package_identification:_identify(src/unilidar_sdk2/unitree_lidar_ros/src) by extension 'colcon_meta'
[1.362s] Level 1:colcon.colcon_core.package_identification:_identify(src/unilidar_sdk2/unitree_lidar_ros/src) by extensions ['ros']
[1.362s] Level 1:colcon.colcon_core.package_identification:_identify(src/unilidar_sdk2/unitree_lidar_ros/src) by extension 'ros'
[1.362s] Level 1:colcon.colcon_core.package_identification:_identify(src/unilidar_sdk2/unitree_lidar_ros/src) by extensions ['cmake', 'python']
[1.362s] Level 1:colcon.colcon_core.package_identification:_identify(src/unilidar_sdk2/unitree_lidar_ros/src) by extension 'cmake'
[1.362s] Level 1:colcon.colcon_core.package_identification:_identify(src/unilidar_sdk2/unitree_lidar_ros/src) by extension 'python'
[1.362s] Level 1:colcon.colcon_core.package_identification:_identify(src/unilidar_sdk2/unitree_lidar_ros/src) by extensions ['python_setup_py']
[1.362s] Level 1:colcon.colcon_core.package_identification:_identify(src/unilidar_sdk2/unitree_lidar_ros/src) by extension 'python_setup_py'
[1.362s] Level 1:colcon.colcon_core.package_identification:_identify(src/unilidar_sdk2/unitree_lidar_ros/src/unitree_lidar_ros) by extensions ['ignore', 'ignore_ament_install']
[1.363s] Level 1:colcon.colcon_core.package_identification:_identify(src/unilidar_sdk2/unitree_lidar_ros/src/unitree_lidar_ros) by extension 'ignore'
[1.363s] Level 1:colcon.colcon_core.package_identification:_identify(src/unilidar_sdk2/unitree_lidar_ros/src/unitree_lidar_ros) by extension 'ignore_ament_install'
[1.363s] Level 1:colcon.colcon_core.package_identification:_identify(src/unilidar_sdk2/unitree_lidar_ros/src/unitree_lidar_ros) by extensions ['colcon_pkg']
[1.363s] Level 1:colcon.colcon_core.package_identification:_identify(src/unilidar_sdk2/unitree_lidar_ros/src/unitree_lidar_ros) by extension 'colcon_pkg'
[1.363s] Level 1:colcon.colcon_core.package_identification:_identify(src/unilidar_sdk2/unitree_lidar_ros/src/unitree_lidar_ros) by extensions ['colcon_meta']
[1.363s] Level 1:colcon.colcon_core.package_identification:_identify(src/unilidar_sdk2/unitree_lidar_ros/src/unitree_lidar_ros) by extension 'colcon_meta'
[1.363s] Level 1:colcon.colcon_core.package_identification:_identify(src/unilidar_sdk2/unitree_lidar_ros/src/unitree_lidar_ros) by extensions ['ros']
[1.363s] Level 1:colcon.colcon_core.package_identification:_identify(src/unilidar_sdk2/unitree_lidar_ros/src/unitree_lidar_ros) by extension 'ros'
[1.366s] DEBUG:colcon.colcon_core.package_identification:Package 'src/unilidar_sdk2/unitree_lidar_ros/src/unitree_lidar_ros' with type 'ros.catkin' and name 'unitree_lidar_ros'
[1.366s] Level 1:colcon.colcon_core.package_identification:_identify(src/unilidar_sdk2/unitree_lidar_ros2) by extensions ['ignore', 'ignore_ament_install']
[1.366s] Level 1:colcon.colcon_core.package_identification:_identify(src/unilidar_sdk2/unitree_lidar_ros2) by extension 'ignore'
[1.367s] Level 1:colcon.colcon_core.package_identification:_identify(src/unilidar_sdk2/unitree_lidar_ros2) by extension 'ignore_ament_install'
[1.367s] Level 1:colcon.colcon_core.package_identification:_identify(src/unilidar_sdk2/unitree_lidar_ros2) by extensions ['colcon_pkg']
[1.367s] Level 1:colcon.colcon_core.package_identification:_identify(src/unilidar_sdk2/unitree_lidar_ros2) by extension 'colcon_pkg'
[1.367s] Level 1:colcon.colcon_core.package_identification:_identify(src/unilidar_sdk2/unitree_lidar_ros2) by extensions ['colcon_meta']
[1.367s] Level 1:colcon.colcon_core.package_identification:_identify(src/unilidar_sdk2/unitree_lidar_ros2) by extension 'colcon_meta'
[1.367s] Level 1:colcon.colcon_core.package_identification:_identify(src/unilidar_sdk2/unitree_lidar_ros2) by extensions ['ros']
[1.367s] Level 1:colcon.colcon_core.package_identification:_identify(src/unilidar_sdk2/unitree_lidar_ros2) by extension 'ros'
[1.367s] Level 1:colcon.colcon_core.package_identification:_identify(src/unilidar_sdk2/unitree_lidar_ros2) by extensions ['cmake', 'python']
[1.367s] Level 1:colcon.colcon_core.package_identification:_identify(src/unilidar_sdk2/unitree_lidar_ros2) by extension 'cmake'
[1.368s] Level 1:colcon.colcon_core.package_identification:_identify(src/unilidar_sdk2/unitree_lidar_ros2) by extension 'python'
[1.368s] Level 1:colcon.colcon_core.package_identification:_identify(src/unilidar_sdk2/unitree_lidar_ros2) by extensions ['python_setup_py']
[1.368s] Level 1:colcon.colcon_core.package_identification:_identify(src/unilidar_sdk2/unitree_lidar_ros2) by extension 'python_setup_py'
[1.368s] Level 1:colcon.colcon_core.package_identification:_identify(src/unilidar_sdk2/unitree_lidar_ros2/build) by extensions ['ignore', 'ignore_ament_install']
[1.368s] Level 1:colcon.colcon_core.package_identification:_identify(src/unilidar_sdk2/unitree_lidar_ros2/build) by extension 'ignore'
[1.368s] Level 1:colcon.colcon_core.package_identification:_identify(src/unilidar_sdk2/unitree_lidar_ros2/build) ignored
[1.369s] Level 1:colcon.colcon_core.package_identification:_identify(src/unilidar_sdk2/unitree_lidar_ros2/install) by extensions ['ignore', 'ignore_ament_install']
[1.369s] Level 1:colcon.colcon_core.package_identification:_identify(src/unilidar_sdk2/unitree_lidar_ros2/install) by extension 'ignore'
[1.369s] Level 1:colcon.colcon_core.package_identification:_identify(src/unilidar_sdk2/unitree_lidar_ros2/install) ignored
[1.369s] Level 1:colcon.colcon_core.package_identification:_identify(src/unilidar_sdk2/unitree_lidar_ros2/log) by extensions ['ignore', 'ignore_ament_install']
[1.369s] Level 1:colcon.colcon_core.package_identification:_identify(src/unilidar_sdk2/unitree_lidar_ros2/log) by extension 'ignore'
[1.369s] Level 1:colcon.colcon_core.package_identification:_identify(src/unilidar_sdk2/unitree_lidar_ros2/log) ignored
[1.370s] Level 1:colcon.colcon_core.package_identification:_identify(src/unilidar_sdk2/unitree_lidar_ros2/src) by extensions ['ignore', 'ignore_ament_install']
[1.370s] Level 1:colcon.colcon_core.package_identification:_identify(src/unilidar_sdk2/unitree_lidar_ros2/src) by extension 'ignore'
[1.370s] Level 1:colcon.colcon_core.package_identification:_identify(src/unilidar_sdk2/unitree_lidar_ros2/src) by extension 'ignore_ament_install'
[1.370s] Level 1:colcon.colcon_core.package_identification:_identify(src/unilidar_sdk2/unitree_lidar_ros2/src) by extensions ['colcon_pkg']
[1.370s] Level 1:colcon.colcon_core.package_identification:_identify(src/unilidar_sdk2/unitree_lidar_ros2/src) by extension 'colcon_pkg'
[1.370s] Level 1:colcon.colcon_core.package_identification:_identify(src/unilidar_sdk2/unitree_lidar_ros2/src) by extensions ['colcon_meta']
[1.370s] Level 1:colcon.colcon_core.package_identification:_identify(src/unilidar_sdk2/unitree_lidar_ros2/src) by extension 'colcon_meta'
[1.370s] Level 1:colcon.colcon_core.package_identification:_identify(src/unilidar_sdk2/unitree_lidar_ros2/src) by extensions ['ros']
[1.370s] Level 1:colcon.colcon_core.package_identification:_identify(src/unilidar_sdk2/unitree_lidar_ros2/src) by extension 'ros'
[1.371s] Level 1:colcon.colcon_core.package_identification:_identify(src/unilidar_sdk2/unitree_lidar_ros2/src) by extensions ['cmake', 'python']
[1.371s] Level 1:colcon.colcon_core.package_identification:_identify(src/unilidar_sdk2/unitree_lidar_ros2/src) by extension 'cmake'
[1.371s] Level 1:colcon.colcon_core.package_identification:_identify(src/unilidar_sdk2/unitree_lidar_ros2/src) by extension 'python'
[1.371s] Level 1:colcon.colcon_core.package_identification:_identify(src/unilidar_sdk2/unitree_lidar_ros2/src) by extensions ['python_setup_py']
[1.371s] Level 1:colcon.colcon_core.package_identification:_identify(src/unilidar_sdk2/unitree_lidar_ros2/src) by extension 'python_setup_py'
[1.371s] Level 1:colcon.colcon_core.package_identification:_identify(src/unilidar_sdk2/unitree_lidar_ros2/src/build) by extensions ['ignore', 'ignore_ament_install']
[1.371s] Level 1:colcon.colcon_core.package_identification:_identify(src/unilidar_sdk2/unitree_lidar_ros2/src/build) by extension 'ignore'
[1.371s] Level 1:colcon.colcon_core.package_identification:_identify(src/unilidar_sdk2/unitree_lidar_ros2/src/build) ignored
[1.372s] Level 1:colcon.colcon_core.package_identification:_identify(src/unilidar_sdk2/unitree_lidar_ros2/src/install) by extensions ['ignore', 'ignore_ament_install']
[1.372s] Level 1:colcon.colcon_core.package_identification:_identify(src/unilidar_sdk2/unitree_lidar_ros2/src/install) by extension 'ignore'
[1.372s] Level 1:colcon.colcon_core.package_identification:_identify(src/unilidar_sdk2/unitree_lidar_ros2/src/install) ignored
[1.372s] Level 1:colcon.colcon_core.package_identification:_identify(src/unilidar_sdk2/unitree_lidar_ros2/src/log) by extensions ['ignore', 'ignore_ament_install']
[1.372s] Level 1:colcon.colcon_core.package_identification:_identify(src/unilidar_sdk2/unitree_lidar_ros2/src/log) by extension 'ignore'
[1.373s] Level 1:colcon.colcon_core.package_identification:_identify(src/unilidar_sdk2/unitree_lidar_ros2/src/log) ignored
[1.373s] Level 1:colcon.colcon_core.package_identification:_identify(src/unilidar_sdk2/unitree_lidar_ros2/src/unitree_lidar_ros2) by extensions ['ignore', 'ignore_ament_install']
[1.373s] Level 1:colcon.colcon_core.package_identification:_identify(src/unilidar_sdk2/unitree_lidar_ros2/src/unitree_lidar_ros2) by extension 'ignore'
[1.373s] Level 1:colcon.colcon_core.package_identification:_identify(src/unilidar_sdk2/unitree_lidar_ros2/src/unitree_lidar_ros2) by extension 'ignore_ament_install'
[1.373s] Level 1:colcon.colcon_core.package_identification:_identify(src/unilidar_sdk2/unitree_lidar_ros2/src/unitree_lidar_ros2) by extensions ['colcon_pkg']
[1.373s] Level 1:colcon.colcon_core.package_identification:_identify(src/unilidar_sdk2/unitree_lidar_ros2/src/unitree_lidar_ros2) by extension 'colcon_pkg'
[1.373s] Level 1:colcon.colcon_core.package_identification:_identify(src/unilidar_sdk2/unitree_lidar_ros2/src/unitree_lidar_ros2) by extensions ['colcon_meta']
[1.373s] Level 1:colcon.colcon_core.package_identification:_identify(src/unilidar_sdk2/unitree_lidar_ros2/src/unitree_lidar_ros2) by extension 'colcon_meta'
[1.374s] Level 1:colcon.colcon_core.package_identification:_identify(src/unilidar_sdk2/unitree_lidar_ros2/src/unitree_lidar_ros2) by extensions ['ros']
[1.374s] Level 1:colcon.colcon_core.package_identification:_identify(src/unilidar_sdk2/unitree_lidar_ros2/src/unitree_lidar_ros2) by extension 'ros'
[1.376s] DEBUG:colcon.colcon_core.package_identification:Package 'src/unilidar_sdk2/unitree_lidar_ros2/src/unitree_lidar_ros2' with type 'ros.ament_cmake' and name 'unitree_lidar_ros2'
[1.376s] Level 1:colcon.colcon_core.package_identification:_identify(src/unilidar_sdk2/unitree_lidar_sdk) by extensions ['ignore', 'ignore_ament_install']
[1.376s] Level 1:colcon.colcon_core.package_identification:_identify(src/unilidar_sdk2/unitree_lidar_sdk) by extension 'ignore'
[1.376s] Level 1:colcon.colcon_core.package_identification:_identify(src/unilidar_sdk2/unitree_lidar_sdk) by extension 'ignore_ament_install'
[1.377s] Level 1:colcon.colcon_core.package_identification:_identify(src/unilidar_sdk2/unitree_lidar_sdk) by extensions ['colcon_pkg']
[1.377s] Level 1:colcon.colcon_core.package_identification:_identify(src/unilidar_sdk2/unitree_lidar_sdk) by extension 'colcon_pkg'
[1.377s] Level 1:colcon.colcon_core.package_identification:_identify(src/unilidar_sdk2/unitree_lidar_sdk) by extensions ['colcon_meta']
[1.377s] Level 1:colcon.colcon_core.package_identification:_identify(src/unilidar_sdk2/unitree_lidar_sdk) by extension 'colcon_meta'
[1.377s] Level 1:colcon.colcon_core.package_identification:_identify(src/unilidar_sdk2/unitree_lidar_sdk) by extensions ['ros']
[1.377s] Level 1:colcon.colcon_core.package_identification:_identify(src/unilidar_sdk2/unitree_lidar_sdk) by extension 'ros'
[1.377s] Level 1:colcon.colcon_core.package_identification:_identify(src/unilidar_sdk2/unitree_lidar_sdk) by extensions ['cmake', 'python']
[1.377s] Level 1:colcon.colcon_core.package_identification:_identify(src/unilidar_sdk2/unitree_lidar_sdk) by extension 'cmake'
[1.392s] Level 1:colcon.colcon_core.package_identification:_identify(src/unilidar_sdk2/unitree_lidar_sdk) by extension 'python'
[1.392s] DEBUG:colcon.colcon_core.package_identification:Package 'src/unilidar_sdk2/unitree_lidar_sdk' with type 'cmake' and name 'unitree_lidar_sdk'
[1.392s] Level 1:colcon.colcon_core.package_discovery:discover_packages(recursive) using defaults
[1.392s] Level 1:colcon.colcon_core.package_discovery:discover_packages(ignore) discover
[1.392s] Level 1:colcon.colcon_core.package_discovery:discover_packages(ignore) using defaults
[1.392s] Level 1:colcon.colcon_core.package_discovery:discover_packages(path) discover
[1.392s] Level 1:colcon.colcon_core.package_discovery:discover_packages(path) using defaults
[1.515s] INFO:colcon.colcon_core.package_selection:Skipping not selected package 'cpp_pubsub' in 'src/cpp_pubsub'
[1.515s] INFO:colcon.colcon_core.package_selection:Skipping not selected package 'cpp_srvcli' in 'src/cpp_srvcli'
[1.515s] INFO:colcon.colcon_core.package_selection:Skipping not selected package 'kiss_icp' in 'src/kiss-icp/ros'
[1.515s] INFO:colcon.colcon_core.package_selection:Skipping not selected package 'pico_2nd_pck' in 'src/pico_2nd_pck'
[1.515s] INFO:colcon.colcon_core.package_selection:Skipping not selected package 'pico_motor_control' in 'src/pico_motor_control'
[1.515s] INFO:colcon.colcon_core.package_selection:Skipping not selected package 'sensors' in 'src/sensors'
[1.515s] INFO:colcon.colcon_core.package_selection:Skipping not selected package 'unitree_lidar_ros' in 'src/unilidar_sdk2/unitree_lidar_ros/src/unitree_lidar_ros'
[1.516s] INFO:colcon.colcon_core.package_selection:Skipping not selected package 'unitree_lidar_ros2' in 'src/unilidar_sdk2/unitree_lidar_ros2/src/unitree_lidar_ros2'
[1.516s] INFO:colcon.colcon_core.package_selection:Skipping not selected package 'unitree_lidar_sdk' in 'src/unilidar_sdk2/unitree_lidar_sdk'
[1.517s] Level 1:colcon.colcon_core.package_discovery:discover_packages(prefix_path) check parameters
[1.517s] Level 1:colcon.colcon_core.package_discovery:discover_packages(prefix_path) discover
[1.527s] DEBUG:colcon.colcon_installed_package_information.package_discovery:Found 11 installed packages in /home/lunabotics/TAMU_SEDS_Lunabotics/ros2_ws/install
[1.530s] DEBUG:colcon.colcon_installed_package_information.package_discovery:Found 277 installed packages in /opt/ros/humble
[1.532s] Level 1:colcon.colcon_core.package_discovery:discover_packages(prefix_path) using defaults
[1.615s] Level 5:colcon.colcon_core.verb:set package 'drive' build argument 'cmake_args' from command line to 'None'
[1.615s] Level 5:colcon.colcon_core.verb:set package 'drive' build argument 'cmake_target' from command line to 'None'
[1.615s] Level 5:colcon.colcon_core.verb:set package 'drive' build argument 'cmake_target_skip_unavailable' from command line to 'False'
[1.615s] Level 5:colcon.colcon_core.verb:set package 'drive' build argument 'cmake_clean_cache' from command line to 'False'
[1.616s] Level 5:colcon.colcon_core.verb:set package 'drive' build argument 'cmake_clean_first' from command line to 'False'
[1.616s] Level 5:colcon.colcon_core.verb:set package 'drive' build argument 'cmake_force_configure' from command line to 'False'
[1.616s] Level 5:colcon.colcon_core.verb:set package 'drive' build argument 'ament_cmake_args' from command line to 'None'
[1.616s] Level 5:colcon.colcon_core.verb:set package 'drive' build argument 'catkin_cmake_args' from command line to 'None'
[1.616s] Level 5:colcon.colcon_core.verb:set package 'drive' build argument 'catkin_skip_building_tests' from command line to 'False'
[1.616s] DEBUG:colcon.colcon_core.verb:Building package 'drive' with the following arguments: {'ament_cmake_args': None, 'build_base': '/home/lunabotics/TAMU_SEDS_Lunabotics/ros2_ws/build/drive', 'catkin_cmake_args': None, 'catkin_skip_building_tests': False, 'cmake_args': None, 'cmake_clean_cache': False, 'cmake_clean_first': False, 'cmake_force_configure': False, 'cmake_target': None, 'cmake_target_skip_unavailable': False, 'install_base': '/home/lunabotics/TAMU_SEDS_Lunabotics/ros2_ws/install/drive', 'merge_install': False, 'path': '/home/lunabotics/TAMU_SEDS_Lunabotics/ros2_ws/src/drive', 'symlink_install': False, 'test_result_base': None}
[1.616s] INFO:colcon.colcon_core.executor:Executing jobs using 'parallel' executor
[1.618s] DEBUG:colcon.colcon_parallel_executor.executor.parallel:run_until_complete
[1.619s] INFO:colcon.colcon_ros.task.ament_python.build:Building ROS package in '/home/lunabotics/TAMU_SEDS_Lunabotics/ros2_ws/src/drive' with build type 'ament_python'
[1.619s] Level 1:colcon.colcon_core.shell:create_environment_hook('drive', 'ament_prefix_path')
[1.633s] INFO:colcon.colcon_core.plugin_system:Skipping extension 'colcon_core.shell.bat': Not used on non-Windows systems
[1.633s] INFO:colcon.colcon_core.shell:Creating environment hook '/home/lunabotics/TAMU_SEDS_Lunabotics/ros2_ws/install/drive/share/drive/hook/ament_prefix_path.ps1'
[1.636s] INFO:colcon.colcon_core.shell:Creating environment descriptor '/home/lunabotics/TAMU_SEDS_Lunabotics/ros2_ws/install/drive/share/drive/hook/ament_prefix_path.dsv'
[1.640s] INFO:colcon.colcon_core.shell:Creating environment hook '/home/lunabotics/TAMU_SEDS_Lunabotics/ros2_ws/install/drive/share/drive/hook/ament_prefix_path.sh'
[1.670s] INFO:colcon.colcon_core.shell:Skip shell extension 'powershell' for command environment: Not usable outside of PowerShell
[1.671s] DEBUG:colcon.colcon_core.shell:Skip shell extension 'dsv' for command environment
[2.259s] WARNING:colcon.colcon_ros.task.ament_python.build:Package 'drive' doesn't explicitly install a marker in the package index (colcon-ros currently does it implicitly but that fallback will be removed in the future)
[2.260s] WARNING:colcon.colcon_ros.task.ament_python.build:Package 'drive' doesn't explicitly install the 'package.xml' file (colcon-ros currently does it implicitly but that fallback will be removed in the future)
[2.262s] INFO:colcon.colcon_core.task.python.build:Building Python package in '/home/lunabotics/TAMU_SEDS_Lunabotics/ros2_ws/src/drive'
[2.262s] INFO:colcon.colcon_core.shell:Skip shell extension 'powershell' for command environment: Not usable outside of PowerShell
[2.263s] DEBUG:colcon.colcon_core.shell:Skip shell extension 'dsv' for command environment
[3.494s] DEBUG:colcon.colcon_core.event_handler.log_command:Invoking command in '/home/lunabotics/TAMU_SEDS_Lunabotics/ros2_ws/build/drive': PYTHONPATH=/home/lunabotics/TAMU_SEDS_Lunabotics/ros2_ws/build/drive/prefix_override:/usr/lib/python3/dist-packages/colcon_core/task/python/colcon_distutils_commands:/home/lunabotics/TAMU_SEDS_Lunabotics/ros2_ws/install/drive/lib/python3.10/site-packages:${PYTHONPATH} /usr/bin/python3 -W ignore:setup.py install is deprecated -W ignore:easy_install command is deprecated setup.py develop --uninstall --editable --build-directory /home/lunabotics/TAMU_SEDS_Lunabotics/ros2_ws/build/drive/build
[4.446s] DEBUG:colcon.colcon_core.event_handler.log_command:Invoked command in '/home/lunabotics/TAMU_SEDS_Lunabotics/ros2_ws/build/drive' returned '0': PYTHONPATH=/home/lunabotics/TAMU_SEDS_Lunabotics/ros2_ws/build/drive/prefix_override:/usr/lib/python3/dist-packages/colcon_core/task/python/colcon_distutils_commands:/home/lunabotics/TAMU_SEDS_Lunabotics/ros2_ws/install/drive/lib/python3.10/site-packages:${PYTHONPATH} /usr/bin/python3 -W ignore:setup.py install is deprecated -W ignore:easy_install command is deprecated setup.py develop --uninstall --editable --build-directory /home/lunabotics/TAMU_SEDS_Lunabotics/ros2_ws/build/drive/build
[4.450s] DEBUG:colcon.colcon_core.event_handler.log_command:Invoking command in '/home/lunabotics/TAMU_SEDS_Lunabotics/ros2_ws/src/drive': PYTHONPATH=/home/lunabotics/TAMU_SEDS_Lunabotics/ros2_ws/build/drive/prefix_override:/usr/lib/python3/dist-packages/colcon_core/task/python/colcon_distutils_commands:/home/lunabotics/TAMU_SEDS_Lunabotics/ros2_ws/install/drive/lib/python3.10/site-packages:${PYTHONPATH} /usr/bin/python3 -W ignore:setup.py install is deprecated -W ignore:easy_install command is deprecated setup.py egg_info --egg-base ../../build/drive build --build-base /home/lunabotics/TAMU_SEDS_Lunabotics/ros2_ws/build/drive/build install --record /home/lunabotics/TAMU_SEDS_Lunabotics/ros2_ws/build/drive/install.log --single-version-externally-managed
[5.087s] DEBUG:colcon.colcon_core.event_handler.log_command:Invoked command in '/home/lunabotics/TAMU_SEDS_Lunabotics/ros2_ws/src/drive' returned '0': PYTHONPATH=/home/lunabotics/TAMU_SEDS_Lunabotics/ros2_ws/build/drive/prefix_override:/usr/lib/python3/dist-packages/colcon_core/task/python/colcon_distutils_commands:/home/lunabotics/TAMU_SEDS_Lunabotics/ros2_ws/install/drive/lib/python3.10/site-packages:${PYTHONPATH} /usr/bin/python3 -W ignore:setup.py install is deprecated -W ignore:easy_install command is deprecated setup.py egg_info --egg-base ../../build/drive build --build-base /home/lunabotics/TAMU_SEDS_Lunabotics/ros2_ws/build/drive/build install --record /home/lunabotics/TAMU_SEDS_Lunabotics/ros2_ws/build/drive/install.log --single-version-externally-managed
[5.111s] Level 1:colcon.colcon_core.environment:checking '/home/lunabotics/TAMU_SEDS_Lunabotics/ros2_ws/install/drive' for CMake module files
[5.113s] Level 1:colcon.colcon_core.environment:checking '/home/lunabotics/TAMU_SEDS_Lunabotics/ros2_ws/install/drive' for CMake config files
[5.118s] Level 1:colcon.colcon_core.environment:checking '/home/lunabotics/TAMU_SEDS_Lunabotics/ros2_ws/install/drive/lib'
[5.118s] Level 1:colcon.colcon_core.environment:checking '/home/lunabotics/TAMU_SEDS_Lunabotics/ros2_ws/install/drive/bin'
[5.119s] Level 1:colcon.colcon_core.environment:checking '/home/lunabotics/TAMU_SEDS_Lunabotics/ros2_ws/install/drive/lib/pkgconfig/drive.pc'
[5.120s] Level 1:colcon.colcon_core.environment:checking '/home/lunabotics/TAMU_SEDS_Lunabotics/ros2_ws/install/drive/lib/python3.10/site-packages'
[5.120s] Level 1:colcon.colcon_core.shell:create_environment_hook('drive', 'pythonpath')
[5.122s] INFO:colcon.colcon_core.shell:Creating environment hook '/home/lunabotics/TAMU_SEDS_Lunabotics/ros2_ws/install/drive/share/drive/hook/pythonpath.ps1'
[5.127s] INFO:colcon.colcon_core.shell:Creating environment descriptor '/home/lunabotics/TAMU_SEDS_Lunabotics/ros2_ws/install/drive/share/drive/hook/pythonpath.dsv'
[5.129s] INFO:colcon.colcon_core.shell:Creating environment hook '/home/lunabotics/TAMU_SEDS_Lunabotics/ros2_ws/install/drive/share/drive/hook/pythonpath.sh'
[5.133s] Level 1:colcon.colcon_core.environment:checking '/home/lunabotics/TAMU_SEDS_Lunabotics/ros2_ws/install/drive/bin'
[5.133s] Level 1:colcon.colcon_core.environment:create_environment_scripts_only(drive)
[5.135s] INFO:colcon.colcon_core.shell:Creating package script '/home/lunabotics/TAMU_SEDS_Lunabotics/ros2_ws/install/drive/share/drive/package.ps1'
[5.142s] INFO:colcon.colcon_core.shell:Creating package descriptor '/home/lunabotics/TAMU_SEDS_Lunabotics/ros2_ws/install/drive/share/drive/package.dsv'
[5.146s] INFO:colcon.colcon_core.shell:Creating package script '/home/lunabotics/TAMU_SEDS_Lunabotics/ros2_ws/install/drive/share/drive/package.sh'
[5.150s] INFO:colcon.colcon_core.shell:Creating package script '/home/lunabotics/TAMU_SEDS_Lunabotics/ros2_ws/install/drive/share/drive/package.bash'
[5.156s] INFO:colcon.colcon_core.shell:Creating package script '/home/lunabotics/TAMU_SEDS_Lunabotics/ros2_ws/install/drive/share/drive/package.zsh'
[5.162s] Level 1:colcon.colcon_core.environment:create_file_with_runtime_dependencies(/home/lunabotics/TAMU_SEDS_Lunabotics/ros2_ws/install/drive/share/colcon-core/packages/drive)
[5.164s] DEBUG:colcon.colcon_parallel_executor.executor.parallel:closing loop
[5.166s] DEBUG:colcon.colcon_parallel_executor.executor.parallel:loop closed
[5.166s] DEBUG:colcon.colcon_parallel_executor.executor.parallel:run_until_complete finished with '0'
[5.167s] DEBUG:colcon.colcon_core.event_reactor:joining thread
[5.169s] DEBUG:colcon.colcon_core.event_reactor:joined thread
[5.170s] INFO:colcon.colcon_core.shell:Creating prefix script '/home/lunabotics/TAMU_SEDS_Lunabotics/ros2_ws/install/local_setup.ps1'
[5.194s] INFO:colcon.colcon_core.shell:Creating prefix util module '/home/lunabotics/TAMU_SEDS_Lunabotics/ros2_ws/install/_local_setup_util_ps1.py'
[5.203s] INFO:colcon.colcon_core.shell:Creating prefix chain script '/home/lunabotics/TAMU_SEDS_Lunabotics/ros2_ws/install/setup.ps1'
[5.210s] INFO:colcon.colcon_core.shell:Creating prefix script '/home/lunabotics/TAMU_SEDS_Lunabotics/ros2_ws/install/local_setup.sh'
[5.216s] INFO:colcon.colcon_core.shell:Creating prefix util module '/home/lunabotics/TAMU_SEDS_Lunabotics/ros2_ws/install/_local_setup_util_sh.py'
[5.218s] INFO:colcon.colcon_core.shell:Creating prefix chain script '/home/lunabotics/TAMU_SEDS_Lunabotics/ros2_ws/install/setup.sh'
[5.248s] INFO:colcon.colcon_core.shell:Creating prefix script '/home/lunabotics/TAMU_SEDS_Lunabotics/ros2_ws/install/local_setup.bash'
[5.251s] INFO:colcon.colcon_core.shell:Creating prefix chain script '/home/lunabotics/TAMU_SEDS_Lunabotics/ros2_ws/install/setup.bash'
[5.258s] INFO:colcon.colcon_core.shell:Creating prefix script '/home/lunabotics/TAMU_SEDS_Lunabotics/ros2_ws/install/local_setup.zsh'
[5.261s] INFO:colcon.colcon_core.shell:Creating prefix chain script '/home/lunabotics/TAMU_SEDS_Lunabotics/ros2_ws/install/setup.zsh'
