[0.021s] Invoking command in '/home/lunabotics/TAMU_SEDS_Lunabotics/ros2_ws/build/tutorial_interfaces': CMAKE_PREFIX_PATH=${CMAKE_PREFIX_PATH}:/home/lunabotics/TAMU_SEDS_Lunabotics/lunabotics_gnc2026/install/pathing:/home/lunabotics/TAMU_SEDS_Lunabotics/lunabotics_gnc2026/install/central_planner:/home/lunabotics/TAMU_SEDS_Lunabotics/ros2_ws/install/pico_motor_control:/home/lunabotics/TAMU_SEDS_Lunabotics/ros2_ws/install/pico_2nd_pck:/home/lunabotics/TAMU_SEDS_Lunabotics/ros2_ws/install/drive:/home/lunabotics/TAMU_SEDS_Lunabotics/ros2_ws/install/central_planner:/opt/ros/humble /home/lunabotics/.local/bin/cmake /home/lunabotics/TAMU_SEDS_Lunabotics/ros2_ws/src/tutorial_interfaces -DCMAKE_INSTALL_PREFIX=/home/lunabotics/TAMU_SEDS_Lunabotics/ros2_ws/install/tutorial_interfaces
[0.204s] -- The C compiler identification is GNU 11.4.0
[0.356s] -- The CXX compiler identification is GNU 11.4.0
[0.395s] -- Detecting C compiler ABI info
[0.550s] -- Detecting C compiler ABI info - done
[0.584s] -- Check for working C compiler: /usr/bin/cc - skipped
[0.585s] -- Detecting C compile features
[0.587s] -- Detecting C compile features - done
[0.600s] -- Detecting CXX compiler ABI info
[0.771s] -- Detecting CXX compiler ABI info - done
[0.806s] -- Check for working CXX compiler: /usr/bin/c++ - skipped
[0.808s] -- Detecting CXX compile features
[0.810s] -- Detecting CXX compile features - done
[0.822s] -- Found ament_cmake: 1.3.14 (/opt/ros/humble/share/ament_cmake/cmake)
[1.125s] -- Found Python3: /usr/bin/python3 (found version "3.10.12") found components: Interpreter 
[1.378s] -- Found geometry_msgs: 4.9.1 (/opt/ros/humble/share/geometry_msgs/cmake)
[1.475s] -- Found rosidl_generator_c: 3.1.8 (/opt/ros/humble/share/rosidl_generator_c/cmake)
[1.486s] -- Found rosidl_adapter: 3.1.8 (/opt/ros/humble/share/rosidl_adapter/cmake)
[1.506s] -- Found rosidl_generator_cpp: 3.1.8 (/opt/ros/humble/share/rosidl_generator_cpp/cmake)
[1.535s] -- Using all available rosidl_typesupport_c: rosidl_typesupport_fastrtps_c;rosidl_typesupport_introspection_c
[1.573s] -- Using all available rosidl_typesupport_cpp: rosidl_typesupport_fastrtps_cpp;rosidl_typesupport_introspection_cpp
[1.666s] -- Found rosidl_default_generators: 1.2.1 (/opt/ros/humble/share/rosidl_default_generators/cmake)
[2.297s] -- Found ament_cmake_ros: 0.10.0 (/opt/ros/humble/share/ament_cmake_ros/cmake)
[2.966s] -- Using all available rosidl_typesupport_c: rosidl_typesupport_fastrtps_c;rosidl_typesupport_introspection_c
[3.223s] -- Using all available rosidl_typesupport_cpp: rosidl_typesupport_fastrtps_cpp;rosidl_typesupport_introspection_cpp
[3.284s] -- Found PythonInterp: /usr/bin/python3 (found suitable version "3.10.12", minimum required is "3.6") 
[3.291s] -- Found python_cmake_module: 0.10.0 (/opt/ros/humble/share/python_cmake_module/cmake)
[3.384s] -- Found PythonLibs: /usr/lib/aarch64-linux-gnu/libpython3.10.so (found suitable version "3.10.12", minimum required is "3.5") 
[3.385s] -- Using PYTHON_EXECUTABLE: /usr/bin/python3
[3.385s] -- Using PYTHON_INCLUDE_DIRS: /usr/include/python3.10
[3.385s] -- Using PYTHON_LIBRARIES: /usr/lib/aarch64-linux-gnu/libpython3.10.so
[3.445s] -- Found PythonExtra: .so  
[3.778s] -- Found ament_lint_auto: 0.12.15 (/opt/ros/humble/share/ament_lint_auto/cmake)
[3.823s] -- Added test 'lint_cmake' to check CMake code style
[3.827s] -- Added test 'xmllint' to check XML markup files
[3.834s] -- Configuring done
[3.927s] -- Generating done
[3.957s] -- Build files have been written to: /home/lunabotics/TAMU_SEDS_Lunabotics/ros2_ws/build/tutorial_interfaces
[3.991s] Invoked command in '/home/lunabotics/TAMU_SEDS_Lunabotics/ros2_ws/build/tutorial_interfaces' returned '0': CMAKE_PREFIX_PATH=${CMAKE_PREFIX_PATH}:/home/lunabotics/TAMU_SEDS_Lunabotics/lunabotics_gnc2026/install/pathing:/home/lunabotics/TAMU_SEDS_Lunabotics/lunabotics_gnc2026/install/central_planner:/home/lunabotics/TAMU_SEDS_Lunabotics/ros2_ws/install/pico_motor_control:/home/lunabotics/TAMU_SEDS_Lunabotics/ros2_ws/install/pico_2nd_pck:/home/lunabotics/TAMU_SEDS_Lunabotics/ros2_ws/install/drive:/home/lunabotics/TAMU_SEDS_Lunabotics/ros2_ws/install/central_planner:/opt/ros/humble /home/lunabotics/.local/bin/cmake /home/lunabotics/TAMU_SEDS_Lunabotics/ros2_ws/src/tutorial_interfaces -DCMAKE_INSTALL_PREFIX=/home/lunabotics/TAMU_SEDS_Lunabotics/ros2_ws/install/tutorial_interfaces
[3.995s] Invoking command in '/home/lunabotics/TAMU_SEDS_Lunabotics/ros2_ws/build/tutorial_interfaces': CMAKE_PREFIX_PATH=${CMAKE_PREFIX_PATH}:/home/lunabotics/TAMU_SEDS_Lunabotics/lunabotics_gnc2026/install/pathing:/home/lunabotics/TAMU_SEDS_Lunabotics/lunabotics_gnc2026/install/central_planner:/home/lunabotics/TAMU_SEDS_Lunabotics/ros2_ws/install/pico_motor_control:/home/lunabotics/TAMU_SEDS_Lunabotics/ros2_ws/install/pico_2nd_pck:/home/lunabotics/TAMU_SEDS_Lunabotics/ros2_ws/install/drive:/home/lunabotics/TAMU_SEDS_Lunabotics/ros2_ws/install/central_planner:/opt/ros/humble /home/lunabotics/.local/bin/cmake --build /home/lunabotics/TAMU_SEDS_Lunabotics/ros2_ws/build/tutorial_interfaces -- -j6 -l6
[4.116s] [  1%] [34m[1mGenerating C code for ROS interfaces[0m
[4.124s] [  5%] [34m[1mGenerating Rust code for ROS interfaces[0m
[4.124s] [  5%] [34m[1mGenerating C++ code for ROS interfaces[0m
[4.129s] [  5%] Built target ament_cmake_python_copy_tutorial_interfaces
[4.637s] running egg_info
[4.638s] creating tutorial_interfaces.egg-info
[4.639s] writing tutorial_interfaces.egg-info/PKG-INFO
[4.639s] writing dependency_links to tutorial_interfaces.egg-info/dependency_links.txt
[4.640s] writing top-level names to tutorial_interfaces.egg-info/top_level.txt
[4.640s] writing manifest file 'tutorial_interfaces.egg-info/SOURCES.txt'
[4.644s] reading manifest file 'tutorial_interfaces.egg-info/SOURCES.txt'
[4.645s] writing manifest file 'tutorial_interfaces.egg-info/SOURCES.txt'
[4.700s] [  5%] Built target tutorial_interfaces__rs
[4.713s] [  5%] Built target ament_cmake_python_build_tutorial_interfaces_egg
[4.966s] [  5%] Built target tutorial_interfaces__cpp
[4.977s] [  8%] [34m[1mGenerating C++ type support dispatch for ROS interfaces[0m
[4.977s] [  8%] [34m[1mGenerating C++ introspection for ROS interfaces[0m
[4.981s] [ 10%] [34m[1mGenerating C++ type support for eProsima Fast-RTPS[0m
[4.986s] [ 12%] [32mBuilding C object CMakeFiles/tutorial_interfaces__rosidl_generator_c.dir/rosidl_generator_c/tutorial_interfaces/msg/detail/num__functions.c.o[0m
[4.986s] [ 14%] [32mBuilding C object CMakeFiles/tutorial_interfaces__rosidl_generator_c.dir/rosidl_generator_c/tutorial_interfaces/msg/detail/sphere__functions.c.o[0m
[4.988s] [ 16%] [32mBuilding C object CMakeFiles/tutorial_interfaces__rosidl_generator_c.dir/rosidl_generator_c/tutorial_interfaces/msg/detail/imu_raw__functions.c.o[0m
[5.084s] [ 17%] [32mBuilding C object CMakeFiles/tutorial_interfaces__rosidl_generator_c.dir/rosidl_generator_c/tutorial_interfaces/srv/detail/add_three_ints__functions.c.o[0m
[5.195s] [ 19%] [32m[1mLinking C shared library libtutorial_interfaces__rosidl_generator_c.so[0m
[5.245s] [ 19%] Built target tutorial_interfaces__rosidl_generator_c
[5.255s] [ 21%] [34m[1mGenerating C type support dispatch for ROS interfaces[0m
[5.255s] [ 25%] [34m[1mGenerating C type support for eProsima Fast-RTPS[0m
[5.256s] [ 25%] [34m[1mGenerating C introspection for ROS interfaces[0m
[5.586s] [ 26%] [32mBuilding CXX object CMakeFiles/tutorial_interfaces__rosidl_typesupport_cpp.dir/rosidl_typesupport_cpp/tutorial_interfaces/msg/num__type_support.cpp.o[0m
[5.664s] [ 28%] [32mBuilding CXX object CMakeFiles/tutorial_interfaces__rosidl_typesupport_introspection_cpp.dir/rosidl_typesupport_introspection_cpp/tutorial_interfaces/msg/detail/num__type_support.cpp.o[0m
[5.779s] [ 30%] [32mBuilding CXX object CMakeFiles/tutorial_interfaces__rosidl_typesupport_fastrtps_cpp.dir/rosidl_typesupport_fastrtps_cpp/tutorial_interfaces/msg/detail/dds_fastrtps/num__type_support.cpp.o[0m
[5.840s] [ 32%] [32mBuilding CXX object CMakeFiles/tutorial_interfaces__rosidl_typesupport_c.dir/rosidl_typesupport_c/tutorial_interfaces/msg/num__type_support.cpp.o[0m
[5.891s] [ 33%] [32mBuilding CXX object CMakeFiles/tutorial_interfaces__rosidl_typesupport_c.dir/rosidl_typesupport_c/tutorial_interfaces/msg/sphere__type_support.cpp.o[0m
[5.943s] [ 35%] [32mBuilding CXX object CMakeFiles/tutorial_interfaces__rosidl_typesupport_c.dir/rosidl_typesupport_c/tutorial_interfaces/msg/imu_raw__type_support.cpp.o[0m
[5.998s] [ 37%] [32mBuilding CXX object CMakeFiles/tutorial_interfaces__rosidl_typesupport_c.dir/rosidl_typesupport_c/tutorial_interfaces/srv/add_three_ints__type_support.cpp.o[0m
[6.012s] [ 39%] [32mBuilding C object CMakeFiles/tutorial_interfaces__rosidl_typesupport_introspection_c.dir/rosidl_typesupport_introspection_c/tutorial_interfaces/msg/detail/num__type_support.c.o[0m
[6.042s] [ 41%] [32mBuilding CXX object CMakeFiles/tutorial_interfaces__rosidl_typesupport_fastrtps_c.dir/rosidl_typesupport_fastrtps_c/tutorial_interfaces/msg/detail/num__type_support_c.cpp.o[0m
[6.057s] [ 42%] [32m[1mLinking CXX shared library libtutorial_interfaces__rosidl_typesupport_c.so[0m
[6.075s] [ 44%] [32mBuilding C object CMakeFiles/tutorial_interfaces__rosidl_typesupport_introspection_c.dir/rosidl_typesupport_introspection_c/tutorial_interfaces/msg/detail/sphere__type_support.c.o[0m
[6.116s] [ 44%] Built target tutorial_interfaces__rosidl_typesupport_c
[6.124s] [ 46%] [32mBuilding C object CMakeFiles/tutorial_interfaces__rosidl_typesupport_introspection_c.dir/rosidl_typesupport_introspection_c/tutorial_interfaces/msg/detail/imu_raw__type_support.c.o[0m
[6.142s] [ 48%] [32mBuilding CXX object CMakeFiles/tutorial_interfaces__rosidl_typesupport_cpp.dir/rosidl_typesupport_cpp/tutorial_interfaces/msg/sphere__type_support.cpp.o[0m
[6.184s] [ 50%] [32mBuilding C object CMakeFiles/tutorial_interfaces__rosidl_typesupport_introspection_c.dir/rosidl_typesupport_introspection_c/tutorial_interfaces/srv/detail/add_three_ints__type_support.c.o[0m
[6.190s] [ 51%] [32mBuilding CXX object CMakeFiles/tutorial_interfaces__rosidl_typesupport_cpp.dir/rosidl_typesupport_cpp/tutorial_interfaces/msg/imu_raw__type_support.cpp.o[0m
[6.249s] [ 53%] [32m[1mLinking C shared library libtutorial_interfaces__rosidl_typesupport_introspection_c.so[0m
[6.290s] [ 53%] Built target tutorial_interfaces__rosidl_typesupport_introspection_c
[6.297s] [ 55%] [32mBuilding CXX object CMakeFiles/tutorial_interfaces__rosidl_typesupport_cpp.dir/rosidl_typesupport_cpp/tutorial_interfaces/srv/add_three_ints__type_support.cpp.o[0m
[6.482s] [ 57%] [32mBuilding CXX object CMakeFiles/tutorial_interfaces__rosidl_typesupport_introspection_cpp.dir/rosidl_typesupport_introspection_cpp/tutorial_interfaces/msg/detail/sphere__type_support.cpp.o[0m
[6.701s] [ 58%] [32mBuilding CXX object CMakeFiles/tutorial_interfaces__rosidl_typesupport_fastrtps_cpp.dir/rosidl_typesupport_fastrtps_cpp/tutorial_interfaces/msg/detail/dds_fastrtps/sphere__type_support.cpp.o[0m
[6.754s] [ 60%] [32mBuilding CXX object CMakeFiles/tutorial_interfaces__rosidl_typesupport_fastrtps_cpp.dir/rosidl_typesupport_fastrtps_cpp/tutorial_interfaces/msg/detail/dds_fastrtps/imu_raw__type_support.cpp.o[0m
[6.771s] [ 62%] [32mBuilding CXX object CMakeFiles/tutorial_interfaces__rosidl_typesupport_fastrtps_c.dir/rosidl_typesupport_fastrtps_c/tutorial_interfaces/msg/detail/sphere__type_support_c.cpp.o[0m
[6.794s] [ 64%] [32mBuilding CXX object CMakeFiles/tutorial_interfaces__rosidl_typesupport_fastrtps_cpp.dir/rosidl_typesupport_fastrtps_cpp/tutorial_interfaces/srv/detail/dds_fastrtps/add_three_ints__type_support.cpp.o[0m
[6.910s] [ 66%] [32m[1mLinking CXX shared library libtutorial_interfaces__rosidl_typesupport_cpp.so[0m
[6.967s] [ 66%] Built target tutorial_interfaces__rosidl_typesupport_cpp
[6.975s] [ 67%] [32mBuilding CXX object CMakeFiles/tutorial_interfaces__rosidl_typesupport_fastrtps_c.dir/rosidl_typesupport_fastrtps_c/tutorial_interfaces/msg/detail/imu_raw__type_support_c.cpp.o[0m
[7.304s] [ 69%] [32mBuilding CXX object CMakeFiles/tutorial_interfaces__rosidl_typesupport_introspection_cpp.dir/rosidl_typesupport_introspection_cpp/tutorial_interfaces/msg/detail/imu_raw__type_support.cpp.o[0m
[7.542s] [ 71%] [32mBuilding CXX object CMakeFiles/tutorial_interfaces__rosidl_typesupport_fastrtps_c.dir/rosidl_typesupport_fastrtps_c/tutorial_interfaces/srv/detail/add_three_ints__type_support_c.cpp.o[0m
[7.599s] [ 73%] [32mBuilding CXX object CMakeFiles/tutorial_interfaces__rosidl_typesupport_introspection_cpp.dir/rosidl_typesupport_introspection_cpp/tutorial_interfaces/srv/detail/add_three_ints__type_support.cpp.o[0m
[7.719s] [ 75%] [32m[1mLinking CXX shared library libtutorial_interfaces__rosidl_typesupport_fastrtps_cpp.so[0m
[7.847s] [ 75%] Built target tutorial_interfaces__rosidl_typesupport_fastrtps_cpp
[8.281s] [ 76%] [32m[1mLinking CXX shared library libtutorial_interfaces__rosidl_typesupport_fastrtps_c.so[0m
[8.408s] [ 78%] [32m[1mLinking CXX shared library libtutorial_interfaces__rosidl_typesupport_introspection_cpp.so[0m
[8.418s] [ 78%] Built target tutorial_interfaces__rosidl_typesupport_fastrtps_c
[8.532s] [ 78%] Built target tutorial_interfaces__rosidl_typesupport_introspection_cpp
[8.556s] [ 78%] Built target tutorial_interfaces
[8.581s] [ 80%] [34m[1mGenerating Python code for ROS interfaces[0m
[9.767s] [ 80%] Built target tutorial_interfaces__py
[9.796s] [ 87%] [32mBuilding C object CMakeFiles/tutorial_interfaces__rosidl_generator_py.dir/rosidl_generator_py/tutorial_interfaces/srv/_add_three_ints_s.c.o[0m
[9.797s] [ 87%] [32mBuilding C object CMakeFiles/tutorial_interfaces__rosidl_generator_py.dir/rosidl_generator_py/tutorial_interfaces/msg/_num_s.c.o[0m
[9.797s] [ 87%] [32mBuilding C object CMakeFiles/tutorial_interfaces__rosidl_generator_py.dir/rosidl_generator_py/tutorial_interfaces/msg/_imu_raw_s.c.o[0m
[9.797s] [ 87%] [32mBuilding C object CMakeFiles/tutorial_interfaces__rosidl_generator_py.dir/rosidl_generator_py/tutorial_interfaces/msg/_sphere_s.c.o[0m
[10.110s] [ 89%] [32m[1mLinking C shared library rosidl_generator_py/tutorial_interfaces/libtutorial_interfaces__rosidl_generator_py.so[0m
[10.186s] [ 89%] Built target tutorial_interfaces__rosidl_generator_py
[10.213s] [ 94%] [32mBuilding C object CMakeFiles/tutorial_interfaces__rosidl_typesupport_fastrtps_c__pyext.dir/rosidl_generator_py/tutorial_interfaces/_tutorial_interfaces_s.ep.rosidl_typesupport_fastrtps_c.c.o[0m
[10.214s] [ 94%] [32mBuilding C object CMakeFiles/tutorial_interfaces__rosidl_typesupport_c__pyext.dir/rosidl_generator_py/tutorial_interfaces/_tutorial_interfaces_s.ep.rosidl_typesupport_c.c.o[0m
[10.214s] [ 94%] [32mBuilding C object CMakeFiles/tutorial_interfaces__rosidl_typesupport_introspection_c__pyext.dir/rosidl_generator_py/tutorial_interfaces/_tutorial_interfaces_s.ep.rosidl_typesupport_introspection_c.c.o[0m
[10.439s] [100%] [32m[1mLinking C shared library rosidl_generator_py/tutorial_interfaces/tutorial_interfaces_s__rosidl_typesupport_introspection_c.cpython-310-aarch64-linux-gnu.so[0m
[10.440s] [100%] [32m[1mLinking C shared library rosidl_generator_py/tutorial_interfaces/tutorial_interfaces_s__rosidl_typesupport_fastrtps_c.cpython-310-aarch64-linux-gnu.so[0m
[10.440s] [100%] [32m[1mLinking C shared library rosidl_generator_py/tutorial_interfaces/tutorial_interfaces_s__rosidl_typesupport_c.cpython-310-aarch64-linux-gnu.so[0m
[10.513s] [100%] Built target tutorial_interfaces__rosidl_typesupport_introspection_c__pyext
[10.513s] [100%] Built target tutorial_interfaces__rosidl_typesupport_fastrtps_c__pyext
[10.514s] [100%] Built target tutorial_interfaces__rosidl_typesupport_c__pyext
[10.548s] Invoked command in '/home/lunabotics/TAMU_SEDS_Lunabotics/ros2_ws/build/tutorial_interfaces' returned '0': CMAKE_PREFIX_PATH=${CMAKE_PREFIX_PATH}:/home/lunabotics/TAMU_SEDS_Lunabotics/lunabotics_gnc2026/install/pathing:/home/lunabotics/TAMU_SEDS_Lunabotics/lunabotics_gnc2026/install/central_planner:/home/lunabotics/TAMU_SEDS_Lunabotics/ros2_ws/install/pico_motor_control:/home/lunabotics/TAMU_SEDS_Lunabotics/ros2_ws/install/pico_2nd_pck:/home/lunabotics/TAMU_SEDS_Lunabotics/ros2_ws/install/drive:/home/lunabotics/TAMU_SEDS_Lunabotics/ros2_ws/install/central_planner:/opt/ros/humble /home/lunabotics/.local/bin/cmake --build /home/lunabotics/TAMU_SEDS_Lunabotics/ros2_ws/build/tutorial_interfaces -- -j6 -l6
[10.633s] Invoking command in '/home/lunabotics/TAMU_SEDS_Lunabotics/ros2_ws/build/tutorial_interfaces': CMAKE_PREFIX_PATH=${CMAKE_PREFIX_PATH}:/home/lunabotics/TAMU_SEDS_Lunabotics/lunabotics_gnc2026/install/pathing:/home/lunabotics/TAMU_SEDS_Lunabotics/lunabotics_gnc2026/install/central_planner:/home/lunabotics/TAMU_SEDS_Lunabotics/ros2_ws/install/pico_motor_control:/home/lunabotics/TAMU_SEDS_Lunabotics/ros2_ws/install/pico_2nd_pck:/home/lunabotics/TAMU_SEDS_Lunabotics/ros2_ws/install/drive:/home/lunabotics/TAMU_SEDS_Lunabotics/ros2_ws/install/central_planner:/opt/ros/humble /home/lunabotics/.local/bin/cmake --install /home/lunabotics/TAMU_SEDS_Lunabotics/ros2_ws/build/tutorial_interfaces
[10.713s] -- Install configuration: ""
[10.713s] -- Installing: /home/lunabotics/TAMU_SEDS_Lunabotics/ros2_ws/install/tutorial_interfaces/share/ament_index/resource_index/rosidl_interfaces/tutorial_interfaces
[10.714s] -- Installing: /home/lunabotics/TAMU_SEDS_Lunabotics/ros2_ws/install/tutorial_interfaces/include/tutorial_interfaces/tutorial_interfaces
[10.714s] -- Installing: /home/lunabotics/TAMU_SEDS_Lunabotics/ros2_ws/install/tutorial_interfaces/include/tutorial_interfaces/tutorial_interfaces/msg
[10.714s] -- Installing: /home/lunabotics/TAMU_SEDS_Lunabotics/ros2_ws/install/tutorial_interfaces/include/tutorial_interfaces/tutorial_interfaces/msg/rosidl_generator_c__visibility_control.h
[10.715s] -- Installing: /home/lunabotics/TAMU_SEDS_Lunabotics/ros2_ws/install/tutorial_interfaces/include/tutorial_interfaces/tutorial_interfaces/msg/imu_raw.h
[10.715s] -- Installing: /home/lunabotics/TAMU_SEDS_Lunabotics/ros2_ws/install/tutorial_interfaces/include/tutorial_interfaces/tutorial_interfaces/msg/detail
[10.715s] -- Installing: /home/lunabotics/TAMU_SEDS_Lunabotics/ros2_ws/install/tutorial_interfaces/include/tutorial_interfaces/tutorial_interfaces/msg/detail/num__functions.h
[10.715s] -- Installing: /home/lunabotics/TAMU_SEDS_Lunabotics/ros2_ws/install/tutorial_interfaces/include/tutorial_interfaces/tutorial_interfaces/msg/detail/imu_raw__struct.h
[10.716s] -- Installing: /home/lunabotics/TAMU_SEDS_Lunabotics/ros2_ws/install/tutorial_interfaces/include/tutorial_interfaces/tutorial_interfaces/msg/detail/sphere__functions.c
[10.716s] -- Installing: /home/lunabotics/TAMU_SEDS_Lunabotics/ros2_ws/install/tutorial_interfaces/include/tutorial_interfaces/tutorial_interfaces/msg/detail/num__struct.h
[10.716s] -- Installing: /home/lunabotics/TAMU_SEDS_Lunabotics/ros2_ws/install/tutorial_interfaces/include/tutorial_interfaces/tutorial_interfaces/msg/detail/sphere__struct.h
[10.717s] -- Installing: /home/lunabotics/TAMU_SEDS_Lunabotics/ros2_ws/install/tutorial_interfaces/include/tutorial_interfaces/tutorial_interfaces/msg/detail/sphere__type_support.h
[10.717s] -- Installing: /home/lunabotics/TAMU_SEDS_Lunabotics/ros2_ws/install/tutorial_interfaces/include/tutorial_interfaces/tutorial_interfaces/msg/detail/imu_raw__functions.c
[10.717s] -- Installing: /home/lunabotics/TAMU_SEDS_Lunabotics/ros2_ws/install/tutorial_interfaces/include/tutorial_interfaces/tutorial_interfaces/msg/detail/num__type_support.h
[10.718s] -- Installing: /home/lunabotics/TAMU_SEDS_Lunabotics/ros2_ws/install/tutorial_interfaces/include/tutorial_interfaces/tutorial_interfaces/msg/detail/imu_raw__type_support.h
[10.718s] -- Installing: /home/lunabotics/TAMU_SEDS_Lunabotics/ros2_ws/install/tutorial_interfaces/include/tutorial_interfaces/tutorial_interfaces/msg/detail/sphere__functions.h
[10.718s] -- Installing: /home/lunabotics/TAMU_SEDS_Lunabotics/ros2_ws/install/tutorial_interfaces/include/tutorial_interfaces/tutorial_interfaces/msg/detail/imu_raw__functions.h
[10.718s] -- Installing: /home/lunabotics/TAMU_SEDS_Lunabotics/ros2_ws/install/tutorial_interfaces/include/tutorial_interfaces/tutorial_interfaces/msg/detail/num__functions.c
[10.719s] -- Installing: /home/lunabotics/TAMU_SEDS_Lunabotics/ros2_ws/install/tutorial_interfaces/include/tutorial_interfaces/tutorial_interfaces/msg/num.h
[10.719s] -- Installing: /home/lunabotics/TAMU_SEDS_Lunabotics/ros2_ws/install/tutorial_interfaces/include/tutorial_interfaces/tutorial_interfaces/msg/sphere.h
[10.719s] -- Installing: /home/lunabotics/TAMU_SEDS_Lunabotics/ros2_ws/install/tutorial_interfaces/include/tutorial_interfaces/tutorial_interfaces/srv
[10.720s] -- Installing: /home/lunabotics/TAMU_SEDS_Lunabotics/ros2_ws/install/tutorial_interfaces/include/tutorial_interfaces/tutorial_interfaces/srv/add_three_ints.h
[10.720s] -- Installing: /home/lunabotics/TAMU_SEDS_Lunabotics/ros2_ws/install/tutorial_interfaces/include/tutorial_interfaces/tutorial_interfaces/srv/detail
[10.720s] -- Installing: /home/lunabotics/TAMU_SEDS_Lunabotics/ros2_ws/install/tutorial_interfaces/include/tutorial_interfaces/tutorial_interfaces/srv/detail/add_three_ints__functions.c
[10.720s] -- Installing: /home/lunabotics/TAMU_SEDS_Lunabotics/ros2_ws/install/tutorial_interfaces/include/tutorial_interfaces/tutorial_interfaces/srv/detail/add_three_ints__struct.h
[10.721s] -- Installing: /home/lunabotics/TAMU_SEDS_Lunabotics/ros2_ws/install/tutorial_interfaces/include/tutorial_interfaces/tutorial_interfaces/srv/detail/add_three_ints__functions.h
[10.721s] -- Installing: /home/lunabotics/TAMU_SEDS_Lunabotics/ros2_ws/install/tutorial_interfaces/include/tutorial_interfaces/tutorial_interfaces/srv/detail/add_three_ints__type_support.h
[10.722s] -- Installing: /home/lunabotics/TAMU_SEDS_Lunabotics/ros2_ws/install/tutorial_interfaces/share/tutorial_interfaces/environment/library_path.sh
[10.722s] -- Installing: /home/lunabotics/TAMU_SEDS_Lunabotics/ros2_ws/install/tutorial_interfaces/share/tutorial_interfaces/environment/library_path.dsv
[10.723s] -- Installing: /home/lunabotics/TAMU_SEDS_Lunabotics/ros2_ws/install/tutorial_interfaces/lib/libtutorial_interfaces__rosidl_generator_c.so
[10.724s] -- Set runtime path of "/home/lunabotics/TAMU_SEDS_Lunabotics/ros2_ws/install/tutorial_interfaces/lib/libtutorial_interfaces__rosidl_generator_c.so" to ""
[10.724s] -- Up-to-date: /home/lunabotics/TAMU_SEDS_Lunabotics/ros2_ws/install/tutorial_interfaces/include/tutorial_interfaces/tutorial_interfaces
[10.724s] -- Up-to-date: /home/lunabotics/TAMU_SEDS_Lunabotics/ros2_ws/install/tutorial_interfaces/include/tutorial_interfaces/tutorial_interfaces/msg
[10.725s] -- Installing: /home/lunabotics/TAMU_SEDS_Lunabotics/ros2_ws/install/tutorial_interfaces/include/tutorial_interfaces/tutorial_interfaces/msg/rosidl_typesupport_fastrtps_c__visibility_control.h
[10.725s] -- Up-to-date: /home/lunabotics/TAMU_SEDS_Lunabotics/ros2_ws/install/tutorial_interfaces/include/tutorial_interfaces/tutorial_interfaces/msg/detail
[10.725s] -- Installing: /home/lunabotics/TAMU_SEDS_Lunabotics/ros2_ws/install/tutorial_interfaces/include/tutorial_interfaces/tutorial_interfaces/msg/detail/num__rosidl_typesupport_fastrtps_c.h
[10.725s] -- Installing: /home/lunabotics/TAMU_SEDS_Lunabotics/ros2_ws/install/tutorial_interfaces/include/tutorial_interfaces/tutorial_interfaces/msg/detail/sphere__rosidl_typesupport_fastrtps_c.h
[10.725s] -- Installing: /home/lunabotics/TAMU_SEDS_Lunabotics/ros2_ws/install/tutorial_interfaces/include/tutorial_interfaces/tutorial_interfaces/msg/detail/imu_raw__rosidl_typesupport_fastrtps_c.h
[10.726s] -- Up-to-date: /home/lunabotics/TAMU_SEDS_Lunabotics/ros2_ws/install/tutorial_interfaces/include/tutorial_interfaces/tutorial_interfaces/srv
[10.726s] -- Up-to-date: /home/lunabotics/TAMU_SEDS_Lunabotics/ros2_ws/install/tutorial_interfaces/include/tutorial_interfaces/tutorial_interfaces/srv/detail
[10.726s] -- Installing: /home/lunabotics/TAMU_SEDS_Lunabotics/ros2_ws/install/tutorial_interfaces/include/tutorial_interfaces/tutorial_interfaces/srv/detail/add_three_ints__rosidl_typesupport_fastrtps_c.h
[10.726s] -- Installing: /home/lunabotics/TAMU_SEDS_Lunabotics/ros2_ws/install/tutorial_interfaces/lib/libtutorial_interfaces__rosidl_typesupport_fastrtps_c.so
[10.727s] -- Set runtime path of "/home/lunabotics/TAMU_SEDS_Lunabotics/ros2_ws/install/tutorial_interfaces/lib/libtutorial_interfaces__rosidl_typesupport_fastrtps_c.so" to ""
[10.727s] -- Up-to-date: /home/lunabotics/TAMU_SEDS_Lunabotics/ros2_ws/install/tutorial_interfaces/include/tutorial_interfaces/tutorial_interfaces
[10.727s] -- Up-to-date: /home/lunabotics/TAMU_SEDS_Lunabotics/ros2_ws/install/tutorial_interfaces/include/tutorial_interfaces/tutorial_interfaces/msg
[10.727s] -- Installing: /home/lunabotics/TAMU_SEDS_Lunabotics/ros2_ws/install/tutorial_interfaces/include/tutorial_interfaces/tutorial_interfaces/msg/sphere.hpp
[10.728s] -- Installing: /home/lunabotics/TAMU_SEDS_Lunabotics/ros2_ws/install/tutorial_interfaces/include/tutorial_interfaces/tutorial_interfaces/msg/imu_raw.hpp
[10.728s] -- Installing: /home/lunabotics/TAMU_SEDS_Lunabotics/ros2_ws/install/tutorial_interfaces/include/tutorial_interfaces/tutorial_interfaces/msg/rosidl_generator_cpp__visibility_control.hpp
[10.728s] -- Up-to-date: /home/lunabotics/TAMU_SEDS_Lunabotics/ros2_ws/install/tutorial_interfaces/include/tutorial_interfaces/tutorial_interfaces/msg/detail
[10.728s] -- Installing: /home/lunabotics/TAMU_SEDS_Lunabotics/ros2_ws/install/tutorial_interfaces/include/tutorial_interfaces/tutorial_interfaces/msg/detail/imu_raw__traits.hpp
[10.728s] -- Installing: /home/lunabotics/TAMU_SEDS_Lunabotics/ros2_ws/install/tutorial_interfaces/include/tutorial_interfaces/tutorial_interfaces/msg/detail/sphere__type_support.hpp
[10.729s] -- Installing: /home/lunabotics/TAMU_SEDS_Lunabotics/ros2_ws/install/tutorial_interfaces/include/tutorial_interfaces/tutorial_interfaces/msg/detail/imu_raw__builder.hpp
[10.729s] -- Installing: /home/lunabotics/TAMU_SEDS_Lunabotics/ros2_ws/install/tutorial_interfaces/include/tutorial_interfaces/tutorial_interfaces/msg/detail/sphere__traits.hpp
[10.729s] -- Installing: /home/lunabotics/TAMU_SEDS_Lunabotics/ros2_ws/install/tutorial_interfaces/include/tutorial_interfaces/tutorial_interfaces/msg/detail/sphere__struct.hpp
[10.730s] -- Installing: /home/lunabotics/TAMU_SEDS_Lunabotics/ros2_ws/install/tutorial_interfaces/include/tutorial_interfaces/tutorial_interfaces/msg/detail/num__type_support.hpp
[10.730s] -- Installing: /home/lunabotics/TAMU_SEDS_Lunabotics/ros2_ws/install/tutorial_interfaces/include/tutorial_interfaces/tutorial_interfaces/msg/detail/imu_raw__type_support.hpp
[10.730s] -- Installing: /home/lunabotics/TAMU_SEDS_Lunabotics/ros2_ws/install/tutorial_interfaces/include/tutorial_interfaces/tutorial_interfaces/msg/detail/num__traits.hpp
[10.730s] -- Installing: /home/lunabotics/TAMU_SEDS_Lunabotics/ros2_ws/install/tutorial_interfaces/include/tutorial_interfaces/tutorial_interfaces/msg/detail/num__builder.hpp
[10.731s] -- Installing: /home/lunabotics/TAMU_SEDS_Lunabotics/ros2_ws/install/tutorial_interfaces/include/tutorial_interfaces/tutorial_interfaces/msg/detail/num__struct.hpp
[10.731s] -- Installing: /home/lunabotics/TAMU_SEDS_Lunabotics/ros2_ws/install/tutorial_interfaces/include/tutorial_interfaces/tutorial_interfaces/msg/detail/sphere__builder.hpp
[10.731s] -- Installing: /home/lunabotics/TAMU_SEDS_Lunabotics/ros2_ws/install/tutorial_interfaces/include/tutorial_interfaces/tutorial_interfaces/msg/detail/imu_raw__struct.hpp
[10.731s] -- Installing: /home/lunabotics/TAMU_SEDS_Lunabotics/ros2_ws/install/tutorial_interfaces/include/tutorial_interfaces/tutorial_interfaces/msg/num.hpp
[10.732s] -- Up-to-date: /home/lunabotics/TAMU_SEDS_Lunabotics/ros2_ws/install/tutorial_interfaces/include/tutorial_interfaces/tutorial_interfaces/srv
[10.732s] -- Installing: /home/lunabotics/TAMU_SEDS_Lunabotics/ros2_ws/install/tutorial_interfaces/include/tutorial_interfaces/tutorial_interfaces/srv/add_three_ints.hpp
[10.732s] -- Up-to-date: /home/lunabotics/TAMU_SEDS_Lunabotics/ros2_ws/install/tutorial_interfaces/include/tutorial_interfaces/tutorial_interfaces/srv/detail
[10.732s] -- Installing: /home/lunabotics/TAMU_SEDS_Lunabotics/ros2_ws/install/tutorial_interfaces/include/tutorial_interfaces/tutorial_interfaces/srv/detail/add_three_ints__traits.hpp
[10.732s] -- Installing: /home/lunabotics/TAMU_SEDS_Lunabotics/ros2_ws/install/tutorial_interfaces/include/tutorial_interfaces/tutorial_interfaces/srv/detail/add_three_ints__type_support.hpp
[10.733s] -- Installing: /home/lunabotics/TAMU_SEDS_Lunabotics/ros2_ws/install/tutorial_interfaces/include/tutorial_interfaces/tutorial_interfaces/srv/detail/add_three_ints__builder.hpp
[10.733s] -- Installing: /home/lunabotics/TAMU_SEDS_Lunabotics/ros2_ws/install/tutorial_interfaces/include/tutorial_interfaces/tutorial_interfaces/srv/detail/add_three_ints__struct.hpp
[10.733s] -- Up-to-date: /home/lunabotics/TAMU_SEDS_Lunabotics/ros2_ws/install/tutorial_interfaces/include/tutorial_interfaces/tutorial_interfaces
[10.733s] -- Up-to-date: /home/lunabotics/TAMU_SEDS_Lunabotics/ros2_ws/install/tutorial_interfaces/include/tutorial_interfaces/tutorial_interfaces/msg
[10.734s] -- Up-to-date: /home/lunabotics/TAMU_SEDS_Lunabotics/ros2_ws/install/tutorial_interfaces/include/tutorial_interfaces/tutorial_interfaces/msg/detail
[10.734s] -- Installing: /home/lunabotics/TAMU_SEDS_Lunabotics/ros2_ws/install/tutorial_interfaces/include/tutorial_interfaces/tutorial_interfaces/msg/detail/sphere__rosidl_typesupport_fastrtps_cpp.hpp
[10.734s] -- Installing: /home/lunabotics/TAMU_SEDS_Lunabotics/ros2_ws/install/tutorial_interfaces/include/tutorial_interfaces/tutorial_interfaces/msg/detail/num__rosidl_typesupport_fastrtps_cpp.hpp
[10.734s] -- Installing: /home/lunabotics/TAMU_SEDS_Lunabotics/ros2_ws/install/tutorial_interfaces/include/tutorial_interfaces/tutorial_interfaces/msg/detail/imu_raw__rosidl_typesupport_fastrtps_cpp.hpp
[10.734s] -- Installing: /home/lunabotics/TAMU_SEDS_Lunabotics/ros2_ws/install/tutorial_interfaces/include/tutorial_interfaces/tutorial_interfaces/msg/detail/dds_fastrtps
[10.735s] -- Installing: /home/lunabotics/TAMU_SEDS_Lunabotics/ros2_ws/install/tutorial_interfaces/include/tutorial_interfaces/tutorial_interfaces/msg/rosidl_typesupport_fastrtps_cpp__visibility_control.h
[10.735s] -- Up-to-date: /home/lunabotics/TAMU_SEDS_Lunabotics/ros2_ws/install/tutorial_interfaces/include/tutorial_interfaces/tutorial_interfaces/srv
[10.735s] -- Up-to-date: /home/lunabotics/TAMU_SEDS_Lunabotics/ros2_ws/install/tutorial_interfaces/include/tutorial_interfaces/tutorial_interfaces/srv/detail
[10.735s] -- Installing: /home/lunabotics/TAMU_SEDS_Lunabotics/ros2_ws/install/tutorial_interfaces/include/tutorial_interfaces/tutorial_interfaces/srv/detail/add_three_ints__rosidl_typesupport_fastrtps_cpp.hpp
[10.735s] -- Installing: /home/lunabotics/TAMU_SEDS_Lunabotics/ros2_ws/install/tutorial_interfaces/include/tutorial_interfaces/tutorial_interfaces/srv/detail/dds_fastrtps
[10.736s] -- Installing: /home/lunabotics/TAMU_SEDS_Lunabotics/ros2_ws/install/tutorial_interfaces/lib/libtutorial_interfaces__rosidl_typesupport_fastrtps_cpp.so
[10.736s] -- Set runtime path of "/home/lunabotics/TAMU_SEDS_Lunabotics/ros2_ws/install/tutorial_interfaces/lib/libtutorial_interfaces__rosidl_typesupport_fastrtps_cpp.so" to ""
[10.736s] -- Up-to-date: /home/lunabotics/TAMU_SEDS_Lunabotics/ros2_ws/install/tutorial_interfaces/include/tutorial_interfaces/tutorial_interfaces
[10.737s] -- Up-to-date: /home/lunabotics/TAMU_SEDS_Lunabotics/ros2_ws/install/tutorial_interfaces/include/tutorial_interfaces/tutorial_interfaces/msg
[10.737s] -- Installing: /home/lunabotics/TAMU_SEDS_Lunabotics/ros2_ws/install/tutorial_interfaces/include/tutorial_interfaces/tutorial_interfaces/msg/rosidl_typesupport_introspection_c__visibility_control.h
[10.737s] -- Up-to-date: /home/lunabotics/TAMU_SEDS_Lunabotics/ros2_ws/install/tutorial_interfaces/include/tutorial_interfaces/tutorial_interfaces/msg/detail
[10.737s] -- Installing: /home/lunabotics/TAMU_SEDS_Lunabotics/ros2_ws/install/tutorial_interfaces/include/tutorial_interfaces/tutorial_interfaces/msg/detail/sphere__rosidl_typesupport_introspection_c.h
[10.737s] -- Installing: /home/lunabotics/TAMU_SEDS_Lunabotics/ros2_ws/install/tutorial_interfaces/include/tutorial_interfaces/tutorial_interfaces/msg/detail/sphere__type_support.c
[10.738s] -- Installing: /home/lunabotics/TAMU_SEDS_Lunabotics/ros2_ws/install/tutorial_interfaces/include/tutorial_interfaces/tutorial_interfaces/msg/detail/num__rosidl_typesupport_introspection_c.h
[10.738s] -- Installing: /home/lunabotics/TAMU_SEDS_Lunabotics/ros2_ws/install/tutorial_interfaces/include/tutorial_interfaces/tutorial_interfaces/msg/detail/imu_raw__type_support.c
[10.738s] -- Installing: /home/lunabotics/TAMU_SEDS_Lunabotics/ros2_ws/install/tutorial_interfaces/include/tutorial_interfaces/tutorial_interfaces/msg/detail/imu_raw__rosidl_typesupport_introspection_c.h
[10.738s] -- Installing: /home/lunabotics/TAMU_SEDS_Lunabotics/ros2_ws/install/tutorial_interfaces/include/tutorial_interfaces/tutorial_interfaces/msg/detail/num__type_support.c
[10.739s] -- Up-to-date: /home/lunabotics/TAMU_SEDS_Lunabotics/ros2_ws/install/tutorial_interfaces/include/tutorial_interfaces/tutorial_interfaces/srv
[10.739s] -- Up-to-date: /home/lunabotics/TAMU_SEDS_Lunabotics/ros2_ws/install/tutorial_interfaces/include/tutorial_interfaces/tutorial_interfaces/srv/detail
[10.739s] -- Installing: /home/lunabotics/TAMU_SEDS_Lunabotics/ros2_ws/install/tutorial_interfaces/include/tutorial_interfaces/tutorial_interfaces/srv/detail/add_three_ints__type_support.c
[10.739s] -- Installing: /home/lunabotics/TAMU_SEDS_Lunabotics/ros2_ws/install/tutorial_interfaces/include/tutorial_interfaces/tutorial_interfaces/srv/detail/add_three_ints__rosidl_typesupport_introspection_c.h
[10.739s] -- Installing: /home/lunabotics/TAMU_SEDS_Lunabotics/ros2_ws/install/tutorial_interfaces/lib/libtutorial_interfaces__rosidl_typesupport_introspection_c.so
[10.740s] -- Set runtime path of "/home/lunabotics/TAMU_SEDS_Lunabotics/ros2_ws/install/tutorial_interfaces/lib/libtutorial_interfaces__rosidl_typesupport_introspection_c.so" to ""
[10.740s] -- Installing: /home/lunabotics/TAMU_SEDS_Lunabotics/ros2_ws/install/tutorial_interfaces/lib/libtutorial_interfaces__rosidl_typesupport_c.so
[10.741s] -- Set runtime path of "/home/lunabotics/TAMU_SEDS_Lunabotics/ros2_ws/install/tutorial_interfaces/lib/libtutorial_interfaces__rosidl_typesupport_c.so" to ""
[10.741s] -- Up-to-date: /home/lunabotics/TAMU_SEDS_Lunabotics/ros2_ws/install/tutorial_interfaces/include/tutorial_interfaces/tutorial_interfaces
[10.741s] -- Up-to-date: /home/lunabotics/TAMU_SEDS_Lunabotics/ros2_ws/install/tutorial_interfaces/include/tutorial_interfaces/tutorial_interfaces/msg
[10.741s] -- Up-to-date: /home/lunabotics/TAMU_SEDS_Lunabotics/ros2_ws/install/tutorial_interfaces/include/tutorial_interfaces/tutorial_interfaces/msg/detail
[10.741s] -- Installing: /home/lunabotics/TAMU_SEDS_Lunabotics/ros2_ws/install/tutorial_interfaces/include/tutorial_interfaces/tutorial_interfaces/msg/detail/num__type_support.cpp
[10.742s] -- Installing: /home/lunabotics/TAMU_SEDS_Lunabotics/ros2_ws/install/tutorial_interfaces/include/tutorial_interfaces/tutorial_interfaces/msg/detail/sphere__type_support.cpp
[10.742s] -- Installing: /home/lunabotics/TAMU_SEDS_Lunabotics/ros2_ws/install/tutorial_interfaces/include/tutorial_interfaces/tutorial_interfaces/msg/detail/num__rosidl_typesupport_introspection_cpp.hpp
[10.742s] -- Installing: /home/lunabotics/TAMU_SEDS_Lunabotics/ros2_ws/install/tutorial_interfaces/include/tutorial_interfaces/tutorial_interfaces/msg/detail/imu_raw__type_support.cpp
[10.742s] -- Installing: /home/lunabotics/TAMU_SEDS_Lunabotics/ros2_ws/install/tutorial_interfaces/include/tutorial_interfaces/tutorial_interfaces/msg/detail/sphere__rosidl_typesupport_introspection_cpp.hpp
[10.742s] -- Installing: /home/lunabotics/TAMU_SEDS_Lunabotics/ros2_ws/install/tutorial_interfaces/include/tutorial_interfaces/tutorial_interfaces/msg/detail/imu_raw__rosidl_typesupport_introspection_cpp.hpp
[10.743s] -- Up-to-date: /home/lunabotics/TAMU_SEDS_Lunabotics/ros2_ws/install/tutorial_interfaces/include/tutorial_interfaces/tutorial_interfaces/srv
[10.743s] -- Up-to-date: /home/lunabotics/TAMU_SEDS_Lunabotics/ros2_ws/install/tutorial_interfaces/include/tutorial_interfaces/tutorial_interfaces/srv/detail
[10.743s] -- Installing: /home/lunabotics/TAMU_SEDS_Lunabotics/ros2_ws/install/tutorial_interfaces/include/tutorial_interfaces/tutorial_interfaces/srv/detail/add_three_ints__rosidl_typesupport_introspection_cpp.hpp
[10.743s] -- Installing: /home/lunabotics/TAMU_SEDS_Lunabotics/ros2_ws/install/tutorial_interfaces/include/tutorial_interfaces/tutorial_interfaces/srv/detail/add_three_ints__type_support.cpp
[10.743s] -- Installing: /home/lunabotics/TAMU_SEDS_Lunabotics/ros2_ws/install/tutorial_interfaces/lib/libtutorial_interfaces__rosidl_typesupport_introspection_cpp.so
[10.744s] -- Set runtime path of "/home/lunabotics/TAMU_SEDS_Lunabotics/ros2_ws/install/tutorial_interfaces/lib/libtutorial_interfaces__rosidl_typesupport_introspection_cpp.so" to ""
[10.744s] -- Installing: /home/lunabotics/TAMU_SEDS_Lunabotics/ros2_ws/install/tutorial_interfaces/lib/libtutorial_interfaces__rosidl_typesupport_cpp.so
[10.745s] -- Set runtime path of "/home/lunabotics/TAMU_SEDS_Lunabotics/ros2_ws/install/tutorial_interfaces/lib/libtutorial_interfaces__rosidl_typesupport_cpp.so" to ""
[10.745s] -- Installing: /home/lunabotics/TAMU_SEDS_Lunabotics/ros2_ws/install/tutorial_interfaces/share/tutorial_interfaces/environment/pythonpath.sh
[10.745s] -- Installing: /home/lunabotics/TAMU_SEDS_Lunabotics/ros2_ws/install/tutorial_interfaces/share/tutorial_interfaces/environment/pythonpath.dsv
[10.746s] -- Installing: /home/lunabotics/TAMU_SEDS_Lunabotics/ros2_ws/install/tutorial_interfaces/local/lib/python3.10/dist-packages/tutorial_interfaces-0.0.0-py3.10.egg-info
[10.746s] -- Installing: /home/lunabotics/TAMU_SEDS_Lunabotics/ros2_ws/install/tutorial_interfaces/local/lib/python3.10/dist-packages/tutorial_interfaces-0.0.0-py3.10.egg-info/SOURCES.txt
[10.746s] -- Installing: /home/lunabotics/TAMU_SEDS_Lunabotics/ros2_ws/install/tutorial_interfaces/local/lib/python3.10/dist-packages/tutorial_interfaces-0.0.0-py3.10.egg-info/PKG-INFO
[10.747s] -- Installing: /home/lunabotics/TAMU_SEDS_Lunabotics/ros2_ws/install/tutorial_interfaces/local/lib/python3.10/dist-packages/tutorial_interfaces-0.0.0-py3.10.egg-info/dependency_links.txt
[10.747s] -- Installing: /home/lunabotics/TAMU_SEDS_Lunabotics/ros2_ws/install/tutorial_interfaces/local/lib/python3.10/dist-packages/tutorial_interfaces-0.0.0-py3.10.egg-info/top_level.txt
[10.747s] -- Installing: /home/lunabotics/TAMU_SEDS_Lunabotics/ros2_ws/install/tutorial_interfaces/local/lib/python3.10/dist-packages/tutorial_interfaces
[10.747s] -- Installing: /home/lunabotics/TAMU_SEDS_Lunabotics/ros2_ws/install/tutorial_interfaces/local/lib/python3.10/dist-packages/tutorial_interfaces/libtutorial_interfaces__rosidl_generator_py.so
[10.748s] -- Installing: /home/lunabotics/TAMU_SEDS_Lunabotics/ros2_ws/install/tutorial_interfaces/local/lib/python3.10/dist-packages/tutorial_interfaces/_tutorial_interfaces_s.ep.rosidl_typesupport_fastrtps_c.c
[10.748s] -- Installing: /home/lunabotics/TAMU_SEDS_Lunabotics/ros2_ws/install/tutorial_interfaces/local/lib/python3.10/dist-packages/tutorial_interfaces/msg
[10.748s] -- Installing: /home/lunabotics/TAMU_SEDS_Lunabotics/ros2_ws/install/tutorial_interfaces/local/lib/python3.10/dist-packages/tutorial_interfaces/msg/_sphere.py
[10.748s] -- Installing: /home/lunabotics/TAMU_SEDS_Lunabotics/ros2_ws/install/tutorial_interfaces/local/lib/python3.10/dist-packages/tutorial_interfaces/msg/_num_s.c
[10.749s] -- Installing: /home/lunabotics/TAMU_SEDS_Lunabotics/ros2_ws/install/tutorial_interfaces/local/lib/python3.10/dist-packages/tutorial_interfaces/msg/_imu_raw.py
[10.749s] -- Installing: /home/lunabotics/TAMU_SEDS_Lunabotics/ros2_ws/install/tutorial_interfaces/local/lib/python3.10/dist-packages/tutorial_interfaces/msg/_num.py
[10.749s] -- Installing: /home/lunabotics/TAMU_SEDS_Lunabotics/ros2_ws/install/tutorial_interfaces/local/lib/python3.10/dist-packages/tutorial_interfaces/msg/_imu_raw_s.c
[10.749s] -- Installing: /home/lunabotics/TAMU_SEDS_Lunabotics/ros2_ws/install/tutorial_interfaces/local/lib/python3.10/dist-packages/tutorial_interfaces/msg/__init__.py
[10.750s] -- Installing: /home/lunabotics/TAMU_SEDS_Lunabotics/ros2_ws/install/tutorial_interfaces/local/lib/python3.10/dist-packages/tutorial_interfaces/msg/_sphere_s.c
[10.750s] -- Installing: /home/lunabotics/TAMU_SEDS_Lunabotics/ros2_ws/install/tutorial_interfaces/local/lib/python3.10/dist-packages/tutorial_interfaces/srv
[10.750s] -- Installing: /home/lunabotics/TAMU_SEDS_Lunabotics/ros2_ws/install/tutorial_interfaces/local/lib/python3.10/dist-packages/tutorial_interfaces/srv/_add_three_ints.py
[10.751s] -- Installing: /home/lunabotics/TAMU_SEDS_Lunabotics/ros2_ws/install/tutorial_interfaces/local/lib/python3.10/dist-packages/tutorial_interfaces/srv/_add_three_ints_s.c
[10.751s] -- Installing: /home/lunabotics/TAMU_SEDS_Lunabotics/ros2_ws/install/tutorial_interfaces/local/lib/python3.10/dist-packages/tutorial_interfaces/srv/__init__.py
[10.751s] -- Installing: /home/lunabotics/TAMU_SEDS_Lunabotics/ros2_ws/install/tutorial_interfaces/local/lib/python3.10/dist-packages/tutorial_interfaces/_tutorial_interfaces_s.ep.rosidl_typesupport_introspection_c.c
[10.751s] -- Installing: /home/lunabotics/TAMU_SEDS_Lunabotics/ros2_ws/install/tutorial_interfaces/local/lib/python3.10/dist-packages/tutorial_interfaces/_tutorial_interfaces_s.ep.rosidl_typesupport_c.c
[10.751s] -- Installing: /home/lunabotics/TAMU_SEDS_Lunabotics/ros2_ws/install/tutorial_interfaces/local/lib/python3.10/dist-packages/tutorial_interfaces/tutorial_interfaces_s__rosidl_typesupport_introspection_c.cpython-310-aarch64-linux-gnu.so
[10.752s] -- Installing: /home/lunabotics/TAMU_SEDS_Lunabotics/ros2_ws/install/tutorial_interfaces/local/lib/python3.10/dist-packages/tutorial_interfaces/tutorial_interfaces_s__rosidl_typesupport_fastrtps_c.cpython-310-aarch64-linux-gnu.so
[10.752s] -- Installing: /home/lunabotics/TAMU_SEDS_Lunabotics/ros2_ws/install/tutorial_interfaces/local/lib/python3.10/dist-packages/tutorial_interfaces/__init__.py
[10.752s] -- Installing: /home/lunabotics/TAMU_SEDS_Lunabotics/ros2_ws/install/tutorial_interfaces/local/lib/python3.10/dist-packages/tutorial_interfaces/tutorial_interfaces_s__rosidl_typesupport_c.cpython-310-aarch64-linux-gnu.so
[10.840s] Listing '/home/lunabotics/TAMU_SEDS_Lunabotics/ros2_ws/install/tutorial_interfaces/local/lib/python3.10/dist-packages/tutorial_interfaces'...
[10.840s] Compiling '/home/lunabotics/TAMU_SEDS_Lunabotics/ros2_ws/install/tutorial_interfaces/local/lib/python3.10/dist-packages/tutorial_interfaces/__init__.py'...
[10.840s] Listing '/home/lunabotics/TAMU_SEDS_Lunabotics/ros2_ws/install/tutorial_interfaces/local/lib/python3.10/dist-packages/tutorial_interfaces/msg'...
[10.840s] Compiling '/home/lunabotics/TAMU_SEDS_Lunabotics/ros2_ws/install/tutorial_interfaces/local/lib/python3.10/dist-packages/tutorial_interfaces/msg/__init__.py'...
[10.840s] Compiling '/home/lunabotics/TAMU_SEDS_Lunabotics/ros2_ws/install/tutorial_interfaces/local/lib/python3.10/dist-packages/tutorial_interfaces/msg/_imu_raw.py'...
[10.840s] Compiling '/home/lunabotics/TAMU_SEDS_Lunabotics/ros2_ws/install/tutorial_interfaces/local/lib/python3.10/dist-packages/tutorial_interfaces/msg/_num.py'...
[10.841s] Compiling '/home/lunabotics/TAMU_SEDS_Lunabotics/ros2_ws/install/tutorial_interfaces/local/lib/python3.10/dist-packages/tutorial_interfaces/msg/_sphere.py'...
[10.841s] Listing '/home/lunabotics/TAMU_SEDS_Lunabotics/ros2_ws/install/tutorial_interfaces/local/lib/python3.10/dist-packages/tutorial_interfaces/srv'...
[10.841s] Compiling '/home/lunabotics/TAMU_SEDS_Lunabotics/ros2_ws/install/tutorial_interfaces/local/lib/python3.10/dist-packages/tutorial_interfaces/srv/__init__.py'...
[10.841s] Compiling '/home/lunabotics/TAMU_SEDS_Lunabotics/ros2_ws/install/tutorial_interfaces/local/lib/python3.10/dist-packages/tutorial_interfaces/srv/_add_three_ints.py'...
[10.851s] -- Installing: /home/lunabotics/TAMU_SEDS_Lunabotics/ros2_ws/install/tutorial_interfaces/local/lib/python3.10/dist-packages/tutorial_interfaces/tutorial_interfaces_s__rosidl_typesupport_fastrtps_c.cpython-310-aarch64-linux-gnu.so
[10.852s] -- Set runtime path of "/home/lunabotics/TAMU_SEDS_Lunabotics/ros2_ws/install/tutorial_interfaces/local/lib/python3.10/dist-packages/tutorial_interfaces/tutorial_interfaces_s__rosidl_typesupport_fastrtps_c.cpython-310-aarch64-linux-gnu.so" to ""
[10.852s] -- Installing: /home/lunabotics/TAMU_SEDS_Lunabotics/ros2_ws/install/tutorial_interfaces/local/lib/python3.10/dist-packages/tutorial_interfaces/tutorial_interfaces_s__rosidl_typesupport_introspection_c.cpython-310-aarch64-linux-gnu.so
[10.853s] -- Set runtime path of "/home/lunabotics/TAMU_SEDS_Lunabotics/ros2_ws/install/tutorial_interfaces/local/lib/python3.10/dist-packages/tutorial_interfaces/tutorial_interfaces_s__rosidl_typesupport_introspection_c.cpython-310-aarch64-linux-gnu.so" to ""
[10.853s] -- Installing: /home/lunabotics/TAMU_SEDS_Lunabotics/ros2_ws/install/tutorial_interfaces/local/lib/python3.10/dist-packages/tutorial_interfaces/tutorial_interfaces_s__rosidl_typesupport_c.cpython-310-aarch64-linux-gnu.so
[10.854s] -- Set runtime path of "/home/lunabotics/TAMU_SEDS_Lunabotics/ros2_ws/install/tutorial_interfaces/local/lib/python3.10/dist-packages/tutorial_interfaces/tutorial_interfaces_s__rosidl_typesupport_c.cpython-310-aarch64-linux-gnu.so" to ""
[10.854s] -- Installing: /home/lunabotics/TAMU_SEDS_Lunabotics/ros2_ws/install/tutorial_interfaces/lib/libtutorial_interfaces__rosidl_generator_py.so
[10.856s] -- Set runtime path of "/home/lunabotics/TAMU_SEDS_Lunabotics/ros2_ws/install/tutorial_interfaces/lib/libtutorial_interfaces__rosidl_generator_py.so" to ""
[10.856s] -- Installing: /home/lunabotics/TAMU_SEDS_Lunabotics/ros2_ws/install/tutorial_interfaces/share/ament_index/resource_index/rust_packages/tutorial_interfaces
[10.856s] -- Installing: /home/lunabotics/TAMU_SEDS_Lunabotics/ros2_ws/install/tutorial_interfaces/share/tutorial_interfaces/rust
[10.856s] -- Installing: /home/lunabotics/TAMU_SEDS_Lunabotics/ros2_ws/install/tutorial_interfaces/share/tutorial_interfaces/rust/Cargo.toml
[10.856s] -- Installing: /home/lunabotics/TAMU_SEDS_Lunabotics/ros2_ws/install/tutorial_interfaces/share/tutorial_interfaces/rust/build.rs
[10.857s] -- Installing: /home/lunabotics/TAMU_SEDS_Lunabotics/ros2_ws/install/tutorial_interfaces/share/tutorial_interfaces/rust/src
[10.857s] -- Installing: /home/lunabotics/TAMU_SEDS_Lunabotics/ros2_ws/install/tutorial_interfaces/share/tutorial_interfaces/rust/src/msg
[10.857s] -- Installing: /home/lunabotics/TAMU_SEDS_Lunabotics/ros2_ws/install/tutorial_interfaces/share/tutorial_interfaces/rust/src/msg/rmw.rs
[10.857s] -- Installing: /home/lunabotics/TAMU_SEDS_Lunabotics/ros2_ws/install/tutorial_interfaces/share/tutorial_interfaces/rust/src/srv
[10.858s] -- Installing: /home/lunabotics/TAMU_SEDS_Lunabotics/ros2_ws/install/tutorial_interfaces/share/tutorial_interfaces/rust/src/srv/rmw.rs
[10.858s] -- Installing: /home/lunabotics/TAMU_SEDS_Lunabotics/ros2_ws/install/tutorial_interfaces/share/tutorial_interfaces/rust/src/srv.rs
[10.858s] -- Installing: /home/lunabotics/TAMU_SEDS_Lunabotics/ros2_ws/install/tutorial_interfaces/share/tutorial_interfaces/rust/src/lib.rs
[10.858s] -- Installing: /home/lunabotics/TAMU_SEDS_Lunabotics/ros2_ws/install/tutorial_interfaces/share/tutorial_interfaces/rust/src/msg.rs
[10.859s] -- Installing: /home/lunabotics/TAMU_SEDS_Lunabotics/ros2_ws/install/tutorial_interfaces/share/tutorial_interfaces/msg/Num.idl
[10.859s] -- Installing: /home/lunabotics/TAMU_SEDS_Lunabotics/ros2_ws/install/tutorial_interfaces/share/tutorial_interfaces/msg/Sphere.idl
[10.859s] -- Installing: /home/lunabotics/TAMU_SEDS_Lunabotics/ros2_ws/install/tutorial_interfaces/share/tutorial_interfaces/msg/IMURaw.idl
[10.860s] -- Installing: /home/lunabotics/TAMU_SEDS_Lunabotics/ros2_ws/install/tutorial_interfaces/share/tutorial_interfaces/srv/AddThreeInts.idl
[10.860s] -- Installing: /home/lunabotics/TAMU_SEDS_Lunabotics/ros2_ws/install/tutorial_interfaces/share/tutorial_interfaces/msg/Num.msg
[10.860s] -- Installing: /home/lunabotics/TAMU_SEDS_Lunabotics/ros2_ws/install/tutorial_interfaces/share/tutorial_interfaces/msg/Sphere.msg
[10.861s] -- Installing: /home/lunabotics/TAMU_SEDS_Lunabotics/ros2_ws/install/tutorial_interfaces/share/tutorial_interfaces/msg/IMURaw.msg
[10.861s] -- Installing: /home/lunabotics/TAMU_SEDS_Lunabotics/ros2_ws/install/tutorial_interfaces/share/tutorial_interfaces/srv/AddThreeInts.srv
[10.862s] -- Installing: /home/lunabotics/TAMU_SEDS_Lunabotics/ros2_ws/install/tutorial_interfaces/share/tutorial_interfaces/srv/AddThreeInts_Request.msg
[10.862s] -- Installing: /home/lunabotics/TAMU_SEDS_Lunabotics/ros2_ws/install/tutorial_interfaces/share/tutorial_interfaces/srv/AddThreeInts_Response.msg
[10.862s] -- Installing: /home/lunabotics/TAMU_SEDS_Lunabotics/ros2_ws/install/tutorial_interfaces/share/ament_index/resource_index/package_run_dependencies/tutorial_interfaces
[10.863s] -- Installing: /home/lunabotics/TAMU_SEDS_Lunabotics/ros2_ws/install/tutorial_interfaces/share/ament_index/resource_index/parent_prefix_path/tutorial_interfaces
[10.863s] -- Installing: /home/lunabotics/TAMU_SEDS_Lunabotics/ros2_ws/install/tutorial_interfaces/share/tutorial_interfaces/environment/ament_prefix_path.sh
[10.864s] -- Installing: /home/lunabotics/TAMU_SEDS_Lunabotics/ros2_ws/install/tutorial_interfaces/share/tutorial_interfaces/environment/ament_prefix_path.dsv
[10.864s] -- Installing: /home/lunabotics/TAMU_SEDS_Lunabotics/ros2_ws/install/tutorial_interfaces/share/tutorial_interfaces/environment/path.sh
[10.864s] -- Installing: /home/lunabotics/TAMU_SEDS_Lunabotics/ros2_ws/install/tutorial_interfaces/share/tutorial_interfaces/environment/path.dsv
[10.865s] -- Installing: /home/lunabotics/TAMU_SEDS_Lunabotics/ros2_ws/install/tutorial_interfaces/share/tutorial_interfaces/local_setup.bash
[10.865s] -- Installing: /home/lunabotics/TAMU_SEDS_Lunabotics/ros2_ws/install/tutorial_interfaces/share/tutorial_interfaces/local_setup.sh
[10.865s] -- Installing: /home/lunabotics/TAMU_SEDS_Lunabotics/ros2_ws/install/tutorial_interfaces/share/tutorial_interfaces/local_setup.zsh
[10.866s] -- Installing: /home/lunabotics/TAMU_SEDS_Lunabotics/ros2_ws/install/tutorial_interfaces/share/tutorial_interfaces/local_setup.dsv
[10.866s] -- Installing: /home/lunabotics/TAMU_SEDS_Lunabotics/ros2_ws/install/tutorial_interfaces/share/tutorial_interfaces/package.dsv
[10.867s] -- Installing: /home/lunabotics/TAMU_SEDS_Lunabotics/ros2_ws/install/tutorial_interfaces/share/ament_index/resource_index/packages/tutorial_interfaces
[10.867s] -- Installing: /home/lunabotics/TAMU_SEDS_Lunabotics/ros2_ws/install/tutorial_interfaces/share/tutorial_interfaces/cmake/export_tutorial_interfaces__rosidl_generator_cExport.cmake
[10.868s] -- Installing: /home/lunabotics/TAMU_SEDS_Lunabotics/ros2_ws/install/tutorial_interfaces/share/tutorial_interfaces/cmake/export_tutorial_interfaces__rosidl_generator_cExport-noconfig.cmake
[10.868s] -- Installing: /home/lunabotics/TAMU_SEDS_Lunabotics/ros2_ws/install/tutorial_interfaces/share/tutorial_interfaces/cmake/export_tutorial_interfaces__rosidl_typesupport_fastrtps_cExport.cmake
[10.868s] -- Installing: /home/lunabotics/TAMU_SEDS_Lunabotics/ros2_ws/install/tutorial_interfaces/share/tutorial_interfaces/cmake/export_tutorial_interfaces__rosidl_typesupport_fastrtps_cExport-noconfig.cmake
[10.869s] -- Installing: /home/lunabotics/TAMU_SEDS_Lunabotics/ros2_ws/install/tutorial_interfaces/share/tutorial_interfaces/cmake/export_tutorial_interfaces__rosidl_generator_cppExport.cmake
[10.869s] -- Installing: /home/lunabotics/TAMU_SEDS_Lunabotics/ros2_ws/install/tutorial_interfaces/share/tutorial_interfaces/cmake/export_tutorial_interfaces__rosidl_typesupport_fastrtps_cppExport.cmake
[10.870s] -- Installing: /home/lunabotics/TAMU_SEDS_Lunabotics/ros2_ws/install/tutorial_interfaces/share/tutorial_interfaces/cmake/export_tutorial_interfaces__rosidl_typesupport_fastrtps_cppExport-noconfig.cmake
[10.870s] -- Installing: /home/lunabotics/TAMU_SEDS_Lunabotics/ros2_ws/install/tutorial_interfaces/share/tutorial_interfaces/cmake/tutorial_interfaces__rosidl_typesupport_introspection_cExport.cmake
[10.871s] -- Installing: /home/lunabotics/TAMU_SEDS_Lunabotics/ros2_ws/install/tutorial_interfaces/share/tutorial_interfaces/cmake/tutorial_interfaces__rosidl_typesupport_introspection_cExport-noconfig.cmake
[10.871s] -- Installing: /home/lunabotics/TAMU_SEDS_Lunabotics/ros2_ws/install/tutorial_interfaces/share/tutorial_interfaces/cmake/tutorial_interfaces__rosidl_typesupport_cExport.cmake
[10.871s] -- Installing: /home/lunabotics/TAMU_SEDS_Lunabotics/ros2_ws/install/tutorial_interfaces/share/tutorial_interfaces/cmake/tutorial_interfaces__rosidl_typesupport_cExport-noconfig.cmake
[10.872s] -- Installing: /home/lunabotics/TAMU_SEDS_Lunabotics/ros2_ws/install/tutorial_interfaces/share/tutorial_interfaces/cmake/tutorial_interfaces__rosidl_typesupport_introspection_cppExport.cmake
[10.872s] -- Installing: /home/lunabotics/TAMU_SEDS_Lunabotics/ros2_ws/install/tutorial_interfaces/share/tutorial_interfaces/cmake/tutorial_interfaces__rosidl_typesupport_introspection_cppExport-noconfig.cmake
[10.873s] -- Installing: /home/lunabotics/TAMU_SEDS_Lunabotics/ros2_ws/install/tutorial_interfaces/share/tutorial_interfaces/cmake/tutorial_interfaces__rosidl_typesupport_cppExport.cmake
[10.873s] -- Installing: /home/lunabotics/TAMU_SEDS_Lunabotics/ros2_ws/install/tutorial_interfaces/share/tutorial_interfaces/cmake/tutorial_interfaces__rosidl_typesupport_cppExport-noconfig.cmake
[10.873s] -- Installing: /home/lunabotics/TAMU_SEDS_Lunabotics/ros2_ws/install/tutorial_interfaces/share/tutorial_interfaces/cmake/export_tutorial_interfaces__rosidl_generator_pyExport.cmake
[10.874s] -- Installing: /home/lunabotics/TAMU_SEDS_Lunabotics/ros2_ws/install/tutorial_interfaces/share/tutorial_interfaces/cmake/export_tutorial_interfaces__rosidl_generator_pyExport-noconfig.cmake
[10.874s] -- Installing: /home/lunabotics/TAMU_SEDS_Lunabotics/ros2_ws/install/tutorial_interfaces/share/tutorial_interfaces/cmake/rosidl_cmake-extras.cmake
[10.875s] -- Installing: /home/lunabotics/TAMU_SEDS_Lunabotics/ros2_ws/install/tutorial_interfaces/share/tutorial_interfaces/cmake/ament_cmake_export_dependencies-extras.cmake
[10.875s] -- Installing: /home/lunabotics/TAMU_SEDS_Lunabotics/ros2_ws/install/tutorial_interfaces/share/tutorial_interfaces/cmake/ament_cmake_export_include_directories-extras.cmake
[10.875s] -- Installing: /home/lunabotics/TAMU_SEDS_Lunabotics/ros2_ws/install/tutorial_interfaces/share/tutorial_interfaces/cmake/ament_cmake_export_libraries-extras.cmake
[10.876s] -- Installing: /home/lunabotics/TAMU_SEDS_Lunabotics/ros2_ws/install/tutorial_interfaces/share/tutorial_interfaces/cmake/ament_cmake_export_targets-extras.cmake
[10.876s] -- Installing: /home/lunabotics/TAMU_SEDS_Lunabotics/ros2_ws/install/tutorial_interfaces/share/tutorial_interfaces/cmake/rosidl_cmake_export_typesupport_targets-extras.cmake
[10.876s] -- Installing: /home/lunabotics/TAMU_SEDS_Lunabotics/ros2_ws/install/tutorial_interfaces/share/tutorial_interfaces/cmake/rosidl_cmake_export_typesupport_libraries-extras.cmake
[10.877s] -- Installing: /home/lunabotics/TAMU_SEDS_Lunabotics/ros2_ws/install/tutorial_interfaces/share/tutorial_interfaces/cmake/tutorial_interfacesConfig.cmake
[10.877s] -- Installing: /home/lunabotics/TAMU_SEDS_Lunabotics/ros2_ws/install/tutorial_interfaces/share/tutorial_interfaces/cmake/tutorial_interfacesConfig-version.cmake
[10.877s] -- Installing: /home/lunabotics/TAMU_SEDS_Lunabotics/ros2_ws/install/tutorial_interfaces/share/tutorial_interfaces/package.xml
[10.904s] Invoked command in '/home/lunabotics/TAMU_SEDS_Lunabotics/ros2_ws/build/tutorial_interfaces' returned '0': CMAKE_PREFIX_PATH=${CMAKE_PREFIX_PATH}:/home/lunabotics/TAMU_SEDS_Lunabotics/lunabotics_gnc2026/install/pathing:/home/lunabotics/TAMU_SEDS_Lunabotics/lunabotics_gnc2026/install/central_planner:/home/lunabotics/TAMU_SEDS_Lunabotics/ros2_ws/install/pico_motor_control:/home/lunabotics/TAMU_SEDS_Lunabotics/ros2_ws/install/pico_2nd_pck:/home/lunabotics/TAMU_SEDS_Lunabotics/ros2_ws/install/drive:/home/lunabotics/TAMU_SEDS_Lunabotics/ros2_ws/install/central_planner:/opt/ros/humble /home/lunabotics/.local/bin/cmake --install /home/lunabotics/TAMU_SEDS_Lunabotics/ros2_ws/build/tutorial_interfaces
