[0.084s] Invoking command in '/home/lunabotics/TAMU_SEDS_Lunabotics/ros2_ws/build/unitree_lidar_sdk': /home/lunabotics/.local/bin/cmake /home/lunabotics/TAMU_SEDS_Lunabotics/ros2_ws/src/unilidar_sdk2/unitree_lidar_sdk -DCMAKE_INSTALL_PREFIX=/home/lunabotics/TAMU_SEDS_Lunabotics/ros2_ws/install/unitree_lidar_sdk
[0.551s] -- The C compiler identification is GNU 11.4.0
[0.853s] -- The CXX compiler identification is GNU 11.4.0
[0.886s] -- Detecting C compiler ABI info
[1.223s] -- Detecting C compiler ABI info - done
[1.275s] -- Check for working C compiler: /usr/bin/cc - skipped
[1.290s] -- Detecting C compile features
[1.295s] -- Detecting C compile features - done
[1.323s] -- Detecting CXX compiler ABI info
[1.710s] -- Detecting CXX compiler ABI info - done
[2.136s] -- Check for working CXX compiler: /usr/bin/c++ - skipped
[2.136s] -- Detecting CXX compile features
[2.138s] -- Detecting CXX compile features - done
[2.141s] -- Configuring done
[2.213s] -- Generating done
[2.238s] -- Build files have been written to: /home/lunabotics/TAMU_SEDS_Lunabotics/ros2_ws/build/unitree_lidar_sdk
[2.270s] Invoked command in '/home/lunabotics/TAMU_SEDS_Lunabotics/ros2_ws/build/unitree_lidar_sdk' returned '0': /home/lunabotics/.local/bin/cmake /home/lunabotics/TAMU_SEDS_Lunabotics/ros2_ws/src/unilidar_sdk2/unitree_lidar_sdk -DCMAKE_INSTALL_PREFIX=/home/lunabotics/TAMU_SEDS_Lunabotics/ros2_ws/install/unitree_lidar_sdk
[2.293s] Invoking command in '/home/lunabotics/TAMU_SEDS_Lunabotics/ros2_ws/build/unitree_lidar_sdk': /home/lunabotics/.local/bin/cmake --build /home/lunabotics/TAMU_SEDS_Lunabotics/ros2_ws/build/unitree_lidar_sdk -- -j6 -l6
[2.581s] [ 10%] [32mBuilding CXX object CMakeFiles/example_lidar_udp.dir/examples/example_lidar_udp.cpp.o[0m
[2.585s] [ 20%] [32mBuilding CXX object CMakeFiles/example_lidar_serial.dir/examples/example_lidar_serial.cpp.o[0m
[2.621s] [ 30%] [32mBuilding CXX object CMakeFiles/set_ip_address.dir/examples/set_ip_address.cpp.o[0m
[2.642s] [ 40%] [32mBuilding CXX object CMakeFiles/set_to_serial_mode.dir/examples/set_to_serial_mode.cpp.o[0m
[2.653s] [ 50%] [32mBuilding CXX object CMakeFiles/set_to_udp_mode.dir/examples/set_to_udp_mode.cpp.o[0m
[5.659s] [ 60%] [32m[1mLinking CXX executable /home/lunabotics/TAMU_SEDS_Lunabotics/ros2_ws/src/unilidar_sdk2/unitree_lidar_sdk/bin/set_ip_address[0m
[5.778s] [ 70%] [32m[1mLinking CXX executable /home/lunabotics/TAMU_SEDS_Lunabotics/ros2_ws/src/unilidar_sdk2/unitree_lidar_sdk/bin/set_to_serial_mode[0m
[6.034s] [ 80%] [32m[1mLinking CXX executable /home/lunabotics/TAMU_SEDS_Lunabotics/ros2_ws/src/unilidar_sdk2/unitree_lidar_sdk/bin/example_lidar_udp[0m
[6.090s] [ 80%] Built target set_ip_address
[6.161s] [ 90%] [32m[1mLinking CXX executable /home/lunabotics/TAMU_SEDS_Lunabotics/ros2_ws/src/unilidar_sdk2/unitree_lidar_sdk/bin/set_to_udp_mode[0m
[6.203s] [100%] [32m[1mLinking CXX executable /home/lunabotics/TAMU_SEDS_Lunabotics/ros2_ws/src/unilidar_sdk2/unitree_lidar_sdk/bin/example_lidar_serial[0m
[6.378s] [100%] Built target set_to_serial_mode
[6.469s] [100%] Built target set_to_udp_mode
[6.567s] [100%] Built target example_lidar_udp
[6.574s] [100%] Built target example_lidar_serial
[6.632s] Invoked command in '/home/lunabotics/TAMU_SEDS_Lunabotics/ros2_ws/build/unitree_lidar_sdk' returned '0': /home/lunabotics/.local/bin/cmake --build /home/lunabotics/TAMU_SEDS_Lunabotics/ros2_ws/build/unitree_lidar_sdk -- -j6 -l6
