[1.735s] Invoking command in '/home/lunabotics/TAMU_SEDS_Lunabotics/ros2_ws/src/pico_motor_control': PYTHONPATH=/home/lunabotics/TAMU_SEDS_Lunabotics/ros2_ws/build/pico_motor_control/prefix_override:/usr/lib/python3/dist-packages/colcon_core/task/python/colcon_distutils_commands:/home/lunabotics/TAMU_SEDS_Lunabotics/ros2_ws/install/pico_motor_control/lib/python3.10/site-packages:${PYTHONPATH} /usr/bin/python3 -W ignore:setup.py install is deprecated -W ignore:easy_install command is deprecated setup.py egg_info --egg-base ../../build/pico_motor_control build --build-base /home/lunabotics/TAMU_SEDS_Lunabotics/ros2_ws/build/pico_motor_control/build install --record /home/lunabotics/TAMU_SEDS_Lunabotics/ros2_ws/build/pico_motor_control/install.log --single-version-externally-managed install_data
[2.231s] running egg_info
[2.232s] writing ../../build/pico_motor_control/pico_motor_control.egg-info/PKG-INFO
[2.234s] writing dependency_links to ../../build/pico_motor_control/pico_motor_control.egg-info/dependency_links.txt
[2.234s] writing entry points to ../../build/pico_motor_control/pico_motor_control.egg-info/entry_points.txt
[2.235s] writing requirements to ../../build/pico_motor_control/pico_motor_control.egg-info/requires.txt
[2.235s] writing top-level names to ../../build/pico_motor_control/pico_motor_control.egg-info/top_level.txt
[2.239s] reading manifest file '../../build/pico_motor_control/pico_motor_control.egg-info/SOURCES.txt'
[2.241s] writing manifest file '../../build/pico_motor_control/pico_motor_control.egg-info/SOURCES.txt'
[2.242s] running build
[2.242s] running build_py
[2.244s] running install
[2.244s] running install_lib
[2.247s] running install_data
[2.247s] running install_egg_info
[2.252s] removing '/home/lunabotics/TAMU_SEDS_Lunabotics/ros2_ws/install/pico_motor_control/lib/python3.10/site-packages/pico_motor_control-0.0.0-py3.10.egg-info' (and everything under it)
[2.253s] Copying ../../build/pico_motor_control/pico_motor_control.egg-info to /home/lunabotics/TAMU_SEDS_Lunabotics/ros2_ws/install/pico_motor_control/lib/python3.10/site-packages/pico_motor_control-0.0.0-py3.10.egg-info
[2.255s] running install_scripts
[2.295s] Installing motor_controller script to /home/lunabotics/TAMU_SEDS_Lunabotics/ros2_ws/install/pico_motor_control/lib/pico_motor_control
[2.296s] writing list of installed files to '/home/lunabotics/TAMU_SEDS_Lunabotics/ros2_ws/build/pico_motor_control/install.log'
[2.361s] Invoked command in '/home/lunabotics/TAMU_SEDS_Lunabotics/ros2_ws/src/pico_motor_control' returned '0': PYTHONPATH=/home/lunabotics/TAMU_SEDS_Lunabotics/ros2_ws/build/pico_motor_control/prefix_override:/usr/lib/python3/dist-packages/colcon_core/task/python/colcon_distutils_commands:/home/lunabotics/TAMU_SEDS_Lunabotics/ros2_ws/install/pico_motor_control/lib/python3.10/site-packages:${PYTHONPATH} /usr/bin/python3 -W ignore:setup.py install is deprecated -W ignore:easy_install command is deprecated setup.py egg_info --egg-base ../../build/pico_motor_control build --build-base /home/lunabotics/TAMU_SEDS_Lunabotics/ros2_ws/build/pico_motor_control/build install --record /home/lunabotics/TAMU_SEDS_Lunabotics/ros2_ws/build/pico_motor_control/install.log --single-version-externally-managed install_data
