[0.677s] Invoking command in '/home/lunabotics/TAMU_SEDS_Lunabotics/ros2_ws/build/kiss_icp': CMAKE_PREFIX_PATH=/opt/ros/humble /home/lunabotics/.local/bin/cmake /home/lunabotics/TAMU_SEDS_Lunabotics/ros2_ws/src/kiss-icp/ros -DCMAKE_INSTALL_PREFIX=/home/lunabotics/TAMU_SEDS_Lunabotics/ros2_ws/install/kiss_icp
[1.085s] -- The CXX compiler identification is GNU 11.4.0
[1.117s] -- Detecting CXX compiler ABI info
[1.352s] -- Detecting CXX compiler ABI info - done
[1.387s] -- Check for working CXX compiler: /usr/bin/c++ - skipped
[1.387s] -- Detecting CXX compile features
[1.389s] -- Detecting CXX compile features - done
[1.419s] [0mCMake Deprecation Warning at /home/lunabotics/TAMU_SEDS_Lunabotics/ros2_ws/src/kiss-icp/cpp/kiss_icp/3rdparty/find_dependencies.cmake:25 (cmake_policy):
[1.420s]   The OLD behavior for policy CMP0135 will be removed from a future version
[1.420s]   of CMake.
[1.420s] 
[1.420s]   The cmake-policies(7) manual explains that the OLD behaviors of all
[1.420s]   policies are deprecated and that a policy should be set to OLD only under
[1.420s]   specific short-term circumstances.  Projects should be ported to the NEW
[1.420s]   behavior and not rely on setting a policy to OLD.
[1.420s] Call Stack (most recent call first):
[1.421s]   /home/lunabotics/TAMU_SEDS_Lunabotics/ros2_ws/src/kiss-icp/cpp/kiss_icp/CMakeLists.txt:48 (include)
[1.421s] 
[1.421s] [0m
[3.742s] -- The C compiler identification is GNU 11.4.0
[3.758s] -- Detecting C compiler ABI info
[3.879s] -- Detecting C compiler ABI info - done
[3.914s] -- Check for working C compiler: /usr/bin/cc - skipped
[3.914s] -- Detecting C compile features
[3.916s] -- Detecting C compile features - done
[5.403s] [0mCMake Deprecation Warning at /home/lunabotics/TAMU_SEDS_Lunabotics/ros2_ws/build/kiss_icp/_deps/tessil-src/CMakeLists.txt:1 (cmake_minimum_required):
[5.403s]   Compatibility with CMake < 3.10 will be removed from a future version of
[5.404s]   CMake.
[5.404s] 
[5.404s]   Update the VERSION argument <min> value.  Or, use the <min>...<max> syntax
[5.404s]   to tell CMake that the project requires at least <min> but has been updated
[5.404s]   to work with policies introduced by <max> or earlier.
[5.404s] 
[5.404s] [0m
[5.416s] -- Found ament_cmake: 1.3.14 (/opt/ros/humble/share/ament_cmake/cmake)
[5.749s] -- Found Python3: /usr/bin/python3 (found version "3.10.12") found components: Interpreter
[5.990s] -- Found geometry_msgs: 4.9.1 (/opt/ros/humble/share/geometry_msgs/cmake)
[6.088s] -- Found rosidl_generator_c: 3.1.8 (/opt/ros/humble/share/rosidl_generator_c/cmake)
[6.100s] -- Found rosidl_adapter: 3.1.8 (/opt/ros/humble/share/rosidl_adapter/cmake)
[6.125s] -- Found rosidl_generator_cpp: 3.1.8 (/opt/ros/humble/share/rosidl_generator_cpp/cmake)
[6.159s] -- Using all available rosidl_typesupport_c: rosidl_typesupport_fastrtps_c;rosidl_typesupport_introspection_c
[6.204s] -- Using all available rosidl_typesupport_cpp: rosidl_typesupport_fastrtps_cpp;rosidl_typesupport_introspection_cpp
[6.323s] -- Found nav_msgs: 4.9.1 (/opt/ros/humble/share/nav_msgs/cmake)
[6.375s] -- Found rclcpp: 16.0.19 (/opt/ros/humble/share/rclcpp/cmake)
[6.478s] -- Found rmw_implementation_cmake: 6.1.2 (/opt/ros/humble/share/rmw_implementation_cmake/cmake)
[6.484s] -- Found rmw_fastrtps_cpp: 6.2.10 (/opt/ros/humble/share/rmw_fastrtps_cpp/cmake)
[6.693s] -- Found OpenSSL: /usr/lib/aarch64-linux-gnu/libcrypto.so (found version "3.0.2")
[6.765s] -- Found FastRTPS: /opt/ros/humble/include
[6.878s] -- Using RMW implementation 'rmw_fastrtps_cpp' as default
[6.900s] -- Performing Test CMAKE_HAVE_LIBC_PTHREAD
[7.074s] -- Performing Test CMAKE_HAVE_LIBC_PTHREAD - Success
[7.077s] -- Found Threads: TRUE
[7.188s] -- Found rclcpp_components: 16.0.19 (/opt/ros/humble/share/rclcpp_components/cmake)
[7.260s] -- Found sensor_msgs: 4.9.1 (/opt/ros/humble/share/sensor_msgs/cmake)
[7.312s] -- Found tf2_ros: 0.25.20 (/opt/ros/humble/share/tf2_ros/cmake)
[7.514s] -- Found std_srvs: 4.9.1 (/opt/ros/humble/share/std_srvs/cmake)
[7.706s] -- Configuring done (6.8s)
[7.788s] -- Generating done (0.1s)
[7.884s] -- Build files have been written to: /home/lunabotics/TAMU_SEDS_Lunabotics/ros2_ws/build/kiss_icp
