gmake[2]: Warning: File 'kiss_icp/core/CMakeFiles/kiss_icp_core.dir/compiler_depend.make' has modification time 1408 s in the future
gmake[2]: Warning: File 'CMakeFiles/kiss_icp_node.dir/compiler_depend.make' has modification time 1408 s in the future
gmake[2]: Warning: File 'kiss_icp/metrics/CMakeFiles/kiss_icp_metrics.dir/compiler_depend.make' has modification time 1408 s in the future
gmake[2]: warning:  Clock skew detected.  Your build may be incomplete.
gmake[2]: Warning: File 'kiss_icp/core/CMakeFiles/kiss_icp_core.dir/compiler_depend.make' has modification time 1408 s in the future
gmake[2]: warning:  Clock skew detected.  Your build may be incomplete.
gmake[2]: Warning: File 'kiss_icp/metrics/CMakeFiles/kiss_icp_metrics.dir/compiler_depend.make' has modification time 1408 s in the future
gmake[2]: warning:  Clock skew detected.  Your build may be incomplete.
gmake[2]: Warning: File 'CMakeFiles/kiss_icp_node.dir/compiler_depend.make' has modification time 1408 s in the future
gmake[2]: warning:  Clock skew detected.  Your build may be incomplete.
gmake[2]: warning:  Clock skew detected.  Your build may be incomplete.
gmake[2]: warning:  Clock skew detected.  Your build may be incomplete.
gmake[2]: Warning: File 'kiss_icp/pipeline/CMakeFiles/kiss_icp_pipeline.dir/compiler_depend.make' has modification time 1408 s in the future
gmake[2]: warning:  Clock skew detected.  Your build may be incomplete.
gmake[2]: Warning: File 'kiss_icp/pipeline/CMakeFiles/kiss_icp_pipeline.dir/compiler_depend.make' has modification time 1408 s in the future
gmake[2]: warning:  Clock skew detected.  Your build may be incomplete.
gmake[2]: Warning: File 'CMakeFiles/odometry_component.dir/compiler_depend.make' has modification time 1408 s in the future
gmake[2]: warning:  Clock skew detected.  Your build may be incomplete.
gmake[2]: Warning: File 'CMakeFiles/odometry_component.dir/compiler_depend.make' has modification time 1408 s in the future
gmake[2]: warning:  Clock skew detected.  Your build may be incomplete.
