gmake[2]: Warning: File 'kiss_icp/core/CMakeFiles/kiss_icp_core.dir/compiler_depend.make' has modification time 1408 s in the future
gmake[2]: Warning: File 'CMakeFiles/kiss_icp_node.dir/compiler_depend.make' has modification time 1408 s in the future
gmake[2]: Warning: File 'kiss_icp/metrics/CMakeFiles/kiss_icp_metrics.dir/compiler_depend.make' has modification time 1408 s in the future
gmake[2]: warning:  Clock skew detected.  Your build may be incomplete.
gmake[2]: Warning: File 'kiss_icp/core/CMakeFiles/kiss_icp_core.dir/compiler_depend.make' has modification time 1408 s in the future
gmake[2]: warning:  Clock skew detected.  Your build may be incomplete.
gmake[2]: Warning: File 'kiss_icp/metrics/CMakeFiles/kiss_icp_metrics.dir/compiler_depend.make' has modification time 1408 s in the future
gmake[2]: warning:  Clock skew detected.  Your build may be incomplete.
gmake[2]: Warning: File 'CMakeFiles/kiss_icp_node.dir/compiler_depend.make' has modification time 1408 s in the future
gmake[2]: warning:  Clock skew detected.  Your build may be incomplete.
gmake[2]: warning:  Clock skew detected.  Your build may be incomplete.
[ 14%] Built target kiss_icp_metrics
gmake[2]: warning:  Clock skew detected.  Your build may be incomplete.
[ 57%] Built target kiss_icp_core
[ 71%] Built target kiss_icp_node
gmake[2]: Warning: File 'kiss_icp/pipeline/CMakeFiles/kiss_icp_pipeline.dir/compiler_depend.make' has modification time 1408 s in the future
gmake[2]: warning:  Clock skew detected.  Your build may be incomplete.
gmake[2]: Warning: File 'kiss_icp/pipeline/CMakeFiles/kiss_icp_pipeline.dir/compiler_depend.make' has modification time 1408 s in the future
gmake[2]: warning:  Clock skew detected.  Your build may be incomplete.
[ 85%] Built target kiss_icp_pipeline
gmake[2]: Warning: File 'CMakeFiles/odometry_component.dir/compiler_depend.make' has modification time 1408 s in the future
gmake[2]: warning:  Clock skew detected.  Your build may be incomplete.
gmake[2]: Warning: File 'CMakeFiles/odometry_component.dir/compiler_depend.make' has modification time 1408 s in the future
gmake[2]: warning:  Clock skew detected.  Your build may be incomplete.
[100%] Built target odometry_component
-- Install configuration: "Release"
-- Up-to-date: /home/lunabotics/TAMU_SEDS_Lunabotics/ros2_ws/install/kiss_icp/lib/kiss_icp/kiss_icp_node
-- Up-to-date: /home/lunabotics/TAMU_SEDS_Lunabotics/ros2_ws/install/kiss_icp/lib/libodometry_component.so
-- Up-to-date: /home/lunabotics/TAMU_SEDS_Lunabotics/ros2_ws/install/kiss_icp/share/kiss_icp//launch
-- Up-to-date: /home/lunabotics/TAMU_SEDS_Lunabotics/ros2_ws/install/kiss_icp/share/kiss_icp//launch/odometry.launch.py
-- Up-to-date: /home/lunabotics/TAMU_SEDS_Lunabotics/ros2_ws/install/kiss_icp/share/kiss_icp//rviz
-- Up-to-date: /home/lunabotics/TAMU_SEDS_Lunabotics/ros2_ws/install/kiss_icp/share/kiss_icp//rviz/kiss_icp.rviz
-- Up-to-date: /home/lunabotics/TAMU_SEDS_Lunabotics/ros2_ws/install/kiss_icp/share/kiss_icp//config
-- Up-to-date: /home/lunabotics/TAMU_SEDS_Lunabotics/ros2_ws/install/kiss_icp/share/kiss_icp//config/config.yaml
-- Up-to-date: /home/lunabotics/TAMU_SEDS_Lunabotics/ros2_ws/install/kiss_icp/share/ament_index/resource_index/package_run_dependencies/kiss_icp
-- Up-to-date: /home/lunabotics/TAMU_SEDS_Lunabotics/ros2_ws/install/kiss_icp/share/ament_index/resource_index/parent_prefix_path/kiss_icp
-- Up-to-date: /home/lunabotics/TAMU_SEDS_Lunabotics/ros2_ws/install/kiss_icp/share/kiss_icp/environment/ament_prefix_path.sh
-- Up-to-date: /home/lunabotics/TAMU_SEDS_Lunabotics/ros2_ws/install/kiss_icp/share/kiss_icp/environment/ament_prefix_path.dsv
-- Up-to-date: /home/lunabotics/TAMU_SEDS_Lunabotics/ros2_ws/install/kiss_icp/share/kiss_icp/environment/path.sh
-- Up-to-date: /home/lunabotics/TAMU_SEDS_Lunabotics/ros2_ws/install/kiss_icp/share/kiss_icp/environment/path.dsv
-- Up-to-date: /home/lunabotics/TAMU_SEDS_Lunabotics/ros2_ws/install/kiss_icp/share/kiss_icp/local_setup.bash
-- Up-to-date: /home/lunabotics/TAMU_SEDS_Lunabotics/ros2_ws/install/kiss_icp/share/kiss_icp/local_setup.sh
-- Up-to-date: /home/lunabotics/TAMU_SEDS_Lunabotics/ros2_ws/install/kiss_icp/share/kiss_icp/local_setup.zsh
-- Up-to-date: /home/lunabotics/TAMU_SEDS_Lunabotics/ros2_ws/install/kiss_icp/share/kiss_icp/local_setup.dsv
-- Installing: /home/lunabotics/TAMU_SEDS_Lunabotics/ros2_ws/install/kiss_icp/share/kiss_icp/package.dsv
-- Up-to-date: /home/lunabotics/TAMU_SEDS_Lunabotics/ros2_ws/install/kiss_icp/share/ament_index/resource_index/packages/kiss_icp
-- Up-to-date: /home/lunabotics/TAMU_SEDS_Lunabotics/ros2_ws/install/kiss_icp/share/ament_index/resource_index/rclcpp_components/kiss_icp
-- Up-to-date: /home/lunabotics/TAMU_SEDS_Lunabotics/ros2_ws/install/kiss_icp/share/kiss_icp/cmake/kiss_icpConfig.cmake
-- Up-to-date: /home/lunabotics/TAMU_SEDS_Lunabotics/ros2_ws/install/kiss_icp/share/kiss_icp/cmake/kiss_icpConfig-version.cmake
-- Up-to-date: /home/lunabotics/TAMU_SEDS_Lunabotics/ros2_ws/install/kiss_icp/share/kiss_icp/package.xml
