[0.628s] Invoking command in '/home/lunabotics/TAMU_SEDS_Lunabotics/ros2_ws/build/kiss_icp': CMAKE_PREFIX_PATH=${CMAKE_PREFIX_PATH}:/home/lunabotics/TAMU_SEDS_Lunabotics/ros2_ws/install/pico_motor_control:/home/lunabotics/TAMU_SEDS_Lunabotics/ros2_ws/install/drive:/opt/ros/humble /home/lunabotics/.local/bin/cmake --build /home/lunabotics/TAMU_SEDS_Lunabotics/ros2_ws/build/kiss_icp -- -j6 -l6
[0.894s] gmake[2]: Warning: File 'kiss_icp/core/CMakeFiles/kiss_icp_core.dir/compiler_depend.make' has modification time 1408 s in the future
[0.896s] gmake[2]: Warning: File 'CMakeFiles/kiss_icp_node.dir/compiler_depend.make' has modification time 1408 s in the future
[0.899s] gmake[2]: Warning: File 'kiss_icp/metrics/CMakeFiles/kiss_icp_metrics.dir/compiler_depend.make' has modification time 1408 s in the future
[0.907s] gmake[2]: warning:  Clock skew detected.  Your build may be incomplete.
[0.918s] gmake[2]: Warning: File 'kiss_icp/core/CMakeFiles/kiss_icp_core.dir/compiler_depend.make' has modification time 1408 s in the future
[0.924s] gmake[2]: warning:  Clock skew detected.  Your build may be incomplete.
[0.931s] gmake[2]: Warning: File 'kiss_icp/metrics/CMakeFiles/kiss_icp_metrics.dir/compiler_depend.make' has modification time 1408 s in the future
[0.934s] gmake[2]: warning:  Clock skew detected.  Your build may be incomplete.
[0.944s] gmake[2]: Warning: File 'CMakeFiles/kiss_icp_node.dir/compiler_depend.make' has modification time 1408 s in the future
[0.945s] gmake[2]: warning:  Clock skew detected.  Your build may be incomplete.
[0.951s] gmake[2]: warning:  Clock skew detected.  Your build may be incomplete.
[0.956s] [ 14%] Built target kiss_icp_metrics
[0.964s] gmake[2]: warning:  Clock skew detected.  Your build may be incomplete.
[0.971s] [ 57%] Built target kiss_icp_core
[0.981s] [ 71%] Built target kiss_icp_node
[0.989s] gmake[2]: Warning: File 'kiss_icp/pipeline/CMakeFiles/kiss_icp_pipeline.dir/compiler_depend.make' has modification time 1408 s in the future
[1.002s] gmake[2]: warning:  Clock skew detected.  Your build may be incomplete.
[1.006s] gmake[2]: Warning: File 'kiss_icp/pipeline/CMakeFiles/kiss_icp_pipeline.dir/compiler_depend.make' has modification time 1408 s in the future
[1.008s] gmake[2]: warning:  Clock skew detected.  Your build may be incomplete.
[1.016s] [ 85%] Built target kiss_icp_pipeline
[1.032s] gmake[2]: Warning: File 'CMakeFiles/odometry_component.dir/compiler_depend.make' has modification time 1408 s in the future
[1.045s] gmake[2]: warning:  Clock skew detected.  Your build may be incomplete.
[1.053s] gmake[2]: Warning: File 'CMakeFiles/odometry_component.dir/compiler_depend.make' has modification time 1408 s in the future
[1.113s] gmake[2]: warning:  Clock skew detected.  Your build may be incomplete.
[1.122s] [100%] Built target odometry_component
[1.225s] Invoked command in '/home/lunabotics/TAMU_SEDS_Lunabotics/ros2_ws/build/kiss_icp' returned '0': CMAKE_PREFIX_PATH=${CMAKE_PREFIX_PATH}:/home/lunabotics/TAMU_SEDS_Lunabotics/ros2_ws/install/pico_motor_control:/home/lunabotics/TAMU_SEDS_Lunabotics/ros2_ws/install/drive:/opt/ros/humble /home/lunabotics/.local/bin/cmake --build /home/lunabotics/TAMU_SEDS_Lunabotics/ros2_ws/build/kiss_icp -- -j6 -l6
[1.268s] Invoking command in '/home/lunabotics/TAMU_SEDS_Lunabotics/ros2_ws/build/kiss_icp': CMAKE_PREFIX_PATH=${CMAKE_PREFIX_PATH}:/home/lunabotics/TAMU_SEDS_Lunabotics/ros2_ws/install/pico_motor_control:/home/lunabotics/TAMU_SEDS_Lunabotics/ros2_ws/install/drive:/opt/ros/humble /home/lunabotics/.local/bin/cmake --install /home/lunabotics/TAMU_SEDS_Lunabotics/ros2_ws/build/kiss_icp
[1.432s] -- Install configuration: "Release"
[1.439s] -- Up-to-date: /home/lunabotics/TAMU_SEDS_Lunabotics/ros2_ws/install/kiss_icp/lib/kiss_icp/kiss_icp_node
[1.443s] -- Up-to-date: /home/lunabotics/TAMU_SEDS_Lunabotics/ros2_ws/install/kiss_icp/lib/libodometry_component.so
[1.443s] -- Up-to-date: /home/lunabotics/TAMU_SEDS_Lunabotics/ros2_ws/install/kiss_icp/share/kiss_icp//launch
[1.445s] -- Up-to-date: /home/lunabotics/TAMU_SEDS_Lunabotics/ros2_ws/install/kiss_icp/share/kiss_icp//launch/odometry.launch.py
[1.445s] -- Up-to-date: /home/lunabotics/TAMU_SEDS_Lunabotics/ros2_ws/install/kiss_icp/share/kiss_icp//rviz
[1.446s] -- Up-to-date: /home/lunabotics/TAMU_SEDS_Lunabotics/ros2_ws/install/kiss_icp/share/kiss_icp//rviz/kiss_icp.rviz
[1.446s] -- Up-to-date: /home/lunabotics/TAMU_SEDS_Lunabotics/ros2_ws/install/kiss_icp/share/kiss_icp//config
[1.447s] -- Up-to-date: /home/lunabotics/TAMU_SEDS_Lunabotics/ros2_ws/install/kiss_icp/share/kiss_icp//config/config.yaml
[1.448s] -- Up-to-date: /home/lunabotics/TAMU_SEDS_Lunabotics/ros2_ws/install/kiss_icp/share/ament_index/resource_index/package_run_dependencies/kiss_icp
[1.448s] -- Up-to-date: /home/lunabotics/TAMU_SEDS_Lunabotics/ros2_ws/install/kiss_icp/share/ament_index/resource_index/parent_prefix_path/kiss_icp
[1.449s] -- Up-to-date: /home/lunabotics/TAMU_SEDS_Lunabotics/ros2_ws/install/kiss_icp/share/kiss_icp/environment/ament_prefix_path.sh
[1.449s] -- Up-to-date: /home/lunabotics/TAMU_SEDS_Lunabotics/ros2_ws/install/kiss_icp/share/kiss_icp/environment/ament_prefix_path.dsv
[1.449s] -- Up-to-date: /home/lunabotics/TAMU_SEDS_Lunabotics/ros2_ws/install/kiss_icp/share/kiss_icp/environment/path.sh
[1.449s] -- Up-to-date: /home/lunabotics/TAMU_SEDS_Lunabotics/ros2_ws/install/kiss_icp/share/kiss_icp/environment/path.dsv
[1.449s] -- Up-to-date: /home/lunabotics/TAMU_SEDS_Lunabotics/ros2_ws/install/kiss_icp/share/kiss_icp/local_setup.bash
[1.450s] -- Up-to-date: /home/lunabotics/TAMU_SEDS_Lunabotics/ros2_ws/install/kiss_icp/share/kiss_icp/local_setup.sh
[1.450s] -- Up-to-date: /home/lunabotics/TAMU_SEDS_Lunabotics/ros2_ws/install/kiss_icp/share/kiss_icp/local_setup.zsh
[1.450s] -- Up-to-date: /home/lunabotics/TAMU_SEDS_Lunabotics/ros2_ws/install/kiss_icp/share/kiss_icp/local_setup.dsv
[1.450s] -- Installing: /home/lunabotics/TAMU_SEDS_Lunabotics/ros2_ws/install/kiss_icp/share/kiss_icp/package.dsv
[1.451s] -- Up-to-date: /home/lunabotics/TAMU_SEDS_Lunabotics/ros2_ws/install/kiss_icp/share/ament_index/resource_index/packages/kiss_icp
[1.451s] -- Up-to-date: /home/lunabotics/TAMU_SEDS_Lunabotics/ros2_ws/install/kiss_icp/share/ament_index/resource_index/rclcpp_components/kiss_icp
[1.452s] -- Up-to-date: /home/lunabotics/TAMU_SEDS_Lunabotics/ros2_ws/install/kiss_icp/share/kiss_icp/cmake/kiss_icpConfig.cmake
[1.452s] -- Up-to-date: /home/lunabotics/TAMU_SEDS_Lunabotics/ros2_ws/install/kiss_icp/share/kiss_icp/cmake/kiss_icpConfig-version.cmake
[1.452s] -- Up-to-date: /home/lunabotics/TAMU_SEDS_Lunabotics/ros2_ws/install/kiss_icp/share/kiss_icp/package.xml
[1.906s] Invoked command in '/home/lunabotics/TAMU_SEDS_Lunabotics/ros2_ws/build/kiss_icp' returned '0': CMAKE_PREFIX_PATH=${CMAKE_PREFIX_PATH}:/home/lunabotics/TAMU_SEDS_Lunabotics/ros2_ws/install/pico_motor_control:/home/lunabotics/TAMU_SEDS_Lunabotics/ros2_ws/install/drive:/opt/ros/humble /home/lunabotics/.local/bin/cmake --install /home/lunabotics/TAMU_SEDS_Lunabotics/ros2_ws/build/kiss_icp
