[0.601s] Invoking command in '/home/lunabotics/TAMU_SEDS_Lunabotics/ros2_ws/build/imu_reader': CMAKE_PREFIX_PATH=${CMAKE_PREFIX_PATH}:/home/lunabotics/TAMU_SEDS_Lunabotics/ros2_ws/install/pico_motor_control:/home/lunabotics/TAMU_SEDS_Lunabotics/ros2_ws/install/drive:/opt/ros/humble /home/lunabotics/.local/bin/cmake --build /home/lunabotics/TAMU_SEDS_Lunabotics/ros2_ws/build/imu_reader -- -j6 -l6
[0.897s] Invoked command in '/home/lunabotics/TAMU_SEDS_Lunabotics/ros2_ws/build/imu_reader' returned '0': CMAKE_PREFIX_PATH=${CMAKE_PREFIX_PATH}:/home/lunabotics/TAMU_SEDS_Lunabotics/ros2_ws/install/pico_motor_control:/home/lunabotics/TAMU_SEDS_Lunabotics/ros2_ws/install/drive:/opt/ros/humble /home/lunabotics/.local/bin/cmake --build /home/lunabotics/TAMU_SEDS_Lunabotics/ros2_ws/build/imu_reader -- -j6 -l6
[0.906s] Invoking command in '/home/lunabotics/TAMU_SEDS_Lunabotics/ros2_ws/build/imu_reader': CMAKE_PREFIX_PATH=${CMAKE_PREFIX_PATH}:/home/lunabotics/TAMU_SEDS_Lunabotics/ros2_ws/install/pico_motor_control:/home/lunabotics/TAMU_SEDS_Lunabotics/ros2_ws/install/drive:/opt/ros/humble /home/lunabotics/.local/bin/cmake --install /home/lunabotics/TAMU_SEDS_Lunabotics/ros2_ws/build/imu_reader
[1.074s] -- Install configuration: ""
[1.087s] -- Up-to-date: /home/lunabotics/TAMU_SEDS_Lunabotics/ros2_ws/install/imu_reader/share/ament_index/resource_index/package_run_dependencies/imu_reader
[1.088s] -- Up-to-date: /home/lunabotics/TAMU_SEDS_Lunabotics/ros2_ws/install/imu_reader/share/ament_index/resource_index/parent_prefix_path/imu_reader
[1.092s] -- Up-to-date: /home/lunabotics/TAMU_SEDS_Lunabotics/ros2_ws/install/imu_reader/share/imu_reader/environment/ament_prefix_path.sh
[1.092s] -- Up-to-date: /home/lunabotics/TAMU_SEDS_Lunabotics/ros2_ws/install/imu_reader/share/imu_reader/environment/ament_prefix_path.dsv
[1.092s] -- Up-to-date: /home/lunabotics/TAMU_SEDS_Lunabotics/ros2_ws/install/imu_reader/share/imu_reader/environment/path.sh
[1.093s] -- Up-to-date: /home/lunabotics/TAMU_SEDS_Lunabotics/ros2_ws/install/imu_reader/share/imu_reader/environment/path.dsv
[1.093s] -- Up-to-date: /home/lunabotics/TAMU_SEDS_Lunabotics/ros2_ws/install/imu_reader/share/imu_reader/local_setup.bash
[1.093s] -- Up-to-date: /home/lunabotics/TAMU_SEDS_Lunabotics/ros2_ws/install/imu_reader/share/imu_reader/local_setup.sh
[1.093s] -- Up-to-date: /home/lunabotics/TAMU_SEDS_Lunabotics/ros2_ws/install/imu_reader/share/imu_reader/local_setup.zsh
[1.093s] -- Up-to-date: /home/lunabotics/TAMU_SEDS_Lunabotics/ros2_ws/install/imu_reader/share/imu_reader/local_setup.dsv
[1.093s] -- Up-to-date: /home/lunabotics/TAMU_SEDS_Lunabotics/ros2_ws/install/imu_reader/share/imu_reader/package.dsv
[1.097s] -- Up-to-date: /home/lunabotics/TAMU_SEDS_Lunabotics/ros2_ws/install/imu_reader/share/ament_index/resource_index/packages/imu_reader
[1.101s] -- Up-to-date: /home/lunabotics/TAMU_SEDS_Lunabotics/ros2_ws/install/imu_reader/share/imu_reader/cmake/imu_readerConfig.cmake
[1.101s] -- Up-to-date: /home/lunabotics/TAMU_SEDS_Lunabotics/ros2_ws/install/imu_reader/share/imu_reader/cmake/imu_readerConfig-version.cmake
[1.101s] -- Up-to-date: /home/lunabotics/TAMU_SEDS_Lunabotics/ros2_ws/install/imu_reader/share/imu_reader/package.xml
[1.110s] Invoked command in '/home/lunabotics/TAMU_SEDS_Lunabotics/ros2_ws/build/imu_reader' returned '0': CMAKE_PREFIX_PATH=${CMAKE_PREFIX_PATH}:/home/lunabotics/TAMU_SEDS_Lunabotics/ros2_ws/install/pico_motor_control:/home/lunabotics/TAMU_SEDS_Lunabotics/ros2_ws/install/drive:/opt/ros/humble /home/lunabotics/.local/bin/cmake --install /home/lunabotics/TAMU_SEDS_Lunabotics/ros2_ws/build/imu_reader
