/home/lunabotics/TAMU_SEDS_Lunabotics/ros2_ws/install/drive/lib/python3.10/site-packages/drive/pico_drive.py
/home/lunabotics/TAMU_SEDS_Lunabotics/ros2_ws/install/drive/lib/python3.10/site-packages/drive/auto_drive.py
/home/lunabotics/TAMU_SEDS_Lunabotics/ros2_ws/install/drive/lib/python3.10/site-packages/drive/tank_drive.py
/home/lunabotics/TAMU_SEDS_Lunabotics/ros2_ws/install/drive/lib/python3.10/site-packages/drive/camera.py
/home/lunabotics/TAMU_SEDS_Lunabotics/ros2_ws/install/drive/lib/python3.10/site-packages/drive/auto_pub_test.py
/home/lunabotics/TAMU_SEDS_Lunabotics/ros2_ws/install/drive/lib/python3.10/site-packages/drive/tank_drive_uart.py
/home/lunabotics/TAMU_SEDS_Lunabotics/ros2_ws/install/drive/lib/python3.10/site-packages/drive/__init__.py
/home/lunabotics/TAMU_SEDS_Lunabotics/ros2_ws/install/drive/lib/python3.10/site-packages/drive/pico_drive_encoders.py
/home/lunabotics/TAMU_SEDS_Lunabotics/ros2_ws/install/drive/lib/python3.10/site-packages/drive/__pycache__/pico_drive.cpython-310.pyc
/home/lunabotics/TAMU_SEDS_Lunabotics/ros2_ws/install/drive/lib/python3.10/site-packages/drive/__pycache__/auto_drive.cpython-310.pyc
/home/lunabotics/TAMU_SEDS_Lunabotics/ros2_ws/install/drive/lib/python3.10/site-packages/drive/__pycache__/tank_drive.cpython-310.pyc
/home/lunabotics/TAMU_SEDS_Lunabotics/ros2_ws/install/drive/lib/python3.10/site-packages/drive/__pycache__/camera.cpython-310.pyc
/home/lunabotics/TAMU_SEDS_Lunabotics/ros2_ws/install/drive/lib/python3.10/site-packages/drive/__pycache__/auto_pub_test.cpython-310.pyc
/home/lunabotics/TAMU_SEDS_Lunabotics/ros2_ws/install/drive/lib/python3.10/site-packages/drive/__pycache__/tank_drive_uart.cpython-310.pyc
/home/lunabotics/TAMU_SEDS_Lunabotics/ros2_ws/install/drive/lib/python3.10/site-packages/drive/__pycache__/__init__.cpython-310.pyc
/home/lunabotics/TAMU_SEDS_Lunabotics/ros2_ws/install/drive/lib/python3.10/site-packages/drive/__pycache__/pico_drive_encoders.cpython-310.pyc
/home/lunabotics/TAMU_SEDS_Lunabotics/ros2_ws/install/drive/share/ament_index/resource_index/packages/drive
/home/lunabotics/TAMU_SEDS_Lunabotics/ros2_ws/install/drive/share/drive/package.xml
/home/lunabotics/TAMU_SEDS_Lunabotics/ros2_ws/install/drive/share/drive/launch/drive.launch.py
/home/lunabotics/TAMU_SEDS_Lunabotics/ros2_ws/install/drive/lib/python3.10/site-packages/drive-0.0.0-py3.10.egg-info/entry_points.txt
/home/lunabotics/TAMU_SEDS_Lunabotics/ros2_ws/install/drive/lib/python3.10/site-packages/drive-0.0.0-py3.10.egg-info/requires.txt
/home/lunabotics/TAMU_SEDS_Lunabotics/ros2_ws/install/drive/lib/python3.10/site-packages/drive-0.0.0-py3.10.egg-info/SOURCES.txt
/home/lunabotics/TAMU_SEDS_Lunabotics/ros2_ws/install/drive/lib/python3.10/site-packages/drive-0.0.0-py3.10.egg-info/zip-safe
/home/lunabotics/TAMU_SEDS_Lunabotics/ros2_ws/install/drive/lib/python3.10/site-packages/drive-0.0.0-py3.10.egg-info/PKG-INFO
/home/lunabotics/TAMU_SEDS_Lunabotics/ros2_ws/install/drive/lib/python3.10/site-packages/drive-0.0.0-py3.10.egg-info/dependency_links.txt
/home/lunabotics/TAMU_SEDS_Lunabotics/ros2_ws/install/drive/lib/python3.10/site-packages/drive-0.0.0-py3.10.egg-info/top_level.txt
/home/lunabotics/TAMU_SEDS_Lunabotics/ros2_ws/install/drive/lib/drive/auto_drive
/home/lunabotics/TAMU_SEDS_Lunabotics/ros2_ws/install/drive/lib/drive/auto_pub_test
/home/lunabotics/TAMU_SEDS_Lunabotics/ros2_ws/install/drive/lib/drive/camera
/home/lunabotics/TAMU_SEDS_Lunabotics/ros2_ws/install/drive/lib/drive/pico_drive
/home/lunabotics/TAMU_SEDS_Lunabotics/ros2_ws/install/drive/lib/drive/pico_drive_encoders
/home/lunabotics/TAMU_SEDS_Lunabotics/ros2_ws/install/drive/lib/drive/tank_drive
/home/lunabotics/TAMU_SEDS_Lunabotics/ros2_ws/install/drive/lib/drive/tank_drive_uart
