[0.875s] Invoking command in '/home/lunabotics/TAMU_SEDS_Lunabotics/ros2_ws/build/sensors': CMAKE_PREFIX_PATH=${CMAKE_PREFIX_PATH}:/home/lunabotics/TAMU_SEDS_Lunabotics/ros2_ws/install/pico_motor_control:/home/lunabotics/TAMU_SEDS_Lunabotics/ros2_ws/install/pico_2nd_pck:/home/lunabotics/TAMU_SEDS_Lunabotics/ros2_ws/install/drive:/home/lunabotics/TAMU_SEDS_Lunabotics/lunabotics_gnc2026/install/pathing:/home/lunabotics/TAMU_SEDS_Lunabotics/lunabotics_gnc2026/install/central_planner:/opt/ros/humble /home/lunabotics/.local/bin/cmake /home/lunabotics/TAMU_SEDS_Lunabotics/ros2_ws/src/sensors -DCMAKE_INSTALL_PREFIX=/home/lunabotics/TAMU_SEDS_Lunabotics/ros2_ws/install/sensors
[1.150s] -- The C compiler identification is GNU 11.4.0
[1.348s] -- The CXX compiler identification is GNU 11.4.0
[1.401s] -- Detecting C compiler ABI info
[2.030s] -- Detecting C compiler ABI info - done
[2.072s] -- Check for working C compiler: /usr/bin/cc - skipped
[2.072s] -- Detecting C compile features
[2.072s] -- Detecting C compile features - done
[2.085s] -- Detecting CXX compiler ABI info
[2.449s] -- Detecting CXX compiler ABI info - done
[2.464s] -- Check for working CXX compiler: /usr/bin/c++ - skipped
[2.464s] -- Detecting CXX compile features
[2.465s] -- Detecting CXX compile features - done
[2.473s] -- Found ament_cmake: 1.3.14 (/opt/ros/humble/share/ament_cmake/cmake)
[3.071s] -- Found Python3: /usr/bin/python3 (found version "3.10.12") found components: Interpreter 
[3.449s] -- Found rclcpp: 16.0.19 (/opt/ros/humble/share/rclcpp/cmake)
[3.729s] -- Found rosidl_generator_c: 3.1.8 (/opt/ros/humble/share/rosidl_generator_c/cmake)
[3.758s] -- Found rosidl_adapter: 3.1.8 (/opt/ros/humble/share/rosidl_adapter/cmake)
[3.798s] -- Found rosidl_generator_cpp: 3.1.8 (/opt/ros/humble/share/rosidl_generator_cpp/cmake)
[3.940s] -- Using all available rosidl_typesupport_c: rosidl_typesupport_fastrtps_c;rosidl_typesupport_introspection_c
[4.040s] -- Using all available rosidl_typesupport_cpp: rosidl_typesupport_fastrtps_cpp;rosidl_typesupport_introspection_cpp
[4.520s] -- Found rmw_implementation_cmake: 6.1.2 (/opt/ros/humble/share/rmw_implementation_cmake/cmake)
[4.652s] -- Found rmw_fastrtps_cpp: 6.2.10 (/opt/ros/humble/share/rmw_fastrtps_cpp/cmake)
[5.108s] -- Found OpenSSL: /usr/lib/aarch64-linux-gnu/libcrypto.so (found version "3.0.2")  
[5.274s] -- Found FastRTPS: /opt/ros/humble/include  
[5.631s] -- Using RMW implementation 'rmw_fastrtps_cpp' as default
[5.718s] -- Performing Test CMAKE_HAVE_LIBC_PTHREAD
[5.915s] -- Performing Test CMAKE_HAVE_LIBC_PTHREAD - Success
[5.918s] -- Found Threads: TRUE  
[6.096s] -- Found sensor_msgs: 4.9.1 (/opt/ros/humble/share/sensor_msgs/cmake)
[6.226s] [31mCMake Error at CMakeLists.txt:16 (find_package):
[6.226s]   By not providing "Findtutorial_interfaces.cmake" in CMAKE_MODULE_PATH this
[6.226s]   project has asked CMake to find a package configuration file provided by
[6.227s]   "tutorial_interfaces", but CMake did not find one.
[6.227s] 
[6.227s]   Could not find a package configuration file provided by
[6.227s]   "tutorial_interfaces" with any of the following names:
[6.227s] 
[6.227s]     tutorial_interfacesConfig.cmake
[6.228s]     tutorial_interfaces-config.cmake
[6.228s] 
[6.228s]   Add the installation prefix of "tutorial_interfaces" to CMAKE_PREFIX_PATH
[6.228s]   or set "tutorial_interfaces_DIR" to a directory containing one of the above
[6.229s]   files.  If "tutorial_interfaces" provides a separate development package or
[6.229s]   SDK, be sure it has been installed.
[6.229s] 
[6.229s] [0m
[6.229s] -- Configuring incomplete, errors occurred!
[6.229s] See also "/home/lunabotics/TAMU_SEDS_Lunabotics/ros2_ws/build/sensors/CMakeFiles/CMakeOutput.log".
[6.301s] Invoked command in '/home/lunabotics/TAMU_SEDS_Lunabotics/ros2_ws/build/sensors' returned '1': CMAKE_PREFIX_PATH=${CMAKE_PREFIX_PATH}:/home/lunabotics/TAMU_SEDS_Lunabotics/ros2_ws/install/pico_motor_control:/home/lunabotics/TAMU_SEDS_Lunabotics/ros2_ws/install/pico_2nd_pck:/home/lunabotics/TAMU_SEDS_Lunabotics/ros2_ws/install/drive:/home/lunabotics/TAMU_SEDS_Lunabotics/lunabotics_gnc2026/install/pathing:/home/lunabotics/TAMU_SEDS_Lunabotics/lunabotics_gnc2026/install/central_planner:/opt/ros/humble /home/lunabotics/.local/bin/cmake /home/lunabotics/TAMU_SEDS_Lunabotics/ros2_ws/src/sensors -DCMAKE_INSTALL_PREFIX=/home/lunabotics/TAMU_SEDS_Lunabotics/ros2_ws/install/sensors
