[0.077s] Invoking command in '/home/lunabotics/TAMU_SEDS_Lunabotics/ros2_ws/build/unitree_lidar_ros': /home/lunabotics/.local/bin/cmake /home/lunabotics/TAMU_SEDS_Lunabotics/ros2_ws/src/unilidar_sdk2/unitree_lidar_ros/src/unitree_lidar_ros -DCATKIN_INSTALL_INTO_PREFIX_ROOT=0 -DCMAKE_INSTALL_PREFIX=/home/lunabotics/TAMU_SEDS_Lunabotics/ros2_ws/install/unitree_lidar_ros
[0.174s] [0mCMake Deprecation Warning at CMakeLists.txt:1 (cmake_minimum_required):
[0.174s]   Compatibility with CMake < 2.8.12 will be removed from a future version of
[0.174s]   CMake.
[0.175s] 
[0.175s]   Update the VERSION argument <min> value or use a ...<max> suffix to tell
[0.175s]   CMake that the project does not need compatibility with older versions.
[0.175s] 
[0.175s] [0m
[0.894s] -- The C compiler identification is GNU 11.4.0
[1.252s] -- The CXX compiler identification is GNU 11.4.0
[1.315s] -- Detecting C compiler ABI info
[1.650s] -- Detecting C compiler ABI info - done
[1.688s] -- Check for working C compiler: /usr/bin/cc - skipped
[1.693s] -- Detecting C compile features
[1.706s] -- Detecting C compile features - done
[1.716s] -- Detecting CXX compiler ABI info
[2.167s] -- Detecting CXX compiler ABI info - done
[2.212s] -- Check for working CXX compiler: /usr/bin/c++ - skipped
[2.213s] -- Detecting CXX compile features
[2.229s] -- Detecting CXX compile features - done
[2.306s] -- Checking for module 'eigen3'
[2.411s] --   Found eigen3, version 3.4.0
[2.650s] -- Found Eigen: /usr/include/eigen3 (Required is at least version "3.1") 
[2.650s] -- Eigen found (include: /usr/include/eigen3, version: 3.4.0)
[2.829s] -- Checking for module 'flann'
[2.936s] --   Found flann, version 1.9.1
[3.265s] -- Found FLANN: /usr/lib/aarch64-linux-gnu/libflann_cpp.so  
[3.266s] -- FLANN found (include: /usr/include, lib: /usr/lib/aarch64-linux-gnu/libflann_cpp.so)
[10.077s] -- Checking for module 'libusb-1.0'
[10.160s] --   Found libusb-1.0, version 1.0.25
[10.412s] -- Found libusb: /usr/lib/aarch64-linux-gnu/libusb-1.0.so  
[10.443s] -- OpenNI found (version: 1.5.4.0, include: /usr/include/ni, lib: /usr/lib/libOpenNI.so;libusb::libusb)
[10.790s] -- OpenNI2 found (version: 2.2.0.33, include: /usr/include/openni2, lib: /usr/lib/aarch64-linux-gnu/libOpenNI2.so;libusb::libusb)
[11.466s] -- Eigen found (include: /usr/include/eigen3, version: 3.4.0)
[11.481s] -- OpenNI found (version: 1.5.4.0, include: /usr/include/ni, lib: /usr/lib/libOpenNI.so;libusb::libusb)
[11.496s] -- OpenNI2 found (version: 2.2.0.33, include: /usr/include/openni2, lib: /usr/lib/aarch64-linux-gnu/libOpenNI2.so;libusb::libusb)
[12.052s] -- Found Qhull version 8.0.2
[12.756s] -- OpenNI found (version: 1.5.4.0, include: /usr/include/ni, lib: /usr/lib/libOpenNI.so;libusb::libusb)
[13.349s] -- Found PCL_COMMON: /usr/lib/aarch64-linux-gnu/libpcl_common.so  
[13.353s] -- Found PCL_KDTREE: /usr/lib/aarch64-linux-gnu/libpcl_kdtree.so  
[13.357s] -- Found PCL_OCTREE: /usr/lib/aarch64-linux-gnu/libpcl_octree.so  
[13.361s] -- Found PCL_SEARCH: /usr/lib/aarch64-linux-gnu/libpcl_search.so  
[13.365s] -- Found PCL_SAMPLE_CONSENSUS: /usr/lib/aarch64-linux-gnu/libpcl_sample_consensus.so  
[13.369s] -- Found PCL_FILTERS: /usr/lib/aarch64-linux-gnu/libpcl_filters.so  
[13.370s] -- Found PCL_2D: /usr/include/pcl-1.12  
[13.372s] -- Found PCL_GEOMETRY: /usr/include/pcl-1.12  
[13.375s] -- Found PCL_IO: /usr/lib/aarch64-linux-gnu/libpcl_io.so  
[13.378s] -- Found PCL_FEATURES: /usr/lib/aarch64-linux-gnu/libpcl_features.so  
[13.381s] -- Found PCL_ML: /usr/lib/aarch64-linux-gnu/libpcl_ml.so  
[13.383s] -- Found PCL_SEGMENTATION: /usr/lib/aarch64-linux-gnu/libpcl_segmentation.so  
[13.386s] -- Found PCL_VISUALIZATION: /usr/lib/aarch64-linux-gnu/libpcl_visualization.so  
[13.389s] -- Found PCL_SURFACE: /usr/lib/aarch64-linux-gnu/libpcl_surface.so  
[13.392s] -- Found PCL_REGISTRATION: /usr/lib/aarch64-linux-gnu/libpcl_registration.so  
[13.394s] -- Found PCL_KEYPOINTS: /usr/lib/aarch64-linux-gnu/libpcl_keypoints.so  
[13.397s] -- Found PCL_TRACKING: /usr/lib/aarch64-linux-gnu/libpcl_tracking.so  
[13.400s] -- Found PCL_RECOGNITION: /usr/lib/aarch64-linux-gnu/libpcl_recognition.so  
[13.403s] -- Found PCL_STEREO: /usr/lib/aarch64-linux-gnu/libpcl_stereo.so  
[13.407s] -- Found PCL_APPS: /usr/lib/aarch64-linux-gnu/libpcl_apps.so  
[13.410s] -- Found PCL_IN_HAND_SCANNER: /usr/include/pcl-1.12  
[13.411s] -- Found PCL_MODELER: /usr/include/pcl-1.12  
[13.414s] -- Found PCL_POINT_CLOUD_EDITOR: /usr/include/pcl-1.12  
[13.417s] -- Found PCL_OUTOFCORE: /usr/lib/aarch64-linux-gnu/libpcl_outofcore.so  
[13.420s] -- Found PCL_PEOPLE: /usr/lib/aarch64-linux-gnu/libpcl_people.so  
[13.443s] [31mCMake Error at CMakeLists.txt:11 (find_package):
[13.444s]   By not providing "Findcatkin.cmake" in CMAKE_MODULE_PATH this project has
[13.444s]   asked CMake to find a package configuration file provided by "catkin", but
[13.444s]   CMake did not find one.
[13.444s] 
[13.444s]   Could not find a package configuration file provided by "catkin" with any
[13.444s]   of the following names:
[13.444s] 
[13.445s]     catkinConfig.cmake
[13.445s]     catkin-config.cmake
[13.445s] 
[13.445s]   Add the installation prefix of "catkin" to CMAKE_PREFIX_PATH or set
[13.445s]   "catkin_DIR" to a directory containing one of the above files.  If "catkin"
[13.445s]   provides a separate development package or SDK, be sure it has been
[13.445s]   installed.
[13.446s] 
[13.446s] [0m
[13.447s] -- Configuring incomplete, errors occurred!
[13.447s] See also "/home/lunabotics/TAMU_SEDS_Lunabotics/ros2_ws/build/unitree_lidar_ros/CMakeFiles/CMakeOutput.log".
[13.523s] Invoked command in '/home/lunabotics/TAMU_SEDS_Lunabotics/ros2_ws/build/unitree_lidar_ros' returned '1': /home/lunabotics/.local/bin/cmake /home/lunabotics/TAMU_SEDS_Lunabotics/ros2_ws/src/unilidar_sdk2/unitree_lidar_ros/src/unitree_lidar_ros -DCATKIN_INSTALL_INTO_PREFIX_ROOT=0 -DCMAKE_INSTALL_PREFIX=/home/lunabotics/TAMU_SEDS_Lunabotics/ros2_ws/install/unitree_lidar_ros
