[0.014s] Invoking command in '/home/lunabotics/TAMU_SEDS_Lunabotics/ros2_ws/build/tutorial_interfaces': CMAKE_PREFIX_PATH=${CMAKE_PREFIX_PATH}:/home/lunabotics/TAMU_SEDS_Lunabotics/ros2_ws/install/pico_motor_control:/home/lunabotics/TAMU_SEDS_Lunabotics/ros2_ws/install/drive:/opt/ros/humble /home/lunabotics/.local/bin/cmake /home/lunabotics/TAMU_SEDS_Lunabotics/ros2_ws/src/tutorial_interfaces -DCMAKE_INSTALL_PREFIX=/home/lunabotics/TAMU_SEDS_Lunabotics/ros2_ws/install/tutorial_interfaces
[0.185s] [0mCMake Deprecation Warning at CMakeLists.txt:1 (cmake_minimum_required):
[0.185s]   Compatibility with CMake < 3.10 will be removed from a future version of
[0.185s]   CMake.
[0.185s] 
[0.186s]   Update the VERSION argument <min> value.  Or, use the <min>...<max> syntax
[0.186s]   to tell CMake that the project requires at least <min> but has been updated
[0.186s]   to work with policies introduced by <max> or earlier.
[0.186s] 
[0.186s] [0m
[0.499s] -- The C compiler identification is GNU 11.4.0
[0.972s] -- The CXX compiler identification is GNU 11.4.0
[1.005s] -- Detecting C compiler ABI info
[1.148s] -- Detecting C compiler ABI info - done
[1.197s] -- Check for working C compiler: /usr/bin/cc - skipped
[1.200s] -- Detecting C compile features
[1.202s] -- Detecting C compile features - done
[1.249s] -- Detecting CXX compiler ABI info
[1.412s] -- Detecting CXX compiler ABI info - done
[1.462s] -- Check for working CXX compiler: /usr/bin/c++ - skipped
[1.463s] -- Detecting CXX compile features
[1.465s] -- Detecting CXX compile features - done
[1.500s] -- Found ament_cmake: 1.3.14 (/opt/ros/humble/share/ament_cmake/cmake)
[1.856s] -- Found Python3: /usr/bin/python3 (found version "3.10.12") found components: Interpreter
[2.084s] -- Found geometry_msgs: 4.9.1 (/opt/ros/humble/share/geometry_msgs/cmake)
[2.178s] -- Found rosidl_generator_c: 3.1.8 (/opt/ros/humble/share/rosidl_generator_c/cmake)
[2.190s] -- Found rosidl_adapter: 3.1.8 (/opt/ros/humble/share/rosidl_adapter/cmake)
[2.211s] -- Found rosidl_generator_cpp: 3.1.8 (/opt/ros/humble/share/rosidl_generator_cpp/cmake)
[2.242s] -- Using all available rosidl_typesupport_c: rosidl_typesupport_fastrtps_c;rosidl_typesupport_introspection_c
[2.284s] -- Using all available rosidl_typesupport_cpp: rosidl_typesupport_fastrtps_cpp;rosidl_typesupport_introspection_cpp
[2.456s] -- Found rosidl_default_generators: 1.2.1 (/opt/ros/humble/share/rosidl_default_generators/cmake)
[3.645s] -- Found ament_cmake_ros: 0.10.0 (/opt/ros/humble/share/ament_cmake_ros/cmake)
[6.051s] -- Using all available rosidl_typesupport_c: rosidl_typesupport_fastrtps_c;rosidl_typesupport_introspection_c
[6.918s] -- Using all available rosidl_typesupport_cpp: rosidl_typesupport_fastrtps_cpp;rosidl_typesupport_introspection_cpp
[6.929s] [33mCMake Warning (dev) at /opt/ros/humble/share/rosidl_generator_py/cmake/rosidl_generator_py_generate_interfaces.cmake:20 (find_package):
[6.930s]   Policy CMP0148 is not set: The FindPythonInterp and FindPythonLibs modules
[6.930s]   are removed.  Run "cmake --help-policy CMP0148" for policy details.  Use
[6.930s]   the cmake_policy command to set the policy and suppress this warning.
[6.930s] 
[6.931s] Call Stack (most recent call first):
[6.931s]   /opt/ros/humble/share/ament_cmake_core/cmake/core/ament_execute_extensions.cmake:48 (include)
[6.931s]   /opt/ros/humble/share/rosidl_cmake/cmake/rosidl_generate_interfaces.cmake:286 (ament_execute_extensions)
[6.931s]   CMakeLists.txt:18 (rosidl_generate_interfaces)
[6.932s] This warning is for project developers.  Use -Wno-dev to suppress it.
[6.932s] [0m
[6.994s] -- Found PythonInterp: /usr/bin/python3 (found suitable version "3.10.12", minimum required is "3.6")
[7.001s] -- Found python_cmake_module: 0.10.0 (/opt/ros/humble/share/python_cmake_module/cmake)
[7.006s] [33mCMake Warning (dev) at /opt/ros/humble/share/python_cmake_module/cmake/Modules/FindPythonExtra.cmake:52 (find_package):
[7.007s]   Policy CMP0148 is not set: The FindPythonInterp and FindPythonLibs modules
[7.007s]   are removed.  Run "cmake --help-policy CMP0148" for policy details.  Use
[7.007s]   the cmake_policy command to set the policy and suppress this warning.
[7.008s] 
[7.008s] Call Stack (most recent call first):
[7.008s]   /opt/ros/humble/share/rosidl_generator_py/cmake/rosidl_generator_py_generate_interfaces.cmake:23 (find_package)
[7.008s]   /opt/ros/humble/share/ament_cmake_core/cmake/core/ament_execute_extensions.cmake:48 (include)
[7.009s]   /opt/ros/humble/share/rosidl_cmake/cmake/rosidl_generate_interfaces.cmake:286 (ament_execute_extensions)
[7.009s]   CMakeLists.txt:18 (rosidl_generate_interfaces)
[7.009s] This warning is for project developers.  Use -Wno-dev to suppress it.
[7.009s] [0m
[7.067s] [33mCMake Warning (dev) at /opt/ros/humble/share/python_cmake_module/cmake/Modules/FindPythonExtra.cmake:140 (find_package):
[7.068s]   Policy CMP0148 is not set: The FindPythonInterp and FindPythonLibs modules
[7.068s]   are removed.  Run "cmake --help-policy CMP0148" for policy details.  Use
[7.068s]   the cmake_policy command to set the policy and suppress this warning.
[7.068s] 
[7.068s] Call Stack (most recent call first):
[7.068s]   /opt/ros/humble/share/rosidl_generator_py/cmake/rosidl_generator_py_generate_interfaces.cmake:23 (find_package)
[7.068s]   /opt/ros/humble/share/ament_cmake_core/cmake/core/ament_execute_extensions.cmake:48 (include)
[7.068s]   /opt/ros/humble/share/rosidl_cmake/cmake/rosidl_generate_interfaces.cmake:286 (ament_execute_extensions)
[7.069s]   CMakeLists.txt:18 (rosidl_generate_interfaces)
[7.069s] This warning is for project developers.  Use -Wno-dev to suppress it.
[7.069s] [0m
[7.113s] -- Found PythonLibs: /usr/lib/aarch64-linux-gnu/libpython3.10.so (found suitable version "3.10.12", minimum required is "3.5")
[7.114s] -- Using PYTHON_EXECUTABLE: /usr/bin/python3
[7.114s] -- Using PYTHON_INCLUDE_DIRS: /usr/include/python3.10
[7.114s] -- Using PYTHON_LIBRARIES: /usr/lib/aarch64-linux-gnu/libpython3.10.so
[7.174s] -- Found PythonExtra: .so
[7.794s] -- Found ament_lint_auto: 0.12.15 (/opt/ros/humble/share/ament_lint_auto/cmake)
[7.878s] -- Added test 'lint_cmake' to check CMake code style
[7.881s] -- Added test 'xmllint' to check XML markup files
[7.892s] -- Configuring done (7.7s)
[8.008s] -- Generating done (0.1s)
[8.048s] -- Build files have been written to: /home/lunabotics/TAMU_SEDS_Lunabotics/ros2_ws/build/tutorial_interfaces
