[0.807s] Invoking command in '/home/lunabotics/TAMU_SEDS_Lunabotics/ros2_ws/build/joy_controller_cpp': CMAKE_PREFIX_PATH=${CMAKE_PREFIX_PATH}:/home/lunabotics/TAMU_SEDS_Lunabotics/lunabotics_gnc2026/install/pathing:/home/lunabotics/TAMU_SEDS_Lunabotics/lunabotics_gnc2026/install/central_planner:/home/lunabotics/TAMU_SEDS_Lunabotics/ros2_ws/install/pico_motor_control:/home/lunabotics/TAMU_SEDS_Lunabotics/ros2_ws/install/pico_2nd_pck:/home/lunabotics/TAMU_SEDS_Lunabotics/ros2_ws/install/drive:/home/lunabotics/TAMU_SEDS_Lunabotics/ros2_ws/install/central_planner:/opt/ros/humble /home/lunabotics/.local/bin/cmake /home/lunabotics/TAMU_SEDS_Lunabotics/ros2_ws/src/joy_controller_cpp -DCMAKE_INSTALL_PREFIX=/home/lunabotics/TAMU_SEDS_Lunabotics/ros2_ws/install/joy_controller_cpp
[1.656s] -- The C compiler identification is GNU 11.4.0
[1.779s] -- The CXX compiler identification is GNU 11.4.0
[1.800s] -- Detecting C compiler ABI info
[1.925s] -- Detecting C compiler ABI info - done
[1.962s] -- Check for working C compiler: /usr/bin/cc - skipped
[1.963s] -- Detecting C compile features
[1.964s] -- Detecting C compile features - done
[1.981s] -- Detecting CXX compiler ABI info
[2.151s] -- Detecting CXX compiler ABI info - done
[2.192s] -- Check for working CXX compiler: /usr/bin/c++ - skipped
[2.192s] -- Detecting CXX compile features
[2.192s] -- Detecting CXX compile features - done
[2.193s] -- Found ament_cmake: 1.3.14 (/opt/ros/humble/share/ament_cmake/cmake)
[2.518s] -- Found Python3: /usr/bin/python3 (found version "3.10.12") found components: Interpreter 
[2.741s] -- Found rclcpp: 16.0.19 (/opt/ros/humble/share/rclcpp/cmake)
[2.850s] -- Found rosidl_generator_c: 3.1.8 (/opt/ros/humble/share/rosidl_generator_c/cmake)
[2.863s] -- Found rosidl_adapter: 3.1.8 (/opt/ros/humble/share/rosidl_adapter/cmake)
[2.885s] -- Found rosidl_generator_cpp: 3.1.8 (/opt/ros/humble/share/rosidl_generator_cpp/cmake)
[2.925s] -- Using all available rosidl_typesupport_c: rosidl_typesupport_fastrtps_c;rosidl_typesupport_introspection_c
[2.961s] -- Using all available rosidl_typesupport_cpp: rosidl_typesupport_fastrtps_cpp;rosidl_typesupport_introspection_cpp
[3.081s] -- Found rmw_implementation_cmake: 6.1.2 (/opt/ros/humble/share/rmw_implementation_cmake/cmake)
[3.089s] -- Found rmw_fastrtps_cpp: 6.2.10 (/opt/ros/humble/share/rmw_fastrtps_cpp/cmake)
[3.262s] -- Found OpenSSL: /usr/lib/aarch64-linux-gnu/libcrypto.so (found version "3.0.2")  
[3.321s] -- Found FastRTPS: /opt/ros/humble/include  
[3.416s] -- Using RMW implementation 'rmw_fastrtps_cpp' as default
[3.439s] -- Performing Test CMAKE_HAVE_LIBC_PTHREAD
[3.554s] -- Performing Test CMAKE_HAVE_LIBC_PTHREAD - Success
[3.557s] -- Found Threads: TRUE  
[3.694s] -- Found sensor_msgs: 4.9.1 (/opt/ros/humble/share/sensor_msgs/cmake)
[3.779s] -- Found ament_lint_auto: 0.12.15 (/opt/ros/humble/share/ament_lint_auto/cmake)
[3.786s] [31mCMake Error at CMakeLists.txt:27 (install):
[3.787s]   install TARGETS given target "joy_controller_node" which does not exist.
[3.787s] 
[3.787s] [0m
[3.994s] -- Added test 'cppcheck' to perform static code analysis on C / C++ code
[3.994s] -- Configured cppcheck include dirs: 
[3.994s] -- Configured cppcheck exclude dirs and/or files: 
[3.996s] -- Added test 'lint_cmake' to check CMake code style
[3.999s] -- Added test 'uncrustify' to check C / C++ code style
[3.999s] -- Configured uncrustify additional arguments: 
[4.002s] -- Added test 'xmllint' to check XML markup files
[4.006s] -- Configuring incomplete, errors occurred!
[4.006s] See also "/home/lunabotics/TAMU_SEDS_Lunabotics/ros2_ws/build/joy_controller_cpp/CMakeFiles/CMakeOutput.log".
[4.456s] Invoked command in '/home/lunabotics/TAMU_SEDS_Lunabotics/ros2_ws/build/joy_controller_cpp' returned '1': CMAKE_PREFIX_PATH=${CMAKE_PREFIX_PATH}:/home/lunabotics/TAMU_SEDS_Lunabotics/lunabotics_gnc2026/install/pathing:/home/lunabotics/TAMU_SEDS_Lunabotics/lunabotics_gnc2026/install/central_planner:/home/lunabotics/TAMU_SEDS_Lunabotics/ros2_ws/install/pico_motor_control:/home/lunabotics/TAMU_SEDS_Lunabotics/ros2_ws/install/pico_2nd_pck:/home/lunabotics/TAMU_SEDS_Lunabotics/ros2_ws/install/drive:/home/lunabotics/TAMU_SEDS_Lunabotics/ros2_ws/install/central_planner:/opt/ros/humble /home/lunabotics/.local/bin/cmake /home/lunabotics/TAMU_SEDS_Lunabotics/ros2_ws/src/joy_controller_cpp -DCMAKE_INSTALL_PREFIX=/home/lunabotics/TAMU_SEDS_Lunabotics/ros2_ws/install/joy_controller_cpp
