[0.219s] DEBUG:colcon:Command line arguments: ['/usr/bin/colcon', 'build', '--packages-select', 'drive']
[0.219s] DEBUG:colcon:Parsed command line arguments: Namespace(log_base=None, log_level=None, verb_name='build', build_base='build', install_base='install', merge_install=False, symlink_install=False, test_result_base=None, continue_on_error=False, executor='parallel', parallel_workers=6, event_handlers=None, ignore_user_meta=False, metas=['./colcon.meta'], base_paths=['.'], packages_ignore=None, packages_ignore_regex=None, paths=None, packages_up_to=None, packages_up_to_regex=None, packages_above=None, packages_above_and_dependencies=None, packages_above_depth=None, packages_select_by_dep=None, packages_skip_by_dep=None, packages_skip_up_to=None, packages_select_build_failed=False, packages_skip_build_finished=False, packages_select_test_failures=False, packages_skip_test_passed=False, packages_select=['drive'], packages_skip=None, packages_select_regex=None, packages_skip_regex=None, packages_start=None, packages_end=None, allow_overriding=[], cmake_args=None, cmake_target=None, cmake_target_skip_unavailable=False, cmake_clean_cache=False, cmake_clean_first=False, cmake_force_configure=False, ament_cmake_args=None, catkin_cmake_args=None, catkin_skip_building_tests=False, verb_parser=<colcon_defaults.argument_parser.defaults.DefaultArgumentsDecorator object at 0xffff95471300>, verb_extension=<colcon_core.verb.build.BuildVerb object at 0xffff95470df0>, main=<bound method BuildVerb.main of <colcon_core.verb.build.BuildVerb object at 0xffff95470df0>>)
[0.559s] Level 1:colcon.colcon_core.package_discovery:discover_packages(colcon_meta) check parameters
[0.560s] Level 1:colcon.colcon_core.package_discovery:discover_packages(recursive) check parameters
[0.560s] Level 1:colcon.colcon_core.package_discovery:discover_packages(ignore) check parameters
[0.560s] Level 1:colcon.colcon_core.package_discovery:discover_packages(path) check parameters
[0.560s] Level 1:colcon.colcon_core.package_discovery:discover_packages(colcon_meta) discover
[0.560s] Level 1:colcon.colcon_core.package_discovery:discover_packages(recursive) discover
[0.560s] INFO:colcon.colcon_core.package_discovery:Crawling recursively for packages in '/home/lunabotics/TAMU_SEDS_Lunabotics/ros2_ws'
[0.560s] Level 1:colcon.colcon_core.package_identification:_identify(.) by extensions ['ignore', 'ignore_ament_install']
[0.561s] Level 1:colcon.colcon_core.package_identification:_identify(.) by extension 'ignore'
[0.561s] Level 1:colcon.colcon_core.package_identification:_identify(.) by extension 'ignore_ament_install'
[0.561s] Level 1:colcon.colcon_core.package_identification:_identify(.) by extensions ['colcon_pkg']
[0.561s] Level 1:colcon.colcon_core.package_identification:_identify(.) by extension 'colcon_pkg'
[0.561s] Level 1:colcon.colcon_core.package_identification:_identify(.) by extensions ['colcon_meta']
[0.561s] Level 1:colcon.colcon_core.package_identification:_identify(.) by extension 'colcon_meta'
[0.561s] Level 1:colcon.colcon_core.package_identification:_identify(.) by extensions ['ros']
[0.561s] Level 1:colcon.colcon_core.package_identification:_identify(.) by extension 'ros'
[0.585s] Level 1:colcon.colcon_core.package_identification:_identify(.) by extensions ['cmake', 'python']
[0.585s] Level 1:colcon.colcon_core.package_identification:_identify(.) by extension 'cmake'
[0.585s] Level 1:colcon.colcon_core.package_identification:_identify(.) by extension 'python'
[0.585s] Level 1:colcon.colcon_core.package_identification:_identify(.) by extensions ['python_setup_py']
[0.585s] Level 1:colcon.colcon_core.package_identification:_identify(.) by extension 'python_setup_py'
[0.586s] Level 1:colcon.colcon_core.package_identification:_identify(build) by extensions ['ignore', 'ignore_ament_install']
[0.586s] Level 1:colcon.colcon_core.package_identification:_identify(build) by extension 'ignore'
[0.586s] Level 1:colcon.colcon_core.package_identification:_identify(build) ignored
[0.586s] Level 1:colcon.colcon_core.package_identification:_identify(install) by extensions ['ignore', 'ignore_ament_install']
[0.587s] Level 1:colcon.colcon_core.package_identification:_identify(install) by extension 'ignore'
[0.587s] Level 1:colcon.colcon_core.package_identification:_identify(install) ignored
[0.587s] Level 1:colcon.colcon_core.package_identification:_identify(log) by extensions ['ignore', 'ignore_ament_install']
[0.587s] Level 1:colcon.colcon_core.package_identification:_identify(log) by extension 'ignore'
[0.587s] Level 1:colcon.colcon_core.package_identification:_identify(log) ignored
[0.587s] Level 1:colcon.colcon_core.package_identification:_identify(oldbuild) by extensions ['ignore', 'ignore_ament_install']
[0.588s] Level 1:colcon.colcon_core.package_identification:_identify(oldbuild) by extension 'ignore'
[0.588s] Level 1:colcon.colcon_core.package_identification:_identify(oldbuild) ignored
[0.588s] Level 1:colcon.colcon_core.package_identification:_identify(oldlog) by extensions ['ignore', 'ignore_ament_install']
[0.588s] Level 1:colcon.colcon_core.package_identification:_identify(oldlog) by extension 'ignore'
[0.588s] Level 1:colcon.colcon_core.package_identification:_identify(oldlog) ignored
[0.588s] Level 1:colcon.colcon_core.package_identification:_identify(src) by extensions ['ignore', 'ignore_ament_install']
[0.589s] Level 1:colcon.colcon_core.package_identification:_identify(src) by extension 'ignore'
[0.589s] Level 1:colcon.colcon_core.package_identification:_identify(src) by extension 'ignore_ament_install'
[0.589s] Level 1:colcon.colcon_core.package_identification:_identify(src) by extensions ['colcon_pkg']
[0.589s] Level 1:colcon.colcon_core.package_identification:_identify(src) by extension 'colcon_pkg'
[0.589s] Level 1:colcon.colcon_core.package_identification:_identify(src) by extensions ['colcon_meta']
[0.589s] Level 1:colcon.colcon_core.package_identification:_identify(src) by extension 'colcon_meta'
[0.589s] Level 1:colcon.colcon_core.package_identification:_identify(src) by extensions ['ros']
[0.589s] Level 1:colcon.colcon_core.package_identification:_identify(src) by extension 'ros'
[0.589s] Level 1:colcon.colcon_core.package_identification:_identify(src) by extensions ['cmake', 'python']
[0.590s] Level 1:colcon.colcon_core.package_identification:_identify(src) by extension 'cmake'
[0.590s] Level 1:colcon.colcon_core.package_identification:_identify(src) by extension 'python'
[0.590s] Level 1:colcon.colcon_core.package_identification:_identify(src) by extensions ['python_setup_py']
[0.590s] Level 1:colcon.colcon_core.package_identification:_identify(src) by extension 'python_setup_py'
[0.590s] Level 1:colcon.colcon_core.package_identification:_identify(src/cpp_pubsub) by extensions ['ignore', 'ignore_ament_install']
[0.590s] Level 1:colcon.colcon_core.package_identification:_identify(src/cpp_pubsub) by extension 'ignore'
[0.590s] Level 1:colcon.colcon_core.package_identification:_identify(src/cpp_pubsub) by extension 'ignore_ament_install'
[0.590s] Level 1:colcon.colcon_core.package_identification:_identify(src/cpp_pubsub) by extensions ['colcon_pkg']
[0.590s] Level 1:colcon.colcon_core.package_identification:_identify(src/cpp_pubsub) by extension 'colcon_pkg'
[0.591s] Level 1:colcon.colcon_core.package_identification:_identify(src/cpp_pubsub) by extensions ['colcon_meta']
[0.591s] Level 1:colcon.colcon_core.package_identification:_identify(src/cpp_pubsub) by extension 'colcon_meta'
[0.591s] Level 1:colcon.colcon_core.package_identification:_identify(src/cpp_pubsub) by extensions ['ros']
[0.591s] Level 1:colcon.colcon_core.package_identification:_identify(src/cpp_pubsub) by extension 'ros'
[0.595s] DEBUG:colcon.colcon_core.package_identification:Package 'src/cpp_pubsub' with type 'ros.ament_cmake' and name 'cpp_pubsub'
[0.596s] Level 1:colcon.colcon_core.package_identification:_identify(src/cpp_srvcli) by extensions ['ignore', 'ignore_ament_install']
[0.596s] Level 1:colcon.colcon_core.package_identification:_identify(src/cpp_srvcli) by extension 'ignore'
[0.596s] Level 1:colcon.colcon_core.package_identification:_identify(src/cpp_srvcli) by extension 'ignore_ament_install'
[0.596s] Level 1:colcon.colcon_core.package_identification:_identify(src/cpp_srvcli) by extensions ['colcon_pkg']
[0.596s] Level 1:colcon.colcon_core.package_identification:_identify(src/cpp_srvcli) by extension 'colcon_pkg'
[0.596s] Level 1:colcon.colcon_core.package_identification:_identify(src/cpp_srvcli) by extensions ['colcon_meta']
[0.596s] Level 1:colcon.colcon_core.package_identification:_identify(src/cpp_srvcli) by extension 'colcon_meta'
[0.597s] Level 1:colcon.colcon_core.package_identification:_identify(src/cpp_srvcli) by extensions ['ros']
[0.597s] Level 1:colcon.colcon_core.package_identification:_identify(src/cpp_srvcli) by extension 'ros'
[0.598s] DEBUG:colcon.colcon_core.package_identification:Package 'src/cpp_srvcli' with type 'ros.ament_cmake' and name 'cpp_srvcli'
[0.598s] Level 1:colcon.colcon_core.package_identification:_identify(src/drive) by extensions ['ignore', 'ignore_ament_install']
[0.599s] Level 1:colcon.colcon_core.package_identification:_identify(src/drive) by extension 'ignore'
[0.599s] Level 1:colcon.colcon_core.package_identification:_identify(src/drive) by extension 'ignore_ament_install'
[0.599s] Level 1:colcon.colcon_core.package_identification:_identify(src/drive) by extensions ['colcon_pkg']
[0.599s] Level 1:colcon.colcon_core.package_identification:_identify(src/drive) by extension 'colcon_pkg'
[0.599s] Level 1:colcon.colcon_core.package_identification:_identify(src/drive) by extensions ['colcon_meta']
[0.599s] Level 1:colcon.colcon_core.package_identification:_identify(src/drive) by extension 'colcon_meta'
[0.599s] Level 1:colcon.colcon_core.package_identification:_identify(src/drive) by extensions ['ros']
[0.599s] Level 1:colcon.colcon_core.package_identification:_identify(src/drive) by extension 'ros'
[0.601s] DEBUG:colcon.colcon_core.package_identification:Package 'src/drive' with type 'ros.ament_python' and name 'drive'
[0.601s] Level 1:colcon.colcon_core.package_identification:_identify(src/kiss-icp) by extensions ['ignore', 'ignore_ament_install']
[0.601s] Level 1:colcon.colcon_core.package_identification:_identify(src/kiss-icp) by extension 'ignore'
[0.601s] Level 1:colcon.colcon_core.package_identification:_identify(src/kiss-icp) by extension 'ignore_ament_install'
[0.601s] Level 1:colcon.colcon_core.package_identification:_identify(src/kiss-icp) by extensions ['colcon_pkg']
[0.601s] Level 1:colcon.colcon_core.package_identification:_identify(src/kiss-icp) by extension 'colcon_pkg'
[0.601s] Level 1:colcon.colcon_core.package_identification:_identify(src/kiss-icp) by extensions ['colcon_meta']
[0.601s] Level 1:colcon.colcon_core.package_identification:_identify(src/kiss-icp) by extension 'colcon_meta'
[0.602s] Level 1:colcon.colcon_core.package_identification:_identify(src/kiss-icp) by extensions ['ros']
[0.602s] Level 1:colcon.colcon_core.package_identification:_identify(src/kiss-icp) by extension 'ros'
[0.602s] Level 1:colcon.colcon_core.package_identification:_identify(src/kiss-icp) by extensions ['cmake', 'python']
[0.602s] Level 1:colcon.colcon_core.package_identification:_identify(src/kiss-icp) by extension 'cmake'
[0.602s] Level 1:colcon.colcon_core.package_identification:_identify(src/kiss-icp) by extension 'python'
[0.602s] Level 1:colcon.colcon_core.package_identification:_identify(src/kiss-icp) by extensions ['python_setup_py']
[0.602s] Level 1:colcon.colcon_core.package_identification:_identify(src/kiss-icp) by extension 'python_setup_py'
[0.602s] Level 1:colcon.colcon_core.package_identification:_identify(src/kiss-icp/build) by extensions ['ignore', 'ignore_ament_install']
[0.603s] Level 1:colcon.colcon_core.package_identification:_identify(src/kiss-icp/build) by extension 'ignore'
[0.603s] Level 1:colcon.colcon_core.package_identification:_identify(src/kiss-icp/build) ignored
[0.603s] Level 1:colcon.colcon_core.package_identification:_identify(src/kiss-icp/config) by extensions ['ignore', 'ignore_ament_install']
[0.603s] Level 1:colcon.colcon_core.package_identification:_identify(src/kiss-icp/config) by extension 'ignore'
[0.603s] Level 1:colcon.colcon_core.package_identification:_identify(src/kiss-icp/config) by extension 'ignore_ament_install'
[0.603s] Level 1:colcon.colcon_core.package_identification:_identify(src/kiss-icp/config) by extensions ['colcon_pkg']
[0.603s] Level 1:colcon.colcon_core.package_identification:_identify(src/kiss-icp/config) by extension 'colcon_pkg'
[0.604s] Level 1:colcon.colcon_core.package_identification:_identify(src/kiss-icp/config) by extensions ['colcon_meta']
[0.604s] Level 1:colcon.colcon_core.package_identification:_identify(src/kiss-icp/config) by extension 'colcon_meta'
[0.604s] Level 1:colcon.colcon_core.package_identification:_identify(src/kiss-icp/config) by extensions ['ros']
[0.604s] Level 1:colcon.colcon_core.package_identification:_identify(src/kiss-icp/config) by extension 'ros'
[0.604s] Level 1:colcon.colcon_core.package_identification:_identify(src/kiss-icp/config) by extensions ['cmake', 'python']
[0.604s] Level 1:colcon.colcon_core.package_identification:_identify(src/kiss-icp/config) by extension 'cmake'
[0.604s] Level 1:colcon.colcon_core.package_identification:_identify(src/kiss-icp/config) by extension 'python'
[0.604s] Level 1:colcon.colcon_core.package_identification:_identify(src/kiss-icp/config) by extensions ['python_setup_py']
[0.604s] Level 1:colcon.colcon_core.package_identification:_identify(src/kiss-icp/config) by extension 'python_setup_py'
[0.604s] Level 1:colcon.colcon_core.package_identification:_identify(src/kiss-icp/cpp) by extensions ['ignore', 'ignore_ament_install']
[0.605s] Level 1:colcon.colcon_core.package_identification:_identify(src/kiss-icp/cpp) by extension 'ignore'
[0.605s] Level 1:colcon.colcon_core.package_identification:_identify(src/kiss-icp/cpp) ignored
[0.605s] Level 1:colcon.colcon_core.package_identification:_identify(src/kiss-icp/eval) by extensions ['ignore', 'ignore_ament_install']
[0.605s] Level 1:colcon.colcon_core.package_identification:_identify(src/kiss-icp/eval) by extension 'ignore'
[0.605s] Level 1:colcon.colcon_core.package_identification:_identify(src/kiss-icp/eval) by extension 'ignore_ament_install'
[0.605s] Level 1:colcon.colcon_core.package_identification:_identify(src/kiss-icp/eval) by extensions ['colcon_pkg']
[0.605s] Level 1:colcon.colcon_core.package_identification:_identify(src/kiss-icp/eval) by extension 'colcon_pkg'
[0.606s] Level 1:colcon.colcon_core.package_identification:_identify(src/kiss-icp/eval) by extensions ['colcon_meta']
[0.606s] Level 1:colcon.colcon_core.package_identification:_identify(src/kiss-icp/eval) by extension 'colcon_meta'
[0.606s] Level 1:colcon.colcon_core.package_identification:_identify(src/kiss-icp/eval) by extensions ['ros']
[0.606s] Level 1:colcon.colcon_core.package_identification:_identify(src/kiss-icp/eval) by extension 'ros'
[0.606s] Level 1:colcon.colcon_core.package_identification:_identify(src/kiss-icp/eval) by extensions ['cmake', 'python']
[0.606s] Level 1:colcon.colcon_core.package_identification:_identify(src/kiss-icp/eval) by extension 'cmake'
[0.606s] Level 1:colcon.colcon_core.package_identification:_identify(src/kiss-icp/eval) by extension 'python'
[0.606s] Level 1:colcon.colcon_core.package_identification:_identify(src/kiss-icp/eval) by extensions ['python_setup_py']
[0.606s] Level 1:colcon.colcon_core.package_identification:_identify(src/kiss-icp/eval) by extension 'python_setup_py'
[0.607s] Level 1:colcon.colcon_core.package_identification:_identify(src/kiss-icp/install) by extensions ['ignore', 'ignore_ament_install']
[0.607s] Level 1:colcon.colcon_core.package_identification:_identify(src/kiss-icp/install) by extension 'ignore'
[0.607s] Level 1:colcon.colcon_core.package_identification:_identify(src/kiss-icp/install) ignored
[0.607s] Level 1:colcon.colcon_core.package_identification:_identify(src/kiss-icp/log) by extensions ['ignore', 'ignore_ament_install']
[0.607s] Level 1:colcon.colcon_core.package_identification:_identify(src/kiss-icp/log) by extension 'ignore'
[0.607s] Level 1:colcon.colcon_core.package_identification:_identify(src/kiss-icp/log) ignored
[0.607s] Level 1:colcon.colcon_core.package_identification:_identify(src/kiss-icp/python) by extensions ['ignore', 'ignore_ament_install']
[0.608s] Level 1:colcon.colcon_core.package_identification:_identify(src/kiss-icp/python) by extension 'ignore'
[0.608s] Level 1:colcon.colcon_core.package_identification:_identify(src/kiss-icp/python) ignored
[0.608s] Level 1:colcon.colcon_core.package_identification:_identify(src/kiss-icp/ros) by extensions ['ignore', 'ignore_ament_install']
[0.608s] Level 1:colcon.colcon_core.package_identification:_identify(src/kiss-icp/ros) by extension 'ignore'
[0.608s] Level 1:colcon.colcon_core.package_identification:_identify(src/kiss-icp/ros) by extension 'ignore_ament_install'
[0.608s] Level 1:colcon.colcon_core.package_identification:_identify(src/kiss-icp/ros) by extensions ['colcon_pkg']
[0.608s] Level 1:colcon.colcon_core.package_identification:_identify(src/kiss-icp/ros) by extension 'colcon_pkg'
[0.609s] Level 1:colcon.colcon_core.package_identification:_identify(src/kiss-icp/ros) by extensions ['colcon_meta']
[0.609s] Level 1:colcon.colcon_core.package_identification:_identify(src/kiss-icp/ros) by extension 'colcon_meta'
[0.609s] Level 1:colcon.colcon_core.package_identification:_identify(src/kiss-icp/ros) by extensions ['ros']
[0.609s] Level 1:colcon.colcon_core.package_identification:_identify(src/kiss-icp/ros) by extension 'ros'
[0.611s] DEBUG:colcon.colcon_core.package_identification:Package 'src/kiss-icp/ros' with type 'ros.ament_cmake' and name 'kiss_icp'
[0.612s] Level 1:colcon.colcon_core.package_identification:_identify(src/pico_2nd_pck) by extensions ['ignore', 'ignore_ament_install']
[0.612s] Level 1:colcon.colcon_core.package_identification:_identify(src/pico_2nd_pck) by extension 'ignore'
[0.612s] Level 1:colcon.colcon_core.package_identification:_identify(src/pico_2nd_pck) by extension 'ignore_ament_install'
[0.612s] Level 1:colcon.colcon_core.package_identification:_identify(src/pico_2nd_pck) by extensions ['colcon_pkg']
[0.612s] Level 1:colcon.colcon_core.package_identification:_identify(src/pico_2nd_pck) by extension 'colcon_pkg'
[0.612s] Level 1:colcon.colcon_core.package_identification:_identify(src/pico_2nd_pck) by extensions ['colcon_meta']
[0.612s] Level 1:colcon.colcon_core.package_identification:_identify(src/pico_2nd_pck) by extension 'colcon_meta'
[0.613s] Level 1:colcon.colcon_core.package_identification:_identify(src/pico_2nd_pck) by extensions ['ros']
[0.613s] Level 1:colcon.colcon_core.package_identification:_identify(src/pico_2nd_pck) by extension 'ros'
[0.614s] DEBUG:colcon.colcon_core.package_identification:Package 'src/pico_2nd_pck' with type 'ros.ament_python' and name 'pico_2nd_pck'
[0.614s] Level 1:colcon.colcon_core.package_identification:_identify(src/pico_motor_control) by extensions ['ignore', 'ignore_ament_install']
[0.614s] Level 1:colcon.colcon_core.package_identification:_identify(src/pico_motor_control) by extension 'ignore'
[0.614s] Level 1:colcon.colcon_core.package_identification:_identify(src/pico_motor_control) by extension 'ignore_ament_install'
[0.614s] Level 1:colcon.colcon_core.package_identification:_identify(src/pico_motor_control) by extensions ['colcon_pkg']
[0.615s] Level 1:colcon.colcon_core.package_identification:_identify(src/pico_motor_control) by extension 'colcon_pkg'
[0.615s] Level 1:colcon.colcon_core.package_identification:_identify(src/pico_motor_control) by extensions ['colcon_meta']
[0.615s] Level 1:colcon.colcon_core.package_identification:_identify(src/pico_motor_control) by extension 'colcon_meta'
[0.615s] Level 1:colcon.colcon_core.package_identification:_identify(src/pico_motor_control) by extensions ['ros']
[0.615s] Level 1:colcon.colcon_core.package_identification:_identify(src/pico_motor_control) by extension 'ros'
[0.616s] DEBUG:colcon.colcon_core.package_identification:Package 'src/pico_motor_control' with type 'ros.ament_python' and name 'pico_motor_control'
[0.616s] Level 1:colcon.colcon_core.package_identification:_identify(src/sensors) by extensions ['ignore', 'ignore_ament_install']
[0.617s] Level 1:colcon.colcon_core.package_identification:_identify(src/sensors) by extension 'ignore'
[0.617s] Level 1:colcon.colcon_core.package_identification:_identify(src/sensors) by extension 'ignore_ament_install'
[0.617s] Level 1:colcon.colcon_core.package_identification:_identify(src/sensors) by extensions ['colcon_pkg']
[0.617s] Level 1:colcon.colcon_core.package_identification:_identify(src/sensors) by extension 'colcon_pkg'
[0.617s] Level 1:colcon.colcon_core.package_identification:_identify(src/sensors) by extensions ['colcon_meta']
[0.617s] Level 1:colcon.colcon_core.package_identification:_identify(src/sensors) by extension 'colcon_meta'
[0.617s] Level 1:colcon.colcon_core.package_identification:_identify(src/sensors) by extensions ['ros']
[0.617s] Level 1:colcon.colcon_core.package_identification:_identify(src/sensors) by extension 'ros'
[0.618s] DEBUG:colcon.colcon_core.package_identification:Package 'src/sensors' with type 'ros.ament_cmake' and name 'sensors'
[0.619s] Level 1:colcon.colcon_core.package_identification:_identify(src/unilidar_sdk2) by extensions ['ignore', 'ignore_ament_install']
[0.619s] Level 1:colcon.colcon_core.package_identification:_identify(src/unilidar_sdk2) by extension 'ignore'
[0.619s] Level 1:colcon.colcon_core.package_identification:_identify(src/unilidar_sdk2) by extension 'ignore_ament_install'
[0.619s] Level 1:colcon.colcon_core.package_identification:_identify(src/unilidar_sdk2) by extensions ['colcon_pkg']
[0.619s] Level 1:colcon.colcon_core.package_identification:_identify(src/unilidar_sdk2) by extension 'colcon_pkg'
[0.619s] Level 1:colcon.colcon_core.package_identification:_identify(src/unilidar_sdk2) by extensions ['colcon_meta']
[0.619s] Level 1:colcon.colcon_core.package_identification:_identify(src/unilidar_sdk2) by extension 'colcon_meta'
[0.619s] Level 1:colcon.colcon_core.package_identification:_identify(src/unilidar_sdk2) by extensions ['ros']
[0.620s] Level 1:colcon.colcon_core.package_identification:_identify(src/unilidar_sdk2) by extension 'ros'
[0.620s] Level 1:colcon.colcon_core.package_identification:_identify(src/unilidar_sdk2) by extensions ['cmake', 'python']
[0.620s] Level 1:colcon.colcon_core.package_identification:_identify(src/unilidar_sdk2) by extension 'cmake'
[0.620s] Level 1:colcon.colcon_core.package_identification:_identify(src/unilidar_sdk2) by extension 'python'
[0.620s] Level 1:colcon.colcon_core.package_identification:_identify(src/unilidar_sdk2) by extensions ['python_setup_py']
[0.620s] Level 1:colcon.colcon_core.package_identification:_identify(src/unilidar_sdk2) by extension 'python_setup_py'
[0.620s] Level 1:colcon.colcon_core.package_identification:_identify(src/unilidar_sdk2/docs) by extensions ['ignore', 'ignore_ament_install']
[0.620s] Level 1:colcon.colcon_core.package_identification:_identify(src/unilidar_sdk2/docs) by extension 'ignore'
[0.621s] Level 1:colcon.colcon_core.package_identification:_identify(src/unilidar_sdk2/docs) by extension 'ignore_ament_install'
[0.621s] Level 1:colcon.colcon_core.package_identification:_identify(src/unilidar_sdk2/docs) by extensions ['colcon_pkg']
[0.621s] Level 1:colcon.colcon_core.package_identification:_identify(src/unilidar_sdk2/docs) by extension 'colcon_pkg'
[0.621s] Level 1:colcon.colcon_core.package_identification:_identify(src/unilidar_sdk2/docs) by extensions ['colcon_meta']
[0.621s] Level 1:colcon.colcon_core.package_identification:_identify(src/unilidar_sdk2/docs) by extension 'colcon_meta'
[0.621s] Level 1:colcon.colcon_core.package_identification:_identify(src/unilidar_sdk2/docs) by extensions ['ros']
[0.621s] Level 1:colcon.colcon_core.package_identification:_identify(src/unilidar_sdk2/docs) by extension 'ros'
[0.621s] Level 1:colcon.colcon_core.package_identification:_identify(src/unilidar_sdk2/docs) by extensions ['cmake', 'python']
[0.621s] Level 1:colcon.colcon_core.package_identification:_identify(src/unilidar_sdk2/docs) by extension 'cmake'
[0.621s] Level 1:colcon.colcon_core.package_identification:_identify(src/unilidar_sdk2/docs) by extension 'python'
[0.622s] Level 1:colcon.colcon_core.package_identification:_identify(src/unilidar_sdk2/docs) by extensions ['python_setup_py']
[0.622s] Level 1:colcon.colcon_core.package_identification:_identify(src/unilidar_sdk2/docs) by extension 'python_setup_py'
[0.622s] Level 1:colcon.colcon_core.package_identification:_identify(src/unilidar_sdk2/unitree_lidar_ros) by extensions ['ignore', 'ignore_ament_install']
[0.622s] Level 1:colcon.colcon_core.package_identification:_identify(src/unilidar_sdk2/unitree_lidar_ros) by extension 'ignore'
[0.622s] Level 1:colcon.colcon_core.package_identification:_identify(src/unilidar_sdk2/unitree_lidar_ros) by extension 'ignore_ament_install'
[0.622s] Level 1:colcon.colcon_core.package_identification:_identify(src/unilidar_sdk2/unitree_lidar_ros) by extensions ['colcon_pkg']
[0.622s] Level 1:colcon.colcon_core.package_identification:_identify(src/unilidar_sdk2/unitree_lidar_ros) by extension 'colcon_pkg'
[0.622s] Level 1:colcon.colcon_core.package_identification:_identify(src/unilidar_sdk2/unitree_lidar_ros) by extensions ['colcon_meta']
[0.622s] Level 1:colcon.colcon_core.package_identification:_identify(src/unilidar_sdk2/unitree_lidar_ros) by extension 'colcon_meta'
[0.623s] Level 1:colcon.colcon_core.package_identification:_identify(src/unilidar_sdk2/unitree_lidar_ros) by extensions ['ros']
[0.623s] Level 1:colcon.colcon_core.package_identification:_identify(src/unilidar_sdk2/unitree_lidar_ros) by extension 'ros'
[0.623s] Level 1:colcon.colcon_core.package_identification:_identify(src/unilidar_sdk2/unitree_lidar_ros) by extensions ['cmake', 'python']
[0.623s] Level 1:colcon.colcon_core.package_identification:_identify(src/unilidar_sdk2/unitree_lidar_ros) by extension 'cmake'
[0.623s] Level 1:colcon.colcon_core.package_identification:_identify(src/unilidar_sdk2/unitree_lidar_ros) by extension 'python'
[0.623s] Level 1:colcon.colcon_core.package_identification:_identify(src/unilidar_sdk2/unitree_lidar_ros) by extensions ['python_setup_py']
[0.623s] Level 1:colcon.colcon_core.package_identification:_identify(src/unilidar_sdk2/unitree_lidar_ros) by extension 'python_setup_py'
[0.623s] Level 1:colcon.colcon_core.package_identification:_identify(src/unilidar_sdk2/unitree_lidar_ros/src) by extensions ['ignore', 'ignore_ament_install']
[0.623s] Level 1:colcon.colcon_core.package_identification:_identify(src/unilidar_sdk2/unitree_lidar_ros/src) by extension 'ignore'
[0.624s] Level 1:colcon.colcon_core.package_identification:_identify(src/unilidar_sdk2/unitree_lidar_ros/src) by extension 'ignore_ament_install'
[0.624s] Level 1:colcon.colcon_core.package_identification:_identify(src/unilidar_sdk2/unitree_lidar_ros/src) by extensions ['colcon_pkg']
[0.624s] Level 1:colcon.colcon_core.package_identification:_identify(src/unilidar_sdk2/unitree_lidar_ros/src) by extension 'colcon_pkg'
[0.624s] Level 1:colcon.colcon_core.package_identification:_identify(src/unilidar_sdk2/unitree_lidar_ros/src) by extensions ['colcon_meta']
[0.624s] Level 1:colcon.colcon_core.package_identification:_identify(src/unilidar_sdk2/unitree_lidar_ros/src) by extension 'colcon_meta'
[0.624s] Level 1:colcon.colcon_core.package_identification:_identify(src/unilidar_sdk2/unitree_lidar_ros/src) by extensions ['ros']
[0.624s] Level 1:colcon.colcon_core.package_identification:_identify(src/unilidar_sdk2/unitree_lidar_ros/src) by extension 'ros'
[0.624s] Level 1:colcon.colcon_core.package_identification:_identify(src/unilidar_sdk2/unitree_lidar_ros/src) by extensions ['cmake', 'python']
[0.624s] Level 1:colcon.colcon_core.package_identification:_identify(src/unilidar_sdk2/unitree_lidar_ros/src) by extension 'cmake'
[0.624s] Level 1:colcon.colcon_core.package_identification:_identify(src/unilidar_sdk2/unitree_lidar_ros/src) by extension 'python'
[0.625s] Level 1:colcon.colcon_core.package_identification:_identify(src/unilidar_sdk2/unitree_lidar_ros/src) by extensions ['python_setup_py']
[0.625s] Level 1:colcon.colcon_core.package_identification:_identify(src/unilidar_sdk2/unitree_lidar_ros/src) by extension 'python_setup_py'
[0.625s] Level 1:colcon.colcon_core.package_identification:_identify(src/unilidar_sdk2/unitree_lidar_ros/src/unitree_lidar_ros) by extensions ['ignore', 'ignore_ament_install']
[0.625s] Level 1:colcon.colcon_core.package_identification:_identify(src/unilidar_sdk2/unitree_lidar_ros/src/unitree_lidar_ros) by extension 'ignore'
[0.625s] Level 1:colcon.colcon_core.package_identification:_identify(src/unilidar_sdk2/unitree_lidar_ros/src/unitree_lidar_ros) by extension 'ignore_ament_install'
[0.625s] Level 1:colcon.colcon_core.package_identification:_identify(src/unilidar_sdk2/unitree_lidar_ros/src/unitree_lidar_ros) by extensions ['colcon_pkg']
[0.625s] Level 1:colcon.colcon_core.package_identification:_identify(src/unilidar_sdk2/unitree_lidar_ros/src/unitree_lidar_ros) by extension 'colcon_pkg'
[0.625s] Level 1:colcon.colcon_core.package_identification:_identify(src/unilidar_sdk2/unitree_lidar_ros/src/unitree_lidar_ros) by extensions ['colcon_meta']
[0.625s] Level 1:colcon.colcon_core.package_identification:_identify(src/unilidar_sdk2/unitree_lidar_ros/src/unitree_lidar_ros) by extension 'colcon_meta'
[0.626s] Level 1:colcon.colcon_core.package_identification:_identify(src/unilidar_sdk2/unitree_lidar_ros/src/unitree_lidar_ros) by extensions ['ros']
[0.626s] Level 1:colcon.colcon_core.package_identification:_identify(src/unilidar_sdk2/unitree_lidar_ros/src/unitree_lidar_ros) by extension 'ros'
[0.628s] DEBUG:colcon.colcon_core.package_identification:Package 'src/unilidar_sdk2/unitree_lidar_ros/src/unitree_lidar_ros' with type 'ros.catkin' and name 'unitree_lidar_ros'
[0.628s] Level 1:colcon.colcon_core.package_identification:_identify(src/unilidar_sdk2/unitree_lidar_ros2) by extensions ['ignore', 'ignore_ament_install']
[0.628s] Level 1:colcon.colcon_core.package_identification:_identify(src/unilidar_sdk2/unitree_lidar_ros2) by extension 'ignore'
[0.628s] Level 1:colcon.colcon_core.package_identification:_identify(src/unilidar_sdk2/unitree_lidar_ros2) by extension 'ignore_ament_install'
[0.628s] Level 1:colcon.colcon_core.package_identification:_identify(src/unilidar_sdk2/unitree_lidar_ros2) by extensions ['colcon_pkg']
[0.628s] Level 1:colcon.colcon_core.package_identification:_identify(src/unilidar_sdk2/unitree_lidar_ros2) by extension 'colcon_pkg'
[0.628s] Level 1:colcon.colcon_core.package_identification:_identify(src/unilidar_sdk2/unitree_lidar_ros2) by extensions ['colcon_meta']
[0.629s] Level 1:colcon.colcon_core.package_identification:_identify(src/unilidar_sdk2/unitree_lidar_ros2) by extension 'colcon_meta'
[0.629s] Level 1:colcon.colcon_core.package_identification:_identify(src/unilidar_sdk2/unitree_lidar_ros2) by extensions ['ros']
[0.629s] Level 1:colcon.colcon_core.package_identification:_identify(src/unilidar_sdk2/unitree_lidar_ros2) by extension 'ros'
[0.629s] Level 1:colcon.colcon_core.package_identification:_identify(src/unilidar_sdk2/unitree_lidar_ros2) by extensions ['cmake', 'python']
[0.629s] Level 1:colcon.colcon_core.package_identification:_identify(src/unilidar_sdk2/unitree_lidar_ros2) by extension 'cmake'
[0.629s] Level 1:colcon.colcon_core.package_identification:_identify(src/unilidar_sdk2/unitree_lidar_ros2) by extension 'python'
[0.629s] Level 1:colcon.colcon_core.package_identification:_identify(src/unilidar_sdk2/unitree_lidar_ros2) by extensions ['python_setup_py']
[0.629s] Level 1:colcon.colcon_core.package_identification:_identify(src/unilidar_sdk2/unitree_lidar_ros2) by extension 'python_setup_py'
[0.629s] Level 1:colcon.colcon_core.package_identification:_identify(src/unilidar_sdk2/unitree_lidar_ros2/build) by extensions ['ignore', 'ignore_ament_install']
[0.630s] Level 1:colcon.colcon_core.package_identification:_identify(src/unilidar_sdk2/unitree_lidar_ros2/build) by extension 'ignore'
[0.630s] Level 1:colcon.colcon_core.package_identification:_identify(src/unilidar_sdk2/unitree_lidar_ros2/build) ignored
[0.630s] Level 1:colcon.colcon_core.package_identification:_identify(src/unilidar_sdk2/unitree_lidar_ros2/install) by extensions ['ignore', 'ignore_ament_install']
[0.630s] Level 1:colcon.colcon_core.package_identification:_identify(src/unilidar_sdk2/unitree_lidar_ros2/install) by extension 'ignore'
[0.630s] Level 1:colcon.colcon_core.package_identification:_identify(src/unilidar_sdk2/unitree_lidar_ros2/install) ignored
[0.630s] Level 1:colcon.colcon_core.package_identification:_identify(src/unilidar_sdk2/unitree_lidar_ros2/log) by extensions ['ignore', 'ignore_ament_install']
[0.631s] Level 1:colcon.colcon_core.package_identification:_identify(src/unilidar_sdk2/unitree_lidar_ros2/log) by extension 'ignore'
[0.631s] Level 1:colcon.colcon_core.package_identification:_identify(src/unilidar_sdk2/unitree_lidar_ros2/log) ignored
[0.631s] Level 1:colcon.colcon_core.package_identification:_identify(src/unilidar_sdk2/unitree_lidar_ros2/src) by extensions ['ignore', 'ignore_ament_install']
[0.631s] Level 1:colcon.colcon_core.package_identification:_identify(src/unilidar_sdk2/unitree_lidar_ros2/src) by extension 'ignore'
[0.631s] Level 1:colcon.colcon_core.package_identification:_identify(src/unilidar_sdk2/unitree_lidar_ros2/src) by extension 'ignore_ament_install'
[0.631s] Level 1:colcon.colcon_core.package_identification:_identify(src/unilidar_sdk2/unitree_lidar_ros2/src) by extensions ['colcon_pkg']
[0.631s] Level 1:colcon.colcon_core.package_identification:_identify(src/unilidar_sdk2/unitree_lidar_ros2/src) by extension 'colcon_pkg'
[0.631s] Level 1:colcon.colcon_core.package_identification:_identify(src/unilidar_sdk2/unitree_lidar_ros2/src) by extensions ['colcon_meta']
[0.632s] Level 1:colcon.colcon_core.package_identification:_identify(src/unilidar_sdk2/unitree_lidar_ros2/src) by extension 'colcon_meta'
[0.632s] Level 1:colcon.colcon_core.package_identification:_identify(src/unilidar_sdk2/unitree_lidar_ros2/src) by extensions ['ros']
[0.632s] Level 1:colcon.colcon_core.package_identification:_identify(src/unilidar_sdk2/unitree_lidar_ros2/src) by extension 'ros'
[0.632s] Level 1:colcon.colcon_core.package_identification:_identify(src/unilidar_sdk2/unitree_lidar_ros2/src) by extensions ['cmake', 'python']
[0.632s] Level 1:colcon.colcon_core.package_identification:_identify(src/unilidar_sdk2/unitree_lidar_ros2/src) by extension 'cmake'
[0.632s] Level 1:colcon.colcon_core.package_identification:_identify(src/unilidar_sdk2/unitree_lidar_ros2/src) by extension 'python'
[0.632s] Level 1:colcon.colcon_core.package_identification:_identify(src/unilidar_sdk2/unitree_lidar_ros2/src) by extensions ['python_setup_py']
[0.632s] Level 1:colcon.colcon_core.package_identification:_identify(src/unilidar_sdk2/unitree_lidar_ros2/src) by extension 'python_setup_py'
[0.632s] Level 1:colcon.colcon_core.package_identification:_identify(src/unilidar_sdk2/unitree_lidar_ros2/src/build) by extensions ['ignore', 'ignore_ament_install']
[0.633s] Level 1:colcon.colcon_core.package_identification:_identify(src/unilidar_sdk2/unitree_lidar_ros2/src/build) by extension 'ignore'
[0.633s] Level 1:colcon.colcon_core.package_identification:_identify(src/unilidar_sdk2/unitree_lidar_ros2/src/build) ignored
[0.633s] Level 1:colcon.colcon_core.package_identification:_identify(src/unilidar_sdk2/unitree_lidar_ros2/src/install) by extensions ['ignore', 'ignore_ament_install']
[0.633s] Level 1:colcon.colcon_core.package_identification:_identify(src/unilidar_sdk2/unitree_lidar_ros2/src/install) by extension 'ignore'
[0.633s] Level 1:colcon.colcon_core.package_identification:_identify(src/unilidar_sdk2/unitree_lidar_ros2/src/install) ignored
[0.633s] Level 1:colcon.colcon_core.package_identification:_identify(src/unilidar_sdk2/unitree_lidar_ros2/src/log) by extensions ['ignore', 'ignore_ament_install']
[0.634s] Level 1:colcon.colcon_core.package_identification:_identify(src/unilidar_sdk2/unitree_lidar_ros2/src/log) by extension 'ignore'
[0.634s] Level 1:colcon.colcon_core.package_identification:_identify(src/unilidar_sdk2/unitree_lidar_ros2/src/log) ignored
[0.634s] Level 1:colcon.colcon_core.package_identification:_identify(src/unilidar_sdk2/unitree_lidar_ros2/src/unitree_lidar_ros2) by extensions ['ignore', 'ignore_ament_install']
[0.634s] Level 1:colcon.colcon_core.package_identification:_identify(src/unilidar_sdk2/unitree_lidar_ros2/src/unitree_lidar_ros2) by extension 'ignore'
[0.634s] Level 1:colcon.colcon_core.package_identification:_identify(src/unilidar_sdk2/unitree_lidar_ros2/src/unitree_lidar_ros2) by extension 'ignore_ament_install'
[0.634s] Level 1:colcon.colcon_core.package_identification:_identify(src/unilidar_sdk2/unitree_lidar_ros2/src/unitree_lidar_ros2) by extensions ['colcon_pkg']
[0.634s] Level 1:colcon.colcon_core.package_identification:_identify(src/unilidar_sdk2/unitree_lidar_ros2/src/unitree_lidar_ros2) by extension 'colcon_pkg'
[0.634s] Level 1:colcon.colcon_core.package_identification:_identify(src/unilidar_sdk2/unitree_lidar_ros2/src/unitree_lidar_ros2) by extensions ['colcon_meta']
[0.635s] Level 1:colcon.colcon_core.package_identification:_identify(src/unilidar_sdk2/unitree_lidar_ros2/src/unitree_lidar_ros2) by extension 'colcon_meta'
[0.635s] Level 1:colcon.colcon_core.package_identification:_identify(src/unilidar_sdk2/unitree_lidar_ros2/src/unitree_lidar_ros2) by extensions ['ros']
[0.635s] Level 1:colcon.colcon_core.package_identification:_identify(src/unilidar_sdk2/unitree_lidar_ros2/src/unitree_lidar_ros2) by extension 'ros'
[0.636s] DEBUG:colcon.colcon_core.package_identification:Package 'src/unilidar_sdk2/unitree_lidar_ros2/src/unitree_lidar_ros2' with type 'ros.ament_cmake' and name 'unitree_lidar_ros2'
[0.637s] Level 1:colcon.colcon_core.package_identification:_identify(src/unilidar_sdk2/unitree_lidar_sdk) by extensions ['ignore', 'ignore_ament_install']
[0.637s] Level 1:colcon.colcon_core.package_identification:_identify(src/unilidar_sdk2/unitree_lidar_sdk) by extension 'ignore'
[0.637s] Level 1:colcon.colcon_core.package_identification:_identify(src/unilidar_sdk2/unitree_lidar_sdk) by extension 'ignore_ament_install'
[0.637s] Level 1:colcon.colcon_core.package_identification:_identify(src/unilidar_sdk2/unitree_lidar_sdk) by extensions ['colcon_pkg']
[0.637s] Level 1:colcon.colcon_core.package_identification:_identify(src/unilidar_sdk2/unitree_lidar_sdk) by extension 'colcon_pkg'
[0.637s] Level 1:colcon.colcon_core.package_identification:_identify(src/unilidar_sdk2/unitree_lidar_sdk) by extensions ['colcon_meta']
[0.637s] Level 1:colcon.colcon_core.package_identification:_identify(src/unilidar_sdk2/unitree_lidar_sdk) by extension 'colcon_meta'
[0.638s] Level 1:colcon.colcon_core.package_identification:_identify(src/unilidar_sdk2/unitree_lidar_sdk) by extensions ['ros']
[0.638s] Level 1:colcon.colcon_core.package_identification:_identify(src/unilidar_sdk2/unitree_lidar_sdk) by extension 'ros'
[0.638s] Level 1:colcon.colcon_core.package_identification:_identify(src/unilidar_sdk2/unitree_lidar_sdk) by extensions ['cmake', 'python']
[0.638s] Level 1:colcon.colcon_core.package_identification:_identify(src/unilidar_sdk2/unitree_lidar_sdk) by extension 'cmake'
[0.646s] Level 1:colcon.colcon_core.package_identification:_identify(src/unilidar_sdk2/unitree_lidar_sdk) by extension 'python'
[0.646s] DEBUG:colcon.colcon_core.package_identification:Package 'src/unilidar_sdk2/unitree_lidar_sdk' with type 'cmake' and name 'unitree_lidar_sdk'
[0.646s] Level 1:colcon.colcon_core.package_discovery:discover_packages(recursive) using defaults
[0.646s] Level 1:colcon.colcon_core.package_discovery:discover_packages(ignore) discover
[0.646s] Level 1:colcon.colcon_core.package_discovery:discover_packages(ignore) using defaults
[0.646s] Level 1:colcon.colcon_core.package_discovery:discover_packages(path) discover
[0.646s] Level 1:colcon.colcon_core.package_discovery:discover_packages(path) using defaults
[0.716s] INFO:colcon.colcon_core.package_selection:Skipping not selected package 'cpp_pubsub' in 'src/cpp_pubsub'
[0.717s] INFO:colcon.colcon_core.package_selection:Skipping not selected package 'cpp_srvcli' in 'src/cpp_srvcli'
[0.717s] INFO:colcon.colcon_core.package_selection:Skipping not selected package 'kiss_icp' in 'src/kiss-icp/ros'
[0.717s] INFO:colcon.colcon_core.package_selection:Skipping not selected package 'pico_2nd_pck' in 'src/pico_2nd_pck'
[0.717s] INFO:colcon.colcon_core.package_selection:Skipping not selected package 'pico_motor_control' in 'src/pico_motor_control'
[0.717s] INFO:colcon.colcon_core.package_selection:Skipping not selected package 'sensors' in 'src/sensors'
[0.717s] INFO:colcon.colcon_core.package_selection:Skipping not selected package 'unitree_lidar_ros' in 'src/unilidar_sdk2/unitree_lidar_ros/src/unitree_lidar_ros'
[0.717s] INFO:colcon.colcon_core.package_selection:Skipping not selected package 'unitree_lidar_ros2' in 'src/unilidar_sdk2/unitree_lidar_ros2/src/unitree_lidar_ros2'
[0.717s] INFO:colcon.colcon_core.package_selection:Skipping not selected package 'unitree_lidar_sdk' in 'src/unilidar_sdk2/unitree_lidar_sdk'
[0.718s] Level 1:colcon.colcon_core.package_discovery:discover_packages(prefix_path) check parameters
[0.718s] Level 1:colcon.colcon_core.package_discovery:discover_packages(prefix_path) discover
[0.723s] DEBUG:colcon.colcon_installed_package_information.package_discovery:Found 11 installed packages in /home/lunabotics/TAMU_SEDS_Lunabotics/ros2_ws/install
[0.726s] DEBUG:colcon.colcon_installed_package_information.package_discovery:Found 277 installed packages in /opt/ros/humble
[0.728s] Level 1:colcon.colcon_core.package_discovery:discover_packages(prefix_path) using defaults
[0.805s] Level 5:colcon.colcon_core.verb:set package 'drive' build argument 'cmake_args' from command line to 'None'
[0.806s] Level 5:colcon.colcon_core.verb:set package 'drive' build argument 'cmake_target' from command line to 'None'
[0.806s] Level 5:colcon.colcon_core.verb:set package 'drive' build argument 'cmake_target_skip_unavailable' from command line to 'False'
[0.806s] Level 5:colcon.colcon_core.verb:set package 'drive' build argument 'cmake_clean_cache' from command line to 'False'
[0.806s] Level 5:colcon.colcon_core.verb:set package 'drive' build argument 'cmake_clean_first' from command line to 'False'
[0.806s] Level 5:colcon.colcon_core.verb:set package 'drive' build argument 'cmake_force_configure' from command line to 'False'
[0.806s] Level 5:colcon.colcon_core.verb:set package 'drive' build argument 'ament_cmake_args' from command line to 'None'
[0.806s] Level 5:colcon.colcon_core.verb:set package 'drive' build argument 'catkin_cmake_args' from command line to 'None'
[0.806s] Level 5:colcon.colcon_core.verb:set package 'drive' build argument 'catkin_skip_building_tests' from command line to 'False'
[0.806s] DEBUG:colcon.colcon_core.verb:Building package 'drive' with the following arguments: {'ament_cmake_args': None, 'build_base': '/home/lunabotics/TAMU_SEDS_Lunabotics/ros2_ws/build/drive', 'catkin_cmake_args': None, 'catkin_skip_building_tests': False, 'cmake_args': None, 'cmake_clean_cache': False, 'cmake_clean_first': False, 'cmake_force_configure': False, 'cmake_target': None, 'cmake_target_skip_unavailable': False, 'install_base': '/home/lunabotics/TAMU_SEDS_Lunabotics/ros2_ws/install/drive', 'merge_install': False, 'path': '/home/lunabotics/TAMU_SEDS_Lunabotics/ros2_ws/src/drive', 'symlink_install': False, 'test_result_base': None}
[0.807s] INFO:colcon.colcon_core.executor:Executing jobs using 'parallel' executor
[0.809s] DEBUG:colcon.colcon_parallel_executor.executor.parallel:run_until_complete
[0.809s] INFO:colcon.colcon_ros.task.ament_python.build:Building ROS package in '/home/lunabotics/TAMU_SEDS_Lunabotics/ros2_ws/src/drive' with build type 'ament_python'
[0.810s] Level 1:colcon.colcon_core.shell:create_environment_hook('drive', 'ament_prefix_path')
[0.814s] INFO:colcon.colcon_core.plugin_system:Skipping extension 'colcon_core.shell.bat': Not used on non-Windows systems
[0.814s] INFO:colcon.colcon_core.shell:Creating environment hook '/home/lunabotics/TAMU_SEDS_Lunabotics/ros2_ws/install/drive/share/drive/hook/ament_prefix_path.ps1'
[0.816s] INFO:colcon.colcon_core.shell:Creating environment descriptor '/home/lunabotics/TAMU_SEDS_Lunabotics/ros2_ws/install/drive/share/drive/hook/ament_prefix_path.dsv'
[0.817s] INFO:colcon.colcon_core.shell:Creating environment hook '/home/lunabotics/TAMU_SEDS_Lunabotics/ros2_ws/install/drive/share/drive/hook/ament_prefix_path.sh'
[0.819s] INFO:colcon.colcon_core.shell:Skip shell extension 'powershell' for command environment: Not usable outside of PowerShell
[0.819s] DEBUG:colcon.colcon_core.shell:Skip shell extension 'dsv' for command environment
[1.376s] WARNING:colcon.colcon_ros.task.ament_python.build:Package 'drive' doesn't explicitly install a marker in the package index (colcon-ros currently does it implicitly but that fallback will be removed in the future)
[1.377s] WARNING:colcon.colcon_ros.task.ament_python.build:Package 'drive' doesn't explicitly install the 'package.xml' file (colcon-ros currently does it implicitly but that fallback will be removed in the future)
[1.378s] INFO:colcon.colcon_core.task.python.build:Building Python package in '/home/lunabotics/TAMU_SEDS_Lunabotics/ros2_ws/src/drive'
[1.379s] INFO:colcon.colcon_core.shell:Skip shell extension 'powershell' for command environment: Not usable outside of PowerShell
[1.379s] DEBUG:colcon.colcon_core.shell:Skip shell extension 'dsv' for command environment
[2.154s] DEBUG:colcon.colcon_core.event_handler.log_command:Invoking command in '/home/lunabotics/TAMU_SEDS_Lunabotics/ros2_ws/src/drive': PYTHONPATH=/home/lunabotics/TAMU_SEDS_Lunabotics/ros2_ws/build/drive/prefix_override:/usr/lib/python3/dist-packages/colcon_core/task/python/colcon_distutils_commands:/home/lunabotics/TAMU_SEDS_Lunabotics/ros2_ws/install/drive/lib/python3.10/site-packages:${PYTHONPATH} /usr/bin/python3 -W ignore:setup.py install is deprecated -W ignore:easy_install command is deprecated setup.py egg_info --egg-base ../../build/drive build --build-base /home/lunabotics/TAMU_SEDS_Lunabotics/ros2_ws/build/drive/build install --record /home/lunabotics/TAMU_SEDS_Lunabotics/ros2_ws/build/drive/install.log --single-version-externally-managed
[2.778s] DEBUG:colcon.colcon_core.event_handler.log_command:Invoked command in '/home/lunabotics/TAMU_SEDS_Lunabotics/ros2_ws/src/drive' returned '0': PYTHONPATH=/home/lunabotics/TAMU_SEDS_Lunabotics/ros2_ws/build/drive/prefix_override:/usr/lib/python3/dist-packages/colcon_core/task/python/colcon_distutils_commands:/home/lunabotics/TAMU_SEDS_Lunabotics/ros2_ws/install/drive/lib/python3.10/site-packages:${PYTHONPATH} /usr/bin/python3 -W ignore:setup.py install is deprecated -W ignore:easy_install command is deprecated setup.py egg_info --egg-base ../../build/drive build --build-base /home/lunabotics/TAMU_SEDS_Lunabotics/ros2_ws/build/drive/build install --record /home/lunabotics/TAMU_SEDS_Lunabotics/ros2_ws/build/drive/install.log --single-version-externally-managed
[2.788s] Level 1:colcon.colcon_core.environment:checking '/home/lunabotics/TAMU_SEDS_Lunabotics/ros2_ws/install/drive' for CMake module files
[2.790s] Level 1:colcon.colcon_core.environment:checking '/home/lunabotics/TAMU_SEDS_Lunabotics/ros2_ws/install/drive' for CMake config files
[2.794s] Level 1:colcon.colcon_core.environment:checking '/home/lunabotics/TAMU_SEDS_Lunabotics/ros2_ws/install/drive/lib'
[2.795s] Level 1:colcon.colcon_core.environment:checking '/home/lunabotics/TAMU_SEDS_Lunabotics/ros2_ws/install/drive/bin'
[2.795s] Level 1:colcon.colcon_core.environment:checking '/home/lunabotics/TAMU_SEDS_Lunabotics/ros2_ws/install/drive/lib/pkgconfig/drive.pc'
[2.796s] Level 1:colcon.colcon_core.environment:checking '/home/lunabotics/TAMU_SEDS_Lunabotics/ros2_ws/install/drive/lib/python3.10/site-packages'
[2.797s] Level 1:colcon.colcon_core.shell:create_environment_hook('drive', 'pythonpath')
[2.798s] INFO:colcon.colcon_core.shell:Creating environment hook '/home/lunabotics/TAMU_SEDS_Lunabotics/ros2_ws/install/drive/share/drive/hook/pythonpath.ps1'
[2.802s] INFO:colcon.colcon_core.shell:Creating environment descriptor '/home/lunabotics/TAMU_SEDS_Lunabotics/ros2_ws/install/drive/share/drive/hook/pythonpath.dsv'
[2.804s] INFO:colcon.colcon_core.shell:Creating environment hook '/home/lunabotics/TAMU_SEDS_Lunabotics/ros2_ws/install/drive/share/drive/hook/pythonpath.sh'
[2.808s] Level 1:colcon.colcon_core.environment:checking '/home/lunabotics/TAMU_SEDS_Lunabotics/ros2_ws/install/drive/bin'
[2.808s] Level 1:colcon.colcon_core.environment:create_environment_scripts_only(drive)
[2.810s] INFO:colcon.colcon_core.shell:Creating package script '/home/lunabotics/TAMU_SEDS_Lunabotics/ros2_ws/install/drive/share/drive/package.ps1'
[2.816s] INFO:colcon.colcon_core.shell:Creating package descriptor '/home/lunabotics/TAMU_SEDS_Lunabotics/ros2_ws/install/drive/share/drive/package.dsv'
[2.818s] INFO:colcon.colcon_core.shell:Creating package script '/home/lunabotics/TAMU_SEDS_Lunabotics/ros2_ws/install/drive/share/drive/package.sh'
[2.822s] INFO:colcon.colcon_core.shell:Creating package script '/home/lunabotics/TAMU_SEDS_Lunabotics/ros2_ws/install/drive/share/drive/package.bash'
[2.825s] INFO:colcon.colcon_core.shell:Creating package script '/home/lunabotics/TAMU_SEDS_Lunabotics/ros2_ws/install/drive/share/drive/package.zsh'
[2.830s] Level 1:colcon.colcon_core.environment:create_file_with_runtime_dependencies(/home/lunabotics/TAMU_SEDS_Lunabotics/ros2_ws/install/drive/share/colcon-core/packages/drive)
[2.832s] DEBUG:colcon.colcon_parallel_executor.executor.parallel:closing loop
[2.834s] DEBUG:colcon.colcon_parallel_executor.executor.parallel:loop closed
[2.835s] DEBUG:colcon.colcon_parallel_executor.executor.parallel:run_until_complete finished with '0'
[2.835s] DEBUG:colcon.colcon_core.event_reactor:joining thread
[2.837s] DEBUG:colcon.colcon_core.event_reactor:joined thread
[2.839s] INFO:colcon.colcon_core.shell:Creating prefix script '/home/lunabotics/TAMU_SEDS_Lunabotics/ros2_ws/install/local_setup.ps1'
[2.844s] INFO:colcon.colcon_core.shell:Creating prefix util module '/home/lunabotics/TAMU_SEDS_Lunabotics/ros2_ws/install/_local_setup_util_ps1.py'
[2.850s] INFO:colcon.colcon_core.shell:Creating prefix chain script '/home/lunabotics/TAMU_SEDS_Lunabotics/ros2_ws/install/setup.ps1'
[2.856s] INFO:colcon.colcon_core.shell:Creating prefix script '/home/lunabotics/TAMU_SEDS_Lunabotics/ros2_ws/install/local_setup.sh'
[2.859s] INFO:colcon.colcon_core.shell:Creating prefix util module '/home/lunabotics/TAMU_SEDS_Lunabotics/ros2_ws/install/_local_setup_util_sh.py'
[2.861s] INFO:colcon.colcon_core.shell:Creating prefix chain script '/home/lunabotics/TAMU_SEDS_Lunabotics/ros2_ws/install/setup.sh'
[2.869s] INFO:colcon.colcon_core.shell:Creating prefix script '/home/lunabotics/TAMU_SEDS_Lunabotics/ros2_ws/install/local_setup.bash'
[2.871s] INFO:colcon.colcon_core.shell:Creating prefix chain script '/home/lunabotics/TAMU_SEDS_Lunabotics/ros2_ws/install/setup.bash'
[2.875s] INFO:colcon.colcon_core.shell:Creating prefix script '/home/lunabotics/TAMU_SEDS_Lunabotics/ros2_ws/install/local_setup.zsh'
[2.876s] INFO:colcon.colcon_core.shell:Creating prefix chain script '/home/lunabotics/TAMU_SEDS_Lunabotics/ros2_ws/install/setup.zsh'
