-- Found ament_cmake: 1.3.14 (/opt/ros/humble/share/ament_cmake/cmake)
-- Found rclcpp: 16.0.19 (/opt/ros/humble/share/rclcpp/cmake)
-- Found rosidl_generator_c: 3.1.8 (/opt/ros/humble/share/rosidl_generator_c/cmake)
-- Found rosidl_adapter: 3.1.8 (/opt/ros/humble/share/rosidl_adapter/cmake)
-- Found rosidl_generator_cpp: 3.1.8 (/opt/ros/humble/share/rosidl_generator_cpp/cmake)
-- Using all available rosidl_typesupport_c: rosidl_typesupport_fastrtps_c;rosidl_typesupport_introspection_c
-- Using all available rosidl_typesupport_cpp: rosidl_typesupport_fastrtps_cpp;rosidl_typesupport_introspection_cpp
-- Found rmw_implementation_cmake: 6.1.2 (/opt/ros/humble/share/rmw_implementation_cmake/cmake)
-- Found rmw_fastrtps_cpp: 6.2.10 (/opt/ros/humble/share/rmw_fastrtps_cpp/cmake)
-- Using RMW implementation 'rmw_fastrtps_cpp' as default
-- Found sensor_msgs: 4.9.1 (/opt/ros/humble/share/sensor_msgs/cmake)
-- Configuring done
-- Generating done
-- Build files have been written to: /home/lunabotics/TAMU_SEDS_Lunabotics/ros2_ws/build/sensors
[35m[1mConsolidate compiler generated dependencies of target imu_talker[0m
[35m[1mConsolidate compiler generated dependencies of target imu_raw[0m
[ 25%] [32mBuilding CXX object CMakeFiles/imu_raw.dir/src/imu_raw_pub.cpp.o[0m
[ 75%] Built target imu_talker
[01m[K/home/lunabotics/TAMU_SEDS_Lunabotics/ros2_ws/src/sensors/src/imu_raw_pub.cpp:12:10:[m[K [01;31m[Kfatal error: [m[Ksensor_msgs/msg/imu.hpp: No such file or directory
   12 | #include [01;31m[K"sensor_msgs/msg/imu.hpp"[m[K
      |          [01;31m[K^~~~~~~~~~~~~[m[K
compilation terminated.
gmake[2]: *** [CMakeFiles/imu_raw.dir/build.make:76: CMakeFiles/imu_raw.dir/src/imu_raw_pub.cpp.o] Error 1
gmake[1]: *** [CMakeFiles/Makefile2:165: CMakeFiles/imu_raw.dir/all] Error 2
gmake: *** [Makefile:146: all] Error 2
