[0.805s] Invoking command in '/home/lunabotics/TAMU_SEDS_Lunabotics/ros2_ws/build/kiss_icp': CMAKE_PREFIX_PATH=${CMAKE_PREFIX_PATH}:/home/lunabotics/TAMU_SEDS_Lunabotics/lunabotics_gnc2026/install/pathing:/home/lunabotics/TAMU_SEDS_Lunabotics/lunabotics_gnc2026/install/central_planner:/home/lunabotics/TAMU_SEDS_Lunabotics/ros2_ws/install/pico_motor_control:/home/lunabotics/TAMU_SEDS_Lunabotics/ros2_ws/install/pico_2nd_pck:/home/lunabotics/TAMU_SEDS_Lunabotics/ros2_ws/install/drive:/home/lunabotics/TAMU_SEDS_Lunabotics/ros2_ws/install/central_planner:/opt/ros/humble /home/lunabotics/.local/bin/cmake /home/lunabotics/TAMU_SEDS_Lunabotics/ros2_ws/src/kiss-icp/ros -DCMAKE_INSTALL_PREFIX=/home/lunabotics/TAMU_SEDS_Lunabotics/ros2_ws/install/kiss_icp
[1.685s] -- The CXX compiler identification is GNU 11.4.0
[1.707s] -- Detecting CXX compiler ABI info
[1.884s] -- Detecting CXX compiler ABI info - done
[1.903s] -- Check for working CXX compiler: /usr/bin/c++ - skipped
[1.904s] -- Detecting CXX compile features
[1.905s] -- Detecting CXX compile features - done
[2.772s] -- The C compiler identification is GNU 11.4.0
[2.786s] -- Detecting C compiler ABI info
[2.887s] -- Detecting C compiler ABI info - done
[2.906s] -- Check for working C compiler: /usr/bin/cc - skipped
[2.907s] -- Detecting C compile features
[2.909s] -- Detecting C compile features - done
[3.590s] -- Found ament_cmake: 1.3.14 (/opt/ros/humble/share/ament_cmake/cmake)
[3.887s] -- Found Python3: /usr/bin/python3 (found version "3.10.12") found components: Interpreter 
[4.112s] -- Found geometry_msgs: 4.9.1 (/opt/ros/humble/share/geometry_msgs/cmake)
[4.210s] -- Found rosidl_generator_c: 3.1.8 (/opt/ros/humble/share/rosidl_generator_c/cmake)
[4.224s] -- Found rosidl_adapter: 3.1.8 (/opt/ros/humble/share/rosidl_adapter/cmake)
[4.247s] -- Found rosidl_generator_cpp: 3.1.8 (/opt/ros/humble/share/rosidl_generator_cpp/cmake)
[4.281s] -- Using all available rosidl_typesupport_c: rosidl_typesupport_fastrtps_c;rosidl_typesupport_introspection_c
[4.327s] -- Using all available rosidl_typesupport_cpp: rosidl_typesupport_fastrtps_cpp;rosidl_typesupport_introspection_cpp
[4.431s] -- Found nav_msgs: 4.9.1 (/opt/ros/humble/share/nav_msgs/cmake)
[4.478s] -- Found rclcpp: 16.0.19 (/opt/ros/humble/share/rclcpp/cmake)
[4.597s] -- Found rmw_implementation_cmake: 6.1.2 (/opt/ros/humble/share/rmw_implementation_cmake/cmake)
[4.606s] -- Found rmw_fastrtps_cpp: 6.2.10 (/opt/ros/humble/share/rmw_fastrtps_cpp/cmake)
[4.948s] -- Found OpenSSL: /usr/lib/aarch64-linux-gnu/libcrypto.so (found version "3.0.2")  
[5.076s] -- Found FastRTPS: /opt/ros/humble/include  
[5.172s] -- Using RMW implementation 'rmw_fastrtps_cpp' as default
[5.197s] -- Performing Test CMAKE_HAVE_LIBC_PTHREAD
[5.359s] -- Performing Test CMAKE_HAVE_LIBC_PTHREAD - Success
[5.362s] -- Found Threads: TRUE  
[5.468s] -- Found rclcpp_components: 16.0.19 (/opt/ros/humble/share/rclcpp_components/cmake)
[5.539s] -- Found sensor_msgs: 4.9.1 (/opt/ros/humble/share/sensor_msgs/cmake)
[5.585s] -- Found tf2_ros: 0.25.20 (/opt/ros/humble/share/tf2_ros/cmake)
[5.777s] -- Found std_srvs: 4.9.1 (/opt/ros/humble/share/std_srvs/cmake)
[5.985s] -- Configuring done
[6.050s] -- Generating done
[6.073s] -- Build files have been written to: /home/lunabotics/TAMU_SEDS_Lunabotics/ros2_ws/build/kiss_icp
