[1.764s] Invoking command in '/home/lunabotics/TAMU_SEDS_Lunabotics/ros2_ws/src/drive': PYTHONPATH=/home/lunabotics/TAMU_SEDS_Lunabotics/ros2_ws/build/drive/prefix_override:/usr/lib/python3/dist-packages/colcon_core/task/python/colcon_distutils_commands:/home/lunabotics/TAMU_SEDS_Lunabotics/ros2_ws/install/drive/lib/python3.10/site-packages:${PYTHONPATH} /usr/bin/python3 -W ignore:setup.py install is deprecated -W ignore:easy_install command is deprecated setup.py egg_info --egg-base ../../build/drive build --build-base /home/lunabotics/TAMU_SEDS_Lunabotics/ros2_ws/build/drive/build install --record /home/lunabotics/TAMU_SEDS_Lunabotics/ros2_ws/build/drive/install.log --single-version-externally-managed
[2.255s] running egg_info
[2.257s] writing ../../build/drive/drive.egg-info/PKG-INFO
[2.257s] writing dependency_links to ../../build/drive/drive.egg-info/dependency_links.txt
[2.258s] writing entry points to ../../build/drive/drive.egg-info/entry_points.txt
[2.258s] writing requirements to ../../build/drive/drive.egg-info/requires.txt
[2.258s] writing top-level names to ../../build/drive/drive.egg-info/top_level.txt
[2.262s] reading manifest file '../../build/drive/drive.egg-info/SOURCES.txt'
[2.264s] writing manifest file '../../build/drive/drive.egg-info/SOURCES.txt'
[2.265s] running build
[2.265s] running build_py
[2.265s] copying drive/auto_drive.py -> /home/lunabotics/TAMU_SEDS_Lunabotics/ros2_ws/build/drive/build/lib/drive
[2.266s] copying drive/auto_pub_test.py -> /home/lunabotics/TAMU_SEDS_Lunabotics/ros2_ws/build/drive/build/lib/drive
[2.266s] running install
[2.267s] running install_lib
[2.268s] copying /home/lunabotics/TAMU_SEDS_Lunabotics/ros2_ws/build/drive/build/lib/drive/auto_drive.py -> /home/lunabotics/TAMU_SEDS_Lunabotics/ros2_ws/install/drive/lib/python3.10/site-packages/drive
[2.268s] copying /home/lunabotics/TAMU_SEDS_Lunabotics/ros2_ws/build/drive/build/lib/drive/auto_pub_test.py -> /home/lunabotics/TAMU_SEDS_Lunabotics/ros2_ws/install/drive/lib/python3.10/site-packages/drive
[2.270s] byte-compiling /home/lunabotics/TAMU_SEDS_Lunabotics/ros2_ws/install/drive/lib/python3.10/site-packages/drive/auto_drive.py to auto_drive.cpython-310.pyc
[2.271s] byte-compiling /home/lunabotics/TAMU_SEDS_Lunabotics/ros2_ws/install/drive/lib/python3.10/site-packages/drive/auto_pub_test.py to auto_pub_test.cpython-310.pyc
[2.272s] running install_egg_info
[2.276s] removing '/home/lunabotics/TAMU_SEDS_Lunabotics/ros2_ws/install/drive/lib/python3.10/site-packages/drive-0.0.0-py3.10.egg-info' (and everything under it)
[2.277s] Copying ../../build/drive/drive.egg-info to /home/lunabotics/TAMU_SEDS_Lunabotics/ros2_ws/install/drive/lib/python3.10/site-packages/drive-0.0.0-py3.10.egg-info
[2.279s] running install_scripts
[2.321s] Installing auto_drive script to /home/lunabotics/TAMU_SEDS_Lunabotics/ros2_ws/install/drive/lib/drive
[2.321s] Installing auto_pub_test script to /home/lunabotics/TAMU_SEDS_Lunabotics/ros2_ws/install/drive/lib/drive
[2.321s] Installing pico_drive script to /home/lunabotics/TAMU_SEDS_Lunabotics/ros2_ws/install/drive/lib/drive
[2.322s] Installing tank_drive script to /home/lunabotics/TAMU_SEDS_Lunabotics/ros2_ws/install/drive/lib/drive
[2.323s] writing list of installed files to '/home/lunabotics/TAMU_SEDS_Lunabotics/ros2_ws/build/drive/install.log'
[2.387s] Invoked command in '/home/lunabotics/TAMU_SEDS_Lunabotics/ros2_ws/src/drive' returned '0': PYTHONPATH=/home/lunabotics/TAMU_SEDS_Lunabotics/ros2_ws/build/drive/prefix_override:/usr/lib/python3/dist-packages/colcon_core/task/python/colcon_distutils_commands:/home/lunabotics/TAMU_SEDS_Lunabotics/ros2_ws/install/drive/lib/python3.10/site-packages:${PYTHONPATH} /usr/bin/python3 -W ignore:setup.py install is deprecated -W ignore:easy_install command is deprecated setup.py egg_info --egg-base ../../build/drive build --build-base /home/lunabotics/TAMU_SEDS_Lunabotics/ros2_ws/build/drive/build install --record /home/lunabotics/TAMU_SEDS_Lunabotics/ros2_ws/build/drive/install.log --single-version-externally-managed
