[0.129s] Invoking command in '/home/lunabotics/TAMU_SEDS_Lunabotics/ros2_ws/build/astra_camera': CMAKE_PREFIX_PATH=/home/lunabotics/TAMU_SEDS_Lunabotics/ros2_ws/install/astra_camera_msgs:/home/lunabotics/TAMU_SEDS_Lunabotics/ros2_ws/install/unitree_lidar_ros2:/home/lunabotics/TAMU_SEDS_Lunabotics/ros2_ws/install/tutorial_interfaces:/home/lunabotics/TAMU_SEDS_Lunabotics/ros2_ws/install/sensors:/home/lunabotics/TAMU_SEDS_Lunabotics/ros2_ws/install/orbbec_description:/home/lunabotics/TAMU_SEDS_Lunabotics/ros2_ws/install/orbbec_camera:/home/lunabotics/TAMU_SEDS_Lunabotics/ros2_ws/install/orbbec_camera_msgs:/home/lunabotics/TAMU_SEDS_Lunabotics/ros2_ws/install/kiss_icp:/home/lunabotics/TAMU_SEDS_Lunabotics/ros2_ws/install/imu_reader:/home/lunabotics/TAMU_SEDS_Lunabotics/ros2_ws/install/cpp_srvcli:/home/lunabotics/TAMU_SEDS_Lunabotics/ros2_ws/install/cpp_pubsub:/home/lunabotics/TAMU_SEDS_Lunabotics/ros2_ws/install/astra_camera:/home/lunabotics/TAMU_SEDS_Lunabotics/lunabotics_gnc2026/install/bringup:/home/lunabotics/TAMU_SEDS_Lunabotics/lunabotics_gnc2026/install/sim:/home/lunabotics/TAMU_SEDS_Lunabotics/lunabotics_gnc2026/install/pathing2:/home/lunabotics/TAMU_SEDS_Lunabotics/lunabotics_gnc2026/install/lidar:/home/lunabotics/TAMU_SEDS_Lunabotics/lunabotics_gnc2026/install/lidar_preproc:/home/lunabotics/TAMU_SEDS_Lunabotics/lunabotics_gnc2026/install/guidance:/home/lunabotics/TAMU_SEDS_Lunabotics/lunabotics_gnc2026/install/dump:/home/lunabotics/TAMU_SEDS_Lunabotics/lunabotics_gnc2026/install/control:/home/lunabotics/TAMU_SEDS_Lunabotics/lunabotics_gnc2026/install/auger:/home/lunabotics/TAMU_SEDS_Lunabotics/lunabotics_gnc2026/install/gnc_interfaces:/home/lunabotics/TAMU_SEDS_Lunabotics/lunabotics_gnc2026/install/cameracpp:/home/lunabotics/TAMU_SEDS_Lunabotics/ros2_ws/src/unilidar_sdk2/install/unitree_lidar_ros2:/home/lunabotics/TAMU_SEDS_Lunabotics/ros2_ws/install/pico_motor_control:/home/lunabotics/TAMU_SEDS_Lunabotics/ros2_ws/install/pico_2nd_pck:/home/lunabotics/TAMU_SEDS_Lunabotics/ros2_ws/install/drive:/home/lunabotics/TAMU_SEDS_Lunabotics/lunabotics_gnc2026/install/pathing:/home/lunabotics/TAMU_SEDS_Lunabotics/lunabotics_gnc2026/install/central_planner:/opt/ros/humble LD_LIBRARY_PATH=/home/lunabotics/TAMU_SEDS_Lunabotics/ros2_ws/install/astra_camera_msgs/lib:/home/lunabotics/TAMU_SEDS_Lunabotics/ros2_ws/install/tutorial_interfaces/lib:/home/lunabotics/TAMU_SEDS_Lunabotics/ros2_ws/install/orbbec_camera/lib:/home/lunabotics/TAMU_SEDS_Lunabotics/ros2_ws/install/orbbec_camera_msgs/lib:/home/lunabotics/TAMU_SEDS_Lunabotics/ros2_ws/install/kiss_icp/lib:/home/lunabotics/TAMU_SEDS_Lunabotics/ros2_ws/install/astra_camera/lib:/home/lunabotics/TAMU_SEDS_Lunabotics/lunabotics_gnc2026/install/gnc_interfaces/lib:/opt/ros/humble/opt/rviz_ogre_vendor/lib:/opt/ros/humble/lib/aarch64-linux-gnu:/opt/ros/humble/lib /home/lunabotics/.local/bin/cmake /home/lunabotics/TAMU_SEDS_Lunabotics/ros2_ws/src/ros2_astra_camera/astra_camera -DCMAKE_INSTALL_PREFIX=/home/lunabotics/TAMU_SEDS_Lunabotics/ros2_ws/install/astra_camera
[0.372s] -- The C compiler identification is GNU 11.4.0
[0.510s] -- The CXX compiler identification is GNU 11.4.0
[0.539s] -- Detecting C compiler ABI info
[0.673s] -- Detecting C compiler ABI info - done
[0.696s] -- Check for working C compiler: /usr/bin/cc - skipped
[0.697s] -- Detecting C compile features
[0.698s] -- Detecting C compile features - done
[0.710s] -- Detecting CXX compiler ABI info
[0.870s] -- Detecting CXX compiler ABI info - done
[0.892s] -- Check for working CXX compiler: /usr/bin/c++ - skipped
[0.894s] -- Detecting CXX compile features
[0.896s] -- Detecting CXX compile features - done
[0.913s] -- Found ament_cmake: 1.3.14 (/opt/ros/humble/share/ament_cmake/cmake)
[1.600s] -- Found Python3: /usr/bin/python3 (found version "3.10.12") found components: Interpreter 
[2.411s] -- Found ament_index_cpp: 1.4.1 (/opt/ros/humble/share/ament_index_cpp/cmake)
[2.416s] -- Found astra_camera_msgs: 1.0.1 (/home/lunabotics/TAMU_SEDS_Lunabotics/ros2_ws/install/astra_camera_msgs/share/astra_camera_msgs/cmake)
[2.736s] -- Found rosidl_generator_c: 3.1.8 (/opt/ros/humble/share/rosidl_generator_c/cmake)
[2.794s] -- Found rosidl_adapter: 3.1.8 (/opt/ros/humble/share/rosidl_adapter/cmake)
[2.876s] -- Found rosidl_generator_cpp: 3.1.8 (/opt/ros/humble/share/rosidl_generator_cpp/cmake)
[2.996s] -- Using all available rosidl_typesupport_c: rosidl_typesupport_fastrtps_c;rosidl_typesupport_introspection_c
[3.146s] -- Using all available rosidl_typesupport_cpp: rosidl_typesupport_fastrtps_cpp;rosidl_typesupport_introspection_cpp
[3.643s] -- Found camera_info_manager: 3.1.12 (/opt/ros/humble/share/camera_info_manager/cmake)
[3.854s] -- Found rmw_implementation_cmake: 6.1.2 (/opt/ros/humble/share/rmw_implementation_cmake/cmake)
[3.871s] -- Found rmw_fastrtps_cpp: 6.2.10 (/opt/ros/humble/share/rmw_fastrtps_cpp/cmake)
[4.138s] -- Found OpenSSL: /usr/lib/aarch64-linux-gnu/libcrypto.so (found version "3.0.2")  
[4.209s] -- Found FastRTPS: /opt/ros/humble/include  
[4.319s] -- Using RMW implementation 'rmw_fastrtps_cpp' as default
[4.356s] -- Performing Test CMAKE_HAVE_LIBC_PTHREAD
[4.514s] -- Performing Test CMAKE_HAVE_LIBC_PTHREAD - Success
[4.518s] -- Found Threads: TRUE  
[4.720s] -- Found class_loader: 2.2.0 (/opt/ros/humble/share/class_loader/cmake)
[4.754s] -- Found cv_bridge: 3.2.1 (/opt/ros/humble/share/cv_bridge/cmake)
[4.782s] -- Found message_filters: 4.3.15 (/opt/ros/humble/share/message_filters/cmake)
[4.817s] -- Found image_geometry: 3.2.1 (/opt/ros/humble/share/image_geometry/cmake)
[4.833s] -- Found image_publisher: 3.0.9 (/opt/ros/humble/share/image_publisher/cmake)
[4.982s] -- Found OpenCV: /usr (found version "4.8.0") 
[4.993s] -- Found std_srvs: 4.9.1 (/opt/ros/humble/share/std_srvs/cmake)
[5.037s] -- Found tf2: 0.25.20 (/opt/ros/humble/share/tf2/cmake)
[5.057s] -- Found tf2_eigen: 0.25.20 (/opt/ros/humble/share/tf2_eigen/cmake)
[5.265s] -- Found tf2_sensor_msgs: 0.25.20 (/opt/ros/humble/share/tf2_sensor_msgs/cmake)
[5.293s] -- Found PkgConfig: /usr/bin/pkg-config (found version "0.29.2") 
[5.295s] -- Checking for one of the modules 'libuvc'
[5.399s] -- Checking for one of the modules 'libglog'
[5.499s] -- ORRBEC Machine : aarch64
[5.499s] 
[5.500s] -- ORRBEC Machine Bits : 64
[5.500s] 
[5.500s] -- ORRBEC : arm64
[5.772s] -- Found ament_lint_auto: 0.12.15 (/opt/ros/humble/share/ament_lint_auto/cmake)
[5.964s] -- Configuring done
[6.180s] -- Generating done
[6.219s] -- Build files have been written to: /home/lunabotics/TAMU_SEDS_Lunabotics/ros2_ws/build/astra_camera
