[1.700s] Invoking command in '/home/lunabotics/TAMU_SEDS_Lunabotics/ros2_ws/src/pico_motor_control': PYTHONPATH=/home/lunabotics/TAMU_SEDS_Lunabotics/ros2_ws/build/pico_motor_control/prefix_override:/usr/lib/python3/dist-packages/colcon_core/task/python/colcon_distutils_commands:/home/lunabotics/TAMU_SEDS_Lunabotics/ros2_ws/install/pico_motor_control/lib/python3.10/site-packages:${PYTHONPATH} /usr/bin/python3 -W ignore:setup.py install is deprecated -W ignore:easy_install command is deprecated setup.py egg_info --egg-base ../../build/pico_motor_control build --build-base /home/lunabotics/TAMU_SEDS_Lunabotics/ros2_ws/build/pico_motor_control/build install --record /home/lunabotics/TAMU_SEDS_Lunabotics/ros2_ws/build/pico_motor_control/install.log --single-version-externally-managed install_data
[2.182s] running egg_info
[2.183s] creating ../../build/pico_motor_control/pico_motor_control.egg-info
[2.183s] writing ../../build/pico_motor_control/pico_motor_control.egg-info/PKG-INFO
[2.184s] writing dependency_links to ../../build/pico_motor_control/pico_motor_control.egg-info/dependency_links.txt
[2.184s] writing entry points to ../../build/pico_motor_control/pico_motor_control.egg-info/entry_points.txt
[2.184s] writing requirements to ../../build/pico_motor_control/pico_motor_control.egg-info/requires.txt
[2.184s] writing top-level names to ../../build/pico_motor_control/pico_motor_control.egg-info/top_level.txt
[2.185s] writing manifest file '../../build/pico_motor_control/pico_motor_control.egg-info/SOURCES.txt'
[2.188s] reading manifest file '../../build/pico_motor_control/pico_motor_control.egg-info/SOURCES.txt'
[2.190s] writing manifest file '../../build/pico_motor_control/pico_motor_control.egg-info/SOURCES.txt'
[2.190s] running build
[2.190s] running build_py
[2.190s] creating /home/lunabotics/TAMU_SEDS_Lunabotics/ros2_ws/build/pico_motor_control/build
[2.190s] creating /home/lunabotics/TAMU_SEDS_Lunabotics/ros2_ws/build/pico_motor_control/build/lib
[2.191s] creating /home/lunabotics/TAMU_SEDS_Lunabotics/ros2_ws/build/pico_motor_control/build/lib/pico_motor_control
[2.191s] copying pico_motor_control/motor_controller.py -> /home/lunabotics/TAMU_SEDS_Lunabotics/ros2_ws/build/pico_motor_control/build/lib/pico_motor_control
[2.191s] copying pico_motor_control/__init__.py -> /home/lunabotics/TAMU_SEDS_Lunabotics/ros2_ws/build/pico_motor_control/build/lib/pico_motor_control
[2.191s] running install
[2.192s] running install_lib
[2.193s] creating /home/lunabotics/TAMU_SEDS_Lunabotics/ros2_ws/install/pico_motor_control/lib/python3.10/site-packages/pico_motor_control
[2.194s] copying /home/lunabotics/TAMU_SEDS_Lunabotics/ros2_ws/build/pico_motor_control/build/lib/pico_motor_control/motor_controller.py -> /home/lunabotics/TAMU_SEDS_Lunabotics/ros2_ws/install/pico_motor_control/lib/python3.10/site-packages/pico_motor_control
[2.194s] copying /home/lunabotics/TAMU_SEDS_Lunabotics/ros2_ws/build/pico_motor_control/build/lib/pico_motor_control/__init__.py -> /home/lunabotics/TAMU_SEDS_Lunabotics/ros2_ws/install/pico_motor_control/lib/python3.10/site-packages/pico_motor_control
[2.195s] byte-compiling /home/lunabotics/TAMU_SEDS_Lunabotics/ros2_ws/install/pico_motor_control/lib/python3.10/site-packages/pico_motor_control/motor_controller.py to motor_controller.cpython-310.pyc
[2.197s] byte-compiling /home/lunabotics/TAMU_SEDS_Lunabotics/ros2_ws/install/pico_motor_control/lib/python3.10/site-packages/pico_motor_control/__init__.py to __init__.cpython-310.pyc
[2.197s] Sorry: IndentationError: unexpected indent (motor_controller.py, line 125)
[2.198s] running install_data
[2.198s] creating /home/lunabotics/TAMU_SEDS_Lunabotics/ros2_ws/install/pico_motor_control/share/ament_index
[2.198s] creating /home/lunabotics/TAMU_SEDS_Lunabotics/ros2_ws/install/pico_motor_control/share/ament_index/resource_index
[2.198s] creating /home/lunabotics/TAMU_SEDS_Lunabotics/ros2_ws/install/pico_motor_control/share/ament_index/resource_index/packages
[2.198s] copying resource/pico_motor_control -> /home/lunabotics/TAMU_SEDS_Lunabotics/ros2_ws/install/pico_motor_control/share/ament_index/resource_index/packages
[2.198s] copying package.xml -> /home/lunabotics/TAMU_SEDS_Lunabotics/ros2_ws/install/pico_motor_control/share/pico_motor_control
[2.199s] running install_egg_info
[2.202s] Copying ../../build/pico_motor_control/pico_motor_control.egg-info to /home/lunabotics/TAMU_SEDS_Lunabotics/ros2_ws/install/pico_motor_control/lib/python3.10/site-packages/pico_motor_control-0.0.0-py3.10.egg-info
[2.204s] running install_scripts
[2.245s] Installing motor_controller script to /home/lunabotics/TAMU_SEDS_Lunabotics/ros2_ws/install/pico_motor_control/lib/pico_motor_control
[2.246s] writing list of installed files to '/home/lunabotics/TAMU_SEDS_Lunabotics/ros2_ws/build/pico_motor_control/install.log'
[2.311s] Invoked command in '/home/lunabotics/TAMU_SEDS_Lunabotics/ros2_ws/src/pico_motor_control' returned '0': PYTHONPATH=/home/lunabotics/TAMU_SEDS_Lunabotics/ros2_ws/build/pico_motor_control/prefix_override:/usr/lib/python3/dist-packages/colcon_core/task/python/colcon_distutils_commands:/home/lunabotics/TAMU_SEDS_Lunabotics/ros2_ws/install/pico_motor_control/lib/python3.10/site-packages:${PYTHONPATH} /usr/bin/python3 -W ignore:setup.py install is deprecated -W ignore:easy_install command is deprecated setup.py egg_info --egg-base ../../build/pico_motor_control build --build-base /home/lunabotics/TAMU_SEDS_Lunabotics/ros2_ws/build/pico_motor_control/build install --record /home/lunabotics/TAMU_SEDS_Lunabotics/ros2_ws/build/pico_motor_control/install.log --single-version-externally-managed install_data
