[0.023s] Invoking command in '/home/lunabotics/TAMU_SEDS_Lunabotics/ros2_ws/build/sensors': CMAKE_PREFIX_PATH=${CMAKE_PREFIX_PATH}:/home/lunabotics/TAMU_SEDS_Lunabotics/ros2_ws/install/drive:/home/lunabotics/TAMU_SEDS_Lunabotics/lunabotics_gnc2026/install/pathing:/home/lunabotics/TAMU_SEDS_Lunabotics/lunabotics_gnc2026/install/central_planner:/opt/ros/humble /home/lunabotics/.local/bin/cmake --build /home/lunabotics/TAMU_SEDS_Lunabotics/ros2_ws/build/sensors -- -j6 -l6
[0.121s] [35m[1mConsolidate compiler generated dependencies of target imu_raw[0m
[0.134s] [ 50%] Built target imu_talker
[0.147s] [100%] Built target imu_raw
[0.171s] Invoked command in '/home/lunabotics/TAMU_SEDS_Lunabotics/ros2_ws/build/sensors' returned '0': CMAKE_PREFIX_PATH=${CMAKE_PREFIX_PATH}:/home/lunabotics/TAMU_SEDS_Lunabotics/ros2_ws/install/drive:/home/lunabotics/TAMU_SEDS_Lunabotics/lunabotics_gnc2026/install/pathing:/home/lunabotics/TAMU_SEDS_Lunabotics/lunabotics_gnc2026/install/central_planner:/opt/ros/humble /home/lunabotics/.local/bin/cmake --build /home/lunabotics/TAMU_SEDS_Lunabotics/ros2_ws/build/sensors -- -j6 -l6
[0.254s] Invoking command in '/home/lunabotics/TAMU_SEDS_Lunabotics/ros2_ws/build/sensors': CMAKE_PREFIX_PATH=${CMAKE_PREFIX_PATH}:/home/lunabotics/TAMU_SEDS_Lunabotics/ros2_ws/install/drive:/home/lunabotics/TAMU_SEDS_Lunabotics/lunabotics_gnc2026/install/pathing:/home/lunabotics/TAMU_SEDS_Lunabotics/lunabotics_gnc2026/install/central_planner:/opt/ros/humble /home/lunabotics/.local/bin/cmake --install /home/lunabotics/TAMU_SEDS_Lunabotics/ros2_ws/build/sensors
[0.323s] -- Install configuration: ""
[0.327s] -- Up-to-date: /home/lunabotics/TAMU_SEDS_Lunabotics/ros2_ws/install/sensors/lib/sensors/imu_talker
[0.328s] -- Installing: /home/lunabotics/TAMU_SEDS_Lunabotics/ros2_ws/install/sensors/lib/sensors/imu_raw
[0.333s] -- Set runtime path of "/home/lunabotics/TAMU_SEDS_Lunabotics/ros2_ws/install/sensors/lib/sensors/imu_raw" to ""
[0.333s] -- Up-to-date: /home/lunabotics/TAMU_SEDS_Lunabotics/ros2_ws/install/sensors/share/ament_index/resource_index/package_run_dependencies/sensors
[0.333s] -- Installing: /home/lunabotics/TAMU_SEDS_Lunabotics/ros2_ws/install/sensors/share/ament_index/resource_index/parent_prefix_path/sensors
[0.334s] -- Up-to-date: /home/lunabotics/TAMU_SEDS_Lunabotics/ros2_ws/install/sensors/share/sensors/environment/ament_prefix_path.sh
[0.334s] -- Installing: /home/lunabotics/TAMU_SEDS_Lunabotics/ros2_ws/install/sensors/share/sensors/environment/ament_prefix_path.dsv
[0.334s] -- Up-to-date: /home/lunabotics/TAMU_SEDS_Lunabotics/ros2_ws/install/sensors/share/sensors/environment/path.sh
[0.335s] -- Installing: /home/lunabotics/TAMU_SEDS_Lunabotics/ros2_ws/install/sensors/share/sensors/environment/path.dsv
[0.335s] -- Up-to-date: /home/lunabotics/TAMU_SEDS_Lunabotics/ros2_ws/install/sensors/share/sensors/local_setup.bash
[0.335s] -- Up-to-date: /home/lunabotics/TAMU_SEDS_Lunabotics/ros2_ws/install/sensors/share/sensors/local_setup.sh
[0.335s] -- Up-to-date: /home/lunabotics/TAMU_SEDS_Lunabotics/ros2_ws/install/sensors/share/sensors/local_setup.zsh
[0.336s] -- Installing: /home/lunabotics/TAMU_SEDS_Lunabotics/ros2_ws/install/sensors/share/sensors/local_setup.dsv
[0.336s] -- Installing: /home/lunabotics/TAMU_SEDS_Lunabotics/ros2_ws/install/sensors/share/sensors/package.dsv
[0.336s] -- Up-to-date: /home/lunabotics/TAMU_SEDS_Lunabotics/ros2_ws/install/sensors/share/ament_index/resource_index/packages/sensors
[0.337s] -- Up-to-date: /home/lunabotics/TAMU_SEDS_Lunabotics/ros2_ws/install/sensors/share/sensors/cmake/sensorsConfig.cmake
[0.337s] -- Up-to-date: /home/lunabotics/TAMU_SEDS_Lunabotics/ros2_ws/install/sensors/share/sensors/cmake/sensorsConfig-version.cmake
[0.337s] -- Up-to-date: /home/lunabotics/TAMU_SEDS_Lunabotics/ros2_ws/install/sensors/share/sensors/package.xml
[0.351s] Invoked command in '/home/lunabotics/TAMU_SEDS_Lunabotics/ros2_ws/build/sensors' returned '0': CMAKE_PREFIX_PATH=${CMAKE_PREFIX_PATH}:/home/lunabotics/TAMU_SEDS_Lunabotics/ros2_ws/install/drive:/home/lunabotics/TAMU_SEDS_Lunabotics/lunabotics_gnc2026/install/pathing:/home/lunabotics/TAMU_SEDS_Lunabotics/lunabotics_gnc2026/install/central_planner:/opt/ros/humble /home/lunabotics/.local/bin/cmake --install /home/lunabotics/TAMU_SEDS_Lunabotics/ros2_ws/build/sensors
