gmake: Warning: File 'Makefile' has modification time 1416 s in the future
gmake[1]: Warning: File 'CMakeFiles/Makefile2' has modification time 1416 s in the future
gmake[2]: Warning: File 'CMakeFiles/tutorial_interfaces__cpp.dir/progress.make' has modification time 1416 s in the future
gmake[2]: Warning: File 'CMakeFiles/tutorial_interfaces__rosidl_generator_c.dir/flags.make' has modification time 1416 s in the future
gmake[2]: Warning: File '/home/lunabotics/TAMU_SEDS_Lunabotics/ros2_ws/build/tutorial_interfaces/tutorial_interfaces__rs/CMakeFiles/tutorial_interfaces__rs.dir/progress.make' has modification time 1416 s in the future
gmake[2]: warning:  Clock skew detected.  Your build may be incomplete.
gmake[2]: Warning: File 'CMakeFiles/ament_cmake_python_copy_tutorial_interfaces.dir/progress.make' has modification time 1416 s in the future
gmake[2]: warning:  Clock skew detected.  Your build may be incomplete.
gmake[2]: Warning: File 'CMakeFiles/tutorial_interfaces__cpp.dir/progress.make' has modification time 1416 s in the future
gmake[2]: warning:  Clock skew detected.  Your build may be incomplete.
gmake[2]: Warning: File '/home/lunabotics/TAMU_SEDS_Lunabotics/ros2_ws/build/tutorial_interfaces/tutorial_interfaces__rs/CMakeFiles/tutorial_interfaces__rs.dir/progress.make' has modification time 1416 s in the future
gmake[2]: Warning: File 'CMakeFiles/ament_cmake_python_copy_tutorial_interfaces.dir/progress.make' has modification time 1416 s in the future
gmake[2]: warning:  Clock skew detected.  Your build may be incomplete.
gmake[2]: Warning: File 'CMakeFiles/ament_cmake_python_build_tutorial_interfaces_egg.dir/progress.make' has modification time 1415 s in the future
gmake[2]: warning:  Clock skew detected.  Your build may be incomplete.
gmake[2]: Warning: File 'CMakeFiles/ament_cmake_python_build_tutorial_interfaces_egg.dir/progress.make' has modification time 1415 s in the future
gmake[2]: warning:  Clock skew detected.  Your build may be incomplete.
gmake[2]: warning:  Clock skew detected.  Your build may be incomplete.
gmake[2]: warning:  Clock skew detected.  Your build may be incomplete.
gmake[2]: Warning: File 'CMakeFiles/tutorial_interfaces__rosidl_typesupport_introspection_cpp.dir/flags.make' has modification time 1414 s in the future
gmake[2]: Warning: File 'CMakeFiles/tutorial_interfaces__rosidl_typesupport_cpp.dir/flags.make' has modification time 1414 s in the future
gmake[2]: Warning: File 'CMakeFiles/tutorial_interfaces__rosidl_typesupport_fastrtps_cpp.dir/flags.make' has modification time 1414 s in the future
gmake[2]: warning:  Clock skew detected.  Your build may be incomplete.
gmake[2]: Warning: File 'CMakeFiles/tutorial_interfaces__rosidl_generator_c.dir/flags.make' has modification time 1414 s in the future
gmake[2]: warning:  Clock skew detected.  Your build may be incomplete.
gmake[2]: Warning: File 'CMakeFiles/tutorial_interfaces__rosidl_typesupport_cpp.dir/flags.make' has modification time 1414 s in the future
gmake[2]: warning:  Clock skew detected.  Your build may be incomplete.
gmake[2]: Warning: File 'CMakeFiles/tutorial_interfaces__rosidl_typesupport_introspection_cpp.dir/flags.make' has modification time 1414 s in the future
gmake[2]: warning:  Clock skew detected.  Your build may be incomplete.
gmake[2]: Warning: File 'CMakeFiles/tutorial_interfaces__rosidl_typesupport_fastrtps_cpp.dir/flags.make' has modification time 1414 s in the future
gmake[2]: warning:  Clock skew detected.  Your build may be incomplete.
gmake[2]: Warning: File 'CMakeFiles/tutorial_interfaces__rosidl_typesupport_introspection_c.dir/flags.make' has modification time 1412 s in the future
gmake[2]: warning:  Clock skew detected.  Your build may be incomplete.
gmake[2]: Warning: File 'CMakeFiles/tutorial_interfaces__rosidl_typesupport_c.dir/flags.make' has modification time 1411 s in the future
gmake[2]: warning:  Clock skew detected.  Your build may be incomplete.
gmake[2]: Warning: File 'CMakeFiles/tutorial_interfaces__rosidl_typesupport_fastrtps_c.dir/flags.make' has modification time 1411 s in the future
gmake[2]: warning:  Clock skew detected.  Your build may be incomplete.
gmake[2]: Warning: File 'CMakeFiles/tutorial_interfaces__rosidl_typesupport_introspection_c.dir/flags.make' has modification time 1411 s in the future
gmake[2]: warning:  Clock skew detected.  Your build may be incomplete.
gmake[2]: Warning: File 'CMakeFiles/tutorial_interfaces__rosidl_typesupport_c.dir/flags.make' has modification time 1410 s in the future
gmake[2]: warning:  Clock skew detected.  Your build may be incomplete.
gmake[2]: Warning: File 'CMakeFiles/tutorial_interfaces__rosidl_typesupport_fastrtps_c.dir/flags.make' has modification time 1410 s in the future
gmake[2]: warning:  Clock skew detected.  Your build may be incomplete.
gmake[2]: warning:  Clock skew detected.  Your build may be incomplete.
gmake[2]: warning:  Clock skew detected.  Your build may be incomplete.
gmake[2]: warning:  Clock skew detected.  Your build may be incomplete.
gmake[2]: Warning: File 'CMakeFiles/tutorial_interfaces.dir/progress.make' has modification time 1409 s in the future
gmake[2]: warning:  Clock skew detected.  Your build may be incomplete.
gmake[2]: Warning: File 'CMakeFiles/tutorial_interfaces.dir/progress.make' has modification time 1409 s in the future
gmake[2]: warning:  Clock skew detected.  Your build may be incomplete.
gmake[2]: Warning: File '/home/lunabotics/TAMU_SEDS_Lunabotics/ros2_ws/build/tutorial_interfaces/tutorial_interfaces__py/CMakeFiles/tutorial_interfaces__py.dir/progress.make' has modification time 1409 s in the future
gmake[2]: warning:  Clock skew detected.  Your build may be incomplete.
gmake[2]: Warning: File '/home/lunabotics/TAMU_SEDS_Lunabotics/ros2_ws/build/tutorial_interfaces/tutorial_interfaces__py/CMakeFiles/tutorial_interfaces__py.dir/progress.make' has modification time 1409 s in the future
gmake[2]: warning:  Clock skew detected.  Your build may be incomplete.
gmake[2]: Warning: File 'CMakeFiles/tutorial_interfaces__rosidl_generator_py.dir/flags.make' has modification time 1407 s in the future
gmake[2]: warning:  Clock skew detected.  Your build may be incomplete.
gmake[2]: Warning: File 'CMakeFiles/tutorial_interfaces__rosidl_generator_py.dir/flags.make' has modification time 1407 s in the future
gmake[2]: warning:  Clock skew detected.  Your build may be incomplete.
gmake[2]: Warning: File 'CMakeFiles/tutorial_interfaces__rosidl_typesupport_introspection_c__pyext.dir/flags.make' has modification time 1407 s in the future
gmake[2]: Warning: File 'CMakeFiles/tutorial_interfaces__rosidl_typesupport_c__pyext.dir/flags.make' has modification time 1407 s in the future
gmake[2]: Warning: File 'CMakeFiles/tutorial_interfaces__rosidl_typesupport_fastrtps_c__pyext.dir/flags.make' has modification time 1407 s in the future
gmake[2]: warning:  Clock skew detected.  Your build may be incomplete.
gmake[2]: warning:  Clock skew detected.  Your build may be incomplete.
gmake[2]: warning:  Clock skew detected.  Your build may be incomplete.
gmake[2]: Warning: File 'CMakeFiles/tutorial_interfaces__rosidl_typesupport_introspection_c__pyext.dir/flags.make' has modification time 1407 s in the future
gmake[2]: Warning: File 'CMakeFiles/tutorial_interfaces__rosidl_typesupport_fastrtps_c__pyext.dir/flags.make' has modification time 1407 s in the future
gmake[2]: Warning: File 'CMakeFiles/tutorial_interfaces__rosidl_typesupport_c__pyext.dir/flags.make' has modification time 1407 s in the future
gmake[2]: warning:  Clock skew detected.  Your build may be incomplete.
gmake[2]: warning:  Clock skew detected.  Your build may be incomplete.
gmake[2]: warning:  Clock skew detected.  Your build may be incomplete.
gmake[1]: warning:  Clock skew detected.  Your build may be incomplete.
gmake: warning:  Clock skew detected.  Your build may be incomplete.
