[0.076s] Invoking command in '/home/lunabotics/TAMU_SEDS_Lunabotics/ros2_ws/build/tutorial_interfaces': CMAKE_PREFIX_PATH=${CMAKE_PREFIX_PATH}:/home/lunabotics/TAMU_SEDS_Lunabotics/ros2_ws/install/pico_motor_control:/home/lunabotics/TAMU_SEDS_Lunabotics/ros2_ws/install/drive:/opt/ros/humble /home/lunabotics/.local/bin/cmake --build /home/lunabotics/TAMU_SEDS_Lunabotics/ros2_ws/build/tutorial_interfaces -- -j6 -l6
[0.248s] gmake: Warning: File 'Makefile' has modification time 1416 s in the future
[0.347s] gmake[1]: Warning: File 'CMakeFiles/Makefile2' has modification time 1416 s in the future
[0.354s] gmake[2]: Warning: File 'CMakeFiles/tutorial_interfaces__cpp.dir/progress.make' has modification time 1416 s in the future
[0.356s] gmake[2]: Warning: File 'CMakeFiles/tutorial_interfaces__rosidl_generator_c.dir/flags.make' has modification time 1416 s in the future
[0.364s] gmake[2]: Warning: File '/home/lunabotics/TAMU_SEDS_Lunabotics/ros2_ws/build/tutorial_interfaces/tutorial_interfaces__rs/CMakeFiles/tutorial_interfaces__rs.dir/progress.make' has modification time 1416 s in the future
[0.387s] [  1%] [1m[34mGenerating C code for ROS interfaces[0m
[0.392s] gmake[2]: warning:  Clock skew detected.  Your build may be incomplete.
[0.393s] gmake[2]: Warning: File 'CMakeFiles/ament_cmake_python_copy_tutorial_interfaces.dir/progress.make' has modification time 1416 s in the future
[0.398s] gmake[2]: warning:  Clock skew detected.  Your build may be incomplete.
[0.401s] gmake[2]: Warning: File 'CMakeFiles/tutorial_interfaces__cpp.dir/progress.make' has modification time 1416 s in the future
[0.411s] gmake[2]: warning:  Clock skew detected.  Your build may be incomplete.
[0.411s] gmake[2]: Warning: File '/home/lunabotics/TAMU_SEDS_Lunabotics/ros2_ws/build/tutorial_interfaces/tutorial_interfaces__rs/CMakeFiles/tutorial_interfaces__rs.dir/progress.make' has modification time 1416 s in the future
[0.416s] gmake[2]: Warning: File 'CMakeFiles/ament_cmake_python_copy_tutorial_interfaces.dir/progress.make' has modification time 1416 s in the future
[0.433s] [  3%] [1m[34mGenerating C++ code for ROS interfaces[0m
[0.443s] [  5%] [1m[34mGenerating Rust code for ROS interfaces[0m
[0.443s] gmake[2]: warning:  Clock skew detected.  Your build may be incomplete.
[0.472s] [  5%] Built target ament_cmake_python_copy_tutorial_interfaces
[0.493s] gmake[2]: Warning: File 'CMakeFiles/ament_cmake_python_build_tutorial_interfaces_egg.dir/progress.make' has modification time 1415 s in the future
[0.556s] gmake[2]: warning:  Clock skew detected.  Your build may be incomplete.
[0.581s] gmake[2]: Warning: File 'CMakeFiles/ament_cmake_python_build_tutorial_interfaces_egg.dir/progress.make' has modification time 1415 s in the future
[1.143s] gmake[2]: warning:  Clock skew detected.  Your build may be incomplete.
[1.152s] [  5%] Built target tutorial_interfaces__rs
[1.175s] running egg_info
[1.176s] creating tutorial_interfaces.egg-info
[1.177s] writing tutorial_interfaces.egg-info/PKG-INFO
[1.177s] writing dependency_links to tutorial_interfaces.egg-info/dependency_links.txt
[1.178s] writing top-level names to tutorial_interfaces.egg-info/top_level.txt
[1.178s] writing manifest file 'tutorial_interfaces.egg-info/SOURCES.txt'
[1.182s] reading manifest file 'tutorial_interfaces.egg-info/SOURCES.txt'
[1.183s] writing manifest file 'tutorial_interfaces.egg-info/SOURCES.txt'
[1.240s] gmake[2]: warning:  Clock skew detected.  Your build may be incomplete.
[1.246s] [  5%] Built target ament_cmake_python_build_tutorial_interfaces_egg
[1.421s] gmake[2]: warning:  Clock skew detected.  Your build may be incomplete.
[1.429s] [  5%] Built target tutorial_interfaces__cpp
[1.439s] gmake[2]: Warning: File 'CMakeFiles/tutorial_interfaces__rosidl_typesupport_introspection_cpp.dir/flags.make' has modification time 1414 s in the future
[1.439s] gmake[2]: Warning: File 'CMakeFiles/tutorial_interfaces__rosidl_typesupport_cpp.dir/flags.make' has modification time 1414 s in the future
[1.449s] gmake[2]: Warning: File 'CMakeFiles/tutorial_interfaces__rosidl_typesupport_fastrtps_cpp.dir/flags.make' has modification time 1414 s in the future
[1.450s] [  7%] [1m[34mGenerating C++ type support dispatch for ROS interfaces[0m
[1.450s] [  8%] [1m[34mGenerating C++ introspection for ROS interfaces[0m
[1.454s] [ 10%] [1m[34mGenerating C++ type support for eProsima Fast-RTPS[0m
[1.459s] gmake[2]: warning:  Clock skew detected.  Your build may be incomplete.
[1.462s] gmake[2]: Warning: File 'CMakeFiles/tutorial_interfaces__rosidl_generator_c.dir/flags.make' has modification time 1414 s in the future
[1.471s] [ 10%] [1m[34mGenerating C code for ROS interfaces[0m
[2.047s] gmake[2]: warning:  Clock skew detected.  Your build may be incomplete.
[2.050s] gmake[2]: Warning: File 'CMakeFiles/tutorial_interfaces__rosidl_typesupport_cpp.dir/flags.make' has modification time 1414 s in the future
[2.057s] [ 10%] [1m[34mGenerating C++ type support dispatch for ROS interfaces[0m
[2.136s] gmake[2]: warning:  Clock skew detected.  Your build may be incomplete.
[2.139s] gmake[2]: Warning: File 'CMakeFiles/tutorial_interfaces__rosidl_typesupport_introspection_cpp.dir/flags.make' has modification time 1414 s in the future
[2.146s] [ 10%] [1m[34mGenerating C++ introspection for ROS interfaces[0m
[2.250s] gmake[2]: warning:  Clock skew detected.  Your build may be incomplete.
[2.254s] gmake[2]: Warning: File 'CMakeFiles/tutorial_interfaces__rosidl_typesupport_fastrtps_cpp.dir/flags.make' has modification time 1414 s in the future
[2.262s] [ 10%] [1m[34mGenerating C++ type support for eProsima Fast-RTPS[0m
[2.304s] [ 14%] [32mBuilding C object CMakeFiles/tutorial_interfaces__rosidl_generator_c.dir/rosidl_generator_c/tutorial_interfaces/msg/detail/num__functions.c.o[0m
[2.305s] [ 14%] [32mBuilding C object CMakeFiles/tutorial_interfaces__rosidl_generator_c.dir/rosidl_generator_c/tutorial_interfaces/msg/detail/sphere__functions.c.o[0m
[2.309s] [ 16%] [32mBuilding C object CMakeFiles/tutorial_interfaces__rosidl_generator_c.dir/rosidl_generator_c/tutorial_interfaces/msg/detail/imu_raw__functions.c.o[0m
[2.617s] [ 17%] [32mBuilding CXX object CMakeFiles/tutorial_interfaces__rosidl_typesupport_cpp.dir/rosidl_typesupport_cpp/tutorial_interfaces/msg/num__type_support.cpp.o[0m
[2.800s] [ 19%] [32mBuilding CXX object CMakeFiles/tutorial_interfaces__rosidl_typesupport_introspection_cpp.dir/rosidl_typesupport_introspection_cpp/tutorial_interfaces/msg/detail/num__type_support.cpp.o[0m
[2.962s] [ 21%] [32mBuilding CXX object CMakeFiles/tutorial_interfaces__rosidl_typesupport_fastrtps_cpp.dir/rosidl_typesupport_fastrtps_cpp/tutorial_interfaces/msg/detail/dds_fastrtps/num__type_support.cpp.o[0m
[3.256s] [ 23%] [32mBuilding C object CMakeFiles/tutorial_interfaces__rosidl_generator_c.dir/rosidl_generator_c/tutorial_interfaces/srv/detail/add_three_ints__functions.c.o[0m
[3.256s] [ 25%] [32mBuilding CXX object CMakeFiles/tutorial_interfaces__rosidl_typesupport_introspection_cpp.dir/rosidl_typesupport_introspection_cpp/tutorial_interfaces/msg/detail/sphere__type_support.cpp.o[0m
[3.284s] [ 26%] [32mBuilding CXX object CMakeFiles/tutorial_interfaces__rosidl_typesupport_introspection_cpp.dir/rosidl_typesupport_introspection_cpp/tutorial_interfaces/msg/detail/imu_raw__type_support.cpp.o[0m
[3.383s] [ 28%] [1m[32mLinking C shared library libtutorial_interfaces__rosidl_generator_c.so[0m
[3.484s] gmake[2]: warning:  Clock skew detected.  Your build may be incomplete.
[3.493s] [ 28%] Built target tutorial_interfaces__rosidl_generator_c
[3.502s] [ 30%] [32mBuilding CXX object CMakeFiles/tutorial_interfaces__rosidl_typesupport_introspection_cpp.dir/rosidl_typesupport_introspection_cpp/tutorial_interfaces/srv/detail/add_three_ints__type_support.cpp.o[0m
[4.026s] [ 32%] [32mBuilding CXX object CMakeFiles/tutorial_interfaces__rosidl_typesupport_cpp.dir/rosidl_typesupport_cpp/tutorial_interfaces/msg/sphere__type_support.cpp.o[0m
[4.145s] [ 33%] [32mBuilding CXX object CMakeFiles/tutorial_interfaces__rosidl_typesupport_cpp.dir/rosidl_typesupport_cpp/tutorial_interfaces/msg/imu_raw__type_support.cpp.o[0m
[4.168s] [ 35%] [32mBuilding CXX object CMakeFiles/tutorial_interfaces__rosidl_typesupport_cpp.dir/rosidl_typesupport_cpp/tutorial_interfaces/srv/add_three_ints__type_support.cpp.o[0m
[4.191s] gmake[2]: Warning: File 'CMakeFiles/tutorial_interfaces__rosidl_typesupport_introspection_c.dir/flags.make' has modification time 1412 s in the future
[4.200s] [ 37%] [1m[34mGenerating C introspection for ROS interfaces[0m
[4.213s] [ 39%] [32mBuilding CXX object CMakeFiles/tutorial_interfaces__rosidl_typesupport_fastrtps_cpp.dir/rosidl_typesupport_fastrtps_cpp/tutorial_interfaces/msg/detail/dds_fastrtps/sphere__type_support.cpp.o[0m
[4.634s] [ 41%] [32mBuilding CXX object CMakeFiles/tutorial_interfaces__rosidl_typesupport_fastrtps_cpp.dir/rosidl_typesupport_fastrtps_cpp/tutorial_interfaces/msg/detail/dds_fastrtps/imu_raw__type_support.cpp.o[0m
[4.665s] [ 42%] [1m[32mLinking CXX shared library libtutorial_interfaces__rosidl_typesupport_introspection_cpp.so[0m
[4.716s] [ 44%] [32mBuilding CXX object CMakeFiles/tutorial_interfaces__rosidl_typesupport_fastrtps_cpp.dir/rosidl_typesupport_fastrtps_cpp/tutorial_interfaces/srv/detail/dds_fastrtps/add_three_ints__type_support.cpp.o[0m
[4.790s] gmake[2]: warning:  Clock skew detected.  Your build may be incomplete.
[4.796s] [ 46%] [1m[32mLinking CXX shared library libtutorial_interfaces__rosidl_typesupport_cpp.so[0m
[4.796s] [ 46%] Built target tutorial_interfaces__rosidl_typesupport_introspection_cpp
[4.805s] gmake[2]: Warning: File 'CMakeFiles/tutorial_interfaces__rosidl_typesupport_c.dir/flags.make' has modification time 1411 s in the future
[4.816s] [ 48%] [1m[34mGenerating C type support dispatch for ROS interfaces[0m
[4.868s] gmake[2]: warning:  Clock skew detected.  Your build may be incomplete.
[4.876s] [ 48%] Built target tutorial_interfaces__rosidl_typesupport_cpp
[4.910s] gmake[2]: Warning: File 'CMakeFiles/tutorial_interfaces__rosidl_typesupport_fastrtps_c.dir/flags.make' has modification time 1411 s in the future
[4.919s] [ 50%] [1m[34mGenerating C type support for eProsima Fast-RTPS[0m
[4.995s] gmake[2]: warning:  Clock skew detected.  Your build may be incomplete.
[4.999s] gmake[2]: Warning: File 'CMakeFiles/tutorial_interfaces__rosidl_typesupport_introspection_c.dir/flags.make' has modification time 1411 s in the future
[5.007s] [ 50%] [1m[34mGenerating C introspection for ROS interfaces[0m
[5.442s] gmake[2]: warning:  Clock skew detected.  Your build may be incomplete.
[5.444s] gmake[2]: Warning: File 'CMakeFiles/tutorial_interfaces__rosidl_typesupport_c.dir/flags.make' has modification time 1410 s in the future
[5.452s] [ 50%] [1m[34mGenerating C type support dispatch for ROS interfaces[0m
[5.674s] [ 51%] [1m[32mLinking CXX shared library libtutorial_interfaces__rosidl_typesupport_fastrtps_cpp.so[0m
[5.680s] gmake[2]: warning:  Clock skew detected.  Your build may be incomplete.
[5.683s] gmake[2]: Warning: File 'CMakeFiles/tutorial_interfaces__rosidl_typesupport_fastrtps_c.dir/flags.make' has modification time 1410 s in the future
[5.691s] [ 51%] [1m[34mGenerating C type support for eProsima Fast-RTPS[0m
[5.717s] [ 53%] [32mBuilding C object CMakeFiles/tutorial_interfaces__rosidl_typesupport_introspection_c.dir/rosidl_typesupport_introspection_c/tutorial_interfaces/msg/detail/num__type_support.c.o[0m
[5.718s] [ 55%] [32mBuilding C object CMakeFiles/tutorial_interfaces__rosidl_typesupport_introspection_c.dir/rosidl_typesupport_introspection_c/tutorial_interfaces/msg/detail/sphere__type_support.c.o[0m
[5.724s] [ 57%] [32mBuilding C object CMakeFiles/tutorial_interfaces__rosidl_typesupport_introspection_c.dir/rosidl_typesupport_introspection_c/tutorial_interfaces/msg/detail/imu_raw__type_support.c.o[0m
[5.783s] [ 58%] [32mBuilding C object CMakeFiles/tutorial_interfaces__rosidl_typesupport_introspection_c.dir/rosidl_typesupport_introspection_c/tutorial_interfaces/srv/detail/add_three_ints__type_support.c.o[0m
[5.819s] gmake[2]: warning:  Clock skew detected.  Your build may be incomplete.
[5.827s] [ 58%] Built target tutorial_interfaces__rosidl_typesupport_fastrtps_cpp
[5.854s] [ 60%] [1m[32mLinking C shared library libtutorial_interfaces__rosidl_typesupport_introspection_c.so[0m
[5.893s] gmake[2]: warning:  Clock skew detected.  Your build may be incomplete.
[5.902s] [ 60%] Built target tutorial_interfaces__rosidl_typesupport_introspection_c
[6.011s] [ 62%] [32mBuilding CXX object CMakeFiles/tutorial_interfaces__rosidl_typesupport_c.dir/rosidl_typesupport_c/tutorial_interfaces/msg/num__type_support.cpp.o[0m
[6.018s] [ 64%] [32mBuilding CXX object CMakeFiles/tutorial_interfaces__rosidl_typesupport_c.dir/rosidl_typesupport_c/tutorial_interfaces/msg/imu_raw__type_support.cpp.o[0m
[6.019s] [ 66%] [32mBuilding CXX object CMakeFiles/tutorial_interfaces__rosidl_typesupport_c.dir/rosidl_typesupport_c/tutorial_interfaces/srv/add_three_ints__type_support.cpp.o[0m
[6.020s] [ 67%] [32mBuilding CXX object CMakeFiles/tutorial_interfaces__rosidl_typesupport_c.dir/rosidl_typesupport_c/tutorial_interfaces/msg/sphere__type_support.cpp.o[0m
[6.077s] [ 69%] [1m[32mLinking CXX shared library libtutorial_interfaces__rosidl_typesupport_c.so[0m
[6.130s] gmake[2]: warning:  Clock skew detected.  Your build may be incomplete.
[6.140s] [ 69%] Built target tutorial_interfaces__rosidl_typesupport_c
[6.401s] [ 73%] [32mBuilding CXX object CMakeFiles/tutorial_interfaces__rosidl_typesupport_fastrtps_c.dir/rosidl_typesupport_fastrtps_c/tutorial_interfaces/msg/detail/imu_raw__type_support_c.cpp.o[0m
[6.402s] [ 73%] [32mBuilding CXX object CMakeFiles/tutorial_interfaces__rosidl_typesupport_fastrtps_c.dir/rosidl_typesupport_fastrtps_c/tutorial_interfaces/msg/detail/sphere__type_support_c.cpp.o[0m
[6.402s] [ 75%] [32mBuilding CXX object CMakeFiles/tutorial_interfaces__rosidl_typesupport_fastrtps_c.dir/rosidl_typesupport_fastrtps_c/tutorial_interfaces/msg/detail/num__type_support_c.cpp.o[0m
[6.404s] [ 76%] [32mBuilding CXX object CMakeFiles/tutorial_interfaces__rosidl_typesupport_fastrtps_c.dir/rosidl_typesupport_fastrtps_c/tutorial_interfaces/srv/detail/add_three_ints__type_support_c.cpp.o[0m
[7.150s] [ 78%] [1m[32mLinking CXX shared library libtutorial_interfaces__rosidl_typesupport_fastrtps_c.so[0m
[7.287s] gmake[2]: warning:  Clock skew detected.  Your build may be incomplete.
[7.297s] [ 78%] Built target tutorial_interfaces__rosidl_typesupport_fastrtps_c
[7.305s] gmake[2]: Warning: File 'CMakeFiles/tutorial_interfaces.dir/progress.make' has modification time 1409 s in the future
[7.317s] gmake[2]: warning:  Clock skew detected.  Your build may be incomplete.
[7.321s] gmake[2]: Warning: File 'CMakeFiles/tutorial_interfaces.dir/progress.make' has modification time 1409 s in the future
[7.322s] gmake[2]: warning:  Clock skew detected.  Your build may be incomplete.
[7.331s] [ 78%] Built target tutorial_interfaces
[7.339s] gmake[2]: Warning: File '/home/lunabotics/TAMU_SEDS_Lunabotics/ros2_ws/build/tutorial_interfaces/tutorial_interfaces__py/CMakeFiles/tutorial_interfaces__py.dir/progress.make' has modification time 1409 s in the future
[7.350s] gmake[2]: warning:  Clock skew detected.  Your build may be incomplete.
[7.354s] gmake[2]: Warning: File '/home/lunabotics/TAMU_SEDS_Lunabotics/ros2_ws/build/tutorial_interfaces/tutorial_interfaces__py/CMakeFiles/tutorial_interfaces__py.dir/progress.make' has modification time 1409 s in the future
[7.365s] [ 80%] [1m[34mGenerating Python code for ROS interfaces[0m
[8.541s] gmake[2]: warning:  Clock skew detected.  Your build may be incomplete.
[8.550s] [ 80%] Built target tutorial_interfaces__py
[8.561s] gmake[2]: Warning: File 'CMakeFiles/tutorial_interfaces__rosidl_generator_py.dir/flags.make' has modification time 1407 s in the future
[8.580s] gmake[2]: warning:  Clock skew detected.  Your build may be incomplete.
[8.584s] gmake[2]: Warning: File 'CMakeFiles/tutorial_interfaces__rosidl_generator_py.dir/flags.make' has modification time 1407 s in the future
[8.599s] [ 87%] [32mBuilding C object CMakeFiles/tutorial_interfaces__rosidl_generator_py.dir/rosidl_generator_py/tutorial_interfaces/msg/_num_s.c.o[0m
[8.599s] [ 87%] [32mBuilding C object CMakeFiles/tutorial_interfaces__rosidl_generator_py.dir/rosidl_generator_py/tutorial_interfaces/srv/_add_three_ints_s.c.o[0m
[8.599s] [ 87%] [32mBuilding C object CMakeFiles/tutorial_interfaces__rosidl_generator_py.dir/rosidl_generator_py/tutorial_interfaces/msg/_imu_raw_s.c.o[0m
[8.600s] [ 87%] [32mBuilding C object CMakeFiles/tutorial_interfaces__rosidl_generator_py.dir/rosidl_generator_py/tutorial_interfaces/msg/_sphere_s.c.o[0m
[8.978s] [ 89%] [1m[32mLinking C shared library rosidl_generator_py/tutorial_interfaces/libtutorial_interfaces__rosidl_generator_py.so[0m
[9.051s] gmake[2]: warning:  Clock skew detected.  Your build may be incomplete.
[9.066s] [ 89%] Built target tutorial_interfaces__rosidl_generator_py
[9.079s] gmake[2]: Warning: File 'CMakeFiles/tutorial_interfaces__rosidl_typesupport_introspection_c__pyext.dir/flags.make' has modification time 1407 s in the future
[9.079s] gmake[2]: Warning: File 'CMakeFiles/tutorial_interfaces__rosidl_typesupport_c__pyext.dir/flags.make' has modification time 1407 s in the future
[9.079s] gmake[2]: Warning: File 'CMakeFiles/tutorial_interfaces__rosidl_typesupport_fastrtps_c__pyext.dir/flags.make' has modification time 1407 s in the future
[9.098s] gmake[2]: warning:  Clock skew detected.  Your build may be incomplete.
[9.098s] gmake[2]: warning:  Clock skew detected.  Your build may be incomplete.
[9.099s] gmake[2]: warning:  Clock skew detected.  Your build may be incomplete.
[9.101s] gmake[2]: Warning: File 'CMakeFiles/tutorial_interfaces__rosidl_typesupport_introspection_c__pyext.dir/flags.make' has modification time 1407 s in the future
[9.101s] gmake[2]: Warning: File 'CMakeFiles/tutorial_interfaces__rosidl_typesupport_fastrtps_c__pyext.dir/flags.make' has modification time 1407 s in the future
[9.102s] gmake[2]: Warning: File 'CMakeFiles/tutorial_interfaces__rosidl_typesupport_c__pyext.dir/flags.make' has modification time 1407 s in the future
[9.111s] [ 92%] [32mBuilding C object CMakeFiles/tutorial_interfaces__rosidl_typesupport_introspection_c__pyext.dir/rosidl_generator_py/tutorial_interfaces/_tutorial_interfaces_s.ep.rosidl_typesupport_introspection_c.c.o[0m
[9.112s] [ 92%] [32mBuilding C object CMakeFiles/tutorial_interfaces__rosidl_typesupport_fastrtps_c__pyext.dir/rosidl_generator_py/tutorial_interfaces/_tutorial_interfaces_s.ep.rosidl_typesupport_fastrtps_c.c.o[0m
[9.112s] [ 94%] [32mBuilding C object CMakeFiles/tutorial_interfaces__rosidl_typesupport_c__pyext.dir/rosidl_generator_py/tutorial_interfaces/_tutorial_interfaces_s.ep.rosidl_typesupport_c.c.o[0m
[9.349s] [100%] [1m[32mLinking C shared library rosidl_generator_py/tutorial_interfaces/tutorial_interfaces_s__rosidl_typesupport_fastrtps_c.cpython-310-aarch64-linux-gnu.so[0m
[9.350s] [100%] [1m[32mLinking C shared library rosidl_generator_py/tutorial_interfaces/tutorial_interfaces_s__rosidl_typesupport_introspection_c.cpython-310-aarch64-linux-gnu.so[0m
[9.351s] [100%] [1m[32mLinking C shared library rosidl_generator_py/tutorial_interfaces/tutorial_interfaces_s__rosidl_typesupport_c.cpython-310-aarch64-linux-gnu.so[0m
[9.417s] gmake[2]: warning:  Clock skew detected.  Your build may be incomplete.
[9.417s] gmake[2]: warning:  Clock skew detected.  Your build may be incomplete.
[9.427s] [100%] Built target tutorial_interfaces__rosidl_typesupport_c__pyext
[9.428s] [100%] Built target tutorial_interfaces__rosidl_typesupport_introspection_c__pyext
[9.429s] gmake[2]: warning:  Clock skew detected.  Your build may be incomplete.
[9.439s] [100%] Built target tutorial_interfaces__rosidl_typesupport_fastrtps_c__pyext
[9.441s] gmake[1]: warning:  Clock skew detected.  Your build may be incomplete.
[9.459s] gmake: warning:  Clock skew detected.  Your build may be incomplete.
