[0.095s] Invoking command in '/home/lunabotics/TAMU_SEDS_Lunabotics/ros2_ws/build/orbbec_camera_msgs': CMAKE_PREFIX_PATH=${CMAKE_PREFIX_PATH}:/home/lunabotics/TAMU_SEDS_Lunabotics/ros2_ws/install/pico_motor_control:/home/lunabotics/TAMU_SEDS_Lunabotics/ros2_ws/install/pico_2nd_pck:/home/lunabotics/TAMU_SEDS_Lunabotics/ros2_ws/install/drive:/home/lunabotics/TAMU_SEDS_Lunabotics/lunabotics_gnc2026/install/pathing:/home/lunabotics/TAMU_SEDS_Lunabotics/lunabotics_gnc2026/install/central_planner:/opt/ros/humble /home/lunabotics/.local/bin/cmake --build /home/lunabotics/TAMU_SEDS_Lunabotics/ros2_ws/build/orbbec_camera_msgs -- -j6 -l6
[1.201s] [  0%] [34m[1mGenerating C code for ROS interfaces[0m
[1.201s] [  0%] [34m[1mGenerating C++ code for ROS interfaces[0m
[1.201s] [  1%] [34m[1mGenerating Rust code for ROS interfaces[0m
[1.202s] [  1%] Built target ament_cmake_python_copy_orbbec_camera_msgs
[1.352s] running egg_info
[1.369s] creating orbbec_camera_msgs.egg-info
[1.370s] writing orbbec_camera_msgs.egg-info/PKG-INFO
[1.370s] writing dependency_links to orbbec_camera_msgs.egg-info/dependency_links.txt
[1.378s] writing top-level names to orbbec_camera_msgs.egg-info/top_level.txt
[1.378s] writing manifest file 'orbbec_camera_msgs.egg-info/SOURCES.txt'
[1.383s] reading manifest file 'orbbec_camera_msgs.egg-info/SOURCES.txt'
[1.390s] writing manifest file 'orbbec_camera_msgs.egg-info/SOURCES.txt'
[1.504s] [  1%] Built target ament_cmake_python_build_orbbec_camera_msgs_egg
[4.123s] [  1%] Built target orbbec_camera_msgs__rs
[14.834s] [  1%] Built target orbbec_camera_msgs__cpp
[14.871s] [  2%] [32mBuilding C object CMakeFiles/orbbec_camera_msgs__rosidl_generator_c.dir/rosidl_generator_c/orbbec_camera_msgs/msg/detail/device_info__functions.c.o[0m
[14.896s] [  3%] [34m[1mGenerating C++ type support for eProsima Fast-RTPS[0m
[14.900s] [  3%] [32mBuilding C object CMakeFiles/orbbec_camera_msgs__rosidl_generator_c.dir/rosidl_generator_c/orbbec_camera_msgs/msg/detail/device_status__functions.c.o[0m
[15.596s] [  3%] [32mBuilding C object CMakeFiles/orbbec_camera_msgs__rosidl_generator_c.dir/rosidl_generator_c/orbbec_camera_msgs/msg/detail/depth_filter_state__functions.c.o[0m
[16.013s] [  4%] [32mBuilding C object CMakeFiles/orbbec_camera_msgs__rosidl_generator_c.dir/rosidl_generator_c/orbbec_camera_msgs/msg/detail/depth_filters_status__functions.c.o[0m
[16.468s] [  4%] [32mBuilding C object CMakeFiles/orbbec_camera_msgs__rosidl_generator_c.dir/rosidl_generator_c/orbbec_camera_msgs/msg/detail/extrinsics__functions.c.o[0m
[17.005s] [  5%] [32mBuilding C object CMakeFiles/orbbec_camera_msgs__rosidl_generator_c.dir/rosidl_generator_c/orbbec_camera_msgs/msg/detail/metadata__functions.c.o[0m
[17.393s] [  5%] [32mBuilding C object CMakeFiles/orbbec_camera_msgs__rosidl_generator_c.dir/rosidl_generator_c/orbbec_camera_msgs/msg/detail/imu_info__functions.c.o[0m
[17.593s] [  6%] [32mBuilding C object CMakeFiles/orbbec_camera_msgs__rosidl_generator_c.dir/rosidl_generator_c/orbbec_camera_msgs/msg/detail/rgbd__functions.c.o[0m
[17.820s] [  7%] [32mBuilding C object CMakeFiles/orbbec_camera_msgs__rosidl_generator_c.dir/rosidl_generator_c/orbbec_camera_msgs/srv/detail/get_bool__functions.c.o[0m
[18.165s] [  7%] [32mBuilding C object CMakeFiles/orbbec_camera_msgs__rosidl_generator_c.dir/rosidl_generator_c/orbbec_camera_msgs/srv/detail/get_device_info__functions.c.o[0m
[18.418s] [  8%] [32mBuilding C object CMakeFiles/orbbec_camera_msgs__rosidl_generator_c.dir/rosidl_generator_c/orbbec_camera_msgs/srv/detail/get_camera_info__functions.c.o[0m
[18.993s] [  8%] [32mBuilding C object CMakeFiles/orbbec_camera_msgs__rosidl_generator_c.dir/rosidl_generator_c/orbbec_camera_msgs/srv/detail/get_int32__functions.c.o[0m
[19.729s] [  9%] [32mBuilding C object CMakeFiles/orbbec_camera_msgs__rosidl_generator_c.dir/rosidl_generator_c/orbbec_camera_msgs/srv/detail/get_string__functions.c.o[0m
[20.197s] [  9%] [32mBuilding C object CMakeFiles/orbbec_camera_msgs__rosidl_generator_c.dir/rosidl_generator_c/orbbec_camera_msgs/srv/detail/set_filter__functions.c.o[0m
[20.775s] [ 10%] [32mBuilding C object CMakeFiles/orbbec_camera_msgs__rosidl_generator_c.dir/rosidl_generator_c/orbbec_camera_msgs/srv/detail/set_int32__functions.c.o[0m
[21.143s] [ 10%] [32mBuilding C object CMakeFiles/orbbec_camera_msgs__rosidl_generator_c.dir/rosidl_generator_c/orbbec_camera_msgs/srv/detail/set_string__functions.c.o[0m
[21.590s] [ 11%] [32mBuilding C object CMakeFiles/orbbec_camera_msgs__rosidl_generator_c.dir/rosidl_generator_c/orbbec_camera_msgs/srv/detail/set_arrays__functions.c.o[0m
[22.136s] [ 11%] [32mBuilding C object CMakeFiles/orbbec_camera_msgs__rosidl_generator_c.dir/rosidl_generator_c/orbbec_camera_msgs/srv/detail/get_user_calib_params__functions.c.o[0m
[22.479s] [ 12%] [32mBuilding C object CMakeFiles/orbbec_camera_msgs__rosidl_generator_c.dir/rosidl_generator_c/orbbec_camera_msgs/srv/detail/set_user_calib_params__functions.c.o[0m
[23.228s] [ 13%] [32mBuilding C object CMakeFiles/orbbec_camera_msgs__rosidl_generator_c.dir/rosidl_generator_c/orbbec_camera_msgs/msg/detail/depth_filter_param__functions.c.o[0m
[23.357s] [ 14%] [32m[1mLinking C shared library liborbbec_camera_msgs__rosidl_generator_c.so[0m
[23.570s] [ 14%] Built target orbbec_camera_msgs__rosidl_generator_c
[24.658s] [ 14%] [32mBuilding CXX object CMakeFiles/orbbec_camera_msgs__rosidl_typesupport_fastrtps_cpp.dir/rosidl_typesupport_fastrtps_cpp/orbbec_camera_msgs/msg/detail/dds_fastrtps/device_info__type_support.cpp.o[0m
[29.567s] [ 15%] [32mBuilding CXX object CMakeFiles/orbbec_camera_msgs__rosidl_typesupport_fastrtps_cpp.dir/rosidl_typesupport_fastrtps_cpp/orbbec_camera_msgs/msg/detail/dds_fastrtps/device_status__type_support.cpp.o[0m
[32.334s] [ 15%] [32mBuilding CXX object CMakeFiles/orbbec_camera_msgs__rosidl_typesupport_fastrtps_cpp.dir/rosidl_typesupport_fastrtps_cpp/orbbec_camera_msgs/msg/detail/dds_fastrtps/depth_filter_param__type_support.cpp.o[0m
[34.193s] [ 16%] [32mBuilding CXX object CMakeFiles/orbbec_camera_msgs__rosidl_typesupport_fastrtps_cpp.dir/rosidl_typesupport_fastrtps_cpp/orbbec_camera_msgs/msg/detail/dds_fastrtps/depth_filter_state__type_support.cpp.o[0m
[35.902s] [ 16%] [32mBuilding CXX object CMakeFiles/orbbec_camera_msgs__rosidl_typesupport_fastrtps_cpp.dir/rosidl_typesupport_fastrtps_cpp/orbbec_camera_msgs/msg/detail/dds_fastrtps/depth_filters_status__type_support.cpp.o[0m
[37.186s] [ 17%] [32mBuilding CXX object CMakeFiles/orbbec_camera_msgs__rosidl_typesupport_fastrtps_cpp.dir/rosidl_typesupport_fastrtps_cpp/orbbec_camera_msgs/msg/detail/dds_fastrtps/extrinsics__type_support.cpp.o[0m
[38.339s] [ 17%] [32mBuilding CXX object CMakeFiles/orbbec_camera_msgs__rosidl_typesupport_fastrtps_cpp.dir/rosidl_typesupport_fastrtps_cpp/orbbec_camera_msgs/msg/detail/dds_fastrtps/metadata__type_support.cpp.o[0m
[39.291s] [ 18%] [32mBuilding CXX object CMakeFiles/orbbec_camera_msgs__rosidl_typesupport_fastrtps_cpp.dir/rosidl_typesupport_fastrtps_cpp/orbbec_camera_msgs/msg/detail/dds_fastrtps/imu_info__type_support.cpp.o[0m
[40.483s] [ 18%] [32mBuilding CXX object CMakeFiles/orbbec_camera_msgs__rosidl_typesupport_fastrtps_cpp.dir/rosidl_typesupport_fastrtps_cpp/orbbec_camera_msgs/msg/detail/dds_fastrtps/rgbd__type_support.cpp.o[0m
[41.544s] [ 19%] [32mBuilding CXX object CMakeFiles/orbbec_camera_msgs__rosidl_typesupport_fastrtps_cpp.dir/rosidl_typesupport_fastrtps_cpp/orbbec_camera_msgs/srv/detail/dds_fastrtps/get_bool__type_support.cpp.o[0m
[42.567s] [ 20%] [32mBuilding CXX object CMakeFiles/orbbec_camera_msgs__rosidl_typesupport_fastrtps_cpp.dir/rosidl_typesupport_fastrtps_cpp/orbbec_camera_msgs/srv/detail/dds_fastrtps/get_device_info__type_support.cpp.o[0m
[43.469s] [ 20%] [32mBuilding CXX object CMakeFiles/orbbec_camera_msgs__rosidl_typesupport_fastrtps_cpp.dir/rosidl_typesupport_fastrtps_cpp/orbbec_camera_msgs/srv/detail/dds_fastrtps/get_camera_info__type_support.cpp.o[0m
[44.421s] [ 21%] [32mBuilding CXX object CMakeFiles/orbbec_camera_msgs__rosidl_typesupport_fastrtps_cpp.dir/rosidl_typesupport_fastrtps_cpp/orbbec_camera_msgs/srv/detail/dds_fastrtps/get_int32__type_support.cpp.o[0m
[45.403s] [ 21%] [32mBuilding CXX object CMakeFiles/orbbec_camera_msgs__rosidl_typesupport_fastrtps_cpp.dir/rosidl_typesupport_fastrtps_cpp/orbbec_camera_msgs/srv/detail/dds_fastrtps/get_string__type_support.cpp.o[0m
[46.493s] [ 22%] [32mBuilding CXX object CMakeFiles/orbbec_camera_msgs__rosidl_typesupport_fastrtps_cpp.dir/rosidl_typesupport_fastrtps_cpp/orbbec_camera_msgs/srv/detail/dds_fastrtps/set_filter__type_support.cpp.o[0m
[50.366s] [ 22%] [32mBuilding CXX object CMakeFiles/orbbec_camera_msgs__rosidl_typesupport_fastrtps_cpp.dir/rosidl_typesupport_fastrtps_cpp/orbbec_camera_msgs/srv/detail/dds_fastrtps/set_int32__type_support.cpp.o[0m
[52.053s] [ 23%] [32mBuilding CXX object CMakeFiles/orbbec_camera_msgs__rosidl_typesupport_fastrtps_cpp.dir/rosidl_typesupport_fastrtps_cpp/orbbec_camera_msgs/srv/detail/dds_fastrtps/set_string__type_support.cpp.o[0m
[53.165s] [ 23%] [32mBuilding CXX object CMakeFiles/orbbec_camera_msgs__rosidl_typesupport_fastrtps_cpp.dir/rosidl_typesupport_fastrtps_cpp/orbbec_camera_msgs/srv/detail/dds_fastrtps/set_arrays__type_support.cpp.o[0m
[54.204s] [ 24%] [32mBuilding CXX object CMakeFiles/orbbec_camera_msgs__rosidl_typesupport_fastrtps_cpp.dir/rosidl_typesupport_fastrtps_cpp/orbbec_camera_msgs/srv/detail/dds_fastrtps/get_user_calib_params__type_support.cpp.o[0m
[55.151s] [ 24%] [32mBuilding CXX object CMakeFiles/orbbec_camera_msgs__rosidl_typesupport_fastrtps_cpp.dir/rosidl_typesupport_fastrtps_cpp/orbbec_camera_msgs/srv/detail/dds_fastrtps/set_user_calib_params__type_support.cpp.o[0m
[56.119s] [ 25%] [32m[1mLinking CXX shared library liborbbec_camera_msgs__rosidl_typesupport_fastrtps_cpp.so[0m
[56.288s] [ 25%] Built target orbbec_camera_msgs__rosidl_typesupport_fastrtps_cpp
[56.311s] [ 26%] [34m[1mGenerating C type support dispatch for ROS interfaces[0m
[58.419s] [ 26%] [32mBuilding CXX object CMakeFiles/orbbec_camera_msgs__rosidl_typesupport_c.dir/rosidl_typesupport_c/orbbec_camera_msgs/msg/device_info__type_support.cpp.o[0m
[58.481s] [ 27%] [32mBuilding CXX object CMakeFiles/orbbec_camera_msgs__rosidl_typesupport_c.dir/rosidl_typesupport_c/orbbec_camera_msgs/msg/device_status__type_support.cpp.o[0m
[58.539s] [ 27%] [32mBuilding CXX object CMakeFiles/orbbec_camera_msgs__rosidl_typesupport_c.dir/rosidl_typesupport_c/orbbec_camera_msgs/msg/depth_filter_param__type_support.cpp.o[0m
[58.626s] [ 28%] [32mBuilding CXX object CMakeFiles/orbbec_camera_msgs__rosidl_typesupport_c.dir/rosidl_typesupport_c/orbbec_camera_msgs/msg/depth_filter_state__type_support.cpp.o[0m
[58.689s] [ 28%] [32mBuilding CXX object CMakeFiles/orbbec_camera_msgs__rosidl_typesupport_c.dir/rosidl_typesupport_c/orbbec_camera_msgs/msg/depth_filters_status__type_support.cpp.o[0m
[58.817s] [ 29%] [32mBuilding CXX object CMakeFiles/orbbec_camera_msgs__rosidl_typesupport_c.dir/rosidl_typesupport_c/orbbec_camera_msgs/msg/extrinsics__type_support.cpp.o[0m
[58.875s] [ 29%] [32mBuilding CXX object CMakeFiles/orbbec_camera_msgs__rosidl_typesupport_c.dir/rosidl_typesupport_c/orbbec_camera_msgs/msg/metadata__type_support.cpp.o[0m
[58.934s] [ 30%] [32mBuilding CXX object CMakeFiles/orbbec_camera_msgs__rosidl_typesupport_c.dir/rosidl_typesupport_c/orbbec_camera_msgs/msg/imu_info__type_support.cpp.o[0m
[58.992s] [ 30%] [32mBuilding CXX object CMakeFiles/orbbec_camera_msgs__rosidl_typesupport_c.dir/rosidl_typesupport_c/orbbec_camera_msgs/msg/rgbd__type_support.cpp.o[0m
[59.058s] [ 31%] [32mBuilding CXX object CMakeFiles/orbbec_camera_msgs__rosidl_typesupport_c.dir/rosidl_typesupport_c/orbbec_camera_msgs/srv/get_bool__type_support.cpp.o[0m
[59.147s] [ 31%] [32mBuilding CXX object CMakeFiles/orbbec_camera_msgs__rosidl_typesupport_c.dir/rosidl_typesupport_c/orbbec_camera_msgs/srv/get_device_info__type_support.cpp.o[0m
[59.213s] [ 32%] [32mBuilding CXX object CMakeFiles/orbbec_camera_msgs__rosidl_typesupport_c.dir/rosidl_typesupport_c/orbbec_camera_msgs/srv/get_camera_info__type_support.cpp.o[0m
[59.273s] [ 33%] [32mBuilding CXX object CMakeFiles/orbbec_camera_msgs__rosidl_typesupport_c.dir/rosidl_typesupport_c/orbbec_camera_msgs/srv/get_int32__type_support.cpp.o[0m
[59.341s] [ 33%] [32mBuilding CXX object CMakeFiles/orbbec_camera_msgs__rosidl_typesupport_c.dir/rosidl_typesupport_c/orbbec_camera_msgs/srv/get_string__type_support.cpp.o[0m
[59.398s] [ 34%] [32mBuilding CXX object CMakeFiles/orbbec_camera_msgs__rosidl_typesupport_c.dir/rosidl_typesupport_c/orbbec_camera_msgs/srv/set_filter__type_support.cpp.o[0m
[59.456s] [ 34%] [32mBuilding CXX object CMakeFiles/orbbec_camera_msgs__rosidl_typesupport_c.dir/rosidl_typesupport_c/orbbec_camera_msgs/srv/set_int32__type_support.cpp.o[0m
[59.514s] [ 35%] [32mBuilding CXX object CMakeFiles/orbbec_camera_msgs__rosidl_typesupport_c.dir/rosidl_typesupport_c/orbbec_camera_msgs/srv/set_string__type_support.cpp.o[0m
[59.601s] [ 35%] [32mBuilding CXX object CMakeFiles/orbbec_camera_msgs__rosidl_typesupport_c.dir/rosidl_typesupport_c/orbbec_camera_msgs/srv/set_arrays__type_support.cpp.o[0m
[59.661s] [ 36%] [32mBuilding CXX object CMakeFiles/orbbec_camera_msgs__rosidl_typesupport_c.dir/rosidl_typesupport_c/orbbec_camera_msgs/srv/get_user_calib_params__type_support.cpp.o[0m
[59.718s] [ 36%] [32mBuilding CXX object CMakeFiles/orbbec_camera_msgs__rosidl_typesupport_c.dir/rosidl_typesupport_c/orbbec_camera_msgs/srv/set_user_calib_params__type_support.cpp.o[0m
[59.788s] [ 37%] [32m[1mLinking CXX shared library liborbbec_camera_msgs__rosidl_typesupport_c.so[0m
[59.857s] [ 37%] Built target orbbec_camera_msgs__rosidl_typesupport_c
[59.874s] [ 38%] [34m[1mGenerating C introspection for ROS interfaces[0m
[64.017s] [ 38%] [32mBuilding C object CMakeFiles/orbbec_camera_msgs__rosidl_typesupport_introspection_c.dir/rosidl_typesupport_introspection_c/orbbec_camera_msgs/msg/detail/device_info__type_support.c.o[0m
[64.099s] [ 38%] [32mBuilding C object CMakeFiles/orbbec_camera_msgs__rosidl_typesupport_introspection_c.dir/rosidl_typesupport_introspection_c/orbbec_camera_msgs/msg/detail/depth_filter_param__type_support.c.o[0m
[64.171s] [ 39%] [32mBuilding C object CMakeFiles/orbbec_camera_msgs__rosidl_typesupport_introspection_c.dir/rosidl_typesupport_introspection_c/orbbec_camera_msgs/msg/detail/depth_filter_state__type_support.c.o[0m
[64.289s] [ 39%] [32mBuilding C object CMakeFiles/orbbec_camera_msgs__rosidl_typesupport_introspection_c.dir/rosidl_typesupport_introspection_c/orbbec_camera_msgs/msg/detail/depth_filters_status__type_support.c.o[0m
[64.420s] [ 40%] [32mBuilding C object CMakeFiles/orbbec_camera_msgs__rosidl_typesupport_introspection_c.dir/rosidl_typesupport_introspection_c/orbbec_camera_msgs/msg/detail/extrinsics__type_support.c.o[0m
[64.502s] [ 40%] [32mBuilding C object CMakeFiles/orbbec_camera_msgs__rosidl_typesupport_introspection_c.dir/rosidl_typesupport_introspection_c/orbbec_camera_msgs/msg/detail/metadata__type_support.c.o[0m
[64.567s] [ 41%] [32mBuilding C object CMakeFiles/orbbec_camera_msgs__rosidl_typesupport_introspection_c.dir/rosidl_typesupport_introspection_c/orbbec_camera_msgs/msg/detail/imu_info__type_support.c.o[0m
[64.700s] [ 41%] [32mBuilding C object CMakeFiles/orbbec_camera_msgs__rosidl_typesupport_introspection_c.dir/rosidl_typesupport_introspection_c/orbbec_camera_msgs/msg/detail/rgbd__type_support.c.o[0m
[64.795s] [ 42%] [32mBuilding C object CMakeFiles/orbbec_camera_msgs__rosidl_typesupport_introspection_c.dir/rosidl_typesupport_introspection_c/orbbec_camera_msgs/srv/detail/get_bool__type_support.c.o[0m
[64.870s] [ 42%] [32mBuilding C object CMakeFiles/orbbec_camera_msgs__rosidl_typesupport_introspection_c.dir/rosidl_typesupport_introspection_c/orbbec_camera_msgs/srv/detail/get_device_info__type_support.c.o[0m
[64.958s] [ 43%] [32mBuilding C object CMakeFiles/orbbec_camera_msgs__rosidl_typesupport_introspection_c.dir/rosidl_typesupport_introspection_c/orbbec_camera_msgs/srv/detail/get_camera_info__type_support.c.o[0m
[65.055s] [ 44%] [32mBuilding C object CMakeFiles/orbbec_camera_msgs__rosidl_typesupport_introspection_c.dir/rosidl_typesupport_introspection_c/orbbec_camera_msgs/srv/detail/get_int32__type_support.c.o[0m
[65.128s] [ 44%] [32mBuilding C object CMakeFiles/orbbec_camera_msgs__rosidl_typesupport_introspection_c.dir/rosidl_typesupport_introspection_c/orbbec_camera_msgs/srv/detail/get_string__type_support.c.o[0m
[65.217s] [ 45%] [32mBuilding C object CMakeFiles/orbbec_camera_msgs__rosidl_typesupport_introspection_c.dir/rosidl_typesupport_introspection_c/orbbec_camera_msgs/srv/detail/set_filter__type_support.c.o[0m
[65.306s] [ 45%] [32mBuilding C object CMakeFiles/orbbec_camera_msgs__rosidl_typesupport_introspection_c.dir/rosidl_typesupport_introspection_c/orbbec_camera_msgs/srv/detail/set_int32__type_support.c.o[0m
[65.376s] [ 46%] [32mBuilding C object CMakeFiles/orbbec_camera_msgs__rosidl_typesupport_introspection_c.dir/rosidl_typesupport_introspection_c/orbbec_camera_msgs/srv/detail/set_string__type_support.c.o[0m
[65.456s] [ 46%] [32mBuilding C object CMakeFiles/orbbec_camera_msgs__rosidl_typesupport_introspection_c.dir/rosidl_typesupport_introspection_c/orbbec_camera_msgs/srv/detail/set_arrays__type_support.c.o[0m
[65.543s] [ 47%] [32mBuilding C object CMakeFiles/orbbec_camera_msgs__rosidl_typesupport_introspection_c.dir/rosidl_typesupport_introspection_c/orbbec_camera_msgs/srv/detail/get_user_calib_params__type_support.c.o[0m
[65.629s] [ 47%] [32mBuilding C object CMakeFiles/orbbec_camera_msgs__rosidl_typesupport_introspection_c.dir/rosidl_typesupport_introspection_c/orbbec_camera_msgs/srv/detail/set_user_calib_params__type_support.c.o[0m
[65.716s] [ 48%] [32mBuilding C object CMakeFiles/orbbec_camera_msgs__rosidl_typesupport_introspection_c.dir/rosidl_typesupport_introspection_c/orbbec_camera_msgs/msg/detail/device_status__type_support.c.o[0m
[65.805s] [ 49%] [32m[1mLinking C shared library liborbbec_camera_msgs__rosidl_typesupport_introspection_c.so[0m
[65.868s] [ 49%] Built target orbbec_camera_msgs__rosidl_typesupport_introspection_c
[65.886s] [ 50%] [34m[1mGenerating C type support for eProsima Fast-RTPS[0m
[68.917s] [ 50%] [32mBuilding CXX object CMakeFiles/orbbec_camera_msgs__rosidl_typesupport_fastrtps_c.dir/rosidl_typesupport_fastrtps_c/orbbec_camera_msgs/msg/detail/device_info__type_support_c.cpp.o[0m
[69.684s] [ 51%] [32mBuilding CXX object CMakeFiles/orbbec_camera_msgs__rosidl_typesupport_fastrtps_c.dir/rosidl_typesupport_fastrtps_c/orbbec_camera_msgs/msg/detail/depth_filter_state__type_support_c.cpp.o[0m
[70.429s] [ 51%] [32mBuilding CXX object CMakeFiles/orbbec_camera_msgs__rosidl_typesupport_fastrtps_c.dir/rosidl_typesupport_fastrtps_c/orbbec_camera_msgs/msg/detail/depth_filters_status__type_support_c.cpp.o[0m
[71.165s] [ 52%] [32mBuilding CXX object CMakeFiles/orbbec_camera_msgs__rosidl_typesupport_fastrtps_c.dir/rosidl_typesupport_fastrtps_c/orbbec_camera_msgs/msg/detail/extrinsics__type_support_c.cpp.o[0m
[71.864s] [ 52%] [32mBuilding CXX object CMakeFiles/orbbec_camera_msgs__rosidl_typesupport_fastrtps_c.dir/rosidl_typesupport_fastrtps_c/orbbec_camera_msgs/msg/detail/metadata__type_support_c.cpp.o[0m
[72.598s] [ 53%] [32mBuilding CXX object CMakeFiles/orbbec_camera_msgs__rosidl_typesupport_fastrtps_c.dir/rosidl_typesupport_fastrtps_c/orbbec_camera_msgs/msg/detail/imu_info__type_support_c.cpp.o[0m
[73.318s] [ 53%] [32mBuilding CXX object CMakeFiles/orbbec_camera_msgs__rosidl_typesupport_fastrtps_c.dir/rosidl_typesupport_fastrtps_c/orbbec_camera_msgs/msg/detail/rgbd__type_support_c.cpp.o[0m
[74.039s] [ 54%] [32mBuilding CXX object CMakeFiles/orbbec_camera_msgs__rosidl_typesupport_fastrtps_c.dir/rosidl_typesupport_fastrtps_c/orbbec_camera_msgs/srv/detail/get_bool__type_support_c.cpp.o[0m
[74.784s] [ 54%] [32mBuilding CXX object CMakeFiles/orbbec_camera_msgs__rosidl_typesupport_fastrtps_c.dir/rosidl_typesupport_fastrtps_c/orbbec_camera_msgs/srv/detail/get_device_info__type_support_c.cpp.o[0m
[75.533s] [ 55%] [32mBuilding CXX object CMakeFiles/orbbec_camera_msgs__rosidl_typesupport_fastrtps_c.dir/rosidl_typesupport_fastrtps_c/orbbec_camera_msgs/srv/detail/get_camera_info__type_support_c.cpp.o[0m
[79.414s] [ 56%] [32mBuilding CXX object CMakeFiles/orbbec_camera_msgs__rosidl_typesupport_fastrtps_c.dir/rosidl_typesupport_fastrtps_c/orbbec_camera_msgs/srv/detail/get_int32__type_support_c.cpp.o[0m
[80.156s] [ 56%] [32mBuilding CXX object CMakeFiles/orbbec_camera_msgs__rosidl_typesupport_fastrtps_c.dir/rosidl_typesupport_fastrtps_c/orbbec_camera_msgs/srv/detail/get_string__type_support_c.cpp.o[0m
[80.913s] [ 57%] [32mBuilding CXX object CMakeFiles/orbbec_camera_msgs__rosidl_typesupport_fastrtps_c.dir/rosidl_typesupport_fastrtps_c/orbbec_camera_msgs/srv/detail/set_filter__type_support_c.cpp.o[0m
[81.681s] [ 57%] [32mBuilding CXX object CMakeFiles/orbbec_camera_msgs__rosidl_typesupport_fastrtps_c.dir/rosidl_typesupport_fastrtps_c/orbbec_camera_msgs/srv/detail/set_int32__type_support_c.cpp.o[0m
[82.452s] [ 58%] [32mBuilding CXX object CMakeFiles/orbbec_camera_msgs__rosidl_typesupport_fastrtps_c.dir/rosidl_typesupport_fastrtps_c/orbbec_camera_msgs/srv/detail/set_string__type_support_c.cpp.o[0m
[86.623s] [ 58%] [32mBuilding CXX object CMakeFiles/orbbec_camera_msgs__rosidl_typesupport_fastrtps_c.dir/rosidl_typesupport_fastrtps_c/orbbec_camera_msgs/srv/detail/set_arrays__type_support_c.cpp.o[0m
[87.381s] [ 59%] [32mBuilding CXX object CMakeFiles/orbbec_camera_msgs__rosidl_typesupport_fastrtps_c.dir/rosidl_typesupport_fastrtps_c/orbbec_camera_msgs/srv/detail/get_user_calib_params__type_support_c.cpp.o[0m
[88.145s] [ 59%] [32mBuilding CXX object CMakeFiles/orbbec_camera_msgs__rosidl_typesupport_fastrtps_c.dir/rosidl_typesupport_fastrtps_c/orbbec_camera_msgs/srv/detail/set_user_calib_params__type_support_c.cpp.o[0m
[88.887s] [ 59%] [32mBuilding CXX object CMakeFiles/orbbec_camera_msgs__rosidl_typesupport_fastrtps_c.dir/rosidl_typesupport_fastrtps_c/orbbec_camera_msgs/msg/detail/depth_filter_param__type_support_c.cpp.o[0m
[89.603s] [ 60%] [32mBuilding CXX object CMakeFiles/orbbec_camera_msgs__rosidl_typesupport_fastrtps_c.dir/rosidl_typesupport_fastrtps_c/orbbec_camera_msgs/msg/detail/device_status__type_support_c.cpp.o[0m
[90.337s] [ 61%] [32m[1mLinking CXX shared library liborbbec_camera_msgs__rosidl_typesupport_fastrtps_c.so[0m
[90.494s] [ 61%] Built target orbbec_camera_msgs__rosidl_typesupport_fastrtps_c
[90.561s] [ 62%] [34m[1mGenerating C++ type support dispatch for ROS interfaces[0m
[93.470s] [ 62%] [32mBuilding CXX object CMakeFiles/orbbec_camera_msgs__rosidl_typesupport_cpp.dir/rosidl_typesupport_cpp/orbbec_camera_msgs/msg/device_info__type_support.cpp.o[0m
[94.071s] [ 62%] [32mBuilding CXX object CMakeFiles/orbbec_camera_msgs__rosidl_typesupport_cpp.dir/rosidl_typesupport_cpp/orbbec_camera_msgs/msg/depth_filters_status__type_support.cpp.o[0m
[94.638s] [ 63%] [32mBuilding CXX object CMakeFiles/orbbec_camera_msgs__rosidl_typesupport_cpp.dir/rosidl_typesupport_cpp/orbbec_camera_msgs/msg/extrinsics__type_support.cpp.o[0m
[95.222s] [ 63%] [32mBuilding CXX object CMakeFiles/orbbec_camera_msgs__rosidl_typesupport_cpp.dir/rosidl_typesupport_cpp/orbbec_camera_msgs/msg/metadata__type_support.cpp.o[0m
[96.862s] [ 64%] [32mBuilding CXX object CMakeFiles/orbbec_camera_msgs__rosidl_typesupport_cpp.dir/rosidl_typesupport_cpp/orbbec_camera_msgs/msg/imu_info__type_support.cpp.o[0m
[102.408s] [ 64%] [32mBuilding CXX object CMakeFiles/orbbec_camera_msgs__rosidl_typesupport_cpp.dir/rosidl_typesupport_cpp/orbbec_camera_msgs/msg/rgbd__type_support.cpp.o[0m
[103.852s] [ 65%] [32mBuilding CXX object CMakeFiles/orbbec_camera_msgs__rosidl_typesupport_cpp.dir/rosidl_typesupport_cpp/orbbec_camera_msgs/srv/get_bool__type_support.cpp.o[0m
[107.659s] [ 66%] [32mBuilding CXX object CMakeFiles/orbbec_camera_msgs__rosidl_typesupport_cpp.dir/rosidl_typesupport_cpp/orbbec_camera_msgs/srv/get_device_info__type_support.cpp.o[0m
[110.278s] [ 66%] [32mBuilding CXX object CMakeFiles/orbbec_camera_msgs__rosidl_typesupport_cpp.dir/rosidl_typesupport_cpp/orbbec_camera_msgs/srv/get_camera_info__type_support.cpp.o[0m
[111.249s] [ 67%] [32mBuilding CXX object CMakeFiles/orbbec_camera_msgs__rosidl_typesupport_cpp.dir/rosidl_typesupport_cpp/orbbec_camera_msgs/srv/get_int32__type_support.cpp.o[0m
[113.570s] [ 67%] [32mBuilding CXX object CMakeFiles/orbbec_camera_msgs__rosidl_typesupport_cpp.dir/rosidl_typesupport_cpp/orbbec_camera_msgs/srv/get_string__type_support.cpp.o[0m
[124.611s] [ 68%] [32mBuilding CXX object CMakeFiles/orbbec_camera_msgs__rosidl_typesupport_cpp.dir/rosidl_typesupport_cpp/orbbec_camera_msgs/srv/set_filter__type_support.cpp.o[0m
[129.777s] [ 68%] [32mBuilding CXX object CMakeFiles/orbbec_camera_msgs__rosidl_typesupport_cpp.dir/rosidl_typesupport_cpp/orbbec_camera_msgs/srv/set_int32__type_support.cpp.o[0m
[135.046s] [ 69%] [32mBuilding CXX object CMakeFiles/orbbec_camera_msgs__rosidl_typesupport_cpp.dir/rosidl_typesupport_cpp/orbbec_camera_msgs/srv/set_string__type_support.cpp.o[0m
[144.315s] [ 69%] [32mBuilding CXX object CMakeFiles/orbbec_camera_msgs__rosidl_typesupport_cpp.dir/rosidl_typesupport_cpp/orbbec_camera_msgs/srv/set_arrays__type_support.cpp.o[0m
[145.957s] [ 70%] [32mBuilding CXX object CMakeFiles/orbbec_camera_msgs__rosidl_typesupport_cpp.dir/rosidl_typesupport_cpp/orbbec_camera_msgs/srv/get_user_calib_params__type_support.cpp.o[0m
[146.579s] [ 70%] [32mBuilding CXX object CMakeFiles/orbbec_camera_msgs__rosidl_typesupport_cpp.dir/rosidl_typesupport_cpp/orbbec_camera_msgs/srv/set_user_calib_params__type_support.cpp.o[0m
[147.185s] [ 71%] [32mBuilding CXX object CMakeFiles/orbbec_camera_msgs__rosidl_typesupport_cpp.dir/rosidl_typesupport_cpp/orbbec_camera_msgs/msg/depth_filter_state__type_support.cpp.o[0m
[147.799s] [ 71%] [32mBuilding CXX object CMakeFiles/orbbec_camera_msgs__rosidl_typesupport_cpp.dir/rosidl_typesupport_cpp/orbbec_camera_msgs/msg/depth_filter_param__type_support.cpp.o[0m
[148.480s] [ 72%] [32mBuilding CXX object CMakeFiles/orbbec_camera_msgs__rosidl_typesupport_cpp.dir/rosidl_typesupport_cpp/orbbec_camera_msgs/msg/device_status__type_support.cpp.o[0m
[149.155s] [ 73%] [32m[1mLinking CXX shared library liborbbec_camera_msgs__rosidl_typesupport_cpp.so[0m
[149.245s] [ 73%] Built target orbbec_camera_msgs__rosidl_typesupport_cpp
[149.279s] [ 74%] [34m[1mGenerating C++ introspection for ROS interfaces[0m
[151.867s] [ 74%] [32mBuilding CXX object CMakeFiles/orbbec_camera_msgs__rosidl_typesupport_introspection_cpp.dir/rosidl_typesupport_introspection_cpp/orbbec_camera_msgs/msg/detail/device_info__type_support.cpp.o[0m
[152.717s] [ 75%] [32mBuilding CXX object CMakeFiles/orbbec_camera_msgs__rosidl_typesupport_introspection_cpp.dir/rosidl_typesupport_introspection_cpp/orbbec_camera_msgs/msg/detail/extrinsics__type_support.cpp.o[0m
[153.573s] [ 75%] [32mBuilding CXX object CMakeFiles/orbbec_camera_msgs__rosidl_typesupport_introspection_cpp.dir/rosidl_typesupport_introspection_cpp/orbbec_camera_msgs/msg/detail/metadata__type_support.cpp.o[0m
[154.395s] [ 76%] [32mBuilding CXX object CMakeFiles/orbbec_camera_msgs__rosidl_typesupport_introspection_cpp.dir/rosidl_typesupport_introspection_cpp/orbbec_camera_msgs/msg/detail/imu_info__type_support.cpp.o[0m
[155.277s] [ 76%] [32mBuilding CXX object CMakeFiles/orbbec_camera_msgs__rosidl_typesupport_introspection_cpp.dir/rosidl_typesupport_introspection_cpp/orbbec_camera_msgs/msg/detail/rgbd__type_support.cpp.o[0m
[156.224s] [ 77%] [32mBuilding CXX object CMakeFiles/orbbec_camera_msgs__rosidl_typesupport_introspection_cpp.dir/rosidl_typesupport_introspection_cpp/orbbec_camera_msgs/srv/detail/get_bool__type_support.cpp.o[0m
[157.056s] [ 78%] [32mBuilding CXX object CMakeFiles/orbbec_camera_msgs__rosidl_typesupport_introspection_cpp.dir/rosidl_typesupport_introspection_cpp/orbbec_camera_msgs/srv/detail/get_device_info__type_support.cpp.o[0m
[157.903s] [ 78%] [32mBuilding CXX object CMakeFiles/orbbec_camera_msgs__rosidl_typesupport_introspection_cpp.dir/rosidl_typesupport_introspection_cpp/orbbec_camera_msgs/srv/detail/get_camera_info__type_support.cpp.o[0m
[158.789s] [ 79%] [32mBuilding CXX object CMakeFiles/orbbec_camera_msgs__rosidl_typesupport_introspection_cpp.dir/rosidl_typesupport_introspection_cpp/orbbec_camera_msgs/srv/detail/get_int32__type_support.cpp.o[0m
[159.617s] [ 79%] [32mBuilding CXX object CMakeFiles/orbbec_camera_msgs__rosidl_typesupport_introspection_cpp.dir/rosidl_typesupport_introspection_cpp/orbbec_camera_msgs/srv/detail/get_string__type_support.cpp.o[0m
[160.706s] [ 80%] [32mBuilding CXX object CMakeFiles/orbbec_camera_msgs__rosidl_typesupport_introspection_cpp.dir/rosidl_typesupport_introspection_cpp/orbbec_camera_msgs/srv/detail/set_filter__type_support.cpp.o[0m
[161.608s] [ 80%] [32mBuilding CXX object CMakeFiles/orbbec_camera_msgs__rosidl_typesupport_introspection_cpp.dir/rosidl_typesupport_introspection_cpp/orbbec_camera_msgs/srv/detail/set_int32__type_support.cpp.o[0m
[162.434s] [ 81%] [32mBuilding CXX object CMakeFiles/orbbec_camera_msgs__rosidl_typesupport_introspection_cpp.dir/rosidl_typesupport_introspection_cpp/orbbec_camera_msgs/srv/detail/set_string__type_support.cpp.o[0m
[163.252s] [ 81%] [32mBuilding CXX object CMakeFiles/orbbec_camera_msgs__rosidl_typesupport_introspection_cpp.dir/rosidl_typesupport_introspection_cpp/orbbec_camera_msgs/srv/detail/set_arrays__type_support.cpp.o[0m
[164.145s] [ 82%] [32mBuilding CXX object CMakeFiles/orbbec_camera_msgs__rosidl_typesupport_introspection_cpp.dir/rosidl_typesupport_introspection_cpp/orbbec_camera_msgs/srv/detail/get_user_calib_params__type_support.cpp.o[0m
[165.052s] [ 82%] [32mBuilding CXX object CMakeFiles/orbbec_camera_msgs__rosidl_typesupport_introspection_cpp.dir/rosidl_typesupport_introspection_cpp/orbbec_camera_msgs/srv/detail/set_user_calib_params__type_support.cpp.o[0m
[165.913s] [ 82%] [32mBuilding CXX object CMakeFiles/orbbec_camera_msgs__rosidl_typesupport_introspection_cpp.dir/rosidl_typesupport_introspection_cpp/orbbec_camera_msgs/msg/detail/depth_filters_status__type_support.cpp.o[0m
[166.972s] [ 83%] [32mBuilding CXX object CMakeFiles/orbbec_camera_msgs__rosidl_typesupport_introspection_cpp.dir/rosidl_typesupport_introspection_cpp/orbbec_camera_msgs/msg/detail/depth_filter_state__type_support.cpp.o[0m
[167.888s] [ 83%] [32mBuilding CXX object CMakeFiles/orbbec_camera_msgs__rosidl_typesupport_introspection_cpp.dir/rosidl_typesupport_introspection_cpp/orbbec_camera_msgs/msg/detail/depth_filter_param__type_support.cpp.o[0m
[168.751s] [ 84%] [32mBuilding CXX object CMakeFiles/orbbec_camera_msgs__rosidl_typesupport_introspection_cpp.dir/rosidl_typesupport_introspection_cpp/orbbec_camera_msgs/msg/detail/device_status__type_support.cpp.o[0m
[169.575s] [ 85%] [32m[1mLinking CXX shared library liborbbec_camera_msgs__rosidl_typesupport_introspection_cpp.so[0m
[169.762s] [ 85%] Built target orbbec_camera_msgs__rosidl_typesupport_introspection_cpp
[169.787s] [ 85%] Built target orbbec_camera_msgs
[169.818s] [ 86%] [34m[1mGenerating Python code for ROS interfaces[0m
[175.968s] [ 86%] Built target orbbec_camera_msgs__py
[175.992s] [ 86%] [32mBuilding C object CMakeFiles/orbbec_camera_msgs__rosidl_generator_py.dir/rosidl_generator_py/orbbec_camera_msgs/msg/_device_info_s.c.o[0m
[176.236s] [ 87%] [32mBuilding C object CMakeFiles/orbbec_camera_msgs__rosidl_generator_py.dir/rosidl_generator_py/orbbec_camera_msgs/msg/_extrinsics_s.c.o[0m
[176.464s] [ 87%] [32mBuilding C object CMakeFiles/orbbec_camera_msgs__rosidl_generator_py.dir/rosidl_generator_py/orbbec_camera_msgs/msg/_metadata_s.c.o[0m
[176.677s] [ 88%] [32mBuilding C object CMakeFiles/orbbec_camera_msgs__rosidl_generator_py.dir/rosidl_generator_py/orbbec_camera_msgs/msg/_imu_info_s.c.o[0m
[176.946s] [ 88%] [32mBuilding C object CMakeFiles/orbbec_camera_msgs__rosidl_generator_py.dir/rosidl_generator_py/orbbec_camera_msgs/msg/_rgbd_s.c.o[0m
[177.169s] [ 89%] [32mBuilding C object CMakeFiles/orbbec_camera_msgs__rosidl_generator_py.dir/rosidl_generator_py/orbbec_camera_msgs/srv/_get_bool_s.c.o[0m
[177.398s] [ 90%] [32mBuilding C object CMakeFiles/orbbec_camera_msgs__rosidl_generator_py.dir/rosidl_generator_py/orbbec_camera_msgs/srv/_get_device_info_s.c.o[0m
[177.628s] [ 90%] [32mBuilding C object CMakeFiles/orbbec_camera_msgs__rosidl_generator_py.dir/rosidl_generator_py/orbbec_camera_msgs/srv/_get_camera_info_s.c.o[0m
[177.851s] [ 91%] [32mBuilding C object CMakeFiles/orbbec_camera_msgs__rosidl_generator_py.dir/rosidl_generator_py/orbbec_camera_msgs/srv/_get_int32_s.c.o[0m
[178.084s] [ 91%] [32mBuilding C object CMakeFiles/orbbec_camera_msgs__rosidl_generator_py.dir/rosidl_generator_py/orbbec_camera_msgs/srv/_get_string_s.c.o[0m
[178.309s] [ 92%] [32mBuilding C object CMakeFiles/orbbec_camera_msgs__rosidl_generator_py.dir/rosidl_generator_py/orbbec_camera_msgs/srv/_set_filter_s.c.o[0m
[178.556s] [ 92%] [32mBuilding C object CMakeFiles/orbbec_camera_msgs__rosidl_generator_py.dir/rosidl_generator_py/orbbec_camera_msgs/srv/_set_int32_s.c.o[0m
[178.781s] [ 93%] [32mBuilding C object CMakeFiles/orbbec_camera_msgs__rosidl_generator_py.dir/rosidl_generator_py/orbbec_camera_msgs/srv/_set_string_s.c.o[0m
[179.007s] [ 93%] [32mBuilding C object CMakeFiles/orbbec_camera_msgs__rosidl_generator_py.dir/rosidl_generator_py/orbbec_camera_msgs/srv/_set_arrays_s.c.o[0m
[179.252s] [ 94%] [32mBuilding C object CMakeFiles/orbbec_camera_msgs__rosidl_generator_py.dir/rosidl_generator_py/orbbec_camera_msgs/srv/_get_user_calib_params_s.c.o[0m
[179.517s] [ 94%] [32mBuilding C object CMakeFiles/orbbec_camera_msgs__rosidl_generator_py.dir/rosidl_generator_py/orbbec_camera_msgs/srv/_set_user_calib_params_s.c.o[0m
[179.788s] [ 94%] [32mBuilding C object CMakeFiles/orbbec_camera_msgs__rosidl_generator_py.dir/rosidl_generator_py/orbbec_camera_msgs/msg/_depth_filters_status_s.c.o[0m
[180.021s] [ 95%] [32mBuilding C object CMakeFiles/orbbec_camera_msgs__rosidl_generator_py.dir/rosidl_generator_py/orbbec_camera_msgs/msg/_depth_filter_state_s.c.o[0m
[180.247s] [ 95%] [32mBuilding C object CMakeFiles/orbbec_camera_msgs__rosidl_generator_py.dir/rosidl_generator_py/orbbec_camera_msgs/msg/_depth_filter_param_s.c.o[0m
[180.459s] [ 96%] [32mBuilding C object CMakeFiles/orbbec_camera_msgs__rosidl_generator_py.dir/rosidl_generator_py/orbbec_camera_msgs/msg/_device_status_s.c.o[0m
[180.705s] [ 97%] [32m[1mLinking C shared library rosidl_generator_py/orbbec_camera_msgs/liborbbec_camera_msgs__rosidl_generator_py.so[0m
[180.795s] [ 97%] Built target orbbec_camera_msgs__rosidl_generator_py
[180.823s] [ 97%] [32mBuilding C object CMakeFiles/orbbec_camera_msgs__rosidl_typesupport_fastrtps_c__pyext.dir/rosidl_generator_py/orbbec_camera_msgs/_orbbec_camera_msgs_s.ep.rosidl_typesupport_fastrtps_c.c.o[0m
[181.239s] [ 98%] [32m[1mLinking C shared library rosidl_generator_py/orbbec_camera_msgs/orbbec_camera_msgs_s__rosidl_typesupport_fastrtps_c.cpython-310-aarch64-linux-gnu.so[0m
[181.328s] [ 98%] Built target orbbec_camera_msgs__rosidl_typesupport_fastrtps_c__pyext
[181.361s] [ 98%] [32mBuilding C object CMakeFiles/orbbec_camera_msgs__rosidl_typesupport_c__pyext.dir/rosidl_generator_py/orbbec_camera_msgs/_orbbec_camera_msgs_s.ep.rosidl_typesupport_c.c.o[0m
[181.784s] [ 99%] [32m[1mLinking C shared library rosidl_generator_py/orbbec_camera_msgs/orbbec_camera_msgs_s__rosidl_typesupport_c.cpython-310-aarch64-linux-gnu.so[0m
[181.866s] [ 99%] Built target orbbec_camera_msgs__rosidl_typesupport_c__pyext
[181.891s] [ 99%] [32mBuilding C object CMakeFiles/orbbec_camera_msgs__rosidl_typesupport_introspection_c__pyext.dir/rosidl_generator_py/orbbec_camera_msgs/_orbbec_camera_msgs_s.ep.rosidl_typesupport_introspection_c.c.o[0m
[182.315s] [100%] [32m[1mLinking C shared library rosidl_generator_py/orbbec_camera_msgs/orbbec_camera_msgs_s__rosidl_typesupport_introspection_c.cpython-310-aarch64-linux-gnu.so[0m
[182.396s] [100%] Built target orbbec_camera_msgs__rosidl_typesupport_introspection_c__pyext
