gmake[2]: Warning: File 'CMakeFiles/server.dir/compiler_depend.make' has modification time 1408 s in the future
gmake[2]: Warning: File 'CMakeFiles/client.dir/compiler_depend.make' has modification time 1408 s in the future
gmake[2]: warning:  Clock skew detected.  Your build may be incomplete.
gmake[2]: warning:  Clock skew detected.  Your build may be incomplete.
gmake[2]: Warning: File 'CMakeFiles/server.dir/compiler_depend.make' has modification time 1408 s in the future
gmake[2]: Warning: File 'CMakeFiles/client.dir/compiler_depend.make' has modification time 1408 s in the future
gmake[2]: warning:  Clock skew detected.  Your build may be incomplete.
gmake[2]: warning:  Clock skew detected.  Your build may be incomplete.
[100%] Built target client
[100%] Built target server
-- Install configuration: ""
-- Up-to-date: /home/lunabotics/TAMU_SEDS_Lunabotics/ros2_ws/install/cpp_srvcli/lib/cpp_srvcli/server
-- Up-to-date: /home/lunabotics/TAMU_SEDS_Lunabotics/ros2_ws/install/cpp_srvcli/lib/cpp_srvcli/client
-- Up-to-date: /home/lunabotics/TAMU_SEDS_Lunabotics/ros2_ws/install/cpp_srvcli/share/ament_index/resource_index/package_run_dependencies/cpp_srvcli
-- Up-to-date: /home/lunabotics/TAMU_SEDS_Lunabotics/ros2_ws/install/cpp_srvcli/share/ament_index/resource_index/parent_prefix_path/cpp_srvcli
-- Up-to-date: /home/lunabotics/TAMU_SEDS_Lunabotics/ros2_ws/install/cpp_srvcli/share/cpp_srvcli/environment/ament_prefix_path.sh
-- Up-to-date: /home/lunabotics/TAMU_SEDS_Lunabotics/ros2_ws/install/cpp_srvcli/share/cpp_srvcli/environment/ament_prefix_path.dsv
-- Up-to-date: /home/lunabotics/TAMU_SEDS_Lunabotics/ros2_ws/install/cpp_srvcli/share/cpp_srvcli/environment/path.sh
-- Up-to-date: /home/lunabotics/TAMU_SEDS_Lunabotics/ros2_ws/install/cpp_srvcli/share/cpp_srvcli/environment/path.dsv
-- Up-to-date: /home/lunabotics/TAMU_SEDS_Lunabotics/ros2_ws/install/cpp_srvcli/share/cpp_srvcli/local_setup.bash
-- Up-to-date: /home/lunabotics/TAMU_SEDS_Lunabotics/ros2_ws/install/cpp_srvcli/share/cpp_srvcli/local_setup.sh
-- Up-to-date: /home/lunabotics/TAMU_SEDS_Lunabotics/ros2_ws/install/cpp_srvcli/share/cpp_srvcli/local_setup.zsh
-- Up-to-date: /home/lunabotics/TAMU_SEDS_Lunabotics/ros2_ws/install/cpp_srvcli/share/cpp_srvcli/local_setup.dsv
-- Installing: /home/lunabotics/TAMU_SEDS_Lunabotics/ros2_ws/install/cpp_srvcli/share/cpp_srvcli/package.dsv
-- Up-to-date: /home/lunabotics/TAMU_SEDS_Lunabotics/ros2_ws/install/cpp_srvcli/share/ament_index/resource_index/packages/cpp_srvcli
-- Up-to-date: /home/lunabotics/TAMU_SEDS_Lunabotics/ros2_ws/install/cpp_srvcli/share/cpp_srvcli/cmake/cpp_srvcliConfig.cmake
-- Up-to-date: /home/lunabotics/TAMU_SEDS_Lunabotics/ros2_ws/install/cpp_srvcli/share/cpp_srvcli/cmake/cpp_srvcliConfig-version.cmake
-- Up-to-date: /home/lunabotics/TAMU_SEDS_Lunabotics/ros2_ws/install/cpp_srvcli/share/cpp_srvcli/package.xml
