[0.063s] Invoking command in '/home/lunabotics/TAMU_SEDS_Lunabotics/ros2_ws/build/cpp_pubsub': CMAKE_PREFIX_PATH=${CMAKE_PREFIX_PATH}:/home/lunabotics/TAMU_SEDS_Lunabotics/lunabotics_gnc2026/install/pathing:/home/lunabotics/TAMU_SEDS_Lunabotics/lunabotics_gnc2026/install/central_planner:/home/lunabotics/TAMU_SEDS_Lunabotics/ros2_ws/install/pico_motor_control:/home/lunabotics/TAMU_SEDS_Lunabotics/ros2_ws/install/pico_2nd_pck:/home/lunabotics/TAMU_SEDS_Lunabotics/ros2_ws/install/drive:/home/lunabotics/TAMU_SEDS_Lunabotics/ros2_ws/install/central_planner:/opt/ros/humble /home/lunabotics/.local/bin/cmake /home/lunabotics/TAMU_SEDS_Lunabotics/ros2_ws/src/cpp_pubsub -DCMAKE_INSTALL_PREFIX=/home/lunabotics/TAMU_SEDS_Lunabotics/ros2_ws/install/cpp_pubsub
[0.858s] -- The C compiler identification is GNU 11.4.0
[0.858s] -- The CXX compiler identification is GNU 11.4.0
[0.858s] -- Detecting C compiler ABI info
[1.745s] -- Detecting C compiler ABI info - done
[1.778s] -- Check for working C compiler: /usr/bin/cc - skipped
[1.779s] -- Detecting C compile features
[1.781s] -- Detecting C compile features - done
[1.791s] -- Detecting CXX compiler ABI info
[1.949s] -- Detecting CXX compiler ABI info - done
[1.966s] -- Check for working CXX compiler: /usr/bin/c++ - skipped
[1.967s] -- Detecting CXX compile features
[1.968s] -- Detecting CXX compile features - done
[1.975s] -- Found ament_cmake: 1.3.14 (/opt/ros/humble/share/ament_cmake/cmake)
[2.265s] -- Found Python3: /usr/bin/python3 (found version "3.10.12") found components: Interpreter 
[2.559s] -- Found rclcpp: 16.0.19 (/opt/ros/humble/share/rclcpp/cmake)
[2.675s] -- Found rosidl_generator_c: 3.1.8 (/opt/ros/humble/share/rosidl_generator_c/cmake)
[2.690s] -- Found rosidl_adapter: 3.1.8 (/opt/ros/humble/share/rosidl_adapter/cmake)
[2.714s] -- Found rosidl_generator_cpp: 3.1.8 (/opt/ros/humble/share/rosidl_generator_cpp/cmake)
[2.747s] -- Using all available rosidl_typesupport_c: rosidl_typesupport_fastrtps_c;rosidl_typesupport_introspection_c
[2.791s] -- Using all available rosidl_typesupport_cpp: rosidl_typesupport_fastrtps_cpp;rosidl_typesupport_introspection_cpp
[2.908s] -- Found rmw_implementation_cmake: 6.1.2 (/opt/ros/humble/share/rmw_implementation_cmake/cmake)
[2.916s] -- Found rmw_fastrtps_cpp: 6.2.10 (/opt/ros/humble/share/rmw_fastrtps_cpp/cmake)
[3.125s] -- Found OpenSSL: /usr/lib/aarch64-linux-gnu/libcrypto.so (found version "3.0.2")  
[3.186s] -- Found FastRTPS: /opt/ros/humble/include  
[3.280s] -- Using RMW implementation 'rmw_fastrtps_cpp' as default
[3.303s] -- Performing Test CMAKE_HAVE_LIBC_PTHREAD
[3.420s] -- Performing Test CMAKE_HAVE_LIBC_PTHREAD - Success
[3.421s] -- Found Threads: TRUE  
[3.552s] -- Found tutorial_interfaces: 0.0.0 (/home/lunabotics/TAMU_SEDS_Lunabotics/ros2_ws/install/tutorial_interfaces/share/tutorial_interfaces/cmake)
[3.787s] -- Configuring done
[3.842s] -- Generating done
[3.866s] -- Build files have been written to: /home/lunabotics/TAMU_SEDS_Lunabotics/ros2_ws/build/cpp_pubsub
[4.487s] Invoked command in '/home/lunabotics/TAMU_SEDS_Lunabotics/ros2_ws/build/cpp_pubsub' returned '0': CMAKE_PREFIX_PATH=${CMAKE_PREFIX_PATH}:/home/lunabotics/TAMU_SEDS_Lunabotics/lunabotics_gnc2026/install/pathing:/home/lunabotics/TAMU_SEDS_Lunabotics/lunabotics_gnc2026/install/central_planner:/home/lunabotics/TAMU_SEDS_Lunabotics/ros2_ws/install/pico_motor_control:/home/lunabotics/TAMU_SEDS_Lunabotics/ros2_ws/install/pico_2nd_pck:/home/lunabotics/TAMU_SEDS_Lunabotics/ros2_ws/install/drive:/home/lunabotics/TAMU_SEDS_Lunabotics/ros2_ws/install/central_planner:/opt/ros/humble /home/lunabotics/.local/bin/cmake /home/lunabotics/TAMU_SEDS_Lunabotics/ros2_ws/src/cpp_pubsub -DCMAKE_INSTALL_PREFIX=/home/lunabotics/TAMU_SEDS_Lunabotics/ros2_ws/install/cpp_pubsub
[4.490s] Invoking command in '/home/lunabotics/TAMU_SEDS_Lunabotics/ros2_ws/build/cpp_pubsub': CMAKE_PREFIX_PATH=${CMAKE_PREFIX_PATH}:/home/lunabotics/TAMU_SEDS_Lunabotics/lunabotics_gnc2026/install/pathing:/home/lunabotics/TAMU_SEDS_Lunabotics/lunabotics_gnc2026/install/central_planner:/home/lunabotics/TAMU_SEDS_Lunabotics/ros2_ws/install/pico_motor_control:/home/lunabotics/TAMU_SEDS_Lunabotics/ros2_ws/install/pico_2nd_pck:/home/lunabotics/TAMU_SEDS_Lunabotics/ros2_ws/install/drive:/home/lunabotics/TAMU_SEDS_Lunabotics/ros2_ws/install/central_planner:/opt/ros/humble /home/lunabotics/.local/bin/cmake --build /home/lunabotics/TAMU_SEDS_Lunabotics/ros2_ws/build/cpp_pubsub -- -j6 -l6
[4.608s] [ 25%] [32mBuilding CXX object CMakeFiles/listener.dir/src/subscriber_member_function.cpp.o[0m
[4.634s] [ 50%] [32mBuilding CXX object CMakeFiles/talker.dir/src/publisher_member_function.cpp.o[0m
[14.654s] [ 75%] [32m[1mLinking CXX executable talker[0m
[15.019s] [ 75%] Built target talker
[23.764s] [100%] [32m[1mLinking CXX executable listener[0m
[24.535s] [100%] Built target listener
