[2.708s] Invoking command in '/home/lunabotics/TAMU_SEDS_Lunabotics/ros2_ws/src/drive': PYTHONPATH=/home/lunabotics/TAMU_SEDS_Lunabotics/ros2_ws/build/drive/prefix_override:/usr/lib/python3/dist-packages/colcon_core/task/python/colcon_distutils_commands:/home/lunabotics/TAMU_SEDS_Lunabotics/ros2_ws/install/drive/lib/python3.10/site-packages:${PYTHONPATH} /usr/bin/python3 -W ignore:setup.py install is deprecated -W ignore:easy_install command is deprecated setup.py egg_info --egg-base ../../build/drive build --build-base /home/lunabotics/TAMU_SEDS_Lunabotics/ros2_ws/build/drive/build install --record /home/lunabotics/TAMU_SEDS_Lunabotics/ros2_ws/build/drive/install.log --single-version-externally-managed install_data
[3.495s] running egg_info
[3.499s] writing ../../build/drive/drive.egg-info/PKG-INFO
[3.500s] writing dependency_links to ../../build/drive/drive.egg-info/dependency_links.txt
[3.501s] writing entry points to ../../build/drive/drive.egg-info/entry_points.txt
[3.501s] writing requirements to ../../build/drive/drive.egg-info/requires.txt
[3.501s] writing top-level names to ../../build/drive/drive.egg-info/top_level.txt
[3.508s] reading manifest file '../../build/drive/drive.egg-info/SOURCES.txt'
[3.513s] writing manifest file '../../build/drive/drive.egg-info/SOURCES.txt'
[3.513s] running build
[3.513s] running build_py
[3.515s] running install
[3.516s] running install_lib
[3.522s] running install_data
[3.522s] running install_egg_info
[3.528s] removing '/home/lunabotics/TAMU_SEDS_Lunabotics/ros2_ws/install/drive/lib/python3.10/site-packages/drive-0.0.0-py3.10.egg-info' (and everything under it)
[3.529s] Copying ../../build/drive/drive.egg-info to /home/lunabotics/TAMU_SEDS_Lunabotics/ros2_ws/install/drive/lib/python3.10/site-packages/drive-0.0.0-py3.10.egg-info
[3.533s] running install_scripts
[3.609s] Installing auto_drive script to /home/lunabotics/TAMU_SEDS_Lunabotics/ros2_ws/install/drive/lib/drive
[3.609s] Installing auto_pub_test script to /home/lunabotics/TAMU_SEDS_Lunabotics/ros2_ws/install/drive/lib/drive
[3.609s] Installing camera script to /home/lunabotics/TAMU_SEDS_Lunabotics/ros2_ws/install/drive/lib/drive
[3.610s] Installing pico_drive script to /home/lunabotics/TAMU_SEDS_Lunabotics/ros2_ws/install/drive/lib/drive
[3.610s] Installing pico_drive_encoders script to /home/lunabotics/TAMU_SEDS_Lunabotics/ros2_ws/install/drive/lib/drive
[3.611s] Installing tank_drive script to /home/lunabotics/TAMU_SEDS_Lunabotics/ros2_ws/install/drive/lib/drive
[3.611s] Installing tank_drive_uart script to /home/lunabotics/TAMU_SEDS_Lunabotics/ros2_ws/install/drive/lib/drive
[3.613s] writing list of installed files to '/home/lunabotics/TAMU_SEDS_Lunabotics/ros2_ws/build/drive/install.log'
[3.739s] Invoked command in '/home/lunabotics/TAMU_SEDS_Lunabotics/ros2_ws/src/drive' returned '0': PYTHONPATH=/home/lunabotics/TAMU_SEDS_Lunabotics/ros2_ws/build/drive/prefix_override:/usr/lib/python3/dist-packages/colcon_core/task/python/colcon_distutils_commands:/home/lunabotics/TAMU_SEDS_Lunabotics/ros2_ws/install/drive/lib/python3.10/site-packages:${PYTHONPATH} /usr/bin/python3 -W ignore:setup.py install is deprecated -W ignore:easy_install command is deprecated setup.py egg_info --egg-base ../../build/drive build --build-base /home/lunabotics/TAMU_SEDS_Lunabotics/ros2_ws/build/drive/build install --record /home/lunabotics/TAMU_SEDS_Lunabotics/ros2_ws/build/drive/install.log --single-version-externally-managed install_data
