[  0%] Built target orbbec_camera_msgs__cpp
[35m[1mConsolidate compiler generated dependencies of target orbbec_camera_msgs__rosidl_generator_c[0m
[  1%] Built target orbbec_camera_msgs__rs
[  1%] Built target ament_cmake_python_copy_orbbec_camera_msgs
[ 13%] Built target orbbec_camera_msgs__rosidl_generator_c
[35m[1mConsolidate compiler generated dependencies of target orbbec_camera_msgs__rosidl_typesupport_fastrtps_cpp[0m
[35m[1mConsolidate compiler generated dependencies of target orbbec_camera_msgs__rosidl_typesupport_cpp[0m
[35m[1mConsolidate compiler generated dependencies of target orbbec_camera_msgs__rosidl_typesupport_introspection_c[0m
[35m[1mConsolidate compiler generated dependencies of target orbbec_camera_msgs__rosidl_typesupport_introspection_cpp[0m
[35m[1mConsolidate compiler generated dependencies of target orbbec_camera_msgs__rosidl_typesupport_fastrtps_c[0m
[ 25%] Built target orbbec_camera_msgs__rosidl_typesupport_introspection_c
[ 37%] Built target orbbec_camera_msgs__rosidl_typesupport_fastrtps_cpp
[ 49%] Built target orbbec_camera_msgs__rosidl_typesupport_introspection_cpp
[ 61%] Built target orbbec_camera_msgs__rosidl_typesupport_cpp
[35m[1mConsolidate compiler generated dependencies of target orbbec_camera_msgs__rosidl_typesupport_c[0m
[ 73%] Built target orbbec_camera_msgs__rosidl_typesupport_fastrtps_c
[ 85%] Built target orbbec_camera_msgs__rosidl_typesupport_c
[ 85%] Built target orbbec_camera_msgs
[ 86%] Built target orbbec_camera_msgs__py
[35m[1mConsolidate compiler generated dependencies of target orbbec_camera_msgs__rosidl_generator_py[0m
[ 97%] Built target orbbec_camera_msgs__rosidl_generator_py
[35m[1mConsolidate compiler generated dependencies of target orbbec_camera_msgs__rosidl_typesupport_introspection_c__pyext[0m
[35m[1mConsolidate compiler generated dependencies of target orbbec_camera_msgs__rosidl_typesupport_fastrtps_c__pyext[0m
[35m[1mConsolidate compiler generated dependencies of target orbbec_camera_msgs__rosidl_typesupport_c__pyext[0m
[ 98%] Built target orbbec_camera_msgs__rosidl_typesupport_introspection_c__pyext
[ 99%] Built target orbbec_camera_msgs__rosidl_typesupport_fastrtps_c__pyext
[100%] Built target orbbec_camera_msgs__rosidl_typesupport_c__pyext
running egg_info
writing orbbec_camera_msgs.egg-info/PKG-INFO
writing dependency_links to orbbec_camera_msgs.egg-info/dependency_links.txt
writing top-level names to orbbec_camera_msgs.egg-info/top_level.txt
reading manifest file 'orbbec_camera_msgs.egg-info/SOURCES.txt'
writing manifest file 'orbbec_camera_msgs.egg-info/SOURCES.txt'
[100%] Built target ament_cmake_python_build_orbbec_camera_msgs_egg
-- Install configuration: ""
-- Installing: /home/lunabotics/TAMU_SEDS_Lunabotics/ros2_ws/install/orbbec_camera_msgs/share/ament_index/resource_index/rosidl_interfaces/orbbec_camera_msgs
-- Installing: /home/lunabotics/TAMU_SEDS_Lunabotics/ros2_ws/install/orbbec_camera_msgs/include/orbbec_camera_msgs/orbbec_camera_msgs
-- Installing: /home/lunabotics/TAMU_SEDS_Lunabotics/ros2_ws/install/orbbec_camera_msgs/include/orbbec_camera_msgs/orbbec_camera_msgs/msg
-- Installing: /home/lunabotics/TAMU_SEDS_Lunabotics/ros2_ws/install/orbbec_camera_msgs/include/orbbec_camera_msgs/orbbec_camera_msgs/msg/extrinsics.h
-- Installing: /home/lunabotics/TAMU_SEDS_Lunabotics/ros2_ws/install/orbbec_camera_msgs/include/orbbec_camera_msgs/orbbec_camera_msgs/msg/metadata.h
-- Installing: /home/lunabotics/TAMU_SEDS_Lunabotics/ros2_ws/install/orbbec_camera_msgs/include/orbbec_camera_msgs/orbbec_camera_msgs/msg/rgbd.h
-- Installing: /home/lunabotics/TAMU_SEDS_Lunabotics/ros2_ws/install/orbbec_camera_msgs/include/orbbec_camera_msgs/orbbec_camera_msgs/msg/rosidl_generator_c__visibility_control.h
-- Installing: /home/lunabotics/TAMU_SEDS_Lunabotics/ros2_ws/install/orbbec_camera_msgs/include/orbbec_camera_msgs/orbbec_camera_msgs/msg/device_info.h
-- Installing: /home/lunabotics/TAMU_SEDS_Lunabotics/ros2_ws/install/orbbec_camera_msgs/include/orbbec_camera_msgs/orbbec_camera_msgs/msg/depth_filters_status.h
-- Installing: /home/lunabotics/TAMU_SEDS_Lunabotics/ros2_ws/install/orbbec_camera_msgs/include/orbbec_camera_msgs/orbbec_camera_msgs/msg/device_status.h
-- Installing: /home/lunabotics/TAMU_SEDS_Lunabotics/ros2_ws/install/orbbec_camera_msgs/include/orbbec_camera_msgs/orbbec_camera_msgs/msg/depth_filter_param.h
-- Installing: /home/lunabotics/TAMU_SEDS_Lunabotics/ros2_ws/install/orbbec_camera_msgs/include/orbbec_camera_msgs/orbbec_camera_msgs/msg/detail
-- Installing: /home/lunabotics/TAMU_SEDS_Lunabotics/ros2_ws/install/orbbec_camera_msgs/include/orbbec_camera_msgs/orbbec_camera_msgs/msg/detail/extrinsics__functions.h
-- Installing: /home/lunabotics/TAMU_SEDS_Lunabotics/ros2_ws/install/orbbec_camera_msgs/include/orbbec_camera_msgs/orbbec_camera_msgs/msg/detail/imu_info__struct.h
-- Installing: /home/lunabotics/TAMU_SEDS_Lunabotics/ros2_ws/install/orbbec_camera_msgs/include/orbbec_camera_msgs/orbbec_camera_msgs/msg/detail/depth_filter_param__functions.c
-- Installing: /home/lunabotics/TAMU_SEDS_Lunabotics/ros2_ws/install/orbbec_camera_msgs/include/orbbec_camera_msgs/orbbec_camera_msgs/msg/detail/depth_filter_state__functions.h
-- Installing: /home/lunabotics/TAMU_SEDS_Lunabotics/ros2_ws/install/orbbec_camera_msgs/include/orbbec_camera_msgs/orbbec_camera_msgs/msg/detail/device_info__functions.h
-- Installing: /home/lunabotics/TAMU_SEDS_Lunabotics/ros2_ws/install/orbbec_camera_msgs/include/orbbec_camera_msgs/orbbec_camera_msgs/msg/detail/rgbd__struct.h
-- Installing: /home/lunabotics/TAMU_SEDS_Lunabotics/ros2_ws/install/orbbec_camera_msgs/include/orbbec_camera_msgs/orbbec_camera_msgs/msg/detail/depth_filters_status__functions.c
-- Installing: /home/lunabotics/TAMU_SEDS_Lunabotics/ros2_ws/install/orbbec_camera_msgs/include/orbbec_camera_msgs/orbbec_camera_msgs/msg/detail/device_info__type_support.h
-- Installing: /home/lunabotics/TAMU_SEDS_Lunabotics/ros2_ws/install/orbbec_camera_msgs/include/orbbec_camera_msgs/orbbec_camera_msgs/msg/detail/depth_filter_param__type_support.h
-- Installing: /home/lunabotics/TAMU_SEDS_Lunabotics/ros2_ws/install/orbbec_camera_msgs/include/orbbec_camera_msgs/orbbec_camera_msgs/msg/detail/device_status__type_support.h
-- Installing: /home/lunabotics/TAMU_SEDS_Lunabotics/ros2_ws/install/orbbec_camera_msgs/include/orbbec_camera_msgs/orbbec_camera_msgs/msg/detail/rgbd__functions.c
-- Installing: /home/lunabotics/TAMU_SEDS_Lunabotics/ros2_ws/install/orbbec_camera_msgs/include/orbbec_camera_msgs/orbbec_camera_msgs/msg/detail/depth_filter_state__functions.c
-- Installing: /home/lunabotics/TAMU_SEDS_Lunabotics/ros2_ws/install/orbbec_camera_msgs/include/orbbec_camera_msgs/orbbec_camera_msgs/msg/detail/device_status__functions.c
-- Installing: /home/lunabotics/TAMU_SEDS_Lunabotics/ros2_ws/install/orbbec_camera_msgs/include/orbbec_camera_msgs/orbbec_camera_msgs/msg/detail/rgbd__type_support.h
-- Installing: /home/lunabotics/TAMU_SEDS_Lunabotics/ros2_ws/install/orbbec_camera_msgs/include/orbbec_camera_msgs/orbbec_camera_msgs/msg/detail/extrinsics__functions.c
-- Installing: /home/lunabotics/TAMU_SEDS_Lunabotics/ros2_ws/install/orbbec_camera_msgs/include/orbbec_camera_msgs/orbbec_camera_msgs/msg/detail/extrinsics__type_support.h
-- Installing: /home/lunabotics/TAMU_SEDS_Lunabotics/ros2_ws/install/orbbec_camera_msgs/include/orbbec_camera_msgs/orbbec_camera_msgs/msg/detail/depth_filter_param__functions.h
-- Installing: /home/lunabotics/TAMU_SEDS_Lunabotics/ros2_ws/install/orbbec_camera_msgs/include/orbbec_camera_msgs/orbbec_camera_msgs/msg/detail/metadata__struct.h
-- Installing: /home/lunabotics/TAMU_SEDS_Lunabotics/ros2_ws/install/orbbec_camera_msgs/include/orbbec_camera_msgs/orbbec_camera_msgs/msg/detail/metadata__type_support.h
-- Installing: /home/lunabotics/TAMU_SEDS_Lunabotics/ros2_ws/install/orbbec_camera_msgs/include/orbbec_camera_msgs/orbbec_camera_msgs/msg/detail/imu_info__type_support.h
-- Installing: /home/lunabotics/TAMU_SEDS_Lunabotics/ros2_ws/install/orbbec_camera_msgs/include/orbbec_camera_msgs/orbbec_camera_msgs/msg/detail/device_status__struct.h
-- Installing: /home/lunabotics/TAMU_SEDS_Lunabotics/ros2_ws/install/orbbec_camera_msgs/include/orbbec_camera_msgs/orbbec_camera_msgs/msg/detail/metadata__functions.h
-- Installing: /home/lunabotics/TAMU_SEDS_Lunabotics/ros2_ws/install/orbbec_camera_msgs/include/orbbec_camera_msgs/orbbec_camera_msgs/msg/detail/device_status__functions.h
-- Installing: /home/lunabotics/TAMU_SEDS_Lunabotics/ros2_ws/install/orbbec_camera_msgs/include/orbbec_camera_msgs/orbbec_camera_msgs/msg/detail/device_info__functions.c
-- Installing: /home/lunabotics/TAMU_SEDS_Lunabotics/ros2_ws/install/orbbec_camera_msgs/include/orbbec_camera_msgs/orbbec_camera_msgs/msg/detail/imu_info__functions.c
-- Installing: /home/lunabotics/TAMU_SEDS_Lunabotics/ros2_ws/install/orbbec_camera_msgs/include/orbbec_camera_msgs/orbbec_camera_msgs/msg/detail/rgbd__functions.h
-- Installing: /home/lunabotics/TAMU_SEDS_Lunabotics/ros2_ws/install/orbbec_camera_msgs/include/orbbec_camera_msgs/orbbec_camera_msgs/msg/detail/depth_filters_status__struct.h
-- Installing: /home/lunabotics/TAMU_SEDS_Lunabotics/ros2_ws/install/orbbec_camera_msgs/include/orbbec_camera_msgs/orbbec_camera_msgs/msg/detail/device_info__struct.h
-- Installing: /home/lunabotics/TAMU_SEDS_Lunabotics/ros2_ws/install/orbbec_camera_msgs/include/orbbec_camera_msgs/orbbec_camera_msgs/msg/detail/depth_filters_status__type_support.h
-- Installing: /home/lunabotics/TAMU_SEDS_Lunabotics/ros2_ws/install/orbbec_camera_msgs/include/orbbec_camera_msgs/orbbec_camera_msgs/msg/detail/depth_filter_state__struct.h
-- Installing: /home/lunabotics/TAMU_SEDS_Lunabotics/ros2_ws/install/orbbec_camera_msgs/include/orbbec_camera_msgs/orbbec_camera_msgs/msg/detail/extrinsics__struct.h
-- Installing: /home/lunabotics/TAMU_SEDS_Lunabotics/ros2_ws/install/orbbec_camera_msgs/include/orbbec_camera_msgs/orbbec_camera_msgs/msg/detail/metadata__functions.c
-- Installing: /home/lunabotics/TAMU_SEDS_Lunabotics/ros2_ws/install/orbbec_camera_msgs/include/orbbec_camera_msgs/orbbec_camera_msgs/msg/detail/depth_filters_status__functions.h
-- Installing: /home/lunabotics/TAMU_SEDS_Lunabotics/ros2_ws/install/orbbec_camera_msgs/include/orbbec_camera_msgs/orbbec_camera_msgs/msg/detail/imu_info__functions.h
-- Installing: /home/lunabotics/TAMU_SEDS_Lunabotics/ros2_ws/install/orbbec_camera_msgs/include/orbbec_camera_msgs/orbbec_camera_msgs/msg/detail/depth_filter_param__struct.h
-- Installing: /home/lunabotics/TAMU_SEDS_Lunabotics/ros2_ws/install/orbbec_camera_msgs/include/orbbec_camera_msgs/orbbec_camera_msgs/msg/detail/depth_filter_state__type_support.h
-- Installing: /home/lunabotics/TAMU_SEDS_Lunabotics/ros2_ws/install/orbbec_camera_msgs/include/orbbec_camera_msgs/orbbec_camera_msgs/msg/imu_info.h
-- Installing: /home/lunabotics/TAMU_SEDS_Lunabotics/ros2_ws/install/orbbec_camera_msgs/include/orbbec_camera_msgs/orbbec_camera_msgs/msg/depth_filter_state.h
-- Installing: /home/lunabotics/TAMU_SEDS_Lunabotics/ros2_ws/install/orbbec_camera_msgs/include/orbbec_camera_msgs/orbbec_camera_msgs/srv
-- Installing: /home/lunabotics/TAMU_SEDS_Lunabotics/ros2_ws/install/orbbec_camera_msgs/include/orbbec_camera_msgs/orbbec_camera_msgs/srv/get_bool.h
-- Installing: /home/lunabotics/TAMU_SEDS_Lunabotics/ros2_ws/install/orbbec_camera_msgs/include/orbbec_camera_msgs/orbbec_camera_msgs/srv/get_camera_info.h
-- Installing: /home/lunabotics/TAMU_SEDS_Lunabotics/ros2_ws/install/orbbec_camera_msgs/include/orbbec_camera_msgs/orbbec_camera_msgs/srv/get_int32.h
-- Installing: /home/lunabotics/TAMU_SEDS_Lunabotics/ros2_ws/install/orbbec_camera_msgs/include/orbbec_camera_msgs/orbbec_camera_msgs/srv/get_device_info.h
-- Installing: /home/lunabotics/TAMU_SEDS_Lunabotics/ros2_ws/install/orbbec_camera_msgs/include/orbbec_camera_msgs/orbbec_camera_msgs/srv/set_string.h
-- Installing: /home/lunabotics/TAMU_SEDS_Lunabotics/ros2_ws/install/orbbec_camera_msgs/include/orbbec_camera_msgs/orbbec_camera_msgs/srv/get_user_calib_params.h
-- Installing: /home/lunabotics/TAMU_SEDS_Lunabotics/ros2_ws/install/orbbec_camera_msgs/include/orbbec_camera_msgs/orbbec_camera_msgs/srv/detail
-- Installing: /home/lunabotics/TAMU_SEDS_Lunabotics/ros2_ws/install/orbbec_camera_msgs/include/orbbec_camera_msgs/orbbec_camera_msgs/srv/detail/get_bool__functions.c
-- Installing: /home/lunabotics/TAMU_SEDS_Lunabotics/ros2_ws/install/orbbec_camera_msgs/include/orbbec_camera_msgs/orbbec_camera_msgs/srv/detail/get_bool__type_support.h
-- Installing: /home/lunabotics/TAMU_SEDS_Lunabotics/ros2_ws/install/orbbec_camera_msgs/include/orbbec_camera_msgs/orbbec_camera_msgs/srv/detail/set_arrays__functions.c
-- Installing: /home/lunabotics/TAMU_SEDS_Lunabotics/ros2_ws/install/orbbec_camera_msgs/include/orbbec_camera_msgs/orbbec_camera_msgs/srv/detail/set_arrays__functions.h
-- Installing: /home/lunabotics/TAMU_SEDS_Lunabotics/ros2_ws/install/orbbec_camera_msgs/include/orbbec_camera_msgs/orbbec_camera_msgs/srv/detail/get_device_info__struct.h
-- Installing: /home/lunabotics/TAMU_SEDS_Lunabotics/ros2_ws/install/orbbec_camera_msgs/include/orbbec_camera_msgs/orbbec_camera_msgs/srv/detail/get_string__type_support.h
-- Installing: /home/lunabotics/TAMU_SEDS_Lunabotics/ros2_ws/install/orbbec_camera_msgs/include/orbbec_camera_msgs/orbbec_camera_msgs/srv/detail/set_user_calib_params__functions.h
-- Installing: /home/lunabotics/TAMU_SEDS_Lunabotics/ros2_ws/install/orbbec_camera_msgs/include/orbbec_camera_msgs/orbbec_camera_msgs/srv/detail/get_user_calib_params__functions.h
-- Installing: /home/lunabotics/TAMU_SEDS_Lunabotics/ros2_ws/install/orbbec_camera_msgs/include/orbbec_camera_msgs/orbbec_camera_msgs/srv/detail/set_filter__type_support.h
-- Installing: /home/lunabotics/TAMU_SEDS_Lunabotics/ros2_ws/install/orbbec_camera_msgs/include/orbbec_camera_msgs/orbbec_camera_msgs/srv/detail/get_bool__functions.h
-- Installing: /home/lunabotics/TAMU_SEDS_Lunabotics/ros2_ws/install/orbbec_camera_msgs/include/orbbec_camera_msgs/orbbec_camera_msgs/srv/detail/get_bool__struct.h
-- Installing: /home/lunabotics/TAMU_SEDS_Lunabotics/ros2_ws/install/orbbec_camera_msgs/include/orbbec_camera_msgs/orbbec_camera_msgs/srv/detail/set_string__functions.c
-- Installing: /home/lunabotics/TAMU_SEDS_Lunabotics/ros2_ws/install/orbbec_camera_msgs/include/orbbec_camera_msgs/orbbec_camera_msgs/srv/detail/set_int32__functions.h
-- Installing: /home/lunabotics/TAMU_SEDS_Lunabotics/ros2_ws/install/orbbec_camera_msgs/include/orbbec_camera_msgs/orbbec_camera_msgs/srv/detail/set_filter__functions.h
-- Installing: /home/lunabotics/TAMU_SEDS_Lunabotics/ros2_ws/install/orbbec_camera_msgs/include/orbbec_camera_msgs/orbbec_camera_msgs/srv/detail/get_int32__functions.h
-- Installing: /home/lunabotics/TAMU_SEDS_Lunabotics/ros2_ws/install/orbbec_camera_msgs/include/orbbec_camera_msgs/orbbec_camera_msgs/srv/detail/set_int32__functions.c
-- Installing: /home/lunabotics/TAMU_SEDS_Lunabotics/ros2_ws/install/orbbec_camera_msgs/include/orbbec_camera_msgs/orbbec_camera_msgs/srv/detail/get_user_calib_params__type_support.h
-- Installing: /home/lunabotics/TAMU_SEDS_Lunabotics/ros2_ws/install/orbbec_camera_msgs/include/orbbec_camera_msgs/orbbec_camera_msgs/srv/detail/set_string__functions.h
-- Installing: /home/lunabotics/TAMU_SEDS_Lunabotics/ros2_ws/install/orbbec_camera_msgs/include/orbbec_camera_msgs/orbbec_camera_msgs/srv/detail/get_camera_info__functions.c
-- Installing: /home/lunabotics/TAMU_SEDS_Lunabotics/ros2_ws/install/orbbec_camera_msgs/include/orbbec_camera_msgs/orbbec_camera_msgs/srv/detail/get_camera_info__type_support.h
-- Installing: /home/lunabotics/TAMU_SEDS_Lunabotics/ros2_ws/install/orbbec_camera_msgs/include/orbbec_camera_msgs/orbbec_camera_msgs/srv/detail/get_int32__type_support.h
-- Installing: /home/lunabotics/TAMU_SEDS_Lunabotics/ros2_ws/install/orbbec_camera_msgs/include/orbbec_camera_msgs/orbbec_camera_msgs/srv/detail/set_user_calib_params__type_support.h
-- Installing: /home/lunabotics/TAMU_SEDS_Lunabotics/ros2_ws/install/orbbec_camera_msgs/include/orbbec_camera_msgs/orbbec_camera_msgs/srv/detail/set_int32__type_support.h
-- Installing: /home/lunabotics/TAMU_SEDS_Lunabotics/ros2_ws/install/orbbec_camera_msgs/include/orbbec_camera_msgs/orbbec_camera_msgs/srv/detail/set_filter__struct.h
-- Installing: /home/lunabotics/TAMU_SEDS_Lunabotics/ros2_ws/install/orbbec_camera_msgs/include/orbbec_camera_msgs/orbbec_camera_msgs/srv/detail/set_filter__functions.c
-- Installing: /home/lunabotics/TAMU_SEDS_Lunabotics/ros2_ws/install/orbbec_camera_msgs/include/orbbec_camera_msgs/orbbec_camera_msgs/srv/detail/get_user_calib_params__functions.c
-- Installing: /home/lunabotics/TAMU_SEDS_Lunabotics/ros2_ws/install/orbbec_camera_msgs/include/orbbec_camera_msgs/orbbec_camera_msgs/srv/detail/set_user_calib_params__struct.h
-- Installing: /home/lunabotics/TAMU_SEDS_Lunabotics/ros2_ws/install/orbbec_camera_msgs/include/orbbec_camera_msgs/orbbec_camera_msgs/srv/detail/get_camera_info__struct.h
-- Installing: /home/lunabotics/TAMU_SEDS_Lunabotics/ros2_ws/install/orbbec_camera_msgs/include/orbbec_camera_msgs/orbbec_camera_msgs/srv/detail/set_string__type_support.h
-- Installing: /home/lunabotics/TAMU_SEDS_Lunabotics/ros2_ws/install/orbbec_camera_msgs/include/orbbec_camera_msgs/orbbec_camera_msgs/srv/detail/get_string__functions.h
-- Installing: /home/lunabotics/TAMU_SEDS_Lunabotics/ros2_ws/install/orbbec_camera_msgs/include/orbbec_camera_msgs/orbbec_camera_msgs/srv/detail/set_user_calib_params__functions.c
-- Installing: /home/lunabotics/TAMU_SEDS_Lunabotics/ros2_ws/install/orbbec_camera_msgs/include/orbbec_camera_msgs/orbbec_camera_msgs/srv/detail/get_user_calib_params__struct.h
-- Installing: /home/lunabotics/TAMU_SEDS_Lunabotics/ros2_ws/install/orbbec_camera_msgs/include/orbbec_camera_msgs/orbbec_camera_msgs/srv/detail/get_device_info__type_support.h
-- Installing: /home/lunabotics/TAMU_SEDS_Lunabotics/ros2_ws/install/orbbec_camera_msgs/include/orbbec_camera_msgs/orbbec_camera_msgs/srv/detail/get_string__functions.c
-- Installing: /home/lunabotics/TAMU_SEDS_Lunabotics/ros2_ws/install/orbbec_camera_msgs/include/orbbec_camera_msgs/orbbec_camera_msgs/srv/detail/get_device_info__functions.h
-- Installing: /home/lunabotics/TAMU_SEDS_Lunabotics/ros2_ws/install/orbbec_camera_msgs/include/orbbec_camera_msgs/orbbec_camera_msgs/srv/detail/set_string__struct.h
-- Installing: /home/lunabotics/TAMU_SEDS_Lunabotics/ros2_ws/install/orbbec_camera_msgs/include/orbbec_camera_msgs/orbbec_camera_msgs/srv/detail/get_device_info__functions.c
-- Installing: /home/lunabotics/TAMU_SEDS_Lunabotics/ros2_ws/install/orbbec_camera_msgs/include/orbbec_camera_msgs/orbbec_camera_msgs/srv/detail/get_int32__functions.c
-- Installing: /home/lunabotics/TAMU_SEDS_Lunabotics/ros2_ws/install/orbbec_camera_msgs/include/orbbec_camera_msgs/orbbec_camera_msgs/srv/detail/set_arrays__type_support.h
-- Installing: /home/lunabotics/TAMU_SEDS_Lunabotics/ros2_ws/install/orbbec_camera_msgs/include/orbbec_camera_msgs/orbbec_camera_msgs/srv/detail/set_int32__struct.h
-- Installing: /home/lunabotics/TAMU_SEDS_Lunabotics/ros2_ws/install/orbbec_camera_msgs/include/orbbec_camera_msgs/orbbec_camera_msgs/srv/detail/set_arrays__struct.h
-- Installing: /home/lunabotics/TAMU_SEDS_Lunabotics/ros2_ws/install/orbbec_camera_msgs/include/orbbec_camera_msgs/orbbec_camera_msgs/srv/detail/get_int32__struct.h
-- Installing: /home/lunabotics/TAMU_SEDS_Lunabotics/ros2_ws/install/orbbec_camera_msgs/include/orbbec_camera_msgs/orbbec_camera_msgs/srv/detail/get_camera_info__functions.h
-- Installing: /home/lunabotics/TAMU_SEDS_Lunabotics/ros2_ws/install/orbbec_camera_msgs/include/orbbec_camera_msgs/orbbec_camera_msgs/srv/detail/get_string__struct.h
-- Installing: /home/lunabotics/TAMU_SEDS_Lunabotics/ros2_ws/install/orbbec_camera_msgs/include/orbbec_camera_msgs/orbbec_camera_msgs/srv/set_filter.h
-- Installing: /home/lunabotics/TAMU_SEDS_Lunabotics/ros2_ws/install/orbbec_camera_msgs/include/orbbec_camera_msgs/orbbec_camera_msgs/srv/set_user_calib_params.h
-- Installing: /home/lunabotics/TAMU_SEDS_Lunabotics/ros2_ws/install/orbbec_camera_msgs/include/orbbec_camera_msgs/orbbec_camera_msgs/srv/get_string.h
-- Installing: /home/lunabotics/TAMU_SEDS_Lunabotics/ros2_ws/install/orbbec_camera_msgs/include/orbbec_camera_msgs/orbbec_camera_msgs/srv/set_arrays.h
-- Installing: /home/lunabotics/TAMU_SEDS_Lunabotics/ros2_ws/install/orbbec_camera_msgs/include/orbbec_camera_msgs/orbbec_camera_msgs/srv/set_int32.h
-- Installing: /home/lunabotics/TAMU_SEDS_Lunabotics/ros2_ws/install/orbbec_camera_msgs/share/orbbec_camera_msgs/environment/library_path.sh
-- Installing: /home/lunabotics/TAMU_SEDS_Lunabotics/ros2_ws/install/orbbec_camera_msgs/share/orbbec_camera_msgs/environment/library_path.dsv
-- Installing: /home/lunabotics/TAMU_SEDS_Lunabotics/ros2_ws/install/orbbec_camera_msgs/lib/liborbbec_camera_msgs__rosidl_generator_c.so
-- Set runtime path of "/home/lunabotics/TAMU_SEDS_Lunabotics/ros2_ws/install/orbbec_camera_msgs/lib/liborbbec_camera_msgs__rosidl_generator_c.so" to ""
-- Up-to-date: /home/lunabotics/TAMU_SEDS_Lunabotics/ros2_ws/install/orbbec_camera_msgs/include/orbbec_camera_msgs/orbbec_camera_msgs
-- Up-to-date: /home/lunabotics/TAMU_SEDS_Lunabotics/ros2_ws/install/orbbec_camera_msgs/include/orbbec_camera_msgs/orbbec_camera_msgs/msg
-- Installing: /home/lunabotics/TAMU_SEDS_Lunabotics/ros2_ws/install/orbbec_camera_msgs/include/orbbec_camera_msgs/orbbec_camera_msgs/msg/rosidl_typesupport_fastrtps_c__visibility_control.h
-- Up-to-date: /home/lunabotics/TAMU_SEDS_Lunabotics/ros2_ws/install/orbbec_camera_msgs/include/orbbec_camera_msgs/orbbec_camera_msgs/msg/detail
-- Installing: /home/lunabotics/TAMU_SEDS_Lunabotics/ros2_ws/install/orbbec_camera_msgs/include/orbbec_camera_msgs/orbbec_camera_msgs/msg/detail/rgbd__rosidl_typesupport_fastrtps_c.h
-- Installing: /home/lunabotics/TAMU_SEDS_Lunabotics/ros2_ws/install/orbbec_camera_msgs/include/orbbec_camera_msgs/orbbec_camera_msgs/msg/detail/extrinsics__rosidl_typesupport_fastrtps_c.h
-- Installing: /home/lunabotics/TAMU_SEDS_Lunabotics/ros2_ws/install/orbbec_camera_msgs/include/orbbec_camera_msgs/orbbec_camera_msgs/msg/detail/device_info__rosidl_typesupport_fastrtps_c.h
-- Installing: /home/lunabotics/TAMU_SEDS_Lunabotics/ros2_ws/install/orbbec_camera_msgs/include/orbbec_camera_msgs/orbbec_camera_msgs/msg/detail/depth_filter_param__rosidl_typesupport_fastrtps_c.h
-- Installing: /home/lunabotics/TAMU_SEDS_Lunabotics/ros2_ws/install/orbbec_camera_msgs/include/orbbec_camera_msgs/orbbec_camera_msgs/msg/detail/device_status__rosidl_typesupport_fastrtps_c.h
-- Installing: /home/lunabotics/TAMU_SEDS_Lunabotics/ros2_ws/install/orbbec_camera_msgs/include/orbbec_camera_msgs/orbbec_camera_msgs/msg/detail/depth_filters_status__rosidl_typesupport_fastrtps_c.h
-- Installing: /home/lunabotics/TAMU_SEDS_Lunabotics/ros2_ws/install/orbbec_camera_msgs/include/orbbec_camera_msgs/orbbec_camera_msgs/msg/detail/metadata__rosidl_typesupport_fastrtps_c.h
-- Installing: /home/lunabotics/TAMU_SEDS_Lunabotics/ros2_ws/install/orbbec_camera_msgs/include/orbbec_camera_msgs/orbbec_camera_msgs/msg/detail/imu_info__rosidl_typesupport_fastrtps_c.h
-- Installing: /home/lunabotics/TAMU_SEDS_Lunabotics/ros2_ws/install/orbbec_camera_msgs/include/orbbec_camera_msgs/orbbec_camera_msgs/msg/detail/depth_filter_state__rosidl_typesupport_fastrtps_c.h
-- Up-to-date: /home/lunabotics/TAMU_SEDS_Lunabotics/ros2_ws/install/orbbec_camera_msgs/include/orbbec_camera_msgs/orbbec_camera_msgs/srv
-- Up-to-date: /home/lunabotics/TAMU_SEDS_Lunabotics/ros2_ws/install/orbbec_camera_msgs/include/orbbec_camera_msgs/orbbec_camera_msgs/srv/detail
-- Installing: /home/lunabotics/TAMU_SEDS_Lunabotics/ros2_ws/install/orbbec_camera_msgs/include/orbbec_camera_msgs/orbbec_camera_msgs/srv/detail/get_user_calib_params__rosidl_typesupport_fastrtps_c.h
-- Installing: /home/lunabotics/TAMU_SEDS_Lunabotics/ros2_ws/install/orbbec_camera_msgs/include/orbbec_camera_msgs/orbbec_camera_msgs/srv/detail/get_string__rosidl_typesupport_fastrtps_c.h
-- Installing: /home/lunabotics/TAMU_SEDS_Lunabotics/ros2_ws/install/orbbec_camera_msgs/include/orbbec_camera_msgs/orbbec_camera_msgs/srv/detail/get_device_info__rosidl_typesupport_fastrtps_c.h
-- Installing: /home/lunabotics/TAMU_SEDS_Lunabotics/ros2_ws/install/orbbec_camera_msgs/include/orbbec_camera_msgs/orbbec_camera_msgs/srv/detail/get_camera_info__rosidl_typesupport_fastrtps_c.h
-- Installing: /home/lunabotics/TAMU_SEDS_Lunabotics/ros2_ws/install/orbbec_camera_msgs/include/orbbec_camera_msgs/orbbec_camera_msgs/srv/detail/set_arrays__rosidl_typesupport_fastrtps_c.h
-- Installing: /home/lunabotics/TAMU_SEDS_Lunabotics/ros2_ws/install/orbbec_camera_msgs/include/orbbec_camera_msgs/orbbec_camera_msgs/srv/detail/set_string__rosidl_typesupport_fastrtps_c.h
-- Installing: /home/lunabotics/TAMU_SEDS_Lunabotics/ros2_ws/install/orbbec_camera_msgs/include/orbbec_camera_msgs/orbbec_camera_msgs/srv/detail/set_user_calib_params__rosidl_typesupport_fastrtps_c.h
-- Installing: /home/lunabotics/TAMU_SEDS_Lunabotics/ros2_ws/install/orbbec_camera_msgs/include/orbbec_camera_msgs/orbbec_camera_msgs/srv/detail/get_bool__rosidl_typesupport_fastrtps_c.h
-- Installing: /home/lunabotics/TAMU_SEDS_Lunabotics/ros2_ws/install/orbbec_camera_msgs/include/orbbec_camera_msgs/orbbec_camera_msgs/srv/detail/set_filter__rosidl_typesupport_fastrtps_c.h
-- Installing: /home/lunabotics/TAMU_SEDS_Lunabotics/ros2_ws/install/orbbec_camera_msgs/include/orbbec_camera_msgs/orbbec_camera_msgs/srv/detail/get_int32__rosidl_typesupport_fastrtps_c.h
-- Installing: /home/lunabotics/TAMU_SEDS_Lunabotics/ros2_ws/install/orbbec_camera_msgs/include/orbbec_camera_msgs/orbbec_camera_msgs/srv/detail/set_int32__rosidl_typesupport_fastrtps_c.h
-- Installing: /home/lunabotics/TAMU_SEDS_Lunabotics/ros2_ws/install/orbbec_camera_msgs/lib/liborbbec_camera_msgs__rosidl_typesupport_fastrtps_c.so
-- Set runtime path of "/home/lunabotics/TAMU_SEDS_Lunabotics/ros2_ws/install/orbbec_camera_msgs/lib/liborbbec_camera_msgs__rosidl_typesupport_fastrtps_c.so" to ""
-- Up-to-date: /home/lunabotics/TAMU_SEDS_Lunabotics/ros2_ws/install/orbbec_camera_msgs/include/orbbec_camera_msgs/orbbec_camera_msgs
-- Up-to-date: /home/lunabotics/TAMU_SEDS_Lunabotics/ros2_ws/install/orbbec_camera_msgs/include/orbbec_camera_msgs/orbbec_camera_msgs/msg
-- Installing: /home/lunabotics/TAMU_SEDS_Lunabotics/ros2_ws/install/orbbec_camera_msgs/include/orbbec_camera_msgs/orbbec_camera_msgs/msg/rosidl_typesupport_introspection_c__visibility_control.h
-- Up-to-date: /home/lunabotics/TAMU_SEDS_Lunabotics/ros2_ws/install/orbbec_camera_msgs/include/orbbec_camera_msgs/orbbec_camera_msgs/msg/detail
-- Installing: /home/lunabotics/TAMU_SEDS_Lunabotics/ros2_ws/install/orbbec_camera_msgs/include/orbbec_camera_msgs/orbbec_camera_msgs/msg/detail/extrinsics__rosidl_typesupport_introspection_c.h
-- Installing: /home/lunabotics/TAMU_SEDS_Lunabotics/ros2_ws/install/orbbec_camera_msgs/include/orbbec_camera_msgs/orbbec_camera_msgs/msg/detail/imu_info__rosidl_typesupport_introspection_c.h
-- Installing: /home/lunabotics/TAMU_SEDS_Lunabotics/ros2_ws/install/orbbec_camera_msgs/include/orbbec_camera_msgs/orbbec_camera_msgs/msg/detail/device_info__type_support.c
-- Installing: /home/lunabotics/TAMU_SEDS_Lunabotics/ros2_ws/install/orbbec_camera_msgs/include/orbbec_camera_msgs/orbbec_camera_msgs/msg/detail/metadata__type_support.c
-- Installing: /home/lunabotics/TAMU_SEDS_Lunabotics/ros2_ws/install/orbbec_camera_msgs/include/orbbec_camera_msgs/orbbec_camera_msgs/msg/detail/depth_filter_param__type_support.c
-- Installing: /home/lunabotics/TAMU_SEDS_Lunabotics/ros2_ws/install/orbbec_camera_msgs/include/orbbec_camera_msgs/orbbec_camera_msgs/msg/detail/rgbd__rosidl_typesupport_introspection_c.h
-- Installing: /home/lunabotics/TAMU_SEDS_Lunabotics/ros2_ws/install/orbbec_camera_msgs/include/orbbec_camera_msgs/orbbec_camera_msgs/msg/detail/device_status__rosidl_typesupport_introspection_c.h
-- Installing: /home/lunabotics/TAMU_SEDS_Lunabotics/ros2_ws/install/orbbec_camera_msgs/include/orbbec_camera_msgs/orbbec_camera_msgs/msg/detail/depth_filter_param__rosidl_typesupport_introspection_c.h
-- Installing: /home/lunabotics/TAMU_SEDS_Lunabotics/ros2_ws/install/orbbec_camera_msgs/include/orbbec_camera_msgs/orbbec_camera_msgs/msg/detail/depth_filters_status__type_support.c
-- Installing: /home/lunabotics/TAMU_SEDS_Lunabotics/ros2_ws/install/orbbec_camera_msgs/include/orbbec_camera_msgs/orbbec_camera_msgs/msg/detail/metadata__rosidl_typesupport_introspection_c.h
-- Installing: /home/lunabotics/TAMU_SEDS_Lunabotics/ros2_ws/install/orbbec_camera_msgs/include/orbbec_camera_msgs/orbbec_camera_msgs/msg/detail/device_status__type_support.c
-- Installing: /home/lunabotics/TAMU_SEDS_Lunabotics/ros2_ws/install/orbbec_camera_msgs/include/orbbec_camera_msgs/orbbec_camera_msgs/msg/detail/depth_filters_status__rosidl_typesupport_introspection_c.h
-- Installing: /home/lunabotics/TAMU_SEDS_Lunabotics/ros2_ws/install/orbbec_camera_msgs/include/orbbec_camera_msgs/orbbec_camera_msgs/msg/detail/imu_info__type_support.c
-- Installing: /home/lunabotics/TAMU_SEDS_Lunabotics/ros2_ws/install/orbbec_camera_msgs/include/orbbec_camera_msgs/orbbec_camera_msgs/msg/detail/extrinsics__type_support.c
-- Installing: /home/lunabotics/TAMU_SEDS_Lunabotics/ros2_ws/install/orbbec_camera_msgs/include/orbbec_camera_msgs/orbbec_camera_msgs/msg/detail/depth_filter_state__rosidl_typesupport_introspection_c.h
-- Installing: /home/lunabotics/TAMU_SEDS_Lunabotics/ros2_ws/install/orbbec_camera_msgs/include/orbbec_camera_msgs/orbbec_camera_msgs/msg/detail/device_info__rosidl_typesupport_introspection_c.h
-- Installing: /home/lunabotics/TAMU_SEDS_Lunabotics/ros2_ws/install/orbbec_camera_msgs/include/orbbec_camera_msgs/orbbec_camera_msgs/msg/detail/depth_filter_state__type_support.c
-- Installing: /home/lunabotics/TAMU_SEDS_Lunabotics/ros2_ws/install/orbbec_camera_msgs/include/orbbec_camera_msgs/orbbec_camera_msgs/msg/detail/rgbd__type_support.c
-- Up-to-date: /home/lunabotics/TAMU_SEDS_Lunabotics/ros2_ws/install/orbbec_camera_msgs/include/orbbec_camera_msgs/orbbec_camera_msgs/srv
-- Up-to-date: /home/lunabotics/TAMU_SEDS_Lunabotics/ros2_ws/install/orbbec_camera_msgs/include/orbbec_camera_msgs/orbbec_camera_msgs/srv/detail
-- Installing: /home/lunabotics/TAMU_SEDS_Lunabotics/ros2_ws/install/orbbec_camera_msgs/include/orbbec_camera_msgs/orbbec_camera_msgs/srv/detail/set_string__rosidl_typesupport_introspection_c.h
-- Installing: /home/lunabotics/TAMU_SEDS_Lunabotics/ros2_ws/install/orbbec_camera_msgs/include/orbbec_camera_msgs/orbbec_camera_msgs/srv/detail/set_int32__type_support.c
-- Installing: /home/lunabotics/TAMU_SEDS_Lunabotics/ros2_ws/install/orbbec_camera_msgs/include/orbbec_camera_msgs/orbbec_camera_msgs/srv/detail/get_int32__rosidl_typesupport_introspection_c.h
-- Installing: /home/lunabotics/TAMU_SEDS_Lunabotics/ros2_ws/install/orbbec_camera_msgs/include/orbbec_camera_msgs/orbbec_camera_msgs/srv/detail/set_arrays__type_support.c
-- Installing: /home/lunabotics/TAMU_SEDS_Lunabotics/ros2_ws/install/orbbec_camera_msgs/include/orbbec_camera_msgs/orbbec_camera_msgs/srv/detail/set_string__type_support.c
-- Installing: /home/lunabotics/TAMU_SEDS_Lunabotics/ros2_ws/install/orbbec_camera_msgs/include/orbbec_camera_msgs/orbbec_camera_msgs/srv/detail/set_filter__type_support.c
-- Installing: /home/lunabotics/TAMU_SEDS_Lunabotics/ros2_ws/install/orbbec_camera_msgs/include/orbbec_camera_msgs/orbbec_camera_msgs/srv/detail/set_filter__rosidl_typesupport_introspection_c.h
-- Installing: /home/lunabotics/TAMU_SEDS_Lunabotics/ros2_ws/install/orbbec_camera_msgs/include/orbbec_camera_msgs/orbbec_camera_msgs/srv/detail/get_camera_info__type_support.c
-- Installing: /home/lunabotics/TAMU_SEDS_Lunabotics/ros2_ws/install/orbbec_camera_msgs/include/orbbec_camera_msgs/orbbec_camera_msgs/srv/detail/set_arrays__rosidl_typesupport_introspection_c.h
-- Installing: /home/lunabotics/TAMU_SEDS_Lunabotics/ros2_ws/install/orbbec_camera_msgs/include/orbbec_camera_msgs/orbbec_camera_msgs/srv/detail/get_string__rosidl_typesupport_introspection_c.h
-- Installing: /home/lunabotics/TAMU_SEDS_Lunabotics/ros2_ws/install/orbbec_camera_msgs/include/orbbec_camera_msgs/orbbec_camera_msgs/srv/detail/set_int32__rosidl_typesupport_introspection_c.h
-- Installing: /home/lunabotics/TAMU_SEDS_Lunabotics/ros2_ws/install/orbbec_camera_msgs/include/orbbec_camera_msgs/orbbec_camera_msgs/srv/detail/get_device_info__type_support.c
-- Installing: /home/lunabotics/TAMU_SEDS_Lunabotics/ros2_ws/install/orbbec_camera_msgs/include/orbbec_camera_msgs/orbbec_camera_msgs/srv/detail/get_user_calib_params__type_support.c
-- Installing: /home/lunabotics/TAMU_SEDS_Lunabotics/ros2_ws/install/orbbec_camera_msgs/include/orbbec_camera_msgs/orbbec_camera_msgs/srv/detail/get_int32__type_support.c
-- Installing: /home/lunabotics/TAMU_SEDS_Lunabotics/ros2_ws/install/orbbec_camera_msgs/include/orbbec_camera_msgs/orbbec_camera_msgs/srv/detail/set_user_calib_params__type_support.c
-- Installing: /home/lunabotics/TAMU_SEDS_Lunabotics/ros2_ws/install/orbbec_camera_msgs/include/orbbec_camera_msgs/orbbec_camera_msgs/srv/detail/get_bool__rosidl_typesupport_introspection_c.h
-- Installing: /home/lunabotics/TAMU_SEDS_Lunabotics/ros2_ws/install/orbbec_camera_msgs/include/orbbec_camera_msgs/orbbec_camera_msgs/srv/detail/get_device_info__rosidl_typesupport_introspection_c.h
-- Installing: /home/lunabotics/TAMU_SEDS_Lunabotics/ros2_ws/install/orbbec_camera_msgs/include/orbbec_camera_msgs/orbbec_camera_msgs/srv/detail/get_string__type_support.c
-- Installing: /home/lunabotics/TAMU_SEDS_Lunabotics/ros2_ws/install/orbbec_camera_msgs/include/orbbec_camera_msgs/orbbec_camera_msgs/srv/detail/get_user_calib_params__rosidl_typesupport_introspection_c.h
-- Installing: /home/lunabotics/TAMU_SEDS_Lunabotics/ros2_ws/install/orbbec_camera_msgs/include/orbbec_camera_msgs/orbbec_camera_msgs/srv/detail/get_camera_info__rosidl_typesupport_introspection_c.h
-- Installing: /home/lunabotics/TAMU_SEDS_Lunabotics/ros2_ws/install/orbbec_camera_msgs/include/orbbec_camera_msgs/orbbec_camera_msgs/srv/detail/get_bool__type_support.c
-- Installing: /home/lunabotics/TAMU_SEDS_Lunabotics/ros2_ws/install/orbbec_camera_msgs/include/orbbec_camera_msgs/orbbec_camera_msgs/srv/detail/set_user_calib_params__rosidl_typesupport_introspection_c.h
-- Installing: /home/lunabotics/TAMU_SEDS_Lunabotics/ros2_ws/install/orbbec_camera_msgs/lib/liborbbec_camera_msgs__rosidl_typesupport_introspection_c.so
-- Set runtime path of "/home/lunabotics/TAMU_SEDS_Lunabotics/ros2_ws/install/orbbec_camera_msgs/lib/liborbbec_camera_msgs__rosidl_typesupport_introspection_c.so" to ""
-- Installing: /home/lunabotics/TAMU_SEDS_Lunabotics/ros2_ws/install/orbbec_camera_msgs/lib/liborbbec_camera_msgs__rosidl_typesupport_c.so
-- Set runtime path of "/home/lunabotics/TAMU_SEDS_Lunabotics/ros2_ws/install/orbbec_camera_msgs/lib/liborbbec_camera_msgs__rosidl_typesupport_c.so" to ""
-- Up-to-date: /home/lunabotics/TAMU_SEDS_Lunabotics/ros2_ws/install/orbbec_camera_msgs/include/orbbec_camera_msgs/orbbec_camera_msgs
-- Up-to-date: /home/lunabotics/TAMU_SEDS_Lunabotics/ros2_ws/install/orbbec_camera_msgs/include/orbbec_camera_msgs/orbbec_camera_msgs/msg
-- Installing: /home/lunabotics/TAMU_SEDS_Lunabotics/ros2_ws/install/orbbec_camera_msgs/include/orbbec_camera_msgs/orbbec_camera_msgs/msg/depth_filters_status.hpp
-- Installing: /home/lunabotics/TAMU_SEDS_Lunabotics/ros2_ws/install/orbbec_camera_msgs/include/orbbec_camera_msgs/orbbec_camera_msgs/msg/device_info.hpp
-- Installing: /home/lunabotics/TAMU_SEDS_Lunabotics/ros2_ws/install/orbbec_camera_msgs/include/orbbec_camera_msgs/orbbec_camera_msgs/msg/depth_filter_state.hpp
-- Installing: /home/lunabotics/TAMU_SEDS_Lunabotics/ros2_ws/install/orbbec_camera_msgs/include/orbbec_camera_msgs/orbbec_camera_msgs/msg/device_status.hpp
-- Installing: /home/lunabotics/TAMU_SEDS_Lunabotics/ros2_ws/install/orbbec_camera_msgs/include/orbbec_camera_msgs/orbbec_camera_msgs/msg/rgbd.hpp
-- Installing: /home/lunabotics/TAMU_SEDS_Lunabotics/ros2_ws/install/orbbec_camera_msgs/include/orbbec_camera_msgs/orbbec_camera_msgs/msg/rosidl_generator_cpp__visibility_control.hpp
-- Installing: /home/lunabotics/TAMU_SEDS_Lunabotics/ros2_ws/install/orbbec_camera_msgs/include/orbbec_camera_msgs/orbbec_camera_msgs/msg/extrinsics.hpp
-- Up-to-date: /home/lunabotics/TAMU_SEDS_Lunabotics/ros2_ws/install/orbbec_camera_msgs/include/orbbec_camera_msgs/orbbec_camera_msgs/msg/detail
-- Installing: /home/lunabotics/TAMU_SEDS_Lunabotics/ros2_ws/install/orbbec_camera_msgs/include/orbbec_camera_msgs/orbbec_camera_msgs/msg/detail/depth_filter_state__type_support.hpp
-- Installing: /home/lunabotics/TAMU_SEDS_Lunabotics/ros2_ws/install/orbbec_camera_msgs/include/orbbec_camera_msgs/orbbec_camera_msgs/msg/detail/metadata__struct.hpp
-- Installing: /home/lunabotics/TAMU_SEDS_Lunabotics/ros2_ws/install/orbbec_camera_msgs/include/orbbec_camera_msgs/orbbec_camera_msgs/msg/detail/rgbd__type_support.hpp
-- Installing: /home/lunabotics/TAMU_SEDS_Lunabotics/ros2_ws/install/orbbec_camera_msgs/include/orbbec_camera_msgs/orbbec_camera_msgs/msg/detail/depth_filters_status__type_support.hpp
-- Installing: /home/lunabotics/TAMU_SEDS_Lunabotics/ros2_ws/install/orbbec_camera_msgs/include/orbbec_camera_msgs/orbbec_camera_msgs/msg/detail/rgbd__struct.hpp
-- Installing: /home/lunabotics/TAMU_SEDS_Lunabotics/ros2_ws/install/orbbec_camera_msgs/include/orbbec_camera_msgs/orbbec_camera_msgs/msg/detail/device_status__type_support.hpp
-- Installing: /home/lunabotics/TAMU_SEDS_Lunabotics/ros2_ws/install/orbbec_camera_msgs/include/orbbec_camera_msgs/orbbec_camera_msgs/msg/detail/metadata__builder.hpp
-- Installing: /home/lunabotics/TAMU_SEDS_Lunabotics/ros2_ws/install/orbbec_camera_msgs/include/orbbec_camera_msgs/orbbec_camera_msgs/msg/detail/metadata__traits.hpp
-- Installing: /home/lunabotics/TAMU_SEDS_Lunabotics/ros2_ws/install/orbbec_camera_msgs/include/orbbec_camera_msgs/orbbec_camera_msgs/msg/detail/metadata__type_support.hpp
-- Installing: /home/lunabotics/TAMU_SEDS_Lunabotics/ros2_ws/install/orbbec_camera_msgs/include/orbbec_camera_msgs/orbbec_camera_msgs/msg/detail/extrinsics__traits.hpp
-- Installing: /home/lunabotics/TAMU_SEDS_Lunabotics/ros2_ws/install/orbbec_camera_msgs/include/orbbec_camera_msgs/orbbec_camera_msgs/msg/detail/rgbd__builder.hpp
-- Installing: /home/lunabotics/TAMU_SEDS_Lunabotics/ros2_ws/install/orbbec_camera_msgs/include/orbbec_camera_msgs/orbbec_camera_msgs/msg/detail/imu_info__struct.hpp
-- Installing: /home/lunabotics/TAMU_SEDS_Lunabotics/ros2_ws/install/orbbec_camera_msgs/include/orbbec_camera_msgs/orbbec_camera_msgs/msg/detail/depth_filter_param__type_support.hpp
-- Installing: /home/lunabotics/TAMU_SEDS_Lunabotics/ros2_ws/install/orbbec_camera_msgs/include/orbbec_camera_msgs/orbbec_camera_msgs/msg/detail/device_status__struct.hpp
-- Installing: /home/lunabotics/TAMU_SEDS_Lunabotics/ros2_ws/install/orbbec_camera_msgs/include/orbbec_camera_msgs/orbbec_camera_msgs/msg/detail/depth_filter_state__traits.hpp
-- Installing: /home/lunabotics/TAMU_SEDS_Lunabotics/ros2_ws/install/orbbec_camera_msgs/include/orbbec_camera_msgs/orbbec_camera_msgs/msg/detail/rgbd__traits.hpp
-- Installing: /home/lunabotics/TAMU_SEDS_Lunabotics/ros2_ws/install/orbbec_camera_msgs/include/orbbec_camera_msgs/orbbec_camera_msgs/msg/detail/imu_info__type_support.hpp
-- Installing: /home/lunabotics/TAMU_SEDS_Lunabotics/ros2_ws/install/orbbec_camera_msgs/include/orbbec_camera_msgs/orbbec_camera_msgs/msg/detail/device_info__traits.hpp
-- Installing: /home/lunabotics/TAMU_SEDS_Lunabotics/ros2_ws/install/orbbec_camera_msgs/include/orbbec_camera_msgs/orbbec_camera_msgs/msg/detail/device_info__builder.hpp
-- Installing: /home/lunabotics/TAMU_SEDS_Lunabotics/ros2_ws/install/orbbec_camera_msgs/include/orbbec_camera_msgs/orbbec_camera_msgs/msg/detail/depth_filters_status__traits.hpp
-- Installing: /home/lunabotics/TAMU_SEDS_Lunabotics/ros2_ws/install/orbbec_camera_msgs/include/orbbec_camera_msgs/orbbec_camera_msgs/msg/detail/extrinsics__struct.hpp
-- Installing: /home/lunabotics/TAMU_SEDS_Lunabotics/ros2_ws/install/orbbec_camera_msgs/include/orbbec_camera_msgs/orbbec_camera_msgs/msg/detail/imu_info__builder.hpp
-- Installing: /home/lunabotics/TAMU_SEDS_Lunabotics/ros2_ws/install/orbbec_camera_msgs/include/orbbec_camera_msgs/orbbec_camera_msgs/msg/detail/depth_filter_state__builder.hpp
-- Installing: /home/lunabotics/TAMU_SEDS_Lunabotics/ros2_ws/install/orbbec_camera_msgs/include/orbbec_camera_msgs/orbbec_camera_msgs/msg/detail/depth_filters_status__builder.hpp
-- Installing: /home/lunabotics/TAMU_SEDS_Lunabotics/ros2_ws/install/orbbec_camera_msgs/include/orbbec_camera_msgs/orbbec_camera_msgs/msg/detail/depth_filter_param__struct.hpp
-- Installing: /home/lunabotics/TAMU_SEDS_Lunabotics/ros2_ws/install/orbbec_camera_msgs/include/orbbec_camera_msgs/orbbec_camera_msgs/msg/detail/depth_filter_state__struct.hpp
-- Installing: /home/lunabotics/TAMU_SEDS_Lunabotics/ros2_ws/install/orbbec_camera_msgs/include/orbbec_camera_msgs/orbbec_camera_msgs/msg/detail/device_info__type_support.hpp
-- Installing: /home/lunabotics/TAMU_SEDS_Lunabotics/ros2_ws/install/orbbec_camera_msgs/include/orbbec_camera_msgs/orbbec_camera_msgs/msg/detail/depth_filter_param__traits.hpp
-- Installing: /home/lunabotics/TAMU_SEDS_Lunabotics/ros2_ws/install/orbbec_camera_msgs/include/orbbec_camera_msgs/orbbec_camera_msgs/msg/detail/device_status__builder.hpp
-- Installing: /home/lunabotics/TAMU_SEDS_Lunabotics/ros2_ws/install/orbbec_camera_msgs/include/orbbec_camera_msgs/orbbec_camera_msgs/msg/detail/depth_filter_param__builder.hpp
-- Installing: /home/lunabotics/TAMU_SEDS_Lunabotics/ros2_ws/install/orbbec_camera_msgs/include/orbbec_camera_msgs/orbbec_camera_msgs/msg/detail/extrinsics__builder.hpp
-- Installing: /home/lunabotics/TAMU_SEDS_Lunabotics/ros2_ws/install/orbbec_camera_msgs/include/orbbec_camera_msgs/orbbec_camera_msgs/msg/detail/device_info__struct.hpp
-- Installing: /home/lunabotics/TAMU_SEDS_Lunabotics/ros2_ws/install/orbbec_camera_msgs/include/orbbec_camera_msgs/orbbec_camera_msgs/msg/detail/imu_info__traits.hpp
-- Installing: /home/lunabotics/TAMU_SEDS_Lunabotics/ros2_ws/install/orbbec_camera_msgs/include/orbbec_camera_msgs/orbbec_camera_msgs/msg/detail/device_status__traits.hpp
-- Installing: /home/lunabotics/TAMU_SEDS_Lunabotics/ros2_ws/install/orbbec_camera_msgs/include/orbbec_camera_msgs/orbbec_camera_msgs/msg/detail/depth_filters_status__struct.hpp
-- Installing: /home/lunabotics/TAMU_SEDS_Lunabotics/ros2_ws/install/orbbec_camera_msgs/include/orbbec_camera_msgs/orbbec_camera_msgs/msg/detail/extrinsics__type_support.hpp
-- Installing: /home/lunabotics/TAMU_SEDS_Lunabotics/ros2_ws/install/orbbec_camera_msgs/include/orbbec_camera_msgs/orbbec_camera_msgs/msg/metadata.hpp
-- Installing: /home/lunabotics/TAMU_SEDS_Lunabotics/ros2_ws/install/orbbec_camera_msgs/include/orbbec_camera_msgs/orbbec_camera_msgs/msg/depth_filter_param.hpp
-- Installing: /home/lunabotics/TAMU_SEDS_Lunabotics/ros2_ws/install/orbbec_camera_msgs/include/orbbec_camera_msgs/orbbec_camera_msgs/msg/imu_info.hpp
-- Up-to-date: /home/lunabotics/TAMU_SEDS_Lunabotics/ros2_ws/install/orbbec_camera_msgs/include/orbbec_camera_msgs/orbbec_camera_msgs/srv
-- Installing: /home/lunabotics/TAMU_SEDS_Lunabotics/ros2_ws/install/orbbec_camera_msgs/include/orbbec_camera_msgs/orbbec_camera_msgs/srv/get_camera_info.hpp
-- Installing: /home/lunabotics/TAMU_SEDS_Lunabotics/ros2_ws/install/orbbec_camera_msgs/include/orbbec_camera_msgs/orbbec_camera_msgs/srv/get_user_calib_params.hpp
-- Installing: /home/lunabotics/TAMU_SEDS_Lunabotics/ros2_ws/install/orbbec_camera_msgs/include/orbbec_camera_msgs/orbbec_camera_msgs/srv/set_string.hpp
-- Installing: /home/lunabotics/TAMU_SEDS_Lunabotics/ros2_ws/install/orbbec_camera_msgs/include/orbbec_camera_msgs/orbbec_camera_msgs/srv/get_device_info.hpp
-- Installing: /home/lunabotics/TAMU_SEDS_Lunabotics/ros2_ws/install/orbbec_camera_msgs/include/orbbec_camera_msgs/orbbec_camera_msgs/srv/get_bool.hpp
-- Installing: /home/lunabotics/TAMU_SEDS_Lunabotics/ros2_ws/install/orbbec_camera_msgs/include/orbbec_camera_msgs/orbbec_camera_msgs/srv/get_string.hpp
-- Up-to-date: /home/lunabotics/TAMU_SEDS_Lunabotics/ros2_ws/install/orbbec_camera_msgs/include/orbbec_camera_msgs/orbbec_camera_msgs/srv/detail
-- Installing: /home/lunabotics/TAMU_SEDS_Lunabotics/ros2_ws/install/orbbec_camera_msgs/include/orbbec_camera_msgs/orbbec_camera_msgs/srv/detail/set_filter__traits.hpp
-- Installing: /home/lunabotics/TAMU_SEDS_Lunabotics/ros2_ws/install/orbbec_camera_msgs/include/orbbec_camera_msgs/orbbec_camera_msgs/srv/detail/get_int32__type_support.hpp
-- Installing: /home/lunabotics/TAMU_SEDS_Lunabotics/ros2_ws/install/orbbec_camera_msgs/include/orbbec_camera_msgs/orbbec_camera_msgs/srv/detail/get_bool__type_support.hpp
-- Installing: /home/lunabotics/TAMU_SEDS_Lunabotics/ros2_ws/install/orbbec_camera_msgs/include/orbbec_camera_msgs/orbbec_camera_msgs/srv/detail/set_arrays__builder.hpp
-- Installing: /home/lunabotics/TAMU_SEDS_Lunabotics/ros2_ws/install/orbbec_camera_msgs/include/orbbec_camera_msgs/orbbec_camera_msgs/srv/detail/set_arrays__struct.hpp
-- Installing: /home/lunabotics/TAMU_SEDS_Lunabotics/ros2_ws/install/orbbec_camera_msgs/include/orbbec_camera_msgs/orbbec_camera_msgs/srv/detail/set_filter__builder.hpp
-- Installing: /home/lunabotics/TAMU_SEDS_Lunabotics/ros2_ws/install/orbbec_camera_msgs/include/orbbec_camera_msgs/orbbec_camera_msgs/srv/detail/set_int32__struct.hpp
-- Installing: /home/lunabotics/TAMU_SEDS_Lunabotics/ros2_ws/install/orbbec_camera_msgs/include/orbbec_camera_msgs/orbbec_camera_msgs/srv/detail/get_bool__struct.hpp
-- Installing: /home/lunabotics/TAMU_SEDS_Lunabotics/ros2_ws/install/orbbec_camera_msgs/include/orbbec_camera_msgs/orbbec_camera_msgs/srv/detail/set_arrays__type_support.hpp
-- Installing: /home/lunabotics/TAMU_SEDS_Lunabotics/ros2_ws/install/orbbec_camera_msgs/include/orbbec_camera_msgs/orbbec_camera_msgs/srv/detail/set_user_calib_params__type_support.hpp
-- Installing: /home/lunabotics/TAMU_SEDS_Lunabotics/ros2_ws/install/orbbec_camera_msgs/include/orbbec_camera_msgs/orbbec_camera_msgs/srv/detail/set_arrays__traits.hpp
-- Installing: /home/lunabotics/TAMU_SEDS_Lunabotics/ros2_ws/install/orbbec_camera_msgs/include/orbbec_camera_msgs/orbbec_camera_msgs/srv/detail/get_string__struct.hpp
-- Installing: /home/lunabotics/TAMU_SEDS_Lunabotics/ros2_ws/install/orbbec_camera_msgs/include/orbbec_camera_msgs/orbbec_camera_msgs/srv/detail/set_int32__builder.hpp
-- Installing: /home/lunabotics/TAMU_SEDS_Lunabotics/ros2_ws/install/orbbec_camera_msgs/include/orbbec_camera_msgs/orbbec_camera_msgs/srv/detail/get_user_calib_params__struct.hpp
-- Installing: /home/lunabotics/TAMU_SEDS_Lunabotics/ros2_ws/install/orbbec_camera_msgs/include/orbbec_camera_msgs/orbbec_camera_msgs/srv/detail/set_int32__traits.hpp
-- Installing: /home/lunabotics/TAMU_SEDS_Lunabotics/ros2_ws/install/orbbec_camera_msgs/include/orbbec_camera_msgs/orbbec_camera_msgs/srv/detail/set_int32__type_support.hpp
-- Installing: /home/lunabotics/TAMU_SEDS_Lunabotics/ros2_ws/install/orbbec_camera_msgs/include/orbbec_camera_msgs/orbbec_camera_msgs/srv/detail/get_string__builder.hpp
-- Installing: /home/lunabotics/TAMU_SEDS_Lunabotics/ros2_ws/install/orbbec_camera_msgs/include/orbbec_camera_msgs/orbbec_camera_msgs/srv/detail/set_string__type_support.hpp
-- Installing: /home/lunabotics/TAMU_SEDS_Lunabotics/ros2_ws/install/orbbec_camera_msgs/include/orbbec_camera_msgs/orbbec_camera_msgs/srv/detail/get_bool__builder.hpp
-- Installing: /home/lunabotics/TAMU_SEDS_Lunabotics/ros2_ws/install/orbbec_camera_msgs/include/orbbec_camera_msgs/orbbec_camera_msgs/srv/detail/get_device_info__traits.hpp
-- Installing: /home/lunabotics/TAMU_SEDS_Lunabotics/ros2_ws/install/orbbec_camera_msgs/include/orbbec_camera_msgs/orbbec_camera_msgs/srv/detail/get_int32__struct.hpp
-- Installing: /home/lunabotics/TAMU_SEDS_Lunabotics/ros2_ws/install/orbbec_camera_msgs/include/orbbec_camera_msgs/orbbec_camera_msgs/srv/detail/get_int32__builder.hpp
-- Installing: /home/lunabotics/TAMU_SEDS_Lunabotics/ros2_ws/install/orbbec_camera_msgs/include/orbbec_camera_msgs/orbbec_camera_msgs/srv/detail/get_string__type_support.hpp
-- Installing: /home/lunabotics/TAMU_SEDS_Lunabotics/ros2_ws/install/orbbec_camera_msgs/include/orbbec_camera_msgs/orbbec_camera_msgs/srv/detail/get_device_info__builder.hpp
-- Installing: /home/lunabotics/TAMU_SEDS_Lunabotics/ros2_ws/install/orbbec_camera_msgs/include/orbbec_camera_msgs/orbbec_camera_msgs/srv/detail/set_user_calib_params__struct.hpp
-- Installing: /home/lunabotics/TAMU_SEDS_Lunabotics/ros2_ws/install/orbbec_camera_msgs/include/orbbec_camera_msgs/orbbec_camera_msgs/srv/detail/set_user_calib_params__traits.hpp
-- Installing: /home/lunabotics/TAMU_SEDS_Lunabotics/ros2_ws/install/orbbec_camera_msgs/include/orbbec_camera_msgs/orbbec_camera_msgs/srv/detail/get_device_info__struct.hpp
-- Installing: /home/lunabotics/TAMU_SEDS_Lunabotics/ros2_ws/install/orbbec_camera_msgs/include/orbbec_camera_msgs/orbbec_camera_msgs/srv/detail/set_filter__struct.hpp
-- Installing: /home/lunabotics/TAMU_SEDS_Lunabotics/ros2_ws/install/orbbec_camera_msgs/include/orbbec_camera_msgs/orbbec_camera_msgs/srv/detail/set_string__struct.hpp
-- Installing: /home/lunabotics/TAMU_SEDS_Lunabotics/ros2_ws/install/orbbec_camera_msgs/include/orbbec_camera_msgs/orbbec_camera_msgs/srv/detail/set_string__traits.hpp
-- Installing: /home/lunabotics/TAMU_SEDS_Lunabotics/ros2_ws/install/orbbec_camera_msgs/include/orbbec_camera_msgs/orbbec_camera_msgs/srv/detail/set_filter__type_support.hpp
-- Installing: /home/lunabotics/TAMU_SEDS_Lunabotics/ros2_ws/install/orbbec_camera_msgs/include/orbbec_camera_msgs/orbbec_camera_msgs/srv/detail/get_bool__traits.hpp
-- Installing: /home/lunabotics/TAMU_SEDS_Lunabotics/ros2_ws/install/orbbec_camera_msgs/include/orbbec_camera_msgs/orbbec_camera_msgs/srv/detail/get_camera_info__struct.hpp
-- Installing: /home/lunabotics/TAMU_SEDS_Lunabotics/ros2_ws/install/orbbec_camera_msgs/include/orbbec_camera_msgs/orbbec_camera_msgs/srv/detail/get_device_info__type_support.hpp
-- Installing: /home/lunabotics/TAMU_SEDS_Lunabotics/ros2_ws/install/orbbec_camera_msgs/include/orbbec_camera_msgs/orbbec_camera_msgs/srv/detail/get_camera_info__traits.hpp
-- Installing: /home/lunabotics/TAMU_SEDS_Lunabotics/ros2_ws/install/orbbec_camera_msgs/include/orbbec_camera_msgs/orbbec_camera_msgs/srv/detail/get_user_calib_params__traits.hpp
-- Installing: /home/lunabotics/TAMU_SEDS_Lunabotics/ros2_ws/install/orbbec_camera_msgs/include/orbbec_camera_msgs/orbbec_camera_msgs/srv/detail/set_string__builder.hpp
-- Installing: /home/lunabotics/TAMU_SEDS_Lunabotics/ros2_ws/install/orbbec_camera_msgs/include/orbbec_camera_msgs/orbbec_camera_msgs/srv/detail/get_camera_info__type_support.hpp
-- Installing: /home/lunabotics/TAMU_SEDS_Lunabotics/ros2_ws/install/orbbec_camera_msgs/include/orbbec_camera_msgs/orbbec_camera_msgs/srv/detail/get_user_calib_params__builder.hpp
-- Installing: /home/lunabotics/TAMU_SEDS_Lunabotics/ros2_ws/install/orbbec_camera_msgs/include/orbbec_camera_msgs/orbbec_camera_msgs/srv/detail/get_string__traits.hpp
-- Installing: /home/lunabotics/TAMU_SEDS_Lunabotics/ros2_ws/install/orbbec_camera_msgs/include/orbbec_camera_msgs/orbbec_camera_msgs/srv/detail/get_camera_info__builder.hpp
-- Installing: /home/lunabotics/TAMU_SEDS_Lunabotics/ros2_ws/install/orbbec_camera_msgs/include/orbbec_camera_msgs/orbbec_camera_msgs/srv/detail/get_int32__traits.hpp
-- Installing: /home/lunabotics/TAMU_SEDS_Lunabotics/ros2_ws/install/orbbec_camera_msgs/include/orbbec_camera_msgs/orbbec_camera_msgs/srv/detail/set_user_calib_params__builder.hpp
-- Installing: /home/lunabotics/TAMU_SEDS_Lunabotics/ros2_ws/install/orbbec_camera_msgs/include/orbbec_camera_msgs/orbbec_camera_msgs/srv/detail/get_user_calib_params__type_support.hpp
-- Installing: /home/lunabotics/TAMU_SEDS_Lunabotics/ros2_ws/install/orbbec_camera_msgs/include/orbbec_camera_msgs/orbbec_camera_msgs/srv/set_int32.hpp
-- Installing: /home/lunabotics/TAMU_SEDS_Lunabotics/ros2_ws/install/orbbec_camera_msgs/include/orbbec_camera_msgs/orbbec_camera_msgs/srv/set_filter.hpp
-- Installing: /home/lunabotics/TAMU_SEDS_Lunabotics/ros2_ws/install/orbbec_camera_msgs/include/orbbec_camera_msgs/orbbec_camera_msgs/srv/set_user_calib_params.hpp
-- Installing: /home/lunabotics/TAMU_SEDS_Lunabotics/ros2_ws/install/orbbec_camera_msgs/include/orbbec_camera_msgs/orbbec_camera_msgs/srv/get_int32.hpp
-- Installing: /home/lunabotics/TAMU_SEDS_Lunabotics/ros2_ws/install/orbbec_camera_msgs/include/orbbec_camera_msgs/orbbec_camera_msgs/srv/set_arrays.hpp
-- Up-to-date: /home/lunabotics/TAMU_SEDS_Lunabotics/ros2_ws/install/orbbec_camera_msgs/include/orbbec_camera_msgs/orbbec_camera_msgs
-- Up-to-date: /home/lunabotics/TAMU_SEDS_Lunabotics/ros2_ws/install/orbbec_camera_msgs/include/orbbec_camera_msgs/orbbec_camera_msgs/msg
-- Up-to-date: /home/lunabotics/TAMU_SEDS_Lunabotics/ros2_ws/install/orbbec_camera_msgs/include/orbbec_camera_msgs/orbbec_camera_msgs/msg/detail
-- Installing: /home/lunabotics/TAMU_SEDS_Lunabotics/ros2_ws/install/orbbec_camera_msgs/include/orbbec_camera_msgs/orbbec_camera_msgs/msg/detail/rgbd__rosidl_typesupport_fastrtps_cpp.hpp
-- Installing: /home/lunabotics/TAMU_SEDS_Lunabotics/ros2_ws/install/orbbec_camera_msgs/include/orbbec_camera_msgs/orbbec_camera_msgs/msg/detail/extrinsics__rosidl_typesupport_fastrtps_cpp.hpp
-- Installing: /home/lunabotics/TAMU_SEDS_Lunabotics/ros2_ws/install/orbbec_camera_msgs/include/orbbec_camera_msgs/orbbec_camera_msgs/msg/detail/depth_filter_param__rosidl_typesupport_fastrtps_cpp.hpp
-- Installing: /home/lunabotics/TAMU_SEDS_Lunabotics/ros2_ws/install/orbbec_camera_msgs/include/orbbec_camera_msgs/orbbec_camera_msgs/msg/detail/depth_filter_state__rosidl_typesupport_fastrtps_cpp.hpp
-- Installing: /home/lunabotics/TAMU_SEDS_Lunabotics/ros2_ws/install/orbbec_camera_msgs/include/orbbec_camera_msgs/orbbec_camera_msgs/msg/detail/depth_filters_status__rosidl_typesupport_fastrtps_cpp.hpp
-- Installing: /home/lunabotics/TAMU_SEDS_Lunabotics/ros2_ws/install/orbbec_camera_msgs/include/orbbec_camera_msgs/orbbec_camera_msgs/msg/detail/imu_info__rosidl_typesupport_fastrtps_cpp.hpp
-- Installing: /home/lunabotics/TAMU_SEDS_Lunabotics/ros2_ws/install/orbbec_camera_msgs/include/orbbec_camera_msgs/orbbec_camera_msgs/msg/detail/device_info__rosidl_typesupport_fastrtps_cpp.hpp
-- Installing: /home/lunabotics/TAMU_SEDS_Lunabotics/ros2_ws/install/orbbec_camera_msgs/include/orbbec_camera_msgs/orbbec_camera_msgs/msg/detail/dds_fastrtps
-- Installing: /home/lunabotics/TAMU_SEDS_Lunabotics/ros2_ws/install/orbbec_camera_msgs/include/orbbec_camera_msgs/orbbec_camera_msgs/msg/detail/metadata__rosidl_typesupport_fastrtps_cpp.hpp
-- Installing: /home/lunabotics/TAMU_SEDS_Lunabotics/ros2_ws/install/orbbec_camera_msgs/include/orbbec_camera_msgs/orbbec_camera_msgs/msg/detail/device_status__rosidl_typesupport_fastrtps_cpp.hpp
-- Installing: /home/lunabotics/TAMU_SEDS_Lunabotics/ros2_ws/install/orbbec_camera_msgs/include/orbbec_camera_msgs/orbbec_camera_msgs/msg/rosidl_typesupport_fastrtps_cpp__visibility_control.h
-- Up-to-date: /home/lunabotics/TAMU_SEDS_Lunabotics/ros2_ws/install/orbbec_camera_msgs/include/orbbec_camera_msgs/orbbec_camera_msgs/srv
-- Up-to-date: /home/lunabotics/TAMU_SEDS_Lunabotics/ros2_ws/install/orbbec_camera_msgs/include/orbbec_camera_msgs/orbbec_camera_msgs/srv/detail
-- Installing: /home/lunabotics/TAMU_SEDS_Lunabotics/ros2_ws/install/orbbec_camera_msgs/include/orbbec_camera_msgs/orbbec_camera_msgs/srv/detail/get_int32__rosidl_typesupport_fastrtps_cpp.hpp
-- Installing: /home/lunabotics/TAMU_SEDS_Lunabotics/ros2_ws/install/orbbec_camera_msgs/include/orbbec_camera_msgs/orbbec_camera_msgs/srv/detail/set_int32__rosidl_typesupport_fastrtps_cpp.hpp
-- Installing: /home/lunabotics/TAMU_SEDS_Lunabotics/ros2_ws/install/orbbec_camera_msgs/include/orbbec_camera_msgs/orbbec_camera_msgs/srv/detail/get_camera_info__rosidl_typesupport_fastrtps_cpp.hpp
-- Installing: /home/lunabotics/TAMU_SEDS_Lunabotics/ros2_ws/install/orbbec_camera_msgs/include/orbbec_camera_msgs/orbbec_camera_msgs/srv/detail/set_string__rosidl_typesupport_fastrtps_cpp.hpp
-- Installing: /home/lunabotics/TAMU_SEDS_Lunabotics/ros2_ws/install/orbbec_camera_msgs/include/orbbec_camera_msgs/orbbec_camera_msgs/srv/detail/get_bool__rosidl_typesupport_fastrtps_cpp.hpp
-- Installing: /home/lunabotics/TAMU_SEDS_Lunabotics/ros2_ws/install/orbbec_camera_msgs/include/orbbec_camera_msgs/orbbec_camera_msgs/srv/detail/set_filter__rosidl_typesupport_fastrtps_cpp.hpp
-- Installing: /home/lunabotics/TAMU_SEDS_Lunabotics/ros2_ws/install/orbbec_camera_msgs/include/orbbec_camera_msgs/orbbec_camera_msgs/srv/detail/set_arrays__rosidl_typesupport_fastrtps_cpp.hpp
-- Installing: /home/lunabotics/TAMU_SEDS_Lunabotics/ros2_ws/install/orbbec_camera_msgs/include/orbbec_camera_msgs/orbbec_camera_msgs/srv/detail/get_user_calib_params__rosidl_typesupport_fastrtps_cpp.hpp
-- Installing: /home/lunabotics/TAMU_SEDS_Lunabotics/ros2_ws/install/orbbec_camera_msgs/include/orbbec_camera_msgs/orbbec_camera_msgs/srv/detail/get_device_info__rosidl_typesupport_fastrtps_cpp.hpp
-- Installing: /home/lunabotics/TAMU_SEDS_Lunabotics/ros2_ws/install/orbbec_camera_msgs/include/orbbec_camera_msgs/orbbec_camera_msgs/srv/detail/set_user_calib_params__rosidl_typesupport_fastrtps_cpp.hpp
-- Installing: /home/lunabotics/TAMU_SEDS_Lunabotics/ros2_ws/install/orbbec_camera_msgs/include/orbbec_camera_msgs/orbbec_camera_msgs/srv/detail/get_string__rosidl_typesupport_fastrtps_cpp.hpp
-- Installing: /home/lunabotics/TAMU_SEDS_Lunabotics/ros2_ws/install/orbbec_camera_msgs/include/orbbec_camera_msgs/orbbec_camera_msgs/srv/detail/dds_fastrtps
-- Installing: /home/lunabotics/TAMU_SEDS_Lunabotics/ros2_ws/install/orbbec_camera_msgs/lib/liborbbec_camera_msgs__rosidl_typesupport_fastrtps_cpp.so
-- Set runtime path of "/home/lunabotics/TAMU_SEDS_Lunabotics/ros2_ws/install/orbbec_camera_msgs/lib/liborbbec_camera_msgs__rosidl_typesupport_fastrtps_cpp.so" to ""
-- Up-to-date: /home/lunabotics/TAMU_SEDS_Lunabotics/ros2_ws/install/orbbec_camera_msgs/include/orbbec_camera_msgs/orbbec_camera_msgs
-- Up-to-date: /home/lunabotics/TAMU_SEDS_Lunabotics/ros2_ws/install/orbbec_camera_msgs/include/orbbec_camera_msgs/orbbec_camera_msgs/msg
-- Up-to-date: /home/lunabotics/TAMU_SEDS_Lunabotics/ros2_ws/install/orbbec_camera_msgs/include/orbbec_camera_msgs/orbbec_camera_msgs/msg/detail
-- Installing: /home/lunabotics/TAMU_SEDS_Lunabotics/ros2_ws/install/orbbec_camera_msgs/include/orbbec_camera_msgs/orbbec_camera_msgs/msg/detail/metadata__rosidl_typesupport_introspection_cpp.hpp
-- Installing: /home/lunabotics/TAMU_SEDS_Lunabotics/ros2_ws/install/orbbec_camera_msgs/include/orbbec_camera_msgs/orbbec_camera_msgs/msg/detail/depth_filter_param__type_support.cpp
-- Installing: /home/lunabotics/TAMU_SEDS_Lunabotics/ros2_ws/install/orbbec_camera_msgs/include/orbbec_camera_msgs/orbbec_camera_msgs/msg/detail/depth_filter_state__type_support.cpp
-- Installing: /home/lunabotics/TAMU_SEDS_Lunabotics/ros2_ws/install/orbbec_camera_msgs/include/orbbec_camera_msgs/orbbec_camera_msgs/msg/detail/rgbd__rosidl_typesupport_introspection_cpp.hpp
-- Installing: /home/lunabotics/TAMU_SEDS_Lunabotics/ros2_ws/install/orbbec_camera_msgs/include/orbbec_camera_msgs/orbbec_camera_msgs/msg/detail/depth_filter_state__rosidl_typesupport_introspection_cpp.hpp
-- Installing: /home/lunabotics/TAMU_SEDS_Lunabotics/ros2_ws/install/orbbec_camera_msgs/include/orbbec_camera_msgs/orbbec_camera_msgs/msg/detail/device_info__rosidl_typesupport_introspection_cpp.hpp
-- Installing: /home/lunabotics/TAMU_SEDS_Lunabotics/ros2_ws/install/orbbec_camera_msgs/include/orbbec_camera_msgs/orbbec_camera_msgs/msg/detail/imu_info__rosidl_typesupport_introspection_cpp.hpp
-- Installing: /home/lunabotics/TAMU_SEDS_Lunabotics/ros2_ws/install/orbbec_camera_msgs/include/orbbec_camera_msgs/orbbec_camera_msgs/msg/detail/rgbd__type_support.cpp
-- Installing: /home/lunabotics/TAMU_SEDS_Lunabotics/ros2_ws/install/orbbec_camera_msgs/include/orbbec_camera_msgs/orbbec_camera_msgs/msg/detail/device_info__type_support.cpp
-- Installing: /home/lunabotics/TAMU_SEDS_Lunabotics/ros2_ws/install/orbbec_camera_msgs/include/orbbec_camera_msgs/orbbec_camera_msgs/msg/detail/depth_filters_status__type_support.cpp
-- Installing: /home/lunabotics/TAMU_SEDS_Lunabotics/ros2_ws/install/orbbec_camera_msgs/include/orbbec_camera_msgs/orbbec_camera_msgs/msg/detail/metadata__type_support.cpp
-- Installing: /home/lunabotics/TAMU_SEDS_Lunabotics/ros2_ws/install/orbbec_camera_msgs/include/orbbec_camera_msgs/orbbec_camera_msgs/msg/detail/depth_filter_param__rosidl_typesupport_introspection_cpp.hpp
-- Installing: /home/lunabotics/TAMU_SEDS_Lunabotics/ros2_ws/install/orbbec_camera_msgs/include/orbbec_camera_msgs/orbbec_camera_msgs/msg/detail/depth_filters_status__rosidl_typesupport_introspection_cpp.hpp
-- Installing: /home/lunabotics/TAMU_SEDS_Lunabotics/ros2_ws/install/orbbec_camera_msgs/include/orbbec_camera_msgs/orbbec_camera_msgs/msg/detail/device_status__rosidl_typesupport_introspection_cpp.hpp
-- Installing: /home/lunabotics/TAMU_SEDS_Lunabotics/ros2_ws/install/orbbec_camera_msgs/include/orbbec_camera_msgs/orbbec_camera_msgs/msg/detail/extrinsics__rosidl_typesupport_introspection_cpp.hpp
-- Installing: /home/lunabotics/TAMU_SEDS_Lunabotics/ros2_ws/install/orbbec_camera_msgs/include/orbbec_camera_msgs/orbbec_camera_msgs/msg/detail/extrinsics__type_support.cpp
-- Installing: /home/lunabotics/TAMU_SEDS_Lunabotics/ros2_ws/install/orbbec_camera_msgs/include/orbbec_camera_msgs/orbbec_camera_msgs/msg/detail/imu_info__type_support.cpp
-- Installing: /home/lunabotics/TAMU_SEDS_Lunabotics/ros2_ws/install/orbbec_camera_msgs/include/orbbec_camera_msgs/orbbec_camera_msgs/msg/detail/device_status__type_support.cpp
-- Up-to-date: /home/lunabotics/TAMU_SEDS_Lunabotics/ros2_ws/install/orbbec_camera_msgs/include/orbbec_camera_msgs/orbbec_camera_msgs/srv
-- Up-to-date: /home/lunabotics/TAMU_SEDS_Lunabotics/ros2_ws/install/orbbec_camera_msgs/include/orbbec_camera_msgs/orbbec_camera_msgs/srv/detail
-- Installing: /home/lunabotics/TAMU_SEDS_Lunabotics/ros2_ws/install/orbbec_camera_msgs/include/orbbec_camera_msgs/orbbec_camera_msgs/srv/detail/set_arrays__rosidl_typesupport_introspection_cpp.hpp
-- Installing: /home/lunabotics/TAMU_SEDS_Lunabotics/ros2_ws/install/orbbec_camera_msgs/include/orbbec_camera_msgs/orbbec_camera_msgs/srv/detail/get_user_calib_params__type_support.cpp
-- Installing: /home/lunabotics/TAMU_SEDS_Lunabotics/ros2_ws/install/orbbec_camera_msgs/include/orbbec_camera_msgs/orbbec_camera_msgs/srv/detail/get_camera_info__type_support.cpp
-- Installing: /home/lunabotics/TAMU_SEDS_Lunabotics/ros2_ws/install/orbbec_camera_msgs/include/orbbec_camera_msgs/orbbec_camera_msgs/srv/detail/get_string__rosidl_typesupport_introspection_cpp.hpp
-- Installing: /home/lunabotics/TAMU_SEDS_Lunabotics/ros2_ws/install/orbbec_camera_msgs/include/orbbec_camera_msgs/orbbec_camera_msgs/srv/detail/set_user_calib_params__type_support.cpp
-- Installing: /home/lunabotics/TAMU_SEDS_Lunabotics/ros2_ws/install/orbbec_camera_msgs/include/orbbec_camera_msgs/orbbec_camera_msgs/srv/detail/set_filter__type_support.cpp
-- Installing: /home/lunabotics/TAMU_SEDS_Lunabotics/ros2_ws/install/orbbec_camera_msgs/include/orbbec_camera_msgs/orbbec_camera_msgs/srv/detail/get_int32__type_support.cpp
-- Installing: /home/lunabotics/TAMU_SEDS_Lunabotics/ros2_ws/install/orbbec_camera_msgs/include/orbbec_camera_msgs/orbbec_camera_msgs/srv/detail/get_device_info__rosidl_typesupport_introspection_cpp.hpp
-- Installing: /home/lunabotics/TAMU_SEDS_Lunabotics/ros2_ws/install/orbbec_camera_msgs/include/orbbec_camera_msgs/orbbec_camera_msgs/srv/detail/get_string__type_support.cpp
-- Installing: /home/lunabotics/TAMU_SEDS_Lunabotics/ros2_ws/install/orbbec_camera_msgs/include/orbbec_camera_msgs/orbbec_camera_msgs/srv/detail/get_device_info__type_support.cpp
-- Installing: /home/lunabotics/TAMU_SEDS_Lunabotics/ros2_ws/install/orbbec_camera_msgs/include/orbbec_camera_msgs/orbbec_camera_msgs/srv/detail/get_user_calib_params__rosidl_typesupport_introspection_cpp.hpp
-- Installing: /home/lunabotics/TAMU_SEDS_Lunabotics/ros2_ws/install/orbbec_camera_msgs/include/orbbec_camera_msgs/orbbec_camera_msgs/srv/detail/set_int32__rosidl_typesupport_introspection_cpp.hpp
-- Installing: /home/lunabotics/TAMU_SEDS_Lunabotics/ros2_ws/install/orbbec_camera_msgs/include/orbbec_camera_msgs/orbbec_camera_msgs/srv/detail/set_string__type_support.cpp
-- Installing: /home/lunabotics/TAMU_SEDS_Lunabotics/ros2_ws/install/orbbec_camera_msgs/include/orbbec_camera_msgs/orbbec_camera_msgs/srv/detail/set_filter__rosidl_typesupport_introspection_cpp.hpp
-- Installing: /home/lunabotics/TAMU_SEDS_Lunabotics/ros2_ws/install/orbbec_camera_msgs/include/orbbec_camera_msgs/orbbec_camera_msgs/srv/detail/set_arrays__type_support.cpp
-- Installing: /home/lunabotics/TAMU_SEDS_Lunabotics/ros2_ws/install/orbbec_camera_msgs/include/orbbec_camera_msgs/orbbec_camera_msgs/srv/detail/set_user_calib_params__rosidl_typesupport_introspection_cpp.hpp
-- Installing: /home/lunabotics/TAMU_SEDS_Lunabotics/ros2_ws/install/orbbec_camera_msgs/include/orbbec_camera_msgs/orbbec_camera_msgs/srv/detail/set_string__rosidl_typesupport_introspection_cpp.hpp
-- Installing: /home/lunabotics/TAMU_SEDS_Lunabotics/ros2_ws/install/orbbec_camera_msgs/include/orbbec_camera_msgs/orbbec_camera_msgs/srv/detail/set_int32__type_support.cpp
-- Installing: /home/lunabotics/TAMU_SEDS_Lunabotics/ros2_ws/install/orbbec_camera_msgs/include/orbbec_camera_msgs/orbbec_camera_msgs/srv/detail/get_int32__rosidl_typesupport_introspection_cpp.hpp
-- Installing: /home/lunabotics/TAMU_SEDS_Lunabotics/ros2_ws/install/orbbec_camera_msgs/include/orbbec_camera_msgs/orbbec_camera_msgs/srv/detail/get_camera_info__rosidl_typesupport_introspection_cpp.hpp
-- Installing: /home/lunabotics/TAMU_SEDS_Lunabotics/ros2_ws/install/orbbec_camera_msgs/include/orbbec_camera_msgs/orbbec_camera_msgs/srv/detail/get_bool__type_support.cpp
-- Installing: /home/lunabotics/TAMU_SEDS_Lunabotics/ros2_ws/install/orbbec_camera_msgs/include/orbbec_camera_msgs/orbbec_camera_msgs/srv/detail/get_bool__rosidl_typesupport_introspection_cpp.hpp
-- Installing: /home/lunabotics/TAMU_SEDS_Lunabotics/ros2_ws/install/orbbec_camera_msgs/lib/liborbbec_camera_msgs__rosidl_typesupport_introspection_cpp.so
-- Set runtime path of "/home/lunabotics/TAMU_SEDS_Lunabotics/ros2_ws/install/orbbec_camera_msgs/lib/liborbbec_camera_msgs__rosidl_typesupport_introspection_cpp.so" to ""
-- Installing: /home/lunabotics/TAMU_SEDS_Lunabotics/ros2_ws/install/orbbec_camera_msgs/lib/liborbbec_camera_msgs__rosidl_typesupport_cpp.so
-- Set runtime path of "/home/lunabotics/TAMU_SEDS_Lunabotics/ros2_ws/install/orbbec_camera_msgs/lib/liborbbec_camera_msgs__rosidl_typesupport_cpp.so" to ""
-- Installing: /home/lunabotics/TAMU_SEDS_Lunabotics/ros2_ws/install/orbbec_camera_msgs/share/orbbec_camera_msgs/environment/pythonpath.sh
-- Installing: /home/lunabotics/TAMU_SEDS_Lunabotics/ros2_ws/install/orbbec_camera_msgs/share/orbbec_camera_msgs/environment/pythonpath.dsv
-- Installing: /home/lunabotics/TAMU_SEDS_Lunabotics/ros2_ws/install/orbbec_camera_msgs/local/lib/python3.10/dist-packages/orbbec_camera_msgs-2.8.6-py3.10.egg-info
-- Installing: /home/lunabotics/TAMU_SEDS_Lunabotics/ros2_ws/install/orbbec_camera_msgs/local/lib/python3.10/dist-packages/orbbec_camera_msgs-2.8.6-py3.10.egg-info/SOURCES.txt
-- Installing: /home/lunabotics/TAMU_SEDS_Lunabotics/ros2_ws/install/orbbec_camera_msgs/local/lib/python3.10/dist-packages/orbbec_camera_msgs-2.8.6-py3.10.egg-info/PKG-INFO
-- Installing: /home/lunabotics/TAMU_SEDS_Lunabotics/ros2_ws/install/orbbec_camera_msgs/local/lib/python3.10/dist-packages/orbbec_camera_msgs-2.8.6-py3.10.egg-info/dependency_links.txt
-- Installing: /home/lunabotics/TAMU_SEDS_Lunabotics/ros2_ws/install/orbbec_camera_msgs/local/lib/python3.10/dist-packages/orbbec_camera_msgs-2.8.6-py3.10.egg-info/top_level.txt
-- Installing: /home/lunabotics/TAMU_SEDS_Lunabotics/ros2_ws/install/orbbec_camera_msgs/local/lib/python3.10/dist-packages/orbbec_camera_msgs
-- Installing: /home/lunabotics/TAMU_SEDS_Lunabotics/ros2_ws/install/orbbec_camera_msgs/local/lib/python3.10/dist-packages/orbbec_camera_msgs/_orbbec_camera_msgs_s.ep.rosidl_typesupport_fastrtps_c.c
-- Installing: /home/lunabotics/TAMU_SEDS_Lunabotics/ros2_ws/install/orbbec_camera_msgs/local/lib/python3.10/dist-packages/orbbec_camera_msgs/orbbec_camera_msgs_s__rosidl_typesupport_c.cpython-310-aarch64-linux-gnu.so
-- Installing: /home/lunabotics/TAMU_SEDS_Lunabotics/ros2_ws/install/orbbec_camera_msgs/local/lib/python3.10/dist-packages/orbbec_camera_msgs/liborbbec_camera_msgs__rosidl_generator_py.so
-- Installing: /home/lunabotics/TAMU_SEDS_Lunabotics/ros2_ws/install/orbbec_camera_msgs/local/lib/python3.10/dist-packages/orbbec_camera_msgs/msg
-- Installing: /home/lunabotics/TAMU_SEDS_Lunabotics/ros2_ws/install/orbbec_camera_msgs/local/lib/python3.10/dist-packages/orbbec_camera_msgs/msg/_extrinsics_s.c
-- Installing: /home/lunabotics/TAMU_SEDS_Lunabotics/ros2_ws/install/orbbec_camera_msgs/local/lib/python3.10/dist-packages/orbbec_camera_msgs/msg/_depth_filter_param.py
-- Installing: /home/lunabotics/TAMU_SEDS_Lunabotics/ros2_ws/install/orbbec_camera_msgs/local/lib/python3.10/dist-packages/orbbec_camera_msgs/msg/_extrinsics.py
-- Installing: /home/lunabotics/TAMU_SEDS_Lunabotics/ros2_ws/install/orbbec_camera_msgs/local/lib/python3.10/dist-packages/orbbec_camera_msgs/msg/_device_info.py
-- Installing: /home/lunabotics/TAMU_SEDS_Lunabotics/ros2_ws/install/orbbec_camera_msgs/local/lib/python3.10/dist-packages/orbbec_camera_msgs/msg/_depth_filter_param_s.c
-- Installing: /home/lunabotics/TAMU_SEDS_Lunabotics/ros2_ws/install/orbbec_camera_msgs/local/lib/python3.10/dist-packages/orbbec_camera_msgs/msg/_metadata.py
-- Installing: /home/lunabotics/TAMU_SEDS_Lunabotics/ros2_ws/install/orbbec_camera_msgs/local/lib/python3.10/dist-packages/orbbec_camera_msgs/msg/_rgbd.py
-- Installing: /home/lunabotics/TAMU_SEDS_Lunabotics/ros2_ws/install/orbbec_camera_msgs/local/lib/python3.10/dist-packages/orbbec_camera_msgs/msg/_device_status.py
-- Installing: /home/lunabotics/TAMU_SEDS_Lunabotics/ros2_ws/install/orbbec_camera_msgs/local/lib/python3.10/dist-packages/orbbec_camera_msgs/msg/_device_info_s.c
-- Installing: /home/lunabotics/TAMU_SEDS_Lunabotics/ros2_ws/install/orbbec_camera_msgs/local/lib/python3.10/dist-packages/orbbec_camera_msgs/msg/_depth_filters_status_s.c
-- Installing: /home/lunabotics/TAMU_SEDS_Lunabotics/ros2_ws/install/orbbec_camera_msgs/local/lib/python3.10/dist-packages/orbbec_camera_msgs/msg/_imu_info.py
-- Installing: /home/lunabotics/TAMU_SEDS_Lunabotics/ros2_ws/install/orbbec_camera_msgs/local/lib/python3.10/dist-packages/orbbec_camera_msgs/msg/_rgbd_s.c
-- Installing: /home/lunabotics/TAMU_SEDS_Lunabotics/ros2_ws/install/orbbec_camera_msgs/local/lib/python3.10/dist-packages/orbbec_camera_msgs/msg/_imu_info_s.c
-- Installing: /home/lunabotics/TAMU_SEDS_Lunabotics/ros2_ws/install/orbbec_camera_msgs/local/lib/python3.10/dist-packages/orbbec_camera_msgs/msg/_depth_filters_status.py
-- Installing: /home/lunabotics/TAMU_SEDS_Lunabotics/ros2_ws/install/orbbec_camera_msgs/local/lib/python3.10/dist-packages/orbbec_camera_msgs/msg/_device_status_s.c
-- Installing: /home/lunabotics/TAMU_SEDS_Lunabotics/ros2_ws/install/orbbec_camera_msgs/local/lib/python3.10/dist-packages/orbbec_camera_msgs/msg/_metadata_s.c
-- Installing: /home/lunabotics/TAMU_SEDS_Lunabotics/ros2_ws/install/orbbec_camera_msgs/local/lib/python3.10/dist-packages/orbbec_camera_msgs/msg/_depth_filter_state_s.c
-- Installing: /home/lunabotics/TAMU_SEDS_Lunabotics/ros2_ws/install/orbbec_camera_msgs/local/lib/python3.10/dist-packages/orbbec_camera_msgs/msg/__init__.py
-- Installing: /home/lunabotics/TAMU_SEDS_Lunabotics/ros2_ws/install/orbbec_camera_msgs/local/lib/python3.10/dist-packages/orbbec_camera_msgs/msg/_depth_filter_state.py
-- Installing: /home/lunabotics/TAMU_SEDS_Lunabotics/ros2_ws/install/orbbec_camera_msgs/local/lib/python3.10/dist-packages/orbbec_camera_msgs/_orbbec_camera_msgs_s.ep.rosidl_typesupport_introspection_c.c
-- Installing: /home/lunabotics/TAMU_SEDS_Lunabotics/ros2_ws/install/orbbec_camera_msgs/local/lib/python3.10/dist-packages/orbbec_camera_msgs/srv
-- Installing: /home/lunabotics/TAMU_SEDS_Lunabotics/ros2_ws/install/orbbec_camera_msgs/local/lib/python3.10/dist-packages/orbbec_camera_msgs/srv/_get_camera_info.py
-- Installing: /home/lunabotics/TAMU_SEDS_Lunabotics/ros2_ws/install/orbbec_camera_msgs/local/lib/python3.10/dist-packages/orbbec_camera_msgs/srv/_get_camera_info_s.c
-- Installing: /home/lunabotics/TAMU_SEDS_Lunabotics/ros2_ws/install/orbbec_camera_msgs/local/lib/python3.10/dist-packages/orbbec_camera_msgs/srv/_set_int32_s.c
-- Installing: /home/lunabotics/TAMU_SEDS_Lunabotics/ros2_ws/install/orbbec_camera_msgs/local/lib/python3.10/dist-packages/orbbec_camera_msgs/srv/_set_filter.py
-- Installing: /home/lunabotics/TAMU_SEDS_Lunabotics/ros2_ws/install/orbbec_camera_msgs/local/lib/python3.10/dist-packages/orbbec_camera_msgs/srv/_get_device_info.py
-- Installing: /home/lunabotics/TAMU_SEDS_Lunabotics/ros2_ws/install/orbbec_camera_msgs/local/lib/python3.10/dist-packages/orbbec_camera_msgs/srv/_set_string_s.c
-- Installing: /home/lunabotics/TAMU_SEDS_Lunabotics/ros2_ws/install/orbbec_camera_msgs/local/lib/python3.10/dist-packages/orbbec_camera_msgs/srv/_get_string.py
-- Installing: /home/lunabotics/TAMU_SEDS_Lunabotics/ros2_ws/install/orbbec_camera_msgs/local/lib/python3.10/dist-packages/orbbec_camera_msgs/srv/_get_bool.py
-- Installing: /home/lunabotics/TAMU_SEDS_Lunabotics/ros2_ws/install/orbbec_camera_msgs/local/lib/python3.10/dist-packages/orbbec_camera_msgs/srv/_get_user_calib_params.py
-- Installing: /home/lunabotics/TAMU_SEDS_Lunabotics/ros2_ws/install/orbbec_camera_msgs/local/lib/python3.10/dist-packages/orbbec_camera_msgs/srv/_set_int32.py
-- Installing: /home/lunabotics/TAMU_SEDS_Lunabotics/ros2_ws/install/orbbec_camera_msgs/local/lib/python3.10/dist-packages/orbbec_camera_msgs/srv/_set_string.py
-- Installing: /home/lunabotics/TAMU_SEDS_Lunabotics/ros2_ws/install/orbbec_camera_msgs/local/lib/python3.10/dist-packages/orbbec_camera_msgs/srv/_set_filter_s.c
-- Installing: /home/lunabotics/TAMU_SEDS_Lunabotics/ros2_ws/install/orbbec_camera_msgs/local/lib/python3.10/dist-packages/orbbec_camera_msgs/srv/_set_user_calib_params.py
-- Installing: /home/lunabotics/TAMU_SEDS_Lunabotics/ros2_ws/install/orbbec_camera_msgs/local/lib/python3.10/dist-packages/orbbec_camera_msgs/srv/_get_user_calib_params_s.c
-- Installing: /home/lunabotics/TAMU_SEDS_Lunabotics/ros2_ws/install/orbbec_camera_msgs/local/lib/python3.10/dist-packages/orbbec_camera_msgs/srv/_get_device_info_s.c
-- Installing: /home/lunabotics/TAMU_SEDS_Lunabotics/ros2_ws/install/orbbec_camera_msgs/local/lib/python3.10/dist-packages/orbbec_camera_msgs/srv/_set_arrays.py
-- Installing: /home/lunabotics/TAMU_SEDS_Lunabotics/ros2_ws/install/orbbec_camera_msgs/local/lib/python3.10/dist-packages/orbbec_camera_msgs/srv/_get_int32_s.c
-- Installing: /home/lunabotics/TAMU_SEDS_Lunabotics/ros2_ws/install/orbbec_camera_msgs/local/lib/python3.10/dist-packages/orbbec_camera_msgs/srv/_get_string_s.c
-- Installing: /home/lunabotics/TAMU_SEDS_Lunabotics/ros2_ws/install/orbbec_camera_msgs/local/lib/python3.10/dist-packages/orbbec_camera_msgs/srv/_get_int32.py
-- Installing: /home/lunabotics/TAMU_SEDS_Lunabotics/ros2_ws/install/orbbec_camera_msgs/local/lib/python3.10/dist-packages/orbbec_camera_msgs/srv/__init__.py
-- Installing: /home/lunabotics/TAMU_SEDS_Lunabotics/ros2_ws/install/orbbec_camera_msgs/local/lib/python3.10/dist-packages/orbbec_camera_msgs/srv/_set_arrays_s.c
-- Installing: /home/lunabotics/TAMU_SEDS_Lunabotics/ros2_ws/install/orbbec_camera_msgs/local/lib/python3.10/dist-packages/orbbec_camera_msgs/srv/_get_bool_s.c
-- Installing: /home/lunabotics/TAMU_SEDS_Lunabotics/ros2_ws/install/orbbec_camera_msgs/local/lib/python3.10/dist-packages/orbbec_camera_msgs/srv/_set_user_calib_params_s.c
-- Installing: /home/lunabotics/TAMU_SEDS_Lunabotics/ros2_ws/install/orbbec_camera_msgs/local/lib/python3.10/dist-packages/orbbec_camera_msgs/orbbec_camera_msgs_s__rosidl_typesupport_fastrtps_c.cpython-310-aarch64-linux-gnu.so
-- Installing: /home/lunabotics/TAMU_SEDS_Lunabotics/ros2_ws/install/orbbec_camera_msgs/local/lib/python3.10/dist-packages/orbbec_camera_msgs/__init__.py
-- Installing: /home/lunabotics/TAMU_SEDS_Lunabotics/ros2_ws/install/orbbec_camera_msgs/local/lib/python3.10/dist-packages/orbbec_camera_msgs/_orbbec_camera_msgs_s.ep.rosidl_typesupport_c.c
-- Installing: /home/lunabotics/TAMU_SEDS_Lunabotics/ros2_ws/install/orbbec_camera_msgs/local/lib/python3.10/dist-packages/orbbec_camera_msgs/orbbec_camera_msgs_s__rosidl_typesupport_introspection_c.cpython-310-aarch64-linux-gnu.so
Listing '/home/lunabotics/TAMU_SEDS_Lunabotics/ros2_ws/install/orbbec_camera_msgs/local/lib/python3.10/dist-packages/orbbec_camera_msgs'...
Compiling '/home/lunabotics/TAMU_SEDS_Lunabotics/ros2_ws/install/orbbec_camera_msgs/local/lib/python3.10/dist-packages/orbbec_camera_msgs/__init__.py'...
Listing '/home/lunabotics/TAMU_SEDS_Lunabotics/ros2_ws/install/orbbec_camera_msgs/local/lib/python3.10/dist-packages/orbbec_camera_msgs/msg'...
Compiling '/home/lunabotics/TAMU_SEDS_Lunabotics/ros2_ws/install/orbbec_camera_msgs/local/lib/python3.10/dist-packages/orbbec_camera_msgs/msg/__init__.py'...
Compiling '/home/lunabotics/TAMU_SEDS_Lunabotics/ros2_ws/install/orbbec_camera_msgs/local/lib/python3.10/dist-packages/orbbec_camera_msgs/msg/_depth_filter_param.py'...
Compiling '/home/lunabotics/TAMU_SEDS_Lunabotics/ros2_ws/install/orbbec_camera_msgs/local/lib/python3.10/dist-packages/orbbec_camera_msgs/msg/_depth_filter_state.py'...
Compiling '/home/lunabotics/TAMU_SEDS_Lunabotics/ros2_ws/install/orbbec_camera_msgs/local/lib/python3.10/dist-packages/orbbec_camera_msgs/msg/_depth_filters_status.py'...
Compiling '/home/lunabotics/TAMU_SEDS_Lunabotics/ros2_ws/install/orbbec_camera_msgs/local/lib/python3.10/dist-packages/orbbec_camera_msgs/msg/_device_info.py'...
Compiling '/home/lunabotics/TAMU_SEDS_Lunabotics/ros2_ws/install/orbbec_camera_msgs/local/lib/python3.10/dist-packages/orbbec_camera_msgs/msg/_device_status.py'...
Compiling '/home/lunabotics/TAMU_SEDS_Lunabotics/ros2_ws/install/orbbec_camera_msgs/local/lib/python3.10/dist-packages/orbbec_camera_msgs/msg/_extrinsics.py'...
Compiling '/home/lunabotics/TAMU_SEDS_Lunabotics/ros2_ws/install/orbbec_camera_msgs/local/lib/python3.10/dist-packages/orbbec_camera_msgs/msg/_imu_info.py'...
Compiling '/home/lunabotics/TAMU_SEDS_Lunabotics/ros2_ws/install/orbbec_camera_msgs/local/lib/python3.10/dist-packages/orbbec_camera_msgs/msg/_metadata.py'...
Compiling '/home/lunabotics/TAMU_SEDS_Lunabotics/ros2_ws/install/orbbec_camera_msgs/local/lib/python3.10/dist-packages/orbbec_camera_msgs/msg/_rgbd.py'...
Listing '/home/lunabotics/TAMU_SEDS_Lunabotics/ros2_ws/install/orbbec_camera_msgs/local/lib/python3.10/dist-packages/orbbec_camera_msgs/srv'...
Compiling '/home/lunabotics/TAMU_SEDS_Lunabotics/ros2_ws/install/orbbec_camera_msgs/local/lib/python3.10/dist-packages/orbbec_camera_msgs/srv/__init__.py'...
Compiling '/home/lunabotics/TAMU_SEDS_Lunabotics/ros2_ws/install/orbbec_camera_msgs/local/lib/python3.10/dist-packages/orbbec_camera_msgs/srv/_get_bool.py'...
Compiling '/home/lunabotics/TAMU_SEDS_Lunabotics/ros2_ws/install/orbbec_camera_msgs/local/lib/python3.10/dist-packages/orbbec_camera_msgs/srv/_get_camera_info.py'...
Compiling '/home/lunabotics/TAMU_SEDS_Lunabotics/ros2_ws/install/orbbec_camera_msgs/local/lib/python3.10/dist-packages/orbbec_camera_msgs/srv/_get_device_info.py'...
Compiling '/home/lunabotics/TAMU_SEDS_Lunabotics/ros2_ws/install/orbbec_camera_msgs/local/lib/python3.10/dist-packages/orbbec_camera_msgs/srv/_get_int32.py'...
Compiling '/home/lunabotics/TAMU_SEDS_Lunabotics/ros2_ws/install/orbbec_camera_msgs/local/lib/python3.10/dist-packages/orbbec_camera_msgs/srv/_get_string.py'...
Compiling '/home/lunabotics/TAMU_SEDS_Lunabotics/ros2_ws/install/orbbec_camera_msgs/local/lib/python3.10/dist-packages/orbbec_camera_msgs/srv/_get_user_calib_params.py'...
Compiling '/home/lunabotics/TAMU_SEDS_Lunabotics/ros2_ws/install/orbbec_camera_msgs/local/lib/python3.10/dist-packages/orbbec_camera_msgs/srv/_set_arrays.py'...
Compiling '/home/lunabotics/TAMU_SEDS_Lunabotics/ros2_ws/install/orbbec_camera_msgs/local/lib/python3.10/dist-packages/orbbec_camera_msgs/srv/_set_filter.py'...
Compiling '/home/lunabotics/TAMU_SEDS_Lunabotics/ros2_ws/install/orbbec_camera_msgs/local/lib/python3.10/dist-packages/orbbec_camera_msgs/srv/_set_int32.py'...
Compiling '/home/lunabotics/TAMU_SEDS_Lunabotics/ros2_ws/install/orbbec_camera_msgs/local/lib/python3.10/dist-packages/orbbec_camera_msgs/srv/_set_string.py'...
Compiling '/home/lunabotics/TAMU_SEDS_Lunabotics/ros2_ws/install/orbbec_camera_msgs/local/lib/python3.10/dist-packages/orbbec_camera_msgs/srv/_set_user_calib_params.py'...
-- Installing: /home/lunabotics/TAMU_SEDS_Lunabotics/ros2_ws/install/orbbec_camera_msgs/local/lib/python3.10/dist-packages/orbbec_camera_msgs/orbbec_camera_msgs_s__rosidl_typesupport_fastrtps_c.cpython-310-aarch64-linux-gnu.so
-- Set runtime path of "/home/lunabotics/TAMU_SEDS_Lunabotics/ros2_ws/install/orbbec_camera_msgs/local/lib/python3.10/dist-packages/orbbec_camera_msgs/orbbec_camera_msgs_s__rosidl_typesupport_fastrtps_c.cpython-310-aarch64-linux-gnu.so" to ""
-- Installing: /home/lunabotics/TAMU_SEDS_Lunabotics/ros2_ws/install/orbbec_camera_msgs/local/lib/python3.10/dist-packages/orbbec_camera_msgs/orbbec_camera_msgs_s__rosidl_typesupport_introspection_c.cpython-310-aarch64-linux-gnu.so
-- Set runtime path of "/home/lunabotics/TAMU_SEDS_Lunabotics/ros2_ws/install/orbbec_camera_msgs/local/lib/python3.10/dist-packages/orbbec_camera_msgs/orbbec_camera_msgs_s__rosidl_typesupport_introspection_c.cpython-310-aarch64-linux-gnu.so" to ""
-- Installing: /home/lunabotics/TAMU_SEDS_Lunabotics/ros2_ws/install/orbbec_camera_msgs/local/lib/python3.10/dist-packages/orbbec_camera_msgs/orbbec_camera_msgs_s__rosidl_typesupport_c.cpython-310-aarch64-linux-gnu.so
-- Set runtime path of "/home/lunabotics/TAMU_SEDS_Lunabotics/ros2_ws/install/orbbec_camera_msgs/local/lib/python3.10/dist-packages/orbbec_camera_msgs/orbbec_camera_msgs_s__rosidl_typesupport_c.cpython-310-aarch64-linux-gnu.so" to ""
-- Installing: /home/lunabotics/TAMU_SEDS_Lunabotics/ros2_ws/install/orbbec_camera_msgs/lib/liborbbec_camera_msgs__rosidl_generator_py.so
-- Set runtime path of "/home/lunabotics/TAMU_SEDS_Lunabotics/ros2_ws/install/orbbec_camera_msgs/lib/liborbbec_camera_msgs__rosidl_generator_py.so" to ""
-- Installing: /home/lunabotics/TAMU_SEDS_Lunabotics/ros2_ws/install/orbbec_camera_msgs/share/ament_index/resource_index/rust_packages/orbbec_camera_msgs
-- Installing: /home/lunabotics/TAMU_SEDS_Lunabotics/ros2_ws/install/orbbec_camera_msgs/share/orbbec_camera_msgs/rust
-- Installing: /home/lunabotics/TAMU_SEDS_Lunabotics/ros2_ws/install/orbbec_camera_msgs/share/orbbec_camera_msgs/rust/Cargo.toml
-- Installing: /home/lunabotics/TAMU_SEDS_Lunabotics/ros2_ws/install/orbbec_camera_msgs/share/orbbec_camera_msgs/rust/build.rs
-- Installing: /home/lunabotics/TAMU_SEDS_Lunabotics/ros2_ws/install/orbbec_camera_msgs/share/orbbec_camera_msgs/rust/src
-- Installing: /home/lunabotics/TAMU_SEDS_Lunabotics/ros2_ws/install/orbbec_camera_msgs/share/orbbec_camera_msgs/rust/src/msg
-- Installing: /home/lunabotics/TAMU_SEDS_Lunabotics/ros2_ws/install/orbbec_camera_msgs/share/orbbec_camera_msgs/rust/src/msg/rmw.rs
-- Installing: /home/lunabotics/TAMU_SEDS_Lunabotics/ros2_ws/install/orbbec_camera_msgs/share/orbbec_camera_msgs/rust/src/srv
-- Installing: /home/lunabotics/TAMU_SEDS_Lunabotics/ros2_ws/install/orbbec_camera_msgs/share/orbbec_camera_msgs/rust/src/srv/rmw.rs
-- Installing: /home/lunabotics/TAMU_SEDS_Lunabotics/ros2_ws/install/orbbec_camera_msgs/share/orbbec_camera_msgs/rust/src/srv.rs
-- Installing: /home/lunabotics/TAMU_SEDS_Lunabotics/ros2_ws/install/orbbec_camera_msgs/share/orbbec_camera_msgs/rust/src/lib.rs
-- Installing: /home/lunabotics/TAMU_SEDS_Lunabotics/ros2_ws/install/orbbec_camera_msgs/share/orbbec_camera_msgs/rust/src/msg.rs
-- Installing: /home/lunabotics/TAMU_SEDS_Lunabotics/ros2_ws/install/orbbec_camera_msgs/share/orbbec_camera_msgs/msg/DeviceInfo.idl
-- Installing: /home/lunabotics/TAMU_SEDS_Lunabotics/ros2_ws/install/orbbec_camera_msgs/share/orbbec_camera_msgs/msg/DeviceStatus.idl
-- Installing: /home/lunabotics/TAMU_SEDS_Lunabotics/ros2_ws/install/orbbec_camera_msgs/share/orbbec_camera_msgs/msg/DepthFilterParam.idl
-- Installing: /home/lunabotics/TAMU_SEDS_Lunabotics/ros2_ws/install/orbbec_camera_msgs/share/orbbec_camera_msgs/msg/DepthFilterState.idl
-- Installing: /home/lunabotics/TAMU_SEDS_Lunabotics/ros2_ws/install/orbbec_camera_msgs/share/orbbec_camera_msgs/msg/DepthFiltersStatus.idl
-- Installing: /home/lunabotics/TAMU_SEDS_Lunabotics/ros2_ws/install/orbbec_camera_msgs/share/orbbec_camera_msgs/msg/Extrinsics.idl
-- Installing: /home/lunabotics/TAMU_SEDS_Lunabotics/ros2_ws/install/orbbec_camera_msgs/share/orbbec_camera_msgs/msg/Metadata.idl
-- Installing: /home/lunabotics/TAMU_SEDS_Lunabotics/ros2_ws/install/orbbec_camera_msgs/share/orbbec_camera_msgs/msg/IMUInfo.idl
-- Installing: /home/lunabotics/TAMU_SEDS_Lunabotics/ros2_ws/install/orbbec_camera_msgs/share/orbbec_camera_msgs/msg/RGBD.idl
-- Installing: /home/lunabotics/TAMU_SEDS_Lunabotics/ros2_ws/install/orbbec_camera_msgs/share/orbbec_camera_msgs/srv/GetBool.idl
-- Installing: /home/lunabotics/TAMU_SEDS_Lunabotics/ros2_ws/install/orbbec_camera_msgs/share/orbbec_camera_msgs/srv/GetDeviceInfo.idl
-- Installing: /home/lunabotics/TAMU_SEDS_Lunabotics/ros2_ws/install/orbbec_camera_msgs/share/orbbec_camera_msgs/srv/GetCameraInfo.idl
-- Installing: /home/lunabotics/TAMU_SEDS_Lunabotics/ros2_ws/install/orbbec_camera_msgs/share/orbbec_camera_msgs/srv/GetInt32.idl
-- Installing: /home/lunabotics/TAMU_SEDS_Lunabotics/ros2_ws/install/orbbec_camera_msgs/share/orbbec_camera_msgs/srv/GetString.idl
-- Installing: /home/lunabotics/TAMU_SEDS_Lunabotics/ros2_ws/install/orbbec_camera_msgs/share/orbbec_camera_msgs/srv/SetFilter.idl
-- Installing: /home/lunabotics/TAMU_SEDS_Lunabotics/ros2_ws/install/orbbec_camera_msgs/share/orbbec_camera_msgs/srv/SetInt32.idl
-- Installing: /home/lunabotics/TAMU_SEDS_Lunabotics/ros2_ws/install/orbbec_camera_msgs/share/orbbec_camera_msgs/srv/SetString.idl
-- Installing: /home/lunabotics/TAMU_SEDS_Lunabotics/ros2_ws/install/orbbec_camera_msgs/share/orbbec_camera_msgs/srv/SetArrays.idl
-- Installing: /home/lunabotics/TAMU_SEDS_Lunabotics/ros2_ws/install/orbbec_camera_msgs/share/orbbec_camera_msgs/srv/GetUserCalibParams.idl
-- Installing: /home/lunabotics/TAMU_SEDS_Lunabotics/ros2_ws/install/orbbec_camera_msgs/share/orbbec_camera_msgs/srv/SetUserCalibParams.idl
-- Installing: /home/lunabotics/TAMU_SEDS_Lunabotics/ros2_ws/install/orbbec_camera_msgs/share/orbbec_camera_msgs/msg/DeviceInfo.msg
-- Installing: /home/lunabotics/TAMU_SEDS_Lunabotics/ros2_ws/install/orbbec_camera_msgs/share/orbbec_camera_msgs/msg/DeviceStatus.msg
-- Installing: /home/lunabotics/TAMU_SEDS_Lunabotics/ros2_ws/install/orbbec_camera_msgs/share/orbbec_camera_msgs/msg/DepthFilterParam.msg
-- Installing: /home/lunabotics/TAMU_SEDS_Lunabotics/ros2_ws/install/orbbec_camera_msgs/share/orbbec_camera_msgs/msg/DepthFilterState.msg
-- Installing: /home/lunabotics/TAMU_SEDS_Lunabotics/ros2_ws/install/orbbec_camera_msgs/share/orbbec_camera_msgs/msg/DepthFiltersStatus.msg
-- Installing: /home/lunabotics/TAMU_SEDS_Lunabotics/ros2_ws/install/orbbec_camera_msgs/share/orbbec_camera_msgs/msg/Extrinsics.msg
-- Installing: /home/lunabotics/TAMU_SEDS_Lunabotics/ros2_ws/install/orbbec_camera_msgs/share/orbbec_camera_msgs/msg/Metadata.msg
-- Installing: /home/lunabotics/TAMU_SEDS_Lunabotics/ros2_ws/install/orbbec_camera_msgs/share/orbbec_camera_msgs/msg/IMUInfo.msg
-- Installing: /home/lunabotics/TAMU_SEDS_Lunabotics/ros2_ws/install/orbbec_camera_msgs/share/orbbec_camera_msgs/msg/RGBD.msg
-- Installing: /home/lunabotics/TAMU_SEDS_Lunabotics/ros2_ws/install/orbbec_camera_msgs/share/orbbec_camera_msgs/srv/GetBool.srv
-- Installing: /home/lunabotics/TAMU_SEDS_Lunabotics/ros2_ws/install/orbbec_camera_msgs/share/orbbec_camera_msgs/srv/GetBool_Request.msg
-- Installing: /home/lunabotics/TAMU_SEDS_Lunabotics/ros2_ws/install/orbbec_camera_msgs/share/orbbec_camera_msgs/srv/GetBool_Response.msg
-- Installing: /home/lunabotics/TAMU_SEDS_Lunabotics/ros2_ws/install/orbbec_camera_msgs/share/orbbec_camera_msgs/srv/GetDeviceInfo.srv
-- Installing: /home/lunabotics/TAMU_SEDS_Lunabotics/ros2_ws/install/orbbec_camera_msgs/share/orbbec_camera_msgs/srv/GetDeviceInfo_Request.msg
-- Installing: /home/lunabotics/TAMU_SEDS_Lunabotics/ros2_ws/install/orbbec_camera_msgs/share/orbbec_camera_msgs/srv/GetDeviceInfo_Response.msg
-- Installing: /home/lunabotics/TAMU_SEDS_Lunabotics/ros2_ws/install/orbbec_camera_msgs/share/orbbec_camera_msgs/srv/GetCameraInfo.srv
-- Installing: /home/lunabotics/TAMU_SEDS_Lunabotics/ros2_ws/install/orbbec_camera_msgs/share/orbbec_camera_msgs/srv/GetCameraInfo_Request.msg
-- Installing: /home/lunabotics/TAMU_SEDS_Lunabotics/ros2_ws/install/orbbec_camera_msgs/share/orbbec_camera_msgs/srv/GetCameraInfo_Response.msg
-- Installing: /home/lunabotics/TAMU_SEDS_Lunabotics/ros2_ws/install/orbbec_camera_msgs/share/orbbec_camera_msgs/srv/GetInt32.srv
-- Installing: /home/lunabotics/TAMU_SEDS_Lunabotics/ros2_ws/install/orbbec_camera_msgs/share/orbbec_camera_msgs/srv/GetInt32_Request.msg
-- Installing: /home/lunabotics/TAMU_SEDS_Lunabotics/ros2_ws/install/orbbec_camera_msgs/share/orbbec_camera_msgs/srv/GetInt32_Response.msg
-- Installing: /home/lunabotics/TAMU_SEDS_Lunabotics/ros2_ws/install/orbbec_camera_msgs/share/orbbec_camera_msgs/srv/GetString.srv
-- Installing: /home/lunabotics/TAMU_SEDS_Lunabotics/ros2_ws/install/orbbec_camera_msgs/share/orbbec_camera_msgs/srv/GetString_Request.msg
-- Installing: /home/lunabotics/TAMU_SEDS_Lunabotics/ros2_ws/install/orbbec_camera_msgs/share/orbbec_camera_msgs/srv/GetString_Response.msg
-- Installing: /home/lunabotics/TAMU_SEDS_Lunabotics/ros2_ws/install/orbbec_camera_msgs/share/orbbec_camera_msgs/srv/SetFilter.srv
-- Installing: /home/lunabotics/TAMU_SEDS_Lunabotics/ros2_ws/install/orbbec_camera_msgs/share/orbbec_camera_msgs/srv/SetFilter_Request.msg
-- Installing: /home/lunabotics/TAMU_SEDS_Lunabotics/ros2_ws/install/orbbec_camera_msgs/share/orbbec_camera_msgs/srv/SetFilter_Response.msg
-- Installing: /home/lunabotics/TAMU_SEDS_Lunabotics/ros2_ws/install/orbbec_camera_msgs/share/orbbec_camera_msgs/srv/SetInt32.srv
-- Installing: /home/lunabotics/TAMU_SEDS_Lunabotics/ros2_ws/install/orbbec_camera_msgs/share/orbbec_camera_msgs/srv/SetInt32_Request.msg
-- Installing: /home/lunabotics/TAMU_SEDS_Lunabotics/ros2_ws/install/orbbec_camera_msgs/share/orbbec_camera_msgs/srv/SetInt32_Response.msg
-- Installing: /home/lunabotics/TAMU_SEDS_Lunabotics/ros2_ws/install/orbbec_camera_msgs/share/orbbec_camera_msgs/srv/SetString.srv
-- Installing: /home/lunabotics/TAMU_SEDS_Lunabotics/ros2_ws/install/orbbec_camera_msgs/share/orbbec_camera_msgs/srv/SetString_Request.msg
-- Installing: /home/lunabotics/TAMU_SEDS_Lunabotics/ros2_ws/install/orbbec_camera_msgs/share/orbbec_camera_msgs/srv/SetString_Response.msg
-- Installing: /home/lunabotics/TAMU_SEDS_Lunabotics/ros2_ws/install/orbbec_camera_msgs/share/orbbec_camera_msgs/srv/SetArrays.srv
-- Installing: /home/lunabotics/TAMU_SEDS_Lunabotics/ros2_ws/install/orbbec_camera_msgs/share/orbbec_camera_msgs/srv/SetArrays_Request.msg
-- Installing: /home/lunabotics/TAMU_SEDS_Lunabotics/ros2_ws/install/orbbec_camera_msgs/share/orbbec_camera_msgs/srv/SetArrays_Response.msg
-- Installing: /home/lunabotics/TAMU_SEDS_Lunabotics/ros2_ws/install/orbbec_camera_msgs/share/orbbec_camera_msgs/srv/GetUserCalibParams.srv
-- Installing: /home/lunabotics/TAMU_SEDS_Lunabotics/ros2_ws/install/orbbec_camera_msgs/share/orbbec_camera_msgs/srv/GetUserCalibParams_Request.msg
-- Installing: /home/lunabotics/TAMU_SEDS_Lunabotics/ros2_ws/install/orbbec_camera_msgs/share/orbbec_camera_msgs/srv/GetUserCalibParams_Response.msg
-- Installing: /home/lunabotics/TAMU_SEDS_Lunabotics/ros2_ws/install/orbbec_camera_msgs/share/orbbec_camera_msgs/srv/SetUserCalibParams.srv
-- Installing: /home/lunabotics/TAMU_SEDS_Lunabotics/ros2_ws/install/orbbec_camera_msgs/share/orbbec_camera_msgs/srv/SetUserCalibParams_Request.msg
-- Installing: /home/lunabotics/TAMU_SEDS_Lunabotics/ros2_ws/install/orbbec_camera_msgs/share/orbbec_camera_msgs/srv/SetUserCalibParams_Response.msg
-- Installing: /home/lunabotics/TAMU_SEDS_Lunabotics/ros2_ws/install/orbbec_camera_msgs/share/ament_index/resource_index/package_run_dependencies/orbbec_camera_msgs
-- Installing: /home/lunabotics/TAMU_SEDS_Lunabotics/ros2_ws/install/orbbec_camera_msgs/share/ament_index/resource_index/parent_prefix_path/orbbec_camera_msgs
-- Installing: /home/lunabotics/TAMU_SEDS_Lunabotics/ros2_ws/install/orbbec_camera_msgs/share/orbbec_camera_msgs/environment/ament_prefix_path.sh
-- Installing: /home/lunabotics/TAMU_SEDS_Lunabotics/ros2_ws/install/orbbec_camera_msgs/share/orbbec_camera_msgs/environment/ament_prefix_path.dsv
-- Installing: /home/lunabotics/TAMU_SEDS_Lunabotics/ros2_ws/install/orbbec_camera_msgs/share/orbbec_camera_msgs/environment/path.sh
-- Installing: /home/lunabotics/TAMU_SEDS_Lunabotics/ros2_ws/install/orbbec_camera_msgs/share/orbbec_camera_msgs/environment/path.dsv
-- Installing: /home/lunabotics/TAMU_SEDS_Lunabotics/ros2_ws/install/orbbec_camera_msgs/share/orbbec_camera_msgs/local_setup.bash
-- Installing: /home/lunabotics/TAMU_SEDS_Lunabotics/ros2_ws/install/orbbec_camera_msgs/share/orbbec_camera_msgs/local_setup.sh
-- Installing: /home/lunabotics/TAMU_SEDS_Lunabotics/ros2_ws/install/orbbec_camera_msgs/share/orbbec_camera_msgs/local_setup.zsh
-- Installing: /home/lunabotics/TAMU_SEDS_Lunabotics/ros2_ws/install/orbbec_camera_msgs/share/orbbec_camera_msgs/local_setup.dsv
-- Installing: /home/lunabotics/TAMU_SEDS_Lunabotics/ros2_ws/install/orbbec_camera_msgs/share/orbbec_camera_msgs/package.dsv
-- Installing: /home/lunabotics/TAMU_SEDS_Lunabotics/ros2_ws/install/orbbec_camera_msgs/share/ament_index/resource_index/packages/orbbec_camera_msgs
-- Installing: /home/lunabotics/TAMU_SEDS_Lunabotics/ros2_ws/install/orbbec_camera_msgs/share/orbbec_camera_msgs/cmake/export_orbbec_camera_msgs__rosidl_generator_cExport.cmake
-- Installing: /home/lunabotics/TAMU_SEDS_Lunabotics/ros2_ws/install/orbbec_camera_msgs/share/orbbec_camera_msgs/cmake/export_orbbec_camera_msgs__rosidl_generator_cExport-noconfig.cmake
-- Installing: /home/lunabotics/TAMU_SEDS_Lunabotics/ros2_ws/install/orbbec_camera_msgs/share/orbbec_camera_msgs/cmake/export_orbbec_camera_msgs__rosidl_typesupport_fastrtps_cExport.cmake
-- Installing: /home/lunabotics/TAMU_SEDS_Lunabotics/ros2_ws/install/orbbec_camera_msgs/share/orbbec_camera_msgs/cmake/export_orbbec_camera_msgs__rosidl_typesupport_fastrtps_cExport-noconfig.cmake
-- Installing: /home/lunabotics/TAMU_SEDS_Lunabotics/ros2_ws/install/orbbec_camera_msgs/share/orbbec_camera_msgs/cmake/orbbec_camera_msgs__rosidl_typesupport_introspection_cExport.cmake
-- Installing: /home/lunabotics/TAMU_SEDS_Lunabotics/ros2_ws/install/orbbec_camera_msgs/share/orbbec_camera_msgs/cmake/orbbec_camera_msgs__rosidl_typesupport_introspection_cExport-noconfig.cmake
-- Installing: /home/lunabotics/TAMU_SEDS_Lunabotics/ros2_ws/install/orbbec_camera_msgs/share/orbbec_camera_msgs/cmake/orbbec_camera_msgs__rosidl_typesupport_cExport.cmake
-- Installing: /home/lunabotics/TAMU_SEDS_Lunabotics/ros2_ws/install/orbbec_camera_msgs/share/orbbec_camera_msgs/cmake/orbbec_camera_msgs__rosidl_typesupport_cExport-noconfig.cmake
-- Installing: /home/lunabotics/TAMU_SEDS_Lunabotics/ros2_ws/install/orbbec_camera_msgs/share/orbbec_camera_msgs/cmake/export_orbbec_camera_msgs__rosidl_generator_cppExport.cmake
-- Installing: /home/lunabotics/TAMU_SEDS_Lunabotics/ros2_ws/install/orbbec_camera_msgs/share/orbbec_camera_msgs/cmake/export_orbbec_camera_msgs__rosidl_typesupport_fastrtps_cppExport.cmake
-- Installing: /home/lunabotics/TAMU_SEDS_Lunabotics/ros2_ws/install/orbbec_camera_msgs/share/orbbec_camera_msgs/cmake/export_orbbec_camera_msgs__rosidl_typesupport_fastrtps_cppExport-noconfig.cmake
-- Installing: /home/lunabotics/TAMU_SEDS_Lunabotics/ros2_ws/install/orbbec_camera_msgs/share/orbbec_camera_msgs/cmake/orbbec_camera_msgs__rosidl_typesupport_introspection_cppExport.cmake
-- Installing: /home/lunabotics/TAMU_SEDS_Lunabotics/ros2_ws/install/orbbec_camera_msgs/share/orbbec_camera_msgs/cmake/orbbec_camera_msgs__rosidl_typesupport_introspection_cppExport-noconfig.cmake
-- Installing: /home/lunabotics/TAMU_SEDS_Lunabotics/ros2_ws/install/orbbec_camera_msgs/share/orbbec_camera_msgs/cmake/orbbec_camera_msgs__rosidl_typesupport_cppExport.cmake
-- Installing: /home/lunabotics/TAMU_SEDS_Lunabotics/ros2_ws/install/orbbec_camera_msgs/share/orbbec_camera_msgs/cmake/orbbec_camera_msgs__rosidl_typesupport_cppExport-noconfig.cmake
-- Installing: /home/lunabotics/TAMU_SEDS_Lunabotics/ros2_ws/install/orbbec_camera_msgs/share/orbbec_camera_msgs/cmake/export_orbbec_camera_msgs__rosidl_generator_pyExport.cmake
-- Installing: /home/lunabotics/TAMU_SEDS_Lunabotics/ros2_ws/install/orbbec_camera_msgs/share/orbbec_camera_msgs/cmake/export_orbbec_camera_msgs__rosidl_generator_pyExport-noconfig.cmake
-- Installing: /home/lunabotics/TAMU_SEDS_Lunabotics/ros2_ws/install/orbbec_camera_msgs/share/orbbec_camera_msgs/cmake/rosidl_cmake-extras.cmake
-- Installing: /home/lunabotics/TAMU_SEDS_Lunabotics/ros2_ws/install/orbbec_camera_msgs/share/orbbec_camera_msgs/cmake/ament_cmake_export_dependencies-extras.cmake
-- Installing: /home/lunabotics/TAMU_SEDS_Lunabotics/ros2_ws/install/orbbec_camera_msgs/share/orbbec_camera_msgs/cmake/ament_cmake_export_include_directories-extras.cmake
-- Installing: /home/lunabotics/TAMU_SEDS_Lunabotics/ros2_ws/install/orbbec_camera_msgs/share/orbbec_camera_msgs/cmake/ament_cmake_export_libraries-extras.cmake
-- Installing: /home/lunabotics/TAMU_SEDS_Lunabotics/ros2_ws/install/orbbec_camera_msgs/share/orbbec_camera_msgs/cmake/ament_cmake_export_targets-extras.cmake
-- Installing: /home/lunabotics/TAMU_SEDS_Lunabotics/ros2_ws/install/orbbec_camera_msgs/share/orbbec_camera_msgs/cmake/rosidl_cmake_export_typesupport_targets-extras.cmake
-- Installing: /home/lunabotics/TAMU_SEDS_Lunabotics/ros2_ws/install/orbbec_camera_msgs/share/orbbec_camera_msgs/cmake/rosidl_cmake_export_typesupport_libraries-extras.cmake
-- Installing: /home/lunabotics/TAMU_SEDS_Lunabotics/ros2_ws/install/orbbec_camera_msgs/share/orbbec_camera_msgs/cmake/orbbec_camera_msgsConfig.cmake
-- Installing: /home/lunabotics/TAMU_SEDS_Lunabotics/ros2_ws/install/orbbec_camera_msgs/share/orbbec_camera_msgs/cmake/orbbec_camera_msgsConfig-version.cmake
-- Installing: /home/lunabotics/TAMU_SEDS_Lunabotics/ros2_ws/install/orbbec_camera_msgs/share/orbbec_camera_msgs/package.xml
