[0.236s] DEBUG:colcon:Command line arguments: ['/usr/bin/colcon', 'build', '--packages-select', 'astra_camera']
[0.236s] DEBUG:colcon:Parsed command line arguments: Namespace(log_base=None, log_level=None, verb_name='build', build_base='build', install_base='install', merge_install=False, symlink_install=False, test_result_base=None, continue_on_error=False, executor='parallel', parallel_workers=6, event_handlers=None, ignore_user_meta=False, metas=['./colcon.meta'], base_paths=['.'], packages_ignore=None, packages_ignore_regex=None, paths=None, packages_up_to=None, packages_up_to_regex=None, packages_above=None, packages_above_and_dependencies=None, packages_above_depth=None, packages_select_by_dep=None, packages_skip_by_dep=None, packages_skip_up_to=None, packages_select_build_failed=False, packages_skip_build_finished=False, packages_select_test_failures=False, packages_skip_test_passed=False, packages_select=['astra_camera'], packages_skip=None, packages_select_regex=None, packages_skip_regex=None, packages_start=None, packages_end=None, allow_overriding=[], cmake_args=None, cmake_target=None, cmake_target_skip_unavailable=False, cmake_clean_cache=False, cmake_clean_first=False, cmake_force_configure=False, ament_cmake_args=None, catkin_cmake_args=None, catkin_skip_building_tests=False, verb_parser=<colcon_defaults.argument_parser.defaults.DefaultArgumentsDecorator object at 0xffffbc67a770>, verb_extension=<colcon_core.verb.build.BuildVerb object at 0xffffbc67a260>, main=<bound method BuildVerb.main of <colcon_core.verb.build.BuildVerb object at 0xffffbc67a260>>)
[0.607s] Level 1:colcon.colcon_core.package_discovery:discover_packages(colcon_meta) check parameters
[0.608s] Level 1:colcon.colcon_core.package_discovery:discover_packages(recursive) check parameters
[0.608s] Level 1:colcon.colcon_core.package_discovery:discover_packages(ignore) check parameters
[0.608s] Level 1:colcon.colcon_core.package_discovery:discover_packages(path) check parameters
[0.608s] Level 1:colcon.colcon_core.package_discovery:discover_packages(colcon_meta) discover
[0.608s] Level 1:colcon.colcon_core.package_discovery:discover_packages(recursive) discover
[0.608s] INFO:colcon.colcon_core.package_discovery:Crawling recursively for packages in '/home/lunabotics/TAMU_SEDS_Lunabotics/ros2_ws'
[0.609s] Level 1:colcon.colcon_core.package_identification:_identify(.) by extensions ['ignore', 'ignore_ament_install']
[0.609s] Level 1:colcon.colcon_core.package_identification:_identify(.) by extension 'ignore'
[0.609s] Level 1:colcon.colcon_core.package_identification:_identify(.) by extension 'ignore_ament_install'
[0.609s] Level 1:colcon.colcon_core.package_identification:_identify(.) by extensions ['colcon_pkg']
[0.609s] Level 1:colcon.colcon_core.package_identification:_identify(.) by extension 'colcon_pkg'
[0.609s] Level 1:colcon.colcon_core.package_identification:_identify(.) by extensions ['colcon_meta']
[0.609s] Level 1:colcon.colcon_core.package_identification:_identify(.) by extension 'colcon_meta'
[0.610s] Level 1:colcon.colcon_core.package_identification:_identify(.) by extensions ['ros']
[0.610s] Level 1:colcon.colcon_core.package_identification:_identify(.) by extension 'ros'
[0.636s] Level 1:colcon.colcon_core.package_identification:_identify(.) by extensions ['cmake', 'python']
[0.636s] Level 1:colcon.colcon_core.package_identification:_identify(.) by extension 'cmake'
[0.636s] Level 1:colcon.colcon_core.package_identification:_identify(.) by extension 'python'
[0.636s] Level 1:colcon.colcon_core.package_identification:_identify(.) by extensions ['python_setup_py']
[0.636s] Level 1:colcon.colcon_core.package_identification:_identify(.) by extension 'python_setup_py'
[0.637s] Level 1:colcon.colcon_core.package_identification:_identify(build) by extensions ['ignore', 'ignore_ament_install']
[0.637s] Level 1:colcon.colcon_core.package_identification:_identify(build) by extension 'ignore'
[0.637s] Level 1:colcon.colcon_core.package_identification:_identify(build) ignored
[0.637s] Level 1:colcon.colcon_core.package_identification:_identify(install) by extensions ['ignore', 'ignore_ament_install']
[0.638s] Level 1:colcon.colcon_core.package_identification:_identify(install) by extension 'ignore'
[0.638s] Level 1:colcon.colcon_core.package_identification:_identify(install) ignored
[0.638s] Level 1:colcon.colcon_core.package_identification:_identify(log) by extensions ['ignore', 'ignore_ament_install']
[0.638s] Level 1:colcon.colcon_core.package_identification:_identify(log) by extension 'ignore'
[0.638s] Level 1:colcon.colcon_core.package_identification:_identify(log) ignored
[0.638s] Level 1:colcon.colcon_core.package_identification:_identify(src) by extensions ['ignore', 'ignore_ament_install']
[0.639s] Level 1:colcon.colcon_core.package_identification:_identify(src) by extension 'ignore'
[0.639s] Level 1:colcon.colcon_core.package_identification:_identify(src) by extension 'ignore_ament_install'
[0.639s] Level 1:colcon.colcon_core.package_identification:_identify(src) by extensions ['colcon_pkg']
[0.639s] Level 1:colcon.colcon_core.package_identification:_identify(src) by extension 'colcon_pkg'
[0.639s] Level 1:colcon.colcon_core.package_identification:_identify(src) by extensions ['colcon_meta']
[0.639s] Level 1:colcon.colcon_core.package_identification:_identify(src) by extension 'colcon_meta'
[0.639s] Level 1:colcon.colcon_core.package_identification:_identify(src) by extensions ['ros']
[0.639s] Level 1:colcon.colcon_core.package_identification:_identify(src) by extension 'ros'
[0.639s] Level 1:colcon.colcon_core.package_identification:_identify(src) by extensions ['cmake', 'python']
[0.639s] Level 1:colcon.colcon_core.package_identification:_identify(src) by extension 'cmake'
[0.640s] Level 1:colcon.colcon_core.package_identification:_identify(src) by extension 'python'
[0.640s] Level 1:colcon.colcon_core.package_identification:_identify(src) by extensions ['python_setup_py']
[0.640s] Level 1:colcon.colcon_core.package_identification:_identify(src) by extension 'python_setup_py'
[0.640s] Level 1:colcon.colcon_core.package_identification:_identify(src/OrbbecSDK_ROS2) by extensions ['ignore', 'ignore_ament_install']
[0.640s] Level 1:colcon.colcon_core.package_identification:_identify(src/OrbbecSDK_ROS2) by extension 'ignore'
[0.640s] Level 1:colcon.colcon_core.package_identification:_identify(src/OrbbecSDK_ROS2) by extension 'ignore_ament_install'
[0.640s] Level 1:colcon.colcon_core.package_identification:_identify(src/OrbbecSDK_ROS2) by extensions ['colcon_pkg']
[0.640s] Level 1:colcon.colcon_core.package_identification:_identify(src/OrbbecSDK_ROS2) by extension 'colcon_pkg'
[0.640s] Level 1:colcon.colcon_core.package_identification:_identify(src/OrbbecSDK_ROS2) by extensions ['colcon_meta']
[0.641s] Level 1:colcon.colcon_core.package_identification:_identify(src/OrbbecSDK_ROS2) by extension 'colcon_meta'
[0.641s] Level 1:colcon.colcon_core.package_identification:_identify(src/OrbbecSDK_ROS2) by extensions ['ros']
[0.641s] Level 1:colcon.colcon_core.package_identification:_identify(src/OrbbecSDK_ROS2) by extension 'ros'
[0.641s] Level 1:colcon.colcon_core.package_identification:_identify(src/OrbbecSDK_ROS2) by extensions ['cmake', 'python']
[0.641s] Level 1:colcon.colcon_core.package_identification:_identify(src/OrbbecSDK_ROS2) by extension 'cmake'
[0.641s] Level 1:colcon.colcon_core.package_identification:_identify(src/OrbbecSDK_ROS2) by extension 'python'
[0.641s] Level 1:colcon.colcon_core.package_identification:_identify(src/OrbbecSDK_ROS2) by extensions ['python_setup_py']
[0.641s] Level 1:colcon.colcon_core.package_identification:_identify(src/OrbbecSDK_ROS2) by extension 'python_setup_py'
[0.641s] Level 1:colcon.colcon_core.package_identification:_identify(src/OrbbecSDK_ROS2/orbbec_camera) by extensions ['ignore', 'ignore_ament_install']
[0.642s] Level 1:colcon.colcon_core.package_identification:_identify(src/OrbbecSDK_ROS2/orbbec_camera) by extension 'ignore'
[0.642s] Level 1:colcon.colcon_core.package_identification:_identify(src/OrbbecSDK_ROS2/orbbec_camera) by extension 'ignore_ament_install'
[0.642s] Level 1:colcon.colcon_core.package_identification:_identify(src/OrbbecSDK_ROS2/orbbec_camera) by extensions ['colcon_pkg']
[0.642s] Level 1:colcon.colcon_core.package_identification:_identify(src/OrbbecSDK_ROS2/orbbec_camera) by extension 'colcon_pkg'
[0.642s] Level 1:colcon.colcon_core.package_identification:_identify(src/OrbbecSDK_ROS2/orbbec_camera) by extensions ['colcon_meta']
[0.642s] Level 1:colcon.colcon_core.package_identification:_identify(src/OrbbecSDK_ROS2/orbbec_camera) by extension 'colcon_meta'
[0.642s] Level 1:colcon.colcon_core.package_identification:_identify(src/OrbbecSDK_ROS2/orbbec_camera) by extensions ['ros']
[0.642s] Level 1:colcon.colcon_core.package_identification:_identify(src/OrbbecSDK_ROS2/orbbec_camera) by extension 'ros'
[0.652s] DEBUG:colcon.colcon_core.package_identification:Package 'src/OrbbecSDK_ROS2/orbbec_camera' with type 'ros.ament_cmake' and name 'orbbec_camera'
[0.652s] Level 1:colcon.colcon_core.package_identification:_identify(src/OrbbecSDK_ROS2/orbbec_camera_msgs) by extensions ['ignore', 'ignore_ament_install']
[0.652s] Level 1:colcon.colcon_core.package_identification:_identify(src/OrbbecSDK_ROS2/orbbec_camera_msgs) by extension 'ignore'
[0.652s] Level 1:colcon.colcon_core.package_identification:_identify(src/OrbbecSDK_ROS2/orbbec_camera_msgs) by extension 'ignore_ament_install'
[0.653s] Level 1:colcon.colcon_core.package_identification:_identify(src/OrbbecSDK_ROS2/orbbec_camera_msgs) by extensions ['colcon_pkg']
[0.653s] Level 1:colcon.colcon_core.package_identification:_identify(src/OrbbecSDK_ROS2/orbbec_camera_msgs) by extension 'colcon_pkg'
[0.653s] Level 1:colcon.colcon_core.package_identification:_identify(src/OrbbecSDK_ROS2/orbbec_camera_msgs) by extensions ['colcon_meta']
[0.653s] Level 1:colcon.colcon_core.package_identification:_identify(src/OrbbecSDK_ROS2/orbbec_camera_msgs) by extension 'colcon_meta'
[0.653s] Level 1:colcon.colcon_core.package_identification:_identify(src/OrbbecSDK_ROS2/orbbec_camera_msgs) by extensions ['ros']
[0.653s] Level 1:colcon.colcon_core.package_identification:_identify(src/OrbbecSDK_ROS2/orbbec_camera_msgs) by extension 'ros'
[0.654s] DEBUG:colcon.colcon_core.package_identification:Package 'src/OrbbecSDK_ROS2/orbbec_camera_msgs' with type 'ros.ament_cmake' and name 'orbbec_camera_msgs'
[0.655s] Level 1:colcon.colcon_core.package_identification:_identify(src/OrbbecSDK_ROS2/orbbec_description) by extensions ['ignore', 'ignore_ament_install']
[0.655s] Level 1:colcon.colcon_core.package_identification:_identify(src/OrbbecSDK_ROS2/orbbec_description) by extension 'ignore'
[0.655s] Level 1:colcon.colcon_core.package_identification:_identify(src/OrbbecSDK_ROS2/orbbec_description) by extension 'ignore_ament_install'
[0.655s] Level 1:colcon.colcon_core.package_identification:_identify(src/OrbbecSDK_ROS2/orbbec_description) by extensions ['colcon_pkg']
[0.655s] Level 1:colcon.colcon_core.package_identification:_identify(src/OrbbecSDK_ROS2/orbbec_description) by extension 'colcon_pkg'
[0.655s] Level 1:colcon.colcon_core.package_identification:_identify(src/OrbbecSDK_ROS2/orbbec_description) by extensions ['colcon_meta']
[0.655s] Level 1:colcon.colcon_core.package_identification:_identify(src/OrbbecSDK_ROS2/orbbec_description) by extension 'colcon_meta'
[0.655s] Level 1:colcon.colcon_core.package_identification:_identify(src/OrbbecSDK_ROS2/orbbec_description) by extensions ['ros']
[0.655s] Level 1:colcon.colcon_core.package_identification:_identify(src/OrbbecSDK_ROS2/orbbec_description) by extension 'ros'
[0.656s] DEBUG:colcon.colcon_core.package_identification:Package 'src/OrbbecSDK_ROS2/orbbec_description' with type 'ros.ament_cmake' and name 'orbbec_description'
[0.657s] Level 1:colcon.colcon_core.package_identification:_identify(src/drive) by extensions ['ignore', 'ignore_ament_install']
[0.657s] Level 1:colcon.colcon_core.package_identification:_identify(src/drive) by extension 'ignore'
[0.657s] Level 1:colcon.colcon_core.package_identification:_identify(src/drive) by extension 'ignore_ament_install'
[0.657s] Level 1:colcon.colcon_core.package_identification:_identify(src/drive) by extensions ['colcon_pkg']
[0.657s] Level 1:colcon.colcon_core.package_identification:_identify(src/drive) by extension 'colcon_pkg'
[0.657s] Level 1:colcon.colcon_core.package_identification:_identify(src/drive) by extensions ['colcon_meta']
[0.657s] Level 1:colcon.colcon_core.package_identification:_identify(src/drive) by extension 'colcon_meta'
[0.657s] Level 1:colcon.colcon_core.package_identification:_identify(src/drive) by extensions ['ros']
[0.657s] Level 1:colcon.colcon_core.package_identification:_identify(src/drive) by extension 'ros'
[0.659s] DEBUG:colcon.colcon_core.package_identification:Package 'src/drive' with type 'ros.ament_python' and name 'drive'
[0.659s] Level 1:colcon.colcon_core.package_identification:_identify(src/kiss-icp) by extensions ['ignore', 'ignore_ament_install']
[0.660s] Level 1:colcon.colcon_core.package_identification:_identify(src/kiss-icp) by extension 'ignore'
[0.660s] Level 1:colcon.colcon_core.package_identification:_identify(src/kiss-icp) by extension 'ignore_ament_install'
[0.660s] Level 1:colcon.colcon_core.package_identification:_identify(src/kiss-icp) by extensions ['colcon_pkg']
[0.660s] Level 1:colcon.colcon_core.package_identification:_identify(src/kiss-icp) by extension 'colcon_pkg'
[0.660s] Level 1:colcon.colcon_core.package_identification:_identify(src/kiss-icp) by extensions ['colcon_meta']
[0.660s] Level 1:colcon.colcon_core.package_identification:_identify(src/kiss-icp) by extension 'colcon_meta'
[0.660s] Level 1:colcon.colcon_core.package_identification:_identify(src/kiss-icp) by extensions ['ros']
[0.660s] Level 1:colcon.colcon_core.package_identification:_identify(src/kiss-icp) by extension 'ros'
[0.660s] Level 1:colcon.colcon_core.package_identification:_identify(src/kiss-icp) by extensions ['cmake', 'python']
[0.661s] Level 1:colcon.colcon_core.package_identification:_identify(src/kiss-icp) by extension 'cmake'
[0.661s] Level 1:colcon.colcon_core.package_identification:_identify(src/kiss-icp) by extension 'python'
[0.661s] Level 1:colcon.colcon_core.package_identification:_identify(src/kiss-icp) by extensions ['python_setup_py']
[0.661s] Level 1:colcon.colcon_core.package_identification:_identify(src/kiss-icp) by extension 'python_setup_py'
[0.661s] Level 1:colcon.colcon_core.package_identification:_identify(src/kiss-icp/build) by extensions ['ignore', 'ignore_ament_install']
[0.661s] Level 1:colcon.colcon_core.package_identification:_identify(src/kiss-icp/build) by extension 'ignore'
[0.661s] Level 1:colcon.colcon_core.package_identification:_identify(src/kiss-icp/build) ignored
[0.661s] Level 1:colcon.colcon_core.package_identification:_identify(src/kiss-icp/config) by extensions ['ignore', 'ignore_ament_install']
[0.662s] Level 1:colcon.colcon_core.package_identification:_identify(src/kiss-icp/config) by extension 'ignore'
[0.662s] Level 1:colcon.colcon_core.package_identification:_identify(src/kiss-icp/config) by extension 'ignore_ament_install'
[0.662s] Level 1:colcon.colcon_core.package_identification:_identify(src/kiss-icp/config) by extensions ['colcon_pkg']
[0.662s] Level 1:colcon.colcon_core.package_identification:_identify(src/kiss-icp/config) by extension 'colcon_pkg'
[0.662s] Level 1:colcon.colcon_core.package_identification:_identify(src/kiss-icp/config) by extensions ['colcon_meta']
[0.662s] Level 1:colcon.colcon_core.package_identification:_identify(src/kiss-icp/config) by extension 'colcon_meta'
[0.662s] Level 1:colcon.colcon_core.package_identification:_identify(src/kiss-icp/config) by extensions ['ros']
[0.662s] Level 1:colcon.colcon_core.package_identification:_identify(src/kiss-icp/config) by extension 'ros'
[0.662s] Level 1:colcon.colcon_core.package_identification:_identify(src/kiss-icp/config) by extensions ['cmake', 'python']
[0.663s] Level 1:colcon.colcon_core.package_identification:_identify(src/kiss-icp/config) by extension 'cmake'
[0.663s] Level 1:colcon.colcon_core.package_identification:_identify(src/kiss-icp/config) by extension 'python'
[0.663s] Level 1:colcon.colcon_core.package_identification:_identify(src/kiss-icp/config) by extensions ['python_setup_py']
[0.663s] Level 1:colcon.colcon_core.package_identification:_identify(src/kiss-icp/config) by extension 'python_setup_py'
[0.663s] Level 1:colcon.colcon_core.package_identification:_identify(src/kiss-icp/cpp) by extensions ['ignore', 'ignore_ament_install']
[0.663s] Level 1:colcon.colcon_core.package_identification:_identify(src/kiss-icp/cpp) by extension 'ignore'
[0.663s] Level 1:colcon.colcon_core.package_identification:_identify(src/kiss-icp/cpp) ignored
[0.663s] Level 1:colcon.colcon_core.package_identification:_identify(src/kiss-icp/eval) by extensions ['ignore', 'ignore_ament_install']
[0.664s] Level 1:colcon.colcon_core.package_identification:_identify(src/kiss-icp/eval) by extension 'ignore'
[0.664s] Level 1:colcon.colcon_core.package_identification:_identify(src/kiss-icp/eval) by extension 'ignore_ament_install'
[0.664s] Level 1:colcon.colcon_core.package_identification:_identify(src/kiss-icp/eval) by extensions ['colcon_pkg']
[0.664s] Level 1:colcon.colcon_core.package_identification:_identify(src/kiss-icp/eval) by extension 'colcon_pkg'
[0.664s] Level 1:colcon.colcon_core.package_identification:_identify(src/kiss-icp/eval) by extensions ['colcon_meta']
[0.664s] Level 1:colcon.colcon_core.package_identification:_identify(src/kiss-icp/eval) by extension 'colcon_meta'
[0.664s] Level 1:colcon.colcon_core.package_identification:_identify(src/kiss-icp/eval) by extensions ['ros']
[0.664s] Level 1:colcon.colcon_core.package_identification:_identify(src/kiss-icp/eval) by extension 'ros'
[0.664s] Level 1:colcon.colcon_core.package_identification:_identify(src/kiss-icp/eval) by extensions ['cmake', 'python']
[0.665s] Level 1:colcon.colcon_core.package_identification:_identify(src/kiss-icp/eval) by extension 'cmake'
[0.665s] Level 1:colcon.colcon_core.package_identification:_identify(src/kiss-icp/eval) by extension 'python'
[0.665s] Level 1:colcon.colcon_core.package_identification:_identify(src/kiss-icp/eval) by extensions ['python_setup_py']
[0.665s] Level 1:colcon.colcon_core.package_identification:_identify(src/kiss-icp/eval) by extension 'python_setup_py'
[0.665s] Level 1:colcon.colcon_core.package_identification:_identify(src/kiss-icp/install) by extensions ['ignore', 'ignore_ament_install']
[0.665s] Level 1:colcon.colcon_core.package_identification:_identify(src/kiss-icp/install) by extension 'ignore'
[0.665s] Level 1:colcon.colcon_core.package_identification:_identify(src/kiss-icp/install) ignored
[0.665s] Level 1:colcon.colcon_core.package_identification:_identify(src/kiss-icp/log) by extensions ['ignore', 'ignore_ament_install']
[0.666s] Level 1:colcon.colcon_core.package_identification:_identify(src/kiss-icp/log) by extension 'ignore'
[0.666s] Level 1:colcon.colcon_core.package_identification:_identify(src/kiss-icp/log) ignored
[0.666s] Level 1:colcon.colcon_core.package_identification:_identify(src/kiss-icp/python) by extensions ['ignore', 'ignore_ament_install']
[0.666s] Level 1:colcon.colcon_core.package_identification:_identify(src/kiss-icp/python) by extension 'ignore'
[0.666s] Level 1:colcon.colcon_core.package_identification:_identify(src/kiss-icp/python) ignored
[0.666s] Level 1:colcon.colcon_core.package_identification:_identify(src/kiss-icp/ros) by extensions ['ignore', 'ignore_ament_install']
[0.667s] Level 1:colcon.colcon_core.package_identification:_identify(src/kiss-icp/ros) by extension 'ignore'
[0.667s] Level 1:colcon.colcon_core.package_identification:_identify(src/kiss-icp/ros) by extension 'ignore_ament_install'
[0.667s] Level 1:colcon.colcon_core.package_identification:_identify(src/kiss-icp/ros) by extensions ['colcon_pkg']
[0.667s] Level 1:colcon.colcon_core.package_identification:_identify(src/kiss-icp/ros) by extension 'colcon_pkg'
[0.667s] Level 1:colcon.colcon_core.package_identification:_identify(src/kiss-icp/ros) by extensions ['colcon_meta']
[0.667s] Level 1:colcon.colcon_core.package_identification:_identify(src/kiss-icp/ros) by extension 'colcon_meta'
[0.667s] Level 1:colcon.colcon_core.package_identification:_identify(src/kiss-icp/ros) by extensions ['ros']
[0.667s] Level 1:colcon.colcon_core.package_identification:_identify(src/kiss-icp/ros) by extension 'ros'
[0.670s] DEBUG:colcon.colcon_core.package_identification:Package 'src/kiss-icp/ros' with type 'ros.ament_cmake' and name 'kiss_icp'
[0.670s] Level 1:colcon.colcon_core.package_identification:_identify(src/ros2_astra_camera) by extensions ['ignore', 'ignore_ament_install']
[0.670s] Level 1:colcon.colcon_core.package_identification:_identify(src/ros2_astra_camera) by extension 'ignore'
[0.671s] Level 1:colcon.colcon_core.package_identification:_identify(src/ros2_astra_camera) by extension 'ignore_ament_install'
[0.671s] Level 1:colcon.colcon_core.package_identification:_identify(src/ros2_astra_camera) by extensions ['colcon_pkg']
[0.671s] Level 1:colcon.colcon_core.package_identification:_identify(src/ros2_astra_camera) by extension 'colcon_pkg'
[0.671s] Level 1:colcon.colcon_core.package_identification:_identify(src/ros2_astra_camera) by extensions ['colcon_meta']
[0.671s] Level 1:colcon.colcon_core.package_identification:_identify(src/ros2_astra_camera) by extension 'colcon_meta'
[0.671s] Level 1:colcon.colcon_core.package_identification:_identify(src/ros2_astra_camera) by extensions ['ros']
[0.671s] Level 1:colcon.colcon_core.package_identification:_identify(src/ros2_astra_camera) by extension 'ros'
[0.671s] Level 1:colcon.colcon_core.package_identification:_identify(src/ros2_astra_camera) by extensions ['cmake', 'python']
[0.671s] Level 1:colcon.colcon_core.package_identification:_identify(src/ros2_astra_camera) by extension 'cmake'
[0.671s] Level 1:colcon.colcon_core.package_identification:_identify(src/ros2_astra_camera) by extension 'python'
[0.672s] Level 1:colcon.colcon_core.package_identification:_identify(src/ros2_astra_camera) by extensions ['python_setup_py']
[0.672s] Level 1:colcon.colcon_core.package_identification:_identify(src/ros2_astra_camera) by extension 'python_setup_py'
[0.672s] Level 1:colcon.colcon_core.package_identification:_identify(src/ros2_astra_camera/astra_camera) by extensions ['ignore', 'ignore_ament_install']
[0.672s] Level 1:colcon.colcon_core.package_identification:_identify(src/ros2_astra_camera/astra_camera) by extension 'ignore'
[0.672s] Level 1:colcon.colcon_core.package_identification:_identify(src/ros2_astra_camera/astra_camera) by extension 'ignore_ament_install'
[0.672s] Level 1:colcon.colcon_core.package_identification:_identify(src/ros2_astra_camera/astra_camera) by extensions ['colcon_pkg']
[0.672s] Level 1:colcon.colcon_core.package_identification:_identify(src/ros2_astra_camera/astra_camera) by extension 'colcon_pkg'
[0.672s] Level 1:colcon.colcon_core.package_identification:_identify(src/ros2_astra_camera/astra_camera) by extensions ['colcon_meta']
[0.672s] Level 1:colcon.colcon_core.package_identification:_identify(src/ros2_astra_camera/astra_camera) by extension 'colcon_meta'
[0.673s] Level 1:colcon.colcon_core.package_identification:_identify(src/ros2_astra_camera/astra_camera) by extensions ['ros']
[0.673s] Level 1:colcon.colcon_core.package_identification:_identify(src/ros2_astra_camera/astra_camera) by extension 'ros'
[0.677s] DEBUG:colcon.colcon_core.package_identification:Package 'src/ros2_astra_camera/astra_camera' with type 'ros.ament_cmake' and name 'astra_camera'
[0.677s] Level 1:colcon.colcon_core.package_identification:_identify(src/ros2_astra_camera/astra_camera_msgs) by extensions ['ignore', 'ignore_ament_install']
[0.677s] Level 1:colcon.colcon_core.package_identification:_identify(src/ros2_astra_camera/astra_camera_msgs) by extension 'ignore'
[0.677s] Level 1:colcon.colcon_core.package_identification:_identify(src/ros2_astra_camera/astra_camera_msgs) by extension 'ignore_ament_install'
[0.677s] Level 1:colcon.colcon_core.package_identification:_identify(src/ros2_astra_camera/astra_camera_msgs) by extensions ['colcon_pkg']
[0.677s] Level 1:colcon.colcon_core.package_identification:_identify(src/ros2_astra_camera/astra_camera_msgs) by extension 'colcon_pkg'
[0.677s] Level 1:colcon.colcon_core.package_identification:_identify(src/ros2_astra_camera/astra_camera_msgs) by extensions ['colcon_meta']
[0.678s] Level 1:colcon.colcon_core.package_identification:_identify(src/ros2_astra_camera/astra_camera_msgs) by extension 'colcon_meta'
[0.678s] Level 1:colcon.colcon_core.package_identification:_identify(src/ros2_astra_camera/astra_camera_msgs) by extensions ['ros']
[0.678s] Level 1:colcon.colcon_core.package_identification:_identify(src/ros2_astra_camera/astra_camera_msgs) by extension 'ros'
[0.679s] DEBUG:colcon.colcon_core.package_identification:Package 'src/ros2_astra_camera/astra_camera_msgs' with type 'ros.ament_cmake' and name 'astra_camera_msgs'
[0.679s] Level 1:colcon.colcon_core.package_identification:_identify(src/sensors) by extensions ['ignore', 'ignore_ament_install']
[0.679s] Level 1:colcon.colcon_core.package_identification:_identify(src/sensors) by extension 'ignore'
[0.679s] Level 1:colcon.colcon_core.package_identification:_identify(src/sensors) by extension 'ignore_ament_install'
[0.680s] Level 1:colcon.colcon_core.package_identification:_identify(src/sensors) by extensions ['colcon_pkg']
[0.680s] Level 1:colcon.colcon_core.package_identification:_identify(src/sensors) by extension 'colcon_pkg'
[0.680s] Level 1:colcon.colcon_core.package_identification:_identify(src/sensors) by extensions ['colcon_meta']
[0.680s] Level 1:colcon.colcon_core.package_identification:_identify(src/sensors) by extension 'colcon_meta'
[0.680s] Level 1:colcon.colcon_core.package_identification:_identify(src/sensors) by extensions ['ros']
[0.680s] Level 1:colcon.colcon_core.package_identification:_identify(src/sensors) by extension 'ros'
[0.681s] DEBUG:colcon.colcon_core.package_identification:Package 'src/sensors' with type 'ros.ament_cmake' and name 'sensors'
[0.681s] Level 1:colcon.colcon_core.package_identification:_identify(src/unilidar_sdk2) by extensions ['ignore', 'ignore_ament_install']
[0.681s] Level 1:colcon.colcon_core.package_identification:_identify(src/unilidar_sdk2) by extension 'ignore'
[0.681s] Level 1:colcon.colcon_core.package_identification:_identify(src/unilidar_sdk2) by extension 'ignore_ament_install'
[0.682s] Level 1:colcon.colcon_core.package_identification:_identify(src/unilidar_sdk2) by extensions ['colcon_pkg']
[0.682s] Level 1:colcon.colcon_core.package_identification:_identify(src/unilidar_sdk2) by extension 'colcon_pkg'
[0.682s] Level 1:colcon.colcon_core.package_identification:_identify(src/unilidar_sdk2) by extensions ['colcon_meta']
[0.682s] Level 1:colcon.colcon_core.package_identification:_identify(src/unilidar_sdk2) by extension 'colcon_meta'
[0.682s] Level 1:colcon.colcon_core.package_identification:_identify(src/unilidar_sdk2) by extensions ['ros']
[0.682s] Level 1:colcon.colcon_core.package_identification:_identify(src/unilidar_sdk2) by extension 'ros'
[0.682s] Level 1:colcon.colcon_core.package_identification:_identify(src/unilidar_sdk2) by extensions ['cmake', 'python']
[0.682s] Level 1:colcon.colcon_core.package_identification:_identify(src/unilidar_sdk2) by extension 'cmake'
[0.682s] Level 1:colcon.colcon_core.package_identification:_identify(src/unilidar_sdk2) by extension 'python'
[0.682s] Level 1:colcon.colcon_core.package_identification:_identify(src/unilidar_sdk2) by extensions ['python_setup_py']
[0.682s] Level 1:colcon.colcon_core.package_identification:_identify(src/unilidar_sdk2) by extension 'python_setup_py'
[0.683s] Level 1:colcon.colcon_core.package_identification:_identify(src/unilidar_sdk2/build) by extensions ['ignore', 'ignore_ament_install']
[0.683s] Level 1:colcon.colcon_core.package_identification:_identify(src/unilidar_sdk2/build) by extension 'ignore'
[0.683s] Level 1:colcon.colcon_core.package_identification:_identify(src/unilidar_sdk2/build) ignored
[0.683s] Level 1:colcon.colcon_core.package_identification:_identify(src/unilidar_sdk2/docs) by extensions ['ignore', 'ignore_ament_install']
[0.683s] Level 1:colcon.colcon_core.package_identification:_identify(src/unilidar_sdk2/docs) by extension 'ignore'
[0.683s] Level 1:colcon.colcon_core.package_identification:_identify(src/unilidar_sdk2/docs) by extension 'ignore_ament_install'
[0.684s] Level 1:colcon.colcon_core.package_identification:_identify(src/unilidar_sdk2/docs) by extensions ['colcon_pkg']
[0.684s] Level 1:colcon.colcon_core.package_identification:_identify(src/unilidar_sdk2/docs) by extension 'colcon_pkg'
[0.684s] Level 1:colcon.colcon_core.package_identification:_identify(src/unilidar_sdk2/docs) by extensions ['colcon_meta']
[0.684s] Level 1:colcon.colcon_core.package_identification:_identify(src/unilidar_sdk2/docs) by extension 'colcon_meta'
[0.684s] Level 1:colcon.colcon_core.package_identification:_identify(src/unilidar_sdk2/docs) by extensions ['ros']
[0.684s] Level 1:colcon.colcon_core.package_identification:_identify(src/unilidar_sdk2/docs) by extension 'ros'
[0.684s] Level 1:colcon.colcon_core.package_identification:_identify(src/unilidar_sdk2/docs) by extensions ['cmake', 'python']
[0.684s] Level 1:colcon.colcon_core.package_identification:_identify(src/unilidar_sdk2/docs) by extension 'cmake'
[0.684s] Level 1:colcon.colcon_core.package_identification:_identify(src/unilidar_sdk2/docs) by extension 'python'
[0.684s] Level 1:colcon.colcon_core.package_identification:_identify(src/unilidar_sdk2/docs) by extensions ['python_setup_py']
[0.684s] Level 1:colcon.colcon_core.package_identification:_identify(src/unilidar_sdk2/docs) by extension 'python_setup_py'
[0.685s] Level 1:colcon.colcon_core.package_identification:_identify(src/unilidar_sdk2/install) by extensions ['ignore', 'ignore_ament_install']
[0.685s] Level 1:colcon.colcon_core.package_identification:_identify(src/unilidar_sdk2/install) by extension 'ignore'
[0.685s] Level 1:colcon.colcon_core.package_identification:_identify(src/unilidar_sdk2/install) ignored
[0.685s] Level 1:colcon.colcon_core.package_identification:_identify(src/unilidar_sdk2/log) by extensions ['ignore', 'ignore_ament_install']
[0.685s] Level 1:colcon.colcon_core.package_identification:_identify(src/unilidar_sdk2/log) by extension 'ignore'
[0.685s] Level 1:colcon.colcon_core.package_identification:_identify(src/unilidar_sdk2/log) ignored
[0.685s] Level 1:colcon.colcon_core.package_identification:_identify(src/unilidar_sdk2/unitree_lidar_ros) by extensions ['ignore', 'ignore_ament_install']
[0.686s] Level 1:colcon.colcon_core.package_identification:_identify(src/unilidar_sdk2/unitree_lidar_ros) by extension 'ignore'
[0.686s] Level 1:colcon.colcon_core.package_identification:_identify(src/unilidar_sdk2/unitree_lidar_ros) by extension 'ignore_ament_install'
[0.686s] Level 1:colcon.colcon_core.package_identification:_identify(src/unilidar_sdk2/unitree_lidar_ros) by extensions ['colcon_pkg']
[0.686s] Level 1:colcon.colcon_core.package_identification:_identify(src/unilidar_sdk2/unitree_lidar_ros) by extension 'colcon_pkg'
[0.686s] Level 1:colcon.colcon_core.package_identification:_identify(src/unilidar_sdk2/unitree_lidar_ros) by extensions ['colcon_meta']
[0.686s] Level 1:colcon.colcon_core.package_identification:_identify(src/unilidar_sdk2/unitree_lidar_ros) by extension 'colcon_meta'
[0.686s] Level 1:colcon.colcon_core.package_identification:_identify(src/unilidar_sdk2/unitree_lidar_ros) by extensions ['ros']
[0.686s] Level 1:colcon.colcon_core.package_identification:_identify(src/unilidar_sdk2/unitree_lidar_ros) by extension 'ros'
[0.686s] Level 1:colcon.colcon_core.package_identification:_identify(src/unilidar_sdk2/unitree_lidar_ros) by extensions ['cmake', 'python']
[0.687s] Level 1:colcon.colcon_core.package_identification:_identify(src/unilidar_sdk2/unitree_lidar_ros) by extension 'cmake'
[0.687s] Level 1:colcon.colcon_core.package_identification:_identify(src/unilidar_sdk2/unitree_lidar_ros) by extension 'python'
[0.687s] Level 1:colcon.colcon_core.package_identification:_identify(src/unilidar_sdk2/unitree_lidar_ros) by extensions ['python_setup_py']
[0.687s] Level 1:colcon.colcon_core.package_identification:_identify(src/unilidar_sdk2/unitree_lidar_ros) by extension 'python_setup_py'
[0.687s] Level 1:colcon.colcon_core.package_identification:_identify(src/unilidar_sdk2/unitree_lidar_ros/src) by extensions ['ignore', 'ignore_ament_install']
[0.687s] Level 1:colcon.colcon_core.package_identification:_identify(src/unilidar_sdk2/unitree_lidar_ros/src) by extension 'ignore'
[0.687s] Level 1:colcon.colcon_core.package_identification:_identify(src/unilidar_sdk2/unitree_lidar_ros/src) by extension 'ignore_ament_install'
[0.687s] Level 1:colcon.colcon_core.package_identification:_identify(src/unilidar_sdk2/unitree_lidar_ros/src) by extensions ['colcon_pkg']
[0.687s] Level 1:colcon.colcon_core.package_identification:_identify(src/unilidar_sdk2/unitree_lidar_ros/src) by extension 'colcon_pkg'
[0.688s] Level 1:colcon.colcon_core.package_identification:_identify(src/unilidar_sdk2/unitree_lidar_ros/src) by extensions ['colcon_meta']
[0.688s] Level 1:colcon.colcon_core.package_identification:_identify(src/unilidar_sdk2/unitree_lidar_ros/src) by extension 'colcon_meta'
[0.688s] Level 1:colcon.colcon_core.package_identification:_identify(src/unilidar_sdk2/unitree_lidar_ros/src) by extensions ['ros']
[0.688s] Level 1:colcon.colcon_core.package_identification:_identify(src/unilidar_sdk2/unitree_lidar_ros/src) by extension 'ros'
[0.688s] Level 1:colcon.colcon_core.package_identification:_identify(src/unilidar_sdk2/unitree_lidar_ros/src) by extensions ['cmake', 'python']
[0.688s] Level 1:colcon.colcon_core.package_identification:_identify(src/unilidar_sdk2/unitree_lidar_ros/src) by extension 'cmake'
[0.688s] Level 1:colcon.colcon_core.package_identification:_identify(src/unilidar_sdk2/unitree_lidar_ros/src) by extension 'python'
[0.688s] Level 1:colcon.colcon_core.package_identification:_identify(src/unilidar_sdk2/unitree_lidar_ros/src) by extensions ['python_setup_py']
[0.688s] Level 1:colcon.colcon_core.package_identification:_identify(src/unilidar_sdk2/unitree_lidar_ros/src) by extension 'python_setup_py'
[0.688s] Level 1:colcon.colcon_core.package_identification:_identify(src/unilidar_sdk2/unitree_lidar_ros/src/unitree_lidar_ros) by extensions ['ignore', 'ignore_ament_install']
[0.689s] Level 1:colcon.colcon_core.package_identification:_identify(src/unilidar_sdk2/unitree_lidar_ros/src/unitree_lidar_ros) by extension 'ignore'
[0.689s] Level 1:colcon.colcon_core.package_identification:_identify(src/unilidar_sdk2/unitree_lidar_ros/src/unitree_lidar_ros) by extension 'ignore_ament_install'
[0.689s] Level 1:colcon.colcon_core.package_identification:_identify(src/unilidar_sdk2/unitree_lidar_ros/src/unitree_lidar_ros) by extensions ['colcon_pkg']
[0.689s] Level 1:colcon.colcon_core.package_identification:_identify(src/unilidar_sdk2/unitree_lidar_ros/src/unitree_lidar_ros) by extension 'colcon_pkg'
[0.689s] Level 1:colcon.colcon_core.package_identification:_identify(src/unilidar_sdk2/unitree_lidar_ros/src/unitree_lidar_ros) by extensions ['colcon_meta']
[0.689s] Level 1:colcon.colcon_core.package_identification:_identify(src/unilidar_sdk2/unitree_lidar_ros/src/unitree_lidar_ros) by extension 'colcon_meta'
[0.689s] Level 1:colcon.colcon_core.package_identification:_identify(src/unilidar_sdk2/unitree_lidar_ros/src/unitree_lidar_ros) by extensions ['ros']
[0.689s] Level 1:colcon.colcon_core.package_identification:_identify(src/unilidar_sdk2/unitree_lidar_ros/src/unitree_lidar_ros) by extension 'ros'
[0.692s] DEBUG:colcon.colcon_core.package_identification:Package 'src/unilidar_sdk2/unitree_lidar_ros/src/unitree_lidar_ros' with type 'ros.catkin' and name 'unitree_lidar_ros'
[0.692s] Level 1:colcon.colcon_core.package_identification:_identify(src/unilidar_sdk2/unitree_lidar_ros2) by extensions ['ignore', 'ignore_ament_install']
[0.692s] Level 1:colcon.colcon_core.package_identification:_identify(src/unilidar_sdk2/unitree_lidar_ros2) by extension 'ignore'
[0.692s] Level 1:colcon.colcon_core.package_identification:_identify(src/unilidar_sdk2/unitree_lidar_ros2) by extension 'ignore_ament_install'
[0.692s] Level 1:colcon.colcon_core.package_identification:_identify(src/unilidar_sdk2/unitree_lidar_ros2) by extensions ['colcon_pkg']
[0.693s] Level 1:colcon.colcon_core.package_identification:_identify(src/unilidar_sdk2/unitree_lidar_ros2) by extension 'colcon_pkg'
[0.693s] Level 1:colcon.colcon_core.package_identification:_identify(src/unilidar_sdk2/unitree_lidar_ros2) by extensions ['colcon_meta']
[0.693s] Level 1:colcon.colcon_core.package_identification:_identify(src/unilidar_sdk2/unitree_lidar_ros2) by extension 'colcon_meta'
[0.693s] Level 1:colcon.colcon_core.package_identification:_identify(src/unilidar_sdk2/unitree_lidar_ros2) by extensions ['ros']
[0.693s] Level 1:colcon.colcon_core.package_identification:_identify(src/unilidar_sdk2/unitree_lidar_ros2) by extension 'ros'
[0.693s] Level 1:colcon.colcon_core.package_identification:_identify(src/unilidar_sdk2/unitree_lidar_ros2) by extensions ['cmake', 'python']
[0.693s] Level 1:colcon.colcon_core.package_identification:_identify(src/unilidar_sdk2/unitree_lidar_ros2) by extension 'cmake'
[0.693s] Level 1:colcon.colcon_core.package_identification:_identify(src/unilidar_sdk2/unitree_lidar_ros2) by extension 'python'
[0.693s] Level 1:colcon.colcon_core.package_identification:_identify(src/unilidar_sdk2/unitree_lidar_ros2) by extensions ['python_setup_py']
[0.694s] Level 1:colcon.colcon_core.package_identification:_identify(src/unilidar_sdk2/unitree_lidar_ros2) by extension 'python_setup_py'
[0.694s] Level 1:colcon.colcon_core.package_identification:_identify(src/unilidar_sdk2/unitree_lidar_ros2/build) by extensions ['ignore', 'ignore_ament_install']
[0.694s] Level 1:colcon.colcon_core.package_identification:_identify(src/unilidar_sdk2/unitree_lidar_ros2/build) by extension 'ignore'
[0.694s] Level 1:colcon.colcon_core.package_identification:_identify(src/unilidar_sdk2/unitree_lidar_ros2/build) ignored
[0.694s] Level 1:colcon.colcon_core.package_identification:_identify(src/unilidar_sdk2/unitree_lidar_ros2/install) by extensions ['ignore', 'ignore_ament_install']
[0.695s] Level 1:colcon.colcon_core.package_identification:_identify(src/unilidar_sdk2/unitree_lidar_ros2/install) by extension 'ignore'
[0.695s] Level 1:colcon.colcon_core.package_identification:_identify(src/unilidar_sdk2/unitree_lidar_ros2/install) ignored
[0.695s] Level 1:colcon.colcon_core.package_identification:_identify(src/unilidar_sdk2/unitree_lidar_ros2/log) by extensions ['ignore', 'ignore_ament_install']
[0.695s] Level 1:colcon.colcon_core.package_identification:_identify(src/unilidar_sdk2/unitree_lidar_ros2/log) by extension 'ignore'
[0.695s] Level 1:colcon.colcon_core.package_identification:_identify(src/unilidar_sdk2/unitree_lidar_ros2/log) ignored
[0.695s] Level 1:colcon.colcon_core.package_identification:_identify(src/unilidar_sdk2/unitree_lidar_ros2/src) by extensions ['ignore', 'ignore_ament_install']
[0.695s] Level 1:colcon.colcon_core.package_identification:_identify(src/unilidar_sdk2/unitree_lidar_ros2/src) by extension 'ignore'
[0.696s] Level 1:colcon.colcon_core.package_identification:_identify(src/unilidar_sdk2/unitree_lidar_ros2/src) by extension 'ignore_ament_install'
[0.696s] Level 1:colcon.colcon_core.package_identification:_identify(src/unilidar_sdk2/unitree_lidar_ros2/src) by extensions ['colcon_pkg']
[0.696s] Level 1:colcon.colcon_core.package_identification:_identify(src/unilidar_sdk2/unitree_lidar_ros2/src) by extension 'colcon_pkg'
[0.696s] Level 1:colcon.colcon_core.package_identification:_identify(src/unilidar_sdk2/unitree_lidar_ros2/src) by extensions ['colcon_meta']
[0.696s] Level 1:colcon.colcon_core.package_identification:_identify(src/unilidar_sdk2/unitree_lidar_ros2/src) by extension 'colcon_meta'
[0.696s] Level 1:colcon.colcon_core.package_identification:_identify(src/unilidar_sdk2/unitree_lidar_ros2/src) by extensions ['ros']
[0.696s] Level 1:colcon.colcon_core.package_identification:_identify(src/unilidar_sdk2/unitree_lidar_ros2/src) by extension 'ros'
[0.696s] Level 1:colcon.colcon_core.package_identification:_identify(src/unilidar_sdk2/unitree_lidar_ros2/src) by extensions ['cmake', 'python']
[0.696s] Level 1:colcon.colcon_core.package_identification:_identify(src/unilidar_sdk2/unitree_lidar_ros2/src) by extension 'cmake'
[0.696s] Level 1:colcon.colcon_core.package_identification:_identify(src/unilidar_sdk2/unitree_lidar_ros2/src) by extension 'python'
[0.697s] Level 1:colcon.colcon_core.package_identification:_identify(src/unilidar_sdk2/unitree_lidar_ros2/src) by extensions ['python_setup_py']
[0.697s] Level 1:colcon.colcon_core.package_identification:_identify(src/unilidar_sdk2/unitree_lidar_ros2/src) by extension 'python_setup_py'
[0.697s] Level 1:colcon.colcon_core.package_identification:_identify(src/unilidar_sdk2/unitree_lidar_ros2/src/build) by extensions ['ignore', 'ignore_ament_install']
[0.697s] Level 1:colcon.colcon_core.package_identification:_identify(src/unilidar_sdk2/unitree_lidar_ros2/src/build) by extension 'ignore'
[0.697s] Level 1:colcon.colcon_core.package_identification:_identify(src/unilidar_sdk2/unitree_lidar_ros2/src/build) ignored
[0.697s] Level 1:colcon.colcon_core.package_identification:_identify(src/unilidar_sdk2/unitree_lidar_ros2/src/install) by extensions ['ignore', 'ignore_ament_install']
[0.697s] Level 1:colcon.colcon_core.package_identification:_identify(src/unilidar_sdk2/unitree_lidar_ros2/src/install) by extension 'ignore'
[0.698s] Level 1:colcon.colcon_core.package_identification:_identify(src/unilidar_sdk2/unitree_lidar_ros2/src/install) ignored
[0.698s] Level 1:colcon.colcon_core.package_identification:_identify(src/unilidar_sdk2/unitree_lidar_ros2/src/log) by extensions ['ignore', 'ignore_ament_install']
[0.698s] Level 1:colcon.colcon_core.package_identification:_identify(src/unilidar_sdk2/unitree_lidar_ros2/src/log) by extension 'ignore'
[0.698s] Level 1:colcon.colcon_core.package_identification:_identify(src/unilidar_sdk2/unitree_lidar_ros2/src/log) ignored
[0.698s] Level 1:colcon.colcon_core.package_identification:_identify(src/unilidar_sdk2/unitree_lidar_ros2/src/unitree_lidar_ros2) by extensions ['ignore', 'ignore_ament_install']
[0.698s] Level 1:colcon.colcon_core.package_identification:_identify(src/unilidar_sdk2/unitree_lidar_ros2/src/unitree_lidar_ros2) by extension 'ignore'
[0.699s] Level 1:colcon.colcon_core.package_identification:_identify(src/unilidar_sdk2/unitree_lidar_ros2/src/unitree_lidar_ros2) by extension 'ignore_ament_install'
[0.699s] Level 1:colcon.colcon_core.package_identification:_identify(src/unilidar_sdk2/unitree_lidar_ros2/src/unitree_lidar_ros2) by extensions ['colcon_pkg']
[0.699s] Level 1:colcon.colcon_core.package_identification:_identify(src/unilidar_sdk2/unitree_lidar_ros2/src/unitree_lidar_ros2) by extension 'colcon_pkg'
[0.699s] Level 1:colcon.colcon_core.package_identification:_identify(src/unilidar_sdk2/unitree_lidar_ros2/src/unitree_lidar_ros2) by extensions ['colcon_meta']
[0.699s] Level 1:colcon.colcon_core.package_identification:_identify(src/unilidar_sdk2/unitree_lidar_ros2/src/unitree_lidar_ros2) by extension 'colcon_meta'
[0.699s] Level 1:colcon.colcon_core.package_identification:_identify(src/unilidar_sdk2/unitree_lidar_ros2/src/unitree_lidar_ros2) by extensions ['ros']
[0.699s] Level 1:colcon.colcon_core.package_identification:_identify(src/unilidar_sdk2/unitree_lidar_ros2/src/unitree_lidar_ros2) by extension 'ros'
[0.701s] DEBUG:colcon.colcon_core.package_identification:Package 'src/unilidar_sdk2/unitree_lidar_ros2/src/unitree_lidar_ros2' with type 'ros.ament_cmake' and name 'unitree_lidar_ros2'
[0.701s] Level 1:colcon.colcon_core.package_identification:_identify(src/unilidar_sdk2/unitree_lidar_sdk) by extensions ['ignore', 'ignore_ament_install']
[0.701s] Level 1:colcon.colcon_core.package_identification:_identify(src/unilidar_sdk2/unitree_lidar_sdk) by extension 'ignore'
[0.702s] Level 1:colcon.colcon_core.package_identification:_identify(src/unilidar_sdk2/unitree_lidar_sdk) by extension 'ignore_ament_install'
[0.702s] Level 1:colcon.colcon_core.package_identification:_identify(src/unilidar_sdk2/unitree_lidar_sdk) by extensions ['colcon_pkg']
[0.702s] Level 1:colcon.colcon_core.package_identification:_identify(src/unilidar_sdk2/unitree_lidar_sdk) by extension 'colcon_pkg'
[0.702s] Level 1:colcon.colcon_core.package_identification:_identify(src/unilidar_sdk2/unitree_lidar_sdk) by extensions ['colcon_meta']
[0.702s] Level 1:colcon.colcon_core.package_identification:_identify(src/unilidar_sdk2/unitree_lidar_sdk) by extension 'colcon_meta'
[0.702s] Level 1:colcon.colcon_core.package_identification:_identify(src/unilidar_sdk2/unitree_lidar_sdk) by extensions ['ros']
[0.702s] Level 1:colcon.colcon_core.package_identification:_identify(src/unilidar_sdk2/unitree_lidar_sdk) by extension 'ros'
[0.702s] Level 1:colcon.colcon_core.package_identification:_identify(src/unilidar_sdk2/unitree_lidar_sdk) by extensions ['cmake', 'python']
[0.702s] Level 1:colcon.colcon_core.package_identification:_identify(src/unilidar_sdk2/unitree_lidar_sdk) by extension 'cmake'
[0.711s] Level 1:colcon.colcon_core.package_identification:_identify(src/unilidar_sdk2/unitree_lidar_sdk) by extension 'python'
[0.711s] DEBUG:colcon.colcon_core.package_identification:Package 'src/unilidar_sdk2/unitree_lidar_sdk' with type 'cmake' and name 'unitree_lidar_sdk'
[0.711s] Level 1:colcon.colcon_core.package_discovery:discover_packages(recursive) using defaults
[0.712s] Level 1:colcon.colcon_core.package_discovery:discover_packages(ignore) discover
[0.712s] Level 1:colcon.colcon_core.package_discovery:discover_packages(ignore) using defaults
[0.712s] Level 1:colcon.colcon_core.package_discovery:discover_packages(path) discover
[0.712s] Level 1:colcon.colcon_core.package_discovery:discover_packages(path) using defaults
[0.792s] INFO:colcon.colcon_core.package_selection:Skipping not selected package 'astra_camera_msgs' in 'src/ros2_astra_camera/astra_camera_msgs'
[0.793s] INFO:colcon.colcon_core.package_selection:Skipping not selected package 'drive' in 'src/drive'
[0.793s] INFO:colcon.colcon_core.package_selection:Skipping not selected package 'kiss_icp' in 'src/kiss-icp/ros'
[0.793s] INFO:colcon.colcon_core.package_selection:Skipping not selected package 'orbbec_camera_msgs' in 'src/OrbbecSDK_ROS2/orbbec_camera_msgs'
[0.793s] INFO:colcon.colcon_core.package_selection:Skipping not selected package 'orbbec_description' in 'src/OrbbecSDK_ROS2/orbbec_description'
[0.793s] INFO:colcon.colcon_core.package_selection:Skipping not selected package 'sensors' in 'src/sensors'
[0.793s] INFO:colcon.colcon_core.package_selection:Skipping not selected package 'unitree_lidar_ros' in 'src/unilidar_sdk2/unitree_lidar_ros/src/unitree_lidar_ros'
[0.793s] INFO:colcon.colcon_core.package_selection:Skipping not selected package 'unitree_lidar_ros2' in 'src/unilidar_sdk2/unitree_lidar_ros2/src/unitree_lidar_ros2'
[0.793s] INFO:colcon.colcon_core.package_selection:Skipping not selected package 'unitree_lidar_sdk' in 'src/unilidar_sdk2/unitree_lidar_sdk'
[0.793s] INFO:colcon.colcon_core.package_selection:Skipping not selected package 'orbbec_camera' in 'src/OrbbecSDK_ROS2/orbbec_camera'
[0.794s] Level 1:colcon.colcon_core.package_discovery:discover_packages(prefix_path) check parameters
[0.794s] Level 1:colcon.colcon_core.package_discovery:discover_packages(prefix_path) discover
[0.797s] WARNING:colcon.colcon_ros.prefix_path.ament:The path '/home/lunabotics/TAMU_SEDS_Lunabotics/ros2_ws/install/tutorial_interfaces' in the environment variable AMENT_PREFIX_PATH doesn't exist
[0.797s] WARNING:colcon.colcon_ros.prefix_path.ament:The path '/home/lunabotics/TAMU_SEDS_Lunabotics/ros2_ws/install/pico_motor_control' in the environment variable AMENT_PREFIX_PATH doesn't exist
[0.797s] WARNING:colcon.colcon_ros.prefix_path.ament:The path '/home/lunabotics/TAMU_SEDS_Lunabotics/ros2_ws/install/pico_2nd_pck' in the environment variable AMENT_PREFIX_PATH doesn't exist
[0.797s] WARNING:colcon.colcon_ros.prefix_path.ament:The path '/home/lunabotics/TAMU_SEDS_Lunabotics/ros2_ws/install/orbbec_camera' in the environment variable AMENT_PREFIX_PATH doesn't exist
[0.798s] WARNING:colcon.colcon_ros.prefix_path.ament:The path '/home/lunabotics/TAMU_SEDS_Lunabotics/ros2_ws/install/imu_reader' in the environment variable AMENT_PREFIX_PATH doesn't exist
[0.798s] WARNING:colcon.colcon_ros.prefix_path.ament:The path '/home/lunabotics/TAMU_SEDS_Lunabotics/ros2_ws/install/cpp_srvcli' in the environment variable AMENT_PREFIX_PATH doesn't exist
[0.798s] WARNING:colcon.colcon_ros.prefix_path.ament:The path '/home/lunabotics/TAMU_SEDS_Lunabotics/ros2_ws/install/cpp_pubsub' in the environment variable AMENT_PREFIX_PATH doesn't exist
[0.800s] WARNING:colcon.colcon_ros.prefix_path.catkin:The path '/home/lunabotics/TAMU_SEDS_Lunabotics/ros2_ws/install/tutorial_interfaces' in the environment variable CMAKE_PREFIX_PATH doesn't exist
[0.800s] WARNING:colcon.colcon_ros.prefix_path.catkin:The path '/home/lunabotics/TAMU_SEDS_Lunabotics/ros2_ws/install/orbbec_camera' in the environment variable CMAKE_PREFIX_PATH doesn't exist
[0.800s] WARNING:colcon.colcon_ros.prefix_path.catkin:The path '/home/lunabotics/TAMU_SEDS_Lunabotics/ros2_ws/install/imu_reader' in the environment variable CMAKE_PREFIX_PATH doesn't exist
[0.800s] WARNING:colcon.colcon_ros.prefix_path.catkin:The path '/home/lunabotics/TAMU_SEDS_Lunabotics/ros2_ws/install/cpp_srvcli' in the environment variable CMAKE_PREFIX_PATH doesn't exist
[0.800s] WARNING:colcon.colcon_ros.prefix_path.catkin:The path '/home/lunabotics/TAMU_SEDS_Lunabotics/ros2_ws/install/cpp_pubsub' in the environment variable CMAKE_PREFIX_PATH doesn't exist
[0.803s] DEBUG:colcon.colcon_installed_package_information.package_discovery:Found 10 installed packages in /home/lunabotics/TAMU_SEDS_Lunabotics/ros2_ws/install
[0.804s] DEBUG:colcon.colcon_installed_package_information.package_discovery:Found 13 installed packages in /home/lunabotics/TAMU_SEDS_Lunabotics/lunabotics_gnc2026/install
[0.805s] DEBUG:colcon.colcon_installed_package_information.package_discovery:Found 1 installed packages in /home/lunabotics/TAMU_SEDS_Lunabotics/ros2_ws/src/unilidar_sdk2/install
[0.808s] DEBUG:colcon.colcon_installed_package_information.package_discovery:Found 284 installed packages in /opt/ros/humble
[0.811s] Level 1:colcon.colcon_core.package_discovery:discover_packages(prefix_path) using defaults
[0.896s] Level 5:colcon.colcon_core.verb:set package 'astra_camera' build argument 'cmake_args' from command line to 'None'
[0.897s] Level 5:colcon.colcon_core.verb:set package 'astra_camera' build argument 'cmake_target' from command line to 'None'
[0.897s] Level 5:colcon.colcon_core.verb:set package 'astra_camera' build argument 'cmake_target_skip_unavailable' from command line to 'False'
[0.897s] Level 5:colcon.colcon_core.verb:set package 'astra_camera' build argument 'cmake_clean_cache' from command line to 'False'
[0.897s] Level 5:colcon.colcon_core.verb:set package 'astra_camera' build argument 'cmake_clean_first' from command line to 'False'
[0.897s] Level 5:colcon.colcon_core.verb:set package 'astra_camera' build argument 'cmake_force_configure' from command line to 'False'
[0.897s] Level 5:colcon.colcon_core.verb:set package 'astra_camera' build argument 'ament_cmake_args' from command line to 'None'
[0.897s] Level 5:colcon.colcon_core.verb:set package 'astra_camera' build argument 'catkin_cmake_args' from command line to 'None'
[0.897s] Level 5:colcon.colcon_core.verb:set package 'astra_camera' build argument 'catkin_skip_building_tests' from command line to 'False'
[0.897s] DEBUG:colcon.colcon_core.verb:Building package 'astra_camera' with the following arguments: {'ament_cmake_args': None, 'build_base': '/home/lunabotics/TAMU_SEDS_Lunabotics/ros2_ws/build/astra_camera', 'catkin_cmake_args': None, 'catkin_skip_building_tests': False, 'cmake_args': None, 'cmake_clean_cache': False, 'cmake_clean_first': False, 'cmake_force_configure': False, 'cmake_target': None, 'cmake_target_skip_unavailable': False, 'install_base': '/home/lunabotics/TAMU_SEDS_Lunabotics/ros2_ws/install/astra_camera', 'merge_install': False, 'path': '/home/lunabotics/TAMU_SEDS_Lunabotics/ros2_ws/src/ros2_astra_camera/astra_camera', 'symlink_install': False, 'test_result_base': None}
[0.898s] INFO:colcon.colcon_core.executor:Executing jobs using 'parallel' executor
[0.900s] DEBUG:colcon.colcon_parallel_executor.executor.parallel:run_until_complete
[0.900s] INFO:colcon.colcon_ros.task.ament_cmake.build:Building ROS package in '/home/lunabotics/TAMU_SEDS_Lunabotics/ros2_ws/src/ros2_astra_camera/astra_camera' with build type 'ament_cmake'
[0.901s] INFO:colcon.colcon_cmake.task.cmake.build:Building CMake package in '/home/lunabotics/TAMU_SEDS_Lunabotics/ros2_ws/src/ros2_astra_camera/astra_camera'
[0.906s] INFO:colcon.colcon_core.plugin_system:Skipping extension 'colcon_core.shell.bat': Not used on non-Windows systems
[0.906s] INFO:colcon.colcon_core.shell:Skip shell extension 'powershell' for command environment: Not usable outside of PowerShell
[0.906s] DEBUG:colcon.colcon_core.shell:Skip shell extension 'dsv' for command environment
[0.932s] DEBUG:colcon.colcon_core.event_handler.log_command:Invoking command in '/home/lunabotics/TAMU_SEDS_Lunabotics/ros2_ws/build/astra_camera': CMAKE_PREFIX_PATH=/home/lunabotics/TAMU_SEDS_Lunabotics/ros2_ws/install/astra_camera_msgs:/home/lunabotics/TAMU_SEDS_Lunabotics/ros2_ws/install/unitree_lidar_ros2:/home/lunabotics/TAMU_SEDS_Lunabotics/ros2_ws/install/tutorial_interfaces:/home/lunabotics/TAMU_SEDS_Lunabotics/ros2_ws/install/sensors:/home/lunabotics/TAMU_SEDS_Lunabotics/ros2_ws/install/orbbec_description:/home/lunabotics/TAMU_SEDS_Lunabotics/ros2_ws/install/orbbec_camera:/home/lunabotics/TAMU_SEDS_Lunabotics/ros2_ws/install/orbbec_camera_msgs:/home/lunabotics/TAMU_SEDS_Lunabotics/ros2_ws/install/kiss_icp:/home/lunabotics/TAMU_SEDS_Lunabotics/ros2_ws/install/imu_reader:/home/lunabotics/TAMU_SEDS_Lunabotics/ros2_ws/install/cpp_srvcli:/home/lunabotics/TAMU_SEDS_Lunabotics/ros2_ws/install/cpp_pubsub:/home/lunabotics/TAMU_SEDS_Lunabotics/ros2_ws/install/astra_camera:/home/lunabotics/TAMU_SEDS_Lunabotics/lunabotics_gnc2026/install/bringup:/home/lunabotics/TAMU_SEDS_Lunabotics/lunabotics_gnc2026/install/sim:/home/lunabotics/TAMU_SEDS_Lunabotics/lunabotics_gnc2026/install/pathing2:/home/lunabotics/TAMU_SEDS_Lunabotics/lunabotics_gnc2026/install/lidar:/home/lunabotics/TAMU_SEDS_Lunabotics/lunabotics_gnc2026/install/lidar_preproc:/home/lunabotics/TAMU_SEDS_Lunabotics/lunabotics_gnc2026/install/guidance:/home/lunabotics/TAMU_SEDS_Lunabotics/lunabotics_gnc2026/install/dump:/home/lunabotics/TAMU_SEDS_Lunabotics/lunabotics_gnc2026/install/control:/home/lunabotics/TAMU_SEDS_Lunabotics/lunabotics_gnc2026/install/auger:/home/lunabotics/TAMU_SEDS_Lunabotics/lunabotics_gnc2026/install/gnc_interfaces:/home/lunabotics/TAMU_SEDS_Lunabotics/lunabotics_gnc2026/install/cameracpp:/home/lunabotics/TAMU_SEDS_Lunabotics/ros2_ws/src/unilidar_sdk2/install/unitree_lidar_ros2:/home/lunabotics/TAMU_SEDS_Lunabotics/ros2_ws/install/pico_motor_control:/home/lunabotics/TAMU_SEDS_Lunabotics/ros2_ws/install/pico_2nd_pck:/home/lunabotics/TAMU_SEDS_Lunabotics/ros2_ws/install/drive:/home/lunabotics/TAMU_SEDS_Lunabotics/lunabotics_gnc2026/install/pathing:/home/lunabotics/TAMU_SEDS_Lunabotics/lunabotics_gnc2026/install/central_planner:/opt/ros/humble LD_LIBRARY_PATH=/home/lunabotics/TAMU_SEDS_Lunabotics/ros2_ws/install/astra_camera_msgs/lib:/home/lunabotics/TAMU_SEDS_Lunabotics/ros2_ws/install/tutorial_interfaces/lib:/home/lunabotics/TAMU_SEDS_Lunabotics/ros2_ws/install/orbbec_camera/lib:/home/lunabotics/TAMU_SEDS_Lunabotics/ros2_ws/install/orbbec_camera_msgs/lib:/home/lunabotics/TAMU_SEDS_Lunabotics/ros2_ws/install/kiss_icp/lib:/home/lunabotics/TAMU_SEDS_Lunabotics/ros2_ws/install/astra_camera/lib:/home/lunabotics/TAMU_SEDS_Lunabotics/lunabotics_gnc2026/install/gnc_interfaces/lib:/opt/ros/humble/opt/rviz_ogre_vendor/lib:/opt/ros/humble/lib/aarch64-linux-gnu:/opt/ros/humble/lib /home/lunabotics/.local/bin/cmake --build /home/lunabotics/TAMU_SEDS_Lunabotics/ros2_ws/build/astra_camera -- -j6 -l6
[1.193s] DEBUG:colcon.colcon_core.event_handler.log_command:Invoked command in '/home/lunabotics/TAMU_SEDS_Lunabotics/ros2_ws/build/astra_camera' returned '0': CMAKE_PREFIX_PATH=/home/lunabotics/TAMU_SEDS_Lunabotics/ros2_ws/install/astra_camera_msgs:/home/lunabotics/TAMU_SEDS_Lunabotics/ros2_ws/install/unitree_lidar_ros2:/home/lunabotics/TAMU_SEDS_Lunabotics/ros2_ws/install/tutorial_interfaces:/home/lunabotics/TAMU_SEDS_Lunabotics/ros2_ws/install/sensors:/home/lunabotics/TAMU_SEDS_Lunabotics/ros2_ws/install/orbbec_description:/home/lunabotics/TAMU_SEDS_Lunabotics/ros2_ws/install/orbbec_camera:/home/lunabotics/TAMU_SEDS_Lunabotics/ros2_ws/install/orbbec_camera_msgs:/home/lunabotics/TAMU_SEDS_Lunabotics/ros2_ws/install/kiss_icp:/home/lunabotics/TAMU_SEDS_Lunabotics/ros2_ws/install/imu_reader:/home/lunabotics/TAMU_SEDS_Lunabotics/ros2_ws/install/cpp_srvcli:/home/lunabotics/TAMU_SEDS_Lunabotics/ros2_ws/install/cpp_pubsub:/home/lunabotics/TAMU_SEDS_Lunabotics/ros2_ws/install/astra_camera:/home/lunabotics/TAMU_SEDS_Lunabotics/lunabotics_gnc2026/install/bringup:/home/lunabotics/TAMU_SEDS_Lunabotics/lunabotics_gnc2026/install/sim:/home/lunabotics/TAMU_SEDS_Lunabotics/lunabotics_gnc2026/install/pathing2:/home/lunabotics/TAMU_SEDS_Lunabotics/lunabotics_gnc2026/install/lidar:/home/lunabotics/TAMU_SEDS_Lunabotics/lunabotics_gnc2026/install/lidar_preproc:/home/lunabotics/TAMU_SEDS_Lunabotics/lunabotics_gnc2026/install/guidance:/home/lunabotics/TAMU_SEDS_Lunabotics/lunabotics_gnc2026/install/dump:/home/lunabotics/TAMU_SEDS_Lunabotics/lunabotics_gnc2026/install/control:/home/lunabotics/TAMU_SEDS_Lunabotics/lunabotics_gnc2026/install/auger:/home/lunabotics/TAMU_SEDS_Lunabotics/lunabotics_gnc2026/install/gnc_interfaces:/home/lunabotics/TAMU_SEDS_Lunabotics/lunabotics_gnc2026/install/cameracpp:/home/lunabotics/TAMU_SEDS_Lunabotics/ros2_ws/src/unilidar_sdk2/install/unitree_lidar_ros2:/home/lunabotics/TAMU_SEDS_Lunabotics/ros2_ws/install/pico_motor_control:/home/lunabotics/TAMU_SEDS_Lunabotics/ros2_ws/install/pico_2nd_pck:/home/lunabotics/TAMU_SEDS_Lunabotics/ros2_ws/install/drive:/home/lunabotics/TAMU_SEDS_Lunabotics/lunabotics_gnc2026/install/pathing:/home/lunabotics/TAMU_SEDS_Lunabotics/lunabotics_gnc2026/install/central_planner:/opt/ros/humble LD_LIBRARY_PATH=/home/lunabotics/TAMU_SEDS_Lunabotics/ros2_ws/install/astra_camera_msgs/lib:/home/lunabotics/TAMU_SEDS_Lunabotics/ros2_ws/install/tutorial_interfaces/lib:/home/lunabotics/TAMU_SEDS_Lunabotics/ros2_ws/install/orbbec_camera/lib:/home/lunabotics/TAMU_SEDS_Lunabotics/ros2_ws/install/orbbec_camera_msgs/lib:/home/lunabotics/TAMU_SEDS_Lunabotics/ros2_ws/install/kiss_icp/lib:/home/lunabotics/TAMU_SEDS_Lunabotics/ros2_ws/install/astra_camera/lib:/home/lunabotics/TAMU_SEDS_Lunabotics/lunabotics_gnc2026/install/gnc_interfaces/lib:/opt/ros/humble/opt/rviz_ogre_vendor/lib:/opt/ros/humble/lib/aarch64-linux-gnu:/opt/ros/humble/lib /home/lunabotics/.local/bin/cmake --build /home/lunabotics/TAMU_SEDS_Lunabotics/ros2_ws/build/astra_camera -- -j6 -l6
[1.276s] DEBUG:colcon.colcon_core.event_handler.log_command:Invoking command in '/home/lunabotics/TAMU_SEDS_Lunabotics/ros2_ws/build/astra_camera': CMAKE_PREFIX_PATH=/home/lunabotics/TAMU_SEDS_Lunabotics/ros2_ws/install/astra_camera_msgs:/home/lunabotics/TAMU_SEDS_Lunabotics/ros2_ws/install/unitree_lidar_ros2:/home/lunabotics/TAMU_SEDS_Lunabotics/ros2_ws/install/tutorial_interfaces:/home/lunabotics/TAMU_SEDS_Lunabotics/ros2_ws/install/sensors:/home/lunabotics/TAMU_SEDS_Lunabotics/ros2_ws/install/orbbec_description:/home/lunabotics/TAMU_SEDS_Lunabotics/ros2_ws/install/orbbec_camera:/home/lunabotics/TAMU_SEDS_Lunabotics/ros2_ws/install/orbbec_camera_msgs:/home/lunabotics/TAMU_SEDS_Lunabotics/ros2_ws/install/kiss_icp:/home/lunabotics/TAMU_SEDS_Lunabotics/ros2_ws/install/imu_reader:/home/lunabotics/TAMU_SEDS_Lunabotics/ros2_ws/install/cpp_srvcli:/home/lunabotics/TAMU_SEDS_Lunabotics/ros2_ws/install/cpp_pubsub:/home/lunabotics/TAMU_SEDS_Lunabotics/ros2_ws/install/astra_camera:/home/lunabotics/TAMU_SEDS_Lunabotics/lunabotics_gnc2026/install/bringup:/home/lunabotics/TAMU_SEDS_Lunabotics/lunabotics_gnc2026/install/sim:/home/lunabotics/TAMU_SEDS_Lunabotics/lunabotics_gnc2026/install/pathing2:/home/lunabotics/TAMU_SEDS_Lunabotics/lunabotics_gnc2026/install/lidar:/home/lunabotics/TAMU_SEDS_Lunabotics/lunabotics_gnc2026/install/lidar_preproc:/home/lunabotics/TAMU_SEDS_Lunabotics/lunabotics_gnc2026/install/guidance:/home/lunabotics/TAMU_SEDS_Lunabotics/lunabotics_gnc2026/install/dump:/home/lunabotics/TAMU_SEDS_Lunabotics/lunabotics_gnc2026/install/control:/home/lunabotics/TAMU_SEDS_Lunabotics/lunabotics_gnc2026/install/auger:/home/lunabotics/TAMU_SEDS_Lunabotics/lunabotics_gnc2026/install/gnc_interfaces:/home/lunabotics/TAMU_SEDS_Lunabotics/lunabotics_gnc2026/install/cameracpp:/home/lunabotics/TAMU_SEDS_Lunabotics/ros2_ws/src/unilidar_sdk2/install/unitree_lidar_ros2:/home/lunabotics/TAMU_SEDS_Lunabotics/ros2_ws/install/pico_motor_control:/home/lunabotics/TAMU_SEDS_Lunabotics/ros2_ws/install/pico_2nd_pck:/home/lunabotics/TAMU_SEDS_Lunabotics/ros2_ws/install/drive:/home/lunabotics/TAMU_SEDS_Lunabotics/lunabotics_gnc2026/install/pathing:/home/lunabotics/TAMU_SEDS_Lunabotics/lunabotics_gnc2026/install/central_planner:/opt/ros/humble LD_LIBRARY_PATH=/home/lunabotics/TAMU_SEDS_Lunabotics/ros2_ws/install/astra_camera_msgs/lib:/home/lunabotics/TAMU_SEDS_Lunabotics/ros2_ws/install/tutorial_interfaces/lib:/home/lunabotics/TAMU_SEDS_Lunabotics/ros2_ws/install/orbbec_camera/lib:/home/lunabotics/TAMU_SEDS_Lunabotics/ros2_ws/install/orbbec_camera_msgs/lib:/home/lunabotics/TAMU_SEDS_Lunabotics/ros2_ws/install/kiss_icp/lib:/home/lunabotics/TAMU_SEDS_Lunabotics/ros2_ws/install/astra_camera/lib:/home/lunabotics/TAMU_SEDS_Lunabotics/lunabotics_gnc2026/install/gnc_interfaces/lib:/opt/ros/humble/opt/rviz_ogre_vendor/lib:/opt/ros/humble/lib/aarch64-linux-gnu:/opt/ros/humble/lib /home/lunabotics/.local/bin/cmake --install /home/lunabotics/TAMU_SEDS_Lunabotics/ros2_ws/build/astra_camera
[1.364s] Level 1:colcon.colcon_core.environment:create_environment_scripts_only(astra_camera)
[1.366s] DEBUG:colcon.colcon_core.event_handler.log_command:Invoked command in '/home/lunabotics/TAMU_SEDS_Lunabotics/ros2_ws/build/astra_camera' returned '0': CMAKE_PREFIX_PATH=/home/lunabotics/TAMU_SEDS_Lunabotics/ros2_ws/install/astra_camera_msgs:/home/lunabotics/TAMU_SEDS_Lunabotics/ros2_ws/install/unitree_lidar_ros2:/home/lunabotics/TAMU_SEDS_Lunabotics/ros2_ws/install/tutorial_interfaces:/home/lunabotics/TAMU_SEDS_Lunabotics/ros2_ws/install/sensors:/home/lunabotics/TAMU_SEDS_Lunabotics/ros2_ws/install/orbbec_description:/home/lunabotics/TAMU_SEDS_Lunabotics/ros2_ws/install/orbbec_camera:/home/lunabotics/TAMU_SEDS_Lunabotics/ros2_ws/install/orbbec_camera_msgs:/home/lunabotics/TAMU_SEDS_Lunabotics/ros2_ws/install/kiss_icp:/home/lunabotics/TAMU_SEDS_Lunabotics/ros2_ws/install/imu_reader:/home/lunabotics/TAMU_SEDS_Lunabotics/ros2_ws/install/cpp_srvcli:/home/lunabotics/TAMU_SEDS_Lunabotics/ros2_ws/install/cpp_pubsub:/home/lunabotics/TAMU_SEDS_Lunabotics/ros2_ws/install/astra_camera:/home/lunabotics/TAMU_SEDS_Lunabotics/lunabotics_gnc2026/install/bringup:/home/lunabotics/TAMU_SEDS_Lunabotics/lunabotics_gnc2026/install/sim:/home/lunabotics/TAMU_SEDS_Lunabotics/lunabotics_gnc2026/install/pathing2:/home/lunabotics/TAMU_SEDS_Lunabotics/lunabotics_gnc2026/install/lidar:/home/lunabotics/TAMU_SEDS_Lunabotics/lunabotics_gnc2026/install/lidar_preproc:/home/lunabotics/TAMU_SEDS_Lunabotics/lunabotics_gnc2026/install/guidance:/home/lunabotics/TAMU_SEDS_Lunabotics/lunabotics_gnc2026/install/dump:/home/lunabotics/TAMU_SEDS_Lunabotics/lunabotics_gnc2026/install/control:/home/lunabotics/TAMU_SEDS_Lunabotics/lunabotics_gnc2026/install/auger:/home/lunabotics/TAMU_SEDS_Lunabotics/lunabotics_gnc2026/install/gnc_interfaces:/home/lunabotics/TAMU_SEDS_Lunabotics/lunabotics_gnc2026/install/cameracpp:/home/lunabotics/TAMU_SEDS_Lunabotics/ros2_ws/src/unilidar_sdk2/install/unitree_lidar_ros2:/home/lunabotics/TAMU_SEDS_Lunabotics/ros2_ws/install/pico_motor_control:/home/lunabotics/TAMU_SEDS_Lunabotics/ros2_ws/install/pico_2nd_pck:/home/lunabotics/TAMU_SEDS_Lunabotics/ros2_ws/install/drive:/home/lunabotics/TAMU_SEDS_Lunabotics/lunabotics_gnc2026/install/pathing:/home/lunabotics/TAMU_SEDS_Lunabotics/lunabotics_gnc2026/install/central_planner:/opt/ros/humble LD_LIBRARY_PATH=/home/lunabotics/TAMU_SEDS_Lunabotics/ros2_ws/install/astra_camera_msgs/lib:/home/lunabotics/TAMU_SEDS_Lunabotics/ros2_ws/install/tutorial_interfaces/lib:/home/lunabotics/TAMU_SEDS_Lunabotics/ros2_ws/install/orbbec_camera/lib:/home/lunabotics/TAMU_SEDS_Lunabotics/ros2_ws/install/orbbec_camera_msgs/lib:/home/lunabotics/TAMU_SEDS_Lunabotics/ros2_ws/install/kiss_icp/lib:/home/lunabotics/TAMU_SEDS_Lunabotics/ros2_ws/install/astra_camera/lib:/home/lunabotics/TAMU_SEDS_Lunabotics/lunabotics_gnc2026/install/gnc_interfaces/lib:/opt/ros/humble/opt/rviz_ogre_vendor/lib:/opt/ros/humble/lib/aarch64-linux-gnu:/opt/ros/humble/lib /home/lunabotics/.local/bin/cmake --install /home/lunabotics/TAMU_SEDS_Lunabotics/ros2_ws/build/astra_camera
[1.371s] Level 1:colcon.colcon_core.environment:checking '/home/lunabotics/TAMU_SEDS_Lunabotics/ros2_ws/install/astra_camera' for CMake module files
[1.372s] Level 1:colcon.colcon_core.environment:checking '/home/lunabotics/TAMU_SEDS_Lunabotics/ros2_ws/install/astra_camera' for CMake config files
[1.373s] Level 1:colcon.colcon_core.shell:create_environment_hook('astra_camera', 'cmake_prefix_path')
[1.373s] INFO:colcon.colcon_core.shell:Creating environment hook '/home/lunabotics/TAMU_SEDS_Lunabotics/ros2_ws/install/astra_camera/share/astra_camera/hook/cmake_prefix_path.ps1'
[1.375s] INFO:colcon.colcon_core.shell:Creating environment descriptor '/home/lunabotics/TAMU_SEDS_Lunabotics/ros2_ws/install/astra_camera/share/astra_camera/hook/cmake_prefix_path.dsv'
[1.376s] INFO:colcon.colcon_core.shell:Creating environment hook '/home/lunabotics/TAMU_SEDS_Lunabotics/ros2_ws/install/astra_camera/share/astra_camera/hook/cmake_prefix_path.sh'
[1.379s] Level 1:colcon.colcon_core.environment:checking '/home/lunabotics/TAMU_SEDS_Lunabotics/ros2_ws/install/astra_camera/lib'
[1.379s] Level 1:colcon.colcon_core.shell:create_environment_hook('astra_camera', 'ld_library_path_lib')
[1.380s] INFO:colcon.colcon_core.shell:Creating environment hook '/home/lunabotics/TAMU_SEDS_Lunabotics/ros2_ws/install/astra_camera/share/astra_camera/hook/ld_library_path_lib.ps1'
[1.381s] INFO:colcon.colcon_core.shell:Creating environment descriptor '/home/lunabotics/TAMU_SEDS_Lunabotics/ros2_ws/install/astra_camera/share/astra_camera/hook/ld_library_path_lib.dsv'
[1.382s] INFO:colcon.colcon_core.shell:Creating environment hook '/home/lunabotics/TAMU_SEDS_Lunabotics/ros2_ws/install/astra_camera/share/astra_camera/hook/ld_library_path_lib.sh'
[1.383s] Level 1:colcon.colcon_core.environment:checking '/home/lunabotics/TAMU_SEDS_Lunabotics/ros2_ws/install/astra_camera/bin'
[1.383s] Level 1:colcon.colcon_core.environment:checking '/home/lunabotics/TAMU_SEDS_Lunabotics/ros2_ws/install/astra_camera/lib/pkgconfig/astra_camera.pc'
[1.384s] Level 1:colcon.colcon_core.environment:checking '/home/lunabotics/TAMU_SEDS_Lunabotics/ros2_ws/install/astra_camera/lib/python3.10/site-packages'
[1.384s] Level 1:colcon.colcon_core.environment:checking '/home/lunabotics/TAMU_SEDS_Lunabotics/ros2_ws/install/astra_camera/bin'
[1.385s] INFO:colcon.colcon_core.shell:Creating package script '/home/lunabotics/TAMU_SEDS_Lunabotics/ros2_ws/install/astra_camera/share/astra_camera/package.ps1'
[1.388s] INFO:colcon.colcon_core.shell:Creating package descriptor '/home/lunabotics/TAMU_SEDS_Lunabotics/ros2_ws/install/astra_camera/share/astra_camera/package.dsv'
[1.389s] INFO:colcon.colcon_core.shell:Creating package script '/home/lunabotics/TAMU_SEDS_Lunabotics/ros2_ws/install/astra_camera/share/astra_camera/package.sh'
[1.391s] INFO:colcon.colcon_core.shell:Creating package script '/home/lunabotics/TAMU_SEDS_Lunabotics/ros2_ws/install/astra_camera/share/astra_camera/package.bash'
[1.392s] INFO:colcon.colcon_core.shell:Creating package script '/home/lunabotics/TAMU_SEDS_Lunabotics/ros2_ws/install/astra_camera/share/astra_camera/package.zsh'
[1.394s] Level 1:colcon.colcon_core.environment:create_file_with_runtime_dependencies(/home/lunabotics/TAMU_SEDS_Lunabotics/ros2_ws/install/astra_camera/share/colcon-core/packages/astra_camera)
[1.395s] Level 1:colcon.colcon_core.environment:create_environment_scripts_only(astra_camera)
[1.395s] Level 1:colcon.colcon_core.environment:checking '/home/lunabotics/TAMU_SEDS_Lunabotics/ros2_ws/install/astra_camera' for CMake module files
[1.397s] Level 1:colcon.colcon_core.environment:checking '/home/lunabotics/TAMU_SEDS_Lunabotics/ros2_ws/install/astra_camera' for CMake config files
[1.398s] Level 1:colcon.colcon_core.shell:create_environment_hook('astra_camera', 'cmake_prefix_path')
[1.398s] INFO:colcon.colcon_core.shell:Creating environment hook '/home/lunabotics/TAMU_SEDS_Lunabotics/ros2_ws/install/astra_camera/share/astra_camera/hook/cmake_prefix_path.ps1'
[1.399s] INFO:colcon.colcon_core.shell:Creating environment descriptor '/home/lunabotics/TAMU_SEDS_Lunabotics/ros2_ws/install/astra_camera/share/astra_camera/hook/cmake_prefix_path.dsv'
[1.401s] INFO:colcon.colcon_core.shell:Creating environment hook '/home/lunabotics/TAMU_SEDS_Lunabotics/ros2_ws/install/astra_camera/share/astra_camera/hook/cmake_prefix_path.sh'
[1.402s] Level 1:colcon.colcon_core.environment:checking '/home/lunabotics/TAMU_SEDS_Lunabotics/ros2_ws/install/astra_camera/lib'
[1.402s] Level 1:colcon.colcon_core.shell:create_environment_hook('astra_camera', 'ld_library_path_lib')
[1.402s] INFO:colcon.colcon_core.shell:Creating environment hook '/home/lunabotics/TAMU_SEDS_Lunabotics/ros2_ws/install/astra_camera/share/astra_camera/hook/ld_library_path_lib.ps1'
[1.403s] INFO:colcon.colcon_core.shell:Creating environment descriptor '/home/lunabotics/TAMU_SEDS_Lunabotics/ros2_ws/install/astra_camera/share/astra_camera/hook/ld_library_path_lib.dsv'
[1.404s] INFO:colcon.colcon_core.shell:Creating environment hook '/home/lunabotics/TAMU_SEDS_Lunabotics/ros2_ws/install/astra_camera/share/astra_camera/hook/ld_library_path_lib.sh'
[1.405s] Level 1:colcon.colcon_core.environment:checking '/home/lunabotics/TAMU_SEDS_Lunabotics/ros2_ws/install/astra_camera/bin'
[1.405s] Level 1:colcon.colcon_core.environment:checking '/home/lunabotics/TAMU_SEDS_Lunabotics/ros2_ws/install/astra_camera/lib/pkgconfig/astra_camera.pc'
[1.406s] Level 1:colcon.colcon_core.environment:checking '/home/lunabotics/TAMU_SEDS_Lunabotics/ros2_ws/install/astra_camera/lib/python3.10/site-packages'
[1.406s] Level 1:colcon.colcon_core.environment:checking '/home/lunabotics/TAMU_SEDS_Lunabotics/ros2_ws/install/astra_camera/bin'
[1.407s] INFO:colcon.colcon_core.shell:Creating package script '/home/lunabotics/TAMU_SEDS_Lunabotics/ros2_ws/install/astra_camera/share/astra_camera/package.ps1'
[1.408s] INFO:colcon.colcon_core.shell:Creating package descriptor '/home/lunabotics/TAMU_SEDS_Lunabotics/ros2_ws/install/astra_camera/share/astra_camera/package.dsv'
[1.409s] INFO:colcon.colcon_core.shell:Creating package script '/home/lunabotics/TAMU_SEDS_Lunabotics/ros2_ws/install/astra_camera/share/astra_camera/package.sh'
[1.410s] INFO:colcon.colcon_core.shell:Creating package script '/home/lunabotics/TAMU_SEDS_Lunabotics/ros2_ws/install/astra_camera/share/astra_camera/package.bash'
[1.411s] INFO:colcon.colcon_core.shell:Creating package script '/home/lunabotics/TAMU_SEDS_Lunabotics/ros2_ws/install/astra_camera/share/astra_camera/package.zsh'
[1.412s] Level 1:colcon.colcon_core.environment:create_file_with_runtime_dependencies(/home/lunabotics/TAMU_SEDS_Lunabotics/ros2_ws/install/astra_camera/share/colcon-core/packages/astra_camera)
[1.412s] DEBUG:colcon.colcon_parallel_executor.executor.parallel:closing loop
[1.413s] DEBUG:colcon.colcon_parallel_executor.executor.parallel:loop closed
[1.413s] DEBUG:colcon.colcon_parallel_executor.executor.parallel:run_until_complete finished with '0'
[1.414s] DEBUG:colcon.colcon_core.event_reactor:joining thread
[1.425s] INFO:colcon.colcon_core.plugin_system:Skipping extension 'colcon_notification.desktop_notification.terminal_notifier': Not used on non-Darwin systems
[1.425s] INFO:colcon.colcon_core.plugin_system:Skipping extension 'colcon_notification.desktop_notification.win32': Not used on non-Windows systems
[1.425s] INFO:colcon.colcon_notification.desktop_notification:Sending desktop notification using 'notify2'
[1.484s] DEBUG:colcon.colcon_core.event_reactor:joined thread
[1.485s] INFO:colcon.colcon_core.shell:Creating prefix script '/home/lunabotics/TAMU_SEDS_Lunabotics/ros2_ws/install/local_setup.ps1'
[1.487s] INFO:colcon.colcon_core.shell:Creating prefix util module '/home/lunabotics/TAMU_SEDS_Lunabotics/ros2_ws/install/_local_setup_util_ps1.py'
[1.491s] INFO:colcon.colcon_core.shell:Creating prefix chain script '/home/lunabotics/TAMU_SEDS_Lunabotics/ros2_ws/install/setup.ps1'
[1.496s] INFO:colcon.colcon_core.shell:Creating prefix script '/home/lunabotics/TAMU_SEDS_Lunabotics/ros2_ws/install/local_setup.sh'
[1.497s] INFO:colcon.colcon_core.shell:Creating prefix util module '/home/lunabotics/TAMU_SEDS_Lunabotics/ros2_ws/install/_local_setup_util_sh.py'
[1.499s] INFO:colcon.colcon_core.shell:Creating prefix chain script '/home/lunabotics/TAMU_SEDS_Lunabotics/ros2_ws/install/setup.sh'
[1.503s] INFO:colcon.colcon_core.shell:Creating prefix script '/home/lunabotics/TAMU_SEDS_Lunabotics/ros2_ws/install/local_setup.bash'
[1.504s] INFO:colcon.colcon_core.shell:Creating prefix chain script '/home/lunabotics/TAMU_SEDS_Lunabotics/ros2_ws/install/setup.bash'
[1.509s] INFO:colcon.colcon_core.shell:Creating prefix script '/home/lunabotics/TAMU_SEDS_Lunabotics/ros2_ws/install/local_setup.zsh'
[1.510s] INFO:colcon.colcon_core.shell:Creating prefix chain script '/home/lunabotics/TAMU_SEDS_Lunabotics/ros2_ws/install/setup.zsh'
