running egg_info
writing ../../build/pico_motor_control/pico_motor_control.egg-info/PKG-INFO
writing dependency_links to ../../build/pico_motor_control/pico_motor_control.egg-info/dependency_links.txt
writing entry points to ../../build/pico_motor_control/pico_motor_control.egg-info/entry_points.txt
writing requirements to ../../build/pico_motor_control/pico_motor_control.egg-info/requires.txt
writing top-level names to ../../build/pico_motor_control/pico_motor_control.egg-info/top_level.txt
reading manifest file '../../build/pico_motor_control/pico_motor_control.egg-info/SOURCES.txt'
writing manifest file '../../build/pico_motor_control/pico_motor_control.egg-info/SOURCES.txt'
running build
running build_py
copying pico_motor_control/motor_controller.py -> /home/lunabotics/TAMU_SEDS_Lunabotics/ros2_ws/build/pico_motor_control/build/lib/pico_motor_control
running install
running install_lib
copying /home/lunabotics/TAMU_SEDS_Lunabotics/ros2_ws/build/pico_motor_control/build/lib/pico_motor_control/motor_controller.py -> /home/lunabotics/TAMU_SEDS_Lunabotics/ros2_ws/install/pico_motor_control/lib/python3.10/site-packages/pico_motor_control
byte-compiling /home/lunabotics/TAMU_SEDS_Lunabotics/ros2_ws/install/pico_motor_control/lib/python3.10/site-packages/pico_motor_control/motor_controller.py to motor_controller.cpython-310.pyc
running install_data
running install_egg_info
removing '/home/lunabotics/TAMU_SEDS_Lunabotics/ros2_ws/install/pico_motor_control/lib/python3.10/site-packages/pico_motor_control-0.0.0-py3.10.egg-info' (and everything under it)
Copying ../../build/pico_motor_control/pico_motor_control.egg-info to /home/lunabotics/TAMU_SEDS_Lunabotics/ros2_ws/install/pico_motor_control/lib/python3.10/site-packages/pico_motor_control-0.0.0-py3.10.egg-info
running install_scripts
Installing motor_controller script to /home/lunabotics/TAMU_SEDS_Lunabotics/ros2_ws/install/pico_motor_control/lib/pico_motor_control
writing list of installed files to '/home/lunabotics/TAMU_SEDS_Lunabotics/ros2_ws/build/pico_motor_control/install.log'
