[0.096s] Invoking command in '/home/lunabotics/TAMU_SEDS_Lunabotics/ros2_ws/build/astra_camera_msgs': CMAKE_PREFIX_PATH=${CMAKE_PREFIX_PATH}:/home/lunabotics/TAMU_SEDS_Lunabotics/ros2_ws/install/drive:/home/lunabotics/TAMU_SEDS_Lunabotics/lunabotics_gnc2026/install/pathing:/home/lunabotics/TAMU_SEDS_Lunabotics/lunabotics_gnc2026/install/central_planner:/opt/ros/humble /home/lunabotics/.local/bin/cmake --build /home/lunabotics/TAMU_SEDS_Lunabotics/ros2_ws/build/astra_camera_msgs -- -j6 -l6
[0.765s] [  1%] Built target astra_camera_msgs__rs
[0.767s] [  2%] Built target astra_camera_msgs__cpp
[0.767s] [ 13%] Built target astra_camera_msgs__rosidl_generator_c
[0.767s] [ 25%] Built target astra_camera_msgs__rosidl_typesupport_cpp
[0.767s] [ 25%] Built target ament_cmake_python_copy_astra_camera_msgs
[0.767s] [ 36%] Built target astra_camera_msgs__rosidl_typesupport_fastrtps_cpp
[0.768s] [ 47%] Built target astra_camera_msgs__rosidl_typesupport_introspection_cpp
[0.768s] [ 59%] Built target astra_camera_msgs__rosidl_typesupport_fastrtps_c
[0.768s] [ 70%] Built target astra_camera_msgs__rosidl_typesupport_introspection_c
[0.768s] [ 82%] Built target astra_camera_msgs__rosidl_typesupport_c
[0.768s] [ 82%] Built target astra_camera_msgs
[0.768s] [ 83%] Built target astra_camera_msgs__py
[0.768s] [ 93%] Built target astra_camera_msgs__rosidl_generator_py
[0.817s] [ 95%] Built target astra_camera_msgs__rosidl_typesupport_introspection_c__pyext
[0.819s] [ 97%] Built target astra_camera_msgs__rosidl_typesupport_fastrtps_c__pyext
[0.848s] [100%] Built target astra_camera_msgs__rosidl_typesupport_c__pyext
[1.183s] running egg_info
[1.186s] writing astra_camera_msgs.egg-info/PKG-INFO
[1.186s] writing dependency_links to astra_camera_msgs.egg-info/dependency_links.txt
[1.186s] writing top-level names to astra_camera_msgs.egg-info/top_level.txt
[1.195s] reading manifest file 'astra_camera_msgs.egg-info/SOURCES.txt'
[1.196s] writing manifest file 'astra_camera_msgs.egg-info/SOURCES.txt'
[1.272s] [100%] Built target ament_cmake_python_build_astra_camera_msgs_egg
[1.343s] Invoked command in '/home/lunabotics/TAMU_SEDS_Lunabotics/ros2_ws/build/astra_camera_msgs' returned '0': CMAKE_PREFIX_PATH=${CMAKE_PREFIX_PATH}:/home/lunabotics/TAMU_SEDS_Lunabotics/ros2_ws/install/drive:/home/lunabotics/TAMU_SEDS_Lunabotics/lunabotics_gnc2026/install/pathing:/home/lunabotics/TAMU_SEDS_Lunabotics/lunabotics_gnc2026/install/central_planner:/opt/ros/humble /home/lunabotics/.local/bin/cmake --build /home/lunabotics/TAMU_SEDS_Lunabotics/ros2_ws/build/astra_camera_msgs -- -j6 -l6
[1.355s] Invoking command in '/home/lunabotics/TAMU_SEDS_Lunabotics/ros2_ws/build/astra_camera_msgs': CMAKE_PREFIX_PATH=${CMAKE_PREFIX_PATH}:/home/lunabotics/TAMU_SEDS_Lunabotics/ros2_ws/install/drive:/home/lunabotics/TAMU_SEDS_Lunabotics/lunabotics_gnc2026/install/pathing:/home/lunabotics/TAMU_SEDS_Lunabotics/lunabotics_gnc2026/install/central_planner:/opt/ros/humble /home/lunabotics/.local/bin/cmake --install /home/lunabotics/TAMU_SEDS_Lunabotics/ros2_ws/build/astra_camera_msgs
[1.487s] -- Install configuration: ""
[1.487s] -- Up-to-date: /home/lunabotics/TAMU_SEDS_Lunabotics/ros2_ws/install/astra_camera_msgs/share/ament_index/resource_index/rosidl_interfaces/astra_camera_msgs
[1.487s] -- Up-to-date: /home/lunabotics/TAMU_SEDS_Lunabotics/ros2_ws/install/astra_camera_msgs/include/astra_camera_msgs/astra_camera_msgs
[1.492s] -- Up-to-date: /home/lunabotics/TAMU_SEDS_Lunabotics/ros2_ws/install/astra_camera_msgs/include/astra_camera_msgs/astra_camera_msgs/msg
[1.500s] -- Up-to-date: /home/lunabotics/TAMU_SEDS_Lunabotics/ros2_ws/install/astra_camera_msgs/include/astra_camera_msgs/astra_camera_msgs/msg/extrinsics.h
[1.500s] -- Up-to-date: /home/lunabotics/TAMU_SEDS_Lunabotics/ros2_ws/install/astra_camera_msgs/include/astra_camera_msgs/astra_camera_msgs/msg/metadata.h
[1.500s] -- Up-to-date: /home/lunabotics/TAMU_SEDS_Lunabotics/ros2_ws/install/astra_camera_msgs/include/astra_camera_msgs/astra_camera_msgs/msg/rosidl_generator_c__visibility_control.h
[1.501s] -- Up-to-date: /home/lunabotics/TAMU_SEDS_Lunabotics/ros2_ws/install/astra_camera_msgs/include/astra_camera_msgs/astra_camera_msgs/msg/device_info.h
[1.502s] -- Up-to-date: /home/lunabotics/TAMU_SEDS_Lunabotics/ros2_ws/install/astra_camera_msgs/include/astra_camera_msgs/astra_camera_msgs/msg/detail
[1.505s] -- Up-to-date: /home/lunabotics/TAMU_SEDS_Lunabotics/ros2_ws/install/astra_camera_msgs/include/astra_camera_msgs/astra_camera_msgs/msg/detail/extrinsics__functions.h
[1.507s] -- Up-to-date: /home/lunabotics/TAMU_SEDS_Lunabotics/ros2_ws/install/astra_camera_msgs/include/astra_camera_msgs/astra_camera_msgs/msg/detail/device_info__functions.h
[1.507s] -- Up-to-date: /home/lunabotics/TAMU_SEDS_Lunabotics/ros2_ws/install/astra_camera_msgs/include/astra_camera_msgs/astra_camera_msgs/msg/detail/device_info__type_support.h
[1.507s] -- Up-to-date: /home/lunabotics/TAMU_SEDS_Lunabotics/ros2_ws/install/astra_camera_msgs/include/astra_camera_msgs/astra_camera_msgs/msg/detail/extrinsics__functions.c
[1.507s] -- Up-to-date: /home/lunabotics/TAMU_SEDS_Lunabotics/ros2_ws/install/astra_camera_msgs/include/astra_camera_msgs/astra_camera_msgs/msg/detail/extrinsics__type_support.h
[1.507s] -- Up-to-date: /home/lunabotics/TAMU_SEDS_Lunabotics/ros2_ws/install/astra_camera_msgs/include/astra_camera_msgs/astra_camera_msgs/msg/detail/metadata__struct.h
[1.507s] -- Up-to-date: /home/lunabotics/TAMU_SEDS_Lunabotics/ros2_ws/install/astra_camera_msgs/include/astra_camera_msgs/astra_camera_msgs/msg/detail/metadata__type_support.h
[1.508s] -- Up-to-date: /home/lunabotics/TAMU_SEDS_Lunabotics/ros2_ws/install/astra_camera_msgs/include/astra_camera_msgs/astra_camera_msgs/msg/detail/metadata__functions.h
[1.509s] -- Up-to-date: /home/lunabotics/TAMU_SEDS_Lunabotics/ros2_ws/install/astra_camera_msgs/include/astra_camera_msgs/astra_camera_msgs/msg/detail/device_info__functions.c
[1.509s] -- Up-to-date: /home/lunabotics/TAMU_SEDS_Lunabotics/ros2_ws/install/astra_camera_msgs/include/astra_camera_msgs/astra_camera_msgs/msg/detail/device_info__struct.h
[1.509s] -- Up-to-date: /home/lunabotics/TAMU_SEDS_Lunabotics/ros2_ws/install/astra_camera_msgs/include/astra_camera_msgs/astra_camera_msgs/msg/detail/extrinsics__struct.h
[1.509s] -- Up-to-date: /home/lunabotics/TAMU_SEDS_Lunabotics/ros2_ws/install/astra_camera_msgs/include/astra_camera_msgs/astra_camera_msgs/msg/detail/metadata__functions.c
[1.509s] -- Up-to-date: /home/lunabotics/TAMU_SEDS_Lunabotics/ros2_ws/install/astra_camera_msgs/include/astra_camera_msgs/astra_camera_msgs/srv
[1.513s] -- Up-to-date: /home/lunabotics/TAMU_SEDS_Lunabotics/ros2_ws/install/astra_camera_msgs/include/astra_camera_msgs/astra_camera_msgs/srv/get_camera_params.h
[1.513s] -- Up-to-date: /home/lunabotics/TAMU_SEDS_Lunabotics/ros2_ws/install/astra_camera_msgs/include/astra_camera_msgs/astra_camera_msgs/srv/get_camera_info.h
[1.513s] -- Up-to-date: /home/lunabotics/TAMU_SEDS_Lunabotics/ros2_ws/install/astra_camera_msgs/include/astra_camera_msgs/astra_camera_msgs/srv/get_int32.h
[1.513s] -- Up-to-date: /home/lunabotics/TAMU_SEDS_Lunabotics/ros2_ws/install/astra_camera_msgs/include/astra_camera_msgs/astra_camera_msgs/srv/get_device_info.h
[1.513s] -- Up-to-date: /home/lunabotics/TAMU_SEDS_Lunabotics/ros2_ws/install/astra_camera_msgs/include/astra_camera_msgs/astra_camera_msgs/srv/detail
[1.517s] -- Up-to-date: /home/lunabotics/TAMU_SEDS_Lunabotics/ros2_ws/install/astra_camera_msgs/include/astra_camera_msgs/astra_camera_msgs/srv/detail/get_camera_params__type_support.h
[1.517s] -- Up-to-date: /home/lunabotics/TAMU_SEDS_Lunabotics/ros2_ws/install/astra_camera_msgs/include/astra_camera_msgs/astra_camera_msgs/srv/detail/get_camera_params__struct.h
[1.518s] -- Up-to-date: /home/lunabotics/TAMU_SEDS_Lunabotics/ros2_ws/install/astra_camera_msgs/include/astra_camera_msgs/astra_camera_msgs/srv/detail/get_device_info__struct.h
[1.518s] -- Up-to-date: /home/lunabotics/TAMU_SEDS_Lunabotics/ros2_ws/install/astra_camera_msgs/include/astra_camera_msgs/astra_camera_msgs/srv/detail/get_string__type_support.h
[1.518s] -- Up-to-date: /home/lunabotics/TAMU_SEDS_Lunabotics/ros2_ws/install/astra_camera_msgs/include/astra_camera_msgs/astra_camera_msgs/srv/detail/set_int32__functions.h
[1.518s] -- Up-to-date: /home/lunabotics/TAMU_SEDS_Lunabotics/ros2_ws/install/astra_camera_msgs/include/astra_camera_msgs/astra_camera_msgs/srv/detail/get_int32__functions.h
[1.518s] -- Up-to-date: /home/lunabotics/TAMU_SEDS_Lunabotics/ros2_ws/install/astra_camera_msgs/include/astra_camera_msgs/astra_camera_msgs/srv/detail/set_int32__functions.c
[1.519s] -- Up-to-date: /home/lunabotics/TAMU_SEDS_Lunabotics/ros2_ws/install/astra_camera_msgs/include/astra_camera_msgs/astra_camera_msgs/srv/detail/get_camera_info__functions.c
[1.519s] -- Up-to-date: /home/lunabotics/TAMU_SEDS_Lunabotics/ros2_ws/install/astra_camera_msgs/include/astra_camera_msgs/astra_camera_msgs/srv/detail/get_camera_info__type_support.h
[1.519s] -- Up-to-date: /home/lunabotics/TAMU_SEDS_Lunabotics/ros2_ws/install/astra_camera_msgs/include/astra_camera_msgs/astra_camera_msgs/srv/detail/get_int32__type_support.h
[1.520s] -- Up-to-date: /home/lunabotics/TAMU_SEDS_Lunabotics/ros2_ws/install/astra_camera_msgs/include/astra_camera_msgs/astra_camera_msgs/srv/detail/set_int32__type_support.h
[1.520s] -- Up-to-date: /home/lunabotics/TAMU_SEDS_Lunabotics/ros2_ws/install/astra_camera_msgs/include/astra_camera_msgs/astra_camera_msgs/srv/detail/get_camera_info__struct.h
[1.520s] -- Up-to-date: /home/lunabotics/TAMU_SEDS_Lunabotics/ros2_ws/install/astra_camera_msgs/include/astra_camera_msgs/astra_camera_msgs/srv/detail/get_string__functions.h
[1.521s] -- Up-to-date: /home/lunabotics/TAMU_SEDS_Lunabotics/ros2_ws/install/astra_camera_msgs/include/astra_camera_msgs/astra_camera_msgs/srv/detail/get_camera_params__functions.h
[1.521s] -- Up-to-date: /home/lunabotics/TAMU_SEDS_Lunabotics/ros2_ws/install/astra_camera_msgs/include/astra_camera_msgs/astra_camera_msgs/srv/detail/get_device_info__type_support.h
[1.521s] -- Up-to-date: /home/lunabotics/TAMU_SEDS_Lunabotics/ros2_ws/install/astra_camera_msgs/include/astra_camera_msgs/astra_camera_msgs/srv/detail/get_string__functions.c
[1.522s] -- Up-to-date: /home/lunabotics/TAMU_SEDS_Lunabotics/ros2_ws/install/astra_camera_msgs/include/astra_camera_msgs/astra_camera_msgs/srv/detail/get_device_info__functions.h
[1.522s] -- Up-to-date: /home/lunabotics/TAMU_SEDS_Lunabotics/ros2_ws/install/astra_camera_msgs/include/astra_camera_msgs/astra_camera_msgs/srv/detail/get_device_info__functions.c
[1.522s] -- Up-to-date: /home/lunabotics/TAMU_SEDS_Lunabotics/ros2_ws/install/astra_camera_msgs/include/astra_camera_msgs/astra_camera_msgs/srv/detail/get_int32__functions.c
[1.522s] -- Up-to-date: /home/lunabotics/TAMU_SEDS_Lunabotics/ros2_ws/install/astra_camera_msgs/include/astra_camera_msgs/astra_camera_msgs/srv/detail/get_camera_params__functions.c
[1.523s] -- Up-to-date: /home/lunabotics/TAMU_SEDS_Lunabotics/ros2_ws/install/astra_camera_msgs/include/astra_camera_msgs/astra_camera_msgs/srv/detail/set_int32__struct.h
[1.523s] -- Up-to-date: /home/lunabotics/TAMU_SEDS_Lunabotics/ros2_ws/install/astra_camera_msgs/include/astra_camera_msgs/astra_camera_msgs/srv/detail/get_int32__struct.h
[1.523s] -- Up-to-date: /home/lunabotics/TAMU_SEDS_Lunabotics/ros2_ws/install/astra_camera_msgs/include/astra_camera_msgs/astra_camera_msgs/srv/detail/get_camera_info__functions.h
[1.523s] -- Up-to-date: /home/lunabotics/TAMU_SEDS_Lunabotics/ros2_ws/install/astra_camera_msgs/include/astra_camera_msgs/astra_camera_msgs/srv/detail/get_string__struct.h
[1.524s] -- Up-to-date: /home/lunabotics/TAMU_SEDS_Lunabotics/ros2_ws/install/astra_camera_msgs/include/astra_camera_msgs/astra_camera_msgs/srv/get_string.h
[1.524s] -- Up-to-date: /home/lunabotics/TAMU_SEDS_Lunabotics/ros2_ws/install/astra_camera_msgs/include/astra_camera_msgs/astra_camera_msgs/srv/set_int32.h
[1.524s] -- Up-to-date: /home/lunabotics/TAMU_SEDS_Lunabotics/ros2_ws/install/astra_camera_msgs/share/astra_camera_msgs/environment/library_path.sh
[1.524s] -- Up-to-date: /home/lunabotics/TAMU_SEDS_Lunabotics/ros2_ws/install/astra_camera_msgs/share/astra_camera_msgs/environment/library_path.dsv
[1.527s] -- Up-to-date: /home/lunabotics/TAMU_SEDS_Lunabotics/ros2_ws/install/astra_camera_msgs/lib/libastra_camera_msgs__rosidl_generator_c.so
[1.527s] -- Up-to-date: /home/lunabotics/TAMU_SEDS_Lunabotics/ros2_ws/install/astra_camera_msgs/include/astra_camera_msgs/astra_camera_msgs
[1.527s] -- Up-to-date: /home/lunabotics/TAMU_SEDS_Lunabotics/ros2_ws/install/astra_camera_msgs/include/astra_camera_msgs/astra_camera_msgs/msg
[1.527s] -- Up-to-date: /home/lunabotics/TAMU_SEDS_Lunabotics/ros2_ws/install/astra_camera_msgs/include/astra_camera_msgs/astra_camera_msgs/msg/rosidl_typesupport_fastrtps_c__visibility_control.h
[1.528s] -- Up-to-date: /home/lunabotics/TAMU_SEDS_Lunabotics/ros2_ws/install/astra_camera_msgs/include/astra_camera_msgs/astra_camera_msgs/msg/detail
[1.528s] -- Up-to-date: /home/lunabotics/TAMU_SEDS_Lunabotics/ros2_ws/install/astra_camera_msgs/include/astra_camera_msgs/astra_camera_msgs/msg/detail/extrinsics__rosidl_typesupport_fastrtps_c.h
[1.528s] -- Up-to-date: /home/lunabotics/TAMU_SEDS_Lunabotics/ros2_ws/install/astra_camera_msgs/include/astra_camera_msgs/astra_camera_msgs/msg/detail/device_info__rosidl_typesupport_fastrtps_c.h
[1.528s] -- Up-to-date: /home/lunabotics/TAMU_SEDS_Lunabotics/ros2_ws/install/astra_camera_msgs/include/astra_camera_msgs/astra_camera_msgs/msg/detail/metadata__rosidl_typesupport_fastrtps_c.h
[1.528s] -- Up-to-date: /home/lunabotics/TAMU_SEDS_Lunabotics/ros2_ws/install/astra_camera_msgs/include/astra_camera_msgs/astra_camera_msgs/srv
[1.528s] -- Up-to-date: /home/lunabotics/TAMU_SEDS_Lunabotics/ros2_ws/install/astra_camera_msgs/include/astra_camera_msgs/astra_camera_msgs/srv/detail
[1.528s] -- Up-to-date: /home/lunabotics/TAMU_SEDS_Lunabotics/ros2_ws/install/astra_camera_msgs/include/astra_camera_msgs/astra_camera_msgs/srv/detail/get_string__rosidl_typesupport_fastrtps_c.h
[1.528s] -- Up-to-date: /home/lunabotics/TAMU_SEDS_Lunabotics/ros2_ws/install/astra_camera_msgs/include/astra_camera_msgs/astra_camera_msgs/srv/detail/get_device_info__rosidl_typesupport_fastrtps_c.h
[1.528s] -- Up-to-date: /home/lunabotics/TAMU_SEDS_Lunabotics/ros2_ws/install/astra_camera_msgs/include/astra_camera_msgs/astra_camera_msgs/srv/detail/get_camera_info__rosidl_typesupport_fastrtps_c.h
[1.529s] -- Up-to-date: /home/lunabotics/TAMU_SEDS_Lunabotics/ros2_ws/install/astra_camera_msgs/include/astra_camera_msgs/astra_camera_msgs/srv/detail/get_int32__rosidl_typesupport_fastrtps_c.h
[1.529s] -- Up-to-date: /home/lunabotics/TAMU_SEDS_Lunabotics/ros2_ws/install/astra_camera_msgs/include/astra_camera_msgs/astra_camera_msgs/srv/detail/set_int32__rosidl_typesupport_fastrtps_c.h
[1.529s] -- Up-to-date: /home/lunabotics/TAMU_SEDS_Lunabotics/ros2_ws/install/astra_camera_msgs/include/astra_camera_msgs/astra_camera_msgs/srv/detail/get_camera_params__rosidl_typesupport_fastrtps_c.h
[1.534s] -- Up-to-date: /home/lunabotics/TAMU_SEDS_Lunabotics/ros2_ws/install/astra_camera_msgs/lib/libastra_camera_msgs__rosidl_typesupport_fastrtps_c.so
[1.534s] -- Up-to-date: /home/lunabotics/TAMU_SEDS_Lunabotics/ros2_ws/install/astra_camera_msgs/include/astra_camera_msgs/astra_camera_msgs
[1.534s] -- Up-to-date: /home/lunabotics/TAMU_SEDS_Lunabotics/ros2_ws/install/astra_camera_msgs/include/astra_camera_msgs/astra_camera_msgs/msg
[1.534s] -- Up-to-date: /home/lunabotics/TAMU_SEDS_Lunabotics/ros2_ws/install/astra_camera_msgs/include/astra_camera_msgs/astra_camera_msgs/msg/rosidl_typesupport_introspection_c__visibility_control.h
[1.534s] -- Up-to-date: /home/lunabotics/TAMU_SEDS_Lunabotics/ros2_ws/install/astra_camera_msgs/include/astra_camera_msgs/astra_camera_msgs/msg/detail
[1.534s] -- Up-to-date: /home/lunabotics/TAMU_SEDS_Lunabotics/ros2_ws/install/astra_camera_msgs/include/astra_camera_msgs/astra_camera_msgs/msg/detail/extrinsics__rosidl_typesupport_introspection_c.h
[1.534s] -- Up-to-date: /home/lunabotics/TAMU_SEDS_Lunabotics/ros2_ws/install/astra_camera_msgs/include/astra_camera_msgs/astra_camera_msgs/msg/detail/device_info__type_support.c
[1.535s] -- Up-to-date: /home/lunabotics/TAMU_SEDS_Lunabotics/ros2_ws/install/astra_camera_msgs/include/astra_camera_msgs/astra_camera_msgs/msg/detail/metadata__type_support.c
[1.535s] -- Up-to-date: /home/lunabotics/TAMU_SEDS_Lunabotics/ros2_ws/install/astra_camera_msgs/include/astra_camera_msgs/astra_camera_msgs/msg/detail/metadata__rosidl_typesupport_introspection_c.h
[1.535s] -- Up-to-date: /home/lunabotics/TAMU_SEDS_Lunabotics/ros2_ws/install/astra_camera_msgs/include/astra_camera_msgs/astra_camera_msgs/msg/detail/extrinsics__type_support.c
[1.535s] -- Up-to-date: /home/lunabotics/TAMU_SEDS_Lunabotics/ros2_ws/install/astra_camera_msgs/include/astra_camera_msgs/astra_camera_msgs/msg/detail/device_info__rosidl_typesupport_introspection_c.h
[1.535s] -- Up-to-date: /home/lunabotics/TAMU_SEDS_Lunabotics/ros2_ws/install/astra_camera_msgs/include/astra_camera_msgs/astra_camera_msgs/srv
[1.535s] -- Up-to-date: /home/lunabotics/TAMU_SEDS_Lunabotics/ros2_ws/install/astra_camera_msgs/include/astra_camera_msgs/astra_camera_msgs/srv/detail
[1.535s] -- Up-to-date: /home/lunabotics/TAMU_SEDS_Lunabotics/ros2_ws/install/astra_camera_msgs/include/astra_camera_msgs/astra_camera_msgs/srv/detail/set_int32__type_support.c
[1.535s] -- Up-to-date: /home/lunabotics/TAMU_SEDS_Lunabotics/ros2_ws/install/astra_camera_msgs/include/astra_camera_msgs/astra_camera_msgs/srv/detail/get_int32__rosidl_typesupport_introspection_c.h
[1.536s] -- Up-to-date: /home/lunabotics/TAMU_SEDS_Lunabotics/ros2_ws/install/astra_camera_msgs/include/astra_camera_msgs/astra_camera_msgs/srv/detail/get_camera_params__rosidl_typesupport_introspection_c.h
[1.536s] -- Up-to-date: /home/lunabotics/TAMU_SEDS_Lunabotics/ros2_ws/install/astra_camera_msgs/include/astra_camera_msgs/astra_camera_msgs/srv/detail/get_camera_info__type_support.c
[1.536s] -- Up-to-date: /home/lunabotics/TAMU_SEDS_Lunabotics/ros2_ws/install/astra_camera_msgs/include/astra_camera_msgs/astra_camera_msgs/srv/detail/get_string__rosidl_typesupport_introspection_c.h
[1.536s] -- Up-to-date: /home/lunabotics/TAMU_SEDS_Lunabotics/ros2_ws/install/astra_camera_msgs/include/astra_camera_msgs/astra_camera_msgs/srv/detail/get_camera_params__type_support.c
[1.536s] -- Up-to-date: /home/lunabotics/TAMU_SEDS_Lunabotics/ros2_ws/install/astra_camera_msgs/include/astra_camera_msgs/astra_camera_msgs/srv/detail/set_int32__rosidl_typesupport_introspection_c.h
[1.536s] -- Up-to-date: /home/lunabotics/TAMU_SEDS_Lunabotics/ros2_ws/install/astra_camera_msgs/include/astra_camera_msgs/astra_camera_msgs/srv/detail/get_device_info__type_support.c
[1.536s] -- Up-to-date: /home/lunabotics/TAMU_SEDS_Lunabotics/ros2_ws/install/astra_camera_msgs/include/astra_camera_msgs/astra_camera_msgs/srv/detail/get_int32__type_support.c
[1.536s] -- Up-to-date: /home/lunabotics/TAMU_SEDS_Lunabotics/ros2_ws/install/astra_camera_msgs/include/astra_camera_msgs/astra_camera_msgs/srv/detail/get_device_info__rosidl_typesupport_introspection_c.h
[1.537s] -- Up-to-date: /home/lunabotics/TAMU_SEDS_Lunabotics/ros2_ws/install/astra_camera_msgs/include/astra_camera_msgs/astra_camera_msgs/srv/detail/get_string__type_support.c
[1.537s] -- Up-to-date: /home/lunabotics/TAMU_SEDS_Lunabotics/ros2_ws/install/astra_camera_msgs/include/astra_camera_msgs/astra_camera_msgs/srv/detail/get_camera_info__rosidl_typesupport_introspection_c.h
[1.538s] -- Up-to-date: /home/lunabotics/TAMU_SEDS_Lunabotics/ros2_ws/install/astra_camera_msgs/lib/libastra_camera_msgs__rosidl_typesupport_introspection_c.so
[1.539s] -- Up-to-date: /home/lunabotics/TAMU_SEDS_Lunabotics/ros2_ws/install/astra_camera_msgs/lib/libastra_camera_msgs__rosidl_typesupport_c.so
[1.539s] -- Up-to-date: /home/lunabotics/TAMU_SEDS_Lunabotics/ros2_ws/install/astra_camera_msgs/include/astra_camera_msgs/astra_camera_msgs
[1.539s] -- Up-to-date: /home/lunabotics/TAMU_SEDS_Lunabotics/ros2_ws/install/astra_camera_msgs/include/astra_camera_msgs/astra_camera_msgs/msg
[1.539s] -- Up-to-date: /home/lunabotics/TAMU_SEDS_Lunabotics/ros2_ws/install/astra_camera_msgs/include/astra_camera_msgs/astra_camera_msgs/msg/device_info.hpp
[1.539s] -- Up-to-date: /home/lunabotics/TAMU_SEDS_Lunabotics/ros2_ws/install/astra_camera_msgs/include/astra_camera_msgs/astra_camera_msgs/msg/rosidl_generator_cpp__visibility_control.hpp
[1.540s] -- Up-to-date: /home/lunabotics/TAMU_SEDS_Lunabotics/ros2_ws/install/astra_camera_msgs/include/astra_camera_msgs/astra_camera_msgs/msg/extrinsics.hpp
[1.540s] -- Up-to-date: /home/lunabotics/TAMU_SEDS_Lunabotics/ros2_ws/install/astra_camera_msgs/include/astra_camera_msgs/astra_camera_msgs/msg/detail
[1.540s] -- Up-to-date: /home/lunabotics/TAMU_SEDS_Lunabotics/ros2_ws/install/astra_camera_msgs/include/astra_camera_msgs/astra_camera_msgs/msg/detail/metadata__struct.hpp
[1.540s] -- Up-to-date: /home/lunabotics/TAMU_SEDS_Lunabotics/ros2_ws/install/astra_camera_msgs/include/astra_camera_msgs/astra_camera_msgs/msg/detail/metadata__builder.hpp
[1.540s] -- Up-to-date: /home/lunabotics/TAMU_SEDS_Lunabotics/ros2_ws/install/astra_camera_msgs/include/astra_camera_msgs/astra_camera_msgs/msg/detail/metadata__traits.hpp
[1.540s] -- Up-to-date: /home/lunabotics/TAMU_SEDS_Lunabotics/ros2_ws/install/astra_camera_msgs/include/astra_camera_msgs/astra_camera_msgs/msg/detail/metadata__type_support.hpp
[1.540s] -- Up-to-date: /home/lunabotics/TAMU_SEDS_Lunabotics/ros2_ws/install/astra_camera_msgs/include/astra_camera_msgs/astra_camera_msgs/msg/detail/extrinsics__traits.hpp
[1.540s] -- Up-to-date: /home/lunabotics/TAMU_SEDS_Lunabotics/ros2_ws/install/astra_camera_msgs/include/astra_camera_msgs/astra_camera_msgs/msg/detail/device_info__traits.hpp
[1.540s] -- Up-to-date: /home/lunabotics/TAMU_SEDS_Lunabotics/ros2_ws/install/astra_camera_msgs/include/astra_camera_msgs/astra_camera_msgs/msg/detail/device_info__builder.hpp
[1.541s] -- Up-to-date: /home/lunabotics/TAMU_SEDS_Lunabotics/ros2_ws/install/astra_camera_msgs/include/astra_camera_msgs/astra_camera_msgs/msg/detail/extrinsics__struct.hpp
[1.541s] -- Up-to-date: /home/lunabotics/TAMU_SEDS_Lunabotics/ros2_ws/install/astra_camera_msgs/include/astra_camera_msgs/astra_camera_msgs/msg/detail/device_info__type_support.hpp
[1.541s] -- Up-to-date: /home/lunabotics/TAMU_SEDS_Lunabotics/ros2_ws/install/astra_camera_msgs/include/astra_camera_msgs/astra_camera_msgs/msg/detail/extrinsics__builder.hpp
[1.541s] -- Up-to-date: /home/lunabotics/TAMU_SEDS_Lunabotics/ros2_ws/install/astra_camera_msgs/include/astra_camera_msgs/astra_camera_msgs/msg/detail/device_info__struct.hpp
[1.541s] -- Up-to-date: /home/lunabotics/TAMU_SEDS_Lunabotics/ros2_ws/install/astra_camera_msgs/include/astra_camera_msgs/astra_camera_msgs/msg/detail/extrinsics__type_support.hpp
[1.541s] -- Up-to-date: /home/lunabotics/TAMU_SEDS_Lunabotics/ros2_ws/install/astra_camera_msgs/include/astra_camera_msgs/astra_camera_msgs/msg/metadata.hpp
[1.541s] -- Up-to-date: /home/lunabotics/TAMU_SEDS_Lunabotics/ros2_ws/install/astra_camera_msgs/include/astra_camera_msgs/astra_camera_msgs/srv
[1.541s] -- Up-to-date: /home/lunabotics/TAMU_SEDS_Lunabotics/ros2_ws/install/astra_camera_msgs/include/astra_camera_msgs/astra_camera_msgs/srv/get_camera_info.hpp
[1.542s] -- Up-to-date: /home/lunabotics/TAMU_SEDS_Lunabotics/ros2_ws/install/astra_camera_msgs/include/astra_camera_msgs/astra_camera_msgs/srv/get_device_info.hpp
[1.542s] -- Up-to-date: /home/lunabotics/TAMU_SEDS_Lunabotics/ros2_ws/install/astra_camera_msgs/include/astra_camera_msgs/astra_camera_msgs/srv/get_string.hpp
[1.542s] -- Up-to-date: /home/lunabotics/TAMU_SEDS_Lunabotics/ros2_ws/install/astra_camera_msgs/include/astra_camera_msgs/astra_camera_msgs/srv/detail
[1.542s] -- Up-to-date: /home/lunabotics/TAMU_SEDS_Lunabotics/ros2_ws/install/astra_camera_msgs/include/astra_camera_msgs/astra_camera_msgs/srv/detail/get_int32__type_support.hpp
[1.542s] -- Up-to-date: /home/lunabotics/TAMU_SEDS_Lunabotics/ros2_ws/install/astra_camera_msgs/include/astra_camera_msgs/astra_camera_msgs/srv/detail/get_camera_params__struct.hpp
[1.542s] -- Up-to-date: /home/lunabotics/TAMU_SEDS_Lunabotics/ros2_ws/install/astra_camera_msgs/include/astra_camera_msgs/astra_camera_msgs/srv/detail/set_int32__struct.hpp
[1.542s] -- Up-to-date: /home/lunabotics/TAMU_SEDS_Lunabotics/ros2_ws/install/astra_camera_msgs/include/astra_camera_msgs/astra_camera_msgs/srv/detail/get_string__struct.hpp
[1.542s] -- Up-to-date: /home/lunabotics/TAMU_SEDS_Lunabotics/ros2_ws/install/astra_camera_msgs/include/astra_camera_msgs/astra_camera_msgs/srv/detail/set_int32__builder.hpp
[1.543s] -- Up-to-date: /home/lunabotics/TAMU_SEDS_Lunabotics/ros2_ws/install/astra_camera_msgs/include/astra_camera_msgs/astra_camera_msgs/srv/detail/get_camera_params__builder.hpp
[1.543s] -- Up-to-date: /home/lunabotics/TAMU_SEDS_Lunabotics/ros2_ws/install/astra_camera_msgs/include/astra_camera_msgs/astra_camera_msgs/srv/detail/set_int32__traits.hpp
[1.543s] -- Up-to-date: /home/lunabotics/TAMU_SEDS_Lunabotics/ros2_ws/install/astra_camera_msgs/include/astra_camera_msgs/astra_camera_msgs/srv/detail/set_int32__type_support.hpp
[1.543s] -- Up-to-date: /home/lunabotics/TAMU_SEDS_Lunabotics/ros2_ws/install/astra_camera_msgs/include/astra_camera_msgs/astra_camera_msgs/srv/detail/get_camera_params__type_support.hpp
[1.543s] -- Up-to-date: /home/lunabotics/TAMU_SEDS_Lunabotics/ros2_ws/install/astra_camera_msgs/include/astra_camera_msgs/astra_camera_msgs/srv/detail/get_string__builder.hpp
[1.543s] -- Up-to-date: /home/lunabotics/TAMU_SEDS_Lunabotics/ros2_ws/install/astra_camera_msgs/include/astra_camera_msgs/astra_camera_msgs/srv/detail/get_device_info__traits.hpp
[1.543s] -- Up-to-date: /home/lunabotics/TAMU_SEDS_Lunabotics/ros2_ws/install/astra_camera_msgs/include/astra_camera_msgs/astra_camera_msgs/srv/detail/get_int32__struct.hpp
[1.544s] -- Up-to-date: /home/lunabotics/TAMU_SEDS_Lunabotics/ros2_ws/install/astra_camera_msgs/include/astra_camera_msgs/astra_camera_msgs/srv/detail/get_int32__builder.hpp
[1.544s] -- Up-to-date: /home/lunabotics/TAMU_SEDS_Lunabotics/ros2_ws/install/astra_camera_msgs/include/astra_camera_msgs/astra_camera_msgs/srv/detail/get_string__type_support.hpp
[1.544s] -- Up-to-date: /home/lunabotics/TAMU_SEDS_Lunabotics/ros2_ws/install/astra_camera_msgs/include/astra_camera_msgs/astra_camera_msgs/srv/detail/get_device_info__builder.hpp
[1.544s] -- Up-to-date: /home/lunabotics/TAMU_SEDS_Lunabotics/ros2_ws/install/astra_camera_msgs/include/astra_camera_msgs/astra_camera_msgs/srv/detail/get_device_info__struct.hpp
[1.544s] -- Up-to-date: /home/lunabotics/TAMU_SEDS_Lunabotics/ros2_ws/install/astra_camera_msgs/include/astra_camera_msgs/astra_camera_msgs/srv/detail/get_camera_params__traits.hpp
[1.544s] -- Up-to-date: /home/lunabotics/TAMU_SEDS_Lunabotics/ros2_ws/install/astra_camera_msgs/include/astra_camera_msgs/astra_camera_msgs/srv/detail/get_camera_info__struct.hpp
[1.544s] -- Up-to-date: /home/lunabotics/TAMU_SEDS_Lunabotics/ros2_ws/install/astra_camera_msgs/include/astra_camera_msgs/astra_camera_msgs/srv/detail/get_device_info__type_support.hpp
[1.544s] -- Up-to-date: /home/lunabotics/TAMU_SEDS_Lunabotics/ros2_ws/install/astra_camera_msgs/include/astra_camera_msgs/astra_camera_msgs/srv/detail/get_camera_info__traits.hpp
[1.544s] -- Up-to-date: /home/lunabotics/TAMU_SEDS_Lunabotics/ros2_ws/install/astra_camera_msgs/include/astra_camera_msgs/astra_camera_msgs/srv/detail/get_camera_info__type_support.hpp
[1.545s] -- Up-to-date: /home/lunabotics/TAMU_SEDS_Lunabotics/ros2_ws/install/astra_camera_msgs/include/astra_camera_msgs/astra_camera_msgs/srv/detail/get_string__traits.hpp
[1.545s] -- Up-to-date: /home/lunabotics/TAMU_SEDS_Lunabotics/ros2_ws/install/astra_camera_msgs/include/astra_camera_msgs/astra_camera_msgs/srv/detail/get_camera_info__builder.hpp
[1.545s] -- Up-to-date: /home/lunabotics/TAMU_SEDS_Lunabotics/ros2_ws/install/astra_camera_msgs/include/astra_camera_msgs/astra_camera_msgs/srv/detail/get_int32__traits.hpp
[1.545s] -- Up-to-date: /home/lunabotics/TAMU_SEDS_Lunabotics/ros2_ws/install/astra_camera_msgs/include/astra_camera_msgs/astra_camera_msgs/srv/set_int32.hpp
[1.545s] -- Up-to-date: /home/lunabotics/TAMU_SEDS_Lunabotics/ros2_ws/install/astra_camera_msgs/include/astra_camera_msgs/astra_camera_msgs/srv/get_int32.hpp
[1.545s] -- Up-to-date: /home/lunabotics/TAMU_SEDS_Lunabotics/ros2_ws/install/astra_camera_msgs/include/astra_camera_msgs/astra_camera_msgs/srv/get_camera_params.hpp
[1.545s] -- Up-to-date: /home/lunabotics/TAMU_SEDS_Lunabotics/ros2_ws/install/astra_camera_msgs/include/astra_camera_msgs/astra_camera_msgs
[1.545s] -- Up-to-date: /home/lunabotics/TAMU_SEDS_Lunabotics/ros2_ws/install/astra_camera_msgs/include/astra_camera_msgs/astra_camera_msgs/msg
[1.546s] -- Up-to-date: /home/lunabotics/TAMU_SEDS_Lunabotics/ros2_ws/install/astra_camera_msgs/include/astra_camera_msgs/astra_camera_msgs/msg/detail
[1.546s] -- Up-to-date: /home/lunabotics/TAMU_SEDS_Lunabotics/ros2_ws/install/astra_camera_msgs/include/astra_camera_msgs/astra_camera_msgs/msg/detail/extrinsics__rosidl_typesupport_fastrtps_cpp.hpp
[1.546s] -- Up-to-date: /home/lunabotics/TAMU_SEDS_Lunabotics/ros2_ws/install/astra_camera_msgs/include/astra_camera_msgs/astra_camera_msgs/msg/detail/device_info__rosidl_typesupport_fastrtps_cpp.hpp
[1.546s] -- Up-to-date: /home/lunabotics/TAMU_SEDS_Lunabotics/ros2_ws/install/astra_camera_msgs/include/astra_camera_msgs/astra_camera_msgs/msg/detail/dds_fastrtps
[1.546s] -- Up-to-date: /home/lunabotics/TAMU_SEDS_Lunabotics/ros2_ws/install/astra_camera_msgs/include/astra_camera_msgs/astra_camera_msgs/msg/detail/metadata__rosidl_typesupport_fastrtps_cpp.hpp
[1.546s] -- Up-to-date: /home/lunabotics/TAMU_SEDS_Lunabotics/ros2_ws/install/astra_camera_msgs/include/astra_camera_msgs/astra_camera_msgs/msg/rosidl_typesupport_fastrtps_cpp__visibility_control.h
[1.546s] -- Up-to-date: /home/lunabotics/TAMU_SEDS_Lunabotics/ros2_ws/install/astra_camera_msgs/include/astra_camera_msgs/astra_camera_msgs/srv
[1.546s] -- Up-to-date: /home/lunabotics/TAMU_SEDS_Lunabotics/ros2_ws/install/astra_camera_msgs/include/astra_camera_msgs/astra_camera_msgs/srv/detail
[1.546s] -- Up-to-date: /home/lunabotics/TAMU_SEDS_Lunabotics/ros2_ws/install/astra_camera_msgs/include/astra_camera_msgs/astra_camera_msgs/srv/detail/get_int32__rosidl_typesupport_fastrtps_cpp.hpp
[1.547s] -- Up-to-date: /home/lunabotics/TAMU_SEDS_Lunabotics/ros2_ws/install/astra_camera_msgs/include/astra_camera_msgs/astra_camera_msgs/srv/detail/set_int32__rosidl_typesupport_fastrtps_cpp.hpp
[1.547s] -- Up-to-date: /home/lunabotics/TAMU_SEDS_Lunabotics/ros2_ws/install/astra_camera_msgs/include/astra_camera_msgs/astra_camera_msgs/srv/detail/get_camera_info__rosidl_typesupport_fastrtps_cpp.hpp
[1.547s] -- Up-to-date: /home/lunabotics/TAMU_SEDS_Lunabotics/ros2_ws/install/astra_camera_msgs/include/astra_camera_msgs/astra_camera_msgs/srv/detail/get_camera_params__rosidl_typesupport_fastrtps_cpp.hpp
[1.547s] -- Up-to-date: /home/lunabotics/TAMU_SEDS_Lunabotics/ros2_ws/install/astra_camera_msgs/include/astra_camera_msgs/astra_camera_msgs/srv/detail/get_device_info__rosidl_typesupport_fastrtps_cpp.hpp
[1.547s] -- Up-to-date: /home/lunabotics/TAMU_SEDS_Lunabotics/ros2_ws/install/astra_camera_msgs/include/astra_camera_msgs/astra_camera_msgs/srv/detail/get_string__rosidl_typesupport_fastrtps_cpp.hpp
[1.547s] -- Up-to-date: /home/lunabotics/TAMU_SEDS_Lunabotics/ros2_ws/install/astra_camera_msgs/include/astra_camera_msgs/astra_camera_msgs/srv/detail/dds_fastrtps
[1.547s] -- Up-to-date: /home/lunabotics/TAMU_SEDS_Lunabotics/ros2_ws/install/astra_camera_msgs/lib/libastra_camera_msgs__rosidl_typesupport_fastrtps_cpp.so
[1.548s] -- Up-to-date: /home/lunabotics/TAMU_SEDS_Lunabotics/ros2_ws/install/astra_camera_msgs/include/astra_camera_msgs/astra_camera_msgs
[1.548s] -- Up-to-date: /home/lunabotics/TAMU_SEDS_Lunabotics/ros2_ws/install/astra_camera_msgs/include/astra_camera_msgs/astra_camera_msgs/msg
[1.548s] -- Up-to-date: /home/lunabotics/TAMU_SEDS_Lunabotics/ros2_ws/install/astra_camera_msgs/include/astra_camera_msgs/astra_camera_msgs/msg/detail
[1.548s] -- Up-to-date: /home/lunabotics/TAMU_SEDS_Lunabotics/ros2_ws/install/astra_camera_msgs/include/astra_camera_msgs/astra_camera_msgs/msg/detail/metadata__rosidl_typesupport_introspection_cpp.hpp
[1.548s] -- Up-to-date: /home/lunabotics/TAMU_SEDS_Lunabotics/ros2_ws/install/astra_camera_msgs/include/astra_camera_msgs/astra_camera_msgs/msg/detail/device_info__rosidl_typesupport_introspection_cpp.hpp
[1.548s] -- Up-to-date: /home/lunabotics/TAMU_SEDS_Lunabotics/ros2_ws/install/astra_camera_msgs/include/astra_camera_msgs/astra_camera_msgs/msg/detail/device_info__type_support.cpp
[1.548s] -- Up-to-date: /home/lunabotics/TAMU_SEDS_Lunabotics/ros2_ws/install/astra_camera_msgs/include/astra_camera_msgs/astra_camera_msgs/msg/detail/metadata__type_support.cpp
[1.548s] -- Up-to-date: /home/lunabotics/TAMU_SEDS_Lunabotics/ros2_ws/install/astra_camera_msgs/include/astra_camera_msgs/astra_camera_msgs/msg/detail/extrinsics__rosidl_typesupport_introspection_cpp.hpp
[1.549s] -- Up-to-date: /home/lunabotics/TAMU_SEDS_Lunabotics/ros2_ws/install/astra_camera_msgs/include/astra_camera_msgs/astra_camera_msgs/msg/detail/extrinsics__type_support.cpp
[1.549s] -- Up-to-date: /home/lunabotics/TAMU_SEDS_Lunabotics/ros2_ws/install/astra_camera_msgs/include/astra_camera_msgs/astra_camera_msgs/srv
[1.549s] -- Up-to-date: /home/lunabotics/TAMU_SEDS_Lunabotics/ros2_ws/install/astra_camera_msgs/include/astra_camera_msgs/astra_camera_msgs/srv/detail
[1.549s] -- Up-to-date: /home/lunabotics/TAMU_SEDS_Lunabotics/ros2_ws/install/astra_camera_msgs/include/astra_camera_msgs/astra_camera_msgs/srv/detail/get_camera_info__type_support.cpp
[1.549s] -- Up-to-date: /home/lunabotics/TAMU_SEDS_Lunabotics/ros2_ws/install/astra_camera_msgs/include/astra_camera_msgs/astra_camera_msgs/srv/detail/get_string__rosidl_typesupport_introspection_cpp.hpp
[1.549s] -- Up-to-date: /home/lunabotics/TAMU_SEDS_Lunabotics/ros2_ws/install/astra_camera_msgs/include/astra_camera_msgs/astra_camera_msgs/srv/detail/get_camera_params__type_support.cpp
[1.549s] -- Up-to-date: /home/lunabotics/TAMU_SEDS_Lunabotics/ros2_ws/install/astra_camera_msgs/include/astra_camera_msgs/astra_camera_msgs/srv/detail/get_int32__type_support.cpp
[1.549s] -- Up-to-date: /home/lunabotics/TAMU_SEDS_Lunabotics/ros2_ws/install/astra_camera_msgs/include/astra_camera_msgs/astra_camera_msgs/srv/detail/get_device_info__rosidl_typesupport_introspection_cpp.hpp
[1.549s] -- Up-to-date: /home/lunabotics/TAMU_SEDS_Lunabotics/ros2_ws/install/astra_camera_msgs/include/astra_camera_msgs/astra_camera_msgs/srv/detail/get_string__type_support.cpp
[1.550s] -- Up-to-date: /home/lunabotics/TAMU_SEDS_Lunabotics/ros2_ws/install/astra_camera_msgs/include/astra_camera_msgs/astra_camera_msgs/srv/detail/get_device_info__type_support.cpp
[1.550s] -- Up-to-date: /home/lunabotics/TAMU_SEDS_Lunabotics/ros2_ws/install/astra_camera_msgs/include/astra_camera_msgs/astra_camera_msgs/srv/detail/get_camera_params__rosidl_typesupport_introspection_cpp.hpp
[1.550s] -- Up-to-date: /home/lunabotics/TAMU_SEDS_Lunabotics/ros2_ws/install/astra_camera_msgs/include/astra_camera_msgs/astra_camera_msgs/srv/detail/set_int32__rosidl_typesupport_introspection_cpp.hpp
[1.550s] -- Up-to-date: /home/lunabotics/TAMU_SEDS_Lunabotics/ros2_ws/install/astra_camera_msgs/include/astra_camera_msgs/astra_camera_msgs/srv/detail/set_int32__type_support.cpp
[1.550s] -- Up-to-date: /home/lunabotics/TAMU_SEDS_Lunabotics/ros2_ws/install/astra_camera_msgs/include/astra_camera_msgs/astra_camera_msgs/srv/detail/get_int32__rosidl_typesupport_introspection_cpp.hpp
[1.550s] -- Up-to-date: /home/lunabotics/TAMU_SEDS_Lunabotics/ros2_ws/install/astra_camera_msgs/include/astra_camera_msgs/astra_camera_msgs/srv/detail/get_camera_info__rosidl_typesupport_introspection_cpp.hpp
[1.550s] -- Up-to-date: /home/lunabotics/TAMU_SEDS_Lunabotics/ros2_ws/install/astra_camera_msgs/lib/libastra_camera_msgs__rosidl_typesupport_introspection_cpp.so
[1.550s] -- Up-to-date: /home/lunabotics/TAMU_SEDS_Lunabotics/ros2_ws/install/astra_camera_msgs/lib/libastra_camera_msgs__rosidl_typesupport_cpp.so
[1.551s] -- Up-to-date: /home/lunabotics/TAMU_SEDS_Lunabotics/ros2_ws/install/astra_camera_msgs/share/astra_camera_msgs/environment/pythonpath.sh
[1.551s] -- Up-to-date: /home/lunabotics/TAMU_SEDS_Lunabotics/ros2_ws/install/astra_camera_msgs/share/astra_camera_msgs/environment/pythonpath.dsv
[1.551s] -- Up-to-date: /home/lunabotics/TAMU_SEDS_Lunabotics/ros2_ws/install/astra_camera_msgs/local/lib/python3.10/dist-packages/astra_camera_msgs-1.0.1-py3.10.egg-info
[1.551s] -- Installing: /home/lunabotics/TAMU_SEDS_Lunabotics/ros2_ws/install/astra_camera_msgs/local/lib/python3.10/dist-packages/astra_camera_msgs-1.0.1-py3.10.egg-info/SOURCES.txt
[1.551s] -- Installing: /home/lunabotics/TAMU_SEDS_Lunabotics/ros2_ws/install/astra_camera_msgs/local/lib/python3.10/dist-packages/astra_camera_msgs-1.0.1-py3.10.egg-info/PKG-INFO
[1.551s] -- Installing: /home/lunabotics/TAMU_SEDS_Lunabotics/ros2_ws/install/astra_camera_msgs/local/lib/python3.10/dist-packages/astra_camera_msgs-1.0.1-py3.10.egg-info/dependency_links.txt
[1.551s] -- Installing: /home/lunabotics/TAMU_SEDS_Lunabotics/ros2_ws/install/astra_camera_msgs/local/lib/python3.10/dist-packages/astra_camera_msgs-1.0.1-py3.10.egg-info/top_level.txt
[1.551s] -- Up-to-date: /home/lunabotics/TAMU_SEDS_Lunabotics/ros2_ws/install/astra_camera_msgs/local/lib/python3.10/dist-packages/astra_camera_msgs
[1.552s] -- Up-to-date: /home/lunabotics/TAMU_SEDS_Lunabotics/ros2_ws/install/astra_camera_msgs/local/lib/python3.10/dist-packages/astra_camera_msgs/_astra_camera_msgs_s.ep.rosidl_typesupport_introspection_c.c
[1.552s] -- Up-to-date: /home/lunabotics/TAMU_SEDS_Lunabotics/ros2_ws/install/astra_camera_msgs/local/lib/python3.10/dist-packages/astra_camera_msgs/astra_camera_msgs_s__rosidl_typesupport_introspection_c.cpython-310-aarch64-linux-gnu.so
[1.552s] -- Up-to-date: /home/lunabotics/TAMU_SEDS_Lunabotics/ros2_ws/install/astra_camera_msgs/local/lib/python3.10/dist-packages/astra_camera_msgs/_astra_camera_msgs_s.ep.rosidl_typesupport_fastrtps_c.c
[1.552s] -- Up-to-date: /home/lunabotics/TAMU_SEDS_Lunabotics/ros2_ws/install/astra_camera_msgs/local/lib/python3.10/dist-packages/astra_camera_msgs/msg
[1.552s] -- Up-to-date: /home/lunabotics/TAMU_SEDS_Lunabotics/ros2_ws/install/astra_camera_msgs/local/lib/python3.10/dist-packages/astra_camera_msgs/msg/_extrinsics_s.c
[1.552s] -- Up-to-date: /home/lunabotics/TAMU_SEDS_Lunabotics/ros2_ws/install/astra_camera_msgs/local/lib/python3.10/dist-packages/astra_camera_msgs/msg/_extrinsics.py
[1.552s] -- Up-to-date: /home/lunabotics/TAMU_SEDS_Lunabotics/ros2_ws/install/astra_camera_msgs/local/lib/python3.10/dist-packages/astra_camera_msgs/msg/_device_info.py
[1.552s] -- Up-to-date: /home/lunabotics/TAMU_SEDS_Lunabotics/ros2_ws/install/astra_camera_msgs/local/lib/python3.10/dist-packages/astra_camera_msgs/msg/_metadata.py
[1.553s] -- Up-to-date: /home/lunabotics/TAMU_SEDS_Lunabotics/ros2_ws/install/astra_camera_msgs/local/lib/python3.10/dist-packages/astra_camera_msgs/msg/_device_info_s.c
[1.553s] -- Up-to-date: /home/lunabotics/TAMU_SEDS_Lunabotics/ros2_ws/install/astra_camera_msgs/local/lib/python3.10/dist-packages/astra_camera_msgs/msg/_metadata_s.c
[1.553s] -- Up-to-date: /home/lunabotics/TAMU_SEDS_Lunabotics/ros2_ws/install/astra_camera_msgs/local/lib/python3.10/dist-packages/astra_camera_msgs/msg/__init__.py
[1.553s] -- Up-to-date: /home/lunabotics/TAMU_SEDS_Lunabotics/ros2_ws/install/astra_camera_msgs/local/lib/python3.10/dist-packages/astra_camera_msgs/srv
[1.553s] -- Up-to-date: /home/lunabotics/TAMU_SEDS_Lunabotics/ros2_ws/install/astra_camera_msgs/local/lib/python3.10/dist-packages/astra_camera_msgs/srv/_get_camera_info.py
[1.553s] -- Up-to-date: /home/lunabotics/TAMU_SEDS_Lunabotics/ros2_ws/install/astra_camera_msgs/local/lib/python3.10/dist-packages/astra_camera_msgs/srv/_get_camera_info_s.c
[1.553s] -- Up-to-date: /home/lunabotics/TAMU_SEDS_Lunabotics/ros2_ws/install/astra_camera_msgs/local/lib/python3.10/dist-packages/astra_camera_msgs/srv/_set_int32_s.c
[1.553s] -- Up-to-date: /home/lunabotics/TAMU_SEDS_Lunabotics/ros2_ws/install/astra_camera_msgs/local/lib/python3.10/dist-packages/astra_camera_msgs/srv/_get_camera_params_s.c
[1.554s] -- Up-to-date: /home/lunabotics/TAMU_SEDS_Lunabotics/ros2_ws/install/astra_camera_msgs/local/lib/python3.10/dist-packages/astra_camera_msgs/srv/_get_device_info.py
[1.554s] -- Up-to-date: /home/lunabotics/TAMU_SEDS_Lunabotics/ros2_ws/install/astra_camera_msgs/local/lib/python3.10/dist-packages/astra_camera_msgs/srv/_get_string.py
[1.554s] -- Up-to-date: /home/lunabotics/TAMU_SEDS_Lunabotics/ros2_ws/install/astra_camera_msgs/local/lib/python3.10/dist-packages/astra_camera_msgs/srv/_set_int32.py
[1.554s] -- Up-to-date: /home/lunabotics/TAMU_SEDS_Lunabotics/ros2_ws/install/astra_camera_msgs/local/lib/python3.10/dist-packages/astra_camera_msgs/srv/_get_device_info_s.c
[1.554s] -- Up-to-date: /home/lunabotics/TAMU_SEDS_Lunabotics/ros2_ws/install/astra_camera_msgs/local/lib/python3.10/dist-packages/astra_camera_msgs/srv/_get_int32_s.c
[1.554s] -- Up-to-date: /home/lunabotics/TAMU_SEDS_Lunabotics/ros2_ws/install/astra_camera_msgs/local/lib/python3.10/dist-packages/astra_camera_msgs/srv/_get_string_s.c
[1.554s] -- Up-to-date: /home/lunabotics/TAMU_SEDS_Lunabotics/ros2_ws/install/astra_camera_msgs/local/lib/python3.10/dist-packages/astra_camera_msgs/srv/_get_camera_params.py
[1.554s] -- Up-to-date: /home/lunabotics/TAMU_SEDS_Lunabotics/ros2_ws/install/astra_camera_msgs/local/lib/python3.10/dist-packages/astra_camera_msgs/srv/_get_int32.py
[1.555s] -- Up-to-date: /home/lunabotics/TAMU_SEDS_Lunabotics/ros2_ws/install/astra_camera_msgs/local/lib/python3.10/dist-packages/astra_camera_msgs/srv/__init__.py
[1.555s] -- Up-to-date: /home/lunabotics/TAMU_SEDS_Lunabotics/ros2_ws/install/astra_camera_msgs/local/lib/python3.10/dist-packages/astra_camera_msgs/_astra_camera_msgs_s.ep.rosidl_typesupport_c.c
[1.555s] -- Up-to-date: /home/lunabotics/TAMU_SEDS_Lunabotics/ros2_ws/install/astra_camera_msgs/local/lib/python3.10/dist-packages/astra_camera_msgs/libastra_camera_msgs__rosidl_generator_py.so
[1.555s] -- Up-to-date: /home/lunabotics/TAMU_SEDS_Lunabotics/ros2_ws/install/astra_camera_msgs/local/lib/python3.10/dist-packages/astra_camera_msgs/astra_camera_msgs_s__rosidl_typesupport_fastrtps_c.cpython-310-aarch64-linux-gnu.so
[1.555s] -- Up-to-date: /home/lunabotics/TAMU_SEDS_Lunabotics/ros2_ws/install/astra_camera_msgs/local/lib/python3.10/dist-packages/astra_camera_msgs/__init__.py
[1.555s] -- Up-to-date: /home/lunabotics/TAMU_SEDS_Lunabotics/ros2_ws/install/astra_camera_msgs/local/lib/python3.10/dist-packages/astra_camera_msgs/astra_camera_msgs_s__rosidl_typesupport_c.cpython-310-aarch64-linux-gnu.so
[1.647s] Listing '/home/lunabotics/TAMU_SEDS_Lunabotics/ros2_ws/install/astra_camera_msgs/local/lib/python3.10/dist-packages/astra_camera_msgs'...
[1.647s] Listing '/home/lunabotics/TAMU_SEDS_Lunabotics/ros2_ws/install/astra_camera_msgs/local/lib/python3.10/dist-packages/astra_camera_msgs/msg'...
[1.647s] Listing '/home/lunabotics/TAMU_SEDS_Lunabotics/ros2_ws/install/astra_camera_msgs/local/lib/python3.10/dist-packages/astra_camera_msgs/srv'...
[1.679s] -- Up-to-date: /home/lunabotics/TAMU_SEDS_Lunabotics/ros2_ws/install/astra_camera_msgs/local/lib/python3.10/dist-packages/astra_camera_msgs/astra_camera_msgs_s__rosidl_typesupport_fastrtps_c.cpython-310-aarch64-linux-gnu.so
[1.689s] -- Up-to-date: /home/lunabotics/TAMU_SEDS_Lunabotics/ros2_ws/install/astra_camera_msgs/local/lib/python3.10/dist-packages/astra_camera_msgs/astra_camera_msgs_s__rosidl_typesupport_introspection_c.cpython-310-aarch64-linux-gnu.so
[1.694s] -- Up-to-date: /home/lunabotics/TAMU_SEDS_Lunabotics/ros2_ws/install/astra_camera_msgs/local/lib/python3.10/dist-packages/astra_camera_msgs/astra_camera_msgs_s__rosidl_typesupport_c.cpython-310-aarch64-linux-gnu.so
[1.697s] -- Up-to-date: /home/lunabotics/TAMU_SEDS_Lunabotics/ros2_ws/install/astra_camera_msgs/lib/libastra_camera_msgs__rosidl_generator_py.so
[1.698s] -- Up-to-date: /home/lunabotics/TAMU_SEDS_Lunabotics/ros2_ws/install/astra_camera_msgs/share/ament_index/resource_index/rust_packages/astra_camera_msgs
[1.698s] -- Up-to-date: /home/lunabotics/TAMU_SEDS_Lunabotics/ros2_ws/install/astra_camera_msgs/share/astra_camera_msgs/rust
[1.699s] -- Up-to-date: /home/lunabotics/TAMU_SEDS_Lunabotics/ros2_ws/install/astra_camera_msgs/share/astra_camera_msgs/rust/Cargo.toml
[1.700s] -- Up-to-date: /home/lunabotics/TAMU_SEDS_Lunabotics/ros2_ws/install/astra_camera_msgs/share/astra_camera_msgs/rust/build.rs
[1.700s] -- Up-to-date: /home/lunabotics/TAMU_SEDS_Lunabotics/ros2_ws/install/astra_camera_msgs/share/astra_camera_msgs/rust/src
[1.701s] -- Up-to-date: /home/lunabotics/TAMU_SEDS_Lunabotics/ros2_ws/install/astra_camera_msgs/share/astra_camera_msgs/rust/src/msg
[1.702s] -- Up-to-date: /home/lunabotics/TAMU_SEDS_Lunabotics/ros2_ws/install/astra_camera_msgs/share/astra_camera_msgs/rust/src/msg/rmw.rs
[1.702s] -- Up-to-date: /home/lunabotics/TAMU_SEDS_Lunabotics/ros2_ws/install/astra_camera_msgs/share/astra_camera_msgs/rust/src/srv
[1.706s] -- Up-to-date: /home/lunabotics/TAMU_SEDS_Lunabotics/ros2_ws/install/astra_camera_msgs/share/astra_camera_msgs/rust/src/srv/rmw.rs
[1.706s] -- Up-to-date: /home/lunabotics/TAMU_SEDS_Lunabotics/ros2_ws/install/astra_camera_msgs/share/astra_camera_msgs/rust/src/srv.rs
[1.706s] -- Up-to-date: /home/lunabotics/TAMU_SEDS_Lunabotics/ros2_ws/install/astra_camera_msgs/share/astra_camera_msgs/rust/src/lib.rs
[1.706s] -- Up-to-date: /home/lunabotics/TAMU_SEDS_Lunabotics/ros2_ws/install/astra_camera_msgs/share/astra_camera_msgs/rust/src/msg.rs
[1.711s] -- Up-to-date: /home/lunabotics/TAMU_SEDS_Lunabotics/ros2_ws/install/astra_camera_msgs/share/astra_camera_msgs/msg/DeviceInfo.idl
[1.711s] -- Up-to-date: /home/lunabotics/TAMU_SEDS_Lunabotics/ros2_ws/install/astra_camera_msgs/share/astra_camera_msgs/msg/Extrinsics.idl
[1.711s] -- Up-to-date: /home/lunabotics/TAMU_SEDS_Lunabotics/ros2_ws/install/astra_camera_msgs/share/astra_camera_msgs/msg/Metadata.idl
[1.712s] -- Up-to-date: /home/lunabotics/TAMU_SEDS_Lunabotics/ros2_ws/install/astra_camera_msgs/share/astra_camera_msgs/srv/GetDeviceInfo.idl
[1.713s] -- Up-to-date: /home/lunabotics/TAMU_SEDS_Lunabotics/ros2_ws/install/astra_camera_msgs/share/astra_camera_msgs/srv/GetCameraInfo.idl
[1.713s] -- Up-to-date: /home/lunabotics/TAMU_SEDS_Lunabotics/ros2_ws/install/astra_camera_msgs/share/astra_camera_msgs/srv/GetCameraParams.idl
[1.713s] -- Up-to-date: /home/lunabotics/TAMU_SEDS_Lunabotics/ros2_ws/install/astra_camera_msgs/share/astra_camera_msgs/srv/GetInt32.idl
[1.713s] -- Up-to-date: /home/lunabotics/TAMU_SEDS_Lunabotics/ros2_ws/install/astra_camera_msgs/share/astra_camera_msgs/srv/GetString.idl
[1.714s] -- Up-to-date: /home/lunabotics/TAMU_SEDS_Lunabotics/ros2_ws/install/astra_camera_msgs/share/astra_camera_msgs/srv/SetInt32.idl
[1.714s] -- Up-to-date: /home/lunabotics/TAMU_SEDS_Lunabotics/ros2_ws/install/astra_camera_msgs/share/astra_camera_msgs/msg/DeviceInfo.msg
[1.714s] -- Up-to-date: /home/lunabotics/TAMU_SEDS_Lunabotics/ros2_ws/install/astra_camera_msgs/share/astra_camera_msgs/msg/Extrinsics.msg
[1.714s] -- Up-to-date: /home/lunabotics/TAMU_SEDS_Lunabotics/ros2_ws/install/astra_camera_msgs/share/astra_camera_msgs/msg/Metadata.msg
[1.714s] -- Up-to-date: /home/lunabotics/TAMU_SEDS_Lunabotics/ros2_ws/install/astra_camera_msgs/share/astra_camera_msgs/srv/GetDeviceInfo.srv
[1.716s] -- Up-to-date: /home/lunabotics/TAMU_SEDS_Lunabotics/ros2_ws/install/astra_camera_msgs/share/astra_camera_msgs/srv/GetDeviceInfo_Request.msg
[1.716s] -- Up-to-date: /home/lunabotics/TAMU_SEDS_Lunabotics/ros2_ws/install/astra_camera_msgs/share/astra_camera_msgs/srv/GetDeviceInfo_Response.msg
[1.717s] -- Up-to-date: /home/lunabotics/TAMU_SEDS_Lunabotics/ros2_ws/install/astra_camera_msgs/share/astra_camera_msgs/srv/GetCameraInfo.srv
[1.717s] -- Up-to-date: /home/lunabotics/TAMU_SEDS_Lunabotics/ros2_ws/install/astra_camera_msgs/share/astra_camera_msgs/srv/GetCameraInfo_Request.msg
[1.717s] -- Up-to-date: /home/lunabotics/TAMU_SEDS_Lunabotics/ros2_ws/install/astra_camera_msgs/share/astra_camera_msgs/srv/GetCameraInfo_Response.msg
[1.717s] -- Up-to-date: /home/lunabotics/TAMU_SEDS_Lunabotics/ros2_ws/install/astra_camera_msgs/share/astra_camera_msgs/srv/GetCameraParams.srv
[1.717s] -- Up-to-date: /home/lunabotics/TAMU_SEDS_Lunabotics/ros2_ws/install/astra_camera_msgs/share/astra_camera_msgs/srv/GetCameraParams_Request.msg
[1.718s] -- Up-to-date: /home/lunabotics/TAMU_SEDS_Lunabotics/ros2_ws/install/astra_camera_msgs/share/astra_camera_msgs/srv/GetCameraParams_Response.msg
[1.718s] -- Up-to-date: /home/lunabotics/TAMU_SEDS_Lunabotics/ros2_ws/install/astra_camera_msgs/share/astra_camera_msgs/srv/GetInt32.srv
[1.718s] -- Up-to-date: /home/lunabotics/TAMU_SEDS_Lunabotics/ros2_ws/install/astra_camera_msgs/share/astra_camera_msgs/srv/GetInt32_Request.msg
[1.718s] -- Up-to-date: /home/lunabotics/TAMU_SEDS_Lunabotics/ros2_ws/install/astra_camera_msgs/share/astra_camera_msgs/srv/GetInt32_Response.msg
[1.718s] -- Up-to-date: /home/lunabotics/TAMU_SEDS_Lunabotics/ros2_ws/install/astra_camera_msgs/share/astra_camera_msgs/srv/GetString.srv
[1.718s] -- Up-to-date: /home/lunabotics/TAMU_SEDS_Lunabotics/ros2_ws/install/astra_camera_msgs/share/astra_camera_msgs/srv/GetString_Request.msg
[1.718s] -- Up-to-date: /home/lunabotics/TAMU_SEDS_Lunabotics/ros2_ws/install/astra_camera_msgs/share/astra_camera_msgs/srv/GetString_Response.msg
[1.719s] -- Up-to-date: /home/lunabotics/TAMU_SEDS_Lunabotics/ros2_ws/install/astra_camera_msgs/share/astra_camera_msgs/srv/SetInt32.srv
[1.719s] -- Up-to-date: /home/lunabotics/TAMU_SEDS_Lunabotics/ros2_ws/install/astra_camera_msgs/share/astra_camera_msgs/srv/SetInt32_Request.msg
[1.719s] -- Up-to-date: /home/lunabotics/TAMU_SEDS_Lunabotics/ros2_ws/install/astra_camera_msgs/share/astra_camera_msgs/srv/SetInt32_Response.msg
[1.719s] -- Up-to-date: /home/lunabotics/TAMU_SEDS_Lunabotics/ros2_ws/install/astra_camera_msgs/share/ament_index/resource_index/package_run_dependencies/astra_camera_msgs
[1.721s] -- Up-to-date: /home/lunabotics/TAMU_SEDS_Lunabotics/ros2_ws/install/astra_camera_msgs/share/ament_index/resource_index/parent_prefix_path/astra_camera_msgs
[1.721s] -- Up-to-date: /home/lunabotics/TAMU_SEDS_Lunabotics/ros2_ws/install/astra_camera_msgs/share/astra_camera_msgs/environment/ament_prefix_path.sh
[1.722s] -- Up-to-date: /home/lunabotics/TAMU_SEDS_Lunabotics/ros2_ws/install/astra_camera_msgs/share/astra_camera_msgs/environment/ament_prefix_path.dsv
[1.722s] -- Up-to-date: /home/lunabotics/TAMU_SEDS_Lunabotics/ros2_ws/install/astra_camera_msgs/share/astra_camera_msgs/environment/path.sh
[1.722s] -- Up-to-date: /home/lunabotics/TAMU_SEDS_Lunabotics/ros2_ws/install/astra_camera_msgs/share/astra_camera_msgs/environment/path.dsv
[1.722s] -- Up-to-date: /home/lunabotics/TAMU_SEDS_Lunabotics/ros2_ws/install/astra_camera_msgs/share/astra_camera_msgs/local_setup.bash
[1.722s] -- Up-to-date: /home/lunabotics/TAMU_SEDS_Lunabotics/ros2_ws/install/astra_camera_msgs/share/astra_camera_msgs/local_setup.sh
[1.723s] -- Up-to-date: /home/lunabotics/TAMU_SEDS_Lunabotics/ros2_ws/install/astra_camera_msgs/share/astra_camera_msgs/local_setup.zsh
[1.723s] -- Up-to-date: /home/lunabotics/TAMU_SEDS_Lunabotics/ros2_ws/install/astra_camera_msgs/share/astra_camera_msgs/local_setup.dsv
[1.723s] -- Installing: /home/lunabotics/TAMU_SEDS_Lunabotics/ros2_ws/install/astra_camera_msgs/share/astra_camera_msgs/package.dsv
[1.726s] -- Up-to-date: /home/lunabotics/TAMU_SEDS_Lunabotics/ros2_ws/install/astra_camera_msgs/share/ament_index/resource_index/packages/astra_camera_msgs
[1.746s] -- Up-to-date: /home/lunabotics/TAMU_SEDS_Lunabotics/ros2_ws/install/astra_camera_msgs/share/astra_camera_msgs/cmake/export_astra_camera_msgs__rosidl_generator_cExport.cmake
[1.747s] -- Up-to-date: /home/lunabotics/TAMU_SEDS_Lunabotics/ros2_ws/install/astra_camera_msgs/share/astra_camera_msgs/cmake/export_astra_camera_msgs__rosidl_generator_cExport-noconfig.cmake
[1.759s] -- Up-to-date: /home/lunabotics/TAMU_SEDS_Lunabotics/ros2_ws/install/astra_camera_msgs/share/astra_camera_msgs/cmake/export_astra_camera_msgs__rosidl_typesupport_fastrtps_cExport.cmake
[1.759s] -- Up-to-date: /home/lunabotics/TAMU_SEDS_Lunabotics/ros2_ws/install/astra_camera_msgs/share/astra_camera_msgs/cmake/export_astra_camera_msgs__rosidl_typesupport_fastrtps_cExport-noconfig.cmake
[1.765s] -- Up-to-date: /home/lunabotics/TAMU_SEDS_Lunabotics/ros2_ws/install/astra_camera_msgs/share/astra_camera_msgs/cmake/astra_camera_msgs__rosidl_typesupport_introspection_cExport.cmake
[1.766s] -- Up-to-date: /home/lunabotics/TAMU_SEDS_Lunabotics/ros2_ws/install/astra_camera_msgs/share/astra_camera_msgs/cmake/astra_camera_msgs__rosidl_typesupport_introspection_cExport-noconfig.cmake
[1.772s] -- Up-to-date: /home/lunabotics/TAMU_SEDS_Lunabotics/ros2_ws/install/astra_camera_msgs/share/astra_camera_msgs/cmake/astra_camera_msgs__rosidl_typesupport_cExport.cmake
[1.775s] -- Up-to-date: /home/lunabotics/TAMU_SEDS_Lunabotics/ros2_ws/install/astra_camera_msgs/share/astra_camera_msgs/cmake/astra_camera_msgs__rosidl_typesupport_cExport-noconfig.cmake
[1.779s] -- Up-to-date: /home/lunabotics/TAMU_SEDS_Lunabotics/ros2_ws/install/astra_camera_msgs/share/astra_camera_msgs/cmake/export_astra_camera_msgs__rosidl_generator_cppExport.cmake
[1.795s] -- Up-to-date: /home/lunabotics/TAMU_SEDS_Lunabotics/ros2_ws/install/astra_camera_msgs/share/astra_camera_msgs/cmake/export_astra_camera_msgs__rosidl_typesupport_fastrtps_cppExport.cmake
[1.795s] -- Up-to-date: /home/lunabotics/TAMU_SEDS_Lunabotics/ros2_ws/install/astra_camera_msgs/share/astra_camera_msgs/cmake/export_astra_camera_msgs__rosidl_typesupport_fastrtps_cppExport-noconfig.cmake
[1.807s] -- Up-to-date: /home/lunabotics/TAMU_SEDS_Lunabotics/ros2_ws/install/astra_camera_msgs/share/astra_camera_msgs/cmake/astra_camera_msgs__rosidl_typesupport_introspection_cppExport.cmake
[1.807s] -- Up-to-date: /home/lunabotics/TAMU_SEDS_Lunabotics/ros2_ws/install/astra_camera_msgs/share/astra_camera_msgs/cmake/astra_camera_msgs__rosidl_typesupport_introspection_cppExport-noconfig.cmake
[1.814s] -- Up-to-date: /home/lunabotics/TAMU_SEDS_Lunabotics/ros2_ws/install/astra_camera_msgs/share/astra_camera_msgs/cmake/astra_camera_msgs__rosidl_typesupport_cppExport.cmake
[1.814s] -- Up-to-date: /home/lunabotics/TAMU_SEDS_Lunabotics/ros2_ws/install/astra_camera_msgs/share/astra_camera_msgs/cmake/astra_camera_msgs__rosidl_typesupport_cppExport-noconfig.cmake
[1.821s] -- Up-to-date: /home/lunabotics/TAMU_SEDS_Lunabotics/ros2_ws/install/astra_camera_msgs/share/astra_camera_msgs/cmake/export_astra_camera_msgs__rosidl_generator_pyExport.cmake
[1.821s] -- Up-to-date: /home/lunabotics/TAMU_SEDS_Lunabotics/ros2_ws/install/astra_camera_msgs/share/astra_camera_msgs/cmake/export_astra_camera_msgs__rosidl_generator_pyExport-noconfig.cmake
[1.822s] -- Up-to-date: /home/lunabotics/TAMU_SEDS_Lunabotics/ros2_ws/install/astra_camera_msgs/share/astra_camera_msgs/cmake/rosidl_cmake-extras.cmake
[1.822s] -- Up-to-date: /home/lunabotics/TAMU_SEDS_Lunabotics/ros2_ws/install/astra_camera_msgs/share/astra_camera_msgs/cmake/ament_cmake_export_dependencies-extras.cmake
[1.823s] -- Up-to-date: /home/lunabotics/TAMU_SEDS_Lunabotics/ros2_ws/install/astra_camera_msgs/share/astra_camera_msgs/cmake/ament_cmake_export_include_directories-extras.cmake
[1.823s] -- Up-to-date: /home/lunabotics/TAMU_SEDS_Lunabotics/ros2_ws/install/astra_camera_msgs/share/astra_camera_msgs/cmake/ament_cmake_export_libraries-extras.cmake
[1.823s] -- Up-to-date: /home/lunabotics/TAMU_SEDS_Lunabotics/ros2_ws/install/astra_camera_msgs/share/astra_camera_msgs/cmake/ament_cmake_export_targets-extras.cmake
[1.823s] -- Up-to-date: /home/lunabotics/TAMU_SEDS_Lunabotics/ros2_ws/install/astra_camera_msgs/share/astra_camera_msgs/cmake/rosidl_cmake_export_typesupport_targets-extras.cmake
[1.824s] -- Up-to-date: /home/lunabotics/TAMU_SEDS_Lunabotics/ros2_ws/install/astra_camera_msgs/share/astra_camera_msgs/cmake/rosidl_cmake_export_typesupport_libraries-extras.cmake
[1.824s] -- Up-to-date: /home/lunabotics/TAMU_SEDS_Lunabotics/ros2_ws/install/astra_camera_msgs/share/astra_camera_msgs/cmake/astra_camera_msgsConfig.cmake
[1.825s] -- Up-to-date: /home/lunabotics/TAMU_SEDS_Lunabotics/ros2_ws/install/astra_camera_msgs/share/astra_camera_msgs/cmake/astra_camera_msgsConfig-version.cmake
[1.825s] -- Up-to-date: /home/lunabotics/TAMU_SEDS_Lunabotics/ros2_ws/install/astra_camera_msgs/share/astra_camera_msgs/package.xml
[1.922s] Invoked command in '/home/lunabotics/TAMU_SEDS_Lunabotics/ros2_ws/build/astra_camera_msgs' returned '0': CMAKE_PREFIX_PATH=${CMAKE_PREFIX_PATH}:/home/lunabotics/TAMU_SEDS_Lunabotics/ros2_ws/install/drive:/home/lunabotics/TAMU_SEDS_Lunabotics/lunabotics_gnc2026/install/pathing:/home/lunabotics/TAMU_SEDS_Lunabotics/lunabotics_gnc2026/install/central_planner:/opt/ros/humble /home/lunabotics/.local/bin/cmake --install /home/lunabotics/TAMU_SEDS_Lunabotics/ros2_ws/build/astra_camera_msgs
