[1.302s] Invoking command in '/home/lunabotics/TAMU_SEDS_Lunabotics/ros2_ws/src/pico_motor_control': PYTHONPATH=/home/lunabotics/TAMU_SEDS_Lunabotics/ros2_ws/build/pico_motor_control/prefix_override:/usr/lib/python3/dist-packages/colcon_core/task/python/colcon_distutils_commands:/home/lunabotics/TAMU_SEDS_Lunabotics/ros2_ws/install/pico_motor_control/lib/python3.10/site-packages:${PYTHONPATH} /usr/bin/python3 -W ignore:setup.py install is deprecated -W ignore:easy_install command is deprecated setup.py egg_info --egg-base ../../build/pico_motor_control build --build-base /home/lunabotics/TAMU_SEDS_Lunabotics/ros2_ws/build/pico_motor_control/build install --record /home/lunabotics/TAMU_SEDS_Lunabotics/ros2_ws/build/pico_motor_control/install.log --single-version-externally-managed install_data
[1.782s] running egg_info
[1.783s] writing ../../build/pico_motor_control/pico_motor_control.egg-info/PKG-INFO
[1.784s] writing dependency_links to ../../build/pico_motor_control/pico_motor_control.egg-info/dependency_links.txt
[1.784s] writing entry points to ../../build/pico_motor_control/pico_motor_control.egg-info/entry_points.txt
[1.784s] writing requirements to ../../build/pico_motor_control/pico_motor_control.egg-info/requires.txt
[1.784s] writing top-level names to ../../build/pico_motor_control/pico_motor_control.egg-info/top_level.txt
[1.788s] reading manifest file '../../build/pico_motor_control/pico_motor_control.egg-info/SOURCES.txt'
[1.790s] writing manifest file '../../build/pico_motor_control/pico_motor_control.egg-info/SOURCES.txt'
[1.790s] running build
[1.790s] running build_py
[1.791s] copying pico_motor_control/motor_controller.py -> /home/lunabotics/TAMU_SEDS_Lunabotics/ros2_ws/build/pico_motor_control/build/lib/pico_motor_control
[1.791s] running install
[1.792s] running install_lib
[1.793s] copying /home/lunabotics/TAMU_SEDS_Lunabotics/ros2_ws/build/pico_motor_control/build/lib/pico_motor_control/motor_controller.py -> /home/lunabotics/TAMU_SEDS_Lunabotics/ros2_ws/install/pico_motor_control/lib/python3.10/site-packages/pico_motor_control
[1.794s] byte-compiling /home/lunabotics/TAMU_SEDS_Lunabotics/ros2_ws/install/pico_motor_control/lib/python3.10/site-packages/pico_motor_control/motor_controller.py to motor_controller.cpython-310.pyc
[1.796s] running install_data
[1.797s] running install_egg_info
[1.800s] removing '/home/lunabotics/TAMU_SEDS_Lunabotics/ros2_ws/install/pico_motor_control/lib/python3.10/site-packages/pico_motor_control-0.0.0-py3.10.egg-info' (and everything under it)
[1.801s] Copying ../../build/pico_motor_control/pico_motor_control.egg-info to /home/lunabotics/TAMU_SEDS_Lunabotics/ros2_ws/install/pico_motor_control/lib/python3.10/site-packages/pico_motor_control-0.0.0-py3.10.egg-info
[1.803s] running install_scripts
[1.844s] Installing motor_controller script to /home/lunabotics/TAMU_SEDS_Lunabotics/ros2_ws/install/pico_motor_control/lib/pico_motor_control
[1.845s] writing list of installed files to '/home/lunabotics/TAMU_SEDS_Lunabotics/ros2_ws/build/pico_motor_control/install.log'
[1.909s] Invoked command in '/home/lunabotics/TAMU_SEDS_Lunabotics/ros2_ws/src/pico_motor_control' returned '0': PYTHONPATH=/home/lunabotics/TAMU_SEDS_Lunabotics/ros2_ws/build/pico_motor_control/prefix_override:/usr/lib/python3/dist-packages/colcon_core/task/python/colcon_distutils_commands:/home/lunabotics/TAMU_SEDS_Lunabotics/ros2_ws/install/pico_motor_control/lib/python3.10/site-packages:${PYTHONPATH} /usr/bin/python3 -W ignore:setup.py install is deprecated -W ignore:easy_install command is deprecated setup.py egg_info --egg-base ../../build/pico_motor_control build --build-base /home/lunabotics/TAMU_SEDS_Lunabotics/ros2_ws/build/pico_motor_control/build install --record /home/lunabotics/TAMU_SEDS_Lunabotics/ros2_ws/build/pico_motor_control/install.log --single-version-externally-managed install_data
