running egg_info
writing ../../build/drive/drive.egg-info/PKG-INFO
writing dependency_links to ../../build/drive/drive.egg-info/dependency_links.txt
writing entry points to ../../build/drive/drive.egg-info/entry_points.txt
writing requirements to ../../build/drive/drive.egg-info/requires.txt
writing top-level names to ../../build/drive/drive.egg-info/top_level.txt
reading manifest file '../../build/drive/drive.egg-info/SOURCES.txt'
writing manifest file '../../build/drive/drive.egg-info/SOURCES.txt'
running build
running build_py
copying drive/pico_drive_encoders.py -> /home/lunabotics/TAMU_SEDS_Lunabotics/ros2_ws/build/drive/build/lib/drive
running install
running install_lib
copying /home/lunabotics/TAMU_SEDS_Lunabotics/ros2_ws/build/drive/build/lib/drive/pico_drive_encoders.py -> /home/lunabotics/TAMU_SEDS_Lunabotics/ros2_ws/install/drive/lib/python3.10/site-packages/drive
byte-compiling /home/lunabotics/TAMU_SEDS_Lunabotics/ros2_ws/install/drive/lib/python3.10/site-packages/drive/pico_drive_encoders.py to pico_drive_encoders.cpython-310.pyc
running install_data
running install_egg_info
removing '/home/lunabotics/TAMU_SEDS_Lunabotics/ros2_ws/install/drive/lib/python3.10/site-packages/drive-0.0.0-py3.10.egg-info' (and everything under it)
Copying ../../build/drive/drive.egg-info to /home/lunabotics/TAMU_SEDS_Lunabotics/ros2_ws/install/drive/lib/python3.10/site-packages/drive-0.0.0-py3.10.egg-info
running install_scripts
Installing auto_drive script to /home/lunabotics/TAMU_SEDS_Lunabotics/ros2_ws/install/drive/lib/drive
Installing auto_pub_test script to /home/lunabotics/TAMU_SEDS_Lunabotics/ros2_ws/install/drive/lib/drive
Installing camera script to /home/lunabotics/TAMU_SEDS_Lunabotics/ros2_ws/install/drive/lib/drive
Installing pico_drive script to /home/lunabotics/TAMU_SEDS_Lunabotics/ros2_ws/install/drive/lib/drive
Installing pico_drive_encoders script to /home/lunabotics/TAMU_SEDS_Lunabotics/ros2_ws/install/drive/lib/drive
Installing tank_drive script to /home/lunabotics/TAMU_SEDS_Lunabotics/ros2_ws/install/drive/lib/drive
Installing tank_drive_uart script to /home/lunabotics/TAMU_SEDS_Lunabotics/ros2_ws/install/drive/lib/drive
writing list of installed files to '/home/lunabotics/TAMU_SEDS_Lunabotics/ros2_ws/build/drive/install.log'
