[0.045s] Invoking command in '/home/lunabotics/TAMU_SEDS_Lunabotics/ros2_ws/build/unitree_lidar_sdk': /home/lunabotics/.local/bin/cmake /home/lunabotics/TAMU_SEDS_Lunabotics/ros2_ws/src/unilidar_sdk2/unitree_lidar_sdk -DCMAKE_INSTALL_PREFIX=/home/lunabotics/TAMU_SEDS_Lunabotics/ros2_ws/install/unitree_lidar_sdk
[0.388s] -- The C compiler identification is GNU 11.4.0
[0.578s] -- The CXX compiler identification is GNU 11.4.0
[0.610s] -- Detecting C compiler ABI info
[0.790s] -- Detecting C compiler ABI info - done
[0.817s] -- Check for working C compiler: /usr/bin/cc - skipped
[0.820s] -- Detecting C compile features
[0.821s] -- Detecting C compile features - done
[0.831s] -- Detecting CXX compiler ABI info
[1.004s] -- Detecting CXX compiler ABI info - done
[1.024s] -- Check for working CXX compiler: /usr/bin/c++ - skipped
[1.025s] -- Detecting CXX compile features
[1.027s] -- Detecting CXX compile features - done
[1.030s] -- Configuring done
[1.048s] -- Generating done
[1.053s] -- Build files have been written to: /home/lunabotics/TAMU_SEDS_Lunabotics/ros2_ws/build/unitree_lidar_sdk
[1.072s] Invoked command in '/home/lunabotics/TAMU_SEDS_Lunabotics/ros2_ws/build/unitree_lidar_sdk' returned '0': /home/lunabotics/.local/bin/cmake /home/lunabotics/TAMU_SEDS_Lunabotics/ros2_ws/src/unilidar_sdk2/unitree_lidar_sdk -DCMAKE_INSTALL_PREFIX=/home/lunabotics/TAMU_SEDS_Lunabotics/ros2_ws/install/unitree_lidar_sdk
[1.074s] Invoking command in '/home/lunabotics/TAMU_SEDS_Lunabotics/ros2_ws/build/unitree_lidar_sdk': /home/lunabotics/.local/bin/cmake --build /home/lunabotics/TAMU_SEDS_Lunabotics/ros2_ws/build/unitree_lidar_sdk -- -j6 -l6
[1.251s] [ 10%] [32mBuilding CXX object CMakeFiles/example_lidar_serial.dir/examples/example_lidar_serial.cpp.o[0m
[1.259s] [ 20%] [32mBuilding CXX object CMakeFiles/example_lidar_udp.dir/examples/example_lidar_udp.cpp.o[0m
[1.267s] [ 30%] [32mBuilding CXX object CMakeFiles/set_ip_address.dir/examples/set_ip_address.cpp.o[0m
[1.267s] [ 40%] [32mBuilding CXX object CMakeFiles/set_to_serial_mode.dir/examples/set_to_serial_mode.cpp.o[0m
[1.269s] [ 50%] [32mBuilding CXX object CMakeFiles/set_to_udp_mode.dir/examples/set_to_udp_mode.cpp.o[0m
[3.421s] [ 60%] [32m[1mLinking CXX executable /home/lunabotics/TAMU_SEDS_Lunabotics/ros2_ws/src/unilidar_sdk2/unitree_lidar_sdk/bin/set_to_udp_mode[0m
[3.469s] [ 70%] [32m[1mLinking CXX executable /home/lunabotics/TAMU_SEDS_Lunabotics/ros2_ws/src/unilidar_sdk2/unitree_lidar_sdk/bin/example_lidar_udp[0m
[3.635s] [ 80%] [32m[1mLinking CXX executable /home/lunabotics/TAMU_SEDS_Lunabotics/ros2_ws/src/unilidar_sdk2/unitree_lidar_sdk/bin/set_to_serial_mode[0m
[3.750s] [ 80%] Built target set_to_udp_mode
[3.841s] [ 80%] Built target example_lidar_udp
[3.847s] [ 90%] [32m[1mLinking CXX executable /home/lunabotics/TAMU_SEDS_Lunabotics/ros2_ws/src/unilidar_sdk2/unitree_lidar_sdk/bin/example_lidar_serial[0m
[3.901s] [100%] [32m[1mLinking CXX executable /home/lunabotics/TAMU_SEDS_Lunabotics/ros2_ws/src/unilidar_sdk2/unitree_lidar_sdk/bin/set_ip_address[0m
[3.939s] [100%] Built target set_to_serial_mode
[4.033s] [100%] Built target example_lidar_serial
[4.082s] [100%] Built target set_ip_address
[4.111s] Invoked command in '/home/lunabotics/TAMU_SEDS_Lunabotics/ros2_ws/build/unitree_lidar_sdk' returned '0': /home/lunabotics/.local/bin/cmake --build /home/lunabotics/TAMU_SEDS_Lunabotics/ros2_ws/build/unitree_lidar_sdk -- -j6 -l6
