-- Found ament_cmake: 1.3.14 (/opt/ros/humble/share/ament_cmake/cmake)
-- Found rclcpp: 16.0.19 (/opt/ros/humble/share/rclcpp/cmake)
-- Found rosidl_generator_c: 3.1.8 (/opt/ros/humble/share/rosidl_generator_c/cmake)
-- Found rosidl_adapter: 3.1.8 (/opt/ros/humble/share/rosidl_adapter/cmake)
-- Found rosidl_generator_cpp: 3.1.8 (/opt/ros/humble/share/rosidl_generator_cpp/cmake)
-- Using all available rosidl_typesupport_c: rosidl_typesupport_fastrtps_c;rosidl_typesupport_introspection_c
-- Using all available rosidl_typesupport_cpp: rosidl_typesupport_fastrtps_cpp;rosidl_typesupport_introspection_cpp
-- Found rmw_implementation_cmake: 6.1.2 (/opt/ros/humble/share/rmw_implementation_cmake/cmake)
-- Found rmw_fastrtps_cpp: 6.2.10 (/opt/ros/humble/share/rmw_fastrtps_cpp/cmake)
-- Using RMW implementation 'rmw_fastrtps_cpp' as default
-- Found sensor_msgs: 4.9.1 (/opt/ros/humble/share/sensor_msgs/cmake)
-- Configuring done
-- Generating done
-- Build files have been written to: /home/lunabotics/TAMU_SEDS_Lunabotics/ros2_ws/build/sensors
[35m[1mConsolidate compiler generated dependencies of target imu_talker[0m
[35m[1mConsolidate compiler generated dependencies of target imu_raw[0m
[ 50%] Built target imu_talker
[ 75%] [32mBuilding CXX object CMakeFiles/imu_raw.dir/src/imu_raw_pub.cpp.o[0m
[100%] [32m[1mLinking CXX executable imu_raw[0m
[100%] Built target imu_raw
-- Install configuration: ""
-- Up-to-date: /home/lunabotics/TAMU_SEDS_Lunabotics/ros2_ws/install/sensors/lib/sensors/imu_talker
-- Installing: /home/lunabotics/TAMU_SEDS_Lunabotics/ros2_ws/install/sensors/lib/sensors/imu_raw
-- Set runtime path of "/home/lunabotics/TAMU_SEDS_Lunabotics/ros2_ws/install/sensors/lib/sensors/imu_raw" to ""
-- Up-to-date: /home/lunabotics/TAMU_SEDS_Lunabotics/ros2_ws/install/sensors/share/ament_index/resource_index/package_run_dependencies/sensors
-- Installing: /home/lunabotics/TAMU_SEDS_Lunabotics/ros2_ws/install/sensors/share/ament_index/resource_index/parent_prefix_path/sensors
-- Up-to-date: /home/lunabotics/TAMU_SEDS_Lunabotics/ros2_ws/install/sensors/share/sensors/environment/ament_prefix_path.sh
-- Installing: /home/lunabotics/TAMU_SEDS_Lunabotics/ros2_ws/install/sensors/share/sensors/environment/ament_prefix_path.dsv
-- Up-to-date: /home/lunabotics/TAMU_SEDS_Lunabotics/ros2_ws/install/sensors/share/sensors/environment/path.sh
-- Installing: /home/lunabotics/TAMU_SEDS_Lunabotics/ros2_ws/install/sensors/share/sensors/environment/path.dsv
-- Up-to-date: /home/lunabotics/TAMU_SEDS_Lunabotics/ros2_ws/install/sensors/share/sensors/local_setup.bash
-- Up-to-date: /home/lunabotics/TAMU_SEDS_Lunabotics/ros2_ws/install/sensors/share/sensors/local_setup.sh
-- Up-to-date: /home/lunabotics/TAMU_SEDS_Lunabotics/ros2_ws/install/sensors/share/sensors/local_setup.zsh
-- Installing: /home/lunabotics/TAMU_SEDS_Lunabotics/ros2_ws/install/sensors/share/sensors/local_setup.dsv
-- Installing: /home/lunabotics/TAMU_SEDS_Lunabotics/ros2_ws/install/sensors/share/sensors/package.dsv
-- Up-to-date: /home/lunabotics/TAMU_SEDS_Lunabotics/ros2_ws/install/sensors/share/ament_index/resource_index/packages/sensors
-- Up-to-date: /home/lunabotics/TAMU_SEDS_Lunabotics/ros2_ws/install/sensors/share/sensors/cmake/sensorsConfig.cmake
-- Up-to-date: /home/lunabotics/TAMU_SEDS_Lunabotics/ros2_ws/install/sensors/share/sensors/cmake/sensorsConfig-version.cmake
-- Up-to-date: /home/lunabotics/TAMU_SEDS_Lunabotics/ros2_ws/install/sensors/share/sensors/package.xml
