[0.059s] Invoking command in '/home/lunabotics/TAMU_SEDS_Lunabotics/ros2_ws/build/cpp_srvcli': CMAKE_PREFIX_PATH=/opt/ros/humble /home/lunabotics/.local/bin/cmake /home/lunabotics/TAMU_SEDS_Lunabotics/ros2_ws/src/cpp_srvcli -DCMAKE_INSTALL_PREFIX=/home/lunabotics/TAMU_SEDS_Lunabotics/ros2_ws/install/cpp_srvcli
[0.699s] -- The C compiler identification is GNU 11.4.0
[0.700s] -- The CXX compiler identification is GNU 11.4.0
[0.700s] -- Detecting C compiler ABI info
[0.700s] -- Detecting C compiler ABI info - done
[0.700s] -- Check for working C compiler: /usr/bin/cc - skipped
[0.700s] -- Detecting C compile features
[0.700s] -- Detecting C compile features - done
[0.701s] [0mCMake Deprecation Warning at CMakeLists.txt:1 (cmake_minimum_required):
[0.701s]   Compatibility with CMake < 3.10 will be removed from a future version of
[0.701s]   CMake.
[0.701s] 
[0.702s]   Update the VERSION argument <min> value.  Or, use the <min>...<max> syntax
[0.702s]   to tell CMake that the project requires at least <min> but has been updated
[0.702s]   to work with policies introduced by <max> or earlier.
[0.702s] 
[0.702s] [0m
[0.721s] -- Detecting CXX compiler ABI info
[0.956s] -- Detecting CXX compiler ABI info - done
[0.992s] -- Check for working CXX compiler: /usr/bin/c++ - skipped
[0.992s] -- Detecting CXX compile features
[0.994s] -- Detecting CXX compile features - done
[1.029s] -- Found ament_cmake: 1.3.14 (/opt/ros/humble/share/ament_cmake/cmake)
[1.459s] -- Found Python3: /usr/bin/python3 (found version "3.10.12") found components: Interpreter
[1.742s] -- Found rclcpp: 16.0.19 (/opt/ros/humble/share/rclcpp/cmake)
[1.858s] -- Found rosidl_generator_c: 3.1.8 (/opt/ros/humble/share/rosidl_generator_c/cmake)
[1.872s] -- Found rosidl_adapter: 3.1.8 (/opt/ros/humble/share/rosidl_adapter/cmake)
[1.899s] -- Found rosidl_generator_cpp: 3.1.8 (/opt/ros/humble/share/rosidl_generator_cpp/cmake)
[1.941s] -- Using all available rosidl_typesupport_c: rosidl_typesupport_fastrtps_c;rosidl_typesupport_introspection_c
[1.989s] -- Using all available rosidl_typesupport_cpp: rosidl_typesupport_fastrtps_cpp;rosidl_typesupport_introspection_cpp
[2.126s] -- Found rmw_implementation_cmake: 6.1.2 (/opt/ros/humble/share/rmw_implementation_cmake/cmake)
[2.134s] -- Found rmw_fastrtps_cpp: 6.2.10 (/opt/ros/humble/share/rmw_fastrtps_cpp/cmake)
[2.420s] -- Found OpenSSL: /usr/lib/aarch64-linux-gnu/libcrypto.so (found version "3.0.2")
[2.575s] -- Found FastRTPS: /opt/ros/humble/include
[2.692s] -- Using RMW implementation 'rmw_fastrtps_cpp' as default
[2.714s] -- Performing Test CMAKE_HAVE_LIBC_PTHREAD
[3.121s] -- Performing Test CMAKE_HAVE_LIBC_PTHREAD - Success
[3.123s] -- Found Threads: TRUE
[3.278s] -- Found example_interfaces: 0.9.3 (/opt/ros/humble/share/example_interfaces/cmake)
[3.567s] -- Configuring done (3.3s)
[3.608s] -- Generating done (0.0s)
[3.669s] -- Build files have been written to: /home/lunabotics/TAMU_SEDS_Lunabotics/ros2_ws/build/cpp_srvcli
[3.955s] Invoked command in '/home/lunabotics/TAMU_SEDS_Lunabotics/ros2_ws/build/cpp_srvcli' returned '0': CMAKE_PREFIX_PATH=/opt/ros/humble /home/lunabotics/.local/bin/cmake /home/lunabotics/TAMU_SEDS_Lunabotics/ros2_ws/src/cpp_srvcli -DCMAKE_INSTALL_PREFIX=/home/lunabotics/TAMU_SEDS_Lunabotics/ros2_ws/install/cpp_srvcli
[3.958s] Invoking command in '/home/lunabotics/TAMU_SEDS_Lunabotics/ros2_ws/build/cpp_srvcli': CMAKE_PREFIX_PATH=/opt/ros/humble /home/lunabotics/.local/bin/cmake --build /home/lunabotics/TAMU_SEDS_Lunabotics/ros2_ws/build/cpp_srvcli -- -j6 -l6
[4.261s] [ 25%] [32mBuilding CXX object CMakeFiles/client.dir/src/add_two_ints_client.cpp.o[0m
[4.271s] [ 50%] [32mBuilding CXX object CMakeFiles/server.dir/src/add_two_ints_server.cpp.o[0m
[12.581s] [ 75%] [1m[32mLinking CXX executable server[0m
[12.747s] [100%] [1m[32mLinking CXX executable client[0m
[12.930s] [100%] Built target server
[13.066s] [100%] Built target client
