[0.084s] Invoking command in '/home/lunabotics/TAMU_SEDS_Lunabotics/ros2_ws/build/cpp_srvcli': CMAKE_PREFIX_PATH=${CMAKE_PREFIX_PATH}:/home/lunabotics/TAMU_SEDS_Lunabotics/ros2_ws/install/drive:/home/lunabotics/TAMU_SEDS_Lunabotics/lunabotics_gnc2026/install/pathing:/home/lunabotics/TAMU_SEDS_Lunabotics/lunabotics_gnc2026/install/central_planner:/opt/ros/humble /home/lunabotics/.local/bin/cmake --build /home/lunabotics/TAMU_SEDS_Lunabotics/ros2_ws/build/cpp_srvcli -- -j6 -l6
[1.955s] [35m[1mConsolidate compiler generated dependencies of target client[0m
[1.955s] [35m[1mConsolidate compiler generated dependencies of target server[0m
[1.955s] [ 75%] Built target client
[1.956s] [100%] Built target server
[2.303s] Invoked command in '/home/lunabotics/TAMU_SEDS_Lunabotics/ros2_ws/build/cpp_srvcli' returned '0': CMAKE_PREFIX_PATH=${CMAKE_PREFIX_PATH}:/home/lunabotics/TAMU_SEDS_Lunabotics/ros2_ws/install/drive:/home/lunabotics/TAMU_SEDS_Lunabotics/lunabotics_gnc2026/install/pathing:/home/lunabotics/TAMU_SEDS_Lunabotics/lunabotics_gnc2026/install/central_planner:/opt/ros/humble /home/lunabotics/.local/bin/cmake --build /home/lunabotics/TAMU_SEDS_Lunabotics/ros2_ws/build/cpp_srvcli -- -j6 -l6
[2.319s] Invoking command in '/home/lunabotics/TAMU_SEDS_Lunabotics/ros2_ws/build/cpp_srvcli': CMAKE_PREFIX_PATH=${CMAKE_PREFIX_PATH}:/home/lunabotics/TAMU_SEDS_Lunabotics/ros2_ws/install/drive:/home/lunabotics/TAMU_SEDS_Lunabotics/lunabotics_gnc2026/install/pathing:/home/lunabotics/TAMU_SEDS_Lunabotics/lunabotics_gnc2026/install/central_planner:/opt/ros/humble /home/lunabotics/.local/bin/cmake --install /home/lunabotics/TAMU_SEDS_Lunabotics/ros2_ws/build/cpp_srvcli
[2.487s] -- Install configuration: ""
[2.488s] -- Installing: /home/lunabotics/TAMU_SEDS_Lunabotics/ros2_ws/install/cpp_srvcli/lib/cpp_srvcli/server
[2.501s] -- Set runtime path of "/home/lunabotics/TAMU_SEDS_Lunabotics/ros2_ws/install/cpp_srvcli/lib/cpp_srvcli/server" to ""
[2.501s] -- Installing: /home/lunabotics/TAMU_SEDS_Lunabotics/ros2_ws/install/cpp_srvcli/lib/cpp_srvcli/client
[2.512s] -- Set runtime path of "/home/lunabotics/TAMU_SEDS_Lunabotics/ros2_ws/install/cpp_srvcli/lib/cpp_srvcli/client" to ""
[2.513s] -- Installing: /home/lunabotics/TAMU_SEDS_Lunabotics/ros2_ws/install/cpp_srvcli/share/ament_index/resource_index/package_run_dependencies/cpp_srvcli
[2.515s] -- Installing: /home/lunabotics/TAMU_SEDS_Lunabotics/ros2_ws/install/cpp_srvcli/share/ament_index/resource_index/parent_prefix_path/cpp_srvcli
[2.515s] -- Installing: /home/lunabotics/TAMU_SEDS_Lunabotics/ros2_ws/install/cpp_srvcli/share/cpp_srvcli/environment/ament_prefix_path.sh
[2.515s] -- Installing: /home/lunabotics/TAMU_SEDS_Lunabotics/ros2_ws/install/cpp_srvcli/share/cpp_srvcli/environment/ament_prefix_path.dsv
[2.517s] -- Installing: /home/lunabotics/TAMU_SEDS_Lunabotics/ros2_ws/install/cpp_srvcli/share/cpp_srvcli/environment/path.sh
[2.517s] -- Installing: /home/lunabotics/TAMU_SEDS_Lunabotics/ros2_ws/install/cpp_srvcli/share/cpp_srvcli/environment/path.dsv
[2.518s] -- Installing: /home/lunabotics/TAMU_SEDS_Lunabotics/ros2_ws/install/cpp_srvcli/share/cpp_srvcli/local_setup.bash
[2.519s] -- Installing: /home/lunabotics/TAMU_SEDS_Lunabotics/ros2_ws/install/cpp_srvcli/share/cpp_srvcli/local_setup.sh
[2.520s] -- Installing: /home/lunabotics/TAMU_SEDS_Lunabotics/ros2_ws/install/cpp_srvcli/share/cpp_srvcli/local_setup.zsh
[2.521s] -- Installing: /home/lunabotics/TAMU_SEDS_Lunabotics/ros2_ws/install/cpp_srvcli/share/cpp_srvcli/local_setup.dsv
[2.522s] -- Installing: /home/lunabotics/TAMU_SEDS_Lunabotics/ros2_ws/install/cpp_srvcli/share/cpp_srvcli/package.dsv
[2.522s] -- Installing: /home/lunabotics/TAMU_SEDS_Lunabotics/ros2_ws/install/cpp_srvcli/share/ament_index/resource_index/packages/cpp_srvcli
[2.523s] -- Installing: /home/lunabotics/TAMU_SEDS_Lunabotics/ros2_ws/install/cpp_srvcli/share/cpp_srvcli/cmake/cpp_srvcliConfig.cmake
[2.523s] -- Installing: /home/lunabotics/TAMU_SEDS_Lunabotics/ros2_ws/install/cpp_srvcli/share/cpp_srvcli/cmake/cpp_srvcliConfig-version.cmake
[2.524s] -- Installing: /home/lunabotics/TAMU_SEDS_Lunabotics/ros2_ws/install/cpp_srvcli/share/cpp_srvcli/package.xml
[2.678s] Invoked command in '/home/lunabotics/TAMU_SEDS_Lunabotics/ros2_ws/build/cpp_srvcli' returned '0': CMAKE_PREFIX_PATH=${CMAKE_PREFIX_PATH}:/home/lunabotics/TAMU_SEDS_Lunabotics/ros2_ws/install/drive:/home/lunabotics/TAMU_SEDS_Lunabotics/lunabotics_gnc2026/install/pathing:/home/lunabotics/TAMU_SEDS_Lunabotics/lunabotics_gnc2026/install/central_planner:/opt/ros/humble /home/lunabotics/.local/bin/cmake --install /home/lunabotics/TAMU_SEDS_Lunabotics/ros2_ws/build/cpp_srvcli
